<?xml version="1.0" encoding="UTF-8"?>
<testsuite name="demo.CitiesApplicationTests" tests="1" skipped="0" failures="0" errors="0" timestamp="2016-04-27T21:58:13" hostname="MacBook-Pro-3.local" time="0.121">
  <properties/>
  <testcase name="index" classname="demo.CitiesApplicationTests" time="0.121"/>
  <system-out><![CDATA[17:58:09.956 [Test worker] DEBUG o.s.t.c.j.SpringJUnit4ClassRunner - SpringJUnit4ClassRunner constructor called with [class demo.CitiesApplicationTests]
17:58:09.963 [Test worker] DEBUG o.s.test.context.BootstrapUtils - Instantiating CacheAwareContextLoaderDelegate from class [org.springframework.test.context.cache.DefaultCacheAwareContextLoaderDelegate]
17:58:09.967 [Test worker] DEBUG o.s.test.context.BootstrapUtils - Instantiating BootstrapContext using constructor [public org.springframework.test.context.support.DefaultBootstrapContext(java.lang.Class,org.springframework.test.context.CacheAwareContextLoaderDelegate)]
17:58:09.977 [Test worker] DEBUG o.s.test.context.BootstrapUtils - Instantiating TestContextBootstrapper for test class [demo.CitiesApplicationTests] from class [org.springframework.test.context.web.WebTestContextBootstrapper]
17:58:09.996 [Test worker] DEBUG o.s.t.c.w.WebTestContextBootstrapper - Found explicit ContextLoader class [org.springframework.boot.test.SpringApplicationContextLoader] for context configuration attributes [ContextConfigurationAttributes@2394afe9 declaringClass = 'demo.CitiesApplicationTests', classes = '{class demo.CitiesApplication}', locations = '{}', inheritLocations = true, initializers = '{}', inheritInitializers = true, name = [null], contextLoaderClass = 'org.springframework.boot.test.SpringApplicationContextLoader']
17:58:10.000 [Test worker] DEBUG o.s.t.c.support.ActiveProfilesUtils - Could not find an 'annotation declaring class' for annotation type [org.springframework.test.context.ActiveProfiles] and class [demo.CitiesApplicationTests]
17:58:10.003 [Test worker] DEBUG o.s.t.c.w.WebTestContextBootstrapper - @TestExecutionListeners is not present for class [demo.CitiesApplicationTests]: using defaults.
17:58:10.011 [Test worker] INFO  o.s.t.c.w.WebTestContextBootstrapper - Loaded default TestExecutionListener class names from location [META-INF/spring.factories]: [org.springframework.test.context.web.ServletTestExecutionListener, org.springframework.test.context.support.DirtiesContextBeforeModesTestExecutionListener, org.springframework.test.context.support.DependencyInjectionTestExecutionListener, org.springframework.test.context.support.DirtiesContextTestExecutionListener, org.springframework.test.context.transaction.TransactionalTestExecutionListener, org.springframework.test.context.jdbc.SqlScriptsTestExecutionListener]
17:58:10.028 [Test worker] INFO  o.s.t.c.w.WebTestContextBootstrapper - Using TestExecutionListeners: [org.springframework.test.context.web.ServletTestExecutionListener@64230ef3, org.springframework.test.context.support.DirtiesContextBeforeModesTestExecutionListener@2d8c847f, org.springframework.test.context.support.DependencyInjectionTestExecutionListener@34dd8f8, org.springframework.test.context.support.DirtiesContextTestExecutionListener@760e4f5e, org.springframework.test.context.transaction.TransactionalTestExecutionListener@aa693fa, org.springframework.test.context.jdbc.SqlScriptsTestExecutionListener@434041ad]
17:58:10.030 [Test worker] DEBUG o.s.t.annotation.ProfileValueUtils - Retrieved @ProfileValueSourceConfiguration [null] for test class [demo.CitiesApplicationTests]
17:58:10.030 [Test worker] DEBUG o.s.t.annotation.ProfileValueUtils - Retrieved ProfileValueSource type [class org.springframework.test.annotation.SystemProfileValueSource] for class [demo.CitiesApplicationTests]
17:58:10.032 [Test worker] DEBUG o.s.t.annotation.ProfileValueUtils - Retrieved @ProfileValueSourceConfiguration [null] for test class [demo.CitiesApplicationTests]
17:58:10.033 [Test worker] DEBUG o.s.t.annotation.ProfileValueUtils - Retrieved ProfileValueSource type [class org.springframework.test.annotation.SystemProfileValueSource] for class [demo.CitiesApplicationTests]
17:58:10.034 [Test worker] DEBUG o.s.t.annotation.ProfileValueUtils - Retrieved @ProfileValueSourceConfiguration [null] for test class [demo.CitiesApplicationTests]
17:58:10.034 [Test worker] DEBUG o.s.t.annotation.ProfileValueUtils - Retrieved ProfileValueSource type [class org.springframework.test.annotation.SystemProfileValueSource] for class [demo.CitiesApplicationTests]
17:58:10.035 [Test worker] DEBUG o.s.t.c.s.AbstractDirtiesContextTestExecutionListener - Before test class: context [DefaultTestContext@53424535 testClass = CitiesApplicationTests, testInstance = [null], testMethod = [null], testException = [null], mergedContextConfiguration = [WebMergedContextConfiguration@256cbab2 testClass = CitiesApplicationTests, locations = '{}', classes = '{class demo.CitiesApplication}', contextInitializerClasses = '[]', activeProfiles = '{}', propertySourceLocations = '{}', propertySourceProperties = '{}', resourceBasePath = 'src/main/webapp', contextLoader = 'org.springframework.boot.test.SpringApplicationContextLoader', parent = [null]]], class annotated with @DirtiesContext [false] with mode [null].
17:58:10.036 [Test worker] DEBUG o.s.t.annotation.ProfileValueUtils - Retrieved @ProfileValueSourceConfiguration [null] for test class [demo.CitiesApplicationTests]
17:58:10.036 [Test worker] DEBUG o.s.t.annotation.ProfileValueUtils - Retrieved ProfileValueSource type [class org.springframework.test.annotation.SystemProfileValueSource] for class [demo.CitiesApplicationTests]
17:58:10.109 [Test worker] DEBUG o.s.core.env.StandardEnvironment - Adding [systemProperties] PropertySource with lowest search precedence
17:58:10.110 [Test worker] DEBUG o.s.core.env.StandardEnvironment - Adding [systemEnvironment] PropertySource with lowest search precedence
17:58:10.111 [Test worker] DEBUG o.s.core.env.StandardEnvironment - Initialized StandardEnvironment with PropertySources [systemProperties,systemEnvironment]
17:58:10.112 [Test worker] DEBUG o.s.core.env.StandardEnvironment - Adding [integrationTest] PropertySource with search precedence immediately lower than [systemEnvironment]
2016-04-27 17:58:10.272 TRACE 37359 --- [    Test worker] o.s.c.e.PropertySourcesPropertyResolver  : getProperty("context.listener.classes", String)
2016-04-27 17:58:10.273 DEBUG 37359 --- [    Test worker] o.s.c.e.PropertySourcesPropertyResolver  : Searching for key 'context.listener.classes' in [systemProperties]
2016-04-27 17:58:10.273 DEBUG 37359 --- [    Test worker] o.s.c.e.PropertySourcesPropertyResolver  : Searching for key 'context.listener.classes' in [systemEnvironment]
2016-04-27 17:58:10.273 DEBUG 37359 --- [    Test worker] o.s.c.e.PropertySourcesPropertyResolver  : Searching for key 'context.listener.classes' in [random]
2016-04-27 17:58:10.273 DEBUG 37359 --- [    Test worker] o.s.c.e.PropertySourcesPropertyResolver  : Searching for key 'context.listener.classes' in [integrationTest]
2016-04-27 17:58:10.274 DEBUG 37359 --- [    Test worker] o.s.c.e.PropertySourcesPropertyResolver  : Searching for key 'context.listener.classes' in [applicationConfigurationProperties]
2016-04-27 17:58:10.274 DEBUG 37359 --- [    Test worker] o.s.c.e.PropertySourcesPropertyResolver  : Could not find key 'context.listener.classes' in any property source. Returning [null]
2016-04-27 17:58:10.274 TRACE 37359 --- [    Test worker] o.s.c.e.PropertySourcesPropertyResolver  : getProperty("banner.location", String)
2016-04-27 17:58:10.275 DEBUG 37359 --- [    Test worker] o.s.c.e.PropertySourcesPropertyResolver  : Searching for key 'banner.location' in [systemProperties]
2016-04-27 17:58:10.275 DEBUG 37359 --- [    Test worker] o.s.c.e.PropertySourcesPropertyResolver  : Searching for key 'banner.location' in [systemEnvironment]
2016-04-27 17:58:10.275 DEBUG 37359 --- [    Test worker] o.s.c.e.PropertySourcesPropertyResolver  : Searching for key 'banner.location' in [random]
2016-04-27 17:58:10.275 DEBUG 37359 --- [    Test worker] o.s.c.e.PropertySourcesPropertyResolver  : Searching for key 'banner.location' in [integrationTest]
2016-04-27 17:58:10.275 DEBUG 37359 --- [    Test worker] o.s.c.e.PropertySourcesPropertyResolver  : Searching for key 'banner.location' in [applicationConfigurationProperties]
2016-04-27 17:58:10.275 DEBUG 37359 --- [    Test worker] o.s.c.e.PropertySourcesPropertyResolver  : Could not find key 'banner.location' in any property source. Returning [null]

  .   ____          _            __ _ _
 /\\ / ___'_ __ _ _(_)_ __  __ _ \ \ \ \
( ( )\___ | '_ | '_| | '_ \/ _` | \ \ \ \
 \\/  ___)| |_)| | | | | || (_| |  ) ) ) )
  '  |____| .__|_| |_|_| |_\__, | / / / /
 =========|_|==============|___/=/_/_/_/
 :: Spring Boot ::             (v1.3.0.M5)

2016-04-27 17:58:10.294 TRACE 37359 --- [    Test worker] o.s.c.e.PropertySourcesPropertyResolver  : getProperty("context.initializer.classes", String)
2016-04-27 17:58:10.294 DEBUG 37359 --- [    Test worker] o.s.c.e.PropertySourcesPropertyResolver  : Searching for key 'context.initializer.classes' in [systemProperties]
2016-04-27 17:58:10.294 DEBUG 37359 --- [    Test worker] o.s.c.e.PropertySourcesPropertyResolver  : Searching for key 'context.initializer.classes' in [systemEnvironment]
2016-04-27 17:58:10.295 DEBUG 37359 --- [    Test worker] o.s.c.e.PropertySourcesPropertyResolver  : Searching for key 'context.initializer.classes' in [random]
2016-04-27 17:58:10.295 DEBUG 37359 --- [    Test worker] o.s.c.e.PropertySourcesPropertyResolver  : Searching for key 'context.initializer.classes' in [integrationTest]
2016-04-27 17:58:10.295 DEBUG 37359 --- [    Test worker] o.s.c.e.PropertySourcesPropertyResolver  : Searching for key 'context.initializer.classes' in [applicationConfigurationProperties]
2016-04-27 17:58:10.295 DEBUG 37359 --- [    Test worker] o.s.c.e.PropertySourcesPropertyResolver  : Could not find key 'context.initializer.classes' in any property source. Returning [null]
2016-04-27 17:58:10.296 TRACE 37359 --- [    Test worker] o.s.c.e.PropertySourcesPropertyResolver  : getProperty("spring.config.name:application", String)
2016-04-27 17:58:10.296 DEBUG 37359 --- [    Test worker] o.s.c.e.PropertySourcesPropertyResolver  : Searching for key 'spring.config.name:application' in [systemProperties]
2016-04-27 17:58:10.296 DEBUG 37359 --- [    Test worker] o.s.c.e.PropertySourcesPropertyResolver  : Searching for key 'spring.config.name:application' in [systemEnvironment]
2016-04-27 17:58:10.296 DEBUG 37359 --- [    Test worker] o.s.c.e.PropertySourcesPropertyResolver  : Searching for key 'spring.config.name:application' in [random]
2016-04-27 17:58:10.296 DEBUG 37359 --- [    Test worker] o.s.c.e.PropertySourcesPropertyResolver  : Searching for key 'spring.config.name:application' in [integrationTest]
2016-04-27 17:58:10.296 DEBUG 37359 --- [    Test worker] o.s.c.e.PropertySourcesPropertyResolver  : Searching for key 'spring.config.name:application' in [applicationConfigurationProperties]
2016-04-27 17:58:10.297 DEBUG 37359 --- [    Test worker] o.s.c.e.PropertySourcesPropertyResolver  : Could not find key 'spring.config.name:application' in any property source. Returning [null]
2016-04-27 17:58:10.297 TRACE 37359 --- [    Test worker] o.s.c.e.PropertySourcesPropertyResolver  : getProperty("spring.config.name", String)
2016-04-27 17:58:10.297 DEBUG 37359 --- [    Test worker] o.s.c.e.PropertySourcesPropertyResolver  : Searching for key 'spring.config.name' in [systemProperties]
2016-04-27 17:58:10.297 DEBUG 37359 --- [    Test worker] o.s.c.e.PropertySourcesPropertyResolver  : Searching for key 'spring.config.name' in [systemEnvironment]
2016-04-27 17:58:10.297 DEBUG 37359 --- [    Test worker] o.s.c.e.PropertySourcesPropertyResolver  : Searching for key 'spring.config.name' in [random]
2016-04-27 17:58:10.297 DEBUG 37359 --- [    Test worker] o.s.c.e.PropertySourcesPropertyResolver  : Searching for key 'spring.config.name' in [integrationTest]
2016-04-27 17:58:10.298 DEBUG 37359 --- [    Test worker] o.s.c.e.PropertySourcesPropertyResolver  : Searching for key 'spring.config.name' in [applicationConfigurationProperties]
2016-04-27 17:58:10.298 DEBUG 37359 --- [    Test worker] o.s.c.e.PropertySourcesPropertyResolver  : Could not find key 'spring.config.name' in any property source. Returning [null]
2016-04-27 17:58:10.298 TRACE 37359 --- [    Test worker] o.s.util.PropertyPlaceholderHelper       : Resolved placeholder 'spring.config.name:application'
2016-04-27 17:58:10.298 TRACE 37359 --- [    Test worker] o.s.c.e.PropertySourcesPropertyResolver  : getProperty("spring.application.name:application", String)
2016-04-27 17:58:10.298 DEBUG 37359 --- [    Test worker] o.s.c.e.PropertySourcesPropertyResolver  : Searching for key 'spring.application.name:application' in [systemProperties]
2016-04-27 17:58:10.298 DEBUG 37359 --- [    Test worker] o.s.c.e.PropertySourcesPropertyResolver  : Searching for key 'spring.application.name:application' in [systemEnvironment]
2016-04-27 17:58:10.299 DEBUG 37359 --- [    Test worker] o.s.c.e.PropertySourcesPropertyResolver  : Searching for key 'spring.application.name:application' in [random]
2016-04-27 17:58:10.299 DEBUG 37359 --- [    Test worker] o.s.c.e.PropertySourcesPropertyResolver  : Searching for key 'spring.application.name:application' in [integrationTest]
2016-04-27 17:58:10.299 DEBUG 37359 --- [    Test worker] o.s.c.e.PropertySourcesPropertyResolver  : Searching for key 'spring.application.name:application' in [applicationConfigurationProperties]
2016-04-27 17:58:10.299 DEBUG 37359 --- [    Test worker] o.s.c.e.PropertySourcesPropertyResolver  : Could not find key 'spring.application.name:application' in any property source. Returning [null]
2016-04-27 17:58:10.299 TRACE 37359 --- [    Test worker] o.s.c.e.PropertySourcesPropertyResolver  : getProperty("spring.application.name", String)
2016-04-27 17:58:10.299 DEBUG 37359 --- [    Test worker] o.s.c.e.PropertySourcesPropertyResolver  : Searching for key 'spring.application.name' in [systemProperties]
2016-04-27 17:58:10.300 DEBUG 37359 --- [    Test worker] o.s.c.e.PropertySourcesPropertyResolver  : Searching for key 'spring.application.name' in [systemEnvironment]
2016-04-27 17:58:10.300 DEBUG 37359 --- [    Test worker] o.s.c.e.PropertySourcesPropertyResolver  : Searching for key 'spring.application.name' in [random]
2016-04-27 17:58:10.300 DEBUG 37359 --- [    Test worker] o.s.c.e.PropertySourcesPropertyResolver  : Searching for key 'spring.application.name' in [integrationTest]
2016-04-27 17:58:10.300 DEBUG 37359 --- [    Test worker] o.s.c.e.PropertySourcesPropertyResolver  : Searching for key 'spring.application.name' in [applicationConfigurationProperties]
2016-04-27 17:58:10.300 DEBUG 37359 --- [    Test worker] o.s.c.e.PropertySourcesPropertyResolver  : Could not find key 'spring.application.name' in any property source. Returning [null]
2016-04-27 17:58:10.300 TRACE 37359 --- [    Test worker] o.s.util.PropertyPlaceholderHelper       : Resolved placeholder 'spring.application.name:application'
2016-04-27 17:58:10.300 TRACE 37359 --- [    Test worker] o.s.c.e.PropertySourcesPropertyResolver  : getProperty("vcap.application.name:application", String)
2016-04-27 17:58:10.301 DEBUG 37359 --- [    Test worker] o.s.c.e.PropertySourcesPropertyResolver  : Searching for key 'vcap.application.name:application' in [systemProperties]
2016-04-27 17:58:10.301 DEBUG 37359 --- [    Test worker] o.s.c.e.PropertySourcesPropertyResolver  : Searching for key 'vcap.application.name:application' in [systemEnvironment]
2016-04-27 17:58:10.301 DEBUG 37359 --- [    Test worker] o.s.c.e.PropertySourcesPropertyResolver  : Searching for key 'vcap.application.name:application' in [random]
2016-04-27 17:58:10.301 DEBUG 37359 --- [    Test worker] o.s.c.e.PropertySourcesPropertyResolver  : Searching for key 'vcap.application.name:application' in [integrationTest]
2016-04-27 17:58:10.301 DEBUG 37359 --- [    Test worker] o.s.c.e.PropertySourcesPropertyResolver  : Searching for key 'vcap.application.name:application' in [applicationConfigurationProperties]
2016-04-27 17:58:10.301 DEBUG 37359 --- [    Test worker] o.s.c.e.PropertySourcesPropertyResolver  : Could not find key 'vcap.application.name:application' in any property source. Returning [null]
2016-04-27 17:58:10.302 TRACE 37359 --- [    Test worker] o.s.c.e.PropertySourcesPropertyResolver  : getProperty("vcap.application.name", String)
2016-04-27 17:58:10.302 DEBUG 37359 --- [    Test worker] o.s.c.e.PropertySourcesPropertyResolver  : Searching for key 'vcap.application.name' in [systemProperties]
2016-04-27 17:58:10.302 DEBUG 37359 --- [    Test worker] o.s.c.e.PropertySourcesPropertyResolver  : Searching for key 'vcap.application.name' in [systemEnvironment]
2016-04-27 17:58:10.302 DEBUG 37359 --- [    Test worker] o.s.c.e.PropertySourcesPropertyResolver  : Searching for key 'vcap.application.name' in [random]
2016-04-27 17:58:10.302 DEBUG 37359 --- [    Test worker] o.s.c.e.PropertySourcesPropertyResolver  : Searching for key 'vcap.application.name' in [integrationTest]
2016-04-27 17:58:10.302 DEBUG 37359 --- [    Test worker] o.s.c.e.PropertySourcesPropertyResolver  : Searching for key 'vcap.application.name' in [applicationConfigurationProperties]
2016-04-27 17:58:10.303 DEBUG 37359 --- [    Test worker] o.s.c.e.PropertySourcesPropertyResolver  : Could not find key 'vcap.application.name' in any property source. Returning [null]
2016-04-27 17:58:10.303 TRACE 37359 --- [    Test worker] o.s.util.PropertyPlaceholderHelper       : Resolved placeholder 'vcap.application.name:application'
2016-04-27 17:58:10.303 TRACE 37359 --- [    Test worker] o.s.c.e.PropertySourcesPropertyResolver  : getProperty("PORT:null", String)
2016-04-27 17:58:10.303 DEBUG 37359 --- [    Test worker] o.s.c.e.PropertySourcesPropertyResolver  : Searching for key 'PORT:null' in [systemProperties]
2016-04-27 17:58:10.303 DEBUG 37359 --- [    Test worker] o.s.c.e.PropertySourcesPropertyResolver  : Searching for key 'PORT:null' in [systemEnvironment]
2016-04-27 17:58:10.303 DEBUG 37359 --- [    Test worker] o.s.c.e.PropertySourcesPropertyResolver  : Searching for key 'PORT:null' in [random]
2016-04-27 17:58:10.304 DEBUG 37359 --- [    Test worker] o.s.c.e.PropertySourcesPropertyResolver  : Searching for key 'PORT:null' in [integrationTest]
2016-04-27 17:58:10.304 DEBUG 37359 --- [    Test worker] o.s.c.e.PropertySourcesPropertyResolver  : Searching for key 'PORT:null' in [applicationConfigurationProperties]
2016-04-27 17:58:10.304 DEBUG 37359 --- [    Test worker] o.s.c.e.PropertySourcesPropertyResolver  : Could not find key 'PORT:null' in any property source. Returning [null]
2016-04-27 17:58:10.305 TRACE 37359 --- [    Test worker] o.s.c.e.PropertySourcesPropertyResolver  : getProperty("PORT", String)
2016-04-27 17:58:10.305 DEBUG 37359 --- [    Test worker] o.s.c.e.PropertySourcesPropertyResolver  : Searching for key 'PORT' in [systemProperties]
2016-04-27 17:58:10.305 DEBUG 37359 --- [    Test worker] o.s.c.e.PropertySourcesPropertyResolver  : Searching for key 'PORT' in [systemEnvironment]
2016-04-27 17:58:10.305 DEBUG 37359 --- [    Test worker] o.s.c.e.PropertySourcesPropertyResolver  : Searching for key 'PORT' in [random]
2016-04-27 17:58:10.305 DEBUG 37359 --- [    Test worker] o.s.c.e.PropertySourcesPropertyResolver  : Searching for key 'PORT' in [integrationTest]
2016-04-27 17:58:10.305 DEBUG 37359 --- [    Test worker] o.s.c.e.PropertySourcesPropertyResolver  : Searching for key 'PORT' in [applicationConfigurationProperties]
2016-04-27 17:58:10.306 DEBUG 37359 --- [    Test worker] o.s.c.e.PropertySourcesPropertyResolver  : Could not find key 'PORT' in any property source. Returning [null]
2016-04-27 17:58:10.306 TRACE 37359 --- [    Test worker] o.s.util.PropertyPlaceholderHelper       : Resolved placeholder 'PORT:null'
2016-04-27 17:58:10.306 TRACE 37359 --- [    Test worker] o.s.c.e.PropertySourcesPropertyResolver  : getProperty("server.port:null", String)
2016-04-27 17:58:10.306 DEBUG 37359 --- [    Test worker] o.s.c.e.PropertySourcesPropertyResolver  : Searching for key 'server.port:null' in [systemProperties]
2016-04-27 17:58:10.306 DEBUG 37359 --- [    Test worker] o.s.c.e.PropertySourcesPropertyResolver  : Searching for key 'server.port:null' in [systemEnvironment]
2016-04-27 17:58:10.306 DEBUG 37359 --- [    Test worker] o.s.c.e.PropertySourcesPropertyResolver  : Searching for key 'server.port:null' in [random]
2016-04-27 17:58:10.306 DEBUG 37359 --- [    Test worker] o.s.c.e.PropertySourcesPropertyResolver  : Searching for key 'server.port:null' in [integrationTest]
2016-04-27 17:58:10.306 DEBUG 37359 --- [    Test worker] o.s.c.e.PropertySourcesPropertyResolver  : Searching for key 'server.port:null' in [applicationConfigurationProperties]
2016-04-27 17:58:10.306 DEBUG 37359 --- [    Test worker] o.s.c.e.PropertySourcesPropertyResolver  : Could not find key 'server.port:null' in any property source. Returning [null]
2016-04-27 17:58:10.307 TRACE 37359 --- [    Test worker] o.s.c.e.PropertySourcesPropertyResolver  : getProperty("server.port", String)
2016-04-27 17:58:10.307 DEBUG 37359 --- [    Test worker] o.s.c.e.PropertySourcesPropertyResolver  : Searching for key 'server.port' in [systemProperties]
2016-04-27 17:58:10.307 DEBUG 37359 --- [    Test worker] o.s.c.e.PropertySourcesPropertyResolver  : Searching for key 'server.port' in [systemEnvironment]
2016-04-27 17:58:10.307 DEBUG 37359 --- [    Test worker] o.s.c.e.PropertySourcesPropertyResolver  : Searching for key 'server.port' in [random]
2016-04-27 17:58:10.307 DEBUG 37359 --- [    Test worker] o.s.c.e.PropertySourcesPropertyResolver  : Searching for key 'server.port' in [integrationTest]
2016-04-27 17:58:10.307 DEBUG 37359 --- [    Test worker] o.s.c.e.PropertySourcesPropertyResolver  : Found key 'server.port' in [integrationTest] with type [String] and value '-1'
2016-04-27 17:58:10.309 TRACE 37359 --- [    Test worker] o.s.util.PropertyPlaceholderHelper       : Resolved placeholder 'server.port:null'
2016-04-27 17:58:10.309 TRACE 37359 --- [    Test worker] o.s.c.e.PropertySourcesPropertyResolver  : getProperty("spring.application.index:-1", String)
2016-04-27 17:58:10.309 DEBUG 37359 --- [    Test worker] o.s.c.e.PropertySourcesPropertyResolver  : Searching for key 'spring.application.index:-1' in [systemProperties]
2016-04-27 17:58:10.309 DEBUG 37359 --- [    Test worker] o.s.c.e.PropertySourcesPropertyResolver  : Searching for key 'spring.application.index:-1' in [systemEnvironment]
2016-04-27 17:58:10.309 DEBUG 37359 --- [    Test worker] o.s.c.e.PropertySourcesPropertyResolver  : Searching for key 'spring.application.index:-1' in [random]
2016-04-27 17:58:10.309 DEBUG 37359 --- [    Test worker] o.s.c.e.PropertySourcesPropertyResolver  : Searching for key 'spring.application.index:-1' in [integrationTest]
2016-04-27 17:58:10.310 DEBUG 37359 --- [    Test worker] o.s.c.e.PropertySourcesPropertyResolver  : Searching for key 'spring.application.index:-1' in [applicationConfigurationProperties]
2016-04-27 17:58:10.310 DEBUG 37359 --- [    Test worker] o.s.c.e.PropertySourcesPropertyResolver  : Could not find key 'spring.application.index:-1' in any property source. Returning [null]
2016-04-27 17:58:10.310 TRACE 37359 --- [    Test worker] o.s.c.e.PropertySourcesPropertyResolver  : getProperty("spring.application.index", String)
2016-04-27 17:58:10.310 DEBUG 37359 --- [    Test worker] o.s.c.e.PropertySourcesPropertyResolver  : Searching for key 'spring.application.index' in [systemProperties]
2016-04-27 17:58:10.310 DEBUG 37359 --- [    Test worker] o.s.c.e.PropertySourcesPropertyResolver  : Searching for key 'spring.application.index' in [systemEnvironment]
2016-04-27 17:58:10.310 DEBUG 37359 --- [    Test worker] o.s.c.e.PropertySourcesPropertyResolver  : Searching for key 'spring.application.index' in [random]
2016-04-27 17:58:10.311 DEBUG 37359 --- [    Test worker] o.s.c.e.PropertySourcesPropertyResolver  : Searching for key 'spring.application.index' in [integrationTest]
2016-04-27 17:58:10.311 DEBUG 37359 --- [    Test worker] o.s.c.e.PropertySourcesPropertyResolver  : Searching for key 'spring.application.index' in [applicationConfigurationProperties]
2016-04-27 17:58:10.311 DEBUG 37359 --- [    Test worker] o.s.c.e.PropertySourcesPropertyResolver  : Could not find key 'spring.application.index' in any property source. Returning [null]
2016-04-27 17:58:10.311 TRACE 37359 --- [    Test worker] o.s.util.PropertyPlaceholderHelper       : Resolved placeholder 'spring.application.index:-1'
2016-04-27 17:58:10.311 TRACE 37359 --- [    Test worker] o.s.c.e.PropertySourcesPropertyResolver  : getProperty("vcap.application.instance_index:-1", String)
2016-04-27 17:58:10.311 DEBUG 37359 --- [    Test worker] o.s.c.e.PropertySourcesPropertyResolver  : Searching for key 'vcap.application.instance_index:-1' in [systemProperties]
2016-04-27 17:58:10.311 DEBUG 37359 --- [    Test worker] o.s.c.e.PropertySourcesPropertyResolver  : Searching for key 'vcap.application.instance_index:-1' in [systemEnvironment]
2016-04-27 17:58:10.311 DEBUG 37359 --- [    Test worker] o.s.c.e.PropertySourcesPropertyResolver  : Searching for key 'vcap.application.instance_index:-1' in [random]
2016-04-27 17:58:10.312 DEBUG 37359 --- [    Test worker] o.s.c.e.PropertySourcesPropertyResolver  : Searching for key 'vcap.application.instance_index:-1' in [integrationTest]
2016-04-27 17:58:10.312 DEBUG 37359 --- [    Test worker] o.s.c.e.PropertySourcesPropertyResolver  : Searching for key 'vcap.application.instance_index:-1' in [applicationConfigurationProperties]
2016-04-27 17:58:10.312 DEBUG 37359 --- [    Test worker] o.s.c.e.PropertySourcesPropertyResolver  : Could not find key 'vcap.application.instance_index:-1' in any property source. Returning [null]
2016-04-27 17:58:10.312 TRACE 37359 --- [    Test worker] o.s.c.e.PropertySourcesPropertyResolver  : getProperty("vcap.application.instance_index", String)
2016-04-27 17:58:10.312 DEBUG 37359 --- [    Test worker] o.s.c.e.PropertySourcesPropertyResolver  : Searching for key 'vcap.application.instance_index' in [systemProperties]
2016-04-27 17:58:10.312 DEBUG 37359 --- [    Test worker] o.s.c.e.PropertySourcesPropertyResolver  : Searching for key 'vcap.application.instance_index' in [systemEnvironment]
2016-04-27 17:58:10.312 DEBUG 37359 --- [    Test worker] o.s.c.e.PropertySourcesPropertyResolver  : Searching for key 'vcap.application.instance_index' in [random]
2016-04-27 17:58:10.313 DEBUG 37359 --- [    Test worker] o.s.c.e.PropertySourcesPropertyResolver  : Searching for key 'vcap.application.instance_index' in [integrationTest]
2016-04-27 17:58:10.313 DEBUG 37359 --- [    Test worker] o.s.c.e.PropertySourcesPropertyResolver  : Searching for key 'vcap.application.instance_index' in [applicationConfigurationProperties]
2016-04-27 17:58:10.313 DEBUG 37359 --- [    Test worker] o.s.c.e.PropertySourcesPropertyResolver  : Could not find key 'vcap.application.instance_index' in any property source. Returning [null]
2016-04-27 17:58:10.313 TRACE 37359 --- [    Test worker] o.s.util.PropertyPlaceholderHelper       : Resolved placeholder 'vcap.application.instance_index:-1'
2016-04-27 17:58:10.313 TRACE 37359 --- [    Test worker] o.s.c.e.PropertySourcesPropertyResolver  : getProperty("spring.profiles.active", String)
2016-04-27 17:58:10.313 DEBUG 37359 --- [    Test worker] o.s.c.e.PropertySourcesPropertyResolver  : Searching for key 'spring.profiles.active' in [systemProperties]
2016-04-27 17:58:10.313 DEBUG 37359 --- [    Test worker] o.s.c.e.PropertySourcesPropertyResolver  : Searching for key 'spring.profiles.active' in [systemEnvironment]
2016-04-27 17:58:10.313 DEBUG 37359 --- [    Test worker] o.s.c.e.PropertySourcesPropertyResolver  : Searching for key 'spring.profiles.active' in [random]
2016-04-27 17:58:10.313 DEBUG 37359 --- [    Test worker] o.s.c.e.PropertySourcesPropertyResolver  : Searching for key 'spring.profiles.active' in [integrationTest]
2016-04-27 17:58:10.314 DEBUG 37359 --- [    Test worker] o.s.c.e.PropertySourcesPropertyResolver  : Searching for key 'spring.profiles.active' in [applicationConfigurationProperties]
2016-04-27 17:58:10.314 DEBUG 37359 --- [    Test worker] o.s.c.e.PropertySourcesPropertyResolver  : Could not find key 'spring.profiles.active' in any property source. Returning [null]
2016-04-27 17:58:10.319  INFO 37359 --- [    Test worker] demo.CitiesApplicationTests              : Starting CitiesApplicationTests on MacBook-Pro-3.local with PID 37359 (/Users/yjayaraman/projects/biogen-labs/spring-restdocs/final/cities/build/classes/test started by yjayaraman in /Users/yjayaraman/projects/biogen-labs/spring-restdocs/final/cities)
2016-04-27 17:58:10.320 DEBUG 37359 --- [    Test worker] o.s.boot.SpringApplication               : Loading source class demo.CitiesApplication
2016-04-27 17:58:10.340 DEBUG 37359 --- [    Test worker] o.s.c.a.ClassPathBeanDefinitionScanner   : JSR-250 'javax.annotation.ManagedBean' found and supported for component scanning
2016-04-27 17:58:10.363  INFO 37359 --- [    Test worker] o.s.w.c.s.GenericWebApplicationContext   : Refreshing org.springframework.web.context.support.GenericWebApplicationContext@5a677df7: startup date [Wed Apr 27 17:58:10 EDT 2016]; root of context hierarchy
2016-04-27 17:58:10.363 DEBUG 37359 --- [    Test worker] o.s.w.c.s.GenericWebApplicationContext   : Bean factory for org.springframework.web.context.support.GenericWebApplicationContext@5a677df7: org.springframework.beans.factory.support.DefaultListableBeanFactory@3872de98: defining beans [org.springframework.context.annotation.internalConfigurationAnnotationProcessor,org.springframework.context.annotation.internalAutowiredAnnotationProcessor,org.springframework.context.annotation.internalRequiredAnnotationProcessor,org.springframework.context.annotation.internalCommonAnnotationProcessor,org.springframework.context.annotation.internalPersistenceAnnotationProcessor,org.springframework.context.event.internalEventListenerProcessor,org.springframework.context.event.internalEventListenerFactory,citiesApplication]; root of factory hierarchy
2016-04-27 17:58:10.369 DEBUG 37359 --- [    Test worker] o.s.b.f.s.DefaultListableBeanFactory     : Registering scope 'request' with implementation [org.springframework.web.context.request.RequestScope@1c597a4]
2016-04-27 17:58:10.370 DEBUG 37359 --- [    Test worker] o.s.b.f.s.DefaultListableBeanFactory     : Registering scope 'session' with implementation [org.springframework.web.context.request.SessionScope@56ffd65c]
2016-04-27 17:58:10.370 DEBUG 37359 --- [    Test worker] o.s.b.f.s.DefaultListableBeanFactory     : Registering scope 'globalSession' with implementation [org.springframework.web.context.request.SessionScope@7b2a0390]
2016-04-27 17:58:10.370 DEBUG 37359 --- [    Test worker] o.s.b.f.s.DefaultListableBeanFactory     : Registering scope 'application' with implementation [org.springframework.web.context.support.ServletContextScope@4dbda53c]
2016-04-27 17:58:10.373 DEBUG 37359 --- [    Test worker] o.s.b.f.s.DefaultListableBeanFactory     : Creating shared instance of singleton bean 'org.springframework.context.annotation.internalConfigurationAnnotationProcessor'
2016-04-27 17:58:10.373 DEBUG 37359 --- [    Test worker] o.s.b.f.s.DefaultListableBeanFactory     : Creating instance of bean 'org.springframework.context.annotation.internalConfigurationAnnotationProcessor'
2016-04-27 17:58:10.376 DEBUG 37359 --- [    Test worker] o.s.b.f.s.DefaultListableBeanFactory     : Eagerly caching bean 'org.springframework.context.annotation.internalConfigurationAnnotationProcessor' to allow for resolving potential circular references
2016-04-27 17:58:10.377 DEBUG 37359 --- [    Test worker] o.s.b.f.s.DefaultListableBeanFactory     : Finished creating instance of bean 'org.springframework.context.annotation.internalConfigurationAnnotationProcessor'
2016-04-27 17:58:10.388 DEBUG 37359 --- [    Test worker] o.s.core.env.StandardEnvironment         : Adding [systemProperties] PropertySource with lowest search precedence
2016-04-27 17:58:10.388 DEBUG 37359 --- [    Test worker] o.s.core.env.StandardEnvironment         : Adding [systemEnvironment] PropertySource with lowest search precedence
2016-04-27 17:58:10.388 DEBUG 37359 --- [    Test worker] o.s.core.env.StandardEnvironment         : Initialized StandardEnvironment with PropertySources [systemProperties,systemEnvironment]
2016-04-27 17:58:10.388 DEBUG 37359 --- [    Test worker] o.s.c.a.ClassPathBeanDefinitionScanner   : JSR-250 'javax.annotation.ManagedBean' found and supported for component scanning
2016-04-27 17:58:10.390 DEBUG 37359 --- [    Test worker] .i.s.PathMatchingResourcePatternResolver : Looking for matching resources in directory tree [/Users/yjayaraman/projects/biogen-labs/spring-restdocs/final/cities/build/classes/test/demo]
2016-04-27 17:58:10.390 DEBUG 37359 --- [    Test worker] .i.s.PathMatchingResourcePatternResolver : Searching directory [/Users/yjayaraman/projects/biogen-labs/spring-restdocs/final/cities/build/classes/test/demo] for files matching pattern [/Users/yjayaraman/projects/biogen-labs/spring-restdocs/final/cities/build/classes/test/demo/**/*.class]
2016-04-27 17:58:10.392 DEBUG 37359 --- [    Test worker] .i.s.PathMatchingResourcePatternResolver : Looking for matching resources in directory tree [/Users/yjayaraman/projects/biogen-labs/spring-restdocs/final/cities/build/classes/main/demo]
2016-04-27 17:58:10.392 DEBUG 37359 --- [    Test worker] .i.s.PathMatchingResourcePatternResolver : Searching directory [/Users/yjayaraman/projects/biogen-labs/spring-restdocs/final/cities/build/classes/main/demo] for files matching pattern [/Users/yjayaraman/projects/biogen-labs/spring-restdocs/final/cities/build/classes/main/demo/**/*.class]
2016-04-27 17:58:10.392 DEBUG 37359 --- [    Test worker] .i.s.PathMatchingResourcePatternResolver : Searching directory [/Users/yjayaraman/projects/biogen-labs/spring-restdocs/final/cities/build/classes/main/demo/repositories] for files matching pattern [/Users/yjayaraman/projects/biogen-labs/spring-restdocs/final/cities/build/classes/main/demo/**/*.class]
2016-04-27 17:58:10.392 DEBUG 37359 --- [    Test worker] .i.s.PathMatchingResourcePatternResolver : Resolved location pattern [classpath*:demo/**/*.class] to resources [file [/Users/yjayaraman/projects/biogen-labs/spring-restdocs/final/cities/build/classes/test/demo/CitiesApplicationTests.class], file [/Users/yjayaraman/projects/biogen-labs/spring-restdocs/final/cities/build/classes/main/demo/CitiesApplication.class], file [/Users/yjayaraman/projects/biogen-labs/spring-restdocs/final/cities/build/classes/main/demo/City.class], file [/Users/yjayaraman/projects/biogen-labs/spring-restdocs/final/cities/build/classes/main/demo/repositories/CityRepository.class]]
2016-04-27 17:58:10.393 TRACE 37359 --- [    Test worker] o.s.c.a.ClassPathBeanDefinitionScanner   : Scanning file [/Users/yjayaraman/projects/biogen-labs/spring-restdocs/final/cities/build/classes/test/demo/CitiesApplicationTests.class]
2016-04-27 17:58:10.402 TRACE 37359 --- [    Test worker] o.s.c.a.ClassPathBeanDefinitionScanner   : Ignored because not matching any filter: file [/Users/yjayaraman/projects/biogen-labs/spring-restdocs/final/cities/build/classes/test/demo/CitiesApplicationTests.class]
2016-04-27 17:58:10.403 TRACE 37359 --- [    Test worker] o.s.c.a.ClassPathBeanDefinitionScanner   : Scanning file [/Users/yjayaraman/projects/biogen-labs/spring-restdocs/final/cities/build/classes/main/demo/CitiesApplication.class]
2016-04-27 17:58:10.405 TRACE 37359 --- [    Test worker] o.s.c.a.ClassPathBeanDefinitionScanner   : Ignored because not matching any filter: file [/Users/yjayaraman/projects/biogen-labs/spring-restdocs/final/cities/build/classes/main/demo/CitiesApplication.class]
2016-04-27 17:58:10.405 TRACE 37359 --- [    Test worker] o.s.c.a.ClassPathBeanDefinitionScanner   : Scanning file [/Users/yjayaraman/projects/biogen-labs/spring-restdocs/final/cities/build/classes/main/demo/City.class]
2016-04-27 17:58:10.406 TRACE 37359 --- [    Test worker] o.s.c.a.ClassPathBeanDefinitionScanner   : Ignored because not matching any filter: file [/Users/yjayaraman/projects/biogen-labs/spring-restdocs/final/cities/build/classes/main/demo/City.class]
2016-04-27 17:58:10.406 TRACE 37359 --- [    Test worker] o.s.c.a.ClassPathBeanDefinitionScanner   : Scanning file [/Users/yjayaraman/projects/biogen-labs/spring-restdocs/final/cities/build/classes/main/demo/repositories/CityRepository.class]
2016-04-27 17:58:10.408 TRACE 37359 --- [    Test worker] o.s.c.a.ClassPathBeanDefinitionScanner   : Ignored because not matching any filter: file [/Users/yjayaraman/projects/biogen-labs/spring-restdocs/final/cities/build/classes/main/demo/repositories/CityRepository.class]
2016-04-27 17:58:10.453 DEBUG 37359 --- [    Test worker] c.t.c.AnnotationAttributesReadingVisitor : Failed to class-load type while reading annotation metadata. This is a non-fatal error, but certain annotation metadata may be unavailable.
java.lang.ClassNotFoundException: org.springframework.security.config.annotation.web.configuration.EnableWebSecurity
	at java.net.URLClassLoader.findClass(URLClassLoader.java:381) ~[na:1.8.0_45]
	at java.lang.ClassLoader.loadClass(ClassLoader.java:424) ~[na:1.8.0_45]
	at sun.misc.Launcher$AppClassLoader.loadClass(Launcher.java:331) ~[na:1.8.0_45]
	at java.lang.ClassLoader.loadClass(ClassLoader.java:357) ~[na:1.8.0_45]
	at org.springframework.core.type.classreading.RecursiveAnnotationAttributesVisitor.visitEnd(RecursiveAnnotationAttributesVisitor.java:47) ~[spring-core-4.2.1.RELEASE.jar:4.2.1.RELEASE]
	at org.springframework.asm.ClassReader.readAnnotationValues(ClassReader.java:1802) [spring-core-4.2.1.RELEASE.jar:4.2.1.RELEASE]
	at org.springframework.asm.ClassReader.accept(ClassReader.java:642) [spring-core-4.2.1.RELEASE.jar:4.2.1.RELEASE]
	at org.springframework.asm.ClassReader.accept(ClassReader.java:508) [spring-core-4.2.1.RELEASE.jar:4.2.1.RELEASE]
	at org.springframework.core.type.classreading.SimpleMetadataReader.<init>(SimpleMetadataReader.java:64) [spring-core-4.2.1.RELEASE.jar:4.2.1.RELEASE]
	at org.springframework.core.type.classreading.SimpleMetadataReaderFactory.getMetadataReader(SimpleMetadataReaderFactory.java:98) [spring-core-4.2.1.RELEASE.jar:4.2.1.RELEASE]
	at org.springframework.core.type.classreading.CachingMetadataReaderFactory.getMetadataReader(CachingMetadataReaderFactory.java:102) [spring-core-4.2.1.RELEASE.jar:4.2.1.RELEASE]
	at org.springframework.core.type.classreading.SimpleMetadataReaderFactory.getMetadataReader(SimpleMetadataReaderFactory.java:93) [spring-core-4.2.1.RELEASE.jar:4.2.1.RELEASE]
	at org.springframework.boot.autoconfigure.AutoConfigurationSorter$AutoConfigurationClasses.<init>(AutoConfigurationSorter.java:112) [spring-boot-autoconfigure-1.3.0.M5.jar:1.3.0.M5]
	at org.springframework.boot.autoconfigure.AutoConfigurationSorter.getInPriorityOrder(AutoConfigurationSorter.java:56) [spring-boot-autoconfigure-1.3.0.M5.jar:1.3.0.M5]
	at org.springframework.boot.autoconfigure.EnableAutoConfigurationImportSelector.sort(EnableAutoConfigurationImportSelector.java:161) [spring-boot-autoconfigure-1.3.0.M5.jar:1.3.0.M5]
	at org.springframework.boot.autoconfigure.EnableAutoConfigurationImportSelector.selectImports(EnableAutoConfigurationImportSelector.java:78) [spring-boot-autoconfigure-1.3.0.M5.jar:1.3.0.M5]
	at org.springframework.context.annotation.ConfigurationClassParser.processDeferredImportSelectors(ConfigurationClassParser.java:453) [spring-context-4.2.1.RELEASE.jar:4.2.1.RELEASE]
	at org.springframework.context.annotation.ConfigurationClassParser.parse(ConfigurationClassParser.java:185) [spring-context-4.2.1.RELEASE.jar:4.2.1.RELEASE]
	at org.springframework.context.annotation.ConfigurationClassPostProcessor.processConfigBeanDefinitions(ConfigurationClassPostProcessor.java:321) [spring-context-4.2.1.RELEASE.jar:4.2.1.RELEASE]
	at org.springframework.context.annotation.ConfigurationClassPostProcessor.postProcessBeanDefinitionRegistry(ConfigurationClassPostProcessor.java:243) [spring-context-4.2.1.RELEASE.jar:4.2.1.RELEASE]
	at org.springframework.context.support.PostProcessorRegistrationDelegate.invokeBeanDefinitionRegistryPostProcessors(PostProcessorRegistrationDelegate.java:273) [spring-context-4.2.1.RELEASE.jar:4.2.1.RELEASE]
	at org.springframework.context.support.PostProcessorRegistrationDelegate.invokeBeanFactoryPostProcessors(PostProcessorRegistrationDelegate.java:98) [spring-context-4.2.1.RELEASE.jar:4.2.1.RELEASE]
	at org.springframework.context.support.AbstractApplicationContext.invokeBeanFactoryPostProcessors(AbstractApplicationContext.java:673) [spring-context-4.2.1.RELEASE.jar:4.2.1.RELEASE]
	at org.springframework.context.support.AbstractApplicationContext.refresh(AbstractApplicationContext.java:519) [spring-context-4.2.1.RELEASE.jar:4.2.1.RELEASE]
	at org.springframework.boot.SpringApplication.refresh(SpringApplication.java:667) [spring-boot-1.3.0.M5.jar:1.3.0.M5]
	at org.springframework.boot.SpringApplication.doRun(SpringApplication.java:342) [spring-boot-1.3.0.M5.jar:1.3.0.M5]
	at org.springframework.boot.SpringApplication.run(SpringApplication.java:273) [spring-boot-1.3.0.M5.jar:1.3.0.M5]
	at org.springframework.boot.test.SpringApplicationContextLoader.loadContext(SpringApplicationContextLoader.java:103) [spring-boot-1.3.0.M5.jar:1.3.0.M5]
	at org.springframework.test.context.cache.DefaultCacheAwareContextLoaderDelegate.loadContextInternal(DefaultCacheAwareContextLoaderDelegate.java:98) [spring-test-4.2.1.RELEASE.jar:4.2.1.RELEASE]
	at org.springframework.test.context.cache.DefaultCacheAwareContextLoaderDelegate.loadContext(DefaultCacheAwareContextLoaderDelegate.java:116) [spring-test-4.2.1.RELEASE.jar:4.2.1.RELEASE]
	at org.springframework.test.context.support.DefaultTestContext.getApplicationContext(DefaultTestContext.java:83) [spring-test-4.2.1.RELEASE.jar:4.2.1.RELEASE]
	at org.springframework.test.context.web.ServletTestExecutionListener.setUpRequestContextIfNecessary(ServletTestExecutionListener.java:183) [spring-test-4.2.1.RELEASE.jar:4.2.1.RELEASE]
	at org.springframework.test.context.web.ServletTestExecutionListener.prepareTestInstance(ServletTestExecutionListener.java:123) [spring-test-4.2.1.RELEASE.jar:4.2.1.RELEASE]
	at org.springframework.test.context.TestContextManager.prepareTestInstance(TestContextManager.java:228) [spring-test-4.2.1.RELEASE.jar:4.2.1.RELEASE]
	at org.springframework.test.context.junit4.SpringJUnit4ClassRunner.createTest(SpringJUnit4ClassRunner.java:217) [spring-test-4.2.1.RELEASE.jar:4.2.1.RELEASE]
	at org.springframework.test.context.junit4.SpringJUnit4ClassRunner$1.runReflectiveCall(SpringJUnit4ClassRunner.java:276) [spring-test-4.2.1.RELEASE.jar:4.2.1.RELEASE]
	at org.junit.internal.runners.model.ReflectiveCallable.run(ReflectiveCallable.java:12) [junit-4.12.jar:4.12]
	at org.springframework.test.context.junit4.SpringJUnit4ClassRunner.methodBlock(SpringJUnit4ClassRunner.java:278) [spring-test-4.2.1.RELEASE.jar:4.2.1.RELEASE]
	at org.springframework.test.context.junit4.SpringJUnit4ClassRunner.runChild(SpringJUnit4ClassRunner.java:236) [spring-test-4.2.1.RELEASE.jar:4.2.1.RELEASE]
	at org.springframework.test.context.junit4.SpringJUnit4ClassRunner.runChild(SpringJUnit4ClassRunner.java:87) [spring-test-4.2.1.RELEASE.jar:4.2.1.RELEASE]
	at org.junit.runners.ParentRunner$3.run(ParentRunner.java:290) [junit-4.12.jar:4.12]
	at org.junit.runners.ParentRunner$1.schedule(ParentRunner.java:71) [junit-4.12.jar:4.12]
	at org.junit.runners.ParentRunner.runChildren(ParentRunner.java:288) [junit-4.12.jar:4.12]
	at org.junit.runners.ParentRunner.access$000(ParentRunner.java:58) [junit-4.12.jar:4.12]
	at org.junit.runners.ParentRunner$2.evaluate(ParentRunner.java:268) [junit-4.12.jar:4.12]
	at org.springframework.test.context.junit4.statements.RunBeforeTestClassCallbacks.evaluate(RunBeforeTestClassCallbacks.java:61) [spring-test-4.2.1.RELEASE.jar:4.2.1.RELEASE]
	at org.springframework.test.context.junit4.statements.RunAfterTestClassCallbacks.evaluate(RunAfterTestClassCallbacks.java:70) [spring-test-4.2.1.RELEASE.jar:4.2.1.RELEASE]
	at org.junit.runners.ParentRunner.run(ParentRunner.java:363) [junit-4.12.jar:4.12]
	at org.springframework.test.context.junit4.SpringJUnit4ClassRunner.run(SpringJUnit4ClassRunner.java:180) [spring-test-4.2.1.RELEASE.jar:4.2.1.RELEASE]
	at org.gradle.api.internal.tasks.testing.junit.JUnitTestClassExecuter.runTestClass(JUnitTestClassExecuter.java:86) [gradle-plugins-2.5.jar:2.5]
	at org.gradle.api.internal.tasks.testing.junit.JUnitTestClassExecuter.execute(JUnitTestClassExecuter.java:49) [gradle-plugins-2.5.jar:2.5]
	at org.gradle.api.internal.tasks.testing.junit.JUnitTestClassProcessor.processTestClass(JUnitTestClassProcessor.java:64) [gradle-plugins-2.5.jar:2.5]
	at org.gradle.api.internal.tasks.testing.SuiteTestClassProcessor.processTestClass(SuiteTestClassProcessor.java:50) [gradle-plugins-2.5.jar:2.5]
	at sun.reflect.NativeMethodAccessorImpl.invoke0(Native Method) ~[na:1.8.0_45]
	at sun.reflect.NativeMethodAccessorImpl.invoke(NativeMethodAccessorImpl.java:62) ~[na:1.8.0_45]
	at sun.reflect.DelegatingMethodAccessorImpl.invoke(DelegatingMethodAccessorImpl.java:43) ~[na:1.8.0_45]
	at java.lang.reflect.Method.invoke(Method.java:497) ~[na:1.8.0_45]
	at org.gradle.messaging.dispatch.ReflectionDispatch.dispatch(ReflectionDispatch.java:35) [gradle-messaging-2.5.jar:2.5]
	at org.gradle.messaging.dispatch.ReflectionDispatch.dispatch(ReflectionDispatch.java:24) [gradle-messaging-2.5.jar:2.5]
	at org.gradle.messaging.dispatch.ContextClassLoaderDispatch.dispatch(ContextClassLoaderDispatch.java:32) [gradle-messaging-2.5.jar:2.5]
	at org.gradle.messaging.dispatch.ProxyDispatchAdapter$DispatchingInvocationHandler.invoke(ProxyDispatchAdapter.java:93) [gradle-messaging-2.5.jar:2.5]
	at com.sun.proxy.$Proxy2.processTestClass(Unknown Source) [na:na]
	at org.gradle.api.internal.tasks.testing.worker.TestWorker.processTestClass(TestWorker.java:106) [gradle-plugins-2.5.jar:2.5]
	at sun.reflect.NativeMethodAccessorImpl.invoke0(Native Method) ~[na:1.8.0_45]
	at sun.reflect.NativeMethodAccessorImpl.invoke(NativeMethodAccessorImpl.java:62) ~[na:1.8.0_45]
	at sun.reflect.DelegatingMethodAccessorImpl.invoke(DelegatingMethodAccessorImpl.java:43) ~[na:1.8.0_45]
	at java.lang.reflect.Method.invoke(Method.java:497) ~[na:1.8.0_45]
	at org.gradle.messaging.dispatch.ReflectionDispatch.dispatch(ReflectionDispatch.java:35) [gradle-messaging-2.5.jar:2.5]
	at org.gradle.messaging.dispatch.ReflectionDispatch.dispatch(ReflectionDispatch.java:24) [gradle-messaging-2.5.jar:2.5]
	at org.gradle.messaging.remote.internal.hub.MessageHub$Handler.run(MessageHub.java:360) [gradle-messaging-2.5.jar:2.5]
	at org.gradle.internal.concurrent.ExecutorPolicy$CatchAndRecordFailures.onExecute(ExecutorPolicy.java:54) [gradle-base-services-2.5.jar:2.5]
	at org.gradle.internal.concurrent.StoppableExecutorImpl$1.run(StoppableExecutorImpl.java:40) [gradle-base-services-2.5.jar:2.5]
	at java.util.concurrent.ThreadPoolExecutor.runWorker(ThreadPoolExecutor.java:1142) [na:1.8.0_45]
	at java.util.concurrent.ThreadPoolExecutor$Worker.run(ThreadPoolExecutor.java:617) [na:1.8.0_45]
	at java.lang.Thread.run(Thread.java:745) [na:1.8.0_45]
2016-04-27 17:58:10.489 DEBUG 37359 --- [    Test worker] o.s.b.f.s.DefaultListableBeanFactory     : Returning cached instance of singleton bean 'autoConfigurationReport'
2016-04-27 17:58:10.515 DEBUG 37359 --- [    Test worker] c.t.c.AnnotationAttributesReadingVisitor : Failed to class-load type while reading annotation metadata. This is a non-fatal error, but certain annotation metadata may be unavailable.
java.lang.ClassNotFoundException: org.springframework.security.config.annotation.web.configuration.EnableWebSecurity
	at java.net.URLClassLoader.findClass(URLClassLoader.java:381) ~[na:1.8.0_45]
	at java.lang.ClassLoader.loadClass(ClassLoader.java:424) ~[na:1.8.0_45]
	at sun.misc.Launcher$AppClassLoader.loadClass(Launcher.java:331) ~[na:1.8.0_45]
	at java.lang.ClassLoader.loadClass(ClassLoader.java:357) ~[na:1.8.0_45]
	at org.springframework.core.type.classreading.RecursiveAnnotationAttributesVisitor.visitEnd(RecursiveAnnotationAttributesVisitor.java:47) ~[spring-core-4.2.1.RELEASE.jar:4.2.1.RELEASE]
	at org.springframework.asm.ClassReader.readAnnotationValues(ClassReader.java:1802) [spring-core-4.2.1.RELEASE.jar:4.2.1.RELEASE]
	at org.springframework.asm.ClassReader.accept(ClassReader.java:642) [spring-core-4.2.1.RELEASE.jar:4.2.1.RELEASE]
	at org.springframework.asm.ClassReader.accept(ClassReader.java:508) [spring-core-4.2.1.RELEASE.jar:4.2.1.RELEASE]
	at org.springframework.core.type.classreading.SimpleMetadataReader.<init>(SimpleMetadataReader.java:64) [spring-core-4.2.1.RELEASE.jar:4.2.1.RELEASE]
	at org.springframework.core.type.classreading.SimpleMetadataReaderFactory.getMetadataReader(SimpleMetadataReaderFactory.java:98) [spring-core-4.2.1.RELEASE.jar:4.2.1.RELEASE]
	at org.springframework.core.type.classreading.CachingMetadataReaderFactory.getMetadataReader(CachingMetadataReaderFactory.java:102) [spring-core-4.2.1.RELEASE.jar:4.2.1.RELEASE]
	at org.springframework.core.type.classreading.SimpleMetadataReaderFactory.getMetadataReader(SimpleMetadataReaderFactory.java:93) [spring-core-4.2.1.RELEASE.jar:4.2.1.RELEASE]
	at org.springframework.context.annotation.ConfigurationClassParser.asSourceClass(ConfigurationClassParser.java:620) [spring-context-4.2.1.RELEASE.jar:4.2.1.RELEASE]
	at org.springframework.context.annotation.ConfigurationClassParser.asSourceClasses(ConfigurationClassParser.java:602) [spring-context-4.2.1.RELEASE.jar:4.2.1.RELEASE]
	at org.springframework.context.annotation.ConfigurationClassParser.processDeferredImportSelectors(ConfigurationClassParser.java:454) [spring-context-4.2.1.RELEASE.jar:4.2.1.RELEASE]
	at org.springframework.context.annotation.ConfigurationClassParser.parse(ConfigurationClassParser.java:185) [spring-context-4.2.1.RELEASE.jar:4.2.1.RELEASE]
	at org.springframework.context.annotation.ConfigurationClassPostProcessor.processConfigBeanDefinitions(ConfigurationClassPostProcessor.java:321) [spring-context-4.2.1.RELEASE.jar:4.2.1.RELEASE]
	at org.springframework.context.annotation.ConfigurationClassPostProcessor.postProcessBeanDefinitionRegistry(ConfigurationClassPostProcessor.java:243) [spring-context-4.2.1.RELEASE.jar:4.2.1.RELEASE]
	at org.springframework.context.support.PostProcessorRegistrationDelegate.invokeBeanDefinitionRegistryPostProcessors(PostProcessorRegistrationDelegate.java:273) [spring-context-4.2.1.RELEASE.jar:4.2.1.RELEASE]
	at org.springframework.context.support.PostProcessorRegistrationDelegate.invokeBeanFactoryPostProcessors(PostProcessorRegistrationDelegate.java:98) [spring-context-4.2.1.RELEASE.jar:4.2.1.RELEASE]
	at org.springframework.context.support.AbstractApplicationContext.invokeBeanFactoryPostProcessors(AbstractApplicationContext.java:673) [spring-context-4.2.1.RELEASE.jar:4.2.1.RELEASE]
	at org.springframework.context.support.AbstractApplicationContext.refresh(AbstractApplicationContext.java:519) [spring-context-4.2.1.RELEASE.jar:4.2.1.RELEASE]
	at org.springframework.boot.SpringApplication.refresh(SpringApplication.java:667) [spring-boot-1.3.0.M5.jar:1.3.0.M5]
	at org.springframework.boot.SpringApplication.doRun(SpringApplication.java:342) [spring-boot-1.3.0.M5.jar:1.3.0.M5]
	at org.springframework.boot.SpringApplication.run(SpringApplication.java:273) [spring-boot-1.3.0.M5.jar:1.3.0.M5]
	at org.springframework.boot.test.SpringApplicationContextLoader.loadContext(SpringApplicationContextLoader.java:103) [spring-boot-1.3.0.M5.jar:1.3.0.M5]
	at org.springframework.test.context.cache.DefaultCacheAwareContextLoaderDelegate.loadContextInternal(DefaultCacheAwareContextLoaderDelegate.java:98) [spring-test-4.2.1.RELEASE.jar:4.2.1.RELEASE]
	at org.springframework.test.context.cache.DefaultCacheAwareContextLoaderDelegate.loadContext(DefaultCacheAwareContextLoaderDelegate.java:116) [spring-test-4.2.1.RELEASE.jar:4.2.1.RELEASE]
	at org.springframework.test.context.support.DefaultTestContext.getApplicationContext(DefaultTestContext.java:83) [spring-test-4.2.1.RELEASE.jar:4.2.1.RELEASE]
	at org.springframework.test.context.web.ServletTestExecutionListener.setUpRequestContextIfNecessary(ServletTestExecutionListener.java:183) [spring-test-4.2.1.RELEASE.jar:4.2.1.RELEASE]
	at org.springframework.test.context.web.ServletTestExecutionListener.prepareTestInstance(ServletTestExecutionListener.java:123) [spring-test-4.2.1.RELEASE.jar:4.2.1.RELEASE]
	at org.springframework.test.context.TestContextManager.prepareTestInstance(TestContextManager.java:228) [spring-test-4.2.1.RELEASE.jar:4.2.1.RELEASE]
	at org.springframework.test.context.junit4.SpringJUnit4ClassRunner.createTest(SpringJUnit4ClassRunner.java:217) [spring-test-4.2.1.RELEASE.jar:4.2.1.RELEASE]
	at org.springframework.test.context.junit4.SpringJUnit4ClassRunner$1.runReflectiveCall(SpringJUnit4ClassRunner.java:276) [spring-test-4.2.1.RELEASE.jar:4.2.1.RELEASE]
	at org.junit.internal.runners.model.ReflectiveCallable.run(ReflectiveCallable.java:12) [junit-4.12.jar:4.12]
	at org.springframework.test.context.junit4.SpringJUnit4ClassRunner.methodBlock(SpringJUnit4ClassRunner.java:278) [spring-test-4.2.1.RELEASE.jar:4.2.1.RELEASE]
	at org.springframework.test.context.junit4.SpringJUnit4ClassRunner.runChild(SpringJUnit4ClassRunner.java:236) [spring-test-4.2.1.RELEASE.jar:4.2.1.RELEASE]
	at org.springframework.test.context.junit4.SpringJUnit4ClassRunner.runChild(SpringJUnit4ClassRunner.java:87) [spring-test-4.2.1.RELEASE.jar:4.2.1.RELEASE]
	at org.junit.runners.ParentRunner$3.run(ParentRunner.java:290) [junit-4.12.jar:4.12]
	at org.junit.runners.ParentRunner$1.schedule(ParentRunner.java:71) [junit-4.12.jar:4.12]
	at org.junit.runners.ParentRunner.runChildren(ParentRunner.java:288) [junit-4.12.jar:4.12]
	at org.junit.runners.ParentRunner.access$000(ParentRunner.java:58) [junit-4.12.jar:4.12]
	at org.junit.runners.ParentRunner$2.evaluate(ParentRunner.java:268) [junit-4.12.jar:4.12]
	at org.springframework.test.context.junit4.statements.RunBeforeTestClassCallbacks.evaluate(RunBeforeTestClassCallbacks.java:61) [spring-test-4.2.1.RELEASE.jar:4.2.1.RELEASE]
	at org.springframework.test.context.junit4.statements.RunAfterTestClassCallbacks.evaluate(RunAfterTestClassCallbacks.java:70) [spring-test-4.2.1.RELEASE.jar:4.2.1.RELEASE]
	at org.junit.runners.ParentRunner.run(ParentRunner.java:363) [junit-4.12.jar:4.12]
	at org.springframework.test.context.junit4.SpringJUnit4ClassRunner.run(SpringJUnit4ClassRunner.java:180) [spring-test-4.2.1.RELEASE.jar:4.2.1.RELEASE]
	at org.gradle.api.internal.tasks.testing.junit.JUnitTestClassExecuter.runTestClass(JUnitTestClassExecuter.java:86) [gradle-plugins-2.5.jar:2.5]
	at org.gradle.api.internal.tasks.testing.junit.JUnitTestClassExecuter.execute(JUnitTestClassExecuter.java:49) [gradle-plugins-2.5.jar:2.5]
	at org.gradle.api.internal.tasks.testing.junit.JUnitTestClassProcessor.processTestClass(JUnitTestClassProcessor.java:64) [gradle-plugins-2.5.jar:2.5]
	at org.gradle.api.internal.tasks.testing.SuiteTestClassProcessor.processTestClass(SuiteTestClassProcessor.java:50) [gradle-plugins-2.5.jar:2.5]
	at sun.reflect.NativeMethodAccessorImpl.invoke0(Native Method) ~[na:1.8.0_45]
	at sun.reflect.NativeMethodAccessorImpl.invoke(NativeMethodAccessorImpl.java:62) ~[na:1.8.0_45]
	at sun.reflect.DelegatingMethodAccessorImpl.invoke(DelegatingMethodAccessorImpl.java:43) ~[na:1.8.0_45]
	at java.lang.reflect.Method.invoke(Method.java:497) ~[na:1.8.0_45]
	at org.gradle.messaging.dispatch.ReflectionDispatch.dispatch(ReflectionDispatch.java:35) [gradle-messaging-2.5.jar:2.5]
	at org.gradle.messaging.dispatch.ReflectionDispatch.dispatch(ReflectionDispatch.java:24) [gradle-messaging-2.5.jar:2.5]
	at org.gradle.messaging.dispatch.ContextClassLoaderDispatch.dispatch(ContextClassLoaderDispatch.java:32) [gradle-messaging-2.5.jar:2.5]
	at org.gradle.messaging.dispatch.ProxyDispatchAdapter$DispatchingInvocationHandler.invoke(ProxyDispatchAdapter.java:93) [gradle-messaging-2.5.jar:2.5]
	at com.sun.proxy.$Proxy2.processTestClass(Unknown Source) [na:na]
	at org.gradle.api.internal.tasks.testing.worker.TestWorker.processTestClass(TestWorker.java:106) [gradle-plugins-2.5.jar:2.5]
	at sun.reflect.NativeMethodAccessorImpl.invoke0(Native Method) ~[na:1.8.0_45]
	at sun.reflect.NativeMethodAccessorImpl.invoke(NativeMethodAccessorImpl.java:62) ~[na:1.8.0_45]
	at sun.reflect.DelegatingMethodAccessorImpl.invoke(DelegatingMethodAccessorImpl.java:43) ~[na:1.8.0_45]
	at java.lang.reflect.Method.invoke(Method.java:497) ~[na:1.8.0_45]
	at org.gradle.messaging.dispatch.ReflectionDispatch.dispatch(ReflectionDispatch.java:35) [gradle-messaging-2.5.jar:2.5]
	at org.gradle.messaging.dispatch.ReflectionDispatch.dispatch(ReflectionDispatch.java:24) [gradle-messaging-2.5.jar:2.5]
	at org.gradle.messaging.remote.internal.hub.MessageHub$Handler.run(MessageHub.java:360) [gradle-messaging-2.5.jar:2.5]
	at org.gradle.internal.concurrent.ExecutorPolicy$CatchAndRecordFailures.onExecute(ExecutorPolicy.java:54) [gradle-base-services-2.5.jar:2.5]
	at org.gradle.internal.concurrent.StoppableExecutorImpl$1.run(StoppableExecutorImpl.java:40) [gradle-base-services-2.5.jar:2.5]
	at java.util.concurrent.ThreadPoolExecutor.runWorker(ThreadPoolExecutor.java:1142) [na:1.8.0_45]
	at java.util.concurrent.ThreadPoolExecutor$Worker.run(ThreadPoolExecutor.java:617) [na:1.8.0_45]
	at java.lang.Thread.run(Thread.java:745) [na:1.8.0_45]
2016-04-27 17:58:10.522 TRACE 37359 --- [    Test worker] o.s.c.e.PropertySourcesPropertyResolver  : getProperty("spring.messages.basename", String)
2016-04-27 17:58:10.522 DEBUG 37359 --- [    Test worker] o.s.c.e.PropertySourcesPropertyResolver  : Searching for key 'spring.messages.basename' in [systemProperties]
2016-04-27 17:58:10.522 DEBUG 37359 --- [    Test worker] o.s.c.e.PropertySourcesPropertyResolver  : Searching for key 'spring.messages.basename' in [systemEnvironment]
2016-04-27 17:58:10.523 DEBUG 37359 --- [    Test worker] o.s.c.e.PropertySourcesPropertyResolver  : Searching for key 'spring.messages.basename' in [random]
2016-04-27 17:58:10.523 DEBUG 37359 --- [    Test worker] o.s.c.e.PropertySourcesPropertyResolver  : Searching for key 'spring.messages.basename' in [integrationTest]
2016-04-27 17:58:10.523 DEBUG 37359 --- [    Test worker] o.s.c.e.PropertySourcesPropertyResolver  : Searching for key 'spring.messages.basename' in [applicationConfigurationProperties]
2016-04-27 17:58:10.523 DEBUG 37359 --- [    Test worker] o.s.c.e.PropertySourcesPropertyResolver  : Could not find key 'spring.messages.basename' in any property source. Returning [null]
2016-04-27 17:58:10.543 DEBUG 37359 --- [    Test worker] .i.s.PathMatchingResourcePatternResolver : Looking for matching resources in directory tree [/Users/yjayaraman/projects/biogen-labs/spring-restdocs/final/cities/build/classes/test]
2016-04-27 17:58:10.543 DEBUG 37359 --- [    Test worker] .i.s.PathMatchingResourcePatternResolver : Searching directory [/Users/yjayaraman/projects/biogen-labs/spring-restdocs/final/cities/build/classes/test] for files matching pattern [/Users/yjayaraman/projects/biogen-labs/spring-restdocs/final/cities/build/classes/test/messages*.properties]
2016-04-27 17:58:10.543 DEBUG 37359 --- [    Test worker] .i.s.PathMatchingResourcePatternResolver : Looking for matching resources in directory tree [/Users/yjayaraman/projects/biogen-labs/spring-restdocs/final/cities/build/classes/main]
2016-04-27 17:58:10.543 DEBUG 37359 --- [    Test worker] .i.s.PathMatchingResourcePatternResolver : Searching directory [/Users/yjayaraman/projects/biogen-labs/spring-restdocs/final/cities/build/classes/main] for files matching pattern [/Users/yjayaraman/projects/biogen-labs/spring-restdocs/final/cities/build/classes/main/messages*.properties]
2016-04-27 17:58:10.544 DEBUG 37359 --- [    Test worker] .i.s.PathMatchingResourcePatternResolver : Looking for matching resources in directory tree [/Users/yjayaraman/projects/biogen-labs/spring-restdocs/final/cities/build/resources/main]
2016-04-27 17:58:10.544 DEBUG 37359 --- [    Test worker] .i.s.PathMatchingResourcePatternResolver : Searching directory [/Users/yjayaraman/projects/biogen-labs/spring-restdocs/final/cities/build/resources/main] for files matching pattern [/Users/yjayaraman/projects/biogen-labs/spring-restdocs/final/cities/build/resources/main/messages*.properties]
2016-04-27 17:58:10.544 DEBUG 37359 --- [    Test worker] .i.s.PathMatchingResourcePatternResolver : Looking for matching resources in jar file [file:/Users/yjayaraman/.gradle/caches/2.5/workerMain/gradle-worker.jar]
2016-04-27 17:58:10.544 DEBUG 37359 --- [    Test worker] .i.s.PathMatchingResourcePatternResolver : Looking for matching resources in jar file [file:/Users/yjayaraman/.gradle/caches/modules-2/files-2.1/org.projectlombok/lombok/1.16.6/9d3a47307466b28632bf35f8972ae9d703879416/lombok-1.16.6.jar]
2016-04-27 17:58:10.554 DEBUG 37359 --- [    Test worker] .i.s.PathMatchingResourcePatternResolver : Looking for matching resources in jar file [file:/Users/yjayaraman/.gradle/caches/modules-2/files-2.1/org.springframework.restdocs/spring-restdocs-mockmvc/1.0.0.RC1/49e77979fd14bfe30f67362d56f51c63386a5989/spring-restdocs-mockmvc-1.0.0.RC1.jar]
2016-04-27 17:58:10.554 DEBUG 37359 --- [    Test worker] .i.s.PathMatchingResourcePatternResolver : Looking for matching resources in jar file [file:/Users/yjayaraman/.gradle/caches/modules-2/files-2.1/org.slf4j/slf4j-api/1.7.12/8e20852d05222dc286bf1c71d78d0531e177c317/slf4j-api-1.7.12.jar]
2016-04-27 17:58:10.554 DEBUG 37359 --- [    Test worker] .i.s.PathMatchingResourcePatternResolver : Looking for matching resources in jar file [file:/Users/yjayaraman/.gradle/caches/modules-2/files-2.1/org.slf4j/jcl-over-slf4j/1.7.12/adef7a9e1263298255fdb5cb107ff171d07c82f3/jcl-over-slf4j-1.7.12.jar]
2016-04-27 17:58:10.555 DEBUG 37359 --- [    Test worker] .i.s.PathMatchingResourcePatternResolver : Looking for matching resources in jar file [file:/Users/yjayaraman/.gradle/caches/modules-2/files-2.1/javax.transaction/javax.transaction-api/1.2/d81aff979d603edd90dcd8db2abc1f4ce6479e3e/javax.transaction-api-1.2.jar]
2016-04-27 17:58:10.555 DEBUG 37359 --- [    Test worker] .i.s.PathMatchingResourcePatternResolver : Looking for matching resources in jar file [file:/Users/yjayaraman/.gradle/caches/modules-2/files-2.1/org.springframework.data/spring-data-jpa/1.9.0.RELEASE/54eb2e41ceba320dcbd67c19e8a50cb9af4160a5/spring-data-jpa-1.9.0.RELEASE.jar]
2016-04-27 17:58:10.556 DEBUG 37359 --- [    Test worker] .i.s.PathMatchingResourcePatternResolver : Looking for matching resources in jar file [file:/Users/yjayaraman/.gradle/caches/modules-2/files-2.1/org.springframework/spring-aspects/4.2.1.RELEASE/1ccea288d056d6b71839b07f09c5d663f9d98104/spring-aspects-4.2.1.RELEASE.jar]
2016-04-27 17:58:10.556 DEBUG 37359 --- [    Test worker] .i.s.PathMatchingResourcePatternResolver : Looking for matching resources in jar file [file:/Users/yjayaraman/.gradle/caches/modules-2/files-2.1/org.springframework.data/spring-data-rest-core/2.4.0.RELEASE/523750a61feff856001699359e6375f9253b469a/spring-data-rest-core-2.4.0.RELEASE.jar]
2016-04-27 17:58:10.557 DEBUG 37359 --- [    Test worker] .i.s.PathMatchingResourcePatternResolver : Looking for matching resources in jar file [file:/Users/yjayaraman/.gradle/caches/modules-2/files-2.1/org.springframework.data/spring-data-rest-webmvc/2.4.0.RELEASE/834db763dd30c31bb330d981169860e7cd5cbeee/spring-data-rest-webmvc-2.4.0.RELEASE.jar]
2016-04-27 17:58:10.558 DEBUG 37359 --- [    Test worker] .i.s.PathMatchingResourcePatternResolver : Looking for matching resources in jar file [file:/Users/yjayaraman/.gradle/caches/modules-2/files-2.1/com.github.fge/json-patch/1.7/78831bdcabc64a4f9e64e1439763010b24e0d71d/json-patch-1.7.jar]
2016-04-27 17:58:10.558 DEBUG 37359 --- [    Test worker] .i.s.PathMatchingResourcePatternResolver : Looking for matching resources in jar file [file:/Users/yjayaraman/.gradle/caches/modules-2/files-2.1/junit/junit/4.12/2973d150c0dc1fefe998f834810d68f278ea58ec/junit-4.12.jar]
2016-04-27 17:58:10.559 DEBUG 37359 --- [    Test worker] .i.s.PathMatchingResourcePatternResolver : Looking for matching resources in jar file [file:/Users/yjayaraman/.gradle/caches/modules-2/files-2.1/org.objenesis/objenesis/2.1/87c0ea803b69252868d09308b4618f766f135a96/objenesis-2.1.jar]
2016-04-27 17:58:10.560 DEBUG 37359 --- [    Test worker] .i.s.PathMatchingResourcePatternResolver : Looking for matching resources in jar file [file:/Users/yjayaraman/.gradle/caches/modules-2/files-2.1/org.mockito/mockito-core/1.10.19/e8546f5bef4e061d8dd73895b4e8f40e3fe6effe/mockito-core-1.10.19.jar]
2016-04-27 17:58:10.564 DEBUG 37359 --- [    Test worker] .i.s.PathMatchingResourcePatternResolver : Looking for matching resources in jar file [file:/Users/yjayaraman/.gradle/caches/modules-2/files-2.1/javax.servlet/javax.servlet-api/3.1.0/3cd63d075497751784b2fa84be59432f4905bf7c/javax.servlet-api-3.1.0.jar]
2016-04-27 17:58:10.564 DEBUG 37359 --- [    Test worker] .i.s.PathMatchingResourcePatternResolver : Looking for matching resources in jar file [file:/Users/yjayaraman/.gradle/caches/modules-2/files-2.1/org.hamcrest/hamcrest-core/1.3/42a25dc3219429f0e5d060061f71acb49bf010a0/hamcrest-core-1.3.jar]
2016-04-27 17:58:10.565 DEBUG 37359 --- [    Test worker] .i.s.PathMatchingResourcePatternResolver : Looking for matching resources in jar file [file:/Users/yjayaraman/.gradle/caches/modules-2/files-2.1/org.slf4j/jul-to-slf4j/1.7.12/8811e2e9ab9055e557598dc9aedc64fd43e0ab20/jul-to-slf4j-1.7.12.jar]
2016-04-27 17:58:10.565 DEBUG 37359 --- [    Test worker] .i.s.PathMatchingResourcePatternResolver : Looking for matching resources in jar file [file:/Users/yjayaraman/.gradle/caches/modules-2/files-2.1/org.slf4j/log4j-over-slf4j/1.7.12/d2444c9c7c1923304c25f86c5ee83a79a8166205/log4j-over-slf4j-1.7.12.jar]
2016-04-27 17:58:10.565 DEBUG 37359 --- [    Test worker] .i.s.PathMatchingResourcePatternResolver : Looking for matching resources in jar file [file:/Users/yjayaraman/.gradle/caches/modules-2/files-2.1/org.hamcrest/hamcrest-library/1.3/4785a3c21320980282f9f33d0d1264a69040538f/hamcrest-library-1.3.jar]
2016-04-27 17:58:10.566 DEBUG 37359 --- [    Test worker] .i.s.PathMatchingResourcePatternResolver : Looking for matching resources in jar file [file:/Users/yjayaraman/.gradle/caches/modules-2/files-2.1/aopalliance/aopalliance/1.0/235ba8b489512805ac13a8f9ea77a1ca5ebe3e8/aopalliance-1.0.jar]
2016-04-27 17:58:10.566 DEBUG 37359 --- [    Test worker] .i.s.PathMatchingResourcePatternResolver : Looking for matching resources in jar file [file:/Users/yjayaraman/.gradle/caches/modules-2/files-2.1/org.apache.tomcat/tomcat-juli/8.0.26/5df75626ee396da008a1969661dadc2bee82f72d/tomcat-juli-8.0.26.jar]
2016-04-27 17:58:10.566 DEBUG 37359 --- [    Test worker] .i.s.PathMatchingResourcePatternResolver : Looking for matching resources in jar file [file:/Users/yjayaraman/.gradle/caches/modules-2/files-2.1/antlr/antlr/2.7.7/83cd2cd674a217ade95a4bb83a8a14f351f48bd0/antlr-2.7.7.jar]
2016-04-27 17:58:10.568 DEBUG 37359 --- [    Test worker] .i.s.PathMatchingResourcePatternResolver : Looking for matching resources in jar file [file:/Users/yjayaraman/.gradle/caches/modules-2/files-2.1/org.jboss/jandex/1.1.0.Final/e84a2122e76f0b6503be78094ddf2108057ac15f/jandex-1.1.0.Final.jar]
2016-04-27 17:58:10.568 DEBUG 37359 --- [    Test worker] .i.s.PathMatchingResourcePatternResolver : Looking for matching resources in jar file [file:/Users/yjayaraman/.gradle/caches/modules-2/files-2.1/xml-apis/xml-apis/1.0.b2/3136ca936f64c9d68529f048c2618bd356bf85c9/xml-apis-1.0.b2.jar]
2016-04-27 17:58:10.570 DEBUG 37359 --- [    Test worker] .i.s.PathMatchingResourcePatternResolver : Looking for matching resources in jar file [file:/Users/yjayaraman/.gradle/caches/modules-2/files-2.1/org.springframework.hateoas/spring-hateoas/0.19.0.RELEASE/77b3b15c301d2517356b76304a2670df33ef2e2c/spring-hateoas-0.19.0.RELEASE.jar]
2016-04-27 17:58:10.571 DEBUG 37359 --- [    Test worker] .i.s.PathMatchingResourcePatternResolver : Looking for matching resources in jar file [file:/Users/yjayaraman/.gradle/caches/modules-2/files-2.1/org.springframework.plugin/spring-plugin-core/1.2.0.RELEASE/f380e7760032e7d929184f8ad8a33716b75c0657/spring-plugin-core-1.2.0.RELEASE.jar]
2016-04-27 17:58:10.572 DEBUG 37359 --- [    Test worker] .i.s.PathMatchingResourcePatternResolver : Looking for matching resources in jar file [file:/Users/yjayaraman/.gradle/caches/modules-2/files-2.1/org.atteo/evo-inflector/1.2.1/b9cdd1e7dc20a222db0853dfb152ef349c7d0eed/evo-inflector-1.2.1.jar]
2016-04-27 17:58:10.572 DEBUG 37359 --- [    Test worker] .i.s.PathMatchingResourcePatternResolver : Looking for matching resources in jar file [file:/Users/yjayaraman/.gradle/caches/modules-2/files-2.1/org.springframework/spring-test/4.2.1.RELEASE/7d0413ad3a5c3f647678ab7de0c038642d1e24d6/spring-test-4.2.1.RELEASE.jar]
2016-04-27 17:58:10.574 DEBUG 37359 --- [    Test worker] .i.s.PathMatchingResourcePatternResolver : Looking for matching resources in jar file [file:/Users/yjayaraman/.gradle/caches/modules-2/files-2.1/com.github.fge/jackson-coreutils/1.6/9e6af56eb7cc2a65700b289abc7ee2bd170fd231/jackson-coreutils-1.6.jar]
2016-04-27 17:58:10.574 DEBUG 37359 --- [    Test worker] .i.s.PathMatchingResourcePatternResolver : Looking for matching resources in jar file [file:/Users/yjayaraman/.gradle/caches/modules-2/files-2.1/org.springframework.restdocs/spring-restdocs-core/1.0.0.RC1/a6edf3b679a88fbea291a8403bb12c8d2c72557c/spring-restdocs-core-1.0.0.RC1.jar]
2016-04-27 17:58:10.575 DEBUG 37359 --- [    Test worker] .i.s.PathMatchingResourcePatternResolver : Looking for matching resources in jar file [file:/Users/yjayaraman/.gradle/caches/modules-2/files-2.1/com.google.code.findbugs/jsr305/2.0.1/516c03b21d50a644d538de0f0369c620989cd8f0/jsr305-2.0.1.jar]
2016-04-27 17:58:10.575 DEBUG 37359 --- [    Test worker] .i.s.PathMatchingResourcePatternResolver : Looking for matching resources in jar file [file:/Users/yjayaraman/.gradle/caches/modules-2/files-2.1/javax.validation/validation-api/1.1.0.Final/8613ae82954779d518631e05daa73a6a954817d5/validation-api-1.1.0.Final.jar]
2016-04-27 17:58:10.576 DEBUG 37359 --- [    Test worker] .i.s.PathMatchingResourcePatternResolver : Looking for matching resources in jar file [file:/Users/yjayaraman/.gradle/caches/modules-2/files-2.1/com.fasterxml/classmate/1.1.0/dbbd699a1486ad0f2ed6f5af6cfed66acacb9056/classmate-1.1.0.jar]
2016-04-27 17:58:10.576 DEBUG 37359 --- [    Test worker] .i.s.PathMatchingResourcePatternResolver : Looking for matching resources in jar file [file:/Users/yjayaraman/.gradle/caches/modules-2/files-2.1/com.github.fge/msg-simple/1.1/f261263e13dd4cfa93cc6b83f1f58f619097a2c4/msg-simple-1.1.jar]
2016-04-27 17:58:10.576 DEBUG 37359 --- [    Test worker] .i.s.PathMatchingResourcePatternResolver : Looking for matching resources in jar file [file:/Users/yjayaraman/.gradle/caches/modules-2/files-2.1/com.google.guava/guava/18.0/cce0823396aa693798f8882e64213b1772032b09/guava-18.0.jar]
2016-04-27 17:58:10.582 DEBUG 37359 --- [    Test worker] .i.s.PathMatchingResourcePatternResolver : Looking for matching resources in jar file [file:/Users/yjayaraman/.gradle/caches/modules-2/files-2.1/com.github.fge/btf/1.2/9e66651022eb86301b348d57e6f59459effc343b/btf-1.2.jar]
2016-04-27 17:58:10.582 DEBUG 37359 --- [    Test worker] .i.s.PathMatchingResourcePatternResolver : Looking for matching resources in jar file [file:/Users/yjayaraman/.gradle/caches/modules-2/files-2.1/org.jboss.logging/jboss-logging/3.2.1.Final/fedf11b3d4665a434b554a5891fe7f208f029f45/jboss-logging-3.2.1.Final.jar]
2016-04-27 17:58:10.583 DEBUG 37359 --- [    Test worker] .i.s.PathMatchingResourcePatternResolver : Looking for matching resources in jar file [file:/Users/yjayaraman/.gradle/caches/modules-2/files-2.1/org.aspectj/aspectjrt/1.8.6/a7db7ea5f7bb18a1cbd9f24edd0e666504800be/aspectjrt-1.8.6.jar]
2016-04-27 17:58:10.584 DEBUG 37359 --- [    Test worker] .i.s.PathMatchingResourcePatternResolver : Looking for matching resources in jar file [file:/Users/yjayaraman/.gradle/caches/modules-2/files-2.1/org.apache.tomcat/tomcat-jdbc/8.0.26/e49b8ef9bbedc0e87899f83119a9ddc35b4efdc5/tomcat-jdbc-8.0.26.jar]
2016-04-27 17:58:10.584 DEBUG 37359 --- [    Test worker] .i.s.PathMatchingResourcePatternResolver : Looking for matching resources in jar file [file:/Users/yjayaraman/.gradle/caches/modules-2/files-2.1/org.jboss.logging/jboss-logging-annotations/1.2.0.Beta1/2f437f37bb265d9f8f1392823dbca12d2bec06d6/jboss-logging-annotations-1.2.0.Beta1.jar]
2016-04-27 17:58:10.585 DEBUG 37359 --- [    Test worker] .i.s.PathMatchingResourcePatternResolver : Looking for matching resources in jar file [file:/Users/yjayaraman/.gradle/caches/modules-2/files-2.1/dom4j/dom4j/1.6.1/5d3ccc056b6f056dbf0dddfdf43894b9065a8f94/dom4j-1.6.1.jar]
2016-04-27 17:58:10.586 DEBUG 37359 --- [    Test worker] .i.s.PathMatchingResourcePatternResolver : Looking for matching resources in jar file [file:/Users/yjayaraman/.gradle/caches/modules-2/files-2.1/org.hibernate.common/hibernate-commons-annotations/4.0.5.Final/2a581b9edb8168e45060d8bad8b7f46712d2c52c/hibernate-commons-annotations-4.0.5.Final.jar]
2016-04-27 17:58:10.586 DEBUG 37359 --- [    Test worker] .i.s.PathMatchingResourcePatternResolver : Looking for matching resources in jar file [file:/Users/yjayaraman/.gradle/caches/modules-2/files-2.1/org.hibernate.javax.persistence/hibernate-jpa-2.1-api/1.0.0.Final/5e731d961297e5a07290bfaf3db1fbc8bbbf405a/hibernate-jpa-2.1-api-1.0.0.Final.jar]
2016-04-27 17:58:10.587 DEBUG 37359 --- [    Test worker] .i.s.PathMatchingResourcePatternResolver : Resolved location pattern [classpath*:messages*.properties] to resources []
2016-04-27 17:58:10.587 TRACE 37359 --- [    Test worker] utoConfiguration$ResourceBundleCondition : Condition MessageSourceAutoConfiguration.ResourceBundleCondition on org.springframework.boot.autoconfigure.MessageSourceAutoConfiguration did not match due to No bundle found for spring.messages.basename: messages
2016-04-27 17:58:10.588 DEBUG 37359 --- [    Test worker] o.s.b.f.s.DefaultListableBeanFactory     : Returning cached instance of singleton bean 'autoConfigurationReport'
2016-04-27 17:58:10.592 TRACE 37359 --- [    Test worker] o.s.b.a.condition.OnClassCondition       : Condition OnClassCondition on org.springframework.boot.autoconfigure.jersey.JerseyAutoConfiguration did not match due to required @ConditionalOnClass classes not found: org.glassfish.jersey.server.spring.SpringComponentProvider
2016-04-27 17:58:10.592 DEBUG 37359 --- [    Test worker] o.s.b.f.s.DefaultListableBeanFactory     : Returning cached instance of singleton bean 'autoConfigurationReport'
2016-04-27 17:58:10.593 TRACE 37359 --- [    Test worker] o.s.b.a.condition.OnClassCondition       : Condition OnClassCondition on org.springframework.boot.autoconfigure.websocket.WebSocketAutoConfiguration matched due to @ConditionalOnClass classes found: javax.servlet.Servlet,javax.websocket.server.ServerContainer
2016-04-27 17:58:10.594 DEBUG 37359 --- [    Test worker] o.s.b.f.s.DefaultListableBeanFactory     : Returning cached instance of singleton bean 'autoConfigurationReport'
2016-04-27 17:58:10.594 TRACE 37359 --- [    Test worker] o.s.b.a.c.OnWebApplicationCondition      : Condition OnWebApplicationCondition on org.springframework.boot.autoconfigure.websocket.WebSocketAutoConfiguration matched due to found web application 'session' scope
2016-04-27 17:58:10.594 DEBUG 37359 --- [    Test worker] o.s.b.f.s.DefaultListableBeanFactory     : Returning cached instance of singleton bean 'autoConfigurationReport'
2016-04-27 17:58:10.595 TRACE 37359 --- [    Test worker] o.s.b.a.condition.OnClassCondition       : Condition OnClassCondition on org.springframework.boot.autoconfigure.websocket.WebSocketAutoConfiguration$UndertowWebSocketConfiguration did not match due to required @ConditionalOnClass classes not found: io.undertow.websockets.jsr.Bootstrap
2016-04-27 17:58:10.596 DEBUG 37359 --- [    Test worker] o.s.b.f.s.DefaultListableBeanFactory     : Returning cached instance of singleton bean 'autoConfigurationReport'
2016-04-27 17:58:10.596 TRACE 37359 --- [    Test worker] o.s.b.a.condition.OnClassCondition       : Condition OnClassCondition on org.springframework.boot.autoconfigure.websocket.WebSocketAutoConfiguration$JettyWebSocketConfiguration did not match due to required @ConditionalOnClass classes not found: org.eclipse.jetty.websocket.jsr356.server.deploy.WebSocketServerContainerInitializer
2016-04-27 17:58:10.596 DEBUG 37359 --- [    Test worker] o.s.b.f.s.DefaultListableBeanFactory     : Returning cached instance of singleton bean 'autoConfigurationReport'
2016-04-27 17:58:10.598 TRACE 37359 --- [    Test worker] o.s.b.a.condition.OnClassCondition       : Condition OnClassCondition on org.springframework.boot.autoconfigure.websocket.WebSocketAutoConfiguration$TomcatWebSocketConfiguration matched due to @ConditionalOnClass classes found: org.apache.catalina.startup.Tomcat,org.apache.tomcat.websocket.server.WsSci
2016-04-27 17:58:10.598 DEBUG 37359 --- [    Test worker] o.s.b.f.s.DefaultListableBeanFactory     : Returning cached instance of singleton bean 'autoConfigurationReport'
2016-04-27 17:58:10.600 TRACE 37359 --- [    Test worker] o.s.b.a.c.OnWebApplicationCondition      : Condition OnWebApplicationCondition on org.springframework.boot.autoconfigure.web.EmbeddedServletContainerAutoConfiguration matched due to found web application 'session' scope
2016-04-27 17:58:10.600 DEBUG 37359 --- [    Test worker] o.s.b.f.s.DefaultListableBeanFactory     : Returning cached instance of singleton bean 'autoConfigurationReport'
2016-04-27 17:58:10.602 TRACE 37359 --- [    Test worker] o.s.b.a.condition.OnClassCondition       : Condition OnClassCondition on org.springframework.boot.autoconfigure.web.EmbeddedServletContainerAutoConfiguration$EmbeddedUndertow did not match due to required @ConditionalOnClass classes not found: io.undertow.Undertow,org.xnio.SslClientAuthMode
2016-04-27 17:58:10.602 DEBUG 37359 --- [    Test worker] o.s.b.f.s.DefaultListableBeanFactory     : Returning cached instance of singleton bean 'autoConfigurationReport'
2016-04-27 17:58:10.603 TRACE 37359 --- [    Test worker] o.s.b.a.condition.OnClassCondition       : Condition OnClassCondition on org.springframework.boot.autoconfigure.web.EmbeddedServletContainerAutoConfiguration$EmbeddedJetty did not match due to required @ConditionalOnClass classes not found: org.eclipse.jetty.server.Server,org.eclipse.jetty.util.Loader
2016-04-27 17:58:10.603 DEBUG 37359 --- [    Test worker] o.s.b.f.s.DefaultListableBeanFactory     : Returning cached instance of singleton bean 'autoConfigurationReport'
2016-04-27 17:58:10.603 TRACE 37359 --- [    Test worker] o.s.b.a.condition.OnClassCondition       : Condition OnClassCondition on org.springframework.boot.autoconfigure.web.EmbeddedServletContainerAutoConfiguration$EmbeddedTomcat matched due to @ConditionalOnClass classes found: javax.servlet.Servlet,org.apache.catalina.startup.Tomcat
2016-04-27 17:58:10.603 DEBUG 37359 --- [    Test worker] o.s.b.f.s.DefaultListableBeanFactory     : Returning cached instance of singleton bean 'autoConfigurationReport'
2016-04-27 17:58:10.609 TRACE 37359 --- [    Test worker] o.s.b.a.condition.OnClassCondition       : Condition OnClassCondition on org.springframework.boot.autoconfigure.web.DispatcherServletAutoConfiguration matched due to @ConditionalOnClass classes found: org.springframework.web.servlet.DispatcherServlet
2016-04-27 17:58:10.609 DEBUG 37359 --- [    Test worker] o.s.b.f.s.DefaultListableBeanFactory     : Returning cached instance of singleton bean 'autoConfigurationReport'
2016-04-27 17:58:10.609 TRACE 37359 --- [    Test worker] o.s.b.a.c.OnWebApplicationCondition      : Condition OnWebApplicationCondition on org.springframework.boot.autoconfigure.web.DispatcherServletAutoConfiguration matched due to found web application 'session' scope
2016-04-27 17:58:10.609 DEBUG 37359 --- [    Test worker] o.s.b.f.s.DefaultListableBeanFactory     : Returning cached instance of singleton bean 'autoConfigurationReport'
2016-04-27 17:58:10.611 TRACE 37359 --- [    Test worker] o.s.b.a.condition.OnClassCondition       : Condition OnClassCondition on org.springframework.boot.autoconfigure.web.DispatcherServletAutoConfiguration$DispatcherServletConfiguration matched due to @ConditionalOnClass classes found: javax.servlet.ServletRegistration
2016-04-27 17:58:10.611 DEBUG 37359 --- [    Test worker] o.s.b.f.s.DefaultListableBeanFactory     : Returning cached instance of singleton bean 'autoConfigurationReport'
2016-04-27 17:58:10.612 TRACE 37359 --- [    Test worker] ration$DefaultDispatcherServletCondition : Condition DispatcherServletAutoConfiguration.DefaultDispatcherServletCondition on org.springframework.boot.autoconfigure.web.DispatcherServletAutoConfiguration$DispatcherServletConfiguration matched due to no ServletRegistrationBean found
2016-04-27 17:58:10.612 DEBUG 37359 --- [    Test worker] o.s.b.f.s.DefaultListableBeanFactory     : Returning cached instance of singleton bean 'autoConfigurationReport'
2016-04-27 17:58:10.614 TRACE 37359 --- [    Test worker] o.s.b.a.condition.OnClassCondition       : Condition OnClassCondition on org.springframework.boot.autoconfigure.security.oauth2.OAuth2AutoConfiguration did not match due to required @ConditionalOnClass classes not found: org.springframework.security.oauth2.common.OAuth2AccessToken
2016-04-27 17:58:10.615 DEBUG 37359 --- [    Test worker] o.s.b.f.s.DefaultListableBeanFactory     : Returning cached instance of singleton bean 'autoConfigurationReport'
2016-04-27 17:58:10.615 TRACE 37359 --- [    Test worker] o.s.b.a.condition.OnClassCondition       : Condition OnClassCondition on org.springframework.boot.autoconfigure.web.ErrorMvcAutoConfiguration matched due to @ConditionalOnClass classes found: javax.servlet.Servlet,org.springframework.web.servlet.DispatcherServlet
2016-04-27 17:58:10.615 DEBUG 37359 --- [    Test worker] o.s.b.f.s.DefaultListableBeanFactory     : Returning cached instance of singleton bean 'autoConfigurationReport'
2016-04-27 17:58:10.616 TRACE 37359 --- [    Test worker] o.s.b.a.c.OnWebApplicationCondition      : Condition OnWebApplicationCondition on org.springframework.boot.autoconfigure.web.ErrorMvcAutoConfiguration matched due to found web application 'session' scope
2016-04-27 17:58:10.616 DEBUG 37359 --- [    Test worker] o.s.b.f.s.DefaultListableBeanFactory     : Returning cached instance of singleton bean 'autoConfigurationReport'
2016-04-27 17:58:10.619 TRACE 37359 --- [    Test worker] o.s.c.io.support.SpringFactoriesLoader   : Loaded [org.springframework.boot.autoconfigure.template.TemplateAvailabilityProvider] names: [org.springframework.boot.autoconfigure.freemarker.FreeMarkerTemplateAvailabilityProvider, org.springframework.boot.autoconfigure.mustache.MustacheTemplateAvailabilityProvider, org.springframework.boot.autoconfigure.groovy.template.GroovyTemplateAvailabilityProvider, org.springframework.boot.autoconfigure.thymeleaf.ThymeleafTemplateAvailabilityProvider, org.springframework.boot.autoconfigure.velocity.VelocityTemplateAvailabilityProvider, org.springframework.boot.autoconfigure.web.JspTemplateAvailabilityProvider]
2016-04-27 17:58:10.621 TRACE 37359 --- [    Test worker] figuration$ErrorTemplateMissingCondition : Condition ErrorMvcAutoConfiguration.ErrorTemplateMissingCondition on org.springframework.boot.autoconfigure.web.ErrorMvcAutoConfiguration$WhitelabelErrorViewConfiguration matched due to No error template view detected
2016-04-27 17:58:10.621 DEBUG 37359 --- [    Test worker] o.s.b.f.s.DefaultListableBeanFactory     : Returning cached instance of singleton bean 'autoConfigurationReport'
2016-04-27 17:58:10.622 TRACE 37359 --- [    Test worker] o.s.b.a.condition.OnPropertyCondition    : Condition OnPropertyCondition on org.springframework.boot.autoconfigure.web.ErrorMvcAutoConfiguration$WhitelabelErrorViewConfiguration matched
2016-04-27 17:58:10.622 DEBUG 37359 --- [    Test worker] o.s.b.f.s.DefaultListableBeanFactory     : Returning cached instance of singleton bean 'autoConfigurationReport'
2016-04-27 17:58:10.624 TRACE 37359 --- [    Test worker] o.s.b.a.condition.OnClassCondition       : Condition OnClassCondition on org.springframework.boot.autoconfigure.web.WebMvcAutoConfiguration matched due to @ConditionalOnClass classes found: javax.servlet.Servlet,org.springframework.web.servlet.DispatcherServlet,org.springframework.web.servlet.config.annotation.WebMvcConfigurerAdapter
2016-04-27 17:58:10.624 DEBUG 37359 --- [    Test worker] o.s.b.f.s.DefaultListableBeanFactory     : Returning cached instance of singleton bean 'autoConfigurationReport'
2016-04-27 17:58:10.625 TRACE 37359 --- [    Test worker] o.s.b.a.c.OnWebApplicationCondition      : Condition OnWebApplicationCondition on org.springframework.boot.autoconfigure.web.WebMvcAutoConfiguration matched due to found web application 'session' scope
2016-04-27 17:58:10.625 DEBUG 37359 --- [    Test worker] o.s.b.f.s.DefaultListableBeanFactory     : Returning cached instance of singleton bean 'autoConfigurationReport'
2016-04-27 17:58:10.630 TRACE 37359 --- [    Test worker] o.s.b.a.condition.OnPropertyCondition    : Condition OnPropertyCondition on org.springframework.boot.autoconfigure.web.WebMvcAutoConfiguration$WebMvcAutoConfigurationAdapter$FaviconConfiguration matched
2016-04-27 17:58:10.630 DEBUG 37359 --- [    Test worker] o.s.b.f.s.DefaultListableBeanFactory     : Returning cached instance of singleton bean 'autoConfigurationReport'
2016-04-27 17:58:10.636 TRACE 37359 --- [    Test worker] o.s.b.a.condition.OnClassCondition       : Condition OnClassCondition on org.springframework.boot.autoconfigure.cloud.CloudAutoConfiguration did not match due to required @ConditionalOnClass classes not found: org.springframework.cloud.config.java.CloudScanConfiguration
2016-04-27 17:58:10.636 DEBUG 37359 --- [    Test worker] o.s.b.f.s.DefaultListableBeanFactory     : Returning cached instance of singleton bean 'autoConfigurationReport'
2016-04-27 17:58:10.638 TRACE 37359 --- [    Test worker] o.s.b.a.condition.OnClassCondition       : Condition OnClassCondition on org.springframework.boot.autoconfigure.jmx.JmxAutoConfiguration matched due to @ConditionalOnClass classes found: org.springframework.jmx.export.MBeanExporter
2016-04-27 17:58:10.638 DEBUG 37359 --- [    Test worker] o.s.b.f.s.DefaultListableBeanFactory     : Returning cached instance of singleton bean 'autoConfigurationReport'
2016-04-27 17:58:10.638 TRACE 37359 --- [    Test worker] o.s.c.e.PropertySourcesPropertyResolver  : getProperty("spring.jmx.enabled", String)
2016-04-27 17:58:10.638 DEBUG 37359 --- [    Test worker] o.s.c.e.PropertySourcesPropertyResolver  : Searching for key 'spring.jmx.enabled' in [systemProperties]
2016-04-27 17:58:10.638 DEBUG 37359 --- [    Test worker] o.s.c.e.PropertySourcesPropertyResolver  : Searching for key 'spring.jmx.enabled' in [systemEnvironment]
2016-04-27 17:58:10.638 DEBUG 37359 --- [    Test worker] o.s.c.e.PropertySourcesPropertyResolver  : Searching for key 'spring.jmx.enabled' in [random]
2016-04-27 17:58:10.639 DEBUG 37359 --- [    Test worker] o.s.c.e.PropertySourcesPropertyResolver  : Searching for key 'spring.jmx.enabled' in [integrationTest]
2016-04-27 17:58:10.639 DEBUG 37359 --- [    Test worker] o.s.c.e.PropertySourcesPropertyResolver  : Found key 'spring.jmx.enabled' in [integrationTest] with type [String] and value 'false'
2016-04-27 17:58:10.639 TRACE 37359 --- [    Test worker] o.s.b.a.condition.OnPropertyCondition    : Condition OnPropertyCondition on org.springframework.boot.autoconfigure.jmx.JmxAutoConfiguration did not match due to @ConditionalOnProperty expected 'true' for properties spring.jmx.enabled
2016-04-27 17:58:10.639 DEBUG 37359 --- [    Test worker] o.s.b.f.s.DefaultListableBeanFactory     : Returning cached instance of singleton bean 'autoConfigurationReport'
2016-04-27 17:58:10.639 TRACE 37359 --- [    Test worker] o.s.b.a.condition.OnPropertyCondition    : Condition OnPropertyCondition on org.springframework.boot.autoconfigure.admin.SpringApplicationAdminJmxAutoConfiguration did not match due to @ConditionalOnProperty missing required properties spring.application.admin.enabled 
2016-04-27 17:58:10.639 DEBUG 37359 --- [    Test worker] o.s.b.f.s.DefaultListableBeanFactory     : Returning cached instance of singleton bean 'autoConfigurationReport'
2016-04-27 17:58:10.640 TRACE 37359 --- [    Test worker] o.s.b.a.condition.OnClassCondition       : Condition OnClassCondition on org.springframework.boot.autoconfigure.amqp.RabbitAutoConfiguration did not match due to required @ConditionalOnClass classes not found: org.springframework.amqp.rabbit.core.RabbitTemplate,com.rabbitmq.client.Channel
2016-04-27 17:58:10.641 DEBUG 37359 --- [    Test worker] o.s.b.f.s.DefaultListableBeanFactory     : Returning cached instance of singleton bean 'autoConfigurationReport'
2016-04-27 17:58:10.642 TRACE 37359 --- [    Test worker] o.s.b.a.condition.OnClassCondition       : Condition OnClassCondition on org.springframework.boot.autoconfigure.aop.AopAutoConfiguration matched due to @ConditionalOnClass classes found: org.springframework.context.annotation.EnableAspectJAutoProxy,org.aspectj.lang.annotation.Aspect,org.aspectj.lang.reflect.Advice
2016-04-27 17:58:10.642 DEBUG 37359 --- [    Test worker] o.s.b.f.s.DefaultListableBeanFactory     : Returning cached instance of singleton bean 'autoConfigurationReport'
2016-04-27 17:58:10.642 TRACE 37359 --- [    Test worker] o.s.b.a.condition.OnPropertyCondition    : Condition OnPropertyCondition on org.springframework.boot.autoconfigure.aop.AopAutoConfiguration matched
2016-04-27 17:58:10.642 DEBUG 37359 --- [    Test worker] o.s.b.f.s.DefaultListableBeanFactory     : Returning cached instance of singleton bean 'autoConfigurationReport'
2016-04-27 17:58:10.644 TRACE 37359 --- [    Test worker] o.s.b.a.condition.OnPropertyCondition    : Condition OnPropertyCondition on org.springframework.boot.autoconfigure.aop.AopAutoConfiguration$CglibAutoProxyConfiguration did not match due to @ConditionalOnProperty missing required properties spring.aop.proxy-target-class 
2016-04-27 17:58:10.644 DEBUG 37359 --- [    Test worker] o.s.b.f.s.DefaultListableBeanFactory     : Returning cached instance of singleton bean 'autoConfigurationReport'
2016-04-27 17:58:10.644 TRACE 37359 --- [    Test worker] o.s.b.a.condition.OnPropertyCondition    : Condition OnPropertyCondition on org.springframework.boot.autoconfigure.aop.AopAutoConfiguration$JdkDynamicAutoProxyConfiguration matched
2016-04-27 17:58:10.645 DEBUG 37359 --- [    Test worker] o.s.b.f.s.DefaultListableBeanFactory     : Returning cached instance of singleton bean 'autoConfigurationReport'
2016-04-27 17:58:10.647 TRACE 37359 --- [    Test worker] o.s.b.a.condition.OnClassCondition       : Condition OnClassCondition on org.springframework.boot.autoconfigure.jdbc.JndiDataSourceAutoConfiguration matched due to @ConditionalOnClass classes found: javax.sql.DataSource,org.springframework.jdbc.datasource.embedded.EmbeddedDatabaseType
2016-04-27 17:58:10.647 DEBUG 37359 --- [    Test worker] o.s.b.f.s.DefaultListableBeanFactory     : Returning cached instance of singleton bean 'autoConfigurationReport'
2016-04-27 17:58:10.648 TRACE 37359 --- [    Test worker] o.s.b.a.condition.OnPropertyCondition    : Condition OnPropertyCondition on org.springframework.boot.autoconfigure.jdbc.JndiDataSourceAutoConfiguration did not match due to @ConditionalOnProperty missing required properties spring.datasource.jndi-name 
2016-04-27 17:58:10.648 DEBUG 37359 --- [    Test worker] o.s.b.f.s.DefaultListableBeanFactory     : Returning cached instance of singleton bean 'autoConfigurationReport'
2016-04-27 17:58:10.648 TRACE 37359 --- [    Test worker] o.s.b.a.condition.OnClassCondition       : Condition OnClassCondition on org.springframework.boot.autoconfigure.transaction.jta.JtaAutoConfiguration matched due to @ConditionalOnClass classes found: javax.transaction.Transaction
2016-04-27 17:58:10.648 DEBUG 37359 --- [    Test worker] o.s.b.f.s.DefaultListableBeanFactory     : Returning cached instance of singleton bean 'autoConfigurationReport'
2016-04-27 17:58:10.649 TRACE 37359 --- [    Test worker] o.s.b.a.condition.OnPropertyCondition    : Condition OnPropertyCondition on org.springframework.boot.autoconfigure.transaction.jta.JtaAutoConfiguration matched
2016-04-27 17:58:10.649 DEBUG 37359 --- [    Test worker] o.s.b.f.s.DefaultListableBeanFactory     : Returning cached instance of singleton bean 'autoConfigurationReport'
2016-04-27 17:58:10.653 TRACE 37359 --- [    Test worker] o.s.b.a.condition.OnClassCondition       : Condition OnClassCondition on org.springframework.boot.autoconfigure.transaction.jta.JndiJtaConfiguration matched due to @ConditionalOnClass classes found: org.springframework.transaction.jta.JtaTransactionManager
2016-04-27 17:58:10.653 DEBUG 37359 --- [    Test worker] o.s.b.f.s.DefaultListableBeanFactory     : Returning cached instance of singleton bean 'autoConfigurationReport'
2016-04-27 17:58:10.655 TRACE 37359 --- [    Test worker] o.s.b.a.condition.OnJndiCondition        : Condition OnJndiCondition on org.springframework.boot.autoconfigure.transaction.jta.JndiJtaConfiguration did not match due to JNDI environment is not available
2016-04-27 17:58:10.655 DEBUG 37359 --- [    Test worker] o.s.b.f.s.DefaultListableBeanFactory     : Returning cached instance of singleton bean 'autoConfigurationReport'
2016-04-27 17:58:10.655 TRACE 37359 --- [    Test worker] o.s.b.a.condition.OnClassCondition       : Condition OnClassCondition on org.springframework.boot.autoconfigure.transaction.jta.BitronixJtaConfiguration did not match due to required @ConditionalOnClass classes not found: bitronix.tm.jndi.BitronixContext
2016-04-27 17:58:10.656 DEBUG 37359 --- [    Test worker] o.s.b.f.s.DefaultListableBeanFactory     : Returning cached instance of singleton bean 'autoConfigurationReport'
2016-04-27 17:58:10.656 TRACE 37359 --- [    Test worker] o.s.b.a.condition.OnClassCondition       : Condition OnClassCondition on org.springframework.boot.autoconfigure.transaction.jta.AtomikosJtaConfiguration did not match due to required @ConditionalOnClass classes not found: com.atomikos.icatch.jta.UserTransactionManager
2016-04-27 17:58:10.656 DEBUG 37359 --- [    Test worker] o.s.b.f.s.DefaultListableBeanFactory     : Returning cached instance of singleton bean 'autoConfigurationReport'
2016-04-27 17:58:10.657 TRACE 37359 --- [    Test worker] o.s.b.a.condition.OnClassCondition       : Condition OnClassCondition on org.springframework.boot.autoconfigure.jdbc.XADataSourceAutoConfiguration matched due to @ConditionalOnClass classes found: javax.sql.DataSource,javax.transaction.TransactionManager,org.springframework.jdbc.datasource.embedded.EmbeddedDatabaseType
2016-04-27 17:58:10.657 DEBUG 37359 --- [    Test worker] o.s.b.f.s.DefaultListableBeanFactory     : Returning cached instance of singleton bean 'autoConfigurationReport'
2016-04-27 17:58:10.659 TRACE 37359 --- [    Test worker] o.s.b.a.condition.OnClassCondition       : Condition OnClassCondition on org.springframework.boot.autoconfigure.jdbc.DataSourceAutoConfiguration matched due to @ConditionalOnClass classes found: javax.sql.DataSource,org.springframework.jdbc.datasource.embedded.EmbeddedDatabaseType
2016-04-27 17:58:10.659 DEBUG 37359 --- [    Test worker] o.s.b.f.s.DefaultListableBeanFactory     : Returning cached instance of singleton bean 'autoConfigurationReport'
2016-04-27 17:58:10.663 TRACE 37359 --- [    Test worker] o.s.b.a.condition.OnClassCondition       : Condition OnClassCondition on org.springframework.boot.autoconfigure.jdbc.DataSourceAutoConfiguration$TomcatDataSourceJmxConfiguration matched due to @ConditionalOnClass classes found: org.apache.tomcat.jdbc.pool.DataSourceProxy
2016-04-27 17:58:10.664 DEBUG 37359 --- [    Test worker] o.s.b.f.s.DefaultListableBeanFactory     : Returning cached instance of singleton bean 'autoConfigurationReport'
2016-04-27 17:58:10.665 TRACE 37359 --- [    Test worker] nfiguration$DataSourceAvailableCondition : Condition DataSourceAutoConfiguration.DataSourceAvailableCondition on org.springframework.boot.autoconfigure.jdbc.DataSourceAutoConfiguration$TomcatDataSourceJmxConfiguration matched due to existing auto database detected
2016-04-27 17:58:10.665 DEBUG 37359 --- [    Test worker] o.s.b.f.s.DefaultListableBeanFactory     : Returning cached instance of singleton bean 'autoConfigurationReport'
2016-04-27 17:58:10.665 TRACE 37359 --- [    Test worker] o.s.b.a.condition.OnPropertyCondition    : Condition OnPropertyCondition on org.springframework.boot.autoconfigure.jdbc.DataSourceAutoConfiguration$TomcatDataSourceJmxConfiguration did not match due to @ConditionalOnProperty missing required properties spring.datasource.jmx-enabled 
2016-04-27 17:58:10.665 DEBUG 37359 --- [    Test worker] o.s.b.f.s.DefaultListableBeanFactory     : Returning cached instance of singleton bean 'autoConfigurationReport'
2016-04-27 17:58:10.666 TRACE 37359 --- [    Test worker] nfiguration$DataSourceAvailableCondition : Condition DataSourceAutoConfiguration.DataSourceAvailableCondition on org.springframework.boot.autoconfigure.jdbc.DataSourceAutoConfiguration$JdbcTemplateConfiguration matched due to existing auto database detected
2016-04-27 17:58:10.666 DEBUG 37359 --- [    Test worker] o.s.b.f.s.DefaultListableBeanFactory     : Returning cached instance of singleton bean 'autoConfigurationReport'
2016-04-27 17:58:10.666 TRACE 37359 --- [    Test worker] iguration$NonEmbeddedDataSourceCondition : Condition DataSourceAutoConfiguration.NonEmbeddedDataSourceCondition on org.springframework.boot.autoconfigure.jdbc.DataSourceAutoConfiguration$NonEmbeddedConfiguration matched due to supported DataSource class found
2016-04-27 17:58:10.666 DEBUG 37359 --- [    Test worker] o.s.b.f.s.DefaultListableBeanFactory     : Returning cached instance of singleton bean 'autoConfigurationReport'
2016-04-27 17:58:10.667 TRACE 37359 --- [    Test worker] onfiguration$EmbeddedDataSourceCondition : Condition DataSourceAutoConfiguration.EmbeddedDataSourceCondition on org.springframework.boot.autoconfigure.jdbc.DataSourceAutoConfiguration$EmbeddedConfiguration did not match due to existing non-embedded database detected
2016-04-27 17:58:10.668 DEBUG 37359 --- [    Test worker] o.s.b.f.s.DefaultListableBeanFactory     : Returning cached instance of singleton bean 'autoConfigurationReport'
2016-04-27 17:58:10.671 TRACE 37359 --- [    Test worker] o.s.b.a.condition.OnClassCondition       : Condition OnClassCondition on org.springframework.boot.autoconfigure.jdbc.metadata.DataSourcePoolMetadataProvidersConfiguration$CommonsDbcpPoolDataSourceMetadataProviderConfiguration did not match due to required @ConditionalOnClass classes not found: org.apache.commons.dbcp.BasicDataSource
2016-04-27 17:58:10.671 DEBUG 37359 --- [    Test worker] o.s.b.f.s.DefaultListableBeanFactory     : Returning cached instance of singleton bean 'autoConfigurationReport'
2016-04-27 17:58:10.671 TRACE 37359 --- [    Test worker] o.s.b.a.condition.OnClassCondition       : Condition OnClassCondition on org.springframework.boot.autoconfigure.jdbc.metadata.DataSourcePoolMetadataProvidersConfiguration$HikariPoolDataSourceMetadataProviderConfiguration did not match due to required @ConditionalOnClass classes not found: com.zaxxer.hikari.HikariDataSource
2016-04-27 17:58:10.671 DEBUG 37359 --- [    Test worker] o.s.b.f.s.DefaultListableBeanFactory     : Returning cached instance of singleton bean 'autoConfigurationReport'
2016-04-27 17:58:10.671 TRACE 37359 --- [    Test worker] o.s.b.a.condition.OnClassCondition       : Condition OnClassCondition on org.springframework.boot.autoconfigure.jdbc.metadata.DataSourcePoolMetadataProvidersConfiguration$TomcatDataSourcePoolMetadataProviderConfiguration matched due to @ConditionalOnClass classes found: org.apache.tomcat.jdbc.pool.DataSource
2016-04-27 17:58:10.672 DEBUG 37359 --- [    Test worker] o.s.b.f.s.DefaultListableBeanFactory     : Returning cached instance of singleton bean 'autoConfigurationReport'
2016-04-27 17:58:10.675 TRACE 37359 --- [    Test worker] o.s.b.a.condition.OnClassCondition       : Condition OnClassCondition on org.springframework.boot.autoconfigure.orm.jpa.HibernateJpaAutoConfiguration matched due to @ConditionalOnClass classes found: org.springframework.orm.jpa.LocalContainerEntityManagerFactoryBean,org.springframework.transaction.annotation.EnableTransactionManagement,javax.persistence.EntityManager
2016-04-27 17:58:10.675 DEBUG 37359 --- [    Test worker] o.s.b.f.s.DefaultListableBeanFactory     : Returning cached instance of singleton bean 'autoConfigurationReport'
2016-04-27 17:58:10.676 TRACE 37359 --- [    Test worker] guration$HibernateEntityManagerCondition : Condition HibernateJpaAutoConfiguration.HibernateEntityManagerCondition on org.springframework.boot.autoconfigure.orm.jpa.HibernateJpaAutoConfiguration matched due to found HibernateEntityManager class
2016-04-27 17:58:10.676 DEBUG 37359 --- [    Test worker] o.s.b.f.s.DefaultListableBeanFactory     : Returning cached instance of singleton bean 'autoConfigurationReport'
2016-04-27 17:58:10.677 TRACE 37359 --- [    Test worker] o.s.b.a.condition.OnClassCondition       : Condition OnClassCondition on org.springframework.boot.autoconfigure.orm.jpa.JpaBaseConfiguration$JpaWebConfiguration matched due to @ConditionalOnClass classes found: org.springframework.web.servlet.config.annotation.WebMvcConfigurerAdapter
2016-04-27 17:58:10.677 DEBUG 37359 --- [    Test worker] o.s.b.f.s.DefaultListableBeanFactory     : Returning cached instance of singleton bean 'autoConfigurationReport'
2016-04-27 17:58:10.677 TRACE 37359 --- [    Test worker] o.s.b.a.c.OnWebApplicationCondition      : Condition OnWebApplicationCondition on org.springframework.boot.autoconfigure.orm.jpa.JpaBaseConfiguration$JpaWebConfiguration matched due to found web application 'session' scope
2016-04-27 17:58:10.678 DEBUG 37359 --- [    Test worker] o.s.b.f.s.DefaultListableBeanFactory     : Returning cached instance of singleton bean 'autoConfigurationReport'
2016-04-27 17:58:10.678 TRACE 37359 --- [    Test worker] o.s.b.a.condition.OnPropertyCondition    : Condition OnPropertyCondition on org.springframework.boot.autoconfigure.orm.jpa.JpaBaseConfiguration$JpaWebConfiguration matched
2016-04-27 17:58:10.678 DEBUG 37359 --- [    Test worker] o.s.b.f.s.DefaultListableBeanFactory     : Returning cached instance of singleton bean 'autoConfigurationReport'
2016-04-27 17:58:10.686 TRACE 37359 --- [    Test worker] o.s.b.a.condition.OnClassCondition       : Condition OnClassCondition on org.springframework.boot.autoconfigure.batch.BatchAutoConfiguration did not match due to required @ConditionalOnClass classes not found: org.springframework.batch.core.launch.JobLauncher
2016-04-27 17:58:10.686 DEBUG 37359 --- [    Test worker] o.s.b.f.s.DefaultListableBeanFactory     : Returning cached instance of singleton bean 'autoConfigurationReport'
2016-04-27 17:58:10.687 TRACE 37359 --- [    Test worker] o.s.b.a.condition.OnClassCondition       : Condition OnClassCondition on org.springframework.boot.autoconfigure.redis.RedisAutoConfiguration did not match due to required @ConditionalOnClass classes not found: org.springframework.data.redis.connection.jedis.JedisConnection,org.springframework.data.redis.core.RedisOperations,redis.clients.jedis.Jedis
2016-04-27 17:58:10.687 DEBUG 37359 --- [    Test worker] o.s.b.f.s.DefaultListableBeanFactory     : Returning cached instance of singleton bean 'autoConfigurationReport'
2016-04-27 17:58:10.688 TRACE 37359 --- [    Test worker] o.s.b.a.condition.OnClassCondition       : Condition OnClassCondition on org.springframework.boot.autoconfigure.cache.CacheAutoConfiguration matched due to @ConditionalOnClass classes found: org.springframework.cache.CacheManager
2016-04-27 17:58:10.688 DEBUG 37359 --- [    Test worker] o.s.b.f.s.DefaultListableBeanFactory     : Returning cached instance of singleton bean 'autoConfigurationReport'
2016-04-27 17:58:10.695 TRACE 37359 --- [    Test worker] o.s.b.a.cache.CacheCondition             : Condition CacheCondition on org.springframework.boot.autoconfigure.cache.GenericCacheConfiguration matched due to Automatic cache type
2016-04-27 17:58:10.696 DEBUG 37359 --- [    Test worker] o.s.b.f.s.DefaultListableBeanFactory     : Returning cached instance of singleton bean 'autoConfigurationReport'
2016-04-27 17:58:10.697 TRACE 37359 --- [    Test worker] o.s.b.a.condition.OnClassCondition       : Condition OnClassCondition on org.springframework.boot.autoconfigure.cache.JCacheCacheConfiguration did not match due to required @ConditionalOnClass classes not found: javax.cache.Caching,org.springframework.cache.jcache.JCacheCacheManager
2016-04-27 17:58:10.698 DEBUG 37359 --- [    Test worker] o.s.b.f.s.DefaultListableBeanFactory     : Returning cached instance of singleton bean 'autoConfigurationReport'
2016-04-27 17:58:10.699 TRACE 37359 --- [    Test worker] o.s.b.a.condition.OnClassCondition       : Condition OnClassCondition on org.springframework.boot.autoconfigure.cache.EhCacheCacheConfiguration did not match due to required @ConditionalOnClass classes not found: net.sf.ehcache.Cache,org.springframework.cache.ehcache.EhCacheCacheManager
2016-04-27 17:58:10.699 DEBUG 37359 --- [    Test worker] o.s.b.f.s.DefaultListableBeanFactory     : Returning cached instance of singleton bean 'autoConfigurationReport'
2016-04-27 17:58:10.700 TRACE 37359 --- [    Test worker] o.s.b.a.condition.OnClassCondition       : Condition OnClassCondition on org.springframework.boot.autoconfigure.cache.HazelcastCacheConfiguration did not match due to required @ConditionalOnClass classes not found: com.hazelcast.core.HazelcastInstance,com.hazelcast.spring.cache.HazelcastCacheManager
2016-04-27 17:58:10.700 DEBUG 37359 --- [    Test worker] o.s.b.f.s.DefaultListableBeanFactory     : Returning cached instance of singleton bean 'autoConfigurationReport'
2016-04-27 17:58:10.700 TRACE 37359 --- [    Test worker] o.s.b.a.condition.OnClassCondition       : Condition OnClassCondition on org.springframework.boot.autoconfigure.cache.InfinispanCacheConfiguration did not match due to required @ConditionalOnClass classes not found: org.infinispan.spring.provider.SpringEmbeddedCacheManager
2016-04-27 17:58:10.700 DEBUG 37359 --- [    Test worker] o.s.b.f.s.DefaultListableBeanFactory     : Returning cached instance of singleton bean 'autoConfigurationReport'
2016-04-27 17:58:10.701 TRACE 37359 --- [    Test worker] o.s.b.a.cache.CacheCondition             : Condition CacheCondition on org.springframework.boot.autoconfigure.cache.RedisCacheConfiguration matched due to Automatic cache type
2016-04-27 17:58:10.702 DEBUG 37359 --- [    Test worker] o.s.b.f.s.DefaultListableBeanFactory     : Returning cached instance of singleton bean 'autoConfigurationReport'
2016-04-27 17:58:10.705 TRACE 37359 --- [    Test worker] o.s.b.a.condition.OnClassCondition       : Condition OnClassCondition on org.springframework.boot.autoconfigure.cache.GuavaCacheConfiguration did not match due to required @ConditionalOnClass classes not found: org.springframework.cache.guava.GuavaCacheManager
2016-04-27 17:58:10.705 DEBUG 37359 --- [    Test worker] o.s.b.f.s.DefaultListableBeanFactory     : Returning cached instance of singleton bean 'autoConfigurationReport'
2016-04-27 17:58:10.705 TRACE 37359 --- [    Test worker] o.s.b.a.cache.CacheCondition             : Condition CacheCondition on org.springframework.boot.autoconfigure.cache.SimpleCacheConfiguration matched due to Automatic cache type
2016-04-27 17:58:10.705 DEBUG 37359 --- [    Test worker] o.s.b.f.s.DefaultListableBeanFactory     : Returning cached instance of singleton bean 'autoConfigurationReport'
2016-04-27 17:58:10.706 TRACE 37359 --- [    Test worker] o.s.b.a.cache.CacheCondition             : Condition CacheCondition on org.springframework.boot.autoconfigure.cache.NoOpCacheConfiguration matched due to Automatic cache type
2016-04-27 17:58:10.706 DEBUG 37359 --- [    Test worker] o.s.b.f.s.DefaultListableBeanFactory     : Returning cached instance of singleton bean 'autoConfigurationReport'
2016-04-27 17:58:10.709 TRACE 37359 --- [    Test worker] o.s.b.a.condition.OnClassCondition       : Condition OnClassCondition on org.springframework.boot.autoconfigure.dao.PersistenceExceptionTranslationAutoConfiguration matched due to @ConditionalOnClass classes found: org.springframework.dao.annotation.PersistenceExceptionTranslationPostProcessor
2016-04-27 17:58:10.709 DEBUG 37359 --- [    Test worker] o.s.b.f.s.DefaultListableBeanFactory     : Returning cached instance of singleton bean 'autoConfigurationReport'
2016-04-27 17:58:10.710 TRACE 37359 --- [    Test worker] o.s.b.a.condition.OnClassCondition       : Condition OnClassCondition on org.springframework.boot.autoconfigure.data.elasticsearch.ElasticsearchRepositoriesAutoConfiguration did not match due to required @ConditionalOnClass classes not found: org.elasticsearch.client.Client,org.springframework.data.elasticsearch.repository.ElasticsearchRepository
2016-04-27 17:58:10.710 DEBUG 37359 --- [    Test worker] o.s.b.f.s.DefaultListableBeanFactory     : Returning cached instance of singleton bean 'autoConfigurationReport'
2016-04-27 17:58:10.711 TRACE 37359 --- [    Test worker] o.s.b.a.condition.OnClassCondition       : Condition OnClassCondition on org.springframework.boot.autoconfigure.data.jpa.JpaRepositoriesAutoConfiguration matched due to @ConditionalOnClass classes found: org.springframework.data.jpa.repository.JpaRepository
2016-04-27 17:58:10.711 DEBUG 37359 --- [    Test worker] o.s.b.f.s.DefaultListableBeanFactory     : Returning cached instance of singleton bean 'autoConfigurationReport'
2016-04-27 17:58:10.711 TRACE 37359 --- [    Test worker] o.s.b.a.condition.OnPropertyCondition    : Condition OnPropertyCondition on org.springframework.boot.autoconfigure.data.jpa.JpaRepositoriesAutoConfiguration matched
2016-04-27 17:58:10.711 DEBUG 37359 --- [    Test worker] o.s.b.f.s.DefaultListableBeanFactory     : Returning cached instance of singleton bean 'autoConfigurationReport'
2016-04-27 17:58:10.715 TRACE 37359 --- [    Test worker] o.s.b.a.condition.OnClassCondition       : Condition OnClassCondition on org.springframework.boot.autoconfigure.mongo.embedded.EmbeddedMongoAutoConfiguration did not match due to required @ConditionalOnClass classes not found: com.mongodb.Mongo,de.flapdoodle.embed.mongo.MongodStarter
2016-04-27 17:58:10.715 DEBUG 37359 --- [    Test worker] o.s.b.f.s.DefaultListableBeanFactory     : Returning cached instance of singleton bean 'autoConfigurationReport'
2016-04-27 17:58:10.716 TRACE 37359 --- [    Test worker] o.s.b.a.condition.OnClassCondition       : Condition OnClassCondition on org.springframework.boot.autoconfigure.mongo.MongoAutoConfiguration did not match due to required @ConditionalOnClass classes not found: com.mongodb.MongoClient
2016-04-27 17:58:10.716 DEBUG 37359 --- [    Test worker] o.s.b.f.s.DefaultListableBeanFactory     : Returning cached instance of singleton bean 'autoConfigurationReport'
2016-04-27 17:58:10.716 TRACE 37359 --- [    Test worker] o.s.b.a.condition.OnClassCondition       : Condition OnClassCondition on org.springframework.boot.autoconfigure.mongo.MongoDataAutoConfiguration did not match due to required @ConditionalOnClass classes not found: com.mongodb.Mongo,org.springframework.data.mongodb.core.MongoTemplate
2016-04-27 17:58:10.716 DEBUG 37359 --- [    Test worker] o.s.b.f.s.DefaultListableBeanFactory     : Returning cached instance of singleton bean 'autoConfigurationReport'
2016-04-27 17:58:10.717 TRACE 37359 --- [    Test worker] o.s.b.a.condition.OnClassCondition       : Condition OnClassCondition on org.springframework.boot.autoconfigure.data.mongo.MongoRepositoriesAutoConfiguration did not match due to required @ConditionalOnClass classes not found: com.mongodb.Mongo,org.springframework.data.mongodb.repository.MongoRepository
2016-04-27 17:58:10.717 DEBUG 37359 --- [    Test worker] o.s.b.f.s.DefaultListableBeanFactory     : Returning cached instance of singleton bean 'autoConfigurationReport'
2016-04-27 17:58:10.717 TRACE 37359 --- [    Test worker] o.s.b.a.condition.OnClassCondition       : Condition OnClassCondition on org.springframework.boot.autoconfigure.gson.GsonAutoConfiguration did not match due to required @ConditionalOnClass classes not found: com.google.gson.Gson
2016-04-27 17:58:10.717 DEBUG 37359 --- [    Test worker] o.s.b.f.s.DefaultListableBeanFactory     : Returning cached instance of singleton bean 'autoConfigurationReport'
2016-04-27 17:58:10.717 TRACE 37359 --- [    Test worker] o.s.b.a.condition.OnClassCondition       : Condition OnClassCondition on org.springframework.boot.autoconfigure.jackson.JacksonAutoConfiguration matched due to @ConditionalOnClass classes found: com.fasterxml.jackson.databind.ObjectMapper
2016-04-27 17:58:10.718 DEBUG 37359 --- [    Test worker] o.s.b.f.s.DefaultListableBeanFactory     : Returning cached instance of singleton bean 'autoConfigurationReport'
2016-04-27 17:58:10.719 TRACE 37359 --- [    Test worker] o.s.b.a.condition.OnClassCondition       : Condition OnClassCondition on org.springframework.boot.autoconfigure.jackson.JacksonAutoConfiguration$JacksonObjectMapperBuilderConfiguration matched due to @ConditionalOnClass classes found: com.fasterxml.jackson.databind.ObjectMapper,org.springframework.http.converter.json.Jackson2ObjectMapperBuilder
2016-04-27 17:58:10.719 DEBUG 37359 --- [    Test worker] o.s.b.f.s.DefaultListableBeanFactory     : Returning cached instance of singleton bean 'autoConfigurationReport'
2016-04-27 17:58:10.721 TRACE 37359 --- [    Test worker] o.s.b.a.condition.OnClassCondition       : Condition OnClassCondition on org.springframework.boot.autoconfigure.jackson.JacksonAutoConfiguration$JodaDateTimeJacksonConfiguration did not match due to required @ConditionalOnClass classes not found: org.joda.time.DateTime,com.fasterxml.jackson.datatype.joda.ser.DateTimeSerializer,com.fasterxml.jackson.datatype.joda.cfg.JacksonJodaDateFormat
2016-04-27 17:58:10.721 DEBUG 37359 --- [    Test worker] o.s.b.f.s.DefaultListableBeanFactory     : Returning cached instance of singleton bean 'autoConfigurationReport'
2016-04-27 17:58:10.721 TRACE 37359 --- [    Test worker] o.s.b.a.condition.OnClassCondition       : Condition OnClassCondition on org.springframework.boot.autoconfigure.jackson.JacksonAutoConfiguration$JacksonObjectMapperConfiguration matched due to @ConditionalOnClass classes found: com.fasterxml.jackson.databind.ObjectMapper,org.springframework.http.converter.json.Jackson2ObjectMapperBuilder
2016-04-27 17:58:10.721 DEBUG 37359 --- [    Test worker] o.s.b.f.s.DefaultListableBeanFactory     : Returning cached instance of singleton bean 'autoConfigurationReport'
2016-04-27 17:58:10.722 TRACE 37359 --- [    Test worker] o.s.b.a.condition.OnClassCondition       : Condition OnClassCondition on org.springframework.boot.autoconfigure.web.HttpMessageConvertersAutoConfiguration matched due to @ConditionalOnClass classes found: org.springframework.http.converter.HttpMessageConverter
2016-04-27 17:58:10.722 DEBUG 37359 --- [    Test worker] o.s.b.f.s.DefaultListableBeanFactory     : Returning cached instance of singleton bean 'autoConfigurationReport'
2016-04-27 17:58:10.723 TRACE 37359 --- [    Test worker] o.s.b.a.condition.OnClassCondition       : Condition OnClassCondition on org.springframework.boot.autoconfigure.web.HttpMessageConvertersAutoConfiguration$StringHttpMessageConverterConfiguration matched due to @ConditionalOnClass classes found: org.springframework.http.converter.StringHttpMessageConverter
2016-04-27 17:58:10.724 DEBUG 37359 --- [    Test worker] o.s.b.f.s.DefaultListableBeanFactory     : Returning cached instance of singleton bean 'autoConfigurationReport'
2016-04-27 17:58:10.727 TRACE 37359 --- [    Test worker] o.s.b.a.condition.OnClassCondition       : Condition OnClassCondition on org.springframework.boot.autoconfigure.web.JacksonHttpMessageConvertersConfiguration$MappingJackson2XmlHttpMessageConverterConfiguration did not match due to required @ConditionalOnClass classes not found: com.fasterxml.jackson.dataformat.xml.XmlMapper
2016-04-27 17:58:10.727 DEBUG 37359 --- [    Test worker] o.s.b.f.s.DefaultListableBeanFactory     : Returning cached instance of singleton bean 'autoConfigurationReport'
2016-04-27 17:58:10.727 TRACE 37359 --- [    Test worker] o.s.b.a.condition.OnClassCondition       : Condition OnClassCondition on org.springframework.boot.autoconfigure.web.JacksonHttpMessageConvertersConfiguration$MappingJackson2HttpMessageConverterConfiguration matched due to @ConditionalOnClass classes found: com.fasterxml.jackson.databind.ObjectMapper
2016-04-27 17:58:10.727 DEBUG 37359 --- [    Test worker] o.s.b.f.s.DefaultListableBeanFactory     : Returning cached instance of singleton bean 'autoConfigurationReport'
2016-04-27 17:58:10.728 TRACE 37359 --- [    Test worker] o.s.b.a.condition.OnPropertyCondition    : Condition OnPropertyCondition on org.springframework.boot.autoconfigure.web.JacksonHttpMessageConvertersConfiguration$MappingJackson2HttpMessageConverterConfiguration matched
2016-04-27 17:58:10.728 DEBUG 37359 --- [    Test worker] o.s.b.f.s.DefaultListableBeanFactory     : Returning cached instance of singleton bean 'autoConfigurationReport'
2016-04-27 17:58:10.729 TRACE 37359 --- [    Test worker] o.s.b.a.condition.OnClassCondition       : Condition OnClassCondition on org.springframework.boot.autoconfigure.web.GsonHttpMessageConvertersConfiguration did not match due to required @ConditionalOnClass classes not found: com.google.gson.Gson
2016-04-27 17:58:10.729 DEBUG 37359 --- [    Test worker] o.s.b.f.s.DefaultListableBeanFactory     : Returning cached instance of singleton bean 'autoConfigurationReport'
2016-04-27 17:58:10.730 TRACE 37359 --- [    Test worker] o.s.b.a.condition.OnClassCondition       : Condition OnClassCondition on org.springframework.boot.autoconfigure.data.rest.RepositoryRestMvcAutoConfiguration matched due to @ConditionalOnClass classes found: org.springframework.data.rest.webmvc.config.RepositoryRestMvcConfiguration
2016-04-27 17:58:10.730 DEBUG 37359 --- [    Test worker] o.s.b.f.s.DefaultListableBeanFactory     : Returning cached instance of singleton bean 'autoConfigurationReport'
2016-04-27 17:58:10.731 TRACE 37359 --- [    Test worker] o.s.b.a.c.OnWebApplicationCondition      : Condition OnWebApplicationCondition on org.springframework.boot.autoconfigure.data.rest.RepositoryRestMvcAutoConfiguration matched due to found web application 'session' scope
2016-04-27 17:58:10.731 DEBUG 37359 --- [    Test worker] o.s.b.f.s.DefaultListableBeanFactory     : Returning cached instance of singleton bean 'autoConfigurationReport'
2016-04-27 17:58:10.739 DEBUG 37359 --- [    Test worker] o.s.core.env.StandardEnvironment         : Adding [systemProperties] PropertySource with lowest search precedence
2016-04-27 17:58:10.739 DEBUG 37359 --- [    Test worker] o.s.core.env.StandardEnvironment         : Adding [systemEnvironment] PropertySource with lowest search precedence
2016-04-27 17:58:10.739 DEBUG 37359 --- [    Test worker] o.s.core.env.StandardEnvironment         : Initialized StandardEnvironment with PropertySources [systemProperties,systemEnvironment]
2016-04-27 17:58:10.740 DEBUG 37359 --- [    Test worker] .i.s.PathMatchingResourcePatternResolver : Looking for matching resources in jar file [file:/Users/yjayaraman/.gradle/caches/modules-2/files-2.1/org.springframework.data/spring-data-rest-webmvc/2.4.0.RELEASE/834db763dd30c31bb330d981169860e7cd5cbeee/spring-data-rest-webmvc-2.4.0.RELEASE.jar]
2016-04-27 17:58:10.743 DEBUG 37359 --- [    Test worker] .i.s.PathMatchingResourcePatternResolver : Resolved location pattern [classpath*:org/springframework/data/rest/webmvc/**/*.class] to resources [URL [jar:file:/Users/yjayaraman/.gradle/caches/modules-2/files-2.1/org.springframework.data/spring-data-rest-webmvc/2.4.0.RELEASE/834db763dd30c31bb330d981169860e7cd5cbeee/spring-data-rest-webmvc-2.4.0.RELEASE.jar!/org/springframework/data/rest/webmvc/ResourceProcessorHandlerMethodReturnValueHandler.class], URL [jar:file:/Users/yjayaraman/.gradle/caches/modules-2/files-2.1/org.springframework.data/spring-data-rest-webmvc/2.4.0.RELEASE/834db763dd30c31bb330d981169860e7cd5cbeee/spring-data-rest-webmvc-2.4.0.RELEASE.jar!/org/springframework/data/rest/webmvc/mapping/AssociationLinks.class], URL [jar:file:/Users/yjayaraman/.gradle/caches/modules-2/files-2.1/org.springframework.data/spring-data-rest-webmvc/2.4.0.RELEASE/834db763dd30c31bb330d981169860e7cd5cbeee/spring-data-rest-webmvc-2.4.0.RELEASE.jar!/org/springframework/data/rest/webmvc/mapping/LinkCollectingAssociationHandler.class], URL [jar:file:/Users/yjayaraman/.gradle/caches/modules-2/files-2.1/org.springframework.data/spring-data-rest-webmvc/2.4.0.RELEASE/834db763dd30c31bb330d981169860e7cd5cbeee/spring-data-rest-webmvc-2.4.0.RELEASE.jar!/org/springframework/data/rest/webmvc/RepositoryEntityController.class], URL [jar:file:/Users/yjayaraman/.gradle/caches/modules-2/files-2.1/org.springframework.data/spring-data-rest-webmvc/2.4.0.RELEASE/834db763dd30c31bb330d981169860e7cd5cbeee/spring-data-rest-webmvc-2.4.0.RELEASE.jar!/org/springframework/data/rest/webmvc/PersistentEntityResource$Builder.class], URL [jar:file:/Users/yjayaraman/.gradle/caches/modules-2/files-2.1/org.springframework.data/spring-data-rest-webmvc/2.4.0.RELEASE/834db763dd30c31bb330d981169860e7cd5cbeee/spring-data-rest-webmvc-2.4.0.RELEASE.jar!/org/springframework/data/rest/webmvc/PersistentEntityResource$1.class], URL [jar:file:/Users/yjayaraman/.gradle/caches/modules-2/files-2.1/org.springframework.data/spring-data-rest-webmvc/2.4.0.RELEASE/834db763dd30c31bb330d981169860e7cd5cbeee/spring-data-rest-webmvc-2.4.0.RELEASE.jar!/org/springframework/data/rest/webmvc/RepositoryController.class], URL [jar:file:/Users/yjayaraman/.gradle/caches/modules-2/files-2.1/org.springframework.data/spring-data-rest-webmvc/2.4.0.RELEASE/834db763dd30c31bb330d981169860e7cd5cbeee/spring-data-rest-webmvc-2.4.0.RELEASE.jar!/org/springframework/data/rest/webmvc/ResourceProcessorInvokingHandlerAdapter.class], URL [jar:file:/Users/yjayaraman/.gradle/caches/modules-2/files-2.1/org.springframework.data/spring-data-rest-webmvc/2.4.0.RELEASE/834db763dd30c31bb330d981169860e7cd5cbeee/spring-data-rest-webmvc-2.4.0.RELEASE.jar!/org/springframework/data/rest/webmvc/RepositorySearchesResource.class], URL [jar:file:/Users/yjayaraman/.gradle/caches/modules-2/files-2.1/org.springframework.data/spring-data-rest-webmvc/2.4.0.RELEASE/834db763dd30c31bb330d981169860e7cd5cbeee/spring-data-rest-webmvc-2.4.0.RELEASE.jar!/org/springframework/data/rest/webmvc/RepositoryRestController.class], URL [jar:file:/Users/yjayaraman/.gradle/caches/modules-2/files-2.1/org.springframework.data/spring-data-rest-webmvc/2.4.0.RELEASE/834db763dd30c31bb330d981169860e7cd5cbeee/spring-data-rest-webmvc-2.4.0.RELEASE.jar!/org/springframework/data/rest/webmvc/ProfileController.class], URL [jar:file:/Users/yjayaraman/.gradle/caches/modules-2/files-2.1/org.springframework.data/spring-data-rest-webmvc/2.4.0.RELEASE/834db763dd30c31bb330d981169860e7cd5cbeee/spring-data-rest-webmvc-2.4.0.RELEASE.jar!/org/springframework/data/rest/webmvc/RepositoryPropertyReferenceController$2.class], URL [jar:file:/Users/yjayaraman/.gradle/caches/modules-2/files-2.1/org.springframework.data/spring-data-rest-webmvc/2.4.0.RELEASE/834db763dd30c31bb330d981169860e7cd5cbeee/spring-data-rest-webmvc-2.4.0.RELEASE.jar!/org/springframework/data/rest/webmvc/ServerHttpRequestMethodArgumentResolver.class], URL [jar:file:/Users/yjayaraman/.gradle/caches/modules-2/files-2.1/org.springframework.data/spring-data-rest-webmvc/2.4.0.RELEASE/834db763dd30c31bb330d981169860e7cd5cbeee/spring-data-rest-webmvc-2.4.0.RELEASE.jar!/org/springframework/data/rest/webmvc/PersistentEntityResource.class], URL [jar:file:/Users/yjayaraman/.gradle/caches/modules-2/files-2.1/org.springframework.data/spring-data-rest-webmvc/2.4.0.RELEASE/834db763dd30c31bb330d981169860e7cd5cbeee/spring-data-rest-webmvc-2.4.0.RELEASE.jar!/org/springframework/data/rest/webmvc/util/UriUtils.class], URL [jar:file:/Users/yjayaraman/.gradle/caches/modules-2/files-2.1/org.springframework.data/spring-data-rest-webmvc/2.4.0.RELEASE/834db763dd30c31bb330d981169860e7cd5cbeee/spring-data-rest-webmvc-2.4.0.RELEASE.jar!/org/springframework/data/rest/webmvc/RepositoryPropertyReferenceController.class], URL [jar:file:/Users/yjayaraman/.gradle/caches/modules-2/files-2.1/org.springframework.data/spring-data-rest-webmvc/2.4.0.RELEASE/834db763dd30c31bb330d981169860e7cd5cbeee/spring-data-rest-webmvc-2.4.0.RELEASE.jar!/org/springframework/data/rest/webmvc/RepositoryRestHandlerAdapter.class], URL [jar:file:/Users/yjayaraman/.gradle/caches/modules-2/files-2.1/org.springframework.data/spring-data-rest-webmvc/2.4.0.RELEASE/834db763dd30c31bb330d981169860e7cd5cbeee/spring-data-rest-webmvc-2.4.0.RELEASE.jar!/org/springframework/data/rest/webmvc/RepositoryRestExceptionHandler.class], URL [jar:file:/Users/yjayaraman/.gradle/caches/modules-2/files-2.1/org.springframework.data/spring-data-rest-webmvc/2.4.0.RELEASE/834db763dd30c31bb330d981169860e7cd5cbeee/spring-data-rest-webmvc-2.4.0.RELEASE.jar!/org/springframework/data/rest/webmvc/convert/UriListHttpMessageConverter.class], URL [jar:file:/Users/yjayaraman/.gradle/caches/modules-2/files-2.1/org.springframework.data/spring-data-rest-webmvc/2.4.0.RELEASE/834db763dd30c31bb330d981169860e7cd5cbeee/spring-data-rest-webmvc-2.4.0.RELEASE.jar!/org/springframework/data/rest/webmvc/RepositoryPropertyReferenceController$1.class], URL [jar:file:/Users/yjayaraman/.gradle/caches/modules-2/files-2.1/org.springframework.data/spring-data-rest-webmvc/2.4.0.RELEASE/834db763dd30c31bb330d981169860e7cd5cbeee/spring-data-rest-webmvc-2.4.0.RELEASE.jar!/org/springframework/data/rest/webmvc/ControllerUtils.class], URL [jar:file:/Users/yjayaraman/.gradle/caches/modules-2/files-2.1/org.springframework.data/spring-data-rest-webmvc/2.4.0.RELEASE/834db763dd30c31bb330d981169860e7cd5cbeee/spring-data-rest-webmvc-2.4.0.RELEASE.jar!/org/springframework/data/rest/webmvc/RepositoryRestDispatcherServlet.class], URL [jar:file:/Users/yjayaraman/.gradle/caches/modules-2/files-2.1/org.springframework.data/spring-data-rest-webmvc/2.4.0.RELEASE/834db763dd30c31bb330d981169860e7cd5cbeee/spring-data-rest-webmvc-2.4.0.RELEASE.jar!/org/springframework/data/rest/webmvc/RepositoryPropertyReferenceController$ReferencedProperty.class], URL [jar:file:/Users/yjayaraman/.gradle/caches/modules-2/files-2.1/org.springframework.data/spring-data-rest-webmvc/2.4.0.RELEASE/834db763dd30c31bb330d981169860e7cd5cbeee/spring-data-rest-webmvc-2.4.0.RELEASE.jar!/org/springframework/data/rest/webmvc/BaseUri.class], URL [jar:file:/Users/yjayaraman/.gradle/caches/modules-2/files-2.1/org.springframework.data/spring-data-rest-webmvc/2.4.0.RELEASE/834db763dd30c31bb330d981169860e7cd5cbeee/spring-data-rest-webmvc-2.4.0.RELEASE.jar!/org/springframework/data/rest/webmvc/RepositoryPropertyReferenceController$4.class], URL [jar:file:/Users/yjayaraman/.gradle/caches/modules-2/files-2.1/org.springframework.data/spring-data-rest-webmvc/2.4.0.RELEASE/834db763dd30c31bb330d981169860e7cd5cbeee/spring-data-rest-webmvc-2.4.0.RELEASE.jar!/org/springframework/data/rest/webmvc/ResourceProcessorHandlerMethodReturnValueHandler$CustomOrderAwareComparator.class], URL [jar:file:/Users/yjayaraman/.gradle/caches/modules-2/files-2.1/org.springframework.data/spring-data-rest-webmvc/2.4.0.RELEASE/834db763dd30c31bb330d981169860e7cd5cbeee/spring-data-rest-webmvc-2.4.0.RELEASE.jar!/org/springframework/data/rest/webmvc/ResourceProcessorHandlerMethodReturnValueHandler$ResourceProcessorWrapper.class], URL [jar:file:/Users/yjayaraman/.gradle/caches/modules-2/files-2.1/org.springframework.data/spring-data-rest-webmvc/2.4.0.RELEASE/834db763dd30c31bb330d981169860e7cd5cbeee/spring-data-rest-webmvc-2.4.0.RELEASE.jar!/org/springframework/data/rest/webmvc/BasePathAwareHandlerMapping$CustomAcceptHeaderHttpServletRequest.class], URL [jar:file:/Users/yjayaraman/.gradle/caches/modules-2/files-2.1/org.springframework.data/spring-data-rest-webmvc/2.4.0.RELEASE/834db763dd30c31bb330d981169860e7cd5cbeee/spring-data-rest-webmvc-2.4.0.RELEASE.jar!/org/springframework/data/rest/webmvc/RestMediaTypes.class], URL [jar:file:/Users/yjayaraman/.gradle/caches/modules-2/files-2.1/org.springframework.data/spring-data-rest-webmvc/2.4.0.RELEASE/834db763dd30c31bb330d981169860e7cd5cbeee/spring-data-rest-webmvc-2.4.0.RELEASE.jar!/org/springframework/data/rest/webmvc/json/DomainObjectReader$1.class], URL [jar:file:/Users/yjayaraman/.gradle/caches/modules-2/files-2.1/org.springframework.data/spring-data-rest-webmvc/2.4.0.RELEASE/834db763dd30c31bb330d981169860e7cd5cbeee/spring-data-rest-webmvc-2.4.0.RELEASE.jar!/org/springframework/data/rest/webmvc/json/DomainObjectReader$MappedProperties.class], URL [jar:file:/Users/yjayaraman/.gradle/caches/modules-2/files-2.1/org.springframework.data/spring-data-rest-webmvc/2.4.0.RELEASE/834db763dd30c31bb330d981169860e7cd5cbeee/spring-data-rest-webmvc-2.4.0.RELEASE.jar!/org/springframework/data/rest/webmvc/json/PersistentEntityJackson2Module$ProjectionResource.class], URL [jar:file:/Users/yjayaraman/.gradle/caches/modules-2/files-2.1/org.springframework.data/spring-data-rest-webmvc/2.4.0.RELEASE/834db763dd30c31bb330d981169860e7cd5cbeee/spring-data-rest-webmvc-2.4.0.RELEASE.jar!/org/springframework/data/rest/webmvc/json/PersistentEntityJackson2Module$ProjectionSerializer.class], URL [jar:file:/Users/yjayaraman/.gradle/caches/modules-2/files-2.1/org.springframework.data/spring-data-rest-webmvc/2.4.0.RELEASE/834db763dd30c31bb330d981169860e7cd5cbeee/spring-data-rest-webmvc-2.4.0.RELEASE.jar!/org/springframework/data/rest/webmvc/json/JsonSchema$EnumProperty.class], URL [jar:file:/Users/yjayaraman/.gradle/caches/modules-2/files-2.1/org.springframework.data/spring-data-rest-webmvc/2.4.0.RELEASE/834db763dd30c31bb330d981169860e7cd5cbeee/spring-data-rest-webmvc-2.4.0.RELEASE.jar!/org/springframework/data/rest/webmvc/json/DomainObjectReader.class], URL [jar:file:/Users/yjayaraman/.gradle/caches/modules-2/files-2.1/org.springframework.data/spring-data-rest-webmvc/2.4.0.RELEASE/834db763dd30c31bb330d981169860e7cd5cbeee/spring-data-rest-webmvc-2.4.0.RELEASE.jar!/org/springframework/data/rest/webmvc/json/JacksonSerializers$EnumTranslatingDeserializer.class], URL [jar:file:/Users/yjayaraman/.gradle/caches/modules-2/files-2.1/org.springframework.data/spring-data-rest-webmvc/2.4.0.RELEASE/834db763dd30c31bb330d981169860e7cd5cbeee/spring-data-rest-webmvc-2.4.0.RELEASE.jar!/org/springframework/data/rest/webmvc/json/JsonSchema$AbstractJsonSchemaProperty.class], URL [jar:file:/Users/yjayaraman/.gradle/caches/modules-2/files-2.1/org.springframework.data/spring-data-rest-webmvc/2.4.0.RELEASE/834db763dd30c31bb330d981169860e7cd5cbeee/spring-data-rest-webmvc-2.4.0.RELEASE.jar!/org/springframework/data/rest/webmvc/json/JsonSchema$PropertiesContainer.class], URL [jar:file:/Users/yjayaraman/.gradle/caches/modules-2/files-2.1/org.springframework.data/spring-data-rest-webmvc/2.4.0.RELEASE/834db763dd30c31bb330d981169860e7cd5cbeee/spring-data-rest-webmvc-2.4.0.RELEASE.jar!/org/springframework/data/rest/webmvc/json/JacksonSerializers$EnumTranslatingSerializer.class], URL [jar:file:/Users/yjayaraman/.gradle/caches/modules-2/files-2.1/org.springframework.data/spring-data-rest-webmvc/2.4.0.RELEASE/834db763dd30c31bb330d981169860e7cd5cbeee/spring-data-rest-webmvc-2.4.0.RELEASE.jar!/org/springframework/data/rest/webmvc/json/JsonSchemaPropertyCustomizer.class], URL [jar:file:/Users/yjayaraman/.gradle/caches/modules-2/files-2.1/org.springframework.data/spring-data-rest-webmvc/2.4.0.RELEASE/834db763dd30c31bb330d981169860e7cd5cbeee/spring-data-rest-webmvc-2.4.0.RELEASE.jar!/org/springframework/data/rest/webmvc/json/JsonSchema$Item.class], URL [jar:file:/Users/yjayaraman/.gradle/caches/modules-2/files-2.1/org.springframework.data/spring-data-rest-webmvc/2.4.0.RELEASE/834db763dd30c31bb330d981169860e7cd5cbeee/spring-data-rest-webmvc-2.4.0.RELEASE.jar!/org/springframework/data/rest/webmvc/json/JacksonMetadata.class], URL [jar:file:/Users/yjayaraman/.gradle/caches/modules-2/files-2.1/org.springframework.data/spring-data-rest-webmvc/2.4.0.RELEASE/834db763dd30c31bb330d981169860e7cd5cbeee/spring-data-rest-webmvc-2.4.0.RELEASE.jar!/org/springframework/data/rest/webmvc/json/Jackson2DatatypeHelper$Hibernate4ModuleRegistrar.class], URL [jar:file:/Users/yjayaraman/.gradle/caches/modules-2/files-2.1/org.springframework.data/spring-data-rest-webmvc/2.4.0.RELEASE/834db763dd30c31bb330d981169860e7cd5cbeee/spring-data-rest-webmvc-2.4.0.RELEASE.jar!/org/springframework/data/rest/webmvc/json/PersistentEntityJackson2Module$PersistentEntityResourceSerializer$1.class], URL [jar:file:/Users/yjayaraman/.gradle/caches/modules-2/files-2.1/org.springframework.data/spring-data-rest-webmvc/2.4.0.RELEASE/834db763dd30c31bb330d981169860e7cd5cbeee/spring-data-rest-webmvc-2.4.0.RELEASE.jar!/org/springframework/data/rest/webmvc/json/PersistentEntityJackson2Module$ProjectionResourceContent.class], URL [jar:file:/Users/yjayaraman/.gradle/caches/modules-2/files-2.1/org.springframework.data/spring-data-rest-webmvc/2.4.0.RELEASE/834db763dd30c31bb330d981169860e7cd5cbeee/spring-data-rest-webmvc-2.4.0.RELEASE.jar!/org/springframework/data/rest/webmvc/json/JsonSchema.class], URL [jar:file:/Users/yjayaraman/.gradle/caches/modules-2/files-2.1/org.springframework.data/spring-data-rest-webmvc/2.4.0.RELEASE/834db763dd30c31bb330d981169860e7cd5cbeee/spring-data-rest-webmvc-2.4.0.RELEASE.jar!/org/springframework/data/rest/webmvc/json/PersistentEntityJackson2Module$AssociationUriResolvingDeserializerModifier.class], URL [jar:file:/Users/yjayaraman/.gradle/caches/modules-2/files-2.1/org.springframework.data/spring-data-rest-webmvc/2.4.0.RELEASE/834db763dd30c31bb330d981169860e7cd5cbeee/spring-data-rest-webmvc-2.4.0.RELEASE.jar!/org/springframework/data/rest/webmvc/json/PersistentEntityJackson2Module$1.class], URL [jar:file:/Users/yjayaraman/.gradle/caches/modules-2/files-2.1/org.springframework.data/spring-data-rest-webmvc/2.4.0.RELEASE/834db763dd30c31bb330d981169860e7cd5cbeee/spring-data-rest-webmvc-2.4.0.RELEASE.jar!/org/springframework/data/rest/webmvc/json/EnumTranslator.class], URL [jar:file:/Users/yjayaraman/.gradle/caches/modules-2/files-2.1/org.springframework.data/spring-data-rest-webmvc/2.4.0.RELEASE/834db763dd30c31bb330d981169860e7cd5cbeee/spring-data-rest-webmvc-2.4.0.RELEASE.jar!/org/springframework/data/rest/webmvc/json/JacksonSerializers.class], URL [jar:file:/Users/yjayaraman/.gradle/caches/modules-2/files-2.1/org.springframework.data/spring-data-rest-webmvc/2.4.0.RELEASE/834db763dd30c31bb330d981169860e7cd5cbeee/spring-data-rest-webmvc-2.4.0.RELEASE.jar!/org/springframework/data/rest/webmvc/json/Jackson2DatatypeHelper.class], URL [jar:file:/Users/yjayaraman/.gradle/caches/modules-2/files-2.1/org.springframework.data/spring-data-rest-webmvc/2.4.0.RELEASE/834db763dd30c31bb330d981169860e7cd5cbeee/spring-data-rest-webmvc-2.4.0.RELEASE.jar!/org/springframework/data/rest/webmvc/json/PersistentEntityJackson2Module$CollectionValueInstantiator.class], URL [jar:file:/Users/yjayaraman/.gradle/caches/modules-2/files-2.1/org.springframework.data/spring-data-rest-webmvc/2.4.0.RELEASE/834db763dd30c31bb330d981169860e7cd5cbeee/spring-data-rest-webmvc-2.4.0.RELEASE.jar!/org/springframework/data/rest/webmvc/json/PersistentEntityJackson2Module.class], URL [jar:file:/Users/yjayaraman/.gradle/caches/modules-2/files-2.1/org.springframework.data/spring-data-rest-webmvc/2.4.0.RELEASE/834db763dd30c31bb330d981169860e7cd5cbeee/spring-data-rest-webmvc-2.4.0.RELEASE.jar!/org/springframework/data/rest/webmvc/json/PersistentEntityToJsonSchemaConverter$DefaultingMessageSourceResolvable.class], URL [jar:file:/Users/yjayaraman/.gradle/caches/modules-2/files-2.1/org.springframework.data/spring-data-rest-webmvc/2.4.0.RELEASE/834db763dd30c31bb330d981169860e7cd5cbeee/spring-data-rest-webmvc-2.4.0.RELEASE.jar!/org/springframework/data/rest/webmvc/json/PersistentEntityJackson2Module$LinkCollector.class], URL [jar:file:/Users/yjayaraman/.gradle/caches/modules-2/files-2.1/org.springframework.data/spring-data-rest-webmvc/2.4.0.RELEASE/834db763dd30c31bb330d981169860e7cd5cbeee/spring-data-rest-webmvc-2.4.0.RELEASE.jar!/org/springframework/data/rest/webmvc/json/PersistentEntityToJsonSchemaConverter$JsonSchemaPropertyRegistrar.class], URL [jar:file:/Users/yjayaraman/.gradle/caches/modules-2/files-2.1/org.springframework.data/spring-data-rest-webmvc/2.4.0.RELEASE/834db763dd30c31bb330d981169860e7cd5cbeee/spring-data-rest-webmvc-2.4.0.RELEASE.jar!/org/springframework/data/rest/webmvc/json/PersistentEntityJackson2Module$PersistentEntityResourceSerializer.class], URL [jar:file:/Users/yjayaraman/.gradle/caches/modules-2/files-2.1/org.springframework.data/spring-data-rest-webmvc/2.4.0.RELEASE/834db763dd30c31bb330d981169860e7cd5cbeee/spring-data-rest-webmvc-2.4.0.RELEASE.jar!/org/springframework/data/rest/webmvc/json/PersistentEntityJackson2Module$AssociationOmittingSerializerModifier.class], URL [jar:file:/Users/yjayaraman/.gradle/caches/modules-2/files-2.1/org.springframework.data/spring-data-rest-webmvc/2.4.0.RELEASE/834db763dd30c31bb330d981169860e7cd5cbeee/spring-data-rest-webmvc-2.4.0.RELEASE.jar!/org/springframework/data/rest/webmvc/json/PersistentEntityToJsonSchemaConverter.class], URL [jar:file:/Users/yjayaraman/.gradle/caches/modules-2/files-2.1/org.springframework.data/spring-data-rest-webmvc/2.4.0.RELEASE/834db763dd30c31bb330d981169860e7cd5cbeee/spring-data-rest-webmvc-2.4.0.RELEASE.jar!/org/springframework/data/rest/webmvc/json/Jackson2DatatypeHelper$Hibernate4Checker.class], URL [jar:file:/Users/yjayaraman/.gradle/caches/modules-2/files-2.1/org.springframework.data/spring-data-rest-webmvc/2.4.0.RELEASE/834db763dd30c31bb330d981169860e7cd5cbeee/spring-data-rest-webmvc-2.4.0.RELEASE.jar!/org/springframework/data/rest/webmvc/json/PersistentEntityJackson2Module$UriStringDeserializer.class], URL [jar:file:/Users/yjayaraman/.gradle/caches/modules-2/files-2.1/org.springframework.data/spring-data-rest-webmvc/2.4.0.RELEASE/834db763dd30c31bb330d981169860e7cd5cbeee/spring-data-rest-webmvc-2.4.0.RELEASE.jar!/org/springframework/data/rest/webmvc/json/Jackson2DatatypeHelper$JodaModuleRegistrar.class], URL [jar:file:/Users/yjayaraman/.gradle/caches/modules-2/files-2.1/org.springframework.data/spring-data-rest-webmvc/2.4.0.RELEASE/834db763dd30c31bb330d981169860e7cd5cbeee/spring-data-rest-webmvc-2.4.0.RELEASE.jar!/org/springframework/data/rest/webmvc/json/PersistentEntityJackson2Module$ProjectionResourceContentSerializer.class], URL [jar:file:/Users/yjayaraman/.gradle/caches/modules-2/files-2.1/org.springframework.data/spring-data-rest-webmvc/2.4.0.RELEASE/834db763dd30c31bb330d981169860e7cd5cbeee/spring-data-rest-webmvc-2.4.0.RELEASE.jar!/org/springframework/data/rest/webmvc/json/JsonSchema$Definitions.class], URL [jar:file:/Users/yjayaraman/.gradle/caches/modules-2/files-2.1/org.springframework.data/spring-data-rest-webmvc/2.4.0.RELEASE/834db763dd30c31bb330d981169860e7cd5cbeee/spring-data-rest-webmvc-2.4.0.RELEASE.jar!/org/springframework/data/rest/webmvc/json/JsonSchema$JsonSchemaProperty.class], URL [jar:file:/Users/yjayaraman/.gradle/caches/modules-2/files-2.1/org.springframework.data/spring-data-rest-webmvc/2.4.0.RELEASE/834db763dd30c31bb330d981169860e7cd5cbeee/spring-data-rest-webmvc-2.4.0.RELEASE.jar!/org/springframework/data/rest/webmvc/spi/BackendIdConverter.class], URL [jar:file:/Users/yjayaraman/.gradle/caches/modules-2/files-2.1/org.springframework.data/spring-data-rest-webmvc/2.4.0.RELEASE/834db763dd30c31bb330d981169860e7cd5cbeee/spring-data-rest-webmvc-2.4.0.RELEASE.jar!/org/springframework/data/rest/webmvc/spi/BackendIdConverter$DefaultIdConverter.class], URL [jar:file:/Users/yjayaraman/.gradle/caches/modules-2/files-2.1/org.springframework.data/spring-data-rest-webmvc/2.4.0.RELEASE/834db763dd30c31bb330d981169860e7cd5cbeee/spring-data-rest-webmvc-2.4.0.RELEASE.jar!/org/springframework/data/rest/webmvc/RootResourceInformation.class], URL [jar:file:/Users/yjayaraman/.gradle/caches/modules-2/files-2.1/org.springframework.data/spring-data-rest-webmvc/2.4.0.RELEASE/834db763dd30c31bb330d981169860e7cd5cbeee/spring-data-rest-webmvc-2.4.0.RELEASE.jar!/org/springframework/data/rest/webmvc/RepositoryRestHandlerMapping.class], URL [jar:file:/Users/yjayaraman/.gradle/caches/modules-2/files-2.1/org.springframework.data/spring-data-rest-webmvc/2.4.0.RELEASE/834db763dd30c31bb330d981169860e7cd5cbeee/spring-data-rest-webmvc-2.4.0.RELEASE.jar!/org/springframework/data/rest/webmvc/ResourceProcessorHandlerMethodReturnValueHandler$ResourcesProcessorWrapper.class], URL [jar:file:/Users/yjayaraman/.gradle/caches/modules-2/files-2.1/org.springframework.data/spring-data-rest-webmvc/2.4.0.RELEASE/834db763dd30c31bb330d981169860e7cd5cbeee/spring-data-rest-webmvc-2.4.0.RELEASE.jar!/org/springframework/data/rest/webmvc/BasePathAwareController.class], URL [jar:file:/Users/yjayaraman/.gradle/caches/modules-2/files-2.1/org.springframework.data/spring-data-rest-webmvc/2.4.0.RELEASE/834db763dd30c31bb330d981169860e7cd5cbeee/spring-data-rest-webmvc-2.4.0.RELEASE.jar!/org/springframework/data/rest/webmvc/IncomingRequest.class], URL [jar:file:/Users/yjayaraman/.gradle/caches/modules-2/files-2.1/org.springframework.data/spring-data-rest-webmvc/2.4.0.RELEASE/834db763dd30c31bb330d981169860e7cd5cbeee/spring-data-rest-webmvc-2.4.0.RELEASE.jar!/org/springframework/data/rest/webmvc/PersistentEntityResource$NoLinksResources.class], URL [jar:file:/Users/yjayaraman/.gradle/caches/modules-2/files-2.1/org.springframework.data/spring-data-rest-webmvc/2.4.0.RELEASE/834db763dd30c31bb330d981169860e7cd5cbeee/spring-data-rest-webmvc-2.4.0.RELEASE.jar!/org/springframework/data/rest/webmvc/ResourceProcessorHandlerMethodReturnValueHandler$DefaultProcessorWrapper.class], URL [jar:file:/Users/yjayaraman/.gradle/caches/modules-2/files-2.1/org.springframework.data/spring-data-rest-webmvc/2.4.0.RELEASE/834db763dd30c31bb330d981169860e7cd5cbeee/spring-data-rest-webmvc-2.4.0.RELEASE.jar!/org/springframework/data/rest/webmvc/ProfileResourceProcessor.class], URL [jar:file:/Users/yjayaraman/.gradle/caches/modules-2/files-2.1/org.springframework.data/spring-data-rest-webmvc/2.4.0.RELEASE/834db763dd30c31bb330d981169860e7cd5cbeee/spring-data-rest-webmvc-2.4.0.RELEASE.jar!/org/springframework/data/rest/webmvc/config/RepositoryRestConfigurerAdapter.class], URL [jar:file:/Users/yjayaraman/.gradle/caches/modules-2/files-2.1/org.springframework.data/spring-data-rest-webmvc/2.4.0.RELEASE/834db763dd30c31bb330d981169860e7cd5cbeee/spring-data-rest-webmvc-2.4.0.RELEASE.jar!/org/springframework/data/rest/webmvc/config/ResourceMetadataHandlerMethodArgumentResolver.class], URL [jar:file:/Users/yjayaraman/.gradle/caches/modules-2/files-2.1/org.springframework.data/spring-data-rest-webmvc/2.4.0.RELEASE/834db763dd30c31bb330d981169860e7cd5cbeee/spring-data-rest-webmvc-2.4.0.RELEASE.jar!/org/springframework/data/rest/webmvc/config/RepositoryRestMvcConfiguration$ResourceSupportHttpMessageConverter.class], URL [jar:file:/Users/yjayaraman/.gradle/caches/modules-2/files-2.1/org.springframework.data/spring-data-rest-webmvc/2.4.0.RELEASE/834db763dd30c31bb330d981169860e7cd5cbeee/spring-data-rest-webmvc-2.4.0.RELEASE.jar!/org/springframework/data/rest/webmvc/config/ArgumentResolverPagingAndSortingTemplateVariables.class], URL [jar:file:/Users/yjayaraman/.gradle/caches/modules-2/files-2.1/org.springframework.data/spring-data-rest-webmvc/2.4.0.RELEASE/834db763dd30c31bb330d981169860e7cd5cbeee/spring-data-rest-webmvc-2.4.0.RELEASE.jar!/org/springframework/data/rest/webmvc/config/JsonPatchHandler.class], URL [jar:file:/Users/yjayaraman/.gradle/caches/modules-2/files-2.1/org.springframework.data/spring-data-rest-webmvc/2.4.0.RELEASE/834db763dd30c31bb330d981169860e7cd5cbeee/spring-data-rest-webmvc-2.4.0.RELEASE.jar!/org/springframework/data/rest/webmvc/config/RepositoryRestConfigurerDelegate.class], URL [jar:file:/Users/yjayaraman/.gradle/caches/modules-2/files-2.1/org.springframework.data/spring-data-rest-webmvc/2.4.0.RELEASE/834db763dd30c31bb330d981169860e7cd5cbeee/spring-data-rest-webmvc-2.4.0.RELEASE.jar!/org/springframework/data/rest/webmvc/config/PersistentEntityResourceHandlerMethodArgumentResolver.class], URL [jar:file:/Users/yjayaraman/.gradle/caches/modules-2/files-2.1/org.springframework.data/spring-data-rest-webmvc/2.4.0.RELEASE/834db763dd30c31bb330d981169860e7cd5cbeee/spring-data-rest-webmvc-2.4.0.RELEASE.jar!/org/springframework/data/rest/webmvc/config/PersistentEntityResourceAssemblerArgumentResolver.class], URL [jar:file:/Users/yjayaraman/.gradle/caches/modules-2/files-2.1/org.springframework.data/spring-data-rest-webmvc/2.4.0.RELEASE/834db763dd30c31bb330d981169860e7cd5cbeee/spring-data-rest-webmvc-2.4.0.RELEASE.jar!/org/springframework/data/rest/webmvc/config/RootResourceInformationHandlerMethodArgumentResolver.class], URL [jar:file:/Users/yjayaraman/.gradle/caches/modules-2/files-2.1/org.springframework.data/spring-data-rest-webmvc/2.4.0.RELEASE/834db763dd30c31bb330d981169860e7cd5cbeee/spring-data-rest-webmvc-2.4.0.RELEASE.jar!/org/springframework/data/rest/webmvc/config/RepositoryRestConfigurer.class], URL [jar:file:/Users/yjayaraman/.gradle/caches/modules-2/files-2.1/org.springframework.data/spring-data-rest-webmvc/2.4.0.RELEASE/834db763dd30c31bb330d981169860e7cd5cbeee/spring-data-rest-webmvc-2.4.0.RELEASE.jar!/org/springframework/data/rest/webmvc/config/QuerydslAwareRootResourceInformationHandlerMethodArgumentResolver.class], URL [jar:file:/Users/yjayaraman/.gradle/caches/modules-2/files-2.1/org.springframework.data/spring-data-rest-webmvc/2.4.0.RELEASE/834db763dd30c31bb330d981169860e7cd5cbeee/spring-data-rest-webmvc-2.4.0.RELEASE.jar!/org/springframework/data/rest/webmvc/config/RepositoryRestMvcConfiguration.class], URL [jar:file:/Users/yjayaraman/.gradle/caches/modules-2/files-2.1/org.springframework.data/spring-data-rest-webmvc/2.4.0.RELEASE/834db763dd30c31bb330d981169860e7cd5cbeee/spring-data-rest-webmvc-2.4.0.RELEASE.jar!/org/springframework/data/rest/webmvc/BasePathAwareHandlerMapping.class], URL [jar:file:/Users/yjayaraman/.gradle/caches/modules-2/files-2.1/org.springframework.data/spring-data-rest-webmvc/2.4.0.RELEASE/834db763dd30c31bb330d981169860e7cd5cbeee/spring-data-rest-webmvc-2.4.0.RELEASE.jar!/org/springframework/data/rest/webmvc/support/BackendIdHandlerMethodArgumentResolver.class], URL [jar:file:/Users/yjayaraman/.gradle/caches/modules-2/files-2.1/org.springframework.data/spring-data-rest-webmvc/2.4.0.RELEASE/834db763dd30c31bb330d981169860e7cd5cbeee/spring-data-rest-webmvc-2.4.0.RELEASE.jar!/org/springframework/data/rest/webmvc/support/PagingAndSortingTemplateVariables.class], URL [jar:file:/Users/yjayaraman/.gradle/caches/modules-2/files-2.1/org.springframework.data/spring-data-rest-webmvc/2.4.0.RELEASE/834db763dd30c31bb330d981169860e7cd5cbeee/spring-data-rest-webmvc-2.4.0.RELEASE.jar!/org/springframework/data/rest/webmvc/support/ConstraintViolationExceptionMessage.class], URL [jar:file:/Users/yjayaraman/.gradle/caches/modules-2/files-2.1/org.springframework.data/spring-data-rest-webmvc/2.4.0.RELEASE/834db763dd30c31bb330d981169860e7cd5cbeee/spring-data-rest-webmvc-2.4.0.RELEASE.jar!/org/springframework/data/rest/webmvc/support/DefaultedPageableHandlerMethodArgumentResolver.class], URL [jar:file:/Users/yjayaraman/.gradle/caches/modules-2/files-2.1/org.springframework.data/spring-data-rest-webmvc/2.4.0.RELEASE/834db763dd30c31bb330d981169860e7cd5cbeee/spring-data-rest-webmvc-2.4.0.RELEASE.jar!/org/springframework/data/rest/webmvc/support/ETagDoesntMatchException.class], URL [jar:file:/Users/yjayaraman/.gradle/caches/modules-2/files-2.1/org.springframework.data/spring-data-rest-webmvc/2.4.0.RELEASE/834db763dd30c31bb330d981169860e7cd5cbeee/spring-data-rest-webmvc-2.4.0.RELEASE.jar!/org/springframework/data/rest/webmvc/support/DelegatingHandlerMapping.class], URL [jar:file:/Users/yjayaraman/.gradle/caches/modules-2/files-2.1/org.springframework.data/spring-data-rest-webmvc/2.4.0.RELEASE/834db763dd30c31bb330d981169860e7cd5cbeee/spring-data-rest-webmvc-2.4.0.RELEASE.jar!/org/springframework/data/rest/webmvc/support/RepositoryEntityLinks.class], URL [jar:file:/Users/yjayaraman/.gradle/caches/modules-2/files-2.1/org.springframework.data/spring-data-rest-webmvc/2.4.0.RELEASE/834db763dd30c31bb330d981169860e7cd5cbeee/spring-data-rest-webmvc-2.4.0.RELEASE.jar!/org/springframework/data/rest/webmvc/support/Projector.class], URL [jar:file:/Users/yjayaraman/.gradle/caches/modules-2/files-2.1/org.springframework.data/spring-data-rest-webmvc/2.4.0.RELEASE/834db763dd30c31bb330d981169860e7cd5cbeee/spring-data-rest-webmvc-2.4.0.RELEASE.jar!/org/springframework/data/rest/webmvc/support/PersistentEntityResourceProcessor$DomainTypeResourceProcessor.class], URL [jar:file:/Users/yjayaraman/.gradle/caches/modules-2/files-2.1/org.springframework.data/spring-data-rest-webmvc/2.4.0.RELEASE/834db763dd30c31bb330d981169860e7cd5cbeee/spring-data-rest-webmvc-2.4.0.RELEASE.jar!/org/springframework/data/rest/webmvc/support/PersistentEntityProjector.class], URL [jar:file:/Users/yjayaraman/.gradle/caches/modules-2/files-2.1/org.springframework.data/spring-data-rest-webmvc/2.4.0.RELEASE/834db763dd30c31bb330d981169860e7cd5cbeee/spring-data-rest-webmvc-2.4.0.RELEASE.jar!/org/springframework/data/rest/webmvc/support/PersistentEntityResourceProcessor$1.class], URL [jar:file:/Users/yjayaraman/.gradle/caches/modules-2/files-2.1/org.springframework.data/spring-data-rest-webmvc/2.4.0.RELEASE/834db763dd30c31bb330d981169860e7cd5cbeee/spring-data-rest-webmvc-2.4.0.RELEASE.jar!/org/springframework/data/rest/webmvc/support/ETagArgumentResolver.class], URL [jar:file:/Users/yjayaraman/.gradle/caches/modules-2/files-2.1/org.springframework.data/spring-data-rest-webmvc/2.4.0.RELEASE/834db763dd30c31bb330d981169860e7cd5cbeee/spring-data-rest-webmvc-2.4.0.RELEASE.jar!/org/springframework/data/rest/webmvc/support/DefaultedPageable.class], URL [jar:file:/Users/yjayaraman/.gradle/caches/modules-2/files-2.1/org.springframework.data/spring-data-rest-webmvc/2.4.0.RELEASE/834db763dd30c31bb330d981169860e7cd5cbeee/spring-data-rest-webmvc-2.4.0.RELEASE.jar!/org/springframework/data/rest/webmvc/support/BaseUriLinkBuilder.class], URL [jar:file:/Users/yjayaraman/.gradle/caches/modules-2/files-2.1/org.springframework.data/spring-data-rest-webmvc/2.4.0.RELEASE/834db763dd30c31bb330d981169860e7cd5cbeee/spring-data-rest-webmvc-2.4.0.RELEASE.jar!/org/springframework/data/rest/webmvc/support/ExceptionMessage.class], URL [jar:file:/Users/yjayaraman/.gradle/caches/modules-2/files-2.1/org.springframework.data/spring-data-rest-webmvc/2.4.0.RELEASE/834db763dd30c31bb330d981169860e7cd5cbeee/spring-data-rest-webmvc-2.4.0.RELEASE.jar!/org/springframework/data/rest/webmvc/support/RepositoryConstraintViolationExceptionMessage$ValidationError.class], URL [jar:file:/Users/yjayaraman/.gradle/caches/modules-2/files-2.1/org.springframework.data/spring-data-rest-webmvc/2.4.0.RELEASE/834db763dd30c31bb330d981169860e7cd5cbeee/spring-data-rest-webmvc-2.4.0.RELEASE.jar!/org/springframework/data/rest/webmvc/support/JpaHelper.class], URL [jar:file:/Users/yjayaraman/.gradle/caches/modules-2/files-2.1/org.springframework.data/spring-data-rest-webmvc/2.4.0.RELEASE/834db763dd30c31bb330d981169860e7cd5cbeee/spring-data-rest-webmvc-2.4.0.RELEASE.jar!/org/springframework/data/rest/webmvc/support/BackendId.class], URL [jar:file:/Users/yjayaraman/.gradle/caches/modules-2/files-2.1/org.springframework.data/spring-data-rest-webmvc/2.4.0.RELEASE/834db763dd30c31bb330d981169860e7cd5cbeee/spring-data-rest-webmvc-2.4.0.RELEASE.jar!/org/springframework/data/rest/webmvc/support/RepositoryLinkBuilder.class], URL [jar:file:/Users/yjayaraman/.gradle/caches/modules-2/files-2.1/org.springframework.data/spring-data-rest-webmvc/2.4.0.RELEASE/834db763dd30c31bb330d981169860e7cd5cbeee/spring-data-rest-webmvc-2.4.0.RELEASE.jar!/org/springframework/data/rest/webmvc/support/ETag.class], URL [jar:file:/Users/yjayaraman/.gradle/caches/modules-2/files-2.1/org.springframework.data/spring-data-rest-webmvc/2.4.0.RELEASE/834db763dd30c31bb330d981169860e7cd5cbeee/spring-data-rest-webmvc-2.4.0.RELEASE.jar!/org/springframework/data/rest/webmvc/support/ConstraintViolationMessage.class], URL [jar:file:/Users/yjayaraman/.gradle/caches/modules-2/files-2.1/org.springframework.data/spring-data-rest-webmvc/2.4.0.RELEASE/834db763dd30c31bb330d981169860e7cd5cbeee/spring-data-rest-webmvc-2.4.0.RELEASE.jar!/org/springframework/data/rest/webmvc/support/HttpMethodHandlerMethodArgumentResolver.class], URL [jar:file:/Users/yjayaraman/.gradle/caches/modules-2/files-2.1/org.springframework.data/spring-data-rest-webmvc/2.4.0.RELEASE/834db763dd30c31bb330d981169860e7cd5cbeee/spring-data-rest-webmvc-2.4.0.RELEASE.jar!/org/springframework/data/rest/webmvc/support/RepositoryConstraintViolationExceptionMessage.class], URL [jar:file:/Users/yjayaraman/.gradle/caches/modules-2/files-2.1/org.springframework.data/spring-data-rest-webmvc/2.4.0.RELEASE/834db763dd30c31bb330d981169860e7cd5cbeee/spring-data-rest-webmvc-2.4.0.RELEASE.jar!/org/springframework/data/rest/webmvc/support/PersistentEntityResourceProcessor.class], URL [jar:file:/Users/yjayaraman/.gradle/caches/modules-2/files-2.1/org.springframework.data/spring-data-rest-webmvc/2.4.0.RELEASE/834db763dd30c31bb330d981169860e7cd5cbeee/spring-data-rest-webmvc-2.4.0.RELEASE.jar!/org/springframework/data/rest/webmvc/RepositoryLinksResource.class], URL [jar:file:/Users/yjayaraman/.gradle/caches/modules-2/files-2.1/org.springframework.data/spring-data-rest-webmvc/2.4.0.RELEASE/834db763dd30c31bb330d981169860e7cd5cbeee/spring-data-rest-webmvc-2.4.0.RELEASE.jar!/org/springframework/data/rest/webmvc/RepositorySchemaController.class], URL [jar:file:/Users/yjayaraman/.gradle/caches/modules-2/files-2.1/org.springframework.data/spring-data-rest-webmvc/2.4.0.RELEASE/834db763dd30c31bb330d981169860e7cd5cbeee/spring-data-rest-webmvc-2.4.0.RELEASE.jar!/org/springframework/data/rest/webmvc/ResourceProcessorHandlerMethodReturnValueHandler$ProcessorWrapper.class], URL [jar:file:/Users/yjayaraman/.gradle/caches/modules-2/files-2.1/org.springframework.data/spring-data-rest-webmvc/2.4.0.RELEASE/834db763dd30c31bb330d981169860e7cd5cbeee/spring-data-rest-webmvc-2.4.0.RELEASE.jar!/org/springframework/data/rest/webmvc/PersistentEntityResourceAssembler.class], URL [jar:file:/Users/yjayaraman/.gradle/caches/modules-2/files-2.1/org.springframework.data/spring-data-rest-webmvc/2.4.0.RELEASE/834db763dd30c31bb330d981169860e7cd5cbeee/spring-data-rest-webmvc-2.4.0.RELEASE.jar!/org/springframework/data/rest/webmvc/AbstractRepositoryRestController.class], URL [jar:file:/Users/yjayaraman/.gradle/caches/modules-2/files-2.1/org.springframework.data/spring-data-rest-webmvc/2.4.0.RELEASE/834db763dd30c31bb330d981169860e7cd5cbeee/spring-data-rest-webmvc-2.4.0.RELEASE.jar!/org/springframework/data/rest/webmvc/RepositorySearchController.class], URL [jar:file:/Users/yjayaraman/.gradle/caches/modules-2/files-2.1/org.springframework.data/spring-data-rest-webmvc/2.4.0.RELEASE/834db763dd30c31bb330d981169860e7cd5cbeee/spring-data-rest-webmvc-2.4.0.RELEASE.jar!/org/springframework/data/rest/webmvc/BasePathAwareHandlerMapping$UriAwareHttpServletRequest.class], URL [jar:file:/Users/yjayaraman/.gradle/caches/modules-2/files-2.1/org.springframework.data/spring-data-rest-webmvc/2.4.0.RELEASE/834db763dd30c31bb330d981169860e7cd5cbeee/spring-data-rest-webmvc-2.4.0.RELEASE.jar!/org/springframework/data/rest/webmvc/PersistentEntityResourceAssembler$1.class], URL [jar:file:/Users/yjayaraman/.gradle/caches/modules-2/files-2.1/org.springframework.data/spring-data-rest-webmvc/2.4.0.RELEASE/834db763dd30c31bb330d981169860e7cd5cbeee/spring-data-rest-webmvc-2.4.0.RELEASE.jar!/org/springframework/data/rest/webmvc/alps/AlpsJsonHttpMessageConverter.class], URL [jar:file:/Users/yjayaraman/.gradle/caches/modules-2/files-2.1/org.springframework.data/spring-data-rest-webmvc/2.4.0.RELEASE/834db763dd30c31bb330d981169860e7cd5cbeee/spring-data-rest-webmvc-2.4.0.RELEASE.jar!/org/springframework/data/rest/webmvc/alps/RootResourceInformationToAlpsDescriptorConverter.class], URL [jar:file:/Users/yjayaraman/.gradle/caches/modules-2/files-2.1/org.springframework.data/spring-data-rest-webmvc/2.4.0.RELEASE/834db763dd30c31bb330d981169860e7cd5cbeee/spring-data-rest-webmvc-2.4.0.RELEASE.jar!/org/springframework/data/rest/webmvc/alps/AlpsController.class], URL [jar:file:/Users/yjayaraman/.gradle/caches/modules-2/files-2.1/org.springframework.data/spring-data-rest-webmvc/2.4.0.RELEASE/834db763dd30c31bb330d981169860e7cd5cbeee/spring-data-rest-webmvc-2.4.0.RELEASE.jar!/org/springframework/data/rest/webmvc/alps/RootResourceInformationToAlpsDescriptorConverter$2.class], URL [jar:file:/Users/yjayaraman/.gradle/caches/modules-2/files-2.1/org.springframework.data/spring-data-rest-webmvc/2.4.0.RELEASE/834db763dd30c31bb330d981169860e7cd5cbeee/spring-data-rest-webmvc-2.4.0.RELEASE.jar!/org/springframework/data/rest/webmvc/alps/RootResourceInformationToAlpsDescriptorConverter$1.class], URL [jar:file:/Users/yjayaraman/.gradle/caches/modules-2/files-2.1/org.springframework.data/spring-data-rest-webmvc/2.4.0.RELEASE/834db763dd30c31bb330d981169860e7cd5cbeee/spring-data-rest-webmvc-2.4.0.RELEASE.jar!/org/springframework/data/rest/webmvc/alps/RootResourceInformationToAlpsDescriptorConverter$3.class], URL [jar:file:/Users/yjayaraman/.gradle/caches/modules-2/files-2.1/org.springframework.data/spring-data-rest-webmvc/2.4.0.RELEASE/834db763dd30c31bb330d981169860e7cd5cbeee/spring-data-rest-webmvc-2.4.0.RELEASE.jar!/org/springframework/data/rest/webmvc/ResourceNotFoundException.class], URL [jar:file:/Users/yjayaraman/.gradle/caches/modules-2/files-2.1/org.springframework.data/spring-data-rest-webmvc/2.4.0.RELEASE/834db763dd30c31bb330d981169860e7cd5cbeee/spring-data-rest-webmvc-2.4.0.RELEASE.jar!/org/springframework/data/rest/webmvc/RepositoryPropertyReferenceController$3.class], URL [jar:file:/Users/yjayaraman/.gradle/caches/modules-2/files-2.1/org.springframework.data/spring-data-rest-webmvc/2.4.0.RELEASE/834db763dd30c31bb330d981169860e7cd5cbeee/spring-data-rest-webmvc-2.4.0.RELEASE.jar!/org/springframework/data/rest/webmvc/RepositoryPropertyReferenceController$5.class]]
2016-04-27 17:58:10.744 TRACE 37359 --- [    Test worker] o.s.c.a.ClassPathBeanDefinitionScanner   : Scanning URL [jar:file:/Users/yjayaraman/.gradle/caches/modules-2/files-2.1/org.springframework.data/spring-data-rest-webmvc/2.4.0.RELEASE/834db763dd30c31bb330d981169860e7cd5cbeee/spring-data-rest-webmvc-2.4.0.RELEASE.jar!/org/springframework/data/rest/webmvc/ResourceProcessorHandlerMethodReturnValueHandler.class]
2016-04-27 17:58:10.745 TRACE 37359 --- [    Test worker] o.s.c.a.ClassPathBeanDefinitionScanner   : Ignored because not matching any filter: URL [jar:file:/Users/yjayaraman/.gradle/caches/modules-2/files-2.1/org.springframework.data/spring-data-rest-webmvc/2.4.0.RELEASE/834db763dd30c31bb330d981169860e7cd5cbeee/spring-data-rest-webmvc-2.4.0.RELEASE.jar!/org/springframework/data/rest/webmvc/ResourceProcessorHandlerMethodReturnValueHandler.class]
2016-04-27 17:58:10.745 TRACE 37359 --- [    Test worker] o.s.c.a.ClassPathBeanDefinitionScanner   : Scanning URL [jar:file:/Users/yjayaraman/.gradle/caches/modules-2/files-2.1/org.springframework.data/spring-data-rest-webmvc/2.4.0.RELEASE/834db763dd30c31bb330d981169860e7cd5cbeee/spring-data-rest-webmvc-2.4.0.RELEASE.jar!/org/springframework/data/rest/webmvc/mapping/AssociationLinks.class]
2016-04-27 17:58:10.745 TRACE 37359 --- [    Test worker] o.s.c.a.ClassPathBeanDefinitionScanner   : Ignored because not matching any filter: URL [jar:file:/Users/yjayaraman/.gradle/caches/modules-2/files-2.1/org.springframework.data/spring-data-rest-webmvc/2.4.0.RELEASE/834db763dd30c31bb330d981169860e7cd5cbeee/spring-data-rest-webmvc-2.4.0.RELEASE.jar!/org/springframework/data/rest/webmvc/mapping/AssociationLinks.class]
2016-04-27 17:58:10.745 TRACE 37359 --- [    Test worker] o.s.c.a.ClassPathBeanDefinitionScanner   : Scanning URL [jar:file:/Users/yjayaraman/.gradle/caches/modules-2/files-2.1/org.springframework.data/spring-data-rest-webmvc/2.4.0.RELEASE/834db763dd30c31bb330d981169860e7cd5cbeee/spring-data-rest-webmvc-2.4.0.RELEASE.jar!/org/springframework/data/rest/webmvc/mapping/LinkCollectingAssociationHandler.class]
2016-04-27 17:58:10.745 TRACE 37359 --- [    Test worker] o.s.c.a.ClassPathBeanDefinitionScanner   : Ignored because not matching any filter: URL [jar:file:/Users/yjayaraman/.gradle/caches/modules-2/files-2.1/org.springframework.data/spring-data-rest-webmvc/2.4.0.RELEASE/834db763dd30c31bb330d981169860e7cd5cbeee/spring-data-rest-webmvc-2.4.0.RELEASE.jar!/org/springframework/data/rest/webmvc/mapping/LinkCollectingAssociationHandler.class]
2016-04-27 17:58:10.745 TRACE 37359 --- [    Test worker] o.s.c.a.ClassPathBeanDefinitionScanner   : Scanning URL [jar:file:/Users/yjayaraman/.gradle/caches/modules-2/files-2.1/org.springframework.data/spring-data-rest-webmvc/2.4.0.RELEASE/834db763dd30c31bb330d981169860e7cd5cbeee/spring-data-rest-webmvc-2.4.0.RELEASE.jar!/org/springframework/data/rest/webmvc/RepositoryEntityController.class]
2016-04-27 17:58:10.749 DEBUG 37359 --- [    Test worker] o.s.c.a.ClassPathBeanDefinitionScanner   : Identified candidate component class: URL [jar:file:/Users/yjayaraman/.gradle/caches/modules-2/files-2.1/org.springframework.data/spring-data-rest-webmvc/2.4.0.RELEASE/834db763dd30c31bb330d981169860e7cd5cbeee/spring-data-rest-webmvc-2.4.0.RELEASE.jar!/org/springframework/data/rest/webmvc/RepositoryEntityController.class]
2016-04-27 17:58:10.749 TRACE 37359 --- [    Test worker] o.s.c.a.ClassPathBeanDefinitionScanner   : Scanning URL [jar:file:/Users/yjayaraman/.gradle/caches/modules-2/files-2.1/org.springframework.data/spring-data-rest-webmvc/2.4.0.RELEASE/834db763dd30c31bb330d981169860e7cd5cbeee/spring-data-rest-webmvc-2.4.0.RELEASE.jar!/org/springframework/data/rest/webmvc/PersistentEntityResource$Builder.class]
2016-04-27 17:58:10.750 TRACE 37359 --- [    Test worker] o.s.c.a.ClassPathBeanDefinitionScanner   : Ignored because not matching any filter: URL [jar:file:/Users/yjayaraman/.gradle/caches/modules-2/files-2.1/org.springframework.data/spring-data-rest-webmvc/2.4.0.RELEASE/834db763dd30c31bb330d981169860e7cd5cbeee/spring-data-rest-webmvc-2.4.0.RELEASE.jar!/org/springframework/data/rest/webmvc/PersistentEntityResource$Builder.class]
2016-04-27 17:58:10.750 TRACE 37359 --- [    Test worker] o.s.c.a.ClassPathBeanDefinitionScanner   : Scanning URL [jar:file:/Users/yjayaraman/.gradle/caches/modules-2/files-2.1/org.springframework.data/spring-data-rest-webmvc/2.4.0.RELEASE/834db763dd30c31bb330d981169860e7cd5cbeee/spring-data-rest-webmvc-2.4.0.RELEASE.jar!/org/springframework/data/rest/webmvc/PersistentEntityResource$1.class]
2016-04-27 17:58:10.750 TRACE 37359 --- [    Test worker] o.s.c.a.ClassPathBeanDefinitionScanner   : Ignored because not matching any filter: URL [jar:file:/Users/yjayaraman/.gradle/caches/modules-2/files-2.1/org.springframework.data/spring-data-rest-webmvc/2.4.0.RELEASE/834db763dd30c31bb330d981169860e7cd5cbeee/spring-data-rest-webmvc-2.4.0.RELEASE.jar!/org/springframework/data/rest/webmvc/PersistentEntityResource$1.class]
2016-04-27 17:58:10.750 TRACE 37359 --- [    Test worker] o.s.c.a.ClassPathBeanDefinitionScanner   : Scanning URL [jar:file:/Users/yjayaraman/.gradle/caches/modules-2/files-2.1/org.springframework.data/spring-data-rest-webmvc/2.4.0.RELEASE/834db763dd30c31bb330d981169860e7cd5cbeee/spring-data-rest-webmvc-2.4.0.RELEASE.jar!/org/springframework/data/rest/webmvc/RepositoryController.class]
2016-04-27 17:58:10.750 DEBUG 37359 --- [    Test worker] o.s.c.a.ClassPathBeanDefinitionScanner   : Identified candidate component class: URL [jar:file:/Users/yjayaraman/.gradle/caches/modules-2/files-2.1/org.springframework.data/spring-data-rest-webmvc/2.4.0.RELEASE/834db763dd30c31bb330d981169860e7cd5cbeee/spring-data-rest-webmvc-2.4.0.RELEASE.jar!/org/springframework/data/rest/webmvc/RepositoryController.class]
2016-04-27 17:58:10.750 TRACE 37359 --- [    Test worker] o.s.c.a.ClassPathBeanDefinitionScanner   : Scanning URL [jar:file:/Users/yjayaraman/.gradle/caches/modules-2/files-2.1/org.springframework.data/spring-data-rest-webmvc/2.4.0.RELEASE/834db763dd30c31bb330d981169860e7cd5cbeee/spring-data-rest-webmvc-2.4.0.RELEASE.jar!/org/springframework/data/rest/webmvc/ResourceProcessorInvokingHandlerAdapter.class]
2016-04-27 17:58:10.751 TRACE 37359 --- [    Test worker] o.s.c.a.ClassPathBeanDefinitionScanner   : Ignored because not matching any filter: URL [jar:file:/Users/yjayaraman/.gradle/caches/modules-2/files-2.1/org.springframework.data/spring-data-rest-webmvc/2.4.0.RELEASE/834db763dd30c31bb330d981169860e7cd5cbeee/spring-data-rest-webmvc-2.4.0.RELEASE.jar!/org/springframework/data/rest/webmvc/ResourceProcessorInvokingHandlerAdapter.class]
2016-04-27 17:58:10.751 TRACE 37359 --- [    Test worker] o.s.c.a.ClassPathBeanDefinitionScanner   : Scanning URL [jar:file:/Users/yjayaraman/.gradle/caches/modules-2/files-2.1/org.springframework.data/spring-data-rest-webmvc/2.4.0.RELEASE/834db763dd30c31bb330d981169860e7cd5cbeee/spring-data-rest-webmvc-2.4.0.RELEASE.jar!/org/springframework/data/rest/webmvc/RepositorySearchesResource.class]
2016-04-27 17:58:10.752 TRACE 37359 --- [    Test worker] o.s.c.a.ClassPathBeanDefinitionScanner   : Ignored because not matching any filter: URL [jar:file:/Users/yjayaraman/.gradle/caches/modules-2/files-2.1/org.springframework.data/spring-data-rest-webmvc/2.4.0.RELEASE/834db763dd30c31bb330d981169860e7cd5cbeee/spring-data-rest-webmvc-2.4.0.RELEASE.jar!/org/springframework/data/rest/webmvc/RepositorySearchesResource.class]
2016-04-27 17:58:10.752 TRACE 37359 --- [    Test worker] o.s.c.a.ClassPathBeanDefinitionScanner   : Scanning URL [jar:file:/Users/yjayaraman/.gradle/caches/modules-2/files-2.1/org.springframework.data/spring-data-rest-webmvc/2.4.0.RELEASE/834db763dd30c31bb330d981169860e7cd5cbeee/spring-data-rest-webmvc-2.4.0.RELEASE.jar!/org/springframework/data/rest/webmvc/RepositoryRestController.class]
2016-04-27 17:58:10.752 DEBUG 37359 --- [    Test worker] o.s.c.a.ClassPathBeanDefinitionScanner   : Ignored because not a concrete top-level class: URL [jar:file:/Users/yjayaraman/.gradle/caches/modules-2/files-2.1/org.springframework.data/spring-data-rest-webmvc/2.4.0.RELEASE/834db763dd30c31bb330d981169860e7cd5cbeee/spring-data-rest-webmvc-2.4.0.RELEASE.jar!/org/springframework/data/rest/webmvc/RepositoryRestController.class]
2016-04-27 17:58:10.752 TRACE 37359 --- [    Test worker] o.s.c.a.ClassPathBeanDefinitionScanner   : Scanning URL [jar:file:/Users/yjayaraman/.gradle/caches/modules-2/files-2.1/org.springframework.data/spring-data-rest-webmvc/2.4.0.RELEASE/834db763dd30c31bb330d981169860e7cd5cbeee/spring-data-rest-webmvc-2.4.0.RELEASE.jar!/org/springframework/data/rest/webmvc/ProfileController.class]
2016-04-27 17:58:10.753 DEBUG 37359 --- [    Test worker] o.s.c.a.ClassPathBeanDefinitionScanner   : Identified candidate component class: URL [jar:file:/Users/yjayaraman/.gradle/caches/modules-2/files-2.1/org.springframework.data/spring-data-rest-webmvc/2.4.0.RELEASE/834db763dd30c31bb330d981169860e7cd5cbeee/spring-data-rest-webmvc-2.4.0.RELEASE.jar!/org/springframework/data/rest/webmvc/ProfileController.class]
2016-04-27 17:58:10.753 TRACE 37359 --- [    Test worker] o.s.c.a.ClassPathBeanDefinitionScanner   : Scanning URL [jar:file:/Users/yjayaraman/.gradle/caches/modules-2/files-2.1/org.springframework.data/spring-data-rest-webmvc/2.4.0.RELEASE/834db763dd30c31bb330d981169860e7cd5cbeee/spring-data-rest-webmvc-2.4.0.RELEASE.jar!/org/springframework/data/rest/webmvc/RepositoryPropertyReferenceController$2.class]
2016-04-27 17:58:10.753 TRACE 37359 --- [    Test worker] o.s.c.a.ClassPathBeanDefinitionScanner   : Ignored because not matching any filter: URL [jar:file:/Users/yjayaraman/.gradle/caches/modules-2/files-2.1/org.springframework.data/spring-data-rest-webmvc/2.4.0.RELEASE/834db763dd30c31bb330d981169860e7cd5cbeee/spring-data-rest-webmvc-2.4.0.RELEASE.jar!/org/springframework/data/rest/webmvc/RepositoryPropertyReferenceController$2.class]
2016-04-27 17:58:10.753 TRACE 37359 --- [    Test worker] o.s.c.a.ClassPathBeanDefinitionScanner   : Scanning URL [jar:file:/Users/yjayaraman/.gradle/caches/modules-2/files-2.1/org.springframework.data/spring-data-rest-webmvc/2.4.0.RELEASE/834db763dd30c31bb330d981169860e7cd5cbeee/spring-data-rest-webmvc-2.4.0.RELEASE.jar!/org/springframework/data/rest/webmvc/ServerHttpRequestMethodArgumentResolver.class]
2016-04-27 17:58:10.753 TRACE 37359 --- [    Test worker] o.s.c.a.ClassPathBeanDefinitionScanner   : Ignored because not matching any filter: URL [jar:file:/Users/yjayaraman/.gradle/caches/modules-2/files-2.1/org.springframework.data/spring-data-rest-webmvc/2.4.0.RELEASE/834db763dd30c31bb330d981169860e7cd5cbeee/spring-data-rest-webmvc-2.4.0.RELEASE.jar!/org/springframework/data/rest/webmvc/ServerHttpRequestMethodArgumentResolver.class]
2016-04-27 17:58:10.753 TRACE 37359 --- [    Test worker] o.s.c.a.ClassPathBeanDefinitionScanner   : Scanning URL [jar:file:/Users/yjayaraman/.gradle/caches/modules-2/files-2.1/org.springframework.data/spring-data-rest-webmvc/2.4.0.RELEASE/834db763dd30c31bb330d981169860e7cd5cbeee/spring-data-rest-webmvc-2.4.0.RELEASE.jar!/org/springframework/data/rest/webmvc/PersistentEntityResource.class]
2016-04-27 17:58:10.754 TRACE 37359 --- [    Test worker] o.s.c.a.ClassPathBeanDefinitionScanner   : Ignored because not matching any filter: URL [jar:file:/Users/yjayaraman/.gradle/caches/modules-2/files-2.1/org.springframework.data/spring-data-rest-webmvc/2.4.0.RELEASE/834db763dd30c31bb330d981169860e7cd5cbeee/spring-data-rest-webmvc-2.4.0.RELEASE.jar!/org/springframework/data/rest/webmvc/PersistentEntityResource.class]
2016-04-27 17:58:10.754 TRACE 37359 --- [    Test worker] o.s.c.a.ClassPathBeanDefinitionScanner   : Scanning URL [jar:file:/Users/yjayaraman/.gradle/caches/modules-2/files-2.1/org.springframework.data/spring-data-rest-webmvc/2.4.0.RELEASE/834db763dd30c31bb330d981169860e7cd5cbeee/spring-data-rest-webmvc-2.4.0.RELEASE.jar!/org/springframework/data/rest/webmvc/util/UriUtils.class]
2016-04-27 17:58:10.754 TRACE 37359 --- [    Test worker] o.s.c.a.ClassPathBeanDefinitionScanner   : Ignored because not matching any filter: URL [jar:file:/Users/yjayaraman/.gradle/caches/modules-2/files-2.1/org.springframework.data/spring-data-rest-webmvc/2.4.0.RELEASE/834db763dd30c31bb330d981169860e7cd5cbeee/spring-data-rest-webmvc-2.4.0.RELEASE.jar!/org/springframework/data/rest/webmvc/util/UriUtils.class]
2016-04-27 17:58:10.754 TRACE 37359 --- [    Test worker] o.s.c.a.ClassPathBeanDefinitionScanner   : Scanning URL [jar:file:/Users/yjayaraman/.gradle/caches/modules-2/files-2.1/org.springframework.data/spring-data-rest-webmvc/2.4.0.RELEASE/834db763dd30c31bb330d981169860e7cd5cbeee/spring-data-rest-webmvc-2.4.0.RELEASE.jar!/org/springframework/data/rest/webmvc/RepositoryPropertyReferenceController.class]
2016-04-27 17:58:10.754 DEBUG 37359 --- [    Test worker] o.s.c.a.ClassPathBeanDefinitionScanner   : Identified candidate component class: URL [jar:file:/Users/yjayaraman/.gradle/caches/modules-2/files-2.1/org.springframework.data/spring-data-rest-webmvc/2.4.0.RELEASE/834db763dd30c31bb330d981169860e7cd5cbeee/spring-data-rest-webmvc-2.4.0.RELEASE.jar!/org/springframework/data/rest/webmvc/RepositoryPropertyReferenceController.class]
2016-04-27 17:58:10.755 TRACE 37359 --- [    Test worker] o.s.c.a.ClassPathBeanDefinitionScanner   : Scanning URL [jar:file:/Users/yjayaraman/.gradle/caches/modules-2/files-2.1/org.springframework.data/spring-data-rest-webmvc/2.4.0.RELEASE/834db763dd30c31bb330d981169860e7cd5cbeee/spring-data-rest-webmvc-2.4.0.RELEASE.jar!/org/springframework/data/rest/webmvc/RepositoryRestHandlerAdapter.class]
2016-04-27 17:58:10.755 TRACE 37359 --- [    Test worker] o.s.c.a.ClassPathBeanDefinitionScanner   : Ignored because not matching any filter: URL [jar:file:/Users/yjayaraman/.gradle/caches/modules-2/files-2.1/org.springframework.data/spring-data-rest-webmvc/2.4.0.RELEASE/834db763dd30c31bb330d981169860e7cd5cbeee/spring-data-rest-webmvc-2.4.0.RELEASE.jar!/org/springframework/data/rest/webmvc/RepositoryRestHandlerAdapter.class]
2016-04-27 17:58:10.755 TRACE 37359 --- [    Test worker] o.s.c.a.ClassPathBeanDefinitionScanner   : Scanning URL [jar:file:/Users/yjayaraman/.gradle/caches/modules-2/files-2.1/org.springframework.data/spring-data-rest-webmvc/2.4.0.RELEASE/834db763dd30c31bb330d981169860e7cd5cbeee/spring-data-rest-webmvc-2.4.0.RELEASE.jar!/org/springframework/data/rest/webmvc/RepositoryRestExceptionHandler.class]
2016-04-27 17:58:10.756 TRACE 37359 --- [    Test worker] o.s.c.a.ClassPathBeanDefinitionScanner   : Ignored because not matching any filter: URL [jar:file:/Users/yjayaraman/.gradle/caches/modules-2/files-2.1/org.springframework.data/spring-data-rest-webmvc/2.4.0.RELEASE/834db763dd30c31bb330d981169860e7cd5cbeee/spring-data-rest-webmvc-2.4.0.RELEASE.jar!/org/springframework/data/rest/webmvc/RepositoryRestExceptionHandler.class]
2016-04-27 17:58:10.756 TRACE 37359 --- [    Test worker] o.s.c.a.ClassPathBeanDefinitionScanner   : Scanning URL [jar:file:/Users/yjayaraman/.gradle/caches/modules-2/files-2.1/org.springframework.data/spring-data-rest-webmvc/2.4.0.RELEASE/834db763dd30c31bb330d981169860e7cd5cbeee/spring-data-rest-webmvc-2.4.0.RELEASE.jar!/org/springframework/data/rest/webmvc/convert/UriListHttpMessageConverter.class]
2016-04-27 17:58:10.756 TRACE 37359 --- [    Test worker] o.s.c.a.ClassPathBeanDefinitionScanner   : Ignored because not matching any filter: URL [jar:file:/Users/yjayaraman/.gradle/caches/modules-2/files-2.1/org.springframework.data/spring-data-rest-webmvc/2.4.0.RELEASE/834db763dd30c31bb330d981169860e7cd5cbeee/spring-data-rest-webmvc-2.4.0.RELEASE.jar!/org/springframework/data/rest/webmvc/convert/UriListHttpMessageConverter.class]
2016-04-27 17:58:10.756 TRACE 37359 --- [    Test worker] o.s.c.a.ClassPathBeanDefinitionScanner   : Scanning URL [jar:file:/Users/yjayaraman/.gradle/caches/modules-2/files-2.1/org.springframework.data/spring-data-rest-webmvc/2.4.0.RELEASE/834db763dd30c31bb330d981169860e7cd5cbeee/spring-data-rest-webmvc-2.4.0.RELEASE.jar!/org/springframework/data/rest/webmvc/RepositoryPropertyReferenceController$1.class]
2016-04-27 17:58:10.757 TRACE 37359 --- [    Test worker] o.s.c.a.ClassPathBeanDefinitionScanner   : Ignored because not matching any filter: URL [jar:file:/Users/yjayaraman/.gradle/caches/modules-2/files-2.1/org.springframework.data/spring-data-rest-webmvc/2.4.0.RELEASE/834db763dd30c31bb330d981169860e7cd5cbeee/spring-data-rest-webmvc-2.4.0.RELEASE.jar!/org/springframework/data/rest/webmvc/RepositoryPropertyReferenceController$1.class]
2016-04-27 17:58:10.757 TRACE 37359 --- [    Test worker] o.s.c.a.ClassPathBeanDefinitionScanner   : Scanning URL [jar:file:/Users/yjayaraman/.gradle/caches/modules-2/files-2.1/org.springframework.data/spring-data-rest-webmvc/2.4.0.RELEASE/834db763dd30c31bb330d981169860e7cd5cbeee/spring-data-rest-webmvc-2.4.0.RELEASE.jar!/org/springframework/data/rest/webmvc/ControllerUtils.class]
2016-04-27 17:58:10.757 TRACE 37359 --- [    Test worker] o.s.c.a.ClassPathBeanDefinitionScanner   : Ignored because not matching any filter: URL [jar:file:/Users/yjayaraman/.gradle/caches/modules-2/files-2.1/org.springframework.data/spring-data-rest-webmvc/2.4.0.RELEASE/834db763dd30c31bb330d981169860e7cd5cbeee/spring-data-rest-webmvc-2.4.0.RELEASE.jar!/org/springframework/data/rest/webmvc/ControllerUtils.class]
2016-04-27 17:58:10.757 TRACE 37359 --- [    Test worker] o.s.c.a.ClassPathBeanDefinitionScanner   : Scanning URL [jar:file:/Users/yjayaraman/.gradle/caches/modules-2/files-2.1/org.springframework.data/spring-data-rest-webmvc/2.4.0.RELEASE/834db763dd30c31bb330d981169860e7cd5cbeee/spring-data-rest-webmvc-2.4.0.RELEASE.jar!/org/springframework/data/rest/webmvc/RepositoryRestDispatcherServlet.class]
2016-04-27 17:58:10.757 TRACE 37359 --- [    Test worker] o.s.c.a.ClassPathBeanDefinitionScanner   : Ignored because not matching any filter: URL [jar:file:/Users/yjayaraman/.gradle/caches/modules-2/files-2.1/org.springframework.data/spring-data-rest-webmvc/2.4.0.RELEASE/834db763dd30c31bb330d981169860e7cd5cbeee/spring-data-rest-webmvc-2.4.0.RELEASE.jar!/org/springframework/data/rest/webmvc/RepositoryRestDispatcherServlet.class]
2016-04-27 17:58:10.757 TRACE 37359 --- [    Test worker] o.s.c.a.ClassPathBeanDefinitionScanner   : Scanning URL [jar:file:/Users/yjayaraman/.gradle/caches/modules-2/files-2.1/org.springframework.data/spring-data-rest-webmvc/2.4.0.RELEASE/834db763dd30c31bb330d981169860e7cd5cbeee/spring-data-rest-webmvc-2.4.0.RELEASE.jar!/org/springframework/data/rest/webmvc/RepositoryPropertyReferenceController$ReferencedProperty.class]
2016-04-27 17:58:10.758 TRACE 37359 --- [    Test worker] o.s.c.a.ClassPathBeanDefinitionScanner   : Ignored because not matching any filter: URL [jar:file:/Users/yjayaraman/.gradle/caches/modules-2/files-2.1/org.springframework.data/spring-data-rest-webmvc/2.4.0.RELEASE/834db763dd30c31bb330d981169860e7cd5cbeee/spring-data-rest-webmvc-2.4.0.RELEASE.jar!/org/springframework/data/rest/webmvc/RepositoryPropertyReferenceController$ReferencedProperty.class]
2016-04-27 17:58:10.758 TRACE 37359 --- [    Test worker] o.s.c.a.ClassPathBeanDefinitionScanner   : Scanning URL [jar:file:/Users/yjayaraman/.gradle/caches/modules-2/files-2.1/org.springframework.data/spring-data-rest-webmvc/2.4.0.RELEASE/834db763dd30c31bb330d981169860e7cd5cbeee/spring-data-rest-webmvc-2.4.0.RELEASE.jar!/org/springframework/data/rest/webmvc/BaseUri.class]
2016-04-27 17:58:10.758 TRACE 37359 --- [    Test worker] o.s.c.a.ClassPathBeanDefinitionScanner   : Ignored because not matching any filter: URL [jar:file:/Users/yjayaraman/.gradle/caches/modules-2/files-2.1/org.springframework.data/spring-data-rest-webmvc/2.4.0.RELEASE/834db763dd30c31bb330d981169860e7cd5cbeee/spring-data-rest-webmvc-2.4.0.RELEASE.jar!/org/springframework/data/rest/webmvc/BaseUri.class]
2016-04-27 17:58:10.758 TRACE 37359 --- [    Test worker] o.s.c.a.ClassPathBeanDefinitionScanner   : Scanning URL [jar:file:/Users/yjayaraman/.gradle/caches/modules-2/files-2.1/org.springframework.data/spring-data-rest-webmvc/2.4.0.RELEASE/834db763dd30c31bb330d981169860e7cd5cbeee/spring-data-rest-webmvc-2.4.0.RELEASE.jar!/org/springframework/data/rest/webmvc/RepositoryPropertyReferenceController$4.class]
2016-04-27 17:58:10.758 TRACE 37359 --- [    Test worker] o.s.c.a.ClassPathBeanDefinitionScanner   : Ignored because not matching any filter: URL [jar:file:/Users/yjayaraman/.gradle/caches/modules-2/files-2.1/org.springframework.data/spring-data-rest-webmvc/2.4.0.RELEASE/834db763dd30c31bb330d981169860e7cd5cbeee/spring-data-rest-webmvc-2.4.0.RELEASE.jar!/org/springframework/data/rest/webmvc/RepositoryPropertyReferenceController$4.class]
2016-04-27 17:58:10.759 TRACE 37359 --- [    Test worker] o.s.c.a.ClassPathBeanDefinitionScanner   : Scanning URL [jar:file:/Users/yjayaraman/.gradle/caches/modules-2/files-2.1/org.springframework.data/spring-data-rest-webmvc/2.4.0.RELEASE/834db763dd30c31bb330d981169860e7cd5cbeee/spring-data-rest-webmvc-2.4.0.RELEASE.jar!/org/springframework/data/rest/webmvc/ResourceProcessorHandlerMethodReturnValueHandler$CustomOrderAwareComparator.class]
2016-04-27 17:58:10.759 TRACE 37359 --- [    Test worker] o.s.c.a.ClassPathBeanDefinitionScanner   : Ignored because not matching any filter: URL [jar:file:/Users/yjayaraman/.gradle/caches/modules-2/files-2.1/org.springframework.data/spring-data-rest-webmvc/2.4.0.RELEASE/834db763dd30c31bb330d981169860e7cd5cbeee/spring-data-rest-webmvc-2.4.0.RELEASE.jar!/org/springframework/data/rest/webmvc/ResourceProcessorHandlerMethodReturnValueHandler$CustomOrderAwareComparator.class]
2016-04-27 17:58:10.759 TRACE 37359 --- [    Test worker] o.s.c.a.ClassPathBeanDefinitionScanner   : Scanning URL [jar:file:/Users/yjayaraman/.gradle/caches/modules-2/files-2.1/org.springframework.data/spring-data-rest-webmvc/2.4.0.RELEASE/834db763dd30c31bb330d981169860e7cd5cbeee/spring-data-rest-webmvc-2.4.0.RELEASE.jar!/org/springframework/data/rest/webmvc/ResourceProcessorHandlerMethodReturnValueHandler$ResourceProcessorWrapper.class]
2016-04-27 17:58:10.759 TRACE 37359 --- [    Test worker] o.s.c.a.ClassPathBeanDefinitionScanner   : Ignored because not matching any filter: URL [jar:file:/Users/yjayaraman/.gradle/caches/modules-2/files-2.1/org.springframework.data/spring-data-rest-webmvc/2.4.0.RELEASE/834db763dd30c31bb330d981169860e7cd5cbeee/spring-data-rest-webmvc-2.4.0.RELEASE.jar!/org/springframework/data/rest/webmvc/ResourceProcessorHandlerMethodReturnValueHandler$ResourceProcessorWrapper.class]
2016-04-27 17:58:10.759 TRACE 37359 --- [    Test worker] o.s.c.a.ClassPathBeanDefinitionScanner   : Scanning URL [jar:file:/Users/yjayaraman/.gradle/caches/modules-2/files-2.1/org.springframework.data/spring-data-rest-webmvc/2.4.0.RELEASE/834db763dd30c31bb330d981169860e7cd5cbeee/spring-data-rest-webmvc-2.4.0.RELEASE.jar!/org/springframework/data/rest/webmvc/BasePathAwareHandlerMapping$CustomAcceptHeaderHttpServletRequest.class]
2016-04-27 17:58:10.759 TRACE 37359 --- [    Test worker] o.s.c.a.ClassPathBeanDefinitionScanner   : Ignored because not matching any filter: URL [jar:file:/Users/yjayaraman/.gradle/caches/modules-2/files-2.1/org.springframework.data/spring-data-rest-webmvc/2.4.0.RELEASE/834db763dd30c31bb330d981169860e7cd5cbeee/spring-data-rest-webmvc-2.4.0.RELEASE.jar!/org/springframework/data/rest/webmvc/BasePathAwareHandlerMapping$CustomAcceptHeaderHttpServletRequest.class]
2016-04-27 17:58:10.760 TRACE 37359 --- [    Test worker] o.s.c.a.ClassPathBeanDefinitionScanner   : Scanning URL [jar:file:/Users/yjayaraman/.gradle/caches/modules-2/files-2.1/org.springframework.data/spring-data-rest-webmvc/2.4.0.RELEASE/834db763dd30c31bb330d981169860e7cd5cbeee/spring-data-rest-webmvc-2.4.0.RELEASE.jar!/org/springframework/data/rest/webmvc/RestMediaTypes.class]
2016-04-27 17:58:10.760 TRACE 37359 --- [    Test worker] o.s.c.a.ClassPathBeanDefinitionScanner   : Ignored because not matching any filter: URL [jar:file:/Users/yjayaraman/.gradle/caches/modules-2/files-2.1/org.springframework.data/spring-data-rest-webmvc/2.4.0.RELEASE/834db763dd30c31bb330d981169860e7cd5cbeee/spring-data-rest-webmvc-2.4.0.RELEASE.jar!/org/springframework/data/rest/webmvc/RestMediaTypes.class]
2016-04-27 17:58:10.760 TRACE 37359 --- [    Test worker] o.s.c.a.ClassPathBeanDefinitionScanner   : Scanning URL [jar:file:/Users/yjayaraman/.gradle/caches/modules-2/files-2.1/org.springframework.data/spring-data-rest-webmvc/2.4.0.RELEASE/834db763dd30c31bb330d981169860e7cd5cbeee/spring-data-rest-webmvc-2.4.0.RELEASE.jar!/org/springframework/data/rest/webmvc/json/DomainObjectReader$1.class]
2016-04-27 17:58:10.760 TRACE 37359 --- [    Test worker] o.s.c.a.ClassPathBeanDefinitionScanner   : Ignored because not matching any filter: URL [jar:file:/Users/yjayaraman/.gradle/caches/modules-2/files-2.1/org.springframework.data/spring-data-rest-webmvc/2.4.0.RELEASE/834db763dd30c31bb330d981169860e7cd5cbeee/spring-data-rest-webmvc-2.4.0.RELEASE.jar!/org/springframework/data/rest/webmvc/json/DomainObjectReader$1.class]
2016-04-27 17:58:10.760 TRACE 37359 --- [    Test worker] o.s.c.a.ClassPathBeanDefinitionScanner   : Scanning URL [jar:file:/Users/yjayaraman/.gradle/caches/modules-2/files-2.1/org.springframework.data/spring-data-rest-webmvc/2.4.0.RELEASE/834db763dd30c31bb330d981169860e7cd5cbeee/spring-data-rest-webmvc-2.4.0.RELEASE.jar!/org/springframework/data/rest/webmvc/json/DomainObjectReader$MappedProperties.class]
2016-04-27 17:58:10.760 TRACE 37359 --- [    Test worker] o.s.c.a.ClassPathBeanDefinitionScanner   : Ignored because not matching any filter: URL [jar:file:/Users/yjayaraman/.gradle/caches/modules-2/files-2.1/org.springframework.data/spring-data-rest-webmvc/2.4.0.RELEASE/834db763dd30c31bb330d981169860e7cd5cbeee/spring-data-rest-webmvc-2.4.0.RELEASE.jar!/org/springframework/data/rest/webmvc/json/DomainObjectReader$MappedProperties.class]
2016-04-27 17:58:10.760 TRACE 37359 --- [    Test worker] o.s.c.a.ClassPathBeanDefinitionScanner   : Scanning URL [jar:file:/Users/yjayaraman/.gradle/caches/modules-2/files-2.1/org.springframework.data/spring-data-rest-webmvc/2.4.0.RELEASE/834db763dd30c31bb330d981169860e7cd5cbeee/spring-data-rest-webmvc-2.4.0.RELEASE.jar!/org/springframework/data/rest/webmvc/json/PersistentEntityJackson2Module$ProjectionResource.class]
2016-04-27 17:58:10.761 TRACE 37359 --- [    Test worker] o.s.c.a.ClassPathBeanDefinitionScanner   : Ignored because not matching any filter: URL [jar:file:/Users/yjayaraman/.gradle/caches/modules-2/files-2.1/org.springframework.data/spring-data-rest-webmvc/2.4.0.RELEASE/834db763dd30c31bb330d981169860e7cd5cbeee/spring-data-rest-webmvc-2.4.0.RELEASE.jar!/org/springframework/data/rest/webmvc/json/PersistentEntityJackson2Module$ProjectionResource.class]
2016-04-27 17:58:10.761 TRACE 37359 --- [    Test worker] o.s.c.a.ClassPathBeanDefinitionScanner   : Scanning URL [jar:file:/Users/yjayaraman/.gradle/caches/modules-2/files-2.1/org.springframework.data/spring-data-rest-webmvc/2.4.0.RELEASE/834db763dd30c31bb330d981169860e7cd5cbeee/spring-data-rest-webmvc-2.4.0.RELEASE.jar!/org/springframework/data/rest/webmvc/json/PersistentEntityJackson2Module$ProjectionSerializer.class]
2016-04-27 17:58:10.761 TRACE 37359 --- [    Test worker] o.s.c.a.ClassPathBeanDefinitionScanner   : Ignored because not matching any filter: URL [jar:file:/Users/yjayaraman/.gradle/caches/modules-2/files-2.1/org.springframework.data/spring-data-rest-webmvc/2.4.0.RELEASE/834db763dd30c31bb330d981169860e7cd5cbeee/spring-data-rest-webmvc-2.4.0.RELEASE.jar!/org/springframework/data/rest/webmvc/json/PersistentEntityJackson2Module$ProjectionSerializer.class]
2016-04-27 17:58:10.761 TRACE 37359 --- [    Test worker] o.s.c.a.ClassPathBeanDefinitionScanner   : Scanning URL [jar:file:/Users/yjayaraman/.gradle/caches/modules-2/files-2.1/org.springframework.data/spring-data-rest-webmvc/2.4.0.RELEASE/834db763dd30c31bb330d981169860e7cd5cbeee/spring-data-rest-webmvc-2.4.0.RELEASE.jar!/org/springframework/data/rest/webmvc/json/JsonSchema$EnumProperty.class]
2016-04-27 17:58:10.762 TRACE 37359 --- [    Test worker] o.s.c.a.ClassPathBeanDefinitionScanner   : Ignored because not matching any filter: URL [jar:file:/Users/yjayaraman/.gradle/caches/modules-2/files-2.1/org.springframework.data/spring-data-rest-webmvc/2.4.0.RELEASE/834db763dd30c31bb330d981169860e7cd5cbeee/spring-data-rest-webmvc-2.4.0.RELEASE.jar!/org/springframework/data/rest/webmvc/json/JsonSchema$EnumProperty.class]
2016-04-27 17:58:10.762 TRACE 37359 --- [    Test worker] o.s.c.a.ClassPathBeanDefinitionScanner   : Scanning URL [jar:file:/Users/yjayaraman/.gradle/caches/modules-2/files-2.1/org.springframework.data/spring-data-rest-webmvc/2.4.0.RELEASE/834db763dd30c31bb330d981169860e7cd5cbeee/spring-data-rest-webmvc-2.4.0.RELEASE.jar!/org/springframework/data/rest/webmvc/json/DomainObjectReader.class]
2016-04-27 17:58:10.762 TRACE 37359 --- [    Test worker] o.s.c.a.ClassPathBeanDefinitionScanner   : Ignored because not matching any filter: URL [jar:file:/Users/yjayaraman/.gradle/caches/modules-2/files-2.1/org.springframework.data/spring-data-rest-webmvc/2.4.0.RELEASE/834db763dd30c31bb330d981169860e7cd5cbeee/spring-data-rest-webmvc-2.4.0.RELEASE.jar!/org/springframework/data/rest/webmvc/json/DomainObjectReader.class]
2016-04-27 17:58:10.762 TRACE 37359 --- [    Test worker] o.s.c.a.ClassPathBeanDefinitionScanner   : Scanning URL [jar:file:/Users/yjayaraman/.gradle/caches/modules-2/files-2.1/org.springframework.data/spring-data-rest-webmvc/2.4.0.RELEASE/834db763dd30c31bb330d981169860e7cd5cbeee/spring-data-rest-webmvc-2.4.0.RELEASE.jar!/org/springframework/data/rest/webmvc/json/JacksonSerializers$EnumTranslatingDeserializer.class]
2016-04-27 17:58:10.762 TRACE 37359 --- [    Test worker] o.s.c.a.ClassPathBeanDefinitionScanner   : Ignored because not matching any filter: URL [jar:file:/Users/yjayaraman/.gradle/caches/modules-2/files-2.1/org.springframework.data/spring-data-rest-webmvc/2.4.0.RELEASE/834db763dd30c31bb330d981169860e7cd5cbeee/spring-data-rest-webmvc-2.4.0.RELEASE.jar!/org/springframework/data/rest/webmvc/json/JacksonSerializers$EnumTranslatingDeserializer.class]
2016-04-27 17:58:10.763 TRACE 37359 --- [    Test worker] o.s.c.a.ClassPathBeanDefinitionScanner   : Scanning URL [jar:file:/Users/yjayaraman/.gradle/caches/modules-2/files-2.1/org.springframework.data/spring-data-rest-webmvc/2.4.0.RELEASE/834db763dd30c31bb330d981169860e7cd5cbeee/spring-data-rest-webmvc-2.4.0.RELEASE.jar!/org/springframework/data/rest/webmvc/json/JsonSchema$AbstractJsonSchemaProperty.class]
2016-04-27 17:58:10.763 TRACE 37359 --- [    Test worker] o.s.c.a.ClassPathBeanDefinitionScanner   : Ignored because not matching any filter: URL [jar:file:/Users/yjayaraman/.gradle/caches/modules-2/files-2.1/org.springframework.data/spring-data-rest-webmvc/2.4.0.RELEASE/834db763dd30c31bb330d981169860e7cd5cbeee/spring-data-rest-webmvc-2.4.0.RELEASE.jar!/org/springframework/data/rest/webmvc/json/JsonSchema$AbstractJsonSchemaProperty.class]
2016-04-27 17:58:10.763 TRACE 37359 --- [    Test worker] o.s.c.a.ClassPathBeanDefinitionScanner   : Scanning URL [jar:file:/Users/yjayaraman/.gradle/caches/modules-2/files-2.1/org.springframework.data/spring-data-rest-webmvc/2.4.0.RELEASE/834db763dd30c31bb330d981169860e7cd5cbeee/spring-data-rest-webmvc-2.4.0.RELEASE.jar!/org/springframework/data/rest/webmvc/json/JsonSchema$PropertiesContainer.class]
2016-04-27 17:58:10.764 TRACE 37359 --- [    Test worker] o.s.c.a.ClassPathBeanDefinitionScanner   : Ignored because not matching any filter: URL [jar:file:/Users/yjayaraman/.gradle/caches/modules-2/files-2.1/org.springframework.data/spring-data-rest-webmvc/2.4.0.RELEASE/834db763dd30c31bb330d981169860e7cd5cbeee/spring-data-rest-webmvc-2.4.0.RELEASE.jar!/org/springframework/data/rest/webmvc/json/JsonSchema$PropertiesContainer.class]
2016-04-27 17:58:10.764 TRACE 37359 --- [    Test worker] o.s.c.a.ClassPathBeanDefinitionScanner   : Scanning URL [jar:file:/Users/yjayaraman/.gradle/caches/modules-2/files-2.1/org.springframework.data/spring-data-rest-webmvc/2.4.0.RELEASE/834db763dd30c31bb330d981169860e7cd5cbeee/spring-data-rest-webmvc-2.4.0.RELEASE.jar!/org/springframework/data/rest/webmvc/json/JacksonSerializers$EnumTranslatingSerializer.class]
2016-04-27 17:58:10.764 TRACE 37359 --- [    Test worker] o.s.c.a.ClassPathBeanDefinitionScanner   : Ignored because not matching any filter: URL [jar:file:/Users/yjayaraman/.gradle/caches/modules-2/files-2.1/org.springframework.data/spring-data-rest-webmvc/2.4.0.RELEASE/834db763dd30c31bb330d981169860e7cd5cbeee/spring-data-rest-webmvc-2.4.0.RELEASE.jar!/org/springframework/data/rest/webmvc/json/JacksonSerializers$EnumTranslatingSerializer.class]
2016-04-27 17:58:10.764 TRACE 37359 --- [    Test worker] o.s.c.a.ClassPathBeanDefinitionScanner   : Scanning URL [jar:file:/Users/yjayaraman/.gradle/caches/modules-2/files-2.1/org.springframework.data/spring-data-rest-webmvc/2.4.0.RELEASE/834db763dd30c31bb330d981169860e7cd5cbeee/spring-data-rest-webmvc-2.4.0.RELEASE.jar!/org/springframework/data/rest/webmvc/json/JsonSchemaPropertyCustomizer.class]
2016-04-27 17:58:10.764 TRACE 37359 --- [    Test worker] o.s.c.a.ClassPathBeanDefinitionScanner   : Ignored because not matching any filter: URL [jar:file:/Users/yjayaraman/.gradle/caches/modules-2/files-2.1/org.springframework.data/spring-data-rest-webmvc/2.4.0.RELEASE/834db763dd30c31bb330d981169860e7cd5cbeee/spring-data-rest-webmvc-2.4.0.RELEASE.jar!/org/springframework/data/rest/webmvc/json/JsonSchemaPropertyCustomizer.class]
2016-04-27 17:58:10.764 TRACE 37359 --- [    Test worker] o.s.c.a.ClassPathBeanDefinitionScanner   : Scanning URL [jar:file:/Users/yjayaraman/.gradle/caches/modules-2/files-2.1/org.springframework.data/spring-data-rest-webmvc/2.4.0.RELEASE/834db763dd30c31bb330d981169860e7cd5cbeee/spring-data-rest-webmvc-2.4.0.RELEASE.jar!/org/springframework/data/rest/webmvc/json/JsonSchema$Item.class]
2016-04-27 17:58:10.765 TRACE 37359 --- [    Test worker] o.s.c.a.ClassPathBeanDefinitionScanner   : Ignored because not matching any filter: URL [jar:file:/Users/yjayaraman/.gradle/caches/modules-2/files-2.1/org.springframework.data/spring-data-rest-webmvc/2.4.0.RELEASE/834db763dd30c31bb330d981169860e7cd5cbeee/spring-data-rest-webmvc-2.4.0.RELEASE.jar!/org/springframework/data/rest/webmvc/json/JsonSchema$Item.class]
2016-04-27 17:58:10.765 TRACE 37359 --- [    Test worker] o.s.c.a.ClassPathBeanDefinitionScanner   : Scanning URL [jar:file:/Users/yjayaraman/.gradle/caches/modules-2/files-2.1/org.springframework.data/spring-data-rest-webmvc/2.4.0.RELEASE/834db763dd30c31bb330d981169860e7cd5cbeee/spring-data-rest-webmvc-2.4.0.RELEASE.jar!/org/springframework/data/rest/webmvc/json/JacksonMetadata.class]
2016-04-27 17:58:10.765 TRACE 37359 --- [    Test worker] o.s.c.a.ClassPathBeanDefinitionScanner   : Ignored because not matching any filter: URL [jar:file:/Users/yjayaraman/.gradle/caches/modules-2/files-2.1/org.springframework.data/spring-data-rest-webmvc/2.4.0.RELEASE/834db763dd30c31bb330d981169860e7cd5cbeee/spring-data-rest-webmvc-2.4.0.RELEASE.jar!/org/springframework/data/rest/webmvc/json/JacksonMetadata.class]
2016-04-27 17:58:10.765 TRACE 37359 --- [    Test worker] o.s.c.a.ClassPathBeanDefinitionScanner   : Scanning URL [jar:file:/Users/yjayaraman/.gradle/caches/modules-2/files-2.1/org.springframework.data/spring-data-rest-webmvc/2.4.0.RELEASE/834db763dd30c31bb330d981169860e7cd5cbeee/spring-data-rest-webmvc-2.4.0.RELEASE.jar!/org/springframework/data/rest/webmvc/json/Jackson2DatatypeHelper$Hibernate4ModuleRegistrar.class]
2016-04-27 17:58:10.766 TRACE 37359 --- [    Test worker] o.s.c.a.ClassPathBeanDefinitionScanner   : Ignored because not matching any filter: URL [jar:file:/Users/yjayaraman/.gradle/caches/modules-2/files-2.1/org.springframework.data/spring-data-rest-webmvc/2.4.0.RELEASE/834db763dd30c31bb330d981169860e7cd5cbeee/spring-data-rest-webmvc-2.4.0.RELEASE.jar!/org/springframework/data/rest/webmvc/json/Jackson2DatatypeHelper$Hibernate4ModuleRegistrar.class]
2016-04-27 17:58:10.766 TRACE 37359 --- [    Test worker] o.s.c.a.ClassPathBeanDefinitionScanner   : Scanning URL [jar:file:/Users/yjayaraman/.gradle/caches/modules-2/files-2.1/org.springframework.data/spring-data-rest-webmvc/2.4.0.RELEASE/834db763dd30c31bb330d981169860e7cd5cbeee/spring-data-rest-webmvc-2.4.0.RELEASE.jar!/org/springframework/data/rest/webmvc/json/PersistentEntityJackson2Module$PersistentEntityResourceSerializer$1.class]
2016-04-27 17:58:10.766 TRACE 37359 --- [    Test worker] o.s.c.a.ClassPathBeanDefinitionScanner   : Ignored because not matching any filter: URL [jar:file:/Users/yjayaraman/.gradle/caches/modules-2/files-2.1/org.springframework.data/spring-data-rest-webmvc/2.4.0.RELEASE/834db763dd30c31bb330d981169860e7cd5cbeee/spring-data-rest-webmvc-2.4.0.RELEASE.jar!/org/springframework/data/rest/webmvc/json/PersistentEntityJackson2Module$PersistentEntityResourceSerializer$1.class]
2016-04-27 17:58:10.766 TRACE 37359 --- [    Test worker] o.s.c.a.ClassPathBeanDefinitionScanner   : Scanning URL [jar:file:/Users/yjayaraman/.gradle/caches/modules-2/files-2.1/org.springframework.data/spring-data-rest-webmvc/2.4.0.RELEASE/834db763dd30c31bb330d981169860e7cd5cbeee/spring-data-rest-webmvc-2.4.0.RELEASE.jar!/org/springframework/data/rest/webmvc/json/PersistentEntityJackson2Module$ProjectionResourceContent.class]
2016-04-27 17:58:10.766 TRACE 37359 --- [    Test worker] o.s.c.a.ClassPathBeanDefinitionScanner   : Ignored because not matching any filter: URL [jar:file:/Users/yjayaraman/.gradle/caches/modules-2/files-2.1/org.springframework.data/spring-data-rest-webmvc/2.4.0.RELEASE/834db763dd30c31bb330d981169860e7cd5cbeee/spring-data-rest-webmvc-2.4.0.RELEASE.jar!/org/springframework/data/rest/webmvc/json/PersistentEntityJackson2Module$ProjectionResourceContent.class]
2016-04-27 17:58:10.766 TRACE 37359 --- [    Test worker] o.s.c.a.ClassPathBeanDefinitionScanner   : Scanning URL [jar:file:/Users/yjayaraman/.gradle/caches/modules-2/files-2.1/org.springframework.data/spring-data-rest-webmvc/2.4.0.RELEASE/834db763dd30c31bb330d981169860e7cd5cbeee/spring-data-rest-webmvc-2.4.0.RELEASE.jar!/org/springframework/data/rest/webmvc/json/JsonSchema.class]
2016-04-27 17:58:10.767 TRACE 37359 --- [    Test worker] o.s.c.a.ClassPathBeanDefinitionScanner   : Ignored because not matching any filter: URL [jar:file:/Users/yjayaraman/.gradle/caches/modules-2/files-2.1/org.springframework.data/spring-data-rest-webmvc/2.4.0.RELEASE/834db763dd30c31bb330d981169860e7cd5cbeee/spring-data-rest-webmvc-2.4.0.RELEASE.jar!/org/springframework/data/rest/webmvc/json/JsonSchema.class]
2016-04-27 17:58:10.767 TRACE 37359 --- [    Test worker] o.s.c.a.ClassPathBeanDefinitionScanner   : Scanning URL [jar:file:/Users/yjayaraman/.gradle/caches/modules-2/files-2.1/org.springframework.data/spring-data-rest-webmvc/2.4.0.RELEASE/834db763dd30c31bb330d981169860e7cd5cbeee/spring-data-rest-webmvc-2.4.0.RELEASE.jar!/org/springframework/data/rest/webmvc/json/PersistentEntityJackson2Module$AssociationUriResolvingDeserializerModifier.class]
2016-04-27 17:58:10.767 TRACE 37359 --- [    Test worker] o.s.c.a.ClassPathBeanDefinitionScanner   : Ignored because not matching any filter: URL [jar:file:/Users/yjayaraman/.gradle/caches/modules-2/files-2.1/org.springframework.data/spring-data-rest-webmvc/2.4.0.RELEASE/834db763dd30c31bb330d981169860e7cd5cbeee/spring-data-rest-webmvc-2.4.0.RELEASE.jar!/org/springframework/data/rest/webmvc/json/PersistentEntityJackson2Module$AssociationUriResolvingDeserializerModifier.class]
2016-04-27 17:58:10.767 TRACE 37359 --- [    Test worker] o.s.c.a.ClassPathBeanDefinitionScanner   : Scanning URL [jar:file:/Users/yjayaraman/.gradle/caches/modules-2/files-2.1/org.springframework.data/spring-data-rest-webmvc/2.4.0.RELEASE/834db763dd30c31bb330d981169860e7cd5cbeee/spring-data-rest-webmvc-2.4.0.RELEASE.jar!/org/springframework/data/rest/webmvc/json/PersistentEntityJackson2Module$1.class]
2016-04-27 17:58:10.767 TRACE 37359 --- [    Test worker] o.s.c.a.ClassPathBeanDefinitionScanner   : Ignored because not matching any filter: URL [jar:file:/Users/yjayaraman/.gradle/caches/modules-2/files-2.1/org.springframework.data/spring-data-rest-webmvc/2.4.0.RELEASE/834db763dd30c31bb330d981169860e7cd5cbeee/spring-data-rest-webmvc-2.4.0.RELEASE.jar!/org/springframework/data/rest/webmvc/json/PersistentEntityJackson2Module$1.class]
2016-04-27 17:58:10.767 TRACE 37359 --- [    Test worker] o.s.c.a.ClassPathBeanDefinitionScanner   : Scanning URL [jar:file:/Users/yjayaraman/.gradle/caches/modules-2/files-2.1/org.springframework.data/spring-data-rest-webmvc/2.4.0.RELEASE/834db763dd30c31bb330d981169860e7cd5cbeee/spring-data-rest-webmvc-2.4.0.RELEASE.jar!/org/springframework/data/rest/webmvc/json/EnumTranslator.class]
2016-04-27 17:58:10.767 TRACE 37359 --- [    Test worker] o.s.c.a.ClassPathBeanDefinitionScanner   : Ignored because not matching any filter: URL [jar:file:/Users/yjayaraman/.gradle/caches/modules-2/files-2.1/org.springframework.data/spring-data-rest-webmvc/2.4.0.RELEASE/834db763dd30c31bb330d981169860e7cd5cbeee/spring-data-rest-webmvc-2.4.0.RELEASE.jar!/org/springframework/data/rest/webmvc/json/EnumTranslator.class]
2016-04-27 17:58:10.767 TRACE 37359 --- [    Test worker] o.s.c.a.ClassPathBeanDefinitionScanner   : Scanning URL [jar:file:/Users/yjayaraman/.gradle/caches/modules-2/files-2.1/org.springframework.data/spring-data-rest-webmvc/2.4.0.RELEASE/834db763dd30c31bb330d981169860e7cd5cbeee/spring-data-rest-webmvc-2.4.0.RELEASE.jar!/org/springframework/data/rest/webmvc/json/JacksonSerializers.class]
2016-04-27 17:58:10.767 TRACE 37359 --- [    Test worker] o.s.c.a.ClassPathBeanDefinitionScanner   : Ignored because not matching any filter: URL [jar:file:/Users/yjayaraman/.gradle/caches/modules-2/files-2.1/org.springframework.data/spring-data-rest-webmvc/2.4.0.RELEASE/834db763dd30c31bb330d981169860e7cd5cbeee/spring-data-rest-webmvc-2.4.0.RELEASE.jar!/org/springframework/data/rest/webmvc/json/JacksonSerializers.class]
2016-04-27 17:58:10.767 TRACE 37359 --- [    Test worker] o.s.c.a.ClassPathBeanDefinitionScanner   : Scanning URL [jar:file:/Users/yjayaraman/.gradle/caches/modules-2/files-2.1/org.springframework.data/spring-data-rest-webmvc/2.4.0.RELEASE/834db763dd30c31bb330d981169860e7cd5cbeee/spring-data-rest-webmvc-2.4.0.RELEASE.jar!/org/springframework/data/rest/webmvc/json/Jackson2DatatypeHelper.class]
2016-04-27 17:58:10.768 TRACE 37359 --- [    Test worker] o.s.c.a.ClassPathBeanDefinitionScanner   : Ignored because not matching any filter: URL [jar:file:/Users/yjayaraman/.gradle/caches/modules-2/files-2.1/org.springframework.data/spring-data-rest-webmvc/2.4.0.RELEASE/834db763dd30c31bb330d981169860e7cd5cbeee/spring-data-rest-webmvc-2.4.0.RELEASE.jar!/org/springframework/data/rest/webmvc/json/Jackson2DatatypeHelper.class]
2016-04-27 17:58:10.768 TRACE 37359 --- [    Test worker] o.s.c.a.ClassPathBeanDefinitionScanner   : Scanning URL [jar:file:/Users/yjayaraman/.gradle/caches/modules-2/files-2.1/org.springframework.data/spring-data-rest-webmvc/2.4.0.RELEASE/834db763dd30c31bb330d981169860e7cd5cbeee/spring-data-rest-webmvc-2.4.0.RELEASE.jar!/org/springframework/data/rest/webmvc/json/PersistentEntityJackson2Module$CollectionValueInstantiator.class]
2016-04-27 17:58:10.768 TRACE 37359 --- [    Test worker] o.s.c.a.ClassPathBeanDefinitionScanner   : Ignored because not matching any filter: URL [jar:file:/Users/yjayaraman/.gradle/caches/modules-2/files-2.1/org.springframework.data/spring-data-rest-webmvc/2.4.0.RELEASE/834db763dd30c31bb330d981169860e7cd5cbeee/spring-data-rest-webmvc-2.4.0.RELEASE.jar!/org/springframework/data/rest/webmvc/json/PersistentEntityJackson2Module$CollectionValueInstantiator.class]
2016-04-27 17:58:10.768 TRACE 37359 --- [    Test worker] o.s.c.a.ClassPathBeanDefinitionScanner   : Scanning URL [jar:file:/Users/yjayaraman/.gradle/caches/modules-2/files-2.1/org.springframework.data/spring-data-rest-webmvc/2.4.0.RELEASE/834db763dd30c31bb330d981169860e7cd5cbeee/spring-data-rest-webmvc-2.4.0.RELEASE.jar!/org/springframework/data/rest/webmvc/json/PersistentEntityJackson2Module.class]
2016-04-27 17:58:10.768 TRACE 37359 --- [    Test worker] o.s.c.a.ClassPathBeanDefinitionScanner   : Ignored because not matching any filter: URL [jar:file:/Users/yjayaraman/.gradle/caches/modules-2/files-2.1/org.springframework.data/spring-data-rest-webmvc/2.4.0.RELEASE/834db763dd30c31bb330d981169860e7cd5cbeee/spring-data-rest-webmvc-2.4.0.RELEASE.jar!/org/springframework/data/rest/webmvc/json/PersistentEntityJackson2Module.class]
2016-04-27 17:58:10.768 TRACE 37359 --- [    Test worker] o.s.c.a.ClassPathBeanDefinitionScanner   : Scanning URL [jar:file:/Users/yjayaraman/.gradle/caches/modules-2/files-2.1/org.springframework.data/spring-data-rest-webmvc/2.4.0.RELEASE/834db763dd30c31bb330d981169860e7cd5cbeee/spring-data-rest-webmvc-2.4.0.RELEASE.jar!/org/springframework/data/rest/webmvc/json/PersistentEntityToJsonSchemaConverter$DefaultingMessageSourceResolvable.class]
2016-04-27 17:58:10.768 TRACE 37359 --- [    Test worker] o.s.c.a.ClassPathBeanDefinitionScanner   : Ignored because not matching any filter: URL [jar:file:/Users/yjayaraman/.gradle/caches/modules-2/files-2.1/org.springframework.data/spring-data-rest-webmvc/2.4.0.RELEASE/834db763dd30c31bb330d981169860e7cd5cbeee/spring-data-rest-webmvc-2.4.0.RELEASE.jar!/org/springframework/data/rest/webmvc/json/PersistentEntityToJsonSchemaConverter$DefaultingMessageSourceResolvable.class]
2016-04-27 17:58:10.768 TRACE 37359 --- [    Test worker] o.s.c.a.ClassPathBeanDefinitionScanner   : Scanning URL [jar:file:/Users/yjayaraman/.gradle/caches/modules-2/files-2.1/org.springframework.data/spring-data-rest-webmvc/2.4.0.RELEASE/834db763dd30c31bb330d981169860e7cd5cbeee/spring-data-rest-webmvc-2.4.0.RELEASE.jar!/org/springframework/data/rest/webmvc/json/PersistentEntityJackson2Module$LinkCollector.class]
2016-04-27 17:58:10.769 TRACE 37359 --- [    Test worker] o.s.c.a.ClassPathBeanDefinitionScanner   : Ignored because not matching any filter: URL [jar:file:/Users/yjayaraman/.gradle/caches/modules-2/files-2.1/org.springframework.data/spring-data-rest-webmvc/2.4.0.RELEASE/834db763dd30c31bb330d981169860e7cd5cbeee/spring-data-rest-webmvc-2.4.0.RELEASE.jar!/org/springframework/data/rest/webmvc/json/PersistentEntityJackson2Module$LinkCollector.class]
2016-04-27 17:58:10.769 TRACE 37359 --- [    Test worker] o.s.c.a.ClassPathBeanDefinitionScanner   : Scanning URL [jar:file:/Users/yjayaraman/.gradle/caches/modules-2/files-2.1/org.springframework.data/spring-data-rest-webmvc/2.4.0.RELEASE/834db763dd30c31bb330d981169860e7cd5cbeee/spring-data-rest-webmvc-2.4.0.RELEASE.jar!/org/springframework/data/rest/webmvc/json/PersistentEntityToJsonSchemaConverter$JsonSchemaPropertyRegistrar.class]
2016-04-27 17:58:10.769 TRACE 37359 --- [    Test worker] o.s.c.a.ClassPathBeanDefinitionScanner   : Ignored because not matching any filter: URL [jar:file:/Users/yjayaraman/.gradle/caches/modules-2/files-2.1/org.springframework.data/spring-data-rest-webmvc/2.4.0.RELEASE/834db763dd30c31bb330d981169860e7cd5cbeee/spring-data-rest-webmvc-2.4.0.RELEASE.jar!/org/springframework/data/rest/webmvc/json/PersistentEntityToJsonSchemaConverter$JsonSchemaPropertyRegistrar.class]
2016-04-27 17:58:10.769 TRACE 37359 --- [    Test worker] o.s.c.a.ClassPathBeanDefinitionScanner   : Scanning URL [jar:file:/Users/yjayaraman/.gradle/caches/modules-2/files-2.1/org.springframework.data/spring-data-rest-webmvc/2.4.0.RELEASE/834db763dd30c31bb330d981169860e7cd5cbeee/spring-data-rest-webmvc-2.4.0.RELEASE.jar!/org/springframework/data/rest/webmvc/json/PersistentEntityJackson2Module$PersistentEntityResourceSerializer.class]
2016-04-27 17:58:10.769 TRACE 37359 --- [    Test worker] o.s.c.a.ClassPathBeanDefinitionScanner   : Ignored because not matching any filter: URL [jar:file:/Users/yjayaraman/.gradle/caches/modules-2/files-2.1/org.springframework.data/spring-data-rest-webmvc/2.4.0.RELEASE/834db763dd30c31bb330d981169860e7cd5cbeee/spring-data-rest-webmvc-2.4.0.RELEASE.jar!/org/springframework/data/rest/webmvc/json/PersistentEntityJackson2Module$PersistentEntityResourceSerializer.class]
2016-04-27 17:58:10.769 TRACE 37359 --- [    Test worker] o.s.c.a.ClassPathBeanDefinitionScanner   : Scanning URL [jar:file:/Users/yjayaraman/.gradle/caches/modules-2/files-2.1/org.springframework.data/spring-data-rest-webmvc/2.4.0.RELEASE/834db763dd30c31bb330d981169860e7cd5cbeee/spring-data-rest-webmvc-2.4.0.RELEASE.jar!/org/springframework/data/rest/webmvc/json/PersistentEntityJackson2Module$AssociationOmittingSerializerModifier.class]
2016-04-27 17:58:10.769 TRACE 37359 --- [    Test worker] o.s.c.a.ClassPathBeanDefinitionScanner   : Ignored because not matching any filter: URL [jar:file:/Users/yjayaraman/.gradle/caches/modules-2/files-2.1/org.springframework.data/spring-data-rest-webmvc/2.4.0.RELEASE/834db763dd30c31bb330d981169860e7cd5cbeee/spring-data-rest-webmvc-2.4.0.RELEASE.jar!/org/springframework/data/rest/webmvc/json/PersistentEntityJackson2Module$AssociationOmittingSerializerModifier.class]
2016-04-27 17:58:10.769 TRACE 37359 --- [    Test worker] o.s.c.a.ClassPathBeanDefinitionScanner   : Scanning URL [jar:file:/Users/yjayaraman/.gradle/caches/modules-2/files-2.1/org.springframework.data/spring-data-rest-webmvc/2.4.0.RELEASE/834db763dd30c31bb330d981169860e7cd5cbeee/spring-data-rest-webmvc-2.4.0.RELEASE.jar!/org/springframework/data/rest/webmvc/json/PersistentEntityToJsonSchemaConverter.class]
2016-04-27 17:58:10.770 TRACE 37359 --- [    Test worker] o.s.c.a.ClassPathBeanDefinitionScanner   : Ignored because not matching any filter: URL [jar:file:/Users/yjayaraman/.gradle/caches/modules-2/files-2.1/org.springframework.data/spring-data-rest-webmvc/2.4.0.RELEASE/834db763dd30c31bb330d981169860e7cd5cbeee/spring-data-rest-webmvc-2.4.0.RELEASE.jar!/org/springframework/data/rest/webmvc/json/PersistentEntityToJsonSchemaConverter.class]
2016-04-27 17:58:10.770 TRACE 37359 --- [    Test worker] o.s.c.a.ClassPathBeanDefinitionScanner   : Scanning URL [jar:file:/Users/yjayaraman/.gradle/caches/modules-2/files-2.1/org.springframework.data/spring-data-rest-webmvc/2.4.0.RELEASE/834db763dd30c31bb330d981169860e7cd5cbeee/spring-data-rest-webmvc-2.4.0.RELEASE.jar!/org/springframework/data/rest/webmvc/json/Jackson2DatatypeHelper$Hibernate4Checker.class]
2016-04-27 17:58:10.770 TRACE 37359 --- [    Test worker] o.s.c.a.ClassPathBeanDefinitionScanner   : Ignored because not matching any filter: URL [jar:file:/Users/yjayaraman/.gradle/caches/modules-2/files-2.1/org.springframework.data/spring-data-rest-webmvc/2.4.0.RELEASE/834db763dd30c31bb330d981169860e7cd5cbeee/spring-data-rest-webmvc-2.4.0.RELEASE.jar!/org/springframework/data/rest/webmvc/json/Jackson2DatatypeHelper$Hibernate4Checker.class]
2016-04-27 17:58:10.770 TRACE 37359 --- [    Test worker] o.s.c.a.ClassPathBeanDefinitionScanner   : Scanning URL [jar:file:/Users/yjayaraman/.gradle/caches/modules-2/files-2.1/org.springframework.data/spring-data-rest-webmvc/2.4.0.RELEASE/834db763dd30c31bb330d981169860e7cd5cbeee/spring-data-rest-webmvc-2.4.0.RELEASE.jar!/org/springframework/data/rest/webmvc/json/PersistentEntityJackson2Module$UriStringDeserializer.class]
2016-04-27 17:58:10.770 TRACE 37359 --- [    Test worker] o.s.c.a.ClassPathBeanDefinitionScanner   : Ignored because not matching any filter: URL [jar:file:/Users/yjayaraman/.gradle/caches/modules-2/files-2.1/org.springframework.data/spring-data-rest-webmvc/2.4.0.RELEASE/834db763dd30c31bb330d981169860e7cd5cbeee/spring-data-rest-webmvc-2.4.0.RELEASE.jar!/org/springframework/data/rest/webmvc/json/PersistentEntityJackson2Module$UriStringDeserializer.class]
2016-04-27 17:58:10.770 TRACE 37359 --- [    Test worker] o.s.c.a.ClassPathBeanDefinitionScanner   : Scanning URL [jar:file:/Users/yjayaraman/.gradle/caches/modules-2/files-2.1/org.springframework.data/spring-data-rest-webmvc/2.4.0.RELEASE/834db763dd30c31bb330d981169860e7cd5cbeee/spring-data-rest-webmvc-2.4.0.RELEASE.jar!/org/springframework/data/rest/webmvc/json/Jackson2DatatypeHelper$JodaModuleRegistrar.class]
2016-04-27 17:58:10.770 TRACE 37359 --- [    Test worker] o.s.c.a.ClassPathBeanDefinitionScanner   : Ignored because not matching any filter: URL [jar:file:/Users/yjayaraman/.gradle/caches/modules-2/files-2.1/org.springframework.data/spring-data-rest-webmvc/2.4.0.RELEASE/834db763dd30c31bb330d981169860e7cd5cbeee/spring-data-rest-webmvc-2.4.0.RELEASE.jar!/org/springframework/data/rest/webmvc/json/Jackson2DatatypeHelper$JodaModuleRegistrar.class]
2016-04-27 17:58:10.770 TRACE 37359 --- [    Test worker] o.s.c.a.ClassPathBeanDefinitionScanner   : Scanning URL [jar:file:/Users/yjayaraman/.gradle/caches/modules-2/files-2.1/org.springframework.data/spring-data-rest-webmvc/2.4.0.RELEASE/834db763dd30c31bb330d981169860e7cd5cbeee/spring-data-rest-webmvc-2.4.0.RELEASE.jar!/org/springframework/data/rest/webmvc/json/PersistentEntityJackson2Module$ProjectionResourceContentSerializer.class]
2016-04-27 17:58:10.771 TRACE 37359 --- [    Test worker] o.s.c.a.ClassPathBeanDefinitionScanner   : Ignored because not matching any filter: URL [jar:file:/Users/yjayaraman/.gradle/caches/modules-2/files-2.1/org.springframework.data/spring-data-rest-webmvc/2.4.0.RELEASE/834db763dd30c31bb330d981169860e7cd5cbeee/spring-data-rest-webmvc-2.4.0.RELEASE.jar!/org/springframework/data/rest/webmvc/json/PersistentEntityJackson2Module$ProjectionResourceContentSerializer.class]
2016-04-27 17:58:10.771 TRACE 37359 --- [    Test worker] o.s.c.a.ClassPathBeanDefinitionScanner   : Scanning URL [jar:file:/Users/yjayaraman/.gradle/caches/modules-2/files-2.1/org.springframework.data/spring-data-rest-webmvc/2.4.0.RELEASE/834db763dd30c31bb330d981169860e7cd5cbeee/spring-data-rest-webmvc-2.4.0.RELEASE.jar!/org/springframework/data/rest/webmvc/json/JsonSchema$Definitions.class]
2016-04-27 17:58:10.771 TRACE 37359 --- [    Test worker] o.s.c.a.ClassPathBeanDefinitionScanner   : Ignored because not matching any filter: URL [jar:file:/Users/yjayaraman/.gradle/caches/modules-2/files-2.1/org.springframework.data/spring-data-rest-webmvc/2.4.0.RELEASE/834db763dd30c31bb330d981169860e7cd5cbeee/spring-data-rest-webmvc-2.4.0.RELEASE.jar!/org/springframework/data/rest/webmvc/json/JsonSchema$Definitions.class]
2016-04-27 17:58:10.771 TRACE 37359 --- [    Test worker] o.s.c.a.ClassPathBeanDefinitionScanner   : Scanning URL [jar:file:/Users/yjayaraman/.gradle/caches/modules-2/files-2.1/org.springframework.data/spring-data-rest-webmvc/2.4.0.RELEASE/834db763dd30c31bb330d981169860e7cd5cbeee/spring-data-rest-webmvc-2.4.0.RELEASE.jar!/org/springframework/data/rest/webmvc/json/JsonSchema$JsonSchemaProperty.class]
2016-04-27 17:58:10.771 TRACE 37359 --- [    Test worker] o.s.c.a.ClassPathBeanDefinitionScanner   : Ignored because not matching any filter: URL [jar:file:/Users/yjayaraman/.gradle/caches/modules-2/files-2.1/org.springframework.data/spring-data-rest-webmvc/2.4.0.RELEASE/834db763dd30c31bb330d981169860e7cd5cbeee/spring-data-rest-webmvc-2.4.0.RELEASE.jar!/org/springframework/data/rest/webmvc/json/JsonSchema$JsonSchemaProperty.class]
2016-04-27 17:58:10.771 TRACE 37359 --- [    Test worker] o.s.c.a.ClassPathBeanDefinitionScanner   : Scanning URL [jar:file:/Users/yjayaraman/.gradle/caches/modules-2/files-2.1/org.springframework.data/spring-data-rest-webmvc/2.4.0.RELEASE/834db763dd30c31bb330d981169860e7cd5cbeee/spring-data-rest-webmvc-2.4.0.RELEASE.jar!/org/springframework/data/rest/webmvc/spi/BackendIdConverter.class]
2016-04-27 17:58:10.771 TRACE 37359 --- [    Test worker] o.s.c.a.ClassPathBeanDefinitionScanner   : Ignored because not matching any filter: URL [jar:file:/Users/yjayaraman/.gradle/caches/modules-2/files-2.1/org.springframework.data/spring-data-rest-webmvc/2.4.0.RELEASE/834db763dd30c31bb330d981169860e7cd5cbeee/spring-data-rest-webmvc-2.4.0.RELEASE.jar!/org/springframework/data/rest/webmvc/spi/BackendIdConverter.class]
2016-04-27 17:58:10.771 TRACE 37359 --- [    Test worker] o.s.c.a.ClassPathBeanDefinitionScanner   : Scanning URL [jar:file:/Users/yjayaraman/.gradle/caches/modules-2/files-2.1/org.springframework.data/spring-data-rest-webmvc/2.4.0.RELEASE/834db763dd30c31bb330d981169860e7cd5cbeee/spring-data-rest-webmvc-2.4.0.RELEASE.jar!/org/springframework/data/rest/webmvc/spi/BackendIdConverter$DefaultIdConverter.class]
2016-04-27 17:58:10.771 TRACE 37359 --- [    Test worker] o.s.c.a.ClassPathBeanDefinitionScanner   : Ignored because not matching any filter: URL [jar:file:/Users/yjayaraman/.gradle/caches/modules-2/files-2.1/org.springframework.data/spring-data-rest-webmvc/2.4.0.RELEASE/834db763dd30c31bb330d981169860e7cd5cbeee/spring-data-rest-webmvc-2.4.0.RELEASE.jar!/org/springframework/data/rest/webmvc/spi/BackendIdConverter$DefaultIdConverter.class]
2016-04-27 17:58:10.772 TRACE 37359 --- [    Test worker] o.s.c.a.ClassPathBeanDefinitionScanner   : Scanning URL [jar:file:/Users/yjayaraman/.gradle/caches/modules-2/files-2.1/org.springframework.data/spring-data-rest-webmvc/2.4.0.RELEASE/834db763dd30c31bb330d981169860e7cd5cbeee/spring-data-rest-webmvc-2.4.0.RELEASE.jar!/org/springframework/data/rest/webmvc/RootResourceInformation.class]
2016-04-27 17:58:10.772 TRACE 37359 --- [    Test worker] o.s.c.a.ClassPathBeanDefinitionScanner   : Ignored because not matching any filter: URL [jar:file:/Users/yjayaraman/.gradle/caches/modules-2/files-2.1/org.springframework.data/spring-data-rest-webmvc/2.4.0.RELEASE/834db763dd30c31bb330d981169860e7cd5cbeee/spring-data-rest-webmvc-2.4.0.RELEASE.jar!/org/springframework/data/rest/webmvc/RootResourceInformation.class]
2016-04-27 17:58:10.772 TRACE 37359 --- [    Test worker] o.s.c.a.ClassPathBeanDefinitionScanner   : Scanning URL [jar:file:/Users/yjayaraman/.gradle/caches/modules-2/files-2.1/org.springframework.data/spring-data-rest-webmvc/2.4.0.RELEASE/834db763dd30c31bb330d981169860e7cd5cbeee/spring-data-rest-webmvc-2.4.0.RELEASE.jar!/org/springframework/data/rest/webmvc/RepositoryRestHandlerMapping.class]
2016-04-27 17:58:10.772 TRACE 37359 --- [    Test worker] o.s.c.a.ClassPathBeanDefinitionScanner   : Ignored because not matching any filter: URL [jar:file:/Users/yjayaraman/.gradle/caches/modules-2/files-2.1/org.springframework.data/spring-data-rest-webmvc/2.4.0.RELEASE/834db763dd30c31bb330d981169860e7cd5cbeee/spring-data-rest-webmvc-2.4.0.RELEASE.jar!/org/springframework/data/rest/webmvc/RepositoryRestHandlerMapping.class]
2016-04-27 17:58:10.772 TRACE 37359 --- [    Test worker] o.s.c.a.ClassPathBeanDefinitionScanner   : Scanning URL [jar:file:/Users/yjayaraman/.gradle/caches/modules-2/files-2.1/org.springframework.data/spring-data-rest-webmvc/2.4.0.RELEASE/834db763dd30c31bb330d981169860e7cd5cbeee/spring-data-rest-webmvc-2.4.0.RELEASE.jar!/org/springframework/data/rest/webmvc/ResourceProcessorHandlerMethodReturnValueHandler$ResourcesProcessorWrapper.class]
2016-04-27 17:58:10.772 TRACE 37359 --- [    Test worker] o.s.c.a.ClassPathBeanDefinitionScanner   : Ignored because not matching any filter: URL [jar:file:/Users/yjayaraman/.gradle/caches/modules-2/files-2.1/org.springframework.data/spring-data-rest-webmvc/2.4.0.RELEASE/834db763dd30c31bb330d981169860e7cd5cbeee/spring-data-rest-webmvc-2.4.0.RELEASE.jar!/org/springframework/data/rest/webmvc/ResourceProcessorHandlerMethodReturnValueHandler$ResourcesProcessorWrapper.class]
2016-04-27 17:58:10.772 TRACE 37359 --- [    Test worker] o.s.c.a.ClassPathBeanDefinitionScanner   : Scanning URL [jar:file:/Users/yjayaraman/.gradle/caches/modules-2/files-2.1/org.springframework.data/spring-data-rest-webmvc/2.4.0.RELEASE/834db763dd30c31bb330d981169860e7cd5cbeee/spring-data-rest-webmvc-2.4.0.RELEASE.jar!/org/springframework/data/rest/webmvc/BasePathAwareController.class]
2016-04-27 17:58:10.772 TRACE 37359 --- [    Test worker] o.s.c.a.ClassPathBeanDefinitionScanner   : Ignored because not matching any filter: URL [jar:file:/Users/yjayaraman/.gradle/caches/modules-2/files-2.1/org.springframework.data/spring-data-rest-webmvc/2.4.0.RELEASE/834db763dd30c31bb330d981169860e7cd5cbeee/spring-data-rest-webmvc-2.4.0.RELEASE.jar!/org/springframework/data/rest/webmvc/BasePathAwareController.class]
2016-04-27 17:58:10.772 TRACE 37359 --- [    Test worker] o.s.c.a.ClassPathBeanDefinitionScanner   : Scanning URL [jar:file:/Users/yjayaraman/.gradle/caches/modules-2/files-2.1/org.springframework.data/spring-data-rest-webmvc/2.4.0.RELEASE/834db763dd30c31bb330d981169860e7cd5cbeee/spring-data-rest-webmvc-2.4.0.RELEASE.jar!/org/springframework/data/rest/webmvc/IncomingRequest.class]
2016-04-27 17:58:10.773 TRACE 37359 --- [    Test worker] o.s.c.a.ClassPathBeanDefinitionScanner   : Ignored because not matching any filter: URL [jar:file:/Users/yjayaraman/.gradle/caches/modules-2/files-2.1/org.springframework.data/spring-data-rest-webmvc/2.4.0.RELEASE/834db763dd30c31bb330d981169860e7cd5cbeee/spring-data-rest-webmvc-2.4.0.RELEASE.jar!/org/springframework/data/rest/webmvc/IncomingRequest.class]
2016-04-27 17:58:10.773 TRACE 37359 --- [    Test worker] o.s.c.a.ClassPathBeanDefinitionScanner   : Scanning URL [jar:file:/Users/yjayaraman/.gradle/caches/modules-2/files-2.1/org.springframework.data/spring-data-rest-webmvc/2.4.0.RELEASE/834db763dd30c31bb330d981169860e7cd5cbeee/spring-data-rest-webmvc-2.4.0.RELEASE.jar!/org/springframework/data/rest/webmvc/PersistentEntityResource$NoLinksResources.class]
2016-04-27 17:58:10.773 TRACE 37359 --- [    Test worker] o.s.c.a.ClassPathBeanDefinitionScanner   : Ignored because not matching any filter: URL [jar:file:/Users/yjayaraman/.gradle/caches/modules-2/files-2.1/org.springframework.data/spring-data-rest-webmvc/2.4.0.RELEASE/834db763dd30c31bb330d981169860e7cd5cbeee/spring-data-rest-webmvc-2.4.0.RELEASE.jar!/org/springframework/data/rest/webmvc/PersistentEntityResource$NoLinksResources.class]
2016-04-27 17:58:10.773 TRACE 37359 --- [    Test worker] o.s.c.a.ClassPathBeanDefinitionScanner   : Scanning URL [jar:file:/Users/yjayaraman/.gradle/caches/modules-2/files-2.1/org.springframework.data/spring-data-rest-webmvc/2.4.0.RELEASE/834db763dd30c31bb330d981169860e7cd5cbeee/spring-data-rest-webmvc-2.4.0.RELEASE.jar!/org/springframework/data/rest/webmvc/ResourceProcessorHandlerMethodReturnValueHandler$DefaultProcessorWrapper.class]
2016-04-27 17:58:10.773 TRACE 37359 --- [    Test worker] o.s.c.a.ClassPathBeanDefinitionScanner   : Ignored because not matching any filter: URL [jar:file:/Users/yjayaraman/.gradle/caches/modules-2/files-2.1/org.springframework.data/spring-data-rest-webmvc/2.4.0.RELEASE/834db763dd30c31bb330d981169860e7cd5cbeee/spring-data-rest-webmvc-2.4.0.RELEASE.jar!/org/springframework/data/rest/webmvc/ResourceProcessorHandlerMethodReturnValueHandler$DefaultProcessorWrapper.class]
2016-04-27 17:58:10.773 TRACE 37359 --- [    Test worker] o.s.c.a.ClassPathBeanDefinitionScanner   : Scanning URL [jar:file:/Users/yjayaraman/.gradle/caches/modules-2/files-2.1/org.springframework.data/spring-data-rest-webmvc/2.4.0.RELEASE/834db763dd30c31bb330d981169860e7cd5cbeee/spring-data-rest-webmvc-2.4.0.RELEASE.jar!/org/springframework/data/rest/webmvc/ProfileResourceProcessor.class]
2016-04-27 17:58:10.773 TRACE 37359 --- [    Test worker] o.s.c.a.ClassPathBeanDefinitionScanner   : Ignored because not matching any filter: URL [jar:file:/Users/yjayaraman/.gradle/caches/modules-2/files-2.1/org.springframework.data/spring-data-rest-webmvc/2.4.0.RELEASE/834db763dd30c31bb330d981169860e7cd5cbeee/spring-data-rest-webmvc-2.4.0.RELEASE.jar!/org/springframework/data/rest/webmvc/ProfileResourceProcessor.class]
2016-04-27 17:58:10.773 TRACE 37359 --- [    Test worker] o.s.c.a.ClassPathBeanDefinitionScanner   : Scanning URL [jar:file:/Users/yjayaraman/.gradle/caches/modules-2/files-2.1/org.springframework.data/spring-data-rest-webmvc/2.4.0.RELEASE/834db763dd30c31bb330d981169860e7cd5cbeee/spring-data-rest-webmvc-2.4.0.RELEASE.jar!/org/springframework/data/rest/webmvc/config/RepositoryRestConfigurerAdapter.class]
2016-04-27 17:58:10.774 TRACE 37359 --- [    Test worker] o.s.c.a.ClassPathBeanDefinitionScanner   : Ignored because not matching any filter: URL [jar:file:/Users/yjayaraman/.gradle/caches/modules-2/files-2.1/org.springframework.data/spring-data-rest-webmvc/2.4.0.RELEASE/834db763dd30c31bb330d981169860e7cd5cbeee/spring-data-rest-webmvc-2.4.0.RELEASE.jar!/org/springframework/data/rest/webmvc/config/RepositoryRestConfigurerAdapter.class]
2016-04-27 17:58:10.774 TRACE 37359 --- [    Test worker] o.s.c.a.ClassPathBeanDefinitionScanner   : Scanning URL [jar:file:/Users/yjayaraman/.gradle/caches/modules-2/files-2.1/org.springframework.data/spring-data-rest-webmvc/2.4.0.RELEASE/834db763dd30c31bb330d981169860e7cd5cbeee/spring-data-rest-webmvc-2.4.0.RELEASE.jar!/org/springframework/data/rest/webmvc/config/ResourceMetadataHandlerMethodArgumentResolver.class]
2016-04-27 17:58:10.774 TRACE 37359 --- [    Test worker] o.s.c.a.ClassPathBeanDefinitionScanner   : Ignored because not matching any filter: URL [jar:file:/Users/yjayaraman/.gradle/caches/modules-2/files-2.1/org.springframework.data/spring-data-rest-webmvc/2.4.0.RELEASE/834db763dd30c31bb330d981169860e7cd5cbeee/spring-data-rest-webmvc-2.4.0.RELEASE.jar!/org/springframework/data/rest/webmvc/config/ResourceMetadataHandlerMethodArgumentResolver.class]
2016-04-27 17:58:10.774 TRACE 37359 --- [    Test worker] o.s.c.a.ClassPathBeanDefinitionScanner   : Scanning URL [jar:file:/Users/yjayaraman/.gradle/caches/modules-2/files-2.1/org.springframework.data/spring-data-rest-webmvc/2.4.0.RELEASE/834db763dd30c31bb330d981169860e7cd5cbeee/spring-data-rest-webmvc-2.4.0.RELEASE.jar!/org/springframework/data/rest/webmvc/config/RepositoryRestMvcConfiguration$ResourceSupportHttpMessageConverter.class]
2016-04-27 17:58:10.774 TRACE 37359 --- [    Test worker] o.s.c.a.ClassPathBeanDefinitionScanner   : Ignored because not matching any filter: URL [jar:file:/Users/yjayaraman/.gradle/caches/modules-2/files-2.1/org.springframework.data/spring-data-rest-webmvc/2.4.0.RELEASE/834db763dd30c31bb330d981169860e7cd5cbeee/spring-data-rest-webmvc-2.4.0.RELEASE.jar!/org/springframework/data/rest/webmvc/config/RepositoryRestMvcConfiguration$ResourceSupportHttpMessageConverter.class]
2016-04-27 17:58:10.774 TRACE 37359 --- [    Test worker] o.s.c.a.ClassPathBeanDefinitionScanner   : Scanning URL [jar:file:/Users/yjayaraman/.gradle/caches/modules-2/files-2.1/org.springframework.data/spring-data-rest-webmvc/2.4.0.RELEASE/834db763dd30c31bb330d981169860e7cd5cbeee/spring-data-rest-webmvc-2.4.0.RELEASE.jar!/org/springframework/data/rest/webmvc/config/ArgumentResolverPagingAndSortingTemplateVariables.class]
2016-04-27 17:58:10.774 TRACE 37359 --- [    Test worker] o.s.c.a.ClassPathBeanDefinitionScanner   : Ignored because not matching any filter: URL [jar:file:/Users/yjayaraman/.gradle/caches/modules-2/files-2.1/org.springframework.data/spring-data-rest-webmvc/2.4.0.RELEASE/834db763dd30c31bb330d981169860e7cd5cbeee/spring-data-rest-webmvc-2.4.0.RELEASE.jar!/org/springframework/data/rest/webmvc/config/ArgumentResolverPagingAndSortingTemplateVariables.class]
2016-04-27 17:58:10.774 TRACE 37359 --- [    Test worker] o.s.c.a.ClassPathBeanDefinitionScanner   : Scanning URL [jar:file:/Users/yjayaraman/.gradle/caches/modules-2/files-2.1/org.springframework.data/spring-data-rest-webmvc/2.4.0.RELEASE/834db763dd30c31bb330d981169860e7cd5cbeee/spring-data-rest-webmvc-2.4.0.RELEASE.jar!/org/springframework/data/rest/webmvc/config/JsonPatchHandler.class]
2016-04-27 17:58:10.775 TRACE 37359 --- [    Test worker] o.s.c.a.ClassPathBeanDefinitionScanner   : Ignored because not matching any filter: URL [jar:file:/Users/yjayaraman/.gradle/caches/modules-2/files-2.1/org.springframework.data/spring-data-rest-webmvc/2.4.0.RELEASE/834db763dd30c31bb330d981169860e7cd5cbeee/spring-data-rest-webmvc-2.4.0.RELEASE.jar!/org/springframework/data/rest/webmvc/config/JsonPatchHandler.class]
2016-04-27 17:58:10.775 TRACE 37359 --- [    Test worker] o.s.c.a.ClassPathBeanDefinitionScanner   : Scanning URL [jar:file:/Users/yjayaraman/.gradle/caches/modules-2/files-2.1/org.springframework.data/spring-data-rest-webmvc/2.4.0.RELEASE/834db763dd30c31bb330d981169860e7cd5cbeee/spring-data-rest-webmvc-2.4.0.RELEASE.jar!/org/springframework/data/rest/webmvc/config/RepositoryRestConfigurerDelegate.class]
2016-04-27 17:58:10.775 TRACE 37359 --- [    Test worker] o.s.c.a.ClassPathBeanDefinitionScanner   : Ignored because not matching any filter: URL [jar:file:/Users/yjayaraman/.gradle/caches/modules-2/files-2.1/org.springframework.data/spring-data-rest-webmvc/2.4.0.RELEASE/834db763dd30c31bb330d981169860e7cd5cbeee/spring-data-rest-webmvc-2.4.0.RELEASE.jar!/org/springframework/data/rest/webmvc/config/RepositoryRestConfigurerDelegate.class]
2016-04-27 17:58:10.775 TRACE 37359 --- [    Test worker] o.s.c.a.ClassPathBeanDefinitionScanner   : Scanning URL [jar:file:/Users/yjayaraman/.gradle/caches/modules-2/files-2.1/org.springframework.data/spring-data-rest-webmvc/2.4.0.RELEASE/834db763dd30c31bb330d981169860e7cd5cbeee/spring-data-rest-webmvc-2.4.0.RELEASE.jar!/org/springframework/data/rest/webmvc/config/PersistentEntityResourceHandlerMethodArgumentResolver.class]
2016-04-27 17:58:10.775 TRACE 37359 --- [    Test worker] o.s.c.a.ClassPathBeanDefinitionScanner   : Ignored because not matching any filter: URL [jar:file:/Users/yjayaraman/.gradle/caches/modules-2/files-2.1/org.springframework.data/spring-data-rest-webmvc/2.4.0.RELEASE/834db763dd30c31bb330d981169860e7cd5cbeee/spring-data-rest-webmvc-2.4.0.RELEASE.jar!/org/springframework/data/rest/webmvc/config/PersistentEntityResourceHandlerMethodArgumentResolver.class]
2016-04-27 17:58:10.775 TRACE 37359 --- [    Test worker] o.s.c.a.ClassPathBeanDefinitionScanner   : Scanning URL [jar:file:/Users/yjayaraman/.gradle/caches/modules-2/files-2.1/org.springframework.data/spring-data-rest-webmvc/2.4.0.RELEASE/834db763dd30c31bb330d981169860e7cd5cbeee/spring-data-rest-webmvc-2.4.0.RELEASE.jar!/org/springframework/data/rest/webmvc/config/PersistentEntityResourceAssemblerArgumentResolver.class]
2016-04-27 17:58:10.775 TRACE 37359 --- [    Test worker] o.s.c.a.ClassPathBeanDefinitionScanner   : Ignored because not matching any filter: URL [jar:file:/Users/yjayaraman/.gradle/caches/modules-2/files-2.1/org.springframework.data/spring-data-rest-webmvc/2.4.0.RELEASE/834db763dd30c31bb330d981169860e7cd5cbeee/spring-data-rest-webmvc-2.4.0.RELEASE.jar!/org/springframework/data/rest/webmvc/config/PersistentEntityResourceAssemblerArgumentResolver.class]
2016-04-27 17:58:10.775 TRACE 37359 --- [    Test worker] o.s.c.a.ClassPathBeanDefinitionScanner   : Scanning URL [jar:file:/Users/yjayaraman/.gradle/caches/modules-2/files-2.1/org.springframework.data/spring-data-rest-webmvc/2.4.0.RELEASE/834db763dd30c31bb330d981169860e7cd5cbeee/spring-data-rest-webmvc-2.4.0.RELEASE.jar!/org/springframework/data/rest/webmvc/config/RootResourceInformationHandlerMethodArgumentResolver.class]
2016-04-27 17:58:10.775 TRACE 37359 --- [    Test worker] o.s.c.a.ClassPathBeanDefinitionScanner   : Ignored because not matching any filter: URL [jar:file:/Users/yjayaraman/.gradle/caches/modules-2/files-2.1/org.springframework.data/spring-data-rest-webmvc/2.4.0.RELEASE/834db763dd30c31bb330d981169860e7cd5cbeee/spring-data-rest-webmvc-2.4.0.RELEASE.jar!/org/springframework/data/rest/webmvc/config/RootResourceInformationHandlerMethodArgumentResolver.class]
2016-04-27 17:58:10.775 TRACE 37359 --- [    Test worker] o.s.c.a.ClassPathBeanDefinitionScanner   : Scanning URL [jar:file:/Users/yjayaraman/.gradle/caches/modules-2/files-2.1/org.springframework.data/spring-data-rest-webmvc/2.4.0.RELEASE/834db763dd30c31bb330d981169860e7cd5cbeee/spring-data-rest-webmvc-2.4.0.RELEASE.jar!/org/springframework/data/rest/webmvc/config/RepositoryRestConfigurer.class]
2016-04-27 17:58:10.776 TRACE 37359 --- [    Test worker] o.s.c.a.ClassPathBeanDefinitionScanner   : Ignored because not matching any filter: URL [jar:file:/Users/yjayaraman/.gradle/caches/modules-2/files-2.1/org.springframework.data/spring-data-rest-webmvc/2.4.0.RELEASE/834db763dd30c31bb330d981169860e7cd5cbeee/spring-data-rest-webmvc-2.4.0.RELEASE.jar!/org/springframework/data/rest/webmvc/config/RepositoryRestConfigurer.class]
2016-04-27 17:58:10.776 TRACE 37359 --- [    Test worker] o.s.c.a.ClassPathBeanDefinitionScanner   : Scanning URL [jar:file:/Users/yjayaraman/.gradle/caches/modules-2/files-2.1/org.springframework.data/spring-data-rest-webmvc/2.4.0.RELEASE/834db763dd30c31bb330d981169860e7cd5cbeee/spring-data-rest-webmvc-2.4.0.RELEASE.jar!/org/springframework/data/rest/webmvc/config/QuerydslAwareRootResourceInformationHandlerMethodArgumentResolver.class]
2016-04-27 17:58:10.776 TRACE 37359 --- [    Test worker] o.s.c.a.ClassPathBeanDefinitionScanner   : Ignored because not matching any filter: URL [jar:file:/Users/yjayaraman/.gradle/caches/modules-2/files-2.1/org.springframework.data/spring-data-rest-webmvc/2.4.0.RELEASE/834db763dd30c31bb330d981169860e7cd5cbeee/spring-data-rest-webmvc-2.4.0.RELEASE.jar!/org/springframework/data/rest/webmvc/config/QuerydslAwareRootResourceInformationHandlerMethodArgumentResolver.class]
2016-04-27 17:58:10.776 TRACE 37359 --- [    Test worker] o.s.c.a.ClassPathBeanDefinitionScanner   : Scanning URL [jar:file:/Users/yjayaraman/.gradle/caches/modules-2/files-2.1/org.springframework.data/spring-data-rest-webmvc/2.4.0.RELEASE/834db763dd30c31bb330d981169860e7cd5cbeee/spring-data-rest-webmvc-2.4.0.RELEASE.jar!/org/springframework/data/rest/webmvc/config/RepositoryRestMvcConfiguration.class]
2016-04-27 17:58:10.777 TRACE 37359 --- [    Test worker] o.s.c.a.ClassPathBeanDefinitionScanner   : Ignored because not matching any filter: URL [jar:file:/Users/yjayaraman/.gradle/caches/modules-2/files-2.1/org.springframework.data/spring-data-rest-webmvc/2.4.0.RELEASE/834db763dd30c31bb330d981169860e7cd5cbeee/spring-data-rest-webmvc-2.4.0.RELEASE.jar!/org/springframework/data/rest/webmvc/config/RepositoryRestMvcConfiguration.class]
2016-04-27 17:58:10.777 TRACE 37359 --- [    Test worker] o.s.c.a.ClassPathBeanDefinitionScanner   : Scanning URL [jar:file:/Users/yjayaraman/.gradle/caches/modules-2/files-2.1/org.springframework.data/spring-data-rest-webmvc/2.4.0.RELEASE/834db763dd30c31bb330d981169860e7cd5cbeee/spring-data-rest-webmvc-2.4.0.RELEASE.jar!/org/springframework/data/rest/webmvc/BasePathAwareHandlerMapping.class]
2016-04-27 17:58:10.777 TRACE 37359 --- [    Test worker] o.s.c.a.ClassPathBeanDefinitionScanner   : Ignored because not matching any filter: URL [jar:file:/Users/yjayaraman/.gradle/caches/modules-2/files-2.1/org.springframework.data/spring-data-rest-webmvc/2.4.0.RELEASE/834db763dd30c31bb330d981169860e7cd5cbeee/spring-data-rest-webmvc-2.4.0.RELEASE.jar!/org/springframework/data/rest/webmvc/BasePathAwareHandlerMapping.class]
2016-04-27 17:58:10.777 TRACE 37359 --- [    Test worker] o.s.c.a.ClassPathBeanDefinitionScanner   : Scanning URL [jar:file:/Users/yjayaraman/.gradle/caches/modules-2/files-2.1/org.springframework.data/spring-data-rest-webmvc/2.4.0.RELEASE/834db763dd30c31bb330d981169860e7cd5cbeee/spring-data-rest-webmvc-2.4.0.RELEASE.jar!/org/springframework/data/rest/webmvc/support/BackendIdHandlerMethodArgumentResolver.class]
2016-04-27 17:58:10.778 TRACE 37359 --- [    Test worker] o.s.c.a.ClassPathBeanDefinitionScanner   : Ignored because not matching any filter: URL [jar:file:/Users/yjayaraman/.gradle/caches/modules-2/files-2.1/org.springframework.data/spring-data-rest-webmvc/2.4.0.RELEASE/834db763dd30c31bb330d981169860e7cd5cbeee/spring-data-rest-webmvc-2.4.0.RELEASE.jar!/org/springframework/data/rest/webmvc/support/BackendIdHandlerMethodArgumentResolver.class]
2016-04-27 17:58:10.778 TRACE 37359 --- [    Test worker] o.s.c.a.ClassPathBeanDefinitionScanner   : Scanning URL [jar:file:/Users/yjayaraman/.gradle/caches/modules-2/files-2.1/org.springframework.data/spring-data-rest-webmvc/2.4.0.RELEASE/834db763dd30c31bb330d981169860e7cd5cbeee/spring-data-rest-webmvc-2.4.0.RELEASE.jar!/org/springframework/data/rest/webmvc/support/PagingAndSortingTemplateVariables.class]
2016-04-27 17:58:10.778 TRACE 37359 --- [    Test worker] o.s.c.a.ClassPathBeanDefinitionScanner   : Ignored because not matching any filter: URL [jar:file:/Users/yjayaraman/.gradle/caches/modules-2/files-2.1/org.springframework.data/spring-data-rest-webmvc/2.4.0.RELEASE/834db763dd30c31bb330d981169860e7cd5cbeee/spring-data-rest-webmvc-2.4.0.RELEASE.jar!/org/springframework/data/rest/webmvc/support/PagingAndSortingTemplateVariables.class]
2016-04-27 17:58:10.778 TRACE 37359 --- [    Test worker] o.s.c.a.ClassPathBeanDefinitionScanner   : Scanning URL [jar:file:/Users/yjayaraman/.gradle/caches/modules-2/files-2.1/org.springframework.data/spring-data-rest-webmvc/2.4.0.RELEASE/834db763dd30c31bb330d981169860e7cd5cbeee/spring-data-rest-webmvc-2.4.0.RELEASE.jar!/org/springframework/data/rest/webmvc/support/ConstraintViolationExceptionMessage.class]
2016-04-27 17:58:10.778 TRACE 37359 --- [    Test worker] o.s.c.a.ClassPathBeanDefinitionScanner   : Ignored because not matching any filter: URL [jar:file:/Users/yjayaraman/.gradle/caches/modules-2/files-2.1/org.springframework.data/spring-data-rest-webmvc/2.4.0.RELEASE/834db763dd30c31bb330d981169860e7cd5cbeee/spring-data-rest-webmvc-2.4.0.RELEASE.jar!/org/springframework/data/rest/webmvc/support/ConstraintViolationExceptionMessage.class]
2016-04-27 17:58:10.778 TRACE 37359 --- [    Test worker] o.s.c.a.ClassPathBeanDefinitionScanner   : Scanning URL [jar:file:/Users/yjayaraman/.gradle/caches/modules-2/files-2.1/org.springframework.data/spring-data-rest-webmvc/2.4.0.RELEASE/834db763dd30c31bb330d981169860e7cd5cbeee/spring-data-rest-webmvc-2.4.0.RELEASE.jar!/org/springframework/data/rest/webmvc/support/DefaultedPageableHandlerMethodArgumentResolver.class]
2016-04-27 17:58:10.778 TRACE 37359 --- [    Test worker] o.s.c.a.ClassPathBeanDefinitionScanner   : Ignored because not matching any filter: URL [jar:file:/Users/yjayaraman/.gradle/caches/modules-2/files-2.1/org.springframework.data/spring-data-rest-webmvc/2.4.0.RELEASE/834db763dd30c31bb330d981169860e7cd5cbeee/spring-data-rest-webmvc-2.4.0.RELEASE.jar!/org/springframework/data/rest/webmvc/support/DefaultedPageableHandlerMethodArgumentResolver.class]
2016-04-27 17:58:10.778 TRACE 37359 --- [    Test worker] o.s.c.a.ClassPathBeanDefinitionScanner   : Scanning URL [jar:file:/Users/yjayaraman/.gradle/caches/modules-2/files-2.1/org.springframework.data/spring-data-rest-webmvc/2.4.0.RELEASE/834db763dd30c31bb330d981169860e7cd5cbeee/spring-data-rest-webmvc-2.4.0.RELEASE.jar!/org/springframework/data/rest/webmvc/support/ETagDoesntMatchException.class]
2016-04-27 17:58:10.779 TRACE 37359 --- [    Test worker] o.s.c.a.ClassPathBeanDefinitionScanner   : Ignored because not matching any filter: URL [jar:file:/Users/yjayaraman/.gradle/caches/modules-2/files-2.1/org.springframework.data/spring-data-rest-webmvc/2.4.0.RELEASE/834db763dd30c31bb330d981169860e7cd5cbeee/spring-data-rest-webmvc-2.4.0.RELEASE.jar!/org/springframework/data/rest/webmvc/support/ETagDoesntMatchException.class]
2016-04-27 17:58:10.779 TRACE 37359 --- [    Test worker] o.s.c.a.ClassPathBeanDefinitionScanner   : Scanning URL [jar:file:/Users/yjayaraman/.gradle/caches/modules-2/files-2.1/org.springframework.data/spring-data-rest-webmvc/2.4.0.RELEASE/834db763dd30c31bb330d981169860e7cd5cbeee/spring-data-rest-webmvc-2.4.0.RELEASE.jar!/org/springframework/data/rest/webmvc/support/DelegatingHandlerMapping.class]
2016-04-27 17:58:10.779 TRACE 37359 --- [    Test worker] o.s.c.a.ClassPathBeanDefinitionScanner   : Ignored because not matching any filter: URL [jar:file:/Users/yjayaraman/.gradle/caches/modules-2/files-2.1/org.springframework.data/spring-data-rest-webmvc/2.4.0.RELEASE/834db763dd30c31bb330d981169860e7cd5cbeee/spring-data-rest-webmvc-2.4.0.RELEASE.jar!/org/springframework/data/rest/webmvc/support/DelegatingHandlerMapping.class]
2016-04-27 17:58:10.779 TRACE 37359 --- [    Test worker] o.s.c.a.ClassPathBeanDefinitionScanner   : Scanning URL [jar:file:/Users/yjayaraman/.gradle/caches/modules-2/files-2.1/org.springframework.data/spring-data-rest-webmvc/2.4.0.RELEASE/834db763dd30c31bb330d981169860e7cd5cbeee/spring-data-rest-webmvc-2.4.0.RELEASE.jar!/org/springframework/data/rest/webmvc/support/RepositoryEntityLinks.class]
2016-04-27 17:58:10.779 TRACE 37359 --- [    Test worker] o.s.c.a.ClassPathBeanDefinitionScanner   : Ignored because not matching any filter: URL [jar:file:/Users/yjayaraman/.gradle/caches/modules-2/files-2.1/org.springframework.data/spring-data-rest-webmvc/2.4.0.RELEASE/834db763dd30c31bb330d981169860e7cd5cbeee/spring-data-rest-webmvc-2.4.0.RELEASE.jar!/org/springframework/data/rest/webmvc/support/RepositoryEntityLinks.class]
2016-04-27 17:58:10.779 TRACE 37359 --- [    Test worker] o.s.c.a.ClassPathBeanDefinitionScanner   : Scanning URL [jar:file:/Users/yjayaraman/.gradle/caches/modules-2/files-2.1/org.springframework.data/spring-data-rest-webmvc/2.4.0.RELEASE/834db763dd30c31bb330d981169860e7cd5cbeee/spring-data-rest-webmvc-2.4.0.RELEASE.jar!/org/springframework/data/rest/webmvc/support/Projector.class]
2016-04-27 17:58:10.779 TRACE 37359 --- [    Test worker] o.s.c.a.ClassPathBeanDefinitionScanner   : Ignored because not matching any filter: URL [jar:file:/Users/yjayaraman/.gradle/caches/modules-2/files-2.1/org.springframework.data/spring-data-rest-webmvc/2.4.0.RELEASE/834db763dd30c31bb330d981169860e7cd5cbeee/spring-data-rest-webmvc-2.4.0.RELEASE.jar!/org/springframework/data/rest/webmvc/support/Projector.class]
2016-04-27 17:58:10.779 TRACE 37359 --- [    Test worker] o.s.c.a.ClassPathBeanDefinitionScanner   : Scanning URL [jar:file:/Users/yjayaraman/.gradle/caches/modules-2/files-2.1/org.springframework.data/spring-data-rest-webmvc/2.4.0.RELEASE/834db763dd30c31bb330d981169860e7cd5cbeee/spring-data-rest-webmvc-2.4.0.RELEASE.jar!/org/springframework/data/rest/webmvc/support/PersistentEntityResourceProcessor$DomainTypeResourceProcessor.class]
2016-04-27 17:58:10.780 TRACE 37359 --- [    Test worker] o.s.c.a.ClassPathBeanDefinitionScanner   : Ignored because not matching any filter: URL [jar:file:/Users/yjayaraman/.gradle/caches/modules-2/files-2.1/org.springframework.data/spring-data-rest-webmvc/2.4.0.RELEASE/834db763dd30c31bb330d981169860e7cd5cbeee/spring-data-rest-webmvc-2.4.0.RELEASE.jar!/org/springframework/data/rest/webmvc/support/PersistentEntityResourceProcessor$DomainTypeResourceProcessor.class]
2016-04-27 17:58:10.780 TRACE 37359 --- [    Test worker] o.s.c.a.ClassPathBeanDefinitionScanner   : Scanning URL [jar:file:/Users/yjayaraman/.gradle/caches/modules-2/files-2.1/org.springframework.data/spring-data-rest-webmvc/2.4.0.RELEASE/834db763dd30c31bb330d981169860e7cd5cbeee/spring-data-rest-webmvc-2.4.0.RELEASE.jar!/org/springframework/data/rest/webmvc/support/PersistentEntityProjector.class]
2016-04-27 17:58:10.780 TRACE 37359 --- [    Test worker] o.s.c.a.ClassPathBeanDefinitionScanner   : Ignored because not matching any filter: URL [jar:file:/Users/yjayaraman/.gradle/caches/modules-2/files-2.1/org.springframework.data/spring-data-rest-webmvc/2.4.0.RELEASE/834db763dd30c31bb330d981169860e7cd5cbeee/spring-data-rest-webmvc-2.4.0.RELEASE.jar!/org/springframework/data/rest/webmvc/support/PersistentEntityProjector.class]
2016-04-27 17:58:10.780 TRACE 37359 --- [    Test worker] o.s.c.a.ClassPathBeanDefinitionScanner   : Scanning URL [jar:file:/Users/yjayaraman/.gradle/caches/modules-2/files-2.1/org.springframework.data/spring-data-rest-webmvc/2.4.0.RELEASE/834db763dd30c31bb330d981169860e7cd5cbeee/spring-data-rest-webmvc-2.4.0.RELEASE.jar!/org/springframework/data/rest/webmvc/support/PersistentEntityResourceProcessor$1.class]
2016-04-27 17:58:10.780 TRACE 37359 --- [    Test worker] o.s.c.a.ClassPathBeanDefinitionScanner   : Ignored because not matching any filter: URL [jar:file:/Users/yjayaraman/.gradle/caches/modules-2/files-2.1/org.springframework.data/spring-data-rest-webmvc/2.4.0.RELEASE/834db763dd30c31bb330d981169860e7cd5cbeee/spring-data-rest-webmvc-2.4.0.RELEASE.jar!/org/springframework/data/rest/webmvc/support/PersistentEntityResourceProcessor$1.class]
2016-04-27 17:58:10.780 TRACE 37359 --- [    Test worker] o.s.c.a.ClassPathBeanDefinitionScanner   : Scanning URL [jar:file:/Users/yjayaraman/.gradle/caches/modules-2/files-2.1/org.springframework.data/spring-data-rest-webmvc/2.4.0.RELEASE/834db763dd30c31bb330d981169860e7cd5cbeee/spring-data-rest-webmvc-2.4.0.RELEASE.jar!/org/springframework/data/rest/webmvc/support/ETagArgumentResolver.class]
2016-04-27 17:58:10.780 TRACE 37359 --- [    Test worker] o.s.c.a.ClassPathBeanDefinitionScanner   : Ignored because not matching any filter: URL [jar:file:/Users/yjayaraman/.gradle/caches/modules-2/files-2.1/org.springframework.data/spring-data-rest-webmvc/2.4.0.RELEASE/834db763dd30c31bb330d981169860e7cd5cbeee/spring-data-rest-webmvc-2.4.0.RELEASE.jar!/org/springframework/data/rest/webmvc/support/ETagArgumentResolver.class]
2016-04-27 17:58:10.780 TRACE 37359 --- [    Test worker] o.s.c.a.ClassPathBeanDefinitionScanner   : Scanning URL [jar:file:/Users/yjayaraman/.gradle/caches/modules-2/files-2.1/org.springframework.data/spring-data-rest-webmvc/2.4.0.RELEASE/834db763dd30c31bb330d981169860e7cd5cbeee/spring-data-rest-webmvc-2.4.0.RELEASE.jar!/org/springframework/data/rest/webmvc/support/DefaultedPageable.class]
2016-04-27 17:58:10.780 TRACE 37359 --- [    Test worker] o.s.c.a.ClassPathBeanDefinitionScanner   : Ignored because not matching any filter: URL [jar:file:/Users/yjayaraman/.gradle/caches/modules-2/files-2.1/org.springframework.data/spring-data-rest-webmvc/2.4.0.RELEASE/834db763dd30c31bb330d981169860e7cd5cbeee/spring-data-rest-webmvc-2.4.0.RELEASE.jar!/org/springframework/data/rest/webmvc/support/DefaultedPageable.class]
2016-04-27 17:58:10.780 TRACE 37359 --- [    Test worker] o.s.c.a.ClassPathBeanDefinitionScanner   : Scanning URL [jar:file:/Users/yjayaraman/.gradle/caches/modules-2/files-2.1/org.springframework.data/spring-data-rest-webmvc/2.4.0.RELEASE/834db763dd30c31bb330d981169860e7cd5cbeee/spring-data-rest-webmvc-2.4.0.RELEASE.jar!/org/springframework/data/rest/webmvc/support/BaseUriLinkBuilder.class]
2016-04-27 17:58:10.781 TRACE 37359 --- [    Test worker] o.s.c.a.ClassPathBeanDefinitionScanner   : Ignored because not matching any filter: URL [jar:file:/Users/yjayaraman/.gradle/caches/modules-2/files-2.1/org.springframework.data/spring-data-rest-webmvc/2.4.0.RELEASE/834db763dd30c31bb330d981169860e7cd5cbeee/spring-data-rest-webmvc-2.4.0.RELEASE.jar!/org/springframework/data/rest/webmvc/support/BaseUriLinkBuilder.class]
2016-04-27 17:58:10.781 TRACE 37359 --- [    Test worker] o.s.c.a.ClassPathBeanDefinitionScanner   : Scanning URL [jar:file:/Users/yjayaraman/.gradle/caches/modules-2/files-2.1/org.springframework.data/spring-data-rest-webmvc/2.4.0.RELEASE/834db763dd30c31bb330d981169860e7cd5cbeee/spring-data-rest-webmvc-2.4.0.RELEASE.jar!/org/springframework/data/rest/webmvc/support/ExceptionMessage.class]
2016-04-27 17:58:10.781 TRACE 37359 --- [    Test worker] o.s.c.a.ClassPathBeanDefinitionScanner   : Ignored because not matching any filter: URL [jar:file:/Users/yjayaraman/.gradle/caches/modules-2/files-2.1/org.springframework.data/spring-data-rest-webmvc/2.4.0.RELEASE/834db763dd30c31bb330d981169860e7cd5cbeee/spring-data-rest-webmvc-2.4.0.RELEASE.jar!/org/springframework/data/rest/webmvc/support/ExceptionMessage.class]
2016-04-27 17:58:10.781 TRACE 37359 --- [    Test worker] o.s.c.a.ClassPathBeanDefinitionScanner   : Scanning URL [jar:file:/Users/yjayaraman/.gradle/caches/modules-2/files-2.1/org.springframework.data/spring-data-rest-webmvc/2.4.0.RELEASE/834db763dd30c31bb330d981169860e7cd5cbeee/spring-data-rest-webmvc-2.4.0.RELEASE.jar!/org/springframework/data/rest/webmvc/support/RepositoryConstraintViolationExceptionMessage$ValidationError.class]
2016-04-27 17:58:10.781 TRACE 37359 --- [    Test worker] o.s.c.a.ClassPathBeanDefinitionScanner   : Ignored because not matching any filter: URL [jar:file:/Users/yjayaraman/.gradle/caches/modules-2/files-2.1/org.springframework.data/spring-data-rest-webmvc/2.4.0.RELEASE/834db763dd30c31bb330d981169860e7cd5cbeee/spring-data-rest-webmvc-2.4.0.RELEASE.jar!/org/springframework/data/rest/webmvc/support/RepositoryConstraintViolationExceptionMessage$ValidationError.class]
2016-04-27 17:58:10.781 TRACE 37359 --- [    Test worker] o.s.c.a.ClassPathBeanDefinitionScanner   : Scanning URL [jar:file:/Users/yjayaraman/.gradle/caches/modules-2/files-2.1/org.springframework.data/spring-data-rest-webmvc/2.4.0.RELEASE/834db763dd30c31bb330d981169860e7cd5cbeee/spring-data-rest-webmvc-2.4.0.RELEASE.jar!/org/springframework/data/rest/webmvc/support/JpaHelper.class]
2016-04-27 17:58:10.781 TRACE 37359 --- [    Test worker] o.s.c.a.ClassPathBeanDefinitionScanner   : Ignored because not matching any filter: URL [jar:file:/Users/yjayaraman/.gradle/caches/modules-2/files-2.1/org.springframework.data/spring-data-rest-webmvc/2.4.0.RELEASE/834db763dd30c31bb330d981169860e7cd5cbeee/spring-data-rest-webmvc-2.4.0.RELEASE.jar!/org/springframework/data/rest/webmvc/support/JpaHelper.class]
2016-04-27 17:58:10.781 TRACE 37359 --- [    Test worker] o.s.c.a.ClassPathBeanDefinitionScanner   : Scanning URL [jar:file:/Users/yjayaraman/.gradle/caches/modules-2/files-2.1/org.springframework.data/spring-data-rest-webmvc/2.4.0.RELEASE/834db763dd30c31bb330d981169860e7cd5cbeee/spring-data-rest-webmvc-2.4.0.RELEASE.jar!/org/springframework/data/rest/webmvc/support/BackendId.class]
2016-04-27 17:58:10.782 TRACE 37359 --- [    Test worker] o.s.c.a.ClassPathBeanDefinitionScanner   : Ignored because not matching any filter: URL [jar:file:/Users/yjayaraman/.gradle/caches/modules-2/files-2.1/org.springframework.data/spring-data-rest-webmvc/2.4.0.RELEASE/834db763dd30c31bb330d981169860e7cd5cbeee/spring-data-rest-webmvc-2.4.0.RELEASE.jar!/org/springframework/data/rest/webmvc/support/BackendId.class]
2016-04-27 17:58:10.782 TRACE 37359 --- [    Test worker] o.s.c.a.ClassPathBeanDefinitionScanner   : Scanning URL [jar:file:/Users/yjayaraman/.gradle/caches/modules-2/files-2.1/org.springframework.data/spring-data-rest-webmvc/2.4.0.RELEASE/834db763dd30c31bb330d981169860e7cd5cbeee/spring-data-rest-webmvc-2.4.0.RELEASE.jar!/org/springframework/data/rest/webmvc/support/RepositoryLinkBuilder.class]
2016-04-27 17:58:10.782 TRACE 37359 --- [    Test worker] o.s.c.a.ClassPathBeanDefinitionScanner   : Ignored because not matching any filter: URL [jar:file:/Users/yjayaraman/.gradle/caches/modules-2/files-2.1/org.springframework.data/spring-data-rest-webmvc/2.4.0.RELEASE/834db763dd30c31bb330d981169860e7cd5cbeee/spring-data-rest-webmvc-2.4.0.RELEASE.jar!/org/springframework/data/rest/webmvc/support/RepositoryLinkBuilder.class]
2016-04-27 17:58:10.782 TRACE 37359 --- [    Test worker] o.s.c.a.ClassPathBeanDefinitionScanner   : Scanning URL [jar:file:/Users/yjayaraman/.gradle/caches/modules-2/files-2.1/org.springframework.data/spring-data-rest-webmvc/2.4.0.RELEASE/834db763dd30c31bb330d981169860e7cd5cbeee/spring-data-rest-webmvc-2.4.0.RELEASE.jar!/org/springframework/data/rest/webmvc/support/ETag.class]
2016-04-27 17:58:10.782 TRACE 37359 --- [    Test worker] o.s.c.a.ClassPathBeanDefinitionScanner   : Ignored because not matching any filter: URL [jar:file:/Users/yjayaraman/.gradle/caches/modules-2/files-2.1/org.springframework.data/spring-data-rest-webmvc/2.4.0.RELEASE/834db763dd30c31bb330d981169860e7cd5cbeee/spring-data-rest-webmvc-2.4.0.RELEASE.jar!/org/springframework/data/rest/webmvc/support/ETag.class]
2016-04-27 17:58:10.782 TRACE 37359 --- [    Test worker] o.s.c.a.ClassPathBeanDefinitionScanner   : Scanning URL [jar:file:/Users/yjayaraman/.gradle/caches/modules-2/files-2.1/org.springframework.data/spring-data-rest-webmvc/2.4.0.RELEASE/834db763dd30c31bb330d981169860e7cd5cbeee/spring-data-rest-webmvc-2.4.0.RELEASE.jar!/org/springframework/data/rest/webmvc/support/ConstraintViolationMessage.class]
2016-04-27 17:58:10.782 TRACE 37359 --- [    Test worker] o.s.c.a.ClassPathBeanDefinitionScanner   : Ignored because not matching any filter: URL [jar:file:/Users/yjayaraman/.gradle/caches/modules-2/files-2.1/org.springframework.data/spring-data-rest-webmvc/2.4.0.RELEASE/834db763dd30c31bb330d981169860e7cd5cbeee/spring-data-rest-webmvc-2.4.0.RELEASE.jar!/org/springframework/data/rest/webmvc/support/ConstraintViolationMessage.class]
2016-04-27 17:58:10.782 TRACE 37359 --- [    Test worker] o.s.c.a.ClassPathBeanDefinitionScanner   : Scanning URL [jar:file:/Users/yjayaraman/.gradle/caches/modules-2/files-2.1/org.springframework.data/spring-data-rest-webmvc/2.4.0.RELEASE/834db763dd30c31bb330d981169860e7cd5cbeee/spring-data-rest-webmvc-2.4.0.RELEASE.jar!/org/springframework/data/rest/webmvc/support/HttpMethodHandlerMethodArgumentResolver.class]
2016-04-27 17:58:10.783 TRACE 37359 --- [    Test worker] o.s.c.a.ClassPathBeanDefinitionScanner   : Ignored because not matching any filter: URL [jar:file:/Users/yjayaraman/.gradle/caches/modules-2/files-2.1/org.springframework.data/spring-data-rest-webmvc/2.4.0.RELEASE/834db763dd30c31bb330d981169860e7cd5cbeee/spring-data-rest-webmvc-2.4.0.RELEASE.jar!/org/springframework/data/rest/webmvc/support/HttpMethodHandlerMethodArgumentResolver.class]
2016-04-27 17:58:10.783 TRACE 37359 --- [    Test worker] o.s.c.a.ClassPathBeanDefinitionScanner   : Scanning URL [jar:file:/Users/yjayaraman/.gradle/caches/modules-2/files-2.1/org.springframework.data/spring-data-rest-webmvc/2.4.0.RELEASE/834db763dd30c31bb330d981169860e7cd5cbeee/spring-data-rest-webmvc-2.4.0.RELEASE.jar!/org/springframework/data/rest/webmvc/support/RepositoryConstraintViolationExceptionMessage.class]
2016-04-27 17:58:10.783 TRACE 37359 --- [    Test worker] o.s.c.a.ClassPathBeanDefinitionScanner   : Ignored because not matching any filter: URL [jar:file:/Users/yjayaraman/.gradle/caches/modules-2/files-2.1/org.springframework.data/spring-data-rest-webmvc/2.4.0.RELEASE/834db763dd30c31bb330d981169860e7cd5cbeee/spring-data-rest-webmvc-2.4.0.RELEASE.jar!/org/springframework/data/rest/webmvc/support/RepositoryConstraintViolationExceptionMessage.class]
2016-04-27 17:58:10.783 TRACE 37359 --- [    Test worker] o.s.c.a.ClassPathBeanDefinitionScanner   : Scanning URL [jar:file:/Users/yjayaraman/.gradle/caches/modules-2/files-2.1/org.springframework.data/spring-data-rest-webmvc/2.4.0.RELEASE/834db763dd30c31bb330d981169860e7cd5cbeee/spring-data-rest-webmvc-2.4.0.RELEASE.jar!/org/springframework/data/rest/webmvc/support/PersistentEntityResourceProcessor.class]
2016-04-27 17:58:10.783 TRACE 37359 --- [    Test worker] o.s.c.a.ClassPathBeanDefinitionScanner   : Ignored because not matching any filter: URL [jar:file:/Users/yjayaraman/.gradle/caches/modules-2/files-2.1/org.springframework.data/spring-data-rest-webmvc/2.4.0.RELEASE/834db763dd30c31bb330d981169860e7cd5cbeee/spring-data-rest-webmvc-2.4.0.RELEASE.jar!/org/springframework/data/rest/webmvc/support/PersistentEntityResourceProcessor.class]
2016-04-27 17:58:10.783 TRACE 37359 --- [    Test worker] o.s.c.a.ClassPathBeanDefinitionScanner   : Scanning URL [jar:file:/Users/yjayaraman/.gradle/caches/modules-2/files-2.1/org.springframework.data/spring-data-rest-webmvc/2.4.0.RELEASE/834db763dd30c31bb330d981169860e7cd5cbeee/spring-data-rest-webmvc-2.4.0.RELEASE.jar!/org/springframework/data/rest/webmvc/RepositoryLinksResource.class]
2016-04-27 17:58:10.783 TRACE 37359 --- [    Test worker] o.s.c.a.ClassPathBeanDefinitionScanner   : Ignored because not matching any filter: URL [jar:file:/Users/yjayaraman/.gradle/caches/modules-2/files-2.1/org.springframework.data/spring-data-rest-webmvc/2.4.0.RELEASE/834db763dd30c31bb330d981169860e7cd5cbeee/spring-data-rest-webmvc-2.4.0.RELEASE.jar!/org/springframework/data/rest/webmvc/RepositoryLinksResource.class]
2016-04-27 17:58:10.783 TRACE 37359 --- [    Test worker] o.s.c.a.ClassPathBeanDefinitionScanner   : Scanning URL [jar:file:/Users/yjayaraman/.gradle/caches/modules-2/files-2.1/org.springframework.data/spring-data-rest-webmvc/2.4.0.RELEASE/834db763dd30c31bb330d981169860e7cd5cbeee/spring-data-rest-webmvc-2.4.0.RELEASE.jar!/org/springframework/data/rest/webmvc/RepositorySchemaController.class]
2016-04-27 17:58:10.784 DEBUG 37359 --- [    Test worker] o.s.c.a.ClassPathBeanDefinitionScanner   : Identified candidate component class: URL [jar:file:/Users/yjayaraman/.gradle/caches/modules-2/files-2.1/org.springframework.data/spring-data-rest-webmvc/2.4.0.RELEASE/834db763dd30c31bb330d981169860e7cd5cbeee/spring-data-rest-webmvc-2.4.0.RELEASE.jar!/org/springframework/data/rest/webmvc/RepositorySchemaController.class]
2016-04-27 17:58:10.784 TRACE 37359 --- [    Test worker] o.s.c.a.ClassPathBeanDefinitionScanner   : Scanning URL [jar:file:/Users/yjayaraman/.gradle/caches/modules-2/files-2.1/org.springframework.data/spring-data-rest-webmvc/2.4.0.RELEASE/834db763dd30c31bb330d981169860e7cd5cbeee/spring-data-rest-webmvc-2.4.0.RELEASE.jar!/org/springframework/data/rest/webmvc/ResourceProcessorHandlerMethodReturnValueHandler$ProcessorWrapper.class]
2016-04-27 17:58:10.784 TRACE 37359 --- [    Test worker] o.s.c.a.ClassPathBeanDefinitionScanner   : Ignored because not matching any filter: URL [jar:file:/Users/yjayaraman/.gradle/caches/modules-2/files-2.1/org.springframework.data/spring-data-rest-webmvc/2.4.0.RELEASE/834db763dd30c31bb330d981169860e7cd5cbeee/spring-data-rest-webmvc-2.4.0.RELEASE.jar!/org/springframework/data/rest/webmvc/ResourceProcessorHandlerMethodReturnValueHandler$ProcessorWrapper.class]
2016-04-27 17:58:10.784 TRACE 37359 --- [    Test worker] o.s.c.a.ClassPathBeanDefinitionScanner   : Scanning URL [jar:file:/Users/yjayaraman/.gradle/caches/modules-2/files-2.1/org.springframework.data/spring-data-rest-webmvc/2.4.0.RELEASE/834db763dd30c31bb330d981169860e7cd5cbeee/spring-data-rest-webmvc-2.4.0.RELEASE.jar!/org/springframework/data/rest/webmvc/PersistentEntityResourceAssembler.class]
2016-04-27 17:58:10.784 TRACE 37359 --- [    Test worker] o.s.c.a.ClassPathBeanDefinitionScanner   : Ignored because not matching any filter: URL [jar:file:/Users/yjayaraman/.gradle/caches/modules-2/files-2.1/org.springframework.data/spring-data-rest-webmvc/2.4.0.RELEASE/834db763dd30c31bb330d981169860e7cd5cbeee/spring-data-rest-webmvc-2.4.0.RELEASE.jar!/org/springframework/data/rest/webmvc/PersistentEntityResourceAssembler.class]
2016-04-27 17:58:10.784 TRACE 37359 --- [    Test worker] o.s.c.a.ClassPathBeanDefinitionScanner   : Scanning URL [jar:file:/Users/yjayaraman/.gradle/caches/modules-2/files-2.1/org.springframework.data/spring-data-rest-webmvc/2.4.0.RELEASE/834db763dd30c31bb330d981169860e7cd5cbeee/spring-data-rest-webmvc-2.4.0.RELEASE.jar!/org/springframework/data/rest/webmvc/AbstractRepositoryRestController.class]
2016-04-27 17:58:10.784 TRACE 37359 --- [    Test worker] o.s.c.a.ClassPathBeanDefinitionScanner   : Ignored because not matching any filter: URL [jar:file:/Users/yjayaraman/.gradle/caches/modules-2/files-2.1/org.springframework.data/spring-data-rest-webmvc/2.4.0.RELEASE/834db763dd30c31bb330d981169860e7cd5cbeee/spring-data-rest-webmvc-2.4.0.RELEASE.jar!/org/springframework/data/rest/webmvc/AbstractRepositoryRestController.class]
2016-04-27 17:58:10.784 TRACE 37359 --- [    Test worker] o.s.c.a.ClassPathBeanDefinitionScanner   : Scanning URL [jar:file:/Users/yjayaraman/.gradle/caches/modules-2/files-2.1/org.springframework.data/spring-data-rest-webmvc/2.4.0.RELEASE/834db763dd30c31bb330d981169860e7cd5cbeee/spring-data-rest-webmvc-2.4.0.RELEASE.jar!/org/springframework/data/rest/webmvc/RepositorySearchController.class]
2016-04-27 17:58:10.785 DEBUG 37359 --- [    Test worker] o.s.c.a.ClassPathBeanDefinitionScanner   : Identified candidate component class: URL [jar:file:/Users/yjayaraman/.gradle/caches/modules-2/files-2.1/org.springframework.data/spring-data-rest-webmvc/2.4.0.RELEASE/834db763dd30c31bb330d981169860e7cd5cbeee/spring-data-rest-webmvc-2.4.0.RELEASE.jar!/org/springframework/data/rest/webmvc/RepositorySearchController.class]
2016-04-27 17:58:10.785 TRACE 37359 --- [    Test worker] o.s.c.a.ClassPathBeanDefinitionScanner   : Scanning URL [jar:file:/Users/yjayaraman/.gradle/caches/modules-2/files-2.1/org.springframework.data/spring-data-rest-webmvc/2.4.0.RELEASE/834db763dd30c31bb330d981169860e7cd5cbeee/spring-data-rest-webmvc-2.4.0.RELEASE.jar!/org/springframework/data/rest/webmvc/BasePathAwareHandlerMapping$UriAwareHttpServletRequest.class]
2016-04-27 17:58:10.785 TRACE 37359 --- [    Test worker] o.s.c.a.ClassPathBeanDefinitionScanner   : Ignored because not matching any filter: URL [jar:file:/Users/yjayaraman/.gradle/caches/modules-2/files-2.1/org.springframework.data/spring-data-rest-webmvc/2.4.0.RELEASE/834db763dd30c31bb330d981169860e7cd5cbeee/spring-data-rest-webmvc-2.4.0.RELEASE.jar!/org/springframework/data/rest/webmvc/BasePathAwareHandlerMapping$UriAwareHttpServletRequest.class]
2016-04-27 17:58:10.785 TRACE 37359 --- [    Test worker] o.s.c.a.ClassPathBeanDefinitionScanner   : Scanning URL [jar:file:/Users/yjayaraman/.gradle/caches/modules-2/files-2.1/org.springframework.data/spring-data-rest-webmvc/2.4.0.RELEASE/834db763dd30c31bb330d981169860e7cd5cbeee/spring-data-rest-webmvc-2.4.0.RELEASE.jar!/org/springframework/data/rest/webmvc/PersistentEntityResourceAssembler$1.class]
2016-04-27 17:58:10.785 TRACE 37359 --- [    Test worker] o.s.c.a.ClassPathBeanDefinitionScanner   : Ignored because not matching any filter: URL [jar:file:/Users/yjayaraman/.gradle/caches/modules-2/files-2.1/org.springframework.data/spring-data-rest-webmvc/2.4.0.RELEASE/834db763dd30c31bb330d981169860e7cd5cbeee/spring-data-rest-webmvc-2.4.0.RELEASE.jar!/org/springframework/data/rest/webmvc/PersistentEntityResourceAssembler$1.class]
2016-04-27 17:58:10.785 TRACE 37359 --- [    Test worker] o.s.c.a.ClassPathBeanDefinitionScanner   : Scanning URL [jar:file:/Users/yjayaraman/.gradle/caches/modules-2/files-2.1/org.springframework.data/spring-data-rest-webmvc/2.4.0.RELEASE/834db763dd30c31bb330d981169860e7cd5cbeee/spring-data-rest-webmvc-2.4.0.RELEASE.jar!/org/springframework/data/rest/webmvc/alps/AlpsJsonHttpMessageConverter.class]
2016-04-27 17:58:10.785 TRACE 37359 --- [    Test worker] o.s.c.a.ClassPathBeanDefinitionScanner   : Ignored because not matching any filter: URL [jar:file:/Users/yjayaraman/.gradle/caches/modules-2/files-2.1/org.springframework.data/spring-data-rest-webmvc/2.4.0.RELEASE/834db763dd30c31bb330d981169860e7cd5cbeee/spring-data-rest-webmvc-2.4.0.RELEASE.jar!/org/springframework/data/rest/webmvc/alps/AlpsJsonHttpMessageConverter.class]
2016-04-27 17:58:10.785 TRACE 37359 --- [    Test worker] o.s.c.a.ClassPathBeanDefinitionScanner   : Scanning URL [jar:file:/Users/yjayaraman/.gradle/caches/modules-2/files-2.1/org.springframework.data/spring-data-rest-webmvc/2.4.0.RELEASE/834db763dd30c31bb330d981169860e7cd5cbeee/spring-data-rest-webmvc-2.4.0.RELEASE.jar!/org/springframework/data/rest/webmvc/alps/RootResourceInformationToAlpsDescriptorConverter.class]
2016-04-27 17:58:10.786 TRACE 37359 --- [    Test worker] o.s.c.a.ClassPathBeanDefinitionScanner   : Ignored because not matching any filter: URL [jar:file:/Users/yjayaraman/.gradle/caches/modules-2/files-2.1/org.springframework.data/spring-data-rest-webmvc/2.4.0.RELEASE/834db763dd30c31bb330d981169860e7cd5cbeee/spring-data-rest-webmvc-2.4.0.RELEASE.jar!/org/springframework/data/rest/webmvc/alps/RootResourceInformationToAlpsDescriptorConverter.class]
2016-04-27 17:58:10.786 TRACE 37359 --- [    Test worker] o.s.c.a.ClassPathBeanDefinitionScanner   : Scanning URL [jar:file:/Users/yjayaraman/.gradle/caches/modules-2/files-2.1/org.springframework.data/spring-data-rest-webmvc/2.4.0.RELEASE/834db763dd30c31bb330d981169860e7cd5cbeee/spring-data-rest-webmvc-2.4.0.RELEASE.jar!/org/springframework/data/rest/webmvc/alps/AlpsController.class]
2016-04-27 17:58:10.786 DEBUG 37359 --- [    Test worker] o.s.c.a.ClassPathBeanDefinitionScanner   : Identified candidate component class: URL [jar:file:/Users/yjayaraman/.gradle/caches/modules-2/files-2.1/org.springframework.data/spring-data-rest-webmvc/2.4.0.RELEASE/834db763dd30c31bb330d981169860e7cd5cbeee/spring-data-rest-webmvc-2.4.0.RELEASE.jar!/org/springframework/data/rest/webmvc/alps/AlpsController.class]
2016-04-27 17:58:10.786 TRACE 37359 --- [    Test worker] o.s.c.a.ClassPathBeanDefinitionScanner   : Scanning URL [jar:file:/Users/yjayaraman/.gradle/caches/modules-2/files-2.1/org.springframework.data/spring-data-rest-webmvc/2.4.0.RELEASE/834db763dd30c31bb330d981169860e7cd5cbeee/spring-data-rest-webmvc-2.4.0.RELEASE.jar!/org/springframework/data/rest/webmvc/alps/RootResourceInformationToAlpsDescriptorConverter$2.class]
2016-04-27 17:58:10.786 TRACE 37359 --- [    Test worker] o.s.c.a.ClassPathBeanDefinitionScanner   : Ignored because not matching any filter: URL [jar:file:/Users/yjayaraman/.gradle/caches/modules-2/files-2.1/org.springframework.data/spring-data-rest-webmvc/2.4.0.RELEASE/834db763dd30c31bb330d981169860e7cd5cbeee/spring-data-rest-webmvc-2.4.0.RELEASE.jar!/org/springframework/data/rest/webmvc/alps/RootResourceInformationToAlpsDescriptorConverter$2.class]
2016-04-27 17:58:10.786 TRACE 37359 --- [    Test worker] o.s.c.a.ClassPathBeanDefinitionScanner   : Scanning URL [jar:file:/Users/yjayaraman/.gradle/caches/modules-2/files-2.1/org.springframework.data/spring-data-rest-webmvc/2.4.0.RELEASE/834db763dd30c31bb330d981169860e7cd5cbeee/spring-data-rest-webmvc-2.4.0.RELEASE.jar!/org/springframework/data/rest/webmvc/alps/RootResourceInformationToAlpsDescriptorConverter$1.class]
2016-04-27 17:58:10.787 TRACE 37359 --- [    Test worker] o.s.c.a.ClassPathBeanDefinitionScanner   : Ignored because not matching any filter: URL [jar:file:/Users/yjayaraman/.gradle/caches/modules-2/files-2.1/org.springframework.data/spring-data-rest-webmvc/2.4.0.RELEASE/834db763dd30c31bb330d981169860e7cd5cbeee/spring-data-rest-webmvc-2.4.0.RELEASE.jar!/org/springframework/data/rest/webmvc/alps/RootResourceInformationToAlpsDescriptorConverter$1.class]
2016-04-27 17:58:10.787 TRACE 37359 --- [    Test worker] o.s.c.a.ClassPathBeanDefinitionScanner   : Scanning URL [jar:file:/Users/yjayaraman/.gradle/caches/modules-2/files-2.1/org.springframework.data/spring-data-rest-webmvc/2.4.0.RELEASE/834db763dd30c31bb330d981169860e7cd5cbeee/spring-data-rest-webmvc-2.4.0.RELEASE.jar!/org/springframework/data/rest/webmvc/alps/RootResourceInformationToAlpsDescriptorConverter$3.class]
2016-04-27 17:58:10.787 TRACE 37359 --- [    Test worker] o.s.c.a.ClassPathBeanDefinitionScanner   : Ignored because not matching any filter: URL [jar:file:/Users/yjayaraman/.gradle/caches/modules-2/files-2.1/org.springframework.data/spring-data-rest-webmvc/2.4.0.RELEASE/834db763dd30c31bb330d981169860e7cd5cbeee/spring-data-rest-webmvc-2.4.0.RELEASE.jar!/org/springframework/data/rest/webmvc/alps/RootResourceInformationToAlpsDescriptorConverter$3.class]
2016-04-27 17:58:10.787 TRACE 37359 --- [    Test worker] o.s.c.a.ClassPathBeanDefinitionScanner   : Scanning URL [jar:file:/Users/yjayaraman/.gradle/caches/modules-2/files-2.1/org.springframework.data/spring-data-rest-webmvc/2.4.0.RELEASE/834db763dd30c31bb330d981169860e7cd5cbeee/spring-data-rest-webmvc-2.4.0.RELEASE.jar!/org/springframework/data/rest/webmvc/ResourceNotFoundException.class]
2016-04-27 17:58:10.789 TRACE 37359 --- [    Test worker] o.s.c.a.ClassPathBeanDefinitionScanner   : Ignored because not matching any filter: URL [jar:file:/Users/yjayaraman/.gradle/caches/modules-2/files-2.1/org.springframework.data/spring-data-rest-webmvc/2.4.0.RELEASE/834db763dd30c31bb330d981169860e7cd5cbeee/spring-data-rest-webmvc-2.4.0.RELEASE.jar!/org/springframework/data/rest/webmvc/ResourceNotFoundException.class]
2016-04-27 17:58:10.789 TRACE 37359 --- [    Test worker] o.s.c.a.ClassPathBeanDefinitionScanner   : Scanning URL [jar:file:/Users/yjayaraman/.gradle/caches/modules-2/files-2.1/org.springframework.data/spring-data-rest-webmvc/2.4.0.RELEASE/834db763dd30c31bb330d981169860e7cd5cbeee/spring-data-rest-webmvc-2.4.0.RELEASE.jar!/org/springframework/data/rest/webmvc/RepositoryPropertyReferenceController$3.class]
2016-04-27 17:58:10.789 TRACE 37359 --- [    Test worker] o.s.c.a.ClassPathBeanDefinitionScanner   : Ignored because not matching any filter: URL [jar:file:/Users/yjayaraman/.gradle/caches/modules-2/files-2.1/org.springframework.data/spring-data-rest-webmvc/2.4.0.RELEASE/834db763dd30c31bb330d981169860e7cd5cbeee/spring-data-rest-webmvc-2.4.0.RELEASE.jar!/org/springframework/data/rest/webmvc/RepositoryPropertyReferenceController$3.class]
2016-04-27 17:58:10.789 TRACE 37359 --- [    Test worker] o.s.c.a.ClassPathBeanDefinitionScanner   : Scanning URL [jar:file:/Users/yjayaraman/.gradle/caches/modules-2/files-2.1/org.springframework.data/spring-data-rest-webmvc/2.4.0.RELEASE/834db763dd30c31bb330d981169860e7cd5cbeee/spring-data-rest-webmvc-2.4.0.RELEASE.jar!/org/springframework/data/rest/webmvc/RepositoryPropertyReferenceController$5.class]
2016-04-27 17:58:10.790 TRACE 37359 --- [    Test worker] o.s.c.a.ClassPathBeanDefinitionScanner   : Ignored because not matching any filter: URL [jar:file:/Users/yjayaraman/.gradle/caches/modules-2/files-2.1/org.springframework.data/spring-data-rest-webmvc/2.4.0.RELEASE/834db763dd30c31bb330d981169860e7cd5cbeee/spring-data-rest-webmvc-2.4.0.RELEASE.jar!/org/springframework/data/rest/webmvc/RepositoryPropertyReferenceController$5.class]
2016-04-27 17:58:10.801 TRACE 37359 --- [    Test worker] o.s.b.a.condition.OnClassCondition       : Condition OnClassCondition on org.springframework.boot.autoconfigure.data.solr.SolrRepositoriesAutoConfiguration did not match due to required @ConditionalOnClass classes not found: org.apache.solr.client.solrj.SolrServer,org.springframework.data.solr.repository.SolrRepository
2016-04-27 17:58:10.802 DEBUG 37359 --- [    Test worker] o.s.b.f.s.DefaultListableBeanFactory     : Returning cached instance of singleton bean 'autoConfigurationReport'
2016-04-27 17:58:10.802 TRACE 37359 --- [    Test worker] o.s.b.a.condition.OnClassCondition       : Condition OnClassCondition on org.springframework.boot.autoconfigure.data.web.SpringDataWebAutoConfiguration matched due to @ConditionalOnClass classes found: org.springframework.data.web.PageableHandlerMethodArgumentResolver,org.springframework.web.servlet.config.annotation.WebMvcConfigurerAdapter
2016-04-27 17:58:10.802 DEBUG 37359 --- [    Test worker] o.s.b.f.s.DefaultListableBeanFactory     : Returning cached instance of singleton bean 'autoConfigurationReport'
2016-04-27 17:58:10.802 TRACE 37359 --- [    Test worker] o.s.b.a.c.OnWebApplicationCondition      : Condition OnWebApplicationCondition on org.springframework.boot.autoconfigure.data.web.SpringDataWebAutoConfiguration matched due to found web application 'session' scope
2016-04-27 17:58:10.802 DEBUG 37359 --- [    Test worker] o.s.b.f.s.DefaultListableBeanFactory     : Returning cached instance of singleton bean 'autoConfigurationReport'
2016-04-27 17:58:10.805 DEBUG 37359 --- [    Test worker] o.s.core.env.StandardEnvironment         : Adding [systemProperties] PropertySource with lowest search precedence
2016-04-27 17:58:10.805 DEBUG 37359 --- [    Test worker] o.s.core.env.StandardEnvironment         : Adding [systemEnvironment] PropertySource with lowest search precedence
2016-04-27 17:58:10.805 DEBUG 37359 --- [    Test worker] o.s.core.env.StandardEnvironment         : Initialized StandardEnvironment with PropertySources [systemProperties,systemEnvironment]
2016-04-27 17:58:10.805 DEBUG 37359 --- [    Test worker] .i.s.PathMatchingResourcePatternResolver : Looking for matching resources in jar file [file:/Users/yjayaraman/.gradle/caches/modules-2/files-2.1/org.springframework.data/spring-data-jpa/1.9.0.RELEASE/54eb2e41ceba320dcbd67c19e8a50cb9af4160a5/spring-data-jpa-1.9.0.RELEASE.jar]
2016-04-27 17:58:10.808 DEBUG 37359 --- [    Test worker] .i.s.PathMatchingResourcePatternResolver : Looking for matching resources in jar file [file:/Users/yjayaraman/.gradle/caches/modules-2/files-2.1/org.springframework.data/spring-data-rest-core/2.4.0.RELEASE/523750a61feff856001699359e6375f9253b469a/spring-data-rest-core-2.4.0.RELEASE.jar]
2016-04-27 17:58:10.810 DEBUG 37359 --- [    Test worker] .i.s.PathMatchingResourcePatternResolver : Looking for matching resources in jar file [file:/Users/yjayaraman/.gradle/caches/modules-2/files-2.1/org.springframework.data/spring-data-rest-webmvc/2.4.0.RELEASE/834db763dd30c31bb330d981169860e7cd5cbeee/spring-data-rest-webmvc-2.4.0.RELEASE.jar]
2016-04-27 17:58:10.812 DEBUG 37359 --- [    Test worker] .i.s.PathMatchingResourcePatternResolver : Looking for matching resources in jar file [file:/Users/yjayaraman/.gradle/caches/modules-2/files-2.1/org.springframework.data/spring-data-commons/1.11.0.RELEASE/935cd4ab0a1a07358d7f0c9c808f9113dc177bd8/spring-data-commons-1.11.0.RELEASE.jar]
2016-04-27 17:58:10.820 DEBUG 37359 --- [    Test worker] .i.s.PathMatchingResourcePatternResolver : Resolved location pattern [classpath*:org/springframework/data/**/*.class] to resources [URL [jar:file:/Users/yjayaraman/.gradle/caches/modules-2/files-2.1/org.springframework.data/spring-data-jpa/1.9.0.RELEASE/54eb2e41ceba320dcbd67c19e8a50cb9af4160a5/spring-data-jpa-1.9.0.RELEASE.jar!/org/springframework/data/jpa/mapping/JpaPersistentProperty.class], URL [jar:file:/Users/yjayaraman/.gradle/caches/modules-2/files-2.1/org.springframework.data/spring-data-jpa/1.9.0.RELEASE/54eb2e41ceba320dcbd67c19e8a50cb9af4160a5/spring-data-jpa-1.9.0.RELEASE.jar!/org/springframework/data/jpa/mapping/JpaPersistentPropertyImpl.class], URL [jar:file:/Users/yjayaraman/.gradle/caches/modules-2/files-2.1/org.springframework.data/spring-data-jpa/1.9.0.RELEASE/54eb2e41ceba320dcbd67c19e8a50cb9af4160a5/spring-data-jpa-1.9.0.RELEASE.jar!/org/springframework/data/jpa/mapping/JpaPersistentEntityImpl.class], URL [jar:file:/Users/yjayaraman/.gradle/caches/modules-2/files-2.1/org.springframework.data/spring-data-jpa/1.9.0.RELEASE/54eb2e41ceba320dcbd67c19e8a50cb9af4160a5/spring-data-jpa-1.9.0.RELEASE.jar!/org/springframework/data/jpa/mapping/JpaPersistentEntityImpl$JpaProxyAwareIdentifierAccessor.class], URL [jar:file:/Users/yjayaraman/.gradle/caches/modules-2/files-2.1/org.springframework.data/spring-data-jpa/1.9.0.RELEASE/54eb2e41ceba320dcbd67c19e8a50cb9af4160a5/spring-data-jpa-1.9.0.RELEASE.jar!/org/springframework/data/jpa/mapping/JpaMetamodelMappingContext.class], URL [jar:file:/Users/yjayaraman/.gradle/caches/modules-2/files-2.1/org.springframework.data/spring-data-jpa/1.9.0.RELEASE/54eb2e41ceba320dcbd67c19e8a50cb9af4160a5/spring-data-jpa-1.9.0.RELEASE.jar!/org/springframework/data/jpa/mapping/JpaPersistentEntity.class], URL [jar:file:/Users/yjayaraman/.gradle/caches/modules-2/files-2.1/org.springframework.data/spring-data-jpa/1.9.0.RELEASE/54eb2e41ceba320dcbd67c19e8a50cb9af4160a5/spring-data-jpa-1.9.0.RELEASE.jar!/org/springframework/data/jpa/util/BeanDefinitionUtils$EntityManagerFactoryBeanDefinition.class], URL [jar:file:/Users/yjayaraman/.gradle/caches/modules-2/files-2.1/org.springframework.data/spring-data-jpa/1.9.0.RELEASE/54eb2e41ceba320dcbd67c19e8a50cb9af4160a5/spring-data-jpa-1.9.0.RELEASE.jar!/org/springframework/data/jpa/util/BeanDefinitionUtils.class], URL [jar:file:/Users/yjayaraman/.gradle/caches/modules-2/files-2.1/org.springframework.data/spring-data-jpa/1.9.0.RELEASE/54eb2e41ceba320dcbd67c19e8a50cb9af4160a5/spring-data-jpa-1.9.0.RELEASE.jar!/org/springframework/data/jpa/convert/threetenbp/ThreeTenBackPortJpaConverters$LocalTimeConverter.class], URL [jar:file:/Users/yjayaraman/.gradle/caches/modules-2/files-2.1/org.springframework.data/spring-data-jpa/1.9.0.RELEASE/54eb2e41ceba320dcbd67c19e8a50cb9af4160a5/spring-data-jpa-1.9.0.RELEASE.jar!/org/springframework/data/jpa/convert/threetenbp/ThreeTenBackPortJpaConverters$LocalDateTimeConverter.class], URL [jar:file:/Users/yjayaraman/.gradle/caches/modules-2/files-2.1/org.springframework.data/spring-data-jpa/1.9.0.RELEASE/54eb2e41ceba320dcbd67c19e8a50cb9af4160a5/spring-data-jpa-1.9.0.RELEASE.jar!/org/springframework/data/jpa/convert/threetenbp/ThreeTenBackPortJpaConverters$InstantConverter.class], URL [jar:file:/Users/yjayaraman/.gradle/caches/modules-2/files-2.1/org.springframework.data/spring-data-jpa/1.9.0.RELEASE/54eb2e41ceba320dcbd67c19e8a50cb9af4160a5/spring-data-jpa-1.9.0.RELEASE.jar!/org/springframework/data/jpa/convert/threetenbp/ThreeTenBackPortJpaConverters$LocalDateConverter.class], URL [jar:file:/Users/yjayaraman/.gradle/caches/modules-2/files-2.1/org.springframework.data/spring-data-jpa/1.9.0.RELEASE/54eb2e41ceba320dcbd67c19e8a50cb9af4160a5/spring-data-jpa-1.9.0.RELEASE.jar!/org/springframework/data/jpa/convert/threetenbp/ThreeTenBackPortJpaConverters.class], URL [jar:file:/Users/yjayaraman/.gradle/caches/modules-2/files-2.1/org.springframework.data/spring-data-jpa/1.9.0.RELEASE/54eb2e41ceba320dcbd67c19e8a50cb9af4160a5/spring-data-jpa-1.9.0.RELEASE.jar!/org/springframework/data/jpa/convert/threeten/Jsr310JpaConverters$InstantConverter.class], URL [jar:file:/Users/yjayaraman/.gradle/caches/modules-2/files-2.1/org.springframework.data/spring-data-jpa/1.9.0.RELEASE/54eb2e41ceba320dcbd67c19e8a50cb9af4160a5/spring-data-jpa-1.9.0.RELEASE.jar!/org/springframework/data/jpa/convert/threeten/Jsr310JpaConverters$LocalDateConverter.class], URL [jar:file:/Users/yjayaraman/.gradle/caches/modules-2/files-2.1/org.springframework.data/spring-data-jpa/1.9.0.RELEASE/54eb2e41ceba320dcbd67c19e8a50cb9af4160a5/spring-data-jpa-1.9.0.RELEASE.jar!/org/springframework/data/jpa/convert/threeten/Jsr310JpaConverters$LocalTimeConverter.class], URL [jar:file:/Users/yjayaraman/.gradle/caches/modules-2/files-2.1/org.springframework.data/spring-data-jpa/1.9.0.RELEASE/54eb2e41ceba320dcbd67c19e8a50cb9af4160a5/spring-data-jpa-1.9.0.RELEASE.jar!/org/springframework/data/jpa/convert/threeten/Jsr310JpaConverters.class], URL [jar:file:/Users/yjayaraman/.gradle/caches/modules-2/files-2.1/org.springframework.data/spring-data-jpa/1.9.0.RELEASE/54eb2e41ceba320dcbd67c19e8a50cb9af4160a5/spring-data-jpa-1.9.0.RELEASE.jar!/org/springframework/data/jpa/convert/threeten/Jsr310JpaConverters$LocalDateTimeConverter.class], URL [jar:file:/Users/yjayaraman/.gradle/caches/modules-2/files-2.1/org.springframework.data/spring-data-jpa/1.9.0.RELEASE/54eb2e41ceba320dcbd67c19e8a50cb9af4160a5/spring-data-jpa-1.9.0.RELEASE.jar!/org/springframework/data/jpa/repository/Query.class], URL [jar:file:/Users/yjayaraman/.gradle/caches/modules-2/files-2.1/org.springframework.data/spring-data-jpa/1.9.0.RELEASE/54eb2e41ceba320dcbd67c19e8a50cb9af4160a5/spring-data-jpa-1.9.0.RELEASE.jar!/org/springframework/data/jpa/repository/query/ParameterMetadataProvider$1.class], URL [jar:file:/Users/yjayaraman/.gradle/caches/modules-2/files-2.1/org.springframework.data/spring-data-jpa/1.9.0.RELEASE/54eb2e41ceba320dcbd67c19e8a50cb9af4160a5/spring-data-jpa-1.9.0.RELEASE.jar!/org/springframework/data/jpa/repository/query/StringQuery.class], URL [jar:file:/Users/yjayaraman/.gradle/caches/modules-2/files-2.1/org.springframework.data/spring-data-jpa/1.9.0.RELEASE/54eb2e41ceba320dcbd67c19e8a50cb9af4160a5/spring-data-jpa-1.9.0.RELEASE.jar!/org/springframework/data/jpa/repository/query/JpaQueryExecution.class], URL [jar:file:/Users/yjayaraman/.gradle/caches/modules-2/files-2.1/org.springframework.data/spring-data-jpa/1.9.0.RELEASE/54eb2e41ceba320dcbd67c19e8a50cb9af4160a5/spring-data-jpa-1.9.0.RELEASE.jar!/org/springframework/data/jpa/repository/query/JpaQueryLookupStrategy$AbstractQueryLookupStrategy.class], URL [jar:file:/Users/yjayaraman/.gradle/caches/modules-2/files-2.1/org.springframework.data/spring-data-jpa/1.9.0.RELEASE/54eb2e41ceba320dcbd67c19e8a50cb9af4160a5/spring-data-jpa-1.9.0.RELEASE.jar!/org/springframework/data/jpa/repository/query/JpaResultConverters$BlobToByteArrayConverter.class], URL [jar:file:/Users/yjayaraman/.gradle/caches/modules-2/files-2.1/org.springframework.data/spring-data-jpa/1.9.0.RELEASE/54eb2e41ceba320dcbd67c19e8a50cb9af4160a5/spring-data-jpa-1.9.0.RELEASE.jar!/org/springframework/data/jpa/repository/query/JpaQueryLookupStrategy$CreateQueryLookupStrategy.class], URL [jar:file:/Users/yjayaraman/.gradle/caches/modules-2/files-2.1/org.springframework.data/spring-data-jpa/1.9.0.RELEASE/54eb2e41ceba320dcbd67c19e8a50cb9af4160a5/spring-data-jpa-1.9.0.RELEASE.jar!/org/springframework/data/jpa/repository/query/JpaResultConverters.class], URL [jar:file:/Users/yjayaraman/.gradle/caches/modules-2/files-2.1/org.springframework.data/spring-data-jpa/1.9.0.RELEASE/54eb2e41ceba320dcbd67c19e8a50cb9af4160a5/spring-data-jpa-1.9.0.RELEASE.jar!/org/springframework/data/jpa/repository/query/JpaQueryExecution$SingleEntityExecution.class], URL [jar:file:/Users/yjayaraman/.gradle/caches/modules-2/files-2.1/org.springframework.data/spring-data-jpa/1.9.0.RELEASE/54eb2e41ceba320dcbd67c19e8a50cb9af4160a5/spring-data-jpa-1.9.0.RELEASE.jar!/org/springframework/data/jpa/repository/query/AbstractStringBasedJpaQuery.class], URL [jar:file:/Users/yjayaraman/.gradle/caches/modules-2/files-2.1/org.springframework.data/spring-data-jpa/1.9.0.RELEASE/54eb2e41ceba320dcbd67c19e8a50cb9af4160a5/spring-data-jpa-1.9.0.RELEASE.jar!/org/springframework/data/jpa/repository/query/JpaQueryExecution$StreamExecution.class], URL [jar:file:/Users/yjayaraman/.gradle/caches/modules-2/files-2.1/org.springframework.data/spring-data-jpa/1.9.0.RELEASE/54eb2e41ceba320dcbd67c19e8a50cb9af4160a5/spring-data-jpa-1.9.0.RELEASE.jar!/org/springframework/data/jpa/repository/query/StoredProcedureAttributeSource$1.class], URL [jar:file:/Users/yjayaraman/.gradle/caches/modules-2/files-2.1/org.springframework.data/spring-data-jpa/1.9.0.RELEASE/54eb2e41ceba320dcbd67c19e8a50cb9af4160a5/spring-data-jpa-1.9.0.RELEASE.jar!/org/springframework/data/jpa/repository/query/SpelExpressionStringQueryParameterBinder.class], URL [jar:file:/Users/yjayaraman/.gradle/caches/modules-2/files-2.1/org.springframework.data/spring-data-jpa/1.9.0.RELEASE/54eb2e41ceba320dcbd67c19e8a50cb9af4160a5/spring-data-jpa-1.9.0.RELEASE.jar!/org/springframework/data/jpa/repository/query/JpaQueryExecution$ProcedureExecution.class], URL [jar:file:/Users/yjayaraman/.gradle/caches/modules-2/files-2.1/org.springframework.data/spring-data-jpa/1.9.0.RELEASE/54eb2e41ceba320dcbd67c19e8a50cb9af4160a5/spring-data-jpa-1.9.0.RELEASE.jar!/org/springframework/data/jpa/repository/query/StringQuery$InParameterBinding.class], URL [jar:file:/Users/yjayaraman/.gradle/caches/modules-2/files-2.1/org.springframework.data/spring-data-jpa/1.9.0.RELEASE/54eb2e41ceba320dcbd67c19e8a50cb9af4160a5/spring-data-jpa-1.9.0.RELEASE.jar!/org/springframework/data/jpa/repository/query/JpaQueryExecution$SlicedExecution.class], URL [jar:file:/Users/yjayaraman/.gradle/caches/modules-2/files-2.1/org.springframework.data/spring-data-jpa/1.9.0.RELEASE/54eb2e41ceba320dcbd67c19e8a50cb9af4160a5/spring-data-jpa-1.9.0.RELEASE.jar!/org/springframework/data/jpa/repository/query/StringQueryParameterBinder.class], URL [jar:file:/Users/yjayaraman/.gradle/caches/modules-2/files-2.1/org.springframework.data/spring-data-jpa/1.9.0.RELEASE/54eb2e41ceba320dcbd67c19e8a50cb9af4160a5/spring-data-jpa-1.9.0.RELEASE.jar!/org/springframework/data/jpa/repository/query/StringQuery$LikeParameterBinding.class], URL [jar:file:/Users/yjayaraman/.gradle/caches/modules-2/files-2.1/org.springframework.data/spring-data-jpa/1.9.0.RELEASE/54eb2e41ceba320dcbd67c19e8a50cb9af4160a5/spring-data-jpa-1.9.0.RELEASE.jar!/org/springframework/data/jpa/repository/query/StringQuery$ParameterBinding.class], URL [jar:file:/Users/yjayaraman/.gradle/caches/modules-2/files-2.1/org.springframework.data/spring-data-jpa/1.9.0.RELEASE/54eb2e41ceba320dcbd67c19e8a50cb9af4160a5/spring-data-jpa-1.9.0.RELEASE.jar!/org/springframework/data/jpa/repository/query/JpaParameters.class], URL [jar:file:/Users/yjayaraman/.gradle/caches/modules-2/files-2.1/org.springframework.data/spring-data-jpa/1.9.0.RELEASE/54eb2e41ceba320dcbd67c19e8a50cb9af4160a5/spring-data-jpa-1.9.0.RELEASE.jar!/org/springframework/data/jpa/repository/query/JpaQueryCreator.class], URL [jar:file:/Users/yjayaraman/.gradle/caches/modules-2/files-2.1/org.springframework.data/spring-data-jpa/1.9.0.RELEASE/54eb2e41ceba320dcbd67c19e8a50cb9af4160a5/spring-data-jpa-1.9.0.RELEASE.jar!/org/springframework/data/jpa/repository/query/JpaQueryExecution$DeleteExecution.class], URL [jar:file:/Users/yjayaraman/.gradle/caches/modules-2/files-2.1/org.springframework.data/spring-data-jpa/1.9.0.RELEASE/54eb2e41ceba320dcbd67c19e8a50cb9af4160a5/spring-data-jpa-1.9.0.RELEASE.jar!/org/springframework/data/jpa/repository/query/CriteriaQueryParameterBinder.class], URL [jar:file:/Users/yjayaraman/.gradle/caches/modules-2/files-2.1/org.springframework.data/spring-data-jpa/1.9.0.RELEASE/54eb2e41ceba320dcbd67c19e8a50cb9af4160a5/spring-data-jpa-1.9.0.RELEASE.jar!/org/springframework/data/jpa/repository/query/JpaQueryLookupStrategy.class], URL [jar:file:/Users/yjayaraman/.gradle/caches/modules-2/files-2.1/org.springframework.data/spring-data-jpa/1.9.0.RELEASE/54eb2e41ceba320dcbd67c19e8a50cb9af4160a5/spring-data-jpa-1.9.0.RELEASE.jar!/org/springframework/data/jpa/repository/query/StringQuery$1.class], URL [jar:file:/Users/yjayaraman/.gradle/caches/modules-2/files-2.1/org.springframework.data/spring-data-jpa/1.9.0.RELEASE/54eb2e41ceba320dcbd67c19e8a50cb9af4160a5/spring-data-jpa-1.9.0.RELEASE.jar!/org/springframework/data/jpa/repository/query/JpaQueryLookupStrategy$DeclaredQueryLookupStrategy.class], URL [jar:file:/Users/yjayaraman/.gradle/caches/modules-2/files-2.1/org.springframework.data/spring-data-jpa/1.9.0.RELEASE/54eb2e41ceba320dcbd67c19e8a50cb9af4160a5/spring-data-jpa-1.9.0.RELEASE.jar!/org/springframework/data/jpa/repository/query/JpaQueryExecution$CollectionExecution.class], URL [jar:file:/Users/yjayaraman/.gradle/caches/modules-2/files-2.1/org.springframework.data/spring-data-jpa/1.9.0.RELEASE/54eb2e41ceba320dcbd67c19e8a50cb9af4160a5/spring-data-jpa-1.9.0.RELEASE.jar!/org/springframework/data/jpa/repository/query/JpaQueryExecution$PagedExecution.class], URL [jar:file:/Users/yjayaraman/.gradle/caches/modules-2/files-2.1/org.springframework.data/spring-data-jpa/1.9.0.RELEASE/54eb2e41ceba320dcbd67c19e8a50cb9af4160a5/spring-data-jpa-1.9.0.RELEASE.jar!/org/springframework/data/jpa/repository/query/JpaQueryLookupStrategy$CreateIfNotFoundQueryLookupStrategy.class], URL [jar:file:/Users/yjayaraman/.gradle/caches/modules-2/files-2.1/org.springframework.data/spring-data-jpa/1.9.0.RELEASE/54eb2e41ceba320dcbd67c19e8a50cb9af4160a5/spring-data-jpa-1.9.0.RELEASE.jar!/org/springframework/data/jpa/repository/query/SimpleJpaQuery.class], URL [jar:file:/Users/yjayaraman/.gradle/caches/modules-2/files-2.1/org.springframework.data/spring-data-jpa/1.9.0.RELEASE/54eb2e41ceba320dcbd67c19e8a50cb9af4160a5/spring-data-jpa-1.9.0.RELEASE.jar!/org/springframework/data/jpa/repository/query/StoredProcedureAttributes.class], URL [jar:file:/Users/yjayaraman/.gradle/caches/modules-2/files-2.1/org.springframework.data/spring-data-jpa/1.9.0.RELEASE/54eb2e41ceba320dcbd67c19e8a50cb9af4160a5/spring-data-jpa-1.9.0.RELEASE.jar!/org/springframework/data/jpa/repository/query/AbstractJpaQuery.class], URL [jar:file:/Users/yjayaraman/.gradle/caches/modules-2/files-2.1/org.springframework.data/spring-data-jpa/1.9.0.RELEASE/54eb2e41ceba320dcbd67c19e8a50cb9af4160a5/spring-data-jpa-1.9.0.RELEASE.jar!/org/springframework/data/jpa/repository/query/JpaEntityGraph.class], URL [jar:file:/Users/yjayaraman/.gradle/caches/modules-2/files-2.1/org.springframework.data/spring-data-jpa/1.9.0.RELEASE/54eb2e41ceba320dcbd67c19e8a50cb9af4160a5/spring-data-jpa-1.9.0.RELEASE.jar!/org/springframework/data/jpa/repository/query/ParameterMetadataProvider$ParameterMetadata.class], URL [jar:file:/Users/yjayaraman/.gradle/caches/modules-2/files-2.1/org.springframework.data/spring-data-jpa/1.9.0.RELEASE/54eb2e41ceba320dcbd67c19e8a50cb9af4160a5/spring-data-jpa-1.9.0.RELEASE.jar!/org/springframework/data/jpa/repository/query/Jpa21Utils.class], URL [jar:file:/Users/yjayaraman/.gradle/caches/modules-2/files-2.1/org.springframework.data/spring-data-jpa/1.9.0.RELEASE/54eb2e41ceba320dcbd67c19e8a50cb9af4160a5/spring-data-jpa-1.9.0.RELEASE.jar!/org/springframework/data/jpa/repository/query/InvalidJpaQueryMethodException.class], URL [jar:file:/Users/yjayaraman/.gradle/caches/modules-2/files-2.1/org.springframework.data/spring-data-jpa/1.9.0.RELEASE/54eb2e41ceba320dcbd67c19e8a50cb9af4160a5/spring-data-jpa-1.9.0.RELEASE.jar!/org/springframework/data/jpa/repository/query/PartTreeJpaQuery$CountQueryPreparer.class], URL [jar:file:/Users/yjayaraman/.gradle/caches/modules-2/files-2.1/org.springframework.data/spring-data-jpa/1.9.0.RELEASE/54eb2e41ceba320dcbd67c19e8a50cb9af4160a5/spring-data-jpa-1.9.0.RELEASE.jar!/org/springframework/data/jpa/repository/query/JpaQueryCreator$PredicateBuilder.class], URL [jar:file:/Users/yjayaraman/.gradle/caches/modules-2/files-2.1/org.springframework.data/spring-data-jpa/1.9.0.RELEASE/54eb2e41ceba320dcbd67c19e8a50cb9af4160a5/spring-data-jpa-1.9.0.RELEASE.jar!/org/springframework/data/jpa/repository/query/JpaEntityMetadata.class], URL [jar:file:/Users/yjayaraman/.gradle/caches/modules-2/files-2.1/org.springframework.data/spring-data-jpa/1.9.0.RELEASE/54eb2e41ceba320dcbd67c19e8a50cb9af4160a5/spring-data-jpa-1.9.0.RELEASE.jar!/org/springframework/data/jpa/repository/query/PartTreeJpaQuery$QueryPreparer.class], URL [jar:file:/Users/yjayaraman/.gradle/caches/modules-2/files-2.1/org.springframework.data/spring-data-jpa/1.9.0.RELEASE/54eb2e41ceba320dcbd67c19e8a50cb9af4160a5/spring-data-jpa-1.9.0.RELEASE.jar!/org/springframework/data/jpa/repository/query/NativeJpaQuery.class], URL [jar:file:/Users/yjayaraman/.gradle/caches/modules-2/files-2.1/org.springframework.data/spring-data-jpa/1.9.0.RELEASE/54eb2e41ceba320dcbd67c19e8a50cb9af4160a5/spring-data-jpa-1.9.0.RELEASE.jar!/org/springframework/data/jpa/repository/query/ExpressionBasedStringQuery.class], URL [jar:file:/Users/yjayaraman/.gradle/caches/modules-2/files-2.1/org.springframework.data/spring-data-jpa/1.9.0.RELEASE/54eb2e41ceba320dcbd67c19e8a50cb9af4160a5/spring-data-jpa-1.9.0.RELEASE.jar!/org/springframework/data/jpa/repository/query/JpaQueryFactory.class], URL [jar:file:/Users/yjayaraman/.gradle/caches/modules-2/files-2.1/org.springframework.data/spring-data-jpa/1.9.0.RELEASE/54eb2e41ceba320dcbd67c19e8a50cb9af4160a5/spring-data-jpa-1.9.0.RELEASE.jar!/org/springframework/data/jpa/repository/query/JpaQueryCreator$1.class], URL [jar:file:/Users/yjayaraman/.gradle/caches/modules-2/files-2.1/org.springframework.data/spring-data-jpa/1.9.0.RELEASE/54eb2e41ceba320dcbd67c19e8a50cb9af4160a5/spring-data-jpa-1.9.0.RELEASE.jar!/org/springframework/data/jpa/repository/query/JpaQueryMethod.class], URL [jar:file:/Users/yjayaraman/.gradle/caches/modules-2/files-2.1/org.springframework.data/spring-data-jpa/1.9.0.RELEASE/54eb2e41ceba320dcbd67c19e8a50cb9af4160a5/spring-data-jpa-1.9.0.RELEASE.jar!/org/springframework/data/jpa/repository/query/JpaParameters$JpaParameter.class], URL [jar:file:/Users/yjayaraman/.gradle/caches/modules-2/files-2.1/org.springframework.data/spring-data-jpa/1.9.0.RELEASE/54eb2e41ceba320dcbd67c19e8a50cb9af4160a5/spring-data-jpa-1.9.0.RELEASE.jar!/org/springframework/data/jpa/repository/query/PartTreeJpaQuery.class], URL [jar:file:/Users/yjayaraman/.gradle/caches/modules-2/files-2.1/org.springframework.data/spring-data-jpa/1.9.0.RELEASE/54eb2e41ceba320dcbd67c19e8a50cb9af4160a5/spring-data-jpa-1.9.0.RELEASE.jar!/org/springframework/data/jpa/repository/query/Procedure.class], URL [jar:file:/Users/yjayaraman/.gradle/caches/modules-2/files-2.1/org.springframework.data/spring-data-jpa/1.9.0.RELEASE/54eb2e41ceba320dcbd67c19e8a50cb9af4160a5/spring-data-jpa-1.9.0.RELEASE.jar!/org/springframework/data/jpa/repository/query/StoredProcedureJpaQuery.class], URL [jar:file:/Users/yjayaraman/.gradle/caches/modules-2/files-2.1/org.springframework.data/spring-data-jpa/1.9.0.RELEASE/54eb2e41ceba320dcbd67c19e8a50cb9af4160a5/spring-data-jpa-1.9.0.RELEASE.jar!/org/springframework/data/jpa/repository/query/JpaQueryLookupStrategy$1.class], URL [jar:file:/Users/yjayaraman/.gradle/caches/modules-2/files-2.1/org.springframework.data/spring-data-jpa/1.9.0.RELEASE/54eb2e41ceba320dcbd67c19e8a50cb9af4160a5/spring-data-jpa-1.9.0.RELEASE.jar!/org/springframework/data/jpa/repository/query/JpaQueryExecution$ModifyingExecution.class], URL [jar:file:/Users/yjayaraman/.gradle/caches/modules-2/files-2.1/org.springframework.data/spring-data-jpa/1.9.0.RELEASE/54eb2e41ceba320dcbd67c19e8a50cb9af4160a5/spring-data-jpa-1.9.0.RELEASE.jar!/org/springframework/data/jpa/repository/query/ParameterMetadataProvider.class], URL [jar:file:/Users/yjayaraman/.gradle/caches/modules-2/files-2.1/org.springframework.data/spring-data-jpa/1.9.0.RELEASE/54eb2e41ceba320dcbd67c19e8a50cb9af4160a5/spring-data-jpa-1.9.0.RELEASE.jar!/org/springframework/data/jpa/repository/query/JpaCountQueryCreator.class], URL [jar:file:/Users/yjayaraman/.gradle/caches/modules-2/files-2.1/org.springframework.data/spring-data-jpa/1.9.0.RELEASE/54eb2e41ceba320dcbd67c19e8a50cb9af4160a5/spring-data-jpa-1.9.0.RELEASE.jar!/org/springframework/data/jpa/repository/query/StringQuery$ParameterBindingParser.class], URL [jar:file:/Users/yjayaraman/.gradle/caches/modules-2/files-2.1/org.springframework.data/spring-data-jpa/1.9.0.RELEASE/54eb2e41ceba320dcbd67c19e8a50cb9af4160a5/spring-data-jpa-1.9.0.RELEASE.jar!/org/springframework/data/jpa/repository/query/QueryUtils.class], URL [jar:file:/Users/yjayaraman/.gradle/caches/modules-2/files-2.1/org.springframework.data/spring-data-jpa/1.9.0.RELEASE/54eb2e41ceba320dcbd67c19e8a50cb9af4160a5/spring-data-jpa-1.9.0.RELEASE.jar!/org/springframework/data/jpa/repository/query/NamedQuery.class], URL [jar:file:/Users/yjayaraman/.gradle/caches/modules-2/files-2.1/org.springframework.data/spring-data-jpa/1.9.0.RELEASE/54eb2e41ceba320dcbd67c19e8a50cb9af4160a5/spring-data-jpa-1.9.0.RELEASE.jar!/org/springframework/data/jpa/repository/query/DefaultJpaEntityMetadata.class], URL [jar:file:/Users/yjayaraman/.gradle/caches/modules-2/files-2.1/org.springframework.data/spring-data-jpa/1.9.0.RELEASE/54eb2e41ceba320dcbd67c19e8a50cb9af4160a5/spring-data-jpa-1.9.0.RELEASE.jar!/org/springframework/data/jpa/repository/query/StringQuery$ParameterBindingParser$ParameterBindingType.class], URL [jar:file:/Users/yjayaraman/.gradle/caches/modules-2/files-2.1/org.springframework.data/spring-data-jpa/1.9.0.RELEASE/54eb2e41ceba320dcbd67c19e8a50cb9af4160a5/spring-data-jpa-1.9.0.RELEASE.jar!/org/springframework/data/jpa/repository/query/ParameterBinder.class], URL [jar:file:/Users/yjayaraman/.gradle/caches/modules-2/files-2.1/org.springframework.data/spring-data-jpa/1.9.0.RELEASE/54eb2e41ceba320dcbd67c19e8a50cb9af4160a5/spring-data-jpa-1.9.0.RELEASE.jar!/org/springframework/data/jpa/repository/query/StoredProcedureAttributeSource.class], URL [jar:file:/Users/yjayaraman/.gradle/caches/modules-2/files-2.1/org.springframework.data/spring-data-jpa/1.9.0.RELEASE/54eb2e41ceba320dcbd67c19e8a50cb9af4160a5/spring-data-jpa-1.9.0.RELEASE.jar!/org/springframework/data/jpa/repository/EntityGraph$EntityGraphType.class], URL [jar:file:/Users/yjayaraman/.gradle/caches/modules-2/files-2.1/org.springframework.data/spring-data-jpa/1.9.0.RELEASE/54eb2e41ceba320dcbd67c19e8a50cb9af4160a5/spring-data-jpa-1.9.0.RELEASE.jar!/org/springframework/data/jpa/repository/QueryHints.class], URL [jar:file:/Users/yjayaraman/.gradle/caches/modules-2/files-2.1/org.springframework.data/spring-data-jpa/1.9.0.RELEASE/54eb2e41ceba320dcbd67c19e8a50cb9af4160a5/spring-data-jpa-1.9.0.RELEASE.jar!/org/springframework/data/jpa/repository/JpaSpecificationExecutor.class], URL [jar:file:/Users/yjayaraman/.gradle/caches/modules-2/files-2.1/org.springframework.data/spring-data-jpa/1.9.0.RELEASE/54eb2e41ceba320dcbd67c19e8a50cb9af4160a5/spring-data-jpa-1.9.0.RELEASE.jar!/org/springframework/data/jpa/repository/Lock.class], URL [jar:file:/Users/yjayaraman/.gradle/caches/modules-2/files-2.1/org.springframework.data/spring-data-jpa/1.9.0.RELEASE/54eb2e41ceba320dcbd67c19e8a50cb9af4160a5/spring-data-jpa-1.9.0.RELEASE.jar!/org/springframework/data/jpa/repository/cdi/JpaRepositoryBean.class], URL [jar:file:/Users/yjayaraman/.gradle/caches/modules-2/files-2.1/org.springframework.data/spring-data-jpa/1.9.0.RELEASE/54eb2e41ceba320dcbd67c19e8a50cb9af4160a5/spring-data-jpa-1.9.0.RELEASE.jar!/org/springframework/data/jpa/repository/cdi/JpaRepositoryExtension.class], URL [jar:file:/Users/yjayaraman/.gradle/caches/modules-2/files-2.1/org.springframework.data/spring-data-jpa/1.9.0.RELEASE/54eb2e41ceba320dcbd67c19e8a50cb9af4160a5/spring-data-jpa-1.9.0.RELEASE.jar!/org/springframework/data/jpa/repository/JpaContext.class], URL [jar:file:/Users/yjayaraman/.gradle/caches/modules-2/files-2.1/org.springframework.data/spring-data-jpa/1.9.0.RELEASE/54eb2e41ceba320dcbd67c19e8a50cb9af4160a5/spring-data-jpa-1.9.0.RELEASE.jar!/org/springframework/data/jpa/repository/Modifying.class], URL [jar:file:/Users/yjayaraman/.gradle/caches/modules-2/files-2.1/org.springframework.data/spring-data-jpa/1.9.0.RELEASE/54eb2e41ceba320dcbd67c19e8a50cb9af4160a5/spring-data-jpa-1.9.0.RELEASE.jar!/org/springframework/data/jpa/repository/config/AuditingBeanDefinitionParser$SpringConfiguredBeanDefinitionParser.class], URL [jar:file:/Users/yjayaraman/.gradle/caches/modules-2/files-2.1/org.springframework.data/spring-data-jpa/1.9.0.RELEASE/54eb2e41ceba320dcbd67c19e8a50cb9af4160a5/spring-data-jpa-1.9.0.RELEASE.jar!/org/springframework/data/jpa/repository/config/EnableJpaAuditing.class], URL [jar:file:/Users/yjayaraman/.gradle/caches/modules-2/files-2.1/org.springframework.data/spring-data-jpa/1.9.0.RELEASE/54eb2e41ceba320dcbd67c19e8a50cb9af4160a5/spring-data-jpa-1.9.0.RELEASE.jar!/org/springframework/data/jpa/repository/config/AuditingBeanDefinitionParser.class], URL [jar:file:/Users/yjayaraman/.gradle/caches/modules-2/files-2.1/org.springframework.data/spring-data-jpa/1.9.0.RELEASE/54eb2e41ceba320dcbd67c19e8a50cb9af4160a5/spring-data-jpa-1.9.0.RELEASE.jar!/org/springframework/data/jpa/repository/config/JpaAuditingRegistrar.class], URL [jar:file:/Users/yjayaraman/.gradle/caches/modules-2/files-2.1/org.springframework.data/spring-data-jpa/1.9.0.RELEASE/54eb2e41ceba320dcbd67c19e8a50cb9af4160a5/spring-data-jpa-1.9.0.RELEASE.jar!/org/springframework/data/jpa/repository/config/EnableJpaRepositories.class], URL [jar:file:/Users/yjayaraman/.gradle/caches/modules-2/files-2.1/org.springframework.data/spring-data-jpa/1.9.0.RELEASE/54eb2e41ceba320dcbd67c19e8a50cb9af4160a5/spring-data-jpa-1.9.0.RELEASE.jar!/org/springframework/data/jpa/repository/config/AuditingBeanDefinitionParser$1.class], URL [jar:file:/Users/yjayaraman/.gradle/caches/modules-2/files-2.1/org.springframework.data/spring-data-jpa/1.9.0.RELEASE/54eb2e41ceba320dcbd67c19e8a50cb9af4160a5/spring-data-jpa-1.9.0.RELEASE.jar!/org/springframework/data/jpa/repository/config/JpaRepositoriesRegistrar.class], URL [jar:file:/Users/yjayaraman/.gradle/caches/modules-2/files-2.1/org.springframework.data/spring-data-jpa/1.9.0.RELEASE/54eb2e41ceba320dcbd67c19e8a50cb9af4160a5/spring-data-jpa-1.9.0.RELEASE.jar!/org/springframework/data/jpa/repository/config/JpaRepositoryConfigExtension.class], URL [jar:file:/Users/yjayaraman/.gradle/caches/modules-2/files-2.1/org.springframework.data/spring-data-jpa/1.9.0.RELEASE/54eb2e41ceba320dcbd67c19e8a50cb9af4160a5/spring-data-jpa-1.9.0.RELEASE.jar!/org/springframework/data/jpa/repository/config/BeanDefinitionNames.class], URL [jar:file:/Users/yjayaraman/.gradle/caches/modules-2/files-2.1/org.springframework.data/spring-data-jpa/1.9.0.RELEASE/54eb2e41ceba320dcbd67c19e8a50cb9af4160a5/spring-data-jpa-1.9.0.RELEASE.jar!/org/springframework/data/jpa/repository/config/JpaRepositoryNameSpaceHandler.class], URL [jar:file:/Users/yjayaraman/.gradle/caches/modules-2/files-2.1/org.springframework.data/spring-data-jpa/1.9.0.RELEASE/54eb2e41ceba320dcbd67c19e8a50cb9af4160a5/spring-data-jpa-1.9.0.RELEASE.jar!/org/springframework/data/jpa/repository/config/JpaMetamodelMappingContextFactoryBean.class], URL [jar:file:/Users/yjayaraman/.gradle/caches/modules-2/files-2.1/org.springframework.data/spring-data-jpa/1.9.0.RELEASE/54eb2e41ceba320dcbd67c19e8a50cb9af4160a5/spring-data-jpa-1.9.0.RELEASE.jar!/org/springframework/data/jpa/repository/JpaRepository.class], URL [jar:file:/Users/yjayaraman/.gradle/caches/modules-2/files-2.1/org.springframework.data/spring-data-jpa/1.9.0.RELEASE/54eb2e41ceba320dcbd67c19e8a50cb9af4160a5/spring-data-jpa-1.9.0.RELEASE.jar!/org/springframework/data/jpa/repository/EntityGraph.class], URL [jar:file:/Users/yjayaraman/.gradle/caches/modules-2/files-2.1/org.springframework.data/spring-data-jpa/1.9.0.RELEASE/54eb2e41ceba320dcbd67c19e8a50cb9af4160a5/spring-data-jpa-1.9.0.RELEASE.jar!/org/springframework/data/jpa/repository/support/Querydsl$1.class], URL [jar:file:/Users/yjayaraman/.gradle/caches/modules-2/files-2.1/org.springframework.data/spring-data-jpa/1.9.0.RELEASE/54eb2e41ceba320dcbd67c19e8a50cb9af4160a5/spring-data-jpa-1.9.0.RELEASE.jar!/org/springframework/data/jpa/repository/support/CrudMethodMetadataPostProcessor$ThreadBoundTargetSource.class], URL [jar:file:/Users/yjayaraman/.gradle/caches/modules-2/files-2.1/org.springframework.data/spring-data-jpa/1.9.0.RELEASE/54eb2e41ceba320dcbd67c19e8a50cb9af4160a5/spring-data-jpa-1.9.0.RELEASE.jar!/org/springframework/data/jpa/repository/support/JpaPersistableEntityInformation.class], URL [jar:file:/Users/yjayaraman/.gradle/caches/modules-2/files-2.1/org.springframework.data/spring-data-jpa/1.9.0.RELEASE/54eb2e41ceba320dcbd67c19e8a50cb9af4160a5/spring-data-jpa-1.9.0.RELEASE.jar!/org/springframework/data/jpa/repository/support/CrudMethodMetadataPostProcessor.class], URL [jar:file:/Users/yjayaraman/.gradle/caches/modules-2/files-2.1/org.springframework.data/spring-data-jpa/1.9.0.RELEASE/54eb2e41ceba320dcbd67c19e8a50cb9af4160a5/spring-data-jpa-1.9.0.RELEASE.jar!/org/springframework/data/jpa/repository/support/CrudMethodMetadataPostProcessor$1.class], URL [jar:file:/Users/yjayaraman/.gradle/caches/modules-2/files-2.1/org.springframework.data/spring-data-jpa/1.9.0.RELEASE/54eb2e41ceba320dcbd67c19e8a50cb9af4160a5/spring-data-jpa-1.9.0.RELEASE.jar!/org/springframework/data/jpa/repository/support/JpaEntityInformation.class], URL [jar:file:/Users/yjayaraman/.gradle/caches/modules-2/files-2.1/org.springframework.data/spring-data-jpa/1.9.0.RELEASE/54eb2e41ceba320dcbd67c19e8a50cb9af4160a5/spring-data-jpa-1.9.0.RELEASE.jar!/org/springframework/data/jpa/repository/support/JpaMetamodelEntityInformation.class], URL [jar:file:/Users/yjayaraman/.gradle/caches/modules-2/files-2.1/org.springframework.data/spring-data-jpa/1.9.0.RELEASE/54eb2e41ceba320dcbd67c19e8a50cb9af4160a5/spring-data-jpa-1.9.0.RELEASE.jar!/org/springframework/data/jpa/repository/support/JpaMetamodelEntityInformation$IdMetadata.class], URL [jar:file:/Users/yjayaraman/.gradle/caches/modules-2/files-2.1/org.springframework.data/spring-data-jpa/1.9.0.RELEASE/54eb2e41ceba320dcbd67c19e8a50cb9af4160a5/spring-data-jpa-1.9.0.RELEASE.jar!/org/springframework/data/jpa/repository/support/JpaEntityInformationSupport.class], URL [jar:file:/Users/yjayaraman/.gradle/caches/modules-2/files-2.1/org.springframework.data/spring-data-jpa/1.9.0.RELEASE/54eb2e41ceba320dcbd67c19e8a50cb9af4160a5/spring-data-jpa-1.9.0.RELEASE.jar!/org/springframework/data/jpa/repository/support/QueryDslRepositorySupport.class], URL [jar:file:/Users/yjayaraman/.gradle/caches/modules-2/files-2.1/org.springframework.data/spring-data-jpa/1.9.0.RELEASE/54eb2e41ceba320dcbd67c19e8a50cb9af4160a5/spring-data-jpa-1.9.0.RELEASE.jar!/org/springframework/data/jpa/repository/support/JpaRepositoryFactory.class], URL [jar:file:/Users/yjayaraman/.gradle/caches/modules-2/files-2.1/org.springframework.data/spring-data-jpa/1.9.0.RELEASE/54eb2e41ceba320dcbd67c19e8a50cb9af4160a5/spring-data-jpa-1.9.0.RELEASE.jar!/org/springframework/data/jpa/repository/support/CrudMethodMetadataPostProcessor$DefaultCrudMethodMetadata.class], URL [jar:file:/Users/yjayaraman/.gradle/caches/modules-2/files-2.1/org.springframework.data/spring-data-jpa/1.9.0.RELEASE/54eb2e41ceba320dcbd67c19e8a50cb9af4160a5/spring-data-jpa-1.9.0.RELEASE.jar!/org/springframework/data/jpa/repository/support/SimpleJpaRepository.class], URL [jar:file:/Users/yjayaraman/.gradle/caches/modules-2/files-2.1/org.springframework.data/spring-data-jpa/1.9.0.RELEASE/54eb2e41ceba320dcbd67c19e8a50cb9af4160a5/spring-data-jpa-1.9.0.RELEASE.jar!/org/springframework/data/jpa/repository/support/Querydsl.class], URL [jar:file:/Users/yjayaraman/.gradle/caches/modules-2/files-2.1/org.springframework.data/spring-data-jpa/1.9.0.RELEASE/54eb2e41ceba320dcbd67c19e8a50cb9af4160a5/spring-data-jpa-1.9.0.RELEASE.jar!/org/springframework/data/jpa/repository/support/CrudMethodMetadata.class], URL [jar:file:/Users/yjayaraman/.gradle/caches/modules-2/files-2.1/org.springframework.data/spring-data-jpa/1.9.0.RELEASE/54eb2e41ceba320dcbd67c19e8a50cb9af4160a5/spring-data-jpa-1.9.0.RELEASE.jar!/org/springframework/data/jpa/repository/support/CrudMethodMetadataPostProcessor$CrudMethodMetadataPopulatingMethodInterceptor.class], URL [jar:file:/Users/yjayaraman/.gradle/caches/modules-2/files-2.1/org.springframework.data/spring-data-jpa/1.9.0.RELEASE/54eb2e41ceba320dcbd67c19e8a50cb9af4160a5/spring-data-jpa-1.9.0.RELEASE.jar!/org/springframework/data/jpa/repository/support/EntityManagerBeanDefinitionRegistrarPostProcessor.class], URL [jar:file:/Users/yjayaraman/.gradle/caches/modules-2/files-2.1/org.springframework.data/spring-data-jpa/1.9.0.RELEASE/54eb2e41ceba320dcbd67c19e8a50cb9af4160a5/spring-data-jpa-1.9.0.RELEASE.jar!/org/springframework/data/jpa/repository/support/JpaMetamodelEntityInformation$IdentifierDerivingDirectFieldAccessFallbackBeanWrapper.class], URL [jar:file:/Users/yjayaraman/.gradle/caches/modules-2/files-2.1/org.springframework.data/spring-data-jpa/1.9.0.RELEASE/54eb2e41ceba320dcbd67c19e8a50cb9af4160a5/spring-data-jpa-1.9.0.RELEASE.jar!/org/springframework/data/jpa/repository/support/QueryDslJpaRepository.class], URL [jar:file:/Users/yjayaraman/.gradle/caches/modules-2/files-2.1/org.springframework.data/spring-data-jpa/1.9.0.RELEASE/54eb2e41ceba320dcbd67c19e8a50cb9af4160a5/spring-data-jpa-1.9.0.RELEASE.jar!/org/springframework/data/jpa/repository/support/JpaRepositoryFactoryBean.class], URL [jar:file:/Users/yjayaraman/.gradle/caches/modules-2/files-2.1/org.springframework.data/spring-data-jpa/1.9.0.RELEASE/54eb2e41ceba320dcbd67c19e8a50cb9af4160a5/spring-data-jpa-1.9.0.RELEASE.jar!/org/springframework/data/jpa/repository/support/DefaultJpaContext.class], URL [jar:file:/Users/yjayaraman/.gradle/caches/modules-2/files-2.1/org.springframework.data/spring-data-jpa/1.9.0.RELEASE/54eb2e41ceba320dcbd67c19e8a50cb9af4160a5/spring-data-jpa-1.9.0.RELEASE.jar!/org/springframework/data/jpa/repository/support/SimpleJpaRepository$ByIdsSpecification.class], URL [jar:file:/Users/yjayaraman/.gradle/caches/modules-2/files-2.1/org.springframework.data/spring-data-jpa/1.9.0.RELEASE/54eb2e41ceba320dcbd67c19e8a50cb9af4160a5/spring-data-jpa-1.9.0.RELEASE.jar!/org/springframework/data/jpa/repository/Temporal.class], URL [jar:file:/Users/yjayaraman/.gradle/caches/modules-2/files-2.1/org.springframework.data/spring-data-jpa/1.9.0.RELEASE/54eb2e41ceba320dcbd67c19e8a50cb9af4160a5/spring-data-jpa-1.9.0.RELEASE.jar!/org/springframework/data/jpa/domain/JpaSort.class], URL [jar:file:/Users/yjayaraman/.gradle/caches/modules-2/files-2.1/org.springframework.data/spring-data-jpa/1.9.0.RELEASE/54eb2e41ceba320dcbd67c19e8a50cb9af4160a5/spring-data-jpa-1.9.0.RELEASE.jar!/org/springframework/data/jpa/domain/Specification.class], URL [jar:file:/Users/yjayaraman/.gradle/caches/modules-2/files-2.1/org.springframework.data/spring-data-jpa/1.9.0.RELEASE/54eb2e41ceba320dcbd67c19e8a50cb9af4160a5/spring-data-jpa-1.9.0.RELEASE.jar!/org/springframework/data/jpa/domain/JpaSort$1.class], URL [jar:file:/Users/yjayaraman/.gradle/caches/modules-2/files-2.1/org.springframework.data/spring-data-jpa/1.9.0.RELEASE/54eb2e41ceba320dcbd67c19e8a50cb9af4160a5/spring-data-jpa-1.9.0.RELEASE.jar!/org/springframework/data/jpa/domain/Specifications$CompositionType$2.class], URL [jar:file:/Users/yjayaraman/.gradle/caches/modules-2/files-2.1/org.springframework.data/spring-data-jpa/1.9.0.RELEASE/54eb2e41ceba320dcbd67c19e8a50cb9af4160a5/spring-data-jpa-1.9.0.RELEASE.jar!/org/springframework/data/jpa/domain/QAbstractAuditable.class], URL [jar:file:/Users/yjayaraman/.gradle/caches/modules-2/files-2.1/org.springframework.data/spring-data-jpa/1.9.0.RELEASE/54eb2e41ceba320dcbd67c19e8a50cb9af4160a5/spring-data-jpa-1.9.0.RELEASE.jar!/org/springframework/data/jpa/domain/AbstractAuditable.class], URL [jar:file:/Users/yjayaraman/.gradle/caches/modules-2/files-2.1/org.springframework.data/spring-data-jpa/1.9.0.RELEASE/54eb2e41ceba320dcbd67c19e8a50cb9af4160a5/spring-data-jpa-1.9.0.RELEASE.jar!/org/springframework/data/jpa/domain/QAbstractPersistable.class], URL [jar:file:/Users/yjayaraman/.gradle/caches/modules-2/files-2.1/org.springframework.data/spring-data-jpa/1.9.0.RELEASE/54eb2e41ceba320dcbd67c19e8a50cb9af4160a5/spring-data-jpa-1.9.0.RELEASE.jar!/org/springframework/data/jpa/domain/Specifications$CompositionType$1.class], URL [jar:file:/Users/yjayaraman/.gradle/caches/modules-2/files-2.1/org.springframework.data/spring-data-jpa/1.9.0.RELEASE/54eb2e41ceba320dcbd67c19e8a50cb9af4160a5/spring-data-jpa-1.9.0.RELEASE.jar!/org/springframework/data/jpa/domain/Specifications$CompositionType.class], URL [jar:file:/Users/yjayaraman/.gradle/caches/modules-2/files-2.1/org.springframework.data/spring-data-jpa/1.9.0.RELEASE/54eb2e41ceba320dcbd67c19e8a50cb9af4160a5/spring-data-jpa-1.9.0.RELEASE.jar!/org/springframework/data/jpa/domain/Specifications.class], URL [jar:file:/Users/yjayaraman/.gradle/caches/modules-2/files-2.1/org.springframework.data/spring-data-jpa/1.9.0.RELEASE/54eb2e41ceba320dcbd67c19e8a50cb9af4160a5/spring-data-jpa-1.9.0.RELEASE.jar!/org/springframework/data/jpa/domain/Specifications$ComposedSpecification.class], URL [jar:file:/Users/yjayaraman/.gradle/caches/modules-2/files-2.1/org.springframework.data/spring-data-jpa/1.9.0.RELEASE/54eb2e41ceba320dcbd67c19e8a50cb9af4160a5/spring-data-jpa-1.9.0.RELEASE.jar!/org/springframework/data/jpa/domain/AbstractAuditable_.class], URL [jar:file:/Users/yjayaraman/.gradle/caches/modules-2/files-2.1/org.springframework.data/spring-data-jpa/1.9.0.RELEASE/54eb2e41ceba320dcbd67c19e8a50cb9af4160a5/spring-data-jpa-1.9.0.RELEASE.jar!/org/springframework/data/jpa/domain/support/AuditingBeanFactoryPostProcessor.class], URL [jar:file:/Users/yjayaraman/.gradle/caches/modules-2/files-2.1/org.springframework.data/spring-data-jpa/1.9.0.RELEASE/54eb2e41ceba320dcbd67c19e8a50cb9af4160a5/spring-data-jpa-1.9.0.RELEASE.jar!/org/springframework/data/jpa/domain/support/AuditingEntityListener.class], URL [jar:file:/Users/yjayaraman/.gradle/caches/modules-2/files-2.1/org.springframework.data/spring-data-jpa/1.9.0.RELEASE/54eb2e41ceba320dcbd67c19e8a50cb9af4160a5/spring-data-jpa-1.9.0.RELEASE.jar!/org/springframework/data/jpa/domain/Specifications$1.class], URL [jar:file:/Users/yjayaraman/.gradle/caches/modules-2/files-2.1/org.springframework.data/spring-data-jpa/1.9.0.RELEASE/54eb2e41ceba320dcbd67c19e8a50cb9af4160a5/spring-data-jpa-1.9.0.RELEASE.jar!/org/springframework/data/jpa/domain/JpaSort$Path.class], URL [jar:file:/Users/yjayaraman/.gradle/caches/modules-2/files-2.1/org.springframework.data/spring-data-jpa/1.9.0.RELEASE/54eb2e41ceba320dcbd67c19e8a50cb9af4160a5/spring-data-jpa-1.9.0.RELEASE.jar!/org/springframework/data/jpa/domain/AbstractPersistable.class], URL [jar:file:/Users/yjayaraman/.gradle/caches/modules-2/files-2.1/org.springframework.data/spring-data-jpa/1.9.0.RELEASE/54eb2e41ceba320dcbd67c19e8a50cb9af4160a5/spring-data-jpa-1.9.0.RELEASE.jar!/org/springframework/data/jpa/domain/Specifications$NegatedSpecification.class], URL [jar:file:/Users/yjayaraman/.gradle/caches/modules-2/files-2.1/org.springframework.data/spring-data-jpa/1.9.0.RELEASE/54eb2e41ceba320dcbd67c19e8a50cb9af4160a5/spring-data-jpa-1.9.0.RELEASE.jar!/org/springframework/data/jpa/domain/AbstractPersistable_.class], URL [jar:file:/Users/yjayaraman/.gradle/caches/modules-2/files-2.1/org.springframework.data/spring-data-jpa/1.9.0.RELEASE/54eb2e41ceba320dcbd67c19e8a50cb9af4160a5/spring-data-jpa-1.9.0.RELEASE.jar!/org/springframework/data/jpa/provider/PersistenceProvider$4.class], URL [jar:file:/Users/yjayaraman/.gradle/caches/modules-2/files-2.1/org.springframework.data/spring-data-jpa/1.9.0.RELEASE/54eb2e41ceba320dcbd67c19e8a50cb9af4160a5/spring-data-jpa-1.9.0.RELEASE.jar!/org/springframework/data/jpa/provider/PersistenceProvider$EclipseLinkScrollableResultsIterator.class], URL [jar:file:/Users/yjayaraman/.gradle/caches/modules-2/files-2.1/org.springframework.data/spring-data-jpa/1.9.0.RELEASE/54eb2e41ceba320dcbd67c19e8a50cb9af4160a5/spring-data-jpa-1.9.0.RELEASE.jar!/org/springframework/data/jpa/provider/PersistenceProvider$3.class], URL [jar:file:/Users/yjayaraman/.gradle/caches/modules-2/files-2.1/org.springframework.data/spring-data-jpa/1.9.0.RELEASE/54eb2e41ceba320dcbd67c19e8a50cb9af4160a5/spring-data-jpa-1.9.0.RELEASE.jar!/org/springframework/data/jpa/provider/QueryExtractor.class], URL [jar:file:/Users/yjayaraman/.gradle/caches/modules-2/files-2.1/org.springframework.data/spring-data-jpa/1.9.0.RELEASE/54eb2e41ceba320dcbd67c19e8a50cb9af4160a5/spring-data-jpa-1.9.0.RELEASE.jar!/org/springframework/data/jpa/provider/PersistenceProvider.class], URL [jar:file:/Users/yjayaraman/.gradle/caches/modules-2/files-2.1/org.springframework.data/spring-data-jpa/1.9.0.RELEASE/54eb2e41ceba320dcbd67c19e8a50cb9af4160a5/spring-data-jpa-1.9.0.RELEASE.jar!/org/springframework/data/jpa/provider/PersistenceProvider$1.class], URL [jar:file:/Users/yjayaraman/.gradle/caches/modules-2/files-2.1/org.springframework.data/spring-data-jpa/1.9.0.RELEASE/54eb2e41ceba320dcbd67c19e8a50cb9af4160a5/spring-data-jpa-1.9.0.RELEASE.jar!/org/springframework/data/jpa/provider/PersistenceProvider$2.class], URL [jar:file:/Users/yjayaraman/.gradle/caches/modules-2/files-2.1/org.springframework.data/spring-data-jpa/1.9.0.RELEASE/54eb2e41ceba320dcbd67c19e8a50cb9af4160a5/spring-data-jpa-1.9.0.RELEASE.jar!/org/springframework/data/jpa/provider/JpaClassUtils.class], URL [jar:file:/Users/yjayaraman/.gradle/caches/modules-2/files-2.1/org.springframework.data/spring-data-jpa/1.9.0.RELEASE/54eb2e41ceba320dcbd67c19e8a50cb9af4160a5/spring-data-jpa-1.9.0.RELEASE.jar!/org/springframework/data/jpa/provider/PersistenceProvider$HibernateScrollableResultsIterator.class], URL [jar:file:/Users/yjayaraman/.gradle/caches/modules-2/files-2.1/org.springframework.data/spring-data-jpa/1.9.0.RELEASE/54eb2e41ceba320dcbd67c19e8a50cb9af4160a5/spring-data-jpa-1.9.0.RELEASE.jar!/org/springframework/data/jpa/provider/PersistenceProvider$OpenJpaResultStreamingIterator.class], URL [jar:file:/Users/yjayaraman/.gradle/caches/modules-2/files-2.1/org.springframework.data/spring-data-jpa/1.9.0.RELEASE/54eb2e41ceba320dcbd67c19e8a50cb9af4160a5/spring-data-jpa-1.9.0.RELEASE.jar!/org/springframework/data/jpa/provider/PersistenceProvider$Constants.class], URL [jar:file:/Users/yjayaraman/.gradle/caches/modules-2/files-2.1/org.springframework.data/spring-data-jpa/1.9.0.RELEASE/54eb2e41ceba320dcbd67c19e8a50cb9af4160a5/spring-data-jpa-1.9.0.RELEASE.jar!/org/springframework/data/jpa/provider/ProxyIdAccessor.class], URL [jar:file:/Users/yjayaraman/.gradle/caches/modules-2/files-2.1/org.springframework.data/spring-data-jpa/1.9.0.RELEASE/54eb2e41ceba320dcbd67c19e8a50cb9af4160a5/spring-data-jpa-1.9.0.RELEASE.jar!/org/springframework/data/jpa/support/ClasspathScanningPersistenceUnitPostProcessor.class], URL [jar:file:/Users/yjayaraman/.gradle/caches/modules-2/files-2.1/org.springframework.data/spring-data-jpa/1.9.0.RELEASE/54eb2e41ceba320dcbd67c19e8a50cb9af4160a5/spring-data-jpa-1.9.0.RELEASE.jar!/org/springframework/data/jpa/support/MergingPersistenceUnitManager.class], URL [jar:file:/Users/yjayaraman/.gradle/caches/modules-2/files-2.1/org.springframework.data/spring-data-rest-core/2.4.0.RELEASE/523750a61feff856001699359e6375f9253b469a/spring-data-rest-core-2.4.0.RELEASE.jar!/org/springframework/data/rest/core/mapping/ResourceMapping.class], URL [jar:file:/Users/yjayaraman/.gradle/caches/modules-2/files-2.1/org.springframework.data/spring-data-rest-core/2.4.0.RELEASE/523750a61feff856001699359e6375f9253b469a/spring-data-rest-core-2.4.0.RELEASE.jar!/org/springframework/data/rest/core/mapping/ResolvableResourceDescriptionSupport.class], URL [jar:file:/Users/yjayaraman/.gradle/caches/modules-2/files-2.1/org.springframework.data/spring-data-rest-core/2.4.0.RELEASE/523750a61feff856001699359e6375f9253b469a/spring-data-rest-core-2.4.0.RELEASE.jar!/org/springframework/data/rest/core/mapping/ResourceType.class], URL [jar:file:/Users/yjayaraman/.gradle/caches/modules-2/files-2.1/org.springframework.data/spring-data-rest-core/2.4.0.RELEASE/523750a61feff856001699359e6375f9253b469a/spring-data-rest-core-2.4.0.RELEASE.jar!/org/springframework/data/rest/core/mapping/TypedResourceDescription.class], URL [jar:file:/Users/yjayaraman/.gradle/caches/modules-2/files-2.1/org.springframework.data/spring-data-rest-core/2.4.0.RELEASE/523750a61feff856001699359e6375f9253b469a/spring-data-rest-core-2.4.0.RELEASE.jar!/org/springframework/data/rest/core/mapping/AnnotationBasedResourceDescription.class], URL [jar:file:/Users/yjayaraman/.gradle/caches/modules-2/files-2.1/org.springframework.data/spring-data-rest-core/2.4.0.RELEASE/523750a61feff856001699359e6375f9253b469a/spring-data-rest-core-2.4.0.RELEASE.jar!/org/springframework/data/rest/core/mapping/CrudMethodsSupportedHttpMethods$ExposureAwareCrudMethods.class], URL [jar:file:/Users/yjayaraman/.gradle/caches/modules-2/files-2.1/org.springframework.data/spring-data-rest-core/2.4.0.RELEASE/523750a61feff856001699359e6375f9253b469a/spring-data-rest-core-2.4.0.RELEASE.jar!/org/springframework/data/rest/core/mapping/ParameterMetadata.class], URL [jar:file:/Users/yjayaraman/.gradle/caches/modules-2/files-2.1/org.springframework.data/spring-data-rest-core/2.4.0.RELEASE/523750a61feff856001699359e6375f9253b469a/spring-data-rest-core-2.4.0.RELEASE.jar!/org/springframework/data/rest/core/mapping/SupportedHttpMethods.class], URL [jar:file:/Users/yjayaraman/.gradle/caches/modules-2/files-2.1/org.springframework.data/spring-data-rest-core/2.4.0.RELEASE/523750a61feff856001699359e6375f9253b469a/spring-data-rest-core-2.4.0.RELEASE.jar!/org/springframework/data/rest/core/mapping/RepositoryAwareResourceMetadata.class], URL [jar:file:/Users/yjayaraman/.gradle/caches/modules-2/files-2.1/org.springframework.data/spring-data-rest-core/2.4.0.RELEASE/523750a61feff856001699359e6375f9253b469a/spring-data-rest-core-2.4.0.RELEASE.jar!/org/springframework/data/rest/core/mapping/RepositoryMethodResourceMapping.class], URL [jar:file:/Users/yjayaraman/.gradle/caches/modules-2/files-2.1/org.springframework.data/spring-data-rest-core/2.4.0.RELEASE/523750a61feff856001699359e6375f9253b469a/spring-data-rest-core-2.4.0.RELEASE.jar!/org/springframework/data/rest/core/mapping/CrudMethodsSupportedHttpMethods$1.class], URL [jar:file:/Users/yjayaraman/.gradle/caches/modules-2/files-2.1/org.springframework.data/spring-data-rest-core/2.4.0.RELEASE/523750a61feff856001699359e6375f9253b469a/spring-data-rest-core-2.4.0.RELEASE.jar!/org/springframework/data/rest/core/mapping/RepositoryCollectionResourceMapping.class], URL [jar:file:/Users/yjayaraman/.gradle/caches/modules-2/files-2.1/org.springframework.data/spring-data-rest-core/2.4.0.RELEASE/523750a61feff856001699359e6375f9253b469a/spring-data-rest-core-2.4.0.RELEASE.jar!/org/springframework/data/rest/core/mapping/MappingResourceMetadata.class], URL [jar:file:/Users/yjayaraman/.gradle/caches/modules-2/files-2.1/org.springframework.data/spring-data-rest-core/2.4.0.RELEASE/523750a61feff856001699359e6375f9253b469a/spring-data-rest-core-2.4.0.RELEASE.jar!/org/springframework/data/rest/core/mapping/ResourceMetadata.class], URL [jar:file:/Users/yjayaraman/.gradle/caches/modules-2/files-2.1/org.springframework.data/spring-data-rest-core/2.4.0.RELEASE/523750a61feff856001699359e6375f9253b469a/spring-data-rest-core-2.4.0.RELEASE.jar!/org/springframework/data/rest/core/mapping/ResourceMappings.class], URL [jar:file:/Users/yjayaraman/.gradle/caches/modules-2/files-2.1/org.springframework.data/spring-data-rest-core/2.4.0.RELEASE/523750a61feff856001699359e6375f9253b469a/spring-data-rest-core-2.4.0.RELEASE.jar!/org/springframework/data/rest/core/mapping/MappingResourceMetadata$PropertyMappings.class], URL [jar:file:/Users/yjayaraman/.gradle/caches/modules-2/files-2.1/org.springframework.data/spring-data-rest-core/2.4.0.RELEASE/523750a61feff856001699359e6375f9253b469a/spring-data-rest-core-2.4.0.RELEASE.jar!/org/springframework/data/rest/core/mapping/PersistentPropertyResourceMapping.class], URL [jar:file:/Users/yjayaraman/.gradle/caches/modules-2/files-2.1/org.springframework.data/spring-data-rest-core/2.4.0.RELEASE/523750a61feff856001699359e6375f9253b469a/spring-data-rest-core-2.4.0.RELEASE.jar!/org/springframework/data/rest/core/mapping/MethodResourceMapping.class], URL [jar:file:/Users/yjayaraman/.gradle/caches/modules-2/files-2.1/org.springframework.data/spring-data-rest-core/2.4.0.RELEASE/523750a61feff856001699359e6375f9253b469a/spring-data-rest-core-2.4.0.RELEASE.jar!/org/springframework/data/rest/core/mapping/CollectionResourceMapping.class], URL [jar:file:/Users/yjayaraman/.gradle/caches/modules-2/files-2.1/org.springframework.data/spring-data-rest-core/2.4.0.RELEASE/523750a61feff856001699359e6375f9253b469a/spring-data-rest-core-2.4.0.RELEASE.jar!/org/springframework/data/rest/core/mapping/CrudMethodsSupportedHttpMethods.class], URL [jar:file:/Users/yjayaraman/.gradle/caches/modules-2/files-2.1/org.springframework.data/spring-data-rest-core/2.4.0.RELEASE/523750a61feff856001699359e6375f9253b469a/spring-data-rest-core-2.4.0.RELEASE.jar!/org/springframework/data/rest/core/mapping/TypeBasedCollectionResourceMapping.class], URL [jar:file:/Users/yjayaraman/.gradle/caches/modules-2/files-2.1/org.springframework.data/spring-data-rest-core/2.4.0.RELEASE/523750a61feff856001699359e6375f9253b469a/spring-data-rest-core-2.4.0.RELEASE.jar!/org/springframework/data/rest/core/mapping/ParametersMetadata.class], URL [jar:file:/Users/yjayaraman/.gradle/caches/modules-2/files-2.1/org.springframework.data/spring-data-rest-core/2.4.0.RELEASE/523750a61feff856001699359e6375f9253b469a/spring-data-rest-core-2.4.0.RELEASE.jar!/org/springframework/data/rest/core/mapping/ResourceDescription.class], URL [jar:file:/Users/yjayaraman/.gradle/caches/modules-2/files-2.1/org.springframework.data/spring-data-rest-core/2.4.0.RELEASE/523750a61feff856001699359e6375f9253b469a/spring-data-rest-core-2.4.0.RELEASE.jar!/org/springframework/data/rest/core/mapping/PropertyAwareResourceMapping.class], URL [jar:file:/Users/yjayaraman/.gradle/caches/modules-2/files-2.1/org.springframework.data/spring-data-rest-core/2.4.0.RELEASE/523750a61feff856001699359e6375f9253b469a/spring-data-rest-core-2.4.0.RELEASE.jar!/org/springframework/data/rest/core/mapping/RepositoryResourceMappings.class], URL [jar:file:/Users/yjayaraman/.gradle/caches/modules-2/files-2.1/org.springframework.data/spring-data-rest-core/2.4.0.RELEASE/523750a61feff856001699359e6375f9253b469a/spring-data-rest-core-2.4.0.RELEASE.jar!/org/springframework/data/rest/core/mapping/SupportedHttpMethods$NoSupportedMethods.class], URL [jar:file:/Users/yjayaraman/.gradle/caches/modules-2/files-2.1/org.springframework.data/spring-data-rest-core/2.4.0.RELEASE/523750a61feff856001699359e6375f9253b469a/spring-data-rest-core-2.4.0.RELEASE.jar!/org/springframework/data/rest/core/mapping/PersistentEntitiesResourceMappings.class], URL [jar:file:/Users/yjayaraman/.gradle/caches/modules-2/files-2.1/org.springframework.data/spring-data-rest-core/2.4.0.RELEASE/523750a61feff856001699359e6375f9253b469a/spring-data-rest-core-2.4.0.RELEASE.jar!/org/springframework/data/rest/core/mapping/SimpleResourceDescription.class], URL [jar:file:/Users/yjayaraman/.gradle/caches/modules-2/files-2.1/org.springframework.data/spring-data-rest-core/2.4.0.RELEASE/523750a61feff856001699359e6375f9253b469a/spring-data-rest-core-2.4.0.RELEASE.jar!/org/springframework/data/rest/core/mapping/CrudMethodsSupportedHttpMethods$DefaultExposureAwareCrudMethods.class], URL [jar:file:/Users/yjayaraman/.gradle/caches/modules-2/files-2.1/org.springframework.data/spring-data-rest-core/2.4.0.RELEASE/523750a61feff856001699359e6375f9253b469a/spring-data-rest-core-2.4.0.RELEASE.jar!/org/springframework/data/rest/core/mapping/EvoInflectorTypeBasedCollectionResourceMapping.class], URL [jar:file:/Users/yjayaraman/.gradle/caches/modules-2/files-2.1/org.springframework.data/spring-data-rest-core/2.4.0.RELEASE/523750a61feff856001699359e6375f9253b469a/spring-data-rest-core-2.4.0.RELEASE.jar!/org/springframework/data/rest/core/mapping/SearchResourceMappings.class], URL [jar:file:/Users/yjayaraman/.gradle/caches/modules-2/files-2.1/org.springframework.data/spring-data-rest-core/2.4.0.RELEASE/523750a61feff856001699359e6375f9253b469a/spring-data-rest-core-2.4.0.RELEASE.jar!/org/springframework/data/rest/core/Path.class], URL [jar:file:/Users/yjayaraman/.gradle/caches/modules-2/files-2.1/org.springframework.data/spring-data-rest-core/2.4.0.RELEASE/523750a61feff856001699359e6375f9253b469a/spring-data-rest-core-2.4.0.RELEASE.jar!/org/springframework/data/rest/core/util/Methods$1.class], URL [jar:file:/Users/yjayaraman/.gradle/caches/modules-2/files-2.1/org.springframework.data/spring-data-rest-core/2.4.0.RELEASE/523750a61feff856001699359e6375f9253b469a/spring-data-rest-core-2.4.0.RELEASE.jar!/org/springframework/data/rest/core/util/Methods.class], URL [jar:file:/Users/yjayaraman/.gradle/caches/modules-2/files-2.1/org.springframework.data/spring-data-rest-core/2.4.0.RELEASE/523750a61feff856001699359e6375f9253b469a/spring-data-rest-core-2.4.0.RELEASE.jar!/org/springframework/data/rest/core/util/Function.class], URL [jar:file:/Users/yjayaraman/.gradle/caches/modules-2/files-2.1/org.springframework.data/spring-data-rest-core/2.4.0.RELEASE/523750a61feff856001699359e6375f9253b469a/spring-data-rest-core-2.4.0.RELEASE.jar!/org/springframework/data/rest/core/util/MapUtils.class], URL [jar:file:/Users/yjayaraman/.gradle/caches/modules-2/files-2.1/org.springframework.data/spring-data-rest-core/2.4.0.RELEASE/523750a61feff856001699359e6375f9253b469a/spring-data-rest-core-2.4.0.RELEASE.jar!/org/springframework/data/rest/core/annotation/RepositoryRestResource.class], URL [jar:file:/Users/yjayaraman/.gradle/caches/modules-2/files-2.1/org.springframework.data/spring-data-rest-core/2.4.0.RELEASE/523750a61feff856001699359e6375f9253b469a/spring-data-rest-core-2.4.0.RELEASE.jar!/org/springframework/data/rest/core/annotation/RepositoryRestResource$None.class], URL [jar:file:/Users/yjayaraman/.gradle/caches/modules-2/files-2.1/org.springframework.data/spring-data-rest-core/2.4.0.RELEASE/523750a61feff856001699359e6375f9253b469a/spring-data-rest-core-2.4.0.RELEASE.jar!/org/springframework/data/rest/core/annotation/HandleBeforeLinkDelete.class], URL [jar:file:/Users/yjayaraman/.gradle/caches/modules-2/files-2.1/org.springframework.data/spring-data-rest-core/2.4.0.RELEASE/523750a61feff856001699359e6375f9253b469a/spring-data-rest-core-2.4.0.RELEASE.jar!/org/springframework/data/rest/core/annotation/HandleAfterDelete.class], URL [jar:file:/Users/yjayaraman/.gradle/caches/modules-2/files-2.1/org.springframework.data/spring-data-rest-core/2.4.0.RELEASE/523750a61feff856001699359e6375f9253b469a/spring-data-rest-core-2.4.0.RELEASE.jar!/org/springframework/data/rest/core/annotation/HandleBeforeCreate.class], URL [jar:file:/Users/yjayaraman/.gradle/caches/modules-2/files-2.1/org.springframework.data/spring-data-rest-core/2.4.0.RELEASE/523750a61feff856001699359e6375f9253b469a/spring-data-rest-core-2.4.0.RELEASE.jar!/org/springframework/data/rest/core/annotation/HandleBeforeSave.class], URL [jar:file:/Users/yjayaraman/.gradle/caches/modules-2/files-2.1/org.springframework.data/spring-data-rest-core/2.4.0.RELEASE/523750a61feff856001699359e6375f9253b469a/spring-data-rest-core-2.4.0.RELEASE.jar!/org/springframework/data/rest/core/annotation/RepositoryEventHandler.class], URL [jar:file:/Users/yjayaraman/.gradle/caches/modules-2/files-2.1/org.springframework.data/spring-data-rest-core/2.4.0.RELEASE/523750a61feff856001699359e6375f9253b469a/spring-data-rest-core-2.4.0.RELEASE.jar!/org/springframework/data/rest/core/annotation/HandleBeforeLinkSave.class], URL [jar:file:/Users/yjayaraman/.gradle/caches/modules-2/files-2.1/org.springframework.data/spring-data-rest-core/2.4.0.RELEASE/523750a61feff856001699359e6375f9253b469a/spring-data-rest-core-2.4.0.RELEASE.jar!/org/springframework/data/rest/core/annotation/HandleAfterLinkDelete.class], URL [jar:file:/Users/yjayaraman/.gradle/caches/modules-2/files-2.1/org.springframework.data/spring-data-rest-core/2.4.0.RELEASE/523750a61feff856001699359e6375f9253b469a/spring-data-rest-core-2.4.0.RELEASE.jar!/org/springframework/data/rest/core/annotation/HandleAfterLinkSave.class], URL [jar:file:/Users/yjayaraman/.gradle/caches/modules-2/files-2.1/org.springframework.data/spring-data-rest-core/2.4.0.RELEASE/523750a61feff856001699359e6375f9253b469a/spring-data-rest-core-2.4.0.RELEASE.jar!/org/springframework/data/rest/core/annotation/RestResource.class], URL [jar:file:/Users/yjayaraman/.gradle/caches/modules-2/files-2.1/org.springframework.data/spring-data-rest-core/2.4.0.RELEASE/523750a61feff856001699359e6375f9253b469a/spring-data-rest-core-2.4.0.RELEASE.jar!/org/springframework/data/rest/core/annotation/HandleAfterCreate.class], URL [jar:file:/Users/yjayaraman/.gradle/caches/modules-2/files-2.1/org.springframework.data/spring-data-rest-core/2.4.0.RELEASE/523750a61feff856001699359e6375f9253b469a/spring-data-rest-core-2.4.0.RELEASE.jar!/org/springframework/data/rest/core/annotation/Description.class], URL [jar:file:/Users/yjayaraman/.gradle/caches/modules-2/files-2.1/org.springframework.data/spring-data-rest-core/2.4.0.RELEASE/523750a61feff856001699359e6375f9253b469a/spring-data-rest-core-2.4.0.RELEASE.jar!/org/springframework/data/rest/core/annotation/HandleAfterSave.class], URL [jar:file:/Users/yjayaraman/.gradle/caches/modules-2/files-2.1/org.springframework.data/spring-data-rest-core/2.4.0.RELEASE/523750a61feff856001699359e6375f9253b469a/spring-data-rest-core-2.4.0.RELEASE.jar!/org/springframework/data/rest/core/annotation/HandleBeforeDelete.class], URL [jar:file:/Users/yjayaraman/.gradle/caches/modules-2/files-2.1/org.springframework.data/spring-data-rest-core/2.4.0.RELEASE/523750a61feff856001699359e6375f9253b469a/spring-data-rest-core-2.4.0.RELEASE.jar!/org/springframework/data/rest/core/UriToEntityConverter.class], URL [jar:file:/Users/yjayaraman/.gradle/caches/modules-2/files-2.1/org.springframework.data/spring-data-rest-core/2.4.0.RELEASE/523750a61feff856001699359e6375f9253b469a/spring-data-rest-core-2.4.0.RELEASE.jar!/org/springframework/data/rest/core/config/ResourceMapping.class], URL [jar:file:/Users/yjayaraman/.gradle/caches/modules-2/files-2.1/org.springframework.data/spring-data-rest-core/2.4.0.RELEASE/523750a61feff856001699359e6375f9253b469a/spring-data-rest-core-2.4.0.RELEASE.jar!/org/springframework/data/rest/core/config/EnumTranslationConfiguration.class], URL [jar:file:/Users/yjayaraman/.gradle/caches/modules-2/files-2.1/org.springframework.data/spring-data-rest-core/2.4.0.RELEASE/523750a61feff856001699359e6375f9253b469a/spring-data-rest-core-2.4.0.RELEASE.jar!/org/springframework/data/rest/core/config/ResourceMappingConfiguration.class], URL [jar:file:/Users/yjayaraman/.gradle/caches/modules-2/files-2.1/org.springframework.data/spring-data-rest-core/2.4.0.RELEASE/523750a61feff856001699359e6375f9253b469a/spring-data-rest-core-2.4.0.RELEASE.jar!/org/springframework/data/rest/core/config/ProjectionDefinitionConfiguration$ProjectionDefinitionKey.class], URL [jar:file:/Users/yjayaraman/.gradle/caches/modules-2/files-2.1/org.springframework.data/spring-data-rest-core/2.4.0.RELEASE/523750a61feff856001699359e6375f9253b469a/spring-data-rest-core-2.4.0.RELEASE.jar!/org/springframework/data/rest/core/config/JsonSchemaFormat.class], URL [jar:file:/Users/yjayaraman/.gradle/caches/modules-2/files-2.1/org.springframework.data/spring-data-rest-core/2.4.0.RELEASE/523750a61feff856001699359e6375f9253b469a/spring-data-rest-core-2.4.0.RELEASE.jar!/org/springframework/data/rest/core/config/RepositoryRestConfiguration.class], URL [jar:file:/Users/yjayaraman/.gradle/caches/modules-2/files-2.1/org.springframework.data/spring-data-rest-core/2.4.0.RELEASE/523750a61feff856001699359e6375f9253b469a/spring-data-rest-core-2.4.0.RELEASE.jar!/org/springframework/data/rest/core/config/ProjectionDefinitionConfiguration.class], URL [jar:file:/Users/yjayaraman/.gradle/caches/modules-2/files-2.1/org.springframework.data/spring-data-rest-core/2.4.0.RELEASE/523750a61feff856001699359e6375f9253b469a/spring-data-rest-core-2.4.0.RELEASE.jar!/org/springframework/data/rest/core/config/MetadataConfiguration.class], URL [jar:file:/Users/yjayaraman/.gradle/caches/modules-2/files-2.1/org.springframework.data/spring-data-rest-core/2.4.0.RELEASE/523750a61feff856001699359e6375f9253b469a/spring-data-rest-core-2.4.0.RELEASE.jar!/org/springframework/data/rest/core/config/Projection.class], URL [jar:file:/Users/yjayaraman/.gradle/caches/modules-2/files-2.1/org.springframework.data/spring-data-rest-core/2.4.0.RELEASE/523750a61feff856001699359e6375f9253b469a/spring-data-rest-core-2.4.0.RELEASE.jar!/org/springframework/data/rest/core/support/DomainObjectMerger.class], URL [jar:file:/Users/yjayaraman/.gradle/caches/modules-2/files-2.1/org.springframework.data/spring-data-rest-core/2.4.0.RELEASE/523750a61feff856001699359e6375f9253b469a/spring-data-rest-core-2.4.0.RELEASE.jar!/org/springframework/data/rest/core/support/UnwrappingRepositoryInvokerFactory$2.class], URL [jar:file:/Users/yjayaraman/.gradle/caches/modules-2/files-2.1/org.springframework.data/spring-data-rest-core/2.4.0.RELEASE/523750a61feff856001699359e6375f9253b469a/spring-data-rest-core-2.4.0.RELEASE.jar!/org/springframework/data/rest/core/support/ResourceStringUtils.class], URL [jar:file:/Users/yjayaraman/.gradle/caches/modules-2/files-2.1/org.springframework.data/spring-data-rest-core/2.4.0.RELEASE/523750a61feff856001699359e6375f9253b469a/spring-data-rest-core-2.4.0.RELEASE.jar!/org/springframework/data/rest/core/support/DomainObjectMerger$1.class], URL [jar:file:/Users/yjayaraman/.gradle/caches/modules-2/files-2.1/org.springframework.data/spring-data-rest-core/2.4.0.RELEASE/523750a61feff856001699359e6375f9253b469a/spring-data-rest-core-2.4.0.RELEASE.jar!/org/springframework/data/rest/core/support/RepositoryRelProvider.class], URL [jar:file:/Users/yjayaraman/.gradle/caches/modules-2/files-2.1/org.springframework.data/spring-data-rest-core/2.4.0.RELEASE/523750a61feff856001699359e6375f9253b469a/spring-data-rest-core-2.4.0.RELEASE.jar!/org/springframework/data/rest/core/support/UnwrappingRepositoryInvokerFactory.class], URL [jar:file:/Users/yjayaraman/.gradle/caches/modules-2/files-2.1/org.springframework.data/spring-data-rest-core/2.4.0.RELEASE/523750a61feff856001699359e6375f9253b469a/spring-data-rest-core-2.4.0.RELEASE.jar!/org/springframework/data/rest/core/support/UnwrappingRepositoryInvokerFactory$1.class], URL [jar:file:/Users/yjayaraman/.gradle/caches/modules-2/files-2.1/org.springframework.data/spring-data-rest-core/2.4.0.RELEASE/523750a61feff856001699359e6375f9253b469a/spring-data-rest-core-2.4.0.RELEASE.jar!/org/springframework/data/rest/core/support/DomainObjectMerger$NullHandlingPolicy.class], URL [jar:file:/Users/yjayaraman/.gradle/caches/modules-2/files-2.1/org.springframework.data/spring-data-rest-core/2.4.0.RELEASE/523750a61feff856001699359e6375f9253b469a/spring-data-rest-core-2.4.0.RELEASE.jar!/org/springframework/data/rest/core/support/UnwrappingRepositoryInvokerFactory$UnwrappingRepositoryInvoker.class], URL [jar:file:/Users/yjayaraman/.gradle/caches/modules-2/files-2.1/org.springframework.data/spring-data-rest-core/2.4.0.RELEASE/523750a61feff856001699359e6375f9253b469a/spring-data-rest-core-2.4.0.RELEASE.jar!/org/springframework/data/rest/core/support/SimpleRelProvider.class], URL [jar:file:/Users/yjayaraman/.gradle/caches/modules-2/files-2.1/org.springframework.data/spring-data-rest-core/2.4.0.RELEASE/523750a61feff856001699359e6375f9253b469a/spring-data-rest-core-2.4.0.RELEASE.jar!/org/springframework/data/rest/core/support/ResourceMappingUtils.class], URL [jar:file:/Users/yjayaraman/.gradle/caches/modules-2/files-2.1/org.springframework.data/spring-data-rest-core/2.4.0.RELEASE/523750a61feff856001699359e6375f9253b469a/spring-data-rest-core-2.4.0.RELEASE.jar!/org/springframework/data/rest/core/support/DomainObjectMerger$2.class], URL [jar:file:/Users/yjayaraman/.gradle/caches/modules-2/files-2.1/org.springframework.data/spring-data-rest-core/2.4.0.RELEASE/523750a61feff856001699359e6375f9253b469a/spring-data-rest-core-2.4.0.RELEASE.jar!/org/springframework/data/rest/core/ValidationErrors.class], URL [jar:file:/Users/yjayaraman/.gradle/caches/modules-2/files-2.1/org.springframework.data/spring-data-rest-core/2.4.0.RELEASE/523750a61feff856001699359e6375f9253b469a/spring-data-rest-core-2.4.0.RELEASE.jar!/org/springframework/data/rest/core/projection/ProjectionDefinitions.class], URL [jar:file:/Users/yjayaraman/.gradle/caches/modules-2/files-2.1/org.springframework.data/spring-data-rest-core/2.4.0.RELEASE/523750a61feff856001699359e6375f9253b469a/spring-data-rest-core-2.4.0.RELEASE.jar!/org/springframework/data/rest/core/RepositoryConstraintViolationException.class], URL [jar:file:/Users/yjayaraman/.gradle/caches/modules-2/files-2.1/org.springframework.data/spring-data-rest-core/2.4.0.RELEASE/523750a61feff856001699359e6375f9253b469a/spring-data-rest-core-2.4.0.RELEASE.jar!/org/springframework/data/rest/core/event/BeforeCreateEvent.class], URL [jar:file:/Users/yjayaraman/.gradle/caches/modules-2/files-2.1/org.springframework.data/spring-data-rest-core/2.4.0.RELEASE/523750a61feff856001699359e6375f9253b469a/spring-data-rest-core-2.4.0.RELEASE.jar!/org/springframework/data/rest/core/event/AfterSaveEvent.class], URL [jar:file:/Users/yjayaraman/.gradle/caches/modules-2/files-2.1/org.springframework.data/spring-data-rest-core/2.4.0.RELEASE/523750a61feff856001699359e6375f9253b469a/spring-data-rest-core-2.4.0.RELEASE.jar!/org/springframework/data/rest/core/event/BeforeSaveEvent.class], URL [jar:file:/Users/yjayaraman/.gradle/caches/modules-2/files-2.1/org.springframework.data/spring-data-rest-core/2.4.0.RELEASE/523750a61feff856001699359e6375f9253b469a/spring-data-rest-core-2.4.0.RELEASE.jar!/org/springframework/data/rest/core/event/AnnotatedEventHandlerInvoker$EventHandlerMethod.class], URL [jar:file:/Users/yjayaraman/.gradle/caches/modules-2/files-2.1/org.springframework.data/spring-data-rest-core/2.4.0.RELEASE/523750a61feff856001699359e6375f9253b469a/spring-data-rest-core-2.4.0.RELEASE.jar!/org/springframework/data/rest/core/event/RepositoryEvent.class], URL [jar:file:/Users/yjayaraman/.gradle/caches/modules-2/files-2.1/org.springframework.data/spring-data-rest-core/2.4.0.RELEASE/523750a61feff856001699359e6375f9253b469a/spring-data-rest-core-2.4.0.RELEASE.jar!/org/springframework/data/rest/core/event/LinkedEntityEvent.class], URL [jar:file:/Users/yjayaraman/.gradle/caches/modules-2/files-2.1/org.springframework.data/spring-data-rest-core/2.4.0.RELEASE/523750a61feff856001699359e6375f9253b469a/spring-data-rest-core-2.4.0.RELEASE.jar!/org/springframework/data/rest/core/event/AnnotatedEventHandlerInvoker.class], URL [jar:file:/Users/yjayaraman/.gradle/caches/modules-2/files-2.1/org.springframework.data/spring-data-rest-core/2.4.0.RELEASE/523750a61feff856001699359e6375f9253b469a/spring-data-rest-core-2.4.0.RELEASE.jar!/org/springframework/data/rest/core/event/AbstractRepositoryEventListener.class], URL [jar:file:/Users/yjayaraman/.gradle/caches/modules-2/files-2.1/org.springframework.data/spring-data-rest-core/2.4.0.RELEASE/523750a61feff856001699359e6375f9253b469a/spring-data-rest-core-2.4.0.RELEASE.jar!/org/springframework/data/rest/core/event/AfterDeleteEvent.class], URL [jar:file:/Users/yjayaraman/.gradle/caches/modules-2/files-2.1/org.springframework.data/spring-data-rest-core/2.4.0.RELEASE/523750a61feff856001699359e6375f9253b469a/spring-data-rest-core-2.4.0.RELEASE.jar!/org/springframework/data/rest/core/event/AfterLinkDeleteEvent.class], URL [jar:file:/Users/yjayaraman/.gradle/caches/modules-2/files-2.1/org.springframework.data/spring-data-rest-core/2.4.0.RELEASE/523750a61feff856001699359e6375f9253b469a/spring-data-rest-core-2.4.0.RELEASE.jar!/org/springframework/data/rest/core/event/ValidatingRepositoryEventListener.class], URL [jar:file:/Users/yjayaraman/.gradle/caches/modules-2/files-2.1/org.springframework.data/spring-data-rest-core/2.4.0.RELEASE/523750a61feff856001699359e6375f9253b469a/spring-data-rest-core-2.4.0.RELEASE.jar!/org/springframework/data/rest/core/event/AnnotatedEventHandlerInvoker$1.class], URL [jar:file:/Users/yjayaraman/.gradle/caches/modules-2/files-2.1/org.springframework.data/spring-data-rest-core/2.4.0.RELEASE/523750a61feff856001699359e6375f9253b469a/spring-data-rest-core-2.4.0.RELEASE.jar!/org/springframework/data/rest/core/event/AfterLinkSaveEvent.class], URL [jar:file:/Users/yjayaraman/.gradle/caches/modules-2/files-2.1/org.springframework.data/spring-data-rest-core/2.4.0.RELEASE/523750a61feff856001699359e6375f9253b469a/spring-data-rest-core-2.4.0.RELEASE.jar!/org/springframework/data/rest/core/event/AfterCreateEvent.class], URL [jar:file:/Users/yjayaraman/.gradle/caches/modules-2/files-2.1/org.springframework.data/spring-data-rest-core/2.4.0.RELEASE/523750a61feff856001699359e6375f9253b469a/spring-data-rest-core-2.4.0.RELEASE.jar!/org/springframework/data/rest/core/event/BeforeLinkDeleteEvent.class], URL [jar:file:/Users/yjayaraman/.gradle/caches/modules-2/files-2.1/org.springframework.data/spring-data-rest-core/2.4.0.RELEASE/523750a61feff856001699359e6375f9253b469a/spring-data-rest-core-2.4.0.RELEASE.jar!/org/springframework/data/rest/core/event/ExceptionEvent.class], URL [jar:file:/Users/yjayaraman/.gradle/caches/modules-2/files-2.1/org.springframework.data/spring-data-rest-core/2.4.0.RELEASE/523750a61feff856001699359e6375f9253b469a/spring-data-rest-core-2.4.0.RELEASE.jar!/org/springframework/data/rest/core/event/BeforeLinkSaveEvent.class], URL [jar:file:/Users/yjayaraman/.gradle/caches/modules-2/files-2.1/org.springframework.data/spring-data-rest-core/2.4.0.RELEASE/523750a61feff856001699359e6375f9253b469a/spring-data-rest-core-2.4.0.RELEASE.jar!/org/springframework/data/rest/core/event/BeforeDeleteEvent.class], URL [jar:file:/Users/yjayaraman/.gradle/caches/modules-2/files-2.1/org.springframework.data/spring-data-rest-webmvc/2.4.0.RELEASE/834db763dd30c31bb330d981169860e7cd5cbeee/spring-data-rest-webmvc-2.4.0.RELEASE.jar!/org/springframework/data/rest/webmvc/ResourceProcessorHandlerMethodReturnValueHandler.class], URL [jar:file:/Users/yjayaraman/.gradle/caches/modules-2/files-2.1/org.springframework.data/spring-data-rest-webmvc/2.4.0.RELEASE/834db763dd30c31bb330d981169860e7cd5cbeee/spring-data-rest-webmvc-2.4.0.RELEASE.jar!/org/springframework/data/rest/webmvc/mapping/AssociationLinks.class], URL [jar:file:/Users/yjayaraman/.gradle/caches/modules-2/files-2.1/org.springframework.data/spring-data-rest-webmvc/2.4.0.RELEASE/834db763dd30c31bb330d981169860e7cd5cbeee/spring-data-rest-webmvc-2.4.0.RELEASE.jar!/org/springframework/data/rest/webmvc/mapping/LinkCollectingAssociationHandler.class], URL [jar:file:/Users/yjayaraman/.gradle/caches/modules-2/files-2.1/org.springframework.data/spring-data-rest-webmvc/2.4.0.RELEASE/834db763dd30c31bb330d981169860e7cd5cbeee/spring-data-rest-webmvc-2.4.0.RELEASE.jar!/org/springframework/data/rest/webmvc/RepositoryEntityController.class], URL [jar:file:/Users/yjayaraman/.gradle/caches/modules-2/files-2.1/org.springframework.data/spring-data-rest-webmvc/2.4.0.RELEASE/834db763dd30c31bb330d981169860e7cd5cbeee/spring-data-rest-webmvc-2.4.0.RELEASE.jar!/org/springframework/data/rest/webmvc/PersistentEntityResource$Builder.class], URL [jar:file:/Users/yjayaraman/.gradle/caches/modules-2/files-2.1/org.springframework.data/spring-data-rest-webmvc/2.4.0.RELEASE/834db763dd30c31bb330d981169860e7cd5cbeee/spring-data-rest-webmvc-2.4.0.RELEASE.jar!/org/springframework/data/rest/webmvc/PersistentEntityResource$1.class], URL [jar:file:/Users/yjayaraman/.gradle/caches/modules-2/files-2.1/org.springframework.data/spring-data-rest-webmvc/2.4.0.RELEASE/834db763dd30c31bb330d981169860e7cd5cbeee/spring-data-rest-webmvc-2.4.0.RELEASE.jar!/org/springframework/data/rest/webmvc/RepositoryController.class], URL [jar:file:/Users/yjayaraman/.gradle/caches/modules-2/files-2.1/org.springframework.data/spring-data-rest-webmvc/2.4.0.RELEASE/834db763dd30c31bb330d981169860e7cd5cbeee/spring-data-rest-webmvc-2.4.0.RELEASE.jar!/org/springframework/data/rest/webmvc/ResourceProcessorInvokingHandlerAdapter.class], URL [jar:file:/Users/yjayaraman/.gradle/caches/modules-2/files-2.1/org.springframework.data/spring-data-rest-webmvc/2.4.0.RELEASE/834db763dd30c31bb330d981169860e7cd5cbeee/spring-data-rest-webmvc-2.4.0.RELEASE.jar!/org/springframework/data/rest/webmvc/RepositorySearchesResource.class], URL [jar:file:/Users/yjayaraman/.gradle/caches/modules-2/files-2.1/org.springframework.data/spring-data-rest-webmvc/2.4.0.RELEASE/834db763dd30c31bb330d981169860e7cd5cbeee/spring-data-rest-webmvc-2.4.0.RELEASE.jar!/org/springframework/data/rest/webmvc/RepositoryRestController.class], URL [jar:file:/Users/yjayaraman/.gradle/caches/modules-2/files-2.1/org.springframework.data/spring-data-rest-webmvc/2.4.0.RELEASE/834db763dd30c31bb330d981169860e7cd5cbeee/spring-data-rest-webmvc-2.4.0.RELEASE.jar!/org/springframework/data/rest/webmvc/ProfileController.class], URL [jar:file:/Users/yjayaraman/.gradle/caches/modules-2/files-2.1/org.springframework.data/spring-data-rest-webmvc/2.4.0.RELEASE/834db763dd30c31bb330d981169860e7cd5cbeee/spring-data-rest-webmvc-2.4.0.RELEASE.jar!/org/springframework/data/rest/webmvc/RepositoryPropertyReferenceController$2.class], URL [jar:file:/Users/yjayaraman/.gradle/caches/modules-2/files-2.1/org.springframework.data/spring-data-rest-webmvc/2.4.0.RELEASE/834db763dd30c31bb330d981169860e7cd5cbeee/spring-data-rest-webmvc-2.4.0.RELEASE.jar!/org/springframework/data/rest/webmvc/ServerHttpRequestMethodArgumentResolver.class], URL [jar:file:/Users/yjayaraman/.gradle/caches/modules-2/files-2.1/org.springframework.data/spring-data-rest-webmvc/2.4.0.RELEASE/834db763dd30c31bb330d981169860e7cd5cbeee/spring-data-rest-webmvc-2.4.0.RELEASE.jar!/org/springframework/data/rest/webmvc/PersistentEntityResource.class], URL [jar:file:/Users/yjayaraman/.gradle/caches/modules-2/files-2.1/org.springframework.data/spring-data-rest-webmvc/2.4.0.RELEASE/834db763dd30c31bb330d981169860e7cd5cbeee/spring-data-rest-webmvc-2.4.0.RELEASE.jar!/org/springframework/data/rest/webmvc/util/UriUtils.class], URL [jar:file:/Users/yjayaraman/.gradle/caches/modules-2/files-2.1/org.springframework.data/spring-data-rest-webmvc/2.4.0.RELEASE/834db763dd30c31bb330d981169860e7cd5cbeee/spring-data-rest-webmvc-2.4.0.RELEASE.jar!/org/springframework/data/rest/webmvc/RepositoryPropertyReferenceController.class], URL [jar:file:/Users/yjayaraman/.gradle/caches/modules-2/files-2.1/org.springframework.data/spring-data-rest-webmvc/2.4.0.RELEASE/834db763dd30c31bb330d981169860e7cd5cbeee/spring-data-rest-webmvc-2.4.0.RELEASE.jar!/org/springframework/data/rest/webmvc/RepositoryRestHandlerAdapter.class], URL [jar:file:/Users/yjayaraman/.gradle/caches/modules-2/files-2.1/org.springframework.data/spring-data-rest-webmvc/2.4.0.RELEASE/834db763dd30c31bb330d981169860e7cd5cbeee/spring-data-rest-webmvc-2.4.0.RELEASE.jar!/org/springframework/data/rest/webmvc/RepositoryRestExceptionHandler.class], URL [jar:file:/Users/yjayaraman/.gradle/caches/modules-2/files-2.1/org.springframework.data/spring-data-rest-webmvc/2.4.0.RELEASE/834db763dd30c31bb330d981169860e7cd5cbeee/spring-data-rest-webmvc-2.4.0.RELEASE.jar!/org/springframework/data/rest/webmvc/convert/UriListHttpMessageConverter.class], URL [jar:file:/Users/yjayaraman/.gradle/caches/modules-2/files-2.1/org.springframework.data/spring-data-rest-webmvc/2.4.0.RELEASE/834db763dd30c31bb330d981169860e7cd5cbeee/spring-data-rest-webmvc-2.4.0.RELEASE.jar!/org/springframework/data/rest/webmvc/RepositoryPropertyReferenceController$1.class], URL [jar:file:/Users/yjayaraman/.gradle/caches/modules-2/files-2.1/org.springframework.data/spring-data-rest-webmvc/2.4.0.RELEASE/834db763dd30c31bb330d981169860e7cd5cbeee/spring-data-rest-webmvc-2.4.0.RELEASE.jar!/org/springframework/data/rest/webmvc/ControllerUtils.class], URL [jar:file:/Users/yjayaraman/.gradle/caches/modules-2/files-2.1/org.springframework.data/spring-data-rest-webmvc/2.4.0.RELEASE/834db763dd30c31bb330d981169860e7cd5cbeee/spring-data-rest-webmvc-2.4.0.RELEASE.jar!/org/springframework/data/rest/webmvc/RepositoryRestDispatcherServlet.class], URL [jar:file:/Users/yjayaraman/.gradle/caches/modules-2/files-2.1/org.springframework.data/spring-data-rest-webmvc/2.4.0.RELEASE/834db763dd30c31bb330d981169860e7cd5cbeee/spring-data-rest-webmvc-2.4.0.RELEASE.jar!/org/springframework/data/rest/webmvc/RepositoryPropertyReferenceController$ReferencedProperty.class], URL [jar:file:/Users/yjayaraman/.gradle/caches/modules-2/files-2.1/org.springframework.data/spring-data-rest-webmvc/2.4.0.RELEASE/834db763dd30c31bb330d981169860e7cd5cbeee/spring-data-rest-webmvc-2.4.0.RELEASE.jar!/org/springframework/data/rest/webmvc/BaseUri.class], URL [jar:file:/Users/yjayaraman/.gradle/caches/modules-2/files-2.1/org.springframework.data/spring-data-rest-webmvc/2.4.0.RELEASE/834db763dd30c31bb330d981169860e7cd5cbeee/spring-data-rest-webmvc-2.4.0.RELEASE.jar!/org/springframework/data/rest/webmvc/RepositoryPropertyReferenceController$4.class], URL [jar:file:/Users/yjayaraman/.gradle/caches/modules-2/files-2.1/org.springframework.data/spring-data-rest-webmvc/2.4.0.RELEASE/834db763dd30c31bb330d981169860e7cd5cbeee/spring-data-rest-webmvc-2.4.0.RELEASE.jar!/org/springframework/data/rest/webmvc/ResourceProcessorHandlerMethodReturnValueHandler$CustomOrderAwareComparator.class], URL [jar:file:/Users/yjayaraman/.gradle/caches/modules-2/files-2.1/org.springframework.data/spring-data-rest-webmvc/2.4.0.RELEASE/834db763dd30c31bb330d981169860e7cd5cbeee/spring-data-rest-webmvc-2.4.0.RELEASE.jar!/org/springframework/data/rest/webmvc/ResourceProcessorHandlerMethodReturnValueHandler$ResourceProcessorWrapper.class], URL [jar:file:/Users/yjayaraman/.gradle/caches/modules-2/files-2.1/org.springframework.data/spring-data-rest-webmvc/2.4.0.RELEASE/834db763dd30c31bb330d981169860e7cd5cbeee/spring-data-rest-webmvc-2.4.0.RELEASE.jar!/org/springframework/data/rest/webmvc/BasePathAwareHandlerMapping$CustomAcceptHeaderHttpServletRequest.class], URL [jar:file:/Users/yjayaraman/.gradle/caches/modules-2/files-2.1/org.springframework.data/spring-data-rest-webmvc/2.4.0.RELEASE/834db763dd30c31bb330d981169860e7cd5cbeee/spring-data-rest-webmvc-2.4.0.RELEASE.jar!/org/springframework/data/rest/webmvc/RestMediaTypes.class], URL [jar:file:/Users/yjayaraman/.gradle/caches/modules-2/files-2.1/org.springframework.data/spring-data-rest-webmvc/2.4.0.RELEASE/834db763dd30c31bb330d981169860e7cd5cbeee/spring-data-rest-webmvc-2.4.0.RELEASE.jar!/org/springframework/data/rest/webmvc/json/DomainObjectReader$1.class], URL [jar:file:/Users/yjayaraman/.gradle/caches/modules-2/files-2.1/org.springframework.data/spring-data-rest-webmvc/2.4.0.RELEASE/834db763dd30c31bb330d981169860e7cd5cbeee/spring-data-rest-webmvc-2.4.0.RELEASE.jar!/org/springframework/data/rest/webmvc/json/DomainObjectReader$MappedProperties.class], URL [jar:file:/Users/yjayaraman/.gradle/caches/modules-2/files-2.1/org.springframework.data/spring-data-rest-webmvc/2.4.0.RELEASE/834db763dd30c31bb330d981169860e7cd5cbeee/spring-data-rest-webmvc-2.4.0.RELEASE.jar!/org/springframework/data/rest/webmvc/json/PersistentEntityJackson2Module$ProjectionResource.class], URL [jar:file:/Users/yjayaraman/.gradle/caches/modules-2/files-2.1/org.springframework.data/spring-data-rest-webmvc/2.4.0.RELEASE/834db763dd30c31bb330d981169860e7cd5cbeee/spring-data-rest-webmvc-2.4.0.RELEASE.jar!/org/springframework/data/rest/webmvc/json/PersistentEntityJackson2Module$ProjectionSerializer.class], URL [jar:file:/Users/yjayaraman/.gradle/caches/modules-2/files-2.1/org.springframework.data/spring-data-rest-webmvc/2.4.0.RELEASE/834db763dd30c31bb330d981169860e7cd5cbeee/spring-data-rest-webmvc-2.4.0.RELEASE.jar!/org/springframework/data/rest/webmvc/json/JsonSchema$EnumProperty.class], URL [jar:file:/Users/yjayaraman/.gradle/caches/modules-2/files-2.1/org.springframework.data/spring-data-rest-webmvc/2.4.0.RELEASE/834db763dd30c31bb330d981169860e7cd5cbeee/spring-data-rest-webmvc-2.4.0.RELEASE.jar!/org/springframework/data/rest/webmvc/json/DomainObjectReader.class], URL [jar:file:/Users/yjayaraman/.gradle/caches/modules-2/files-2.1/org.springframework.data/spring-data-rest-webmvc/2.4.0.RELEASE/834db763dd30c31bb330d981169860e7cd5cbeee/spring-data-rest-webmvc-2.4.0.RELEASE.jar!/org/springframework/data/rest/webmvc/json/JacksonSerializers$EnumTranslatingDeserializer.class], URL [jar:file:/Users/yjayaraman/.gradle/caches/modules-2/files-2.1/org.springframework.data/spring-data-rest-webmvc/2.4.0.RELEASE/834db763dd30c31bb330d981169860e7cd5cbeee/spring-data-rest-webmvc-2.4.0.RELEASE.jar!/org/springframework/data/rest/webmvc/json/JsonSchema$AbstractJsonSchemaProperty.class], URL [jar:file:/Users/yjayaraman/.gradle/caches/modules-2/files-2.1/org.springframework.data/spring-data-rest-webmvc/2.4.0.RELEASE/834db763dd30c31bb330d981169860e7cd5cbeee/spring-data-rest-webmvc-2.4.0.RELEASE.jar!/org/springframework/data/rest/webmvc/json/JsonSchema$PropertiesContainer.class], URL [jar:file:/Users/yjayaraman/.gradle/caches/modules-2/files-2.1/org.springframework.data/spring-data-rest-webmvc/2.4.0.RELEASE/834db763dd30c31bb330d981169860e7cd5cbeee/spring-data-rest-webmvc-2.4.0.RELEASE.jar!/org/springframework/data/rest/webmvc/json/JacksonSerializers$EnumTranslatingSerializer.class], URL [jar:file:/Users/yjayaraman/.gradle/caches/modules-2/files-2.1/org.springframework.data/spring-data-rest-webmvc/2.4.0.RELEASE/834db763dd30c31bb330d981169860e7cd5cbeee/spring-data-rest-webmvc-2.4.0.RELEASE.jar!/org/springframework/data/rest/webmvc/json/JsonSchemaPropertyCustomizer.class], URL [jar:file:/Users/yjayaraman/.gradle/caches/modules-2/files-2.1/org.springframework.data/spring-data-rest-webmvc/2.4.0.RELEASE/834db763dd30c31bb330d981169860e7cd5cbeee/spring-data-rest-webmvc-2.4.0.RELEASE.jar!/org/springframework/data/rest/webmvc/json/JsonSchema$Item.class], URL [jar:file:/Users/yjayaraman/.gradle/caches/modules-2/files-2.1/org.springframework.data/spring-data-rest-webmvc/2.4.0.RELEASE/834db763dd30c31bb330d981169860e7cd5cbeee/spring-data-rest-webmvc-2.4.0.RELEASE.jar!/org/springframework/data/rest/webmvc/json/JacksonMetadata.class], URL [jar:file:/Users/yjayaraman/.gradle/caches/modules-2/files-2.1/org.springframework.data/spring-data-rest-webmvc/2.4.0.RELEASE/834db763dd30c31bb330d981169860e7cd5cbeee/spring-data-rest-webmvc-2.4.0.RELEASE.jar!/org/springframework/data/rest/webmvc/json/Jackson2DatatypeHelper$Hibernate4ModuleRegistrar.class], URL [jar:file:/Users/yjayaraman/.gradle/caches/modules-2/files-2.1/org.springframework.data/spring-data-rest-webmvc/2.4.0.RELEASE/834db763dd30c31bb330d981169860e7cd5cbeee/spring-data-rest-webmvc-2.4.0.RELEASE.jar!/org/springframework/data/rest/webmvc/json/PersistentEntityJackson2Module$PersistentEntityResourceSerializer$1.class], URL [jar:file:/Users/yjayaraman/.gradle/caches/modules-2/files-2.1/org.springframework.data/spring-data-rest-webmvc/2.4.0.RELEASE/834db763dd30c31bb330d981169860e7cd5cbeee/spring-data-rest-webmvc-2.4.0.RELEASE.jar!/org/springframework/data/rest/webmvc/json/PersistentEntityJackson2Module$ProjectionResourceContent.class], URL [jar:file:/Users/yjayaraman/.gradle/caches/modules-2/files-2.1/org.springframework.data/spring-data-rest-webmvc/2.4.0.RELEASE/834db763dd30c31bb330d981169860e7cd5cbeee/spring-data-rest-webmvc-2.4.0.RELEASE.jar!/org/springframework/data/rest/webmvc/json/JsonSchema.class], URL [jar:file:/Users/yjayaraman/.gradle/caches/modules-2/files-2.1/org.springframework.data/spring-data-rest-webmvc/2.4.0.RELEASE/834db763dd30c31bb330d981169860e7cd5cbeee/spring-data-rest-webmvc-2.4.0.RELEASE.jar!/org/springframework/data/rest/webmvc/json/PersistentEntityJackson2Module$AssociationUriResolvingDeserializerModifier.class], URL [jar:file:/Users/yjayaraman/.gradle/caches/modules-2/files-2.1/org.springframework.data/spring-data-rest-webmvc/2.4.0.RELEASE/834db763dd30c31bb330d981169860e7cd5cbeee/spring-data-rest-webmvc-2.4.0.RELEASE.jar!/org/springframework/data/rest/webmvc/json/PersistentEntityJackson2Module$1.class], URL [jar:file:/Users/yjayaraman/.gradle/caches/modules-2/files-2.1/org.springframework.data/spring-data-rest-webmvc/2.4.0.RELEASE/834db763dd30c31bb330d981169860e7cd5cbeee/spring-data-rest-webmvc-2.4.0.RELEASE.jar!/org/springframework/data/rest/webmvc/json/EnumTranslator.class], URL [jar:file:/Users/yjayaraman/.gradle/caches/modules-2/files-2.1/org.springframework.data/spring-data-rest-webmvc/2.4.0.RELEASE/834db763dd30c31bb330d981169860e7cd5cbeee/spring-data-rest-webmvc-2.4.0.RELEASE.jar!/org/springframework/data/rest/webmvc/json/JacksonSerializers.class], URL [jar:file:/Users/yjayaraman/.gradle/caches/modules-2/files-2.1/org.springframework.data/spring-data-rest-webmvc/2.4.0.RELEASE/834db763dd30c31bb330d981169860e7cd5cbeee/spring-data-rest-webmvc-2.4.0.RELEASE.jar!/org/springframework/data/rest/webmvc/json/Jackson2DatatypeHelper.class], URL [jar:file:/Users/yjayaraman/.gradle/caches/modules-2/files-2.1/org.springframework.data/spring-data-rest-webmvc/2.4.0.RELEASE/834db763dd30c31bb330d981169860e7cd5cbeee/spring-data-rest-webmvc-2.4.0.RELEASE.jar!/org/springframework/data/rest/webmvc/json/PersistentEntityJackson2Module$CollectionValueInstantiator.class], URL [jar:file:/Users/yjayaraman/.gradle/caches/modules-2/files-2.1/org.springframework.data/spring-data-rest-webmvc/2.4.0.RELEASE/834db763dd30c31bb330d981169860e7cd5cbeee/spring-data-rest-webmvc-2.4.0.RELEASE.jar!/org/springframework/data/rest/webmvc/json/PersistentEntityJackson2Module.class], URL [jar:file:/Users/yjayaraman/.gradle/caches/modules-2/files-2.1/org.springframework.data/spring-data-rest-webmvc/2.4.0.RELEASE/834db763dd30c31bb330d981169860e7cd5cbeee/spring-data-rest-webmvc-2.4.0.RELEASE.jar!/org/springframework/data/rest/webmvc/json/PersistentEntityToJsonSchemaConverter$DefaultingMessageSourceResolvable.class], URL [jar:file:/Users/yjayaraman/.gradle/caches/modules-2/files-2.1/org.springframework.data/spring-data-rest-webmvc/2.4.0.RELEASE/834db763dd30c31bb330d981169860e7cd5cbeee/spring-data-rest-webmvc-2.4.0.RELEASE.jar!/org/springframework/data/rest/webmvc/json/PersistentEntityJackson2Module$LinkCollector.class], URL [jar:file:/Users/yjayaraman/.gradle/caches/modules-2/files-2.1/org.springframework.data/spring-data-rest-webmvc/2.4.0.RELEASE/834db763dd30c31bb330d981169860e7cd5cbeee/spring-data-rest-webmvc-2.4.0.RELEASE.jar!/org/springframework/data/rest/webmvc/json/PersistentEntityToJsonSchemaConverter$JsonSchemaPropertyRegistrar.class], URL [jar:file:/Users/yjayaraman/.gradle/caches/modules-2/files-2.1/org.springframework.data/spring-data-rest-webmvc/2.4.0.RELEASE/834db763dd30c31bb330d981169860e7cd5cbeee/spring-data-rest-webmvc-2.4.0.RELEASE.jar!/org/springframework/data/rest/webmvc/json/PersistentEntityJackson2Module$PersistentEntityResourceSerializer.class], URL [jar:file:/Users/yjayaraman/.gradle/caches/modules-2/files-2.1/org.springframework.data/spring-data-rest-webmvc/2.4.0.RELEASE/834db763dd30c31bb330d981169860e7cd5cbeee/spring-data-rest-webmvc-2.4.0.RELEASE.jar!/org/springframework/data/rest/webmvc/json/PersistentEntityJackson2Module$AssociationOmittingSerializerModifier.class], URL [jar:file:/Users/yjayaraman/.gradle/caches/modules-2/files-2.1/org.springframework.data/spring-data-rest-webmvc/2.4.0.RELEASE/834db763dd30c31bb330d981169860e7cd5cbeee/spring-data-rest-webmvc-2.4.0.RELEASE.jar!/org/springframework/data/rest/webmvc/json/PersistentEntityToJsonSchemaConverter.class], URL [jar:file:/Users/yjayaraman/.gradle/caches/modules-2/files-2.1/org.springframework.data/spring-data-rest-webmvc/2.4.0.RELEASE/834db763dd30c31bb330d981169860e7cd5cbeee/spring-data-rest-webmvc-2.4.0.RELEASE.jar!/org/springframework/data/rest/webmvc/json/Jackson2DatatypeHelper$Hibernate4Checker.class], URL [jar:file:/Users/yjayaraman/.gradle/caches/modules-2/files-2.1/org.springframework.data/spring-data-rest-webmvc/2.4.0.RELEASE/834db763dd30c31bb330d981169860e7cd5cbeee/spring-data-rest-webmvc-2.4.0.RELEASE.jar!/org/springframework/data/rest/webmvc/json/PersistentEntityJackson2Module$UriStringDeserializer.class], URL [jar:file:/Users/yjayaraman/.gradle/caches/modules-2/files-2.1/org.springframework.data/spring-data-rest-webmvc/2.4.0.RELEASE/834db763dd30c31bb330d981169860e7cd5cbeee/spring-data-rest-webmvc-2.4.0.RELEASE.jar!/org/springframework/data/rest/webmvc/json/Jackson2DatatypeHelper$JodaModuleRegistrar.class], URL [jar:file:/Users/yjayaraman/.gradle/caches/modules-2/files-2.1/org.springframework.data/spring-data-rest-webmvc/2.4.0.RELEASE/834db763dd30c31bb330d981169860e7cd5cbeee/spring-data-rest-webmvc-2.4.0.RELEASE.jar!/org/springframework/data/rest/webmvc/json/PersistentEntityJackson2Module$ProjectionResourceContentSerializer.class], URL [jar:file:/Users/yjayaraman/.gradle/caches/modules-2/files-2.1/org.springframework.data/spring-data-rest-webmvc/2.4.0.RELEASE/834db763dd30c31bb330d981169860e7cd5cbeee/spring-data-rest-webmvc-2.4.0.RELEASE.jar!/org/springframework/data/rest/webmvc/json/JsonSchema$Definitions.class], URL [jar:file:/Users/yjayaraman/.gradle/caches/modules-2/files-2.1/org.springframework.data/spring-data-rest-webmvc/2.4.0.RELEASE/834db763dd30c31bb330d981169860e7cd5cbeee/spring-data-rest-webmvc-2.4.0.RELEASE.jar!/org/springframework/data/rest/webmvc/json/JsonSchema$JsonSchemaProperty.class], URL [jar:file:/Users/yjayaraman/.gradle/caches/modules-2/files-2.1/org.springframework.data/spring-data-rest-webmvc/2.4.0.RELEASE/834db763dd30c31bb330d981169860e7cd5cbeee/spring-data-rest-webmvc-2.4.0.RELEASE.jar!/org/springframework/data/rest/webmvc/spi/BackendIdConverter.class], URL [jar:file:/Users/yjayaraman/.gradle/caches/modules-2/files-2.1/org.springframework.data/spring-data-rest-webmvc/2.4.0.RELEASE/834db763dd30c31bb330d981169860e7cd5cbeee/spring-data-rest-webmvc-2.4.0.RELEASE.jar!/org/springframework/data/rest/webmvc/spi/BackendIdConverter$DefaultIdConverter.class], URL [jar:file:/Users/yjayaraman/.gradle/caches/modules-2/files-2.1/org.springframework.data/spring-data-rest-webmvc/2.4.0.RELEASE/834db763dd30c31bb330d981169860e7cd5cbeee/spring-data-rest-webmvc-2.4.0.RELEASE.jar!/org/springframework/data/rest/webmvc/RootResourceInformation.class], URL [jar:file:/Users/yjayaraman/.gradle/caches/modules-2/files-2.1/org.springframework.data/spring-data-rest-webmvc/2.4.0.RELEASE/834db763dd30c31bb330d981169860e7cd5cbeee/spring-data-rest-webmvc-2.4.0.RELEASE.jar!/org/springframework/data/rest/webmvc/RepositoryRestHandlerMapping.class], URL [jar:file:/Users/yjayaraman/.gradle/caches/modules-2/files-2.1/org.springframework.data/spring-data-rest-webmvc/2.4.0.RELEASE/834db763dd30c31bb330d981169860e7cd5cbeee/spring-data-rest-webmvc-2.4.0.RELEASE.jar!/org/springframework/data/rest/webmvc/ResourceProcessorHandlerMethodReturnValueHandler$ResourcesProcessorWrapper.class], URL [jar:file:/Users/yjayaraman/.gradle/caches/modules-2/files-2.1/org.springframework.data/spring-data-rest-webmvc/2.4.0.RELEASE/834db763dd30c31bb330d981169860e7cd5cbeee/spring-data-rest-webmvc-2.4.0.RELEASE.jar!/org/springframework/data/rest/webmvc/BasePathAwareController.class], URL [jar:file:/Users/yjayaraman/.gradle/caches/modules-2/files-2.1/org.springframework.data/spring-data-rest-webmvc/2.4.0.RELEASE/834db763dd30c31bb330d981169860e7cd5cbeee/spring-data-rest-webmvc-2.4.0.RELEASE.jar!/org/springframework/data/rest/webmvc/IncomingRequest.class], URL [jar:file:/Users/yjayaraman/.gradle/caches/modules-2/files-2.1/org.springframework.data/spring-data-rest-webmvc/2.4.0.RELEASE/834db763dd30c31bb330d981169860e7cd5cbeee/spring-data-rest-webmvc-2.4.0.RELEASE.jar!/org/springframework/data/rest/webmvc/PersistentEntityResource$NoLinksResources.class], URL [jar:file:/Users/yjayaraman/.gradle/caches/modules-2/files-2.1/org.springframework.data/spring-data-rest-webmvc/2.4.0.RELEASE/834db763dd30c31bb330d981169860e7cd5cbeee/spring-data-rest-webmvc-2.4.0.RELEASE.jar!/org/springframework/data/rest/webmvc/ResourceProcessorHandlerMethodReturnValueHandler$DefaultProcessorWrapper.class], URL [jar:file:/Users/yjayaraman/.gradle/caches/modules-2/files-2.1/org.springframework.data/spring-data-rest-webmvc/2.4.0.RELEASE/834db763dd30c31bb330d981169860e7cd5cbeee/spring-data-rest-webmvc-2.4.0.RELEASE.jar!/org/springframework/data/rest/webmvc/ProfileResourceProcessor.class], URL [jar:file:/Users/yjayaraman/.gradle/caches/modules-2/files-2.1/org.springframework.data/spring-data-rest-webmvc/2.4.0.RELEASE/834db763dd30c31bb330d981169860e7cd5cbeee/spring-data-rest-webmvc-2.4.0.RELEASE.jar!/org/springframework/data/rest/webmvc/config/RepositoryRestConfigurerAdapter.class], URL [jar:file:/Users/yjayaraman/.gradle/caches/modules-2/files-2.1/org.springframework.data/spring-data-rest-webmvc/2.4.0.RELEASE/834db763dd30c31bb330d981169860e7cd5cbeee/spring-data-rest-webmvc-2.4.0.RELEASE.jar!/org/springframework/data/rest/webmvc/config/ResourceMetadataHandlerMethodArgumentResolver.class], URL [jar:file:/Users/yjayaraman/.gradle/caches/modules-2/files-2.1/org.springframework.data/spring-data-rest-webmvc/2.4.0.RELEASE/834db763dd30c31bb330d981169860e7cd5cbeee/spring-data-rest-webmvc-2.4.0.RELEASE.jar!/org/springframework/data/rest/webmvc/config/RepositoryRestMvcConfiguration$ResourceSupportHttpMessageConverter.class], URL [jar:file:/Users/yjayaraman/.gradle/caches/modules-2/files-2.1/org.springframework.data/spring-data-rest-webmvc/2.4.0.RELEASE/834db763dd30c31bb330d981169860e7cd5cbeee/spring-data-rest-webmvc-2.4.0.RELEASE.jar!/org/springframework/data/rest/webmvc/config/ArgumentResolverPagingAndSortingTemplateVariables.class], URL [jar:file:/Users/yjayaraman/.gradle/caches/modules-2/files-2.1/org.springframework.data/spring-data-rest-webmvc/2.4.0.RELEASE/834db763dd30c31bb330d981169860e7cd5cbeee/spring-data-rest-webmvc-2.4.0.RELEASE.jar!/org/springframework/data/rest/webmvc/config/JsonPatchHandler.class], URL [jar:file:/Users/yjayaraman/.gradle/caches/modules-2/files-2.1/org.springframework.data/spring-data-rest-webmvc/2.4.0.RELEASE/834db763dd30c31bb330d981169860e7cd5cbeee/spring-data-rest-webmvc-2.4.0.RELEASE.jar!/org/springframework/data/rest/webmvc/config/RepositoryRestConfigurerDelegate.class], URL [jar:file:/Users/yjayaraman/.gradle/caches/modules-2/files-2.1/org.springframework.data/spring-data-rest-webmvc/2.4.0.RELEASE/834db763dd30c31bb330d981169860e7cd5cbeee/spring-data-rest-webmvc-2.4.0.RELEASE.jar!/org/springframework/data/rest/webmvc/config/PersistentEntityResourceHandlerMethodArgumentResolver.class], URL [jar:file:/Users/yjayaraman/.gradle/caches/modules-2/files-2.1/org.springframework.data/spring-data-rest-webmvc/2.4.0.RELEASE/834db763dd30c31bb330d981169860e7cd5cbeee/spring-data-rest-webmvc-2.4.0.RELEASE.jar!/org/springframework/data/rest/webmvc/config/PersistentEntityResourceAssemblerArgumentResolver.class], URL [jar:file:/Users/yjayaraman/.gradle/caches/modules-2/files-2.1/org.springframework.data/spring-data-rest-webmvc/2.4.0.RELEASE/834db763dd30c31bb330d981169860e7cd5cbeee/spring-data-rest-webmvc-2.4.0.RELEASE.jar!/org/springframework/data/rest/webmvc/config/RootResourceInformationHandlerMethodArgumentResolver.class], URL [jar:file:/Users/yjayaraman/.gradle/caches/modules-2/files-2.1/org.springframework.data/spring-data-rest-webmvc/2.4.0.RELEASE/834db763dd30c31bb330d981169860e7cd5cbeee/spring-data-rest-webmvc-2.4.0.RELEASE.jar!/org/springframework/data/rest/webmvc/config/RepositoryRestConfigurer.class], URL [jar:file:/Users/yjayaraman/.gradle/caches/modules-2/files-2.1/org.springframework.data/spring-data-rest-webmvc/2.4.0.RELEASE/834db763dd30c31bb330d981169860e7cd5cbeee/spring-data-rest-webmvc-2.4.0.RELEASE.jar!/org/springframework/data/rest/webmvc/config/QuerydslAwareRootResourceInformationHandlerMethodArgumentResolver.class], URL [jar:file:/Users/yjayaraman/.gradle/caches/modules-2/files-2.1/org.springframework.data/spring-data-rest-webmvc/2.4.0.RELEASE/834db763dd30c31bb330d981169860e7cd5cbeee/spring-data-rest-webmvc-2.4.0.RELEASE.jar!/org/springframework/data/rest/webmvc/config/RepositoryRestMvcConfiguration.class], URL [jar:file:/Users/yjayaraman/.gradle/caches/modules-2/files-2.1/org.springframework.data/spring-data-rest-webmvc/2.4.0.RELEASE/834db763dd30c31bb330d981169860e7cd5cbeee/spring-data-rest-webmvc-2.4.0.RELEASE.jar!/org/springframework/data/rest/webmvc/BasePathAwareHandlerMapping.class], URL [jar:file:/Users/yjayaraman/.gradle/caches/modules-2/files-2.1/org.springframework.data/spring-data-rest-webmvc/2.4.0.RELEASE/834db763dd30c31bb330d981169860e7cd5cbeee/spring-data-rest-webmvc-2.4.0.RELEASE.jar!/org/springframework/data/rest/webmvc/support/BackendIdHandlerMethodArgumentResolver.class], URL [jar:file:/Users/yjayaraman/.gradle/caches/modules-2/files-2.1/org.springframework.data/spring-data-rest-webmvc/2.4.0.RELEASE/834db763dd30c31bb330d981169860e7cd5cbeee/spring-data-rest-webmvc-2.4.0.RELEASE.jar!/org/springframework/data/rest/webmvc/support/PagingAndSortingTemplateVariables.class], URL [jar:file:/Users/yjayaraman/.gradle/caches/modules-2/files-2.1/org.springframework.data/spring-data-rest-webmvc/2.4.0.RELEASE/834db763dd30c31bb330d981169860e7cd5cbeee/spring-data-rest-webmvc-2.4.0.RELEASE.jar!/org/springframework/data/rest/webmvc/support/ConstraintViolationExceptionMessage.class], URL [jar:file:/Users/yjayaraman/.gradle/caches/modules-2/files-2.1/org.springframework.data/spring-data-rest-webmvc/2.4.0.RELEASE/834db763dd30c31bb330d981169860e7cd5cbeee/spring-data-rest-webmvc-2.4.0.RELEASE.jar!/org/springframework/data/rest/webmvc/support/DefaultedPageableHandlerMethodArgumentResolver.class], URL [jar:file:/Users/yjayaraman/.gradle/caches/modules-2/files-2.1/org.springframework.data/spring-data-rest-webmvc/2.4.0.RELEASE/834db763dd30c31bb330d981169860e7cd5cbeee/spring-data-rest-webmvc-2.4.0.RELEASE.jar!/org/springframework/data/rest/webmvc/support/ETagDoesntMatchException.class], URL [jar:file:/Users/yjayaraman/.gradle/caches/modules-2/files-2.1/org.springframework.data/spring-data-rest-webmvc/2.4.0.RELEASE/834db763dd30c31bb330d981169860e7cd5cbeee/spring-data-rest-webmvc-2.4.0.RELEASE.jar!/org/springframework/data/rest/webmvc/support/DelegatingHandlerMapping.class], URL [jar:file:/Users/yjayaraman/.gradle/caches/modules-2/files-2.1/org.springframework.data/spring-data-rest-webmvc/2.4.0.RELEASE/834db763dd30c31bb330d981169860e7cd5cbeee/spring-data-rest-webmvc-2.4.0.RELEASE.jar!/org/springframework/data/rest/webmvc/support/RepositoryEntityLinks.class], URL [jar:file:/Users/yjayaraman/.gradle/caches/modules-2/files-2.1/org.springframework.data/spring-data-rest-webmvc/2.4.0.RELEASE/834db763dd30c31bb330d981169860e7cd5cbeee/spring-data-rest-webmvc-2.4.0.RELEASE.jar!/org/springframework/data/rest/webmvc/support/Projector.class], URL [jar:file:/Users/yjayaraman/.gradle/caches/modules-2/files-2.1/org.springframework.data/spring-data-rest-webmvc/2.4.0.RELEASE/834db763dd30c31bb330d981169860e7cd5cbeee/spring-data-rest-webmvc-2.4.0.RELEASE.jar!/org/springframework/data/rest/webmvc/support/PersistentEntityResourceProcessor$DomainTypeResourceProcessor.class], URL [jar:file:/Users/yjayaraman/.gradle/caches/modules-2/files-2.1/org.springframework.data/spring-data-rest-webmvc/2.4.0.RELEASE/834db763dd30c31bb330d981169860e7cd5cbeee/spring-data-rest-webmvc-2.4.0.RELEASE.jar!/org/springframework/data/rest/webmvc/support/PersistentEntityProjector.class], URL [jar:file:/Users/yjayaraman/.gradle/caches/modules-2/files-2.1/org.springframework.data/spring-data-rest-webmvc/2.4.0.RELEASE/834db763dd30c31bb330d981169860e7cd5cbeee/spring-data-rest-webmvc-2.4.0.RELEASE.jar!/org/springframework/data/rest/webmvc/support/PersistentEntityResourceProcessor$1.class], URL [jar:file:/Users/yjayaraman/.gradle/caches/modules-2/files-2.1/org.springframework.data/spring-data-rest-webmvc/2.4.0.RELEASE/834db763dd30c31bb330d981169860e7cd5cbeee/spring-data-rest-webmvc-2.4.0.RELEASE.jar!/org/springframework/data/rest/webmvc/support/ETagArgumentResolver.class], URL [jar:file:/Users/yjayaraman/.gradle/caches/modules-2/files-2.1/org.springframework.data/spring-data-rest-webmvc/2.4.0.RELEASE/834db763dd30c31bb330d981169860e7cd5cbeee/spring-data-rest-webmvc-2.4.0.RELEASE.jar!/org/springframework/data/rest/webmvc/support/DefaultedPageable.class], URL [jar:file:/Users/yjayaraman/.gradle/caches/modules-2/files-2.1/org.springframework.data/spring-data-rest-webmvc/2.4.0.RELEASE/834db763dd30c31bb330d981169860e7cd5cbeee/spring-data-rest-webmvc-2.4.0.RELEASE.jar!/org/springframework/data/rest/webmvc/support/BaseUriLinkBuilder.class], URL [jar:file:/Users/yjayaraman/.gradle/caches/modules-2/files-2.1/org.springframework.data/spring-data-rest-webmvc/2.4.0.RELEASE/834db763dd30c31bb330d981169860e7cd5cbeee/spring-data-rest-webmvc-2.4.0.RELEASE.jar!/org/springframework/data/rest/webmvc/support/ExceptionMessage.class], URL [jar:file:/Users/yjayaraman/.gradle/caches/modules-2/files-2.1/org.springframework.data/spring-data-rest-webmvc/2.4.0.RELEASE/834db763dd30c31bb330d981169860e7cd5cbeee/spring-data-rest-webmvc-2.4.0.RELEASE.jar!/org/springframework/data/rest/webmvc/support/RepositoryConstraintViolationExceptionMessage$ValidationError.class], URL [jar:file:/Users/yjayaraman/.gradle/caches/modules-2/files-2.1/org.springframework.data/spring-data-rest-webmvc/2.4.0.RELEASE/834db763dd30c31bb330d981169860e7cd5cbeee/spring-data-rest-webmvc-2.4.0.RELEASE.jar!/org/springframework/data/rest/webmvc/support/JpaHelper.class], URL [jar:file:/Users/yjayaraman/.gradle/caches/modules-2/files-2.1/org.springframework.data/spring-data-rest-webmvc/2.4.0.RELEASE/834db763dd30c31bb330d981169860e7cd5cbeee/spring-data-rest-webmvc-2.4.0.RELEASE.jar!/org/springframework/data/rest/webmvc/support/BackendId.class], URL [jar:file:/Users/yjayaraman/.gradle/caches/modules-2/files-2.1/org.springframework.data/spring-data-rest-webmvc/2.4.0.RELEASE/834db763dd30c31bb330d981169860e7cd5cbeee/spring-data-rest-webmvc-2.4.0.RELEASE.jar!/org/springframework/data/rest/webmvc/support/RepositoryLinkBuilder.class], URL [jar:file:/Users/yjayaraman/.gradle/caches/modules-2/files-2.1/org.springframework.data/spring-data-rest-webmvc/2.4.0.RELEASE/834db763dd30c31bb330d981169860e7cd5cbeee/spring-data-rest-webmvc-2.4.0.RELEASE.jar!/org/springframework/data/rest/webmvc/support/ETag.class], URL [jar:file:/Users/yjayaraman/.gradle/caches/modules-2/files-2.1/org.springframework.data/spring-data-rest-webmvc/2.4.0.RELEASE/834db763dd30c31bb330d981169860e7cd5cbeee/spring-data-rest-webmvc-2.4.0.RELEASE.jar!/org/springframework/data/rest/webmvc/support/ConstraintViolationMessage.class], URL [jar:file:/Users/yjayaraman/.gradle/caches/modules-2/files-2.1/org.springframework.data/spring-data-rest-webmvc/2.4.0.RELEASE/834db763dd30c31bb330d981169860e7cd5cbeee/spring-data-rest-webmvc-2.4.0.RELEASE.jar!/org/springframework/data/rest/webmvc/support/HttpMethodHandlerMethodArgumentResolver.class], URL [jar:file:/Users/yjayaraman/.gradle/caches/modules-2/files-2.1/org.springframework.data/spring-data-rest-webmvc/2.4.0.RELEASE/834db763dd30c31bb330d981169860e7cd5cbeee/spring-data-rest-webmvc-2.4.0.RELEASE.jar!/org/springframework/data/rest/webmvc/support/RepositoryConstraintViolationExceptionMessage.class], URL [jar:file:/Users/yjayaraman/.gradle/caches/modules-2/files-2.1/org.springframework.data/spring-data-rest-webmvc/2.4.0.RELEASE/834db763dd30c31bb330d981169860e7cd5cbeee/spring-data-rest-webmvc-2.4.0.RELEASE.jar!/org/springframework/data/rest/webmvc/support/PersistentEntityResourceProcessor.class], URL [jar:file:/Users/yjayaraman/.gradle/caches/modules-2/files-2.1/org.springframework.data/spring-data-rest-webmvc/2.4.0.RELEASE/834db763dd30c31bb330d981169860e7cd5cbeee/spring-data-rest-webmvc-2.4.0.RELEASE.jar!/org/springframework/data/rest/webmvc/RepositoryLinksResource.class], URL [jar:file:/Users/yjayaraman/.gradle/caches/modules-2/files-2.1/org.springframework.data/spring-data-rest-webmvc/2.4.0.RELEASE/834db763dd30c31bb330d981169860e7cd5cbeee/spring-data-rest-webmvc-2.4.0.RELEASE.jar!/org/springframework/data/rest/webmvc/RepositorySchemaController.class], URL [jar:file:/Users/yjayaraman/.gradle/caches/modules-2/files-2.1/org.springframework.data/spring-data-rest-webmvc/2.4.0.RELEASE/834db763dd30c31bb330d981169860e7cd5cbeee/spring-data-rest-webmvc-2.4.0.RELEASE.jar!/org/springframework/data/rest/webmvc/ResourceProcessorHandlerMethodReturnValueHandler$ProcessorWrapper.class], URL [jar:file:/Users/yjayaraman/.gradle/caches/modules-2/files-2.1/org.springframework.data/spring-data-rest-webmvc/2.4.0.RELEASE/834db763dd30c31bb330d981169860e7cd5cbeee/spring-data-rest-webmvc-2.4.0.RELEASE.jar!/org/springframework/data/rest/webmvc/PersistentEntityResourceAssembler.class], URL [jar:file:/Users/yjayaraman/.gradle/caches/modules-2/files-2.1/org.springframework.data/spring-data-rest-webmvc/2.4.0.RELEASE/834db763dd30c31bb330d981169860e7cd5cbeee/spring-data-rest-webmvc-2.4.0.RELEASE.jar!/org/springframework/data/rest/webmvc/AbstractRepositoryRestController.class], URL [jar:file:/Users/yjayaraman/.gradle/caches/modules-2/files-2.1/org.springframework.data/spring-data-rest-webmvc/2.4.0.RELEASE/834db763dd30c31bb330d981169860e7cd5cbeee/spring-data-rest-webmvc-2.4.0.RELEASE.jar!/org/springframework/data/rest/webmvc/RepositorySearchController.class], URL [jar:file:/Users/yjayaraman/.gradle/caches/modules-2/files-2.1/org.springframework.data/spring-data-rest-webmvc/2.4.0.RELEASE/834db763dd30c31bb330d981169860e7cd5cbeee/spring-data-rest-webmvc-2.4.0.RELEASE.jar!/org/springframework/data/rest/webmvc/BasePathAwareHandlerMapping$UriAwareHttpServletRequest.class], URL [jar:file:/Users/yjayaraman/.gradle/caches/modules-2/files-2.1/org.springframework.data/spring-data-rest-webmvc/2.4.0.RELEASE/834db763dd30c31bb330d981169860e7cd5cbeee/spring-data-rest-webmvc-2.4.0.RELEASE.jar!/org/springframework/data/rest/webmvc/PersistentEntityResourceAssembler$1.class], URL [jar:file:/Users/yjayaraman/.gradle/caches/modules-2/files-2.1/org.springframework.data/spring-data-rest-webmvc/2.4.0.RELEASE/834db763dd30c31bb330d981169860e7cd5cbeee/spring-data-rest-webmvc-2.4.0.RELEASE.jar!/org/springframework/data/rest/webmvc/alps/AlpsJsonHttpMessageConverter.class], URL [jar:file:/Users/yjayaraman/.gradle/caches/modules-2/files-2.1/org.springframework.data/spring-data-rest-webmvc/2.4.0.RELEASE/834db763dd30c31bb330d981169860e7cd5cbeee/spring-data-rest-webmvc-2.4.0.RELEASE.jar!/org/springframework/data/rest/webmvc/alps/RootResourceInformationToAlpsDescriptorConverter.class], URL [jar:file:/Users/yjayaraman/.gradle/caches/modules-2/files-2.1/org.springframework.data/spring-data-rest-webmvc/2.4.0.RELEASE/834db763dd30c31bb330d981169860e7cd5cbeee/spring-data-rest-webmvc-2.4.0.RELEASE.jar!/org/springframework/data/rest/webmvc/alps/AlpsController.class], URL [jar:file:/Users/yjayaraman/.gradle/caches/modules-2/files-2.1/org.springframework.data/spring-data-rest-webmvc/2.4.0.RELEASE/834db763dd30c31bb330d981169860e7cd5cbeee/spring-data-rest-webmvc-2.4.0.RELEASE.jar!/org/springframework/data/rest/webmvc/alps/RootResourceInformationToAlpsDescriptorConverter$2.class], URL [jar:file:/Users/yjayaraman/.gradle/caches/modules-2/files-2.1/org.springframework.data/spring-data-rest-webmvc/2.4.0.RELEASE/834db763dd30c31bb330d981169860e7cd5cbeee/spring-data-rest-webmvc-2.4.0.RELEASE.jar!/org/springframework/data/rest/webmvc/alps/RootResourceInformationToAlpsDescriptorConverter$1.class], URL [jar:file:/Users/yjayaraman/.gradle/caches/modules-2/files-2.1/org.springframework.data/spring-data-rest-webmvc/2.4.0.RELEASE/834db763dd30c31bb330d981169860e7cd5cbeee/spring-data-rest-webmvc-2.4.0.RELEASE.jar!/org/springframework/data/rest/webmvc/alps/RootResourceInformationToAlpsDescriptorConverter$3.class], URL [jar:file:/Users/yjayaraman/.gradle/caches/modules-2/files-2.1/org.springframework.data/spring-data-rest-webmvc/2.4.0.RELEASE/834db763dd30c31bb330d981169860e7cd5cbeee/spring-data-rest-webmvc-2.4.0.RELEASE.jar!/org/springframework/data/rest/webmvc/ResourceNotFoundException.class], URL [jar:file:/Users/yjayaraman/.gradle/caches/modules-2/files-2.1/org.springframework.data/spring-data-rest-webmvc/2.4.0.RELEASE/834db763dd30c31bb330d981169860e7cd5cbeee/spring-data-rest-webmvc-2.4.0.RELEASE.jar!/org/springframework/data/rest/webmvc/RepositoryPropertyReferenceController$3.class], URL [jar:file:/Users/yjayaraman/.gradle/caches/modules-2/files-2.1/org.springframework.data/spring-data-rest-webmvc/2.4.0.RELEASE/834db763dd30c31bb330d981169860e7cd5cbeee/spring-data-rest-webmvc-2.4.0.RELEASE.jar!/org/springframework/data/rest/webmvc/RepositoryPropertyReferenceController$5.class], URL [jar:file:/Users/yjayaraman/.gradle/caches/modules-2/files-2.1/org.springframework.data/spring-data-commons/1.11.0.RELEASE/935cd4ab0a1a07358d7f0c9c808f9113dc177bd8/spring-data-commons-1.11.0.RELEASE.jar!/org/springframework/data/history/AnnotationRevisionMetadata.class], URL [jar:file:/Users/yjayaraman/.gradle/caches/modules-2/files-2.1/org.springframework.data/spring-data-commons/1.11.0.RELEASE/935cd4ab0a1a07358d7f0c9c808f9113dc177bd8/spring-data-commons-1.11.0.RELEASE.jar!/org/springframework/data/history/Revisions.class], URL [jar:file:/Users/yjayaraman/.gradle/caches/modules-2/files-2.1/org.springframework.data/spring-data-commons/1.11.0.RELEASE/935cd4ab0a1a07358d7f0c9c808f9113dc177bd8/spring-data-commons-1.11.0.RELEASE.jar!/org/springframework/data/history/RevisionMetadata.class], URL [jar:file:/Users/yjayaraman/.gradle/caches/modules-2/files-2.1/org.springframework.data/spring-data-commons/1.11.0.RELEASE/935cd4ab0a1a07358d7f0c9c808f9113dc177bd8/spring-data-commons-1.11.0.RELEASE.jar!/org/springframework/data/history/Revision.class], URL [jar:file:/Users/yjayaraman/.gradle/caches/modules-2/files-2.1/org.springframework.data/spring-data-commons/1.11.0.RELEASE/935cd4ab0a1a07358d7f0c9c808f9113dc177bd8/spring-data-commons-1.11.0.RELEASE.jar!/org/springframework/data/mapping/model/SimpleTypeHolder.class], URL [jar:file:/Users/yjayaraman/.gradle/caches/modules-2/files-2.1/org.springframework.data/spring-data-commons/1.11.0.RELEASE/935cd4ab0a1a07358d7f0c9c808f9113dc177bd8/spring-data-commons-1.11.0.RELEASE.jar!/org/springframework/data/mapping/model/SpELExpressionEvaluator.class], URL [jar:file:/Users/yjayaraman/.gradle/caches/modules-2/files-2.1/org.springframework.data/spring-data-commons/1.11.0.RELEASE/935cd4ab0a1a07358d7f0c9c808f9113dc177bd8/spring-data-commons-1.11.0.RELEASE.jar!/org/springframework/data/mapping/model/CamelCaseAbbreviatingFieldNamingStrategy.class], URL [jar:file:/Users/yjayaraman/.gradle/caches/modules-2/files-2.1/org.springframework.data/spring-data-commons/1.11.0.RELEASE/935cd4ab0a1a07358d7f0c9c808f9113dc177bd8/spring-data-commons-1.11.0.RELEASE.jar!/org/springframework/data/mapping/model/MutablePersistentEntity.class], URL [jar:file:/Users/yjayaraman/.gradle/caches/modules-2/files-2.1/org.springframework.data/spring-data-commons/1.11.0.RELEASE/935cd4ab0a1a07358d7f0c9c808f9113dc177bd8/spring-data-commons-1.11.0.RELEASE.jar!/org/springframework/data/mapping/model/AnnotationBasedPersistentProperty.class], URL [jar:file:/Users/yjayaraman/.gradle/caches/modules-2/files-2.1/org.springframework.data/spring-data-commons/1.11.0.RELEASE/935cd4ab0a1a07358d7f0c9c808f9113dc177bd8/spring-data-commons-1.11.0.RELEASE.jar!/org/springframework/data/mapping/model/MappingInstantiationException.class], URL [jar:file:/Users/yjayaraman/.gradle/caches/modules-2/files-2.1/org.springframework.data/spring-data-commons/1.11.0.RELEASE/935cd4ab0a1a07358d7f0c9c808f9113dc177bd8/spring-data-commons-1.11.0.RELEASE.jar!/org/springframework/data/mapping/model/DefaultSpELExpressionEvaluator.class], URL [jar:file:/Users/yjayaraman/.gradle/caches/modules-2/files-2.1/org.springframework.data/spring-data-commons/1.11.0.RELEASE/935cd4ab0a1a07358d7f0c9c808f9113dc177bd8/spring-data-commons-1.11.0.RELEASE.jar!/org/springframework/data/mapping/model/BeanWrapper.class], URL [jar:file:/Users/yjayaraman/.gradle/caches/modules-2/files-2.1/org.springframework.data/spring-data-commons/1.11.0.RELEASE/935cd4ab0a1a07358d7f0c9c808f9113dc177bd8/spring-data-commons-1.11.0.RELEASE.jar!/org/springframework/data/mapping/model/PropertyNameFieldNamingStrategy.class], URL [jar:file:/Users/yjayaraman/.gradle/caches/modules-2/files-2.1/org.springframework.data/spring-data-commons/1.11.0.RELEASE/935cd4ab0a1a07358d7f0c9c808f9113dc177bd8/spring-data-commons-1.11.0.RELEASE.jar!/org/springframework/data/mapping/model/PersistentEntityParameterValueProvider.class], URL [jar:file:/Users/yjayaraman/.gradle/caches/modules-2/files-2.1/org.springframework.data/spring-data-commons/1.11.0.RELEASE/935cd4ab0a1a07358d7f0c9c808f9113dc177bd8/spring-data-commons-1.11.0.RELEASE.jar!/org/springframework/data/mapping/model/PropertyValueProvider.class], URL [jar:file:/Users/yjayaraman/.gradle/caches/modules-2/files-2.1/org.springframework.data/spring-data-commons/1.11.0.RELEASE/935cd4ab0a1a07358d7f0c9c808f9113dc177bd8/spring-data-commons-1.11.0.RELEASE.jar!/org/springframework/data/mapping/model/BasicPersistentEntity.class], URL [jar:file:/Users/yjayaraman/.gradle/caches/modules-2/files-2.1/org.springframework.data/spring-data-commons/1.11.0.RELEASE/935cd4ab0a1a07358d7f0c9c808f9113dc177bd8/spring-data-commons-1.11.0.RELEASE.jar!/org/springframework/data/mapping/model/ConvertingPropertyAccessor.class], URL [jar:file:/Users/yjayaraman/.gradle/caches/modules-2/files-2.1/org.springframework.data/spring-data-commons/1.11.0.RELEASE/935cd4ab0a1a07358d7f0c9c808f9113dc177bd8/spring-data-commons-1.11.0.RELEASE.jar!/org/springframework/data/mapping/model/BasicPersistentEntity$AssociationComparator.class], URL [jar:file:/Users/yjayaraman/.gradle/caches/modules-2/files-2.1/org.springframework.data/spring-data-commons/1.11.0.RELEASE/935cd4ab0a1a07358d7f0c9c808f9113dc177bd8/spring-data-commons-1.11.0.RELEASE.jar!/org/springframework/data/mapping/model/AbstractPersistentProperty.class], URL [jar:file:/Users/yjayaraman/.gradle/caches/modules-2/files-2.1/org.springframework.data/spring-data-commons/1.11.0.RELEASE/935cd4ab0a1a07358d7f0c9c808f9113dc177bd8/spring-data-commons-1.11.0.RELEASE.jar!/org/springframework/data/mapping/model/SpELExpressionParameterValueProvider.class], URL [jar:file:/Users/yjayaraman/.gradle/caches/modules-2/files-2.1/org.springframework.data/spring-data-commons/1.11.0.RELEASE/935cd4ab0a1a07358d7f0c9c808f9113dc177bd8/spring-data-commons-1.11.0.RELEASE.jar!/org/springframework/data/mapping/model/BasicPersistentEntity$NullReturningIdentifierAccessor.class], URL [jar:file:/Users/yjayaraman/.gradle/caches/modules-2/files-2.1/org.springframework.data/spring-data-commons/1.11.0.RELEASE/935cd4ab0a1a07358d7f0c9c808f9113dc177bd8/spring-data-commons-1.11.0.RELEASE.jar!/org/springframework/data/mapping/model/IllegalMappingException.class], URL [jar:file:/Users/yjayaraman/.gradle/caches/modules-2/files-2.1/org.springframework.data/spring-data-commons/1.11.0.RELEASE/935cd4ab0a1a07358d7f0c9c808f9113dc177bd8/spring-data-commons-1.11.0.RELEASE.jar!/org/springframework/data/mapping/model/SnakeCaseFieldNamingStrategy.class], URL [jar:file:/Users/yjayaraman/.gradle/caches/modules-2/files-2.1/org.springframework.data/spring-data-commons/1.11.0.RELEASE/935cd4ab0a1a07358d7f0c9c808f9113dc177bd8/spring-data-commons-1.11.0.RELEASE.jar!/org/springframework/data/mapping/model/PreferredConstructorDiscoverer.class], URL [jar:file:/Users/yjayaraman/.gradle/caches/modules-2/files-2.1/org.springframework.data/spring-data-commons/1.11.0.RELEASE/935cd4ab0a1a07358d7f0c9c808f9113dc177bd8/spring-data-commons-1.11.0.RELEASE.jar!/org/springframework/data/mapping/model/CamelCaseSplittingFieldNamingStrategy.class], URL [jar:file:/Users/yjayaraman/.gradle/caches/modules-2/files-2.1/org.springframework.data/spring-data-commons/1.11.0.RELEASE/935cd4ab0a1a07358d7f0c9c808f9113dc177bd8/spring-data-commons-1.11.0.RELEASE.jar!/org/springframework/data/mapping/model/IdPropertyIdentifierAccessor.class], URL [jar:file:/Users/yjayaraman/.gradle/caches/modules-2/files-2.1/org.springframework.data/spring-data-commons/1.11.0.RELEASE/935cd4ab0a1a07358d7f0c9c808f9113dc177bd8/spring-data-commons-1.11.0.RELEASE.jar!/org/springframework/data/mapping/model/SpELContext.class], URL [jar:file:/Users/yjayaraman/.gradle/caches/modules-2/files-2.1/org.springframework.data/spring-data-commons/1.11.0.RELEASE/935cd4ab0a1a07358d7f0c9c808f9113dc177bd8/spring-data-commons-1.11.0.RELEASE.jar!/org/springframework/data/mapping/model/MappingException.class], URL [jar:file:/Users/yjayaraman/.gradle/caches/modules-2/files-2.1/org.springframework.data/spring-data-commons/1.11.0.RELEASE/935cd4ab0a1a07358d7f0c9c808f9113dc177bd8/spring-data-commons-1.11.0.RELEASE.jar!/org/springframework/data/mapping/model/ParameterValueProvider.class], URL [jar:file:/Users/yjayaraman/.gradle/caches/modules-2/files-2.1/org.springframework.data/spring-data-commons/1.11.0.RELEASE/935cd4ab0a1a07358d7f0c9c808f9113dc177bd8/spring-data-commons-1.11.0.RELEASE.jar!/org/springframework/data/mapping/model/FieldNamingStrategy.class], URL [jar:file:/Users/yjayaraman/.gradle/caches/modules-2/files-2.1/org.springframework.data/spring-data-commons/1.11.0.RELEASE/935cd4ab0a1a07358d7f0c9c808f9113dc177bd8/spring-data-commons-1.11.0.RELEASE.jar!/org/springframework/data/mapping/PropertyPath$1.class], URL [jar:file:/Users/yjayaraman/.gradle/caches/modules-2/files-2.1/org.springframework.data/spring-data-commons/1.11.0.RELEASE/935cd4ab0a1a07358d7f0c9c808f9113dc177bd8/spring-data-commons-1.11.0.RELEASE.jar!/org/springframework/data/mapping/context/AbstractMappingContext$PersistentPropertyFilter.class], URL [jar:file:/Users/yjayaraman/.gradle/caches/modules-2/files-2.1/org.springframework.data/spring-data-commons/1.11.0.RELEASE/935cd4ab0a1a07358d7f0c9c808f9113dc177bd8/spring-data-commons-1.11.0.RELEASE.jar!/org/springframework/data/mapping/context/MappingContextEvent.class], URL [jar:file:/Users/yjayaraman/.gradle/caches/modules-2/files-2.1/org.springframework.data/spring-data-commons/1.11.0.RELEASE/935cd4ab0a1a07358d7f0c9c808f9113dc177bd8/spring-data-commons-1.11.0.RELEASE.jar!/org/springframework/data/mapping/context/PersistentPropertyPath.class], URL [jar:file:/Users/yjayaraman/.gradle/caches/modules-2/files-2.1/org.springframework.data/spring-data-commons/1.11.0.RELEASE/935cd4ab0a1a07358d7f0c9c808f9113dc177bd8/spring-data-commons-1.11.0.RELEASE.jar!/org/springframework/data/mapping/context/MappingContextIsNewStrategyFactory.class], URL [jar:file:/Users/yjayaraman/.gradle/caches/modules-2/files-2.1/org.springframework.data/spring-data-commons/1.11.0.RELEASE/935cd4ab0a1a07358d7f0c9c808f9113dc177bd8/spring-data-commons-1.11.0.RELEASE.jar!/org/springframework/data/mapping/context/MappingContextIsNewStrategyFactory$PropertyIsNullOrZeroNumberIsNewStrategy.class], URL [jar:file:/Users/yjayaraman/.gradle/caches/modules-2/files-2.1/org.springframework.data/spring-data-commons/1.11.0.RELEASE/935cd4ab0a1a07358d7f0c9c808f9113dc177bd8/spring-data-commons-1.11.0.RELEASE.jar!/org/springframework/data/mapping/context/MappingContextIsNewStrategyFactory$PropertyIsNullIsNewStrategy.class], URL [jar:file:/Users/yjayaraman/.gradle/caches/modules-2/files-2.1/org.springframework.data/spring-data-commons/1.11.0.RELEASE/935cd4ab0a1a07358d7f0c9c808f9113dc177bd8/spring-data-commons-1.11.0.RELEASE.jar!/org/springframework/data/mapping/context/DefaultPersistentPropertyPath$PropertyNameConverter.class], URL [jar:file:/Users/yjayaraman/.gradle/caches/modules-2/files-2.1/org.springframework.data/spring-data-commons/1.11.0.RELEASE/935cd4ab0a1a07358d7f0c9c808f9113dc177bd8/spring-data-commons-1.11.0.RELEASE.jar!/org/springframework/data/mapping/context/AbstractMappingContext$PersistentPropertyCreator.class], URL [jar:file:/Users/yjayaraman/.gradle/caches/modules-2/files-2.1/org.springframework.data/spring-data-commons/1.11.0.RELEASE/935cd4ab0a1a07358d7f0c9c808f9113dc177bd8/spring-data-commons-1.11.0.RELEASE.jar!/org/springframework/data/mapping/context/AbstractMappingContext.class], URL [jar:file:/Users/yjayaraman/.gradle/caches/modules-2/files-2.1/org.springframework.data/spring-data-commons/1.11.0.RELEASE/935cd4ab0a1a07358d7f0c9c808f9113dc177bd8/spring-data-commons-1.11.0.RELEASE.jar!/org/springframework/data/mapping/context/InvalidPersistentPropertyPath.class], URL [jar:file:/Users/yjayaraman/.gradle/caches/modules-2/files-2.1/org.springframework.data/spring-data-commons/1.11.0.RELEASE/935cd4ab0a1a07358d7f0c9c808f9113dc177bd8/spring-data-commons-1.11.0.RELEASE.jar!/org/springframework/data/mapping/context/AbstractMappingContext$1.class], URL [jar:file:/Users/yjayaraman/.gradle/caches/modules-2/files-2.1/org.springframework.data/spring-data-commons/1.11.0.RELEASE/935cd4ab0a1a07358d7f0c9c808f9113dc177bd8/spring-data-commons-1.11.0.RELEASE.jar!/org/springframework/data/mapping/context/MappingContextIsNewStrategyFactory$PersistentPropertyInspectingIsNewStrategy.class], URL [jar:file:/Users/yjayaraman/.gradle/caches/modules-2/files-2.1/org.springframework.data/spring-data-commons/1.11.0.RELEASE/935cd4ab0a1a07358d7f0c9c808f9113dc177bd8/spring-data-commons-1.11.0.RELEASE.jar!/org/springframework/data/mapping/context/MappingContext.class], URL [jar:file:/Users/yjayaraman/.gradle/caches/modules-2/files-2.1/org.springframework.data/spring-data-commons/1.11.0.RELEASE/935cd4ab0a1a07358d7f0c9c808f9113dc177bd8/spring-data-commons-1.11.0.RELEASE.jar!/org/springframework/data/mapping/context/AbstractMappingContext$PersistentPropertyFilter$PropertyMatch.class], URL [jar:file:/Users/yjayaraman/.gradle/caches/modules-2/files-2.1/org.springframework.data/spring-data-commons/1.11.0.RELEASE/935cd4ab0a1a07358d7f0c9c808f9113dc177bd8/spring-data-commons-1.11.0.RELEASE.jar!/org/springframework/data/mapping/context/DefaultPersistentPropertyPath.class], URL [jar:file:/Users/yjayaraman/.gradle/caches/modules-2/files-2.1/org.springframework.data/spring-data-commons/1.11.0.RELEASE/935cd4ab0a1a07358d7f0c9c808f9113dc177bd8/spring-data-commons-1.11.0.RELEASE.jar!/org/springframework/data/mapping/context/PersistentEntities.class], URL [jar:file:/Users/yjayaraman/.gradle/caches/modules-2/files-2.1/org.springframework.data/spring-data-commons/1.11.0.RELEASE/935cd4ab0a1a07358d7f0c9c808f9113dc177bd8/spring-data-commons-1.11.0.RELEASE.jar!/org/springframework/data/mapping/PersistentProperty.class], URL [jar:file:/Users/yjayaraman/.gradle/caches/modules-2/files-2.1/org.springframework.data/spring-data-commons/1.11.0.RELEASE/935cd4ab0a1a07358d7f0c9c808f9113dc177bd8/spring-data-commons-1.11.0.RELEASE.jar!/org/springframework/data/mapping/PreferredConstructor.class], URL [jar:file:/Users/yjayaraman/.gradle/caches/modules-2/files-2.1/org.springframework.data/spring-data-commons/1.11.0.RELEASE/935cd4ab0a1a07358d7f0c9c808f9113dc177bd8/spring-data-commons-1.11.0.RELEASE.jar!/org/springframework/data/mapping/Association.class], URL [jar:file:/Users/yjayaraman/.gradle/caches/modules-2/files-2.1/org.springframework.data/spring-data-commons/1.11.0.RELEASE/935cd4ab0a1a07358d7f0c9c808f9113dc177bd8/spring-data-commons-1.11.0.RELEASE.jar!/org/springframework/data/mapping/SimplePropertyHandler.class], URL [jar:file:/Users/yjayaraman/.gradle/caches/modules-2/files-2.1/org.springframework.data/spring-data-commons/1.11.0.RELEASE/935cd4ab0a1a07358d7f0c9c808f9113dc177bd8/spring-data-commons-1.11.0.RELEASE.jar!/org/springframework/data/mapping/IdentifierAccessor.class], URL [jar:file:/Users/yjayaraman/.gradle/caches/modules-2/files-2.1/org.springframework.data/spring-data-commons/1.11.0.RELEASE/935cd4ab0a1a07358d7f0c9c808f9113dc177bd8/spring-data-commons-1.11.0.RELEASE.jar!/org/springframework/data/mapping/PersistentPropertyAccessor.class], URL [jar:file:/Users/yjayaraman/.gradle/caches/modules-2/files-2.1/org.springframework.data/spring-data-commons/1.11.0.RELEASE/935cd4ab0a1a07358d7f0c9c808f9113dc177bd8/spring-data-commons-1.11.0.RELEASE.jar!/org/springframework/data/mapping/PropertyPath.class], URL [jar:file:/Users/yjayaraman/.gradle/caches/modules-2/files-2.1/org.springframework.data/spring-data-commons/1.11.0.RELEASE/935cd4ab0a1a07358d7f0c9c808f9113dc177bd8/spring-data-commons-1.11.0.RELEASE.jar!/org/springframework/data/mapping/PropertyHandler.class], URL [jar:file:/Users/yjayaraman/.gradle/caches/modules-2/files-2.1/org.springframework.data/spring-data-commons/1.11.0.RELEASE/935cd4ab0a1a07358d7f0c9c808f9113dc177bd8/spring-data-commons-1.11.0.RELEASE.jar!/org/springframework/data/mapping/PropertyReferenceException.class], URL [jar:file:/Users/yjayaraman/.gradle/caches/modules-2/files-2.1/org.springframework.data/spring-data-commons/1.11.0.RELEASE/935cd4ab0a1a07358d7f0c9c808f9113dc177bd8/spring-data-commons-1.11.0.RELEASE.jar!/org/springframework/data/mapping/AssociationHandler.class], URL [jar:file:/Users/yjayaraman/.gradle/caches/modules-2/files-2.1/org.springframework.data/spring-data-commons/1.11.0.RELEASE/935cd4ab0a1a07358d7f0c9c808f9113dc177bd8/spring-data-commons-1.11.0.RELEASE.jar!/org/springframework/data/mapping/PersistentEntity.class], URL [jar:file:/Users/yjayaraman/.gradle/caches/modules-2/files-2.1/org.springframework.data/spring-data-commons/1.11.0.RELEASE/935cd4ab0a1a07358d7f0c9c808f9113dc177bd8/spring-data-commons-1.11.0.RELEASE.jar!/org/springframework/data/mapping/PreferredConstructor$Parameter.class], URL [jar:file:/Users/yjayaraman/.gradle/caches/modules-2/files-2.1/org.springframework.data/spring-data-commons/1.11.0.RELEASE/935cd4ab0a1a07358d7f0c9c808f9113dc177bd8/spring-data-commons-1.11.0.RELEASE.jar!/org/springframework/data/mapping/SimpleAssociationHandler.class], URL [jar:file:/Users/yjayaraman/.gradle/caches/modules-2/files-2.1/org.springframework.data/spring-data-commons/1.11.0.RELEASE/935cd4ab0a1a07358d7f0c9c808f9113dc177bd8/spring-data-commons-1.11.0.RELEASE.jar!/org/springframework/data/geo/GeoModule$DistanceMixin.class], URL [jar:file:/Users/yjayaraman/.gradle/caches/modules-2/files-2.1/org.springframework.data/spring-data-commons/1.11.0.RELEASE/935cd4ab0a1a07358d7f0c9c808f9113dc177bd8/spring-data-commons-1.11.0.RELEASE.jar!/org/springframework/data/geo/GeoPage.class], URL [jar:file:/Users/yjayaraman/.gradle/caches/modules-2/files-2.1/org.springframework.data/spring-data-commons/1.11.0.RELEASE/935cd4ab0a1a07358d7f0c9c808f9113dc177bd8/spring-data-commons-1.11.0.RELEASE.jar!/org/springframework/data/geo/CustomMetric.class], URL [jar:file:/Users/yjayaraman/.gradle/caches/modules-2/files-2.1/org.springframework.data/spring-data-commons/1.11.0.RELEASE/935cd4ab0a1a07358d7f0c9c808f9113dc177bd8/spring-data-commons-1.11.0.RELEASE.jar!/org/springframework/data/geo/GeoModule.class], URL [jar:file:/Users/yjayaraman/.gradle/caches/modules-2/files-2.1/org.springframework.data/spring-data-commons/1.11.0.RELEASE/935cd4ab0a1a07358d7f0c9c808f9113dc177bd8/spring-data-commons-1.11.0.RELEASE.jar!/org/springframework/data/geo/GeoModule$PointMixin.class], URL [jar:file:/Users/yjayaraman/.gradle/caches/modules-2/files-2.1/org.springframework.data/spring-data-commons/1.11.0.RELEASE/935cd4ab0a1a07358d7f0c9c808f9113dc177bd8/spring-data-commons-1.11.0.RELEASE.jar!/org/springframework/data/geo/GeoResults.class], URL [jar:file:/Users/yjayaraman/.gradle/caches/modules-2/files-2.1/org.springframework.data/spring-data-commons/1.11.0.RELEASE/935cd4ab0a1a07358d7f0c9c808f9113dc177bd8/spring-data-commons-1.11.0.RELEASE.jar!/org/springframework/data/geo/Distance.class], URL [jar:file:/Users/yjayaraman/.gradle/caches/modules-2/files-2.1/org.springframework.data/spring-data-commons/1.11.0.RELEASE/935cd4ab0a1a07358d7f0c9c808f9113dc177bd8/spring-data-commons-1.11.0.RELEASE.jar!/org/springframework/data/geo/GeoModule$CircleMixin.class], URL [jar:file:/Users/yjayaraman/.gradle/caches/modules-2/files-2.1/org.springframework.data/spring-data-commons/1.11.0.RELEASE/935cd4ab0a1a07358d7f0c9c808f9113dc177bd8/spring-data-commons-1.11.0.RELEASE.jar!/org/springframework/data/geo/Circle.class], URL [jar:file:/Users/yjayaraman/.gradle/caches/modules-2/files-2.1/org.springframework.data/spring-data-commons/1.11.0.RELEASE/935cd4ab0a1a07358d7f0c9c808f9113dc177bd8/spring-data-commons-1.11.0.RELEASE.jar!/org/springframework/data/geo/GeoModule$PolygonMixin.class], URL [jar:file:/Users/yjayaraman/.gradle/caches/modules-2/files-2.1/org.springframework.data/spring-data-commons/1.11.0.RELEASE/935cd4ab0a1a07358d7f0c9c808f9113dc177bd8/spring-data-commons-1.11.0.RELEASE.jar!/org/springframework/data/geo/Polygon.class], URL [jar:file:/Users/yjayaraman/.gradle/caches/modules-2/files-2.1/org.springframework.data/spring-data-commons/1.11.0.RELEASE/935cd4ab0a1a07358d7f0c9c808f9113dc177bd8/spring-data-commons-1.11.0.RELEASE.jar!/org/springframework/data/geo/Metrics.class], URL [jar:file:/Users/yjayaraman/.gradle/caches/modules-2/files-2.1/org.springframework.data/spring-data-commons/1.11.0.RELEASE/935cd4ab0a1a07358d7f0c9c808f9113dc177bd8/spring-data-commons-1.11.0.RELEASE.jar!/org/springframework/data/geo/Point.class], URL [jar:file:/Users/yjayaraman/.gradle/caches/modules-2/files-2.1/org.springframework.data/spring-data-commons/1.11.0.RELEASE/935cd4ab0a1a07358d7f0c9c808f9113dc177bd8/spring-data-commons-1.11.0.RELEASE.jar!/org/springframework/data/geo/Box.class], URL [jar:file:/Users/yjayaraman/.gradle/caches/modules-2/files-2.1/org.springframework.data/spring-data-commons/1.11.0.RELEASE/935cd4ab0a1a07358d7f0c9c808f9113dc177bd8/spring-data-commons-1.11.0.RELEASE.jar!/org/springframework/data/geo/format/PointFormatter.class], URL [jar:file:/Users/yjayaraman/.gradle/caches/modules-2/files-2.1/org.springframework.data/spring-data-commons/1.11.0.RELEASE/935cd4ab0a1a07358d7f0c9c808f9113dc177bd8/spring-data-commons-1.11.0.RELEASE.jar!/org/springframework/data/geo/format/DistanceFormatter.class], URL [jar:file:/Users/yjayaraman/.gradle/caches/modules-2/files-2.1/org.springframework.data/spring-data-commons/1.11.0.RELEASE/935cd4ab0a1a07358d7f0c9c808f9113dc177bd8/spring-data-commons-1.11.0.RELEASE.jar!/org/springframework/data/geo/Metric.class], URL [jar:file:/Users/yjayaraman/.gradle/caches/modules-2/files-2.1/org.springframework.data/spring-data-commons/1.11.0.RELEASE/935cd4ab0a1a07358d7f0c9c808f9113dc177bd8/spring-data-commons-1.11.0.RELEASE.jar!/org/springframework/data/geo/GeoResult.class], URL [jar:file:/Users/yjayaraman/.gradle/caches/modules-2/files-2.1/org.springframework.data/spring-data-commons/1.11.0.RELEASE/935cd4ab0a1a07358d7f0c9c808f9113dc177bd8/spring-data-commons-1.11.0.RELEASE.jar!/org/springframework/data/geo/GeoModule$BoxMixin.class], URL [jar:file:/Users/yjayaraman/.gradle/caches/modules-2/files-2.1/org.springframework.data/spring-data-commons/1.11.0.RELEASE/935cd4ab0a1a07358d7f0c9c808f9113dc177bd8/spring-data-commons-1.11.0.RELEASE.jar!/org/springframework/data/geo/Shape.class], URL [jar:file:/Users/yjayaraman/.gradle/caches/modules-2/files-2.1/org.springframework.data/spring-data-commons/1.11.0.RELEASE/935cd4ab0a1a07358d7f0c9c808f9113dc177bd8/spring-data-commons-1.11.0.RELEASE.jar!/org/springframework/data/web/MapDataBinder$MapPropertyAccessor$PropertyTraversingMapAccessor.class], URL [jar:file:/Users/yjayaraman/.gradle/caches/modules-2/files-2.1/org.springframework.data/spring-data-commons/1.11.0.RELEASE/935cd4ab0a1a07358d7f0c9c808f9113dc177bd8/spring-data-commons-1.11.0.RELEASE.jar!/org/springframework/data/web/PageableDefault.class], URL [jar:file:/Users/yjayaraman/.gradle/caches/modules-2/files-2.1/org.springframework.data/spring-data-commons/1.11.0.RELEASE/935cd4ab0a1a07358d7f0c9c808f9113dc177bd8/spring-data-commons-1.11.0.RELEASE.jar!/org/springframework/data/web/MapDataBinder.class], URL [jar:file:/Users/yjayaraman/.gradle/caches/modules-2/files-2.1/org.springframework.data/spring-data-commons/1.11.0.RELEASE/935cd4ab0a1a07358d7f0c9c808f9113dc177bd8/spring-data-commons-1.11.0.RELEASE.jar!/org/springframework/data/web/PageableHandlerMethodArgumentResolver.class], URL [jar:file:/Users/yjayaraman/.gradle/caches/modules-2/files-2.1/org.springframework.data/spring-data-commons/1.11.0.RELEASE/935cd4ab0a1a07358d7f0c9c808f9113dc177bd8/spring-data-commons-1.11.0.RELEASE.jar!/org/springframework/data/web/SpringDataAnnotationUtils.class], URL [jar:file:/Users/yjayaraman/.gradle/caches/modules-2/files-2.1/org.springframework.data/spring-data-commons/1.11.0.RELEASE/935cd4ab0a1a07358d7f0c9c808f9113dc177bd8/spring-data-commons-1.11.0.RELEASE.jar!/org/springframework/data/web/ProxyingHandlerMethodArgumentResolver.class], URL [jar:file:/Users/yjayaraman/.gradle/caches/modules-2/files-2.1/org.springframework.data/spring-data-commons/1.11.0.RELEASE/935cd4ab0a1a07358d7f0c9c808f9113dc177bd8/spring-data-commons-1.11.0.RELEASE.jar!/org/springframework/data/web/querydsl/QuerydslPredicateArgumentResolver.class], URL [jar:file:/Users/yjayaraman/.gradle/caches/modules-2/files-2.1/org.springframework.data/spring-data-commons/1.11.0.RELEASE/935cd4ab0a1a07358d7f0c9c808f9113dc177bd8/spring-data-commons-1.11.0.RELEASE.jar!/org/springframework/data/web/PagedResourcesAssemblerArgumentResolver.class], URL [jar:file:/Users/yjayaraman/.gradle/caches/modules-2/files-2.1/org.springframework.data/spring-data-commons/1.11.0.RELEASE/935cd4ab0a1a07358d7f0c9c808f9113dc177bd8/spring-data-commons-1.11.0.RELEASE.jar!/org/springframework/data/web/SortHandlerMethodArgumentResolver.class], URL [jar:file:/Users/yjayaraman/.gradle/caches/modules-2/files-2.1/org.springframework.data/spring-data-commons/1.11.0.RELEASE/935cd4ab0a1a07358d7f0c9c808f9113dc177bd8/spring-data-commons-1.11.0.RELEASE.jar!/org/springframework/data/web/PagedResourcesAssembler$SimplePagedResourceAssembler.class], URL [jar:file:/Users/yjayaraman/.gradle/caches/modules-2/files-2.1/org.springframework.data/spring-data-commons/1.11.0.RELEASE/935cd4ab0a1a07358d7f0c9c808f9113dc177bd8/spring-data-commons-1.11.0.RELEASE.jar!/org/springframework/data/web/MapDataBinder$MapPropertyAccessor.class], URL [jar:file:/Users/yjayaraman/.gradle/caches/modules-2/files-2.1/org.springframework.data/spring-data-commons/1.11.0.RELEASE/935cd4ab0a1a07358d7f0c9c808f9113dc177bd8/spring-data-commons-1.11.0.RELEASE.jar!/org/springframework/data/web/SortDefault.class], URL [jar:file:/Users/yjayaraman/.gradle/caches/modules-2/files-2.1/org.springframework.data/spring-data-commons/1.11.0.RELEASE/935cd4ab0a1a07358d7f0c9c808f9113dc177bd8/spring-data-commons-1.11.0.RELEASE.jar!/org/springframework/data/web/HateoasPageableHandlerMethodArgumentResolver.class], URL [jar:file:/Users/yjayaraman/.gradle/caches/modules-2/files-2.1/org.springframework.data/spring-data-commons/1.11.0.RELEASE/935cd4ab0a1a07358d7f0c9c808f9113dc177bd8/spring-data-commons-1.11.0.RELEASE.jar!/org/springframework/data/web/HateoasSortHandlerMethodArgumentResolver.class], URL [jar:file:/Users/yjayaraman/.gradle/caches/modules-2/files-2.1/org.springframework.data/spring-data-commons/1.11.0.RELEASE/935cd4ab0a1a07358d7f0c9c808f9113dc177bd8/spring-data-commons-1.11.0.RELEASE.jar!/org/springframework/data/web/config/SpringDataWebConfiguration.class], URL [jar:file:/Users/yjayaraman/.gradle/caches/modules-2/files-2.1/org.springframework.data/spring-data-commons/1.11.0.RELEASE/935cd4ab0a1a07358d7f0c9c808f9113dc177bd8/spring-data-commons-1.11.0.RELEASE.jar!/org/springframework/data/web/config/EnableSpringDataWebSupport$SpringDataWebConfigurationImportSelector.class], URL [jar:file:/Users/yjayaraman/.gradle/caches/modules-2/files-2.1/org.springframework.data/spring-data-commons/1.11.0.RELEASE/935cd4ab0a1a07358d7f0c9c808f9113dc177bd8/spring-data-commons-1.11.0.RELEASE.jar!/org/springframework/data/web/config/SpringDataJacksonConfiguration.class], URL [jar:file:/Users/yjayaraman/.gradle/caches/modules-2/files-2.1/org.springframework.data/spring-data-commons/1.11.0.RELEASE/935cd4ab0a1a07358d7f0c9c808f9113dc177bd8/spring-data-commons-1.11.0.RELEASE.jar!/org/springframework/data/web/config/EnableSpringDataWebSupport$QuerydslActivator.class], URL [jar:file:/Users/yjayaraman/.gradle/caches/modules-2/files-2.1/org.springframework.data/spring-data-commons/1.11.0.RELEASE/935cd4ab0a1a07358d7f0c9c808f9113dc177bd8/spring-data-commons-1.11.0.RELEASE.jar!/org/springframework/data/web/config/EnableSpringDataWebSupport.class], URL [jar:file:/Users/yjayaraman/.gradle/caches/modules-2/files-2.1/org.springframework.data/spring-data-commons/1.11.0.RELEASE/935cd4ab0a1a07358d7f0c9c808f9113dc177bd8/spring-data-commons-1.11.0.RELEASE.jar!/org/springframework/data/web/config/HateoasAwareSpringDataWebConfiguration.class], URL [jar:file:/Users/yjayaraman/.gradle/caches/modules-2/files-2.1/org.springframework.data/spring-data-commons/1.11.0.RELEASE/935cd4ab0a1a07358d7f0c9c808f9113dc177bd8/spring-data-commons-1.11.0.RELEASE.jar!/org/springframework/data/web/config/QuerydslWebConfiguration.class], URL [jar:file:/Users/yjayaraman/.gradle/caches/modules-2/files-2.1/org.springframework.data/spring-data-commons/1.11.0.RELEASE/935cd4ab0a1a07358d7f0c9c808f9113dc177bd8/spring-data-commons-1.11.0.RELEASE.jar!/org/springframework/data/web/config/SpringDataWebConfigurationMixin.class], URL [jar:file:/Users/yjayaraman/.gradle/caches/modules-2/files-2.1/org.springframework.data/spring-data-commons/1.11.0.RELEASE/935cd4ab0a1a07358d7f0c9c808f9113dc177bd8/spring-data-commons-1.11.0.RELEASE.jar!/org/springframework/data/web/SortDefault$SortDefaults.class], URL [jar:file:/Users/yjayaraman/.gradle/caches/modules-2/files-2.1/org.springframework.data/spring-data-commons/1.11.0.RELEASE/935cd4ab0a1a07358d7f0c9c808f9113dc177bd8/spring-data-commons-1.11.0.RELEASE.jar!/org/springframework/data/web/PagedResourcesAssembler.class], URL [jar:file:/Users/yjayaraman/.gradle/caches/modules-2/files-2.1/org.springframework.data/spring-data-commons/1.11.0.RELEASE/935cd4ab0a1a07358d7f0c9c808f9113dc177bd8/spring-data-commons-1.11.0.RELEASE.jar!/org/springframework/data/web/SortHandlerMethodArgumentResolver$ExpressionBuilder.class], URL [jar:file:/Users/yjayaraman/.gradle/caches/modules-2/files-2.1/org.springframework.data/spring-data-commons/1.11.0.RELEASE/935cd4ab0a1a07358d7f0c9c808f9113dc177bd8/spring-data-commons-1.11.0.RELEASE.jar!/org/springframework/data/web/PagedResourcesAssembler$1.class], URL [jar:file:/Users/yjayaraman/.gradle/caches/modules-2/files-2.1/org.springframework.data/spring-data-commons/1.11.0.RELEASE/935cd4ab0a1a07358d7f0c9c808f9113dc177bd8/spring-data-commons-1.11.0.RELEASE.jar!/org/springframework/data/web/MethodParameterAwarePagedResourcesAssembler.class], URL [jar:file:/Users/yjayaraman/.gradle/caches/modules-2/files-2.1/org.springframework.data/spring-data-commons/1.11.0.RELEASE/935cd4ab0a1a07358d7f0c9c808f9113dc177bd8/spring-data-commons-1.11.0.RELEASE.jar!/org/springframework/data/util/ReflectionUtils$DescribedFieldFilter.class], URL [jar:file:/Users/yjayaraman/.gradle/caches/modules-2/files-2.1/org.springframework.data/spring-data-commons/1.11.0.RELEASE/935cd4ab0a1a07358d7f0c9c808f9113dc177bd8/spring-data-commons-1.11.0.RELEASE.jar!/org/springframework/data/util/TypeVariableTypeInformation.class], URL [jar:file:/Users/yjayaraman/.gradle/caches/modules-2/files-2.1/org.springframework.data/spring-data-commons/1.11.0.RELEASE/935cd4ab0a1a07358d7f0c9c808f9113dc177bd8/spring-data-commons-1.11.0.RELEASE.jar!/org/springframework/data/util/StreamUtils.class], URL [jar:file:/Users/yjayaraman/.gradle/caches/modules-2/files-2.1/org.springframework.data/spring-data-commons/1.11.0.RELEASE/935cd4ab0a1a07358d7f0c9c808f9113dc177bd8/spring-data-commons-1.11.0.RELEASE.jar!/org/springframework/data/util/AnnotatedTypeScanner.class], URL [jar:file:/Users/yjayaraman/.gradle/caches/modules-2/files-2.1/org.springframework.data/spring-data-commons/1.11.0.RELEASE/935cd4ab0a1a07358d7f0c9c808f9113dc177bd8/spring-data-commons-1.11.0.RELEASE.jar!/org/springframework/data/util/GenericArrayTypeInformation.class], URL [jar:file:/Users/yjayaraman/.gradle/caches/modules-2/files-2.1/org.springframework.data/spring-data-commons/1.11.0.RELEASE/935cd4ab0a1a07358d7f0c9c808f9113dc177bd8/spring-data-commons-1.11.0.RELEASE.jar!/org/springframework/data/util/ReflectionUtils$1.class], URL [jar:file:/Users/yjayaraman/.gradle/caches/modules-2/files-2.1/org.springframework.data/spring-data-commons/1.11.0.RELEASE/935cd4ab0a1a07358d7f0c9c808f9113dc177bd8/spring-data-commons-1.11.0.RELEASE.jar!/org/springframework/data/util/StreamUtils$CloseableIteratorDisposingRunnable.class], URL [jar:file:/Users/yjayaraman/.gradle/caches/modules-2/files-2.1/org.springframework.data/spring-data-commons/1.11.0.RELEASE/935cd4ab0a1a07358d7f0c9c808f9113dc177bd8/spring-data-commons-1.11.0.RELEASE.jar!/org/springframework/data/util/ParsingUtils.class], URL [jar:file:/Users/yjayaraman/.gradle/caches/modules-2/files-2.1/org.springframework.data/spring-data-commons/1.11.0.RELEASE/935cd4ab0a1a07358d7f0c9c808f9113dc177bd8/spring-data-commons-1.11.0.RELEASE.jar!/org/springframework/data/util/ParentTypeAwareTypeInformation.class], URL [jar:file:/Users/yjayaraman/.gradle/caches/modules-2/files-2.1/org.springframework.data/spring-data-commons/1.11.0.RELEASE/935cd4ab0a1a07358d7f0c9c808f9113dc177bd8/spring-data-commons-1.11.0.RELEASE.jar!/org/springframework/data/util/AnnotationDetectionMethodCallback.class], URL [jar:file:/Users/yjayaraman/.gradle/caches/modules-2/files-2.1/org.springframework.data/spring-data-commons/1.11.0.RELEASE/935cd4ab0a1a07358d7f0c9c808f9113dc177bd8/spring-data-commons-1.11.0.RELEASE.jar!/org/springframework/data/util/ParameterizedTypeInformation.class], URL [jar:file:/Users/yjayaraman/.gradle/caches/modules-2/files-2.1/org.springframework.data/spring-data-commons/1.11.0.RELEASE/935cd4ab0a1a07358d7f0c9c808f9113dc177bd8/spring-data-commons-1.11.0.RELEASE.jar!/org/springframework/data/util/CacheValue.class], URL [jar:file:/Users/yjayaraman/.gradle/caches/modules-2/files-2.1/org.springframework.data/spring-data-commons/1.11.0.RELEASE/935cd4ab0a1a07358d7f0c9c808f9113dc177bd8/spring-data-commons-1.11.0.RELEASE.jar!/org/springframework/data/util/TypeInformation.class], URL [jar:file:/Users/yjayaraman/.gradle/caches/modules-2/files-2.1/org.springframework.data/spring-data-commons/1.11.0.RELEASE/935cd4ab0a1a07358d7f0c9c808f9113dc177bd8/spring-data-commons-1.11.0.RELEASE.jar!/org/springframework/data/util/ClassTypeInformation.class], URL [jar:file:/Users/yjayaraman/.gradle/caches/modules-2/files-2.1/org.springframework.data/spring-data-commons/1.11.0.RELEASE/935cd4ab0a1a07358d7f0c9c808f9113dc177bd8/spring-data-commons-1.11.0.RELEASE.jar!/org/springframework/data/util/AnnotatedTypeScanner$InterfaceAwareScanner.class], URL [jar:file:/Users/yjayaraman/.gradle/caches/modules-2/files-2.1/org.springframework.data/spring-data-commons/1.11.0.RELEASE/935cd4ab0a1a07358d7f0c9c808f9113dc177bd8/spring-data-commons-1.11.0.RELEASE.jar!/org/springframework/data/util/DirectFieldAccessFallbackBeanWrapper.class], URL [jar:file:/Users/yjayaraman/.gradle/caches/modules-2/files-2.1/org.springframework.data/spring-data-commons/1.11.0.RELEASE/935cd4ab0a1a07358d7f0c9c808f9113dc177bd8/spring-data-commons-1.11.0.RELEASE.jar!/org/springframework/data/util/TypeDiscoverer.class], URL [jar:file:/Users/yjayaraman/.gradle/caches/modules-2/files-2.1/org.springframework.data/spring-data-commons/1.11.0.RELEASE/935cd4ab0a1a07358d7f0c9c808f9113dc177bd8/spring-data-commons-1.11.0.RELEASE.jar!/org/springframework/data/util/AnnotationDetectionFieldCallback.class], URL [jar:file:/Users/yjayaraman/.gradle/caches/modules-2/files-2.1/org.springframework.data/spring-data-commons/1.11.0.RELEASE/935cd4ab0a1a07358d7f0c9c808f9113dc177bd8/spring-data-commons-1.11.0.RELEASE.jar!/org/springframework/data/util/Version.class], URL [jar:file:/Users/yjayaraman/.gradle/caches/modules-2/files-2.1/org.springframework.data/spring-data-commons/1.11.0.RELEASE/935cd4ab0a1a07358d7f0c9c808f9113dc177bd8/spring-data-commons-1.11.0.RELEASE.jar!/org/springframework/data/util/ReflectionUtils$AnnotationFieldFilter.class], URL [jar:file:/Users/yjayaraman/.gradle/caches/modules-2/files-2.1/org.springframework.data/spring-data-commons/1.11.0.RELEASE/935cd4ab0a1a07358d7f0c9c808f9113dc177bd8/spring-data-commons-1.11.0.RELEASE.jar!/org/springframework/data/util/CloseableIterator.class], URL [jar:file:/Users/yjayaraman/.gradle/caches/modules-2/files-2.1/org.springframework.data/spring-data-commons/1.11.0.RELEASE/935cd4ab0a1a07358d7f0c9c808f9113dc177bd8/spring-data-commons-1.11.0.RELEASE.jar!/org/springframework/data/util/ReflectionUtils.class], URL [jar:file:/Users/yjayaraman/.gradle/caches/modules-2/files-2.1/org.springframework.data/spring-data-commons/1.11.0.RELEASE/935cd4ab0a1a07358d7f0c9c808f9113dc177bd8/spring-data-commons-1.11.0.RELEASE.jar!/org/springframework/data/convert/ConfigurableTypeInformationMapper.class], URL [jar:file:/Users/yjayaraman/.gradle/caches/modules-2/files-2.1/org.springframework.data/spring-data-commons/1.11.0.RELEASE/935cd4ab0a1a07358d7f0c9c808f9113dc177bd8/spring-data-commons-1.11.0.RELEASE.jar!/org/springframework/data/convert/ThreeTenBackPortConverters.class], URL [jar:file:/Users/yjayaraman/.gradle/caches/modules-2/files-2.1/org.springframework.data/spring-data-commons/1.11.0.RELEASE/935cd4ab0a1a07358d7f0c9c808f9113dc177bd8/spring-data-commons-1.11.0.RELEASE.jar!/org/springframework/data/convert/ClassGeneratingEntityInstantiator$ObjectInstantiatorClassGenerator$1.class], URL [jar:file:/Users/yjayaraman/.gradle/caches/modules-2/files-2.1/org.springframework.data/spring-data-commons/1.11.0.RELEASE/935cd4ab0a1a07358d7f0c9c808f9113dc177bd8/spring-data-commons-1.11.0.RELEASE.jar!/org/springframework/data/convert/WritingConverter.class], URL [jar:file:/Users/yjayaraman/.gradle/caches/modules-2/files-2.1/org.springframework.data/spring-data-commons/1.11.0.RELEASE/935cd4ab0a1a07358d7f0c9c808f9113dc177bd8/spring-data-commons-1.11.0.RELEASE.jar!/org/springframework/data/convert/Jsr310Converters$LocalDateTimeToDateConverter.class], URL [jar:file:/Users/yjayaraman/.gradle/caches/modules-2/files-2.1/org.springframework.data/spring-data-commons/1.11.0.RELEASE/935cd4ab0a1a07358d7f0c9c808f9113dc177bd8/spring-data-commons-1.11.0.RELEASE.jar!/org/springframework/data/convert/Jsr310Converters$InstantToDateConverter.class], URL [jar:file:/Users/yjayaraman/.gradle/caches/modules-2/files-2.1/org.springframework.data/spring-data-commons/1.11.0.RELEASE/935cd4ab0a1a07358d7f0c9c808f9113dc177bd8/spring-data-commons-1.11.0.RELEASE.jar!/org/springframework/data/convert/ReflectionEntityInstantiator.class], URL [jar:file:/Users/yjayaraman/.gradle/caches/modules-2/files-2.1/org.springframework.data/spring-data-commons/1.11.0.RELEASE/935cd4ab0a1a07358d7f0c9c808f9113dc177bd8/spring-data-commons-1.11.0.RELEASE.jar!/org/springframework/data/convert/TypeInformationMapper.class], URL [jar:file:/Users/yjayaraman/.gradle/caches/modules-2/files-2.1/org.springframework.data/spring-data-commons/1.11.0.RELEASE/935cd4ab0a1a07358d7f0c9c808f9113dc177bd8/spring-data-commons-1.11.0.RELEASE.jar!/org/springframework/data/convert/BytecodeGeneratingEntityInstantiator.class], URL [jar:file:/Users/yjayaraman/.gradle/caches/modules-2/files-2.1/org.springframework.data/spring-data-commons/1.11.0.RELEASE/935cd4ab0a1a07358d7f0c9c808f9113dc177bd8/spring-data-commons-1.11.0.RELEASE.jar!/org/springframework/data/convert/BytecodeGeneratingEntityInstantiator$ObjectInstantiator.class], URL [jar:file:/Users/yjayaraman/.gradle/caches/modules-2/files-2.1/org.springframework.data/spring-data-commons/1.11.0.RELEASE/935cd4ab0a1a07358d7f0c9c808f9113dc177bd8/spring-data-commons-1.11.0.RELEASE.jar!/org/springframework/data/convert/ThreeTenBackPortConverters$LocalTimeToDateConverter.class], URL [jar:file:/Users/yjayaraman/.gradle/caches/modules-2/files-2.1/org.springframework.data/spring-data-commons/1.11.0.RELEASE/935cd4ab0a1a07358d7f0c9c808f9113dc177bd8/spring-data-commons-1.11.0.RELEASE.jar!/org/springframework/data/convert/TypeAliasAccessor.class], URL [jar:file:/Users/yjayaraman/.gradle/caches/modules-2/files-2.1/org.springframework.data/spring-data-commons/1.11.0.RELEASE/935cd4ab0a1a07358d7f0c9c808f9113dc177bd8/spring-data-commons-1.11.0.RELEASE.jar!/org/springframework/data/convert/Jsr310Converters$LocalDateToDateConverter.class], URL [jar:file:/Users/yjayaraman/.gradle/caches/modules-2/files-2.1/org.springframework.data/spring-data-commons/1.11.0.RELEASE/935cd4ab0a1a07358d7f0c9c808f9113dc177bd8/spring-data-commons-1.11.0.RELEASE.jar!/org/springframework/data/convert/DefaultTypeMapper.class], URL [jar:file:/Users/yjayaraman/.gradle/caches/modules-2/files-2.1/org.springframework.data/spring-data-commons/1.11.0.RELEASE/935cd4ab0a1a07358d7f0c9c808f9113dc177bd8/spring-data-commons-1.11.0.RELEASE.jar!/org/springframework/data/convert/EntityReader.class], URL [jar:file:/Users/yjayaraman/.gradle/caches/modules-2/files-2.1/org.springframework.data/spring-data-commons/1.11.0.RELEASE/935cd4ab0a1a07358d7f0c9c808f9113dc177bd8/spring-data-commons-1.11.0.RELEASE.jar!/org/springframework/data/convert/MappingContextTypeInformationMapper.class], URL [jar:file:/Users/yjayaraman/.gradle/caches/modules-2/files-2.1/org.springframework.data/spring-data-commons/1.11.0.RELEASE/935cd4ab0a1a07358d7f0c9c808f9113dc177bd8/spring-data-commons-1.11.0.RELEASE.jar!/org/springframework/data/convert/JodaTimeConverters$LocalDateTimeToDateConverter.class], URL [jar:file:/Users/yjayaraman/.gradle/caches/modules-2/files-2.1/org.springframework.data/spring-data-commons/1.11.0.RELEASE/935cd4ab0a1a07358d7f0c9c808f9113dc177bd8/spring-data-commons-1.11.0.RELEASE.jar!/org/springframework/data/convert/TypeMapper.class], URL [jar:file:/Users/yjayaraman/.gradle/caches/modules-2/files-2.1/org.springframework.data/spring-data-commons/1.11.0.RELEASE/935cd4ab0a1a07358d7f0c9c808f9113dc177bd8/spring-data-commons-1.11.0.RELEASE.jar!/org/springframework/data/convert/ThreeTenBackPortConverters$DateToLocalDateConverter.class], URL [jar:file:/Users/yjayaraman/.gradle/caches/modules-2/files-2.1/org.springframework.data/spring-data-commons/1.11.0.RELEASE/935cd4ab0a1a07358d7f0c9c808f9113dc177bd8/spring-data-commons-1.11.0.RELEASE.jar!/org/springframework/data/convert/Jsr310Converters$DateToLocalDateConverter.class], URL [jar:file:/Users/yjayaraman/.gradle/caches/modules-2/files-2.1/org.springframework.data/spring-data-commons/1.11.0.RELEASE/935cd4ab0a1a07358d7f0c9c808f9113dc177bd8/spring-data-commons-1.11.0.RELEASE.jar!/org/springframework/data/convert/SimpleTypeInformationMapper.class], URL [jar:file:/Users/yjayaraman/.gradle/caches/modules-2/files-2.1/org.springframework.data/spring-data-commons/1.11.0.RELEASE/935cd4ab0a1a07358d7f0c9c808f9113dc177bd8/spring-data-commons-1.11.0.RELEASE.jar!/org/springframework/data/convert/JodaTimeConverters$DateToDateMidnightConverter.class], URL [jar:file:/Users/yjayaraman/.gradle/caches/modules-2/files-2.1/org.springframework.data/spring-data-commons/1.11.0.RELEASE/935cd4ab0a1a07358d7f0c9c808f9113dc177bd8/spring-data-commons-1.11.0.RELEASE.jar!/org/springframework/data/convert/JodaTimeConverters$DateToLocalDateTimeConverter.class], URL [jar:file:/Users/yjayaraman/.gradle/caches/modules-2/files-2.1/org.springframework.data/spring-data-commons/1.11.0.RELEASE/935cd4ab0a1a07358d7f0c9c808f9113dc177bd8/spring-data-commons-1.11.0.RELEASE.jar!/org/springframework/data/convert/ThreeTenBackPortConverters$DateToLocalDateTimeConverter.class], URL [jar:file:/Users/yjayaraman/.gradle/caches/modules-2/files-2.1/org.springframework.data/spring-data-commons/1.11.0.RELEASE/935cd4ab0a1a07358d7f0c9c808f9113dc177bd8/spring-data-commons-1.11.0.RELEASE.jar!/org/springframework/data/convert/JodaTimeConverters$DateToLocalDateConverter.class], URL [jar:file:/Users/yjayaraman/.gradle/caches/modules-2/files-2.1/org.springframework.data/spring-data-commons/1.11.0.RELEASE/935cd4ab0a1a07358d7f0c9c808f9113dc177bd8/spring-data-commons-1.11.0.RELEASE.jar!/org/springframework/data/convert/EntityConverter.class], URL [jar:file:/Users/yjayaraman/.gradle/caches/modules-2/files-2.1/org.springframework.data/spring-data-commons/1.11.0.RELEASE/935cd4ab0a1a07358d7f0c9c808f9113dc177bd8/spring-data-commons-1.11.0.RELEASE.jar!/org/springframework/data/convert/EntityInstantiators.class], URL [jar:file:/Users/yjayaraman/.gradle/caches/modules-2/files-2.1/org.springframework.data/spring-data-commons/1.11.0.RELEASE/935cd4ab0a1a07358d7f0c9c808f9113dc177bd8/spring-data-commons-1.11.0.RELEASE.jar!/org/springframework/data/convert/ClassGeneratingEntityInstantiator$EntityInstantiatorAdapter.class], URL [jar:file:/Users/yjayaraman/.gradle/caches/modules-2/files-2.1/org.springframework.data/spring-data-commons/1.11.0.RELEASE/935cd4ab0a1a07358d7f0c9c808f9113dc177bd8/spring-data-commons-1.11.0.RELEASE.jar!/org/springframework/data/convert/ThreeTenBackPortConverters$LocalDateTimeToDateConverter.class], URL [jar:file:/Users/yjayaraman/.gradle/caches/modules-2/files-2.1/org.springframework.data/spring-data-commons/1.11.0.RELEASE/935cd4ab0a1a07358d7f0c9c808f9113dc177bd8/spring-data-commons-1.11.0.RELEASE.jar!/org/springframework/data/convert/Jsr310Converters$DateToLocalDateTimeConverter.class], URL [jar:file:/Users/yjayaraman/.gradle/caches/modules-2/files-2.1/org.springframework.data/spring-data-commons/1.11.0.RELEASE/935cd4ab0a1a07358d7f0c9c808f9113dc177bd8/spring-data-commons-1.11.0.RELEASE.jar!/org/springframework/data/convert/JodaTimeConverters$DateMidnightToDateConverter.class], URL [jar:file:/Users/yjayaraman/.gradle/caches/modules-2/files-2.1/org.springframework.data/spring-data-commons/1.11.0.RELEASE/935cd4ab0a1a07358d7f0c9c808f9113dc177bd8/spring-data-commons-1.11.0.RELEASE.jar!/org/springframework/data/convert/ClassGeneratingEntityInstantiator$ObjectInstantiatorClassGenerator$ByteArrayClassLoader.class], URL [jar:file:/Users/yjayaraman/.gradle/caches/modules-2/files-2.1/org.springframework.data/spring-data-commons/1.11.0.RELEASE/935cd4ab0a1a07358d7f0c9c808f9113dc177bd8/spring-data-commons-1.11.0.RELEASE.jar!/org/springframework/data/convert/JodaTimeConverters$LocalDateToDateConverter.class], URL [jar:file:/Users/yjayaraman/.gradle/caches/modules-2/files-2.1/org.springframework.data/spring-data-commons/1.11.0.RELEASE/935cd4ab0a1a07358d7f0c9c808f9113dc177bd8/spring-data-commons-1.11.0.RELEASE.jar!/org/springframework/data/convert/Jsr310Converters$DateToInstantConverter.class], URL [jar:file:/Users/yjayaraman/.gradle/caches/modules-2/files-2.1/org.springframework.data/spring-data-commons/1.11.0.RELEASE/935cd4ab0a1a07358d7f0c9c808f9113dc177bd8/spring-data-commons-1.11.0.RELEASE.jar!/org/springframework/data/convert/ClassGeneratingEntityInstantiator$1.class], URL [jar:file:/Users/yjayaraman/.gradle/caches/modules-2/files-2.1/org.springframework.data/spring-data-commons/1.11.0.RELEASE/935cd4ab0a1a07358d7f0c9c808f9113dc177bd8/spring-data-commons-1.11.0.RELEASE.jar!/org/springframework/data/convert/ReadingConverter.class], URL [jar:file:/Users/yjayaraman/.gradle/caches/modules-2/files-2.1/org.springframework.data/spring-data-commons/1.11.0.RELEASE/935cd4ab0a1a07358d7f0c9c808f9113dc177bd8/spring-data-commons-1.11.0.RELEASE.jar!/org/springframework/data/convert/ClassGeneratingEntityInstantiator$ObjectInstantiatorClassGenerator.class], URL [jar:file:/Users/yjayaraman/.gradle/caches/modules-2/files-2.1/org.springframework.data/spring-data-commons/1.11.0.RELEASE/935cd4ab0a1a07358d7f0c9c808f9113dc177bd8/spring-data-commons-1.11.0.RELEASE.jar!/org/springframework/data/convert/ThreeTenBackPortConverters$LocalDateToDateConverter.class], URL [jar:file:/Users/yjayaraman/.gradle/caches/modules-2/files-2.1/org.springframework.data/spring-data-commons/1.11.0.RELEASE/935cd4ab0a1a07358d7f0c9c808f9113dc177bd8/spring-data-commons-1.11.0.RELEASE.jar!/org/springframework/data/convert/Jsr310Converters$LocalTimeToDateConverter.class], URL [jar:file:/Users/yjayaraman/.gradle/caches/modules-2/files-2.1/org.springframework.data/spring-data-commons/1.11.0.RELEASE/935cd4ab0a1a07358d7f0c9c808f9113dc177bd8/spring-data-commons-1.11.0.RELEASE.jar!/org/springframework/data/convert/JodaTimeConverters.class], URL [jar:file:/Users/yjayaraman/.gradle/caches/modules-2/files-2.1/org.springframework.data/spring-data-commons/1.11.0.RELEASE/935cd4ab0a1a07358d7f0c9c808f9113dc177bd8/spring-data-commons-1.11.0.RELEASE.jar!/org/springframework/data/convert/ThreeTenBackPortConverters$DateToInstantConverter.class], URL [jar:file:/Users/yjayaraman/.gradle/caches/modules-2/files-2.1/org.springframework.data/spring-data-commons/1.11.0.RELEASE/935cd4ab0a1a07358d7f0c9c808f9113dc177bd8/spring-data-commons-1.11.0.RELEASE.jar!/org/springframework/data/convert/ClassGeneratingEntityInstantiator.class], URL [jar:file:/Users/yjayaraman/.gradle/caches/modules-2/files-2.1/org.springframework.data/spring-data-commons/1.11.0.RELEASE/935cd4ab0a1a07358d7f0c9c808f9113dc177bd8/spring-data-commons-1.11.0.RELEASE.jar!/org/springframework/data/convert/EntityWriter.class], URL [jar:file:/Users/yjayaraman/.gradle/caches/modules-2/files-2.1/org.springframework.data/spring-data-commons/1.11.0.RELEASE/935cd4ab0a1a07358d7f0c9c808f9113dc177bd8/spring-data-commons-1.11.0.RELEASE.jar!/org/springframework/data/convert/JodaTimeConverters$DateTimeToDateConverter.class], URL [jar:file:/Users/yjayaraman/.gradle/caches/modules-2/files-2.1/org.springframework.data/spring-data-commons/1.11.0.RELEASE/935cd4ab0a1a07358d7f0c9c808f9113dc177bd8/spring-data-commons-1.11.0.RELEASE.jar!/org/springframework/data/convert/JodaTimeConverters$DateToDateTimeConverter.class], URL [jar:file:/Users/yjayaraman/.gradle/caches/modules-2/files-2.1/org.springframework.data/spring-data-commons/1.11.0.RELEASE/935cd4ab0a1a07358d7f0c9c808f9113dc177bd8/spring-data-commons-1.11.0.RELEASE.jar!/org/springframework/data/convert/ThreeTenBackPortConverters$InstantToDateConverter.class], URL [jar:file:/Users/yjayaraman/.gradle/caches/modules-2/files-2.1/org.springframework.data/spring-data-commons/1.11.0.RELEASE/935cd4ab0a1a07358d7f0c9c808f9113dc177bd8/spring-data-commons-1.11.0.RELEASE.jar!/org/springframework/data/convert/Jsr310Converters$DateToLocalTimeConverter.class], URL [jar:file:/Users/yjayaraman/.gradle/caches/modules-2/files-2.1/org.springframework.data/spring-data-commons/1.11.0.RELEASE/935cd4ab0a1a07358d7f0c9c808f9113dc177bd8/spring-data-commons-1.11.0.RELEASE.jar!/org/springframework/data/convert/Jsr310Converters.class], URL [jar:file:/Users/yjayaraman/.gradle/caches/modules-2/files-2.1/org.springframework.data/spring-data-commons/1.11.0.RELEASE/935cd4ab0a1a07358d7f0c9c808f9113dc177bd8/spring-data-commons-1.11.0.RELEASE.jar!/org/springframework/data/convert/ClassGeneratingEntityInstantiator$ObjectInstantiator.class], URL [jar:file:/Users/yjayaraman/.gradle/caches/modules-2/files-2.1/org.springframework.data/spring-data-commons/1.11.0.RELEASE/935cd4ab0a1a07358d7f0c9c808f9113dc177bd8/spring-data-commons-1.11.0.RELEASE.jar!/org/springframework/data/convert/EntityInstantiator.class], URL [jar:file:/Users/yjayaraman/.gradle/caches/modules-2/files-2.1/org.springframework.data/spring-data-commons/1.11.0.RELEASE/935cd4ab0a1a07358d7f0c9c808f9113dc177bd8/spring-data-commons-1.11.0.RELEASE.jar!/org/springframework/data/convert/ThreeTenBackPortConverters$DateToLocalTimeConverter.class], URL [jar:file:/Users/yjayaraman/.gradle/caches/modules-2/files-2.1/org.springframework.data/spring-data-commons/1.11.0.RELEASE/935cd4ab0a1a07358d7f0c9c808f9113dc177bd8/spring-data-commons-1.11.0.RELEASE.jar!/org/springframework/data/crossstore/ChangeSetBacked.class], URL [jar:file:/Users/yjayaraman/.gradle/caches/modules-2/files-2.1/org.springframework.data/spring-data-commons/1.11.0.RELEASE/935cd4ab0a1a07358d7f0c9c808f9113dc177bd8/spring-data-commons-1.11.0.RELEASE.jar!/org/springframework/data/crossstore/ChangeSet.class], URL [jar:file:/Users/yjayaraman/.gradle/caches/modules-2/files-2.1/org.springframework.data/spring-data-commons/1.11.0.RELEASE/935cd4ab0a1a07358d7f0c9c808f9113dc177bd8/spring-data-commons-1.11.0.RELEASE.jar!/org/springframework/data/crossstore/HashMapChangeSet.class], URL [jar:file:/Users/yjayaraman/.gradle/caches/modules-2/files-2.1/org.springframework.data/spring-data-commons/1.11.0.RELEASE/935cd4ab0a1a07358d7f0c9c808f9113dc177bd8/spring-data-commons-1.11.0.RELEASE.jar!/org/springframework/data/crossstore/ChangeSetBackedTransactionSynchronization.class], URL [jar:file:/Users/yjayaraman/.gradle/caches/modules-2/files-2.1/org.springframework.data/spring-data-commons/1.11.0.RELEASE/935cd4ab0a1a07358d7f0c9c808f9113dc177bd8/spring-data-commons-1.11.0.RELEASE.jar!/org/springframework/data/crossstore/ChangeSetPersister.class], URL [jar:file:/Users/yjayaraman/.gradle/caches/modules-2/files-2.1/org.springframework.data/spring-data-commons/1.11.0.RELEASE/935cd4ab0a1a07358d7f0c9c808f9113dc177bd8/spring-data-commons-1.11.0.RELEASE.jar!/org/springframework/data/crossstore/ChangeSetPersister$NotFoundException.class], URL [jar:file:/Users/yjayaraman/.gradle/caches/modules-2/files-2.1/org.springframework.data/spring-data-commons/1.11.0.RELEASE/935cd4ab0a1a07358d7f0c9c808f9113dc177bd8/spring-data-commons-1.11.0.RELEASE.jar!/org/springframework/data/repository/history/support/RevisionEntityInformation.class], URL [jar:file:/Users/yjayaraman/.gradle/caches/modules-2/files-2.1/org.springframework.data/spring-data-commons/1.11.0.RELEASE/935cd4ab0a1a07358d7f0c9c808f9113dc177bd8/spring-data-commons-1.11.0.RELEASE.jar!/org/springframework/data/repository/history/RevisionRepository.class], URL [jar:file:/Users/yjayaraman/.gradle/caches/modules-2/files-2.1/org.springframework.data/spring-data-commons/1.11.0.RELEASE/935cd4ab0a1a07358d7f0c9c808f9113dc177bd8/spring-data-commons-1.11.0.RELEASE.jar!/org/springframework/data/repository/RepositoryDefinition.class], URL [jar:file:/Users/yjayaraman/.gradle/caches/modules-2/files-2.1/org.springframework.data/spring-data-commons/1.11.0.RELEASE/935cd4ab0a1a07358d7f0c9c808f9113dc177bd8/spring-data-commons-1.11.0.RELEASE.jar!/org/springframework/data/repository/NoRepositoryBean.class], URL [jar:file:/Users/yjayaraman/.gradle/caches/modules-2/files-2.1/org.springframework.data/spring-data-commons/1.11.0.RELEASE/935cd4ab0a1a07358d7f0c9c808f9113dc177bd8/spring-data-commons-1.11.0.RELEASE.jar!/org/springframework/data/repository/CrudRepository.class], URL [jar:file:/Users/yjayaraman/.gradle/caches/modules-2/files-2.1/org.springframework.data/spring-data-commons/1.11.0.RELEASE/935cd4ab0a1a07358d7f0c9c808f9113dc177bd8/spring-data-commons-1.11.0.RELEASE.jar!/org/springframework/data/repository/PagingAndSortingRepository.class], URL [jar:file:/Users/yjayaraman/.gradle/caches/modules-2/files-2.1/org.springframework.data/spring-data-commons/1.11.0.RELEASE/935cd4ab0a1a07358d7f0c9c808f9113dc177bd8/spring-data-commons-1.11.0.RELEASE.jar!/org/springframework/data/repository/query/ParameterAccessor.class], URL [jar:file:/Users/yjayaraman/.gradle/caches/modules-2/files-2.1/org.springframework.data/spring-data-commons/1.11.0.RELEASE/935cd4ab0a1a07358d7f0c9c808f9113dc177bd8/spring-data-commons-1.11.0.RELEASE.jar!/org/springframework/data/repository/query/EvaluationContextExtensionInformation.class], URL [jar:file:/Users/yjayaraman/.gradle/caches/modules-2/files-2.1/org.springframework.data/spring-data-commons/1.11.0.RELEASE/935cd4ab0a1a07358d7f0c9c808f9113dc177bd8/spring-data-commons-1.11.0.RELEASE.jar!/org/springframework/data/repository/query/parser/PartTree$Subject.class], URL [jar:file:/Users/yjayaraman/.gradle/caches/modules-2/files-2.1/org.springframework.data/spring-data-commons/1.11.0.RELEASE/935cd4ab0a1a07358d7f0c9c808f9113dc177bd8/spring-data-commons-1.11.0.RELEASE.jar!/org/springframework/data/repository/query/parser/Part$IgnoreCaseType.class], URL [jar:file:/Users/yjayaraman/.gradle/caches/modules-2/files-2.1/org.springframework.data/spring-data-commons/1.11.0.RELEASE/935cd4ab0a1a07358d7f0c9c808f9113dc177bd8/spring-data-commons-1.11.0.RELEASE.jar!/org/springframework/data/repository/query/parser/Part$Type.class], URL [jar:file:/Users/yjayaraman/.gradle/caches/modules-2/files-2.1/org.springframework.data/spring-data-commons/1.11.0.RELEASE/935cd4ab0a1a07358d7f0c9c808f9113dc177bd8/spring-data-commons-1.11.0.RELEASE.jar!/org/springframework/data/repository/query/parser/Part.class], URL [jar:file:/Users/yjayaraman/.gradle/caches/modules-2/files-2.1/org.springframework.data/spring-data-commons/1.11.0.RELEASE/935cd4ab0a1a07358d7f0c9c808f9113dc177bd8/spring-data-commons-1.11.0.RELEASE.jar!/org/springframework/data/repository/query/parser/AbstractQueryCreator.class], URL [jar:file:/Users/yjayaraman/.gradle/caches/modules-2/files-2.1/org.springframework.data/spring-data-commons/1.11.0.RELEASE/935cd4ab0a1a07358d7f0c9c808f9113dc177bd8/spring-data-commons-1.11.0.RELEASE.jar!/org/springframework/data/repository/query/parser/PartTree.class], URL [jar:file:/Users/yjayaraman/.gradle/caches/modules-2/files-2.1/org.springframework.data/spring-data-commons/1.11.0.RELEASE/935cd4ab0a1a07358d7f0c9c808f9113dc177bd8/spring-data-commons-1.11.0.RELEASE.jar!/org/springframework/data/repository/query/parser/PartTree$Predicate.class], URL [jar:file:/Users/yjayaraman/.gradle/caches/modules-2/files-2.1/org.springframework.data/spring-data-commons/1.11.0.RELEASE/935cd4ab0a1a07358d7f0c9c808f9113dc177bd8/spring-data-commons-1.11.0.RELEASE.jar!/org/springframework/data/repository/query/parser/OrderBySource.class], URL [jar:file:/Users/yjayaraman/.gradle/caches/modules-2/files-2.1/org.springframework.data/spring-data-commons/1.11.0.RELEASE/935cd4ab0a1a07358d7f0c9c808f9113dc177bd8/spring-data-commons-1.11.0.RELEASE.jar!/org/springframework/data/repository/query/parser/PartTree$OrPart.class], URL [jar:file:/Users/yjayaraman/.gradle/caches/modules-2/files-2.1/org.springframework.data/spring-data-commons/1.11.0.RELEASE/935cd4ab0a1a07358d7f0c9c808f9113dc177bd8/spring-data-commons-1.11.0.RELEASE.jar!/org/springframework/data/repository/query/ExtensionAwareEvaluationContextProvider$EvaluationContextExtensionAdapter.class], URL [jar:file:/Users/yjayaraman/.gradle/caches/modules-2/files-2.1/org.springframework.data/spring-data-commons/1.11.0.RELEASE/935cd4ab0a1a07358d7f0c9c808f9113dc177bd8/spring-data-commons-1.11.0.RELEASE.jar!/org/springframework/data/repository/query/QueryLookupStrategy$Key.class], URL [jar:file:/Users/yjayaraman/.gradle/caches/modules-2/files-2.1/org.springframework.data/spring-data-commons/1.11.0.RELEASE/935cd4ab0a1a07358d7f0c9c808f9113dc177bd8/spring-data-commons-1.11.0.RELEASE.jar!/org/springframework/data/repository/query/ParametersParameterAccessor$1.class], URL [jar:file:/Users/yjayaraman/.gradle/caches/modules-2/files-2.1/org.springframework.data/spring-data-commons/1.11.0.RELEASE/935cd4ab0a1a07358d7f0c9c808f9113dc177bd8/spring-data-commons-1.11.0.RELEASE.jar!/org/springframework/data/repository/query/EvaluationContextExtensionInformation$RootObjectInformation$1.class], URL [jar:file:/Users/yjayaraman/.gradle/caches/modules-2/files-2.1/org.springframework.data/spring-data-commons/1.11.0.RELEASE/935cd4ab0a1a07358d7f0c9c808f9113dc177bd8/spring-data-commons-1.11.0.RELEASE.jar!/org/springframework/data/repository/query/DefaultParameters.class], URL [jar:file:/Users/yjayaraman/.gradle/caches/modules-2/files-2.1/org.springframework.data/spring-data-commons/1.11.0.RELEASE/935cd4ab0a1a07358d7f0c9c808f9113dc177bd8/spring-data-commons-1.11.0.RELEASE.jar!/org/springframework/data/repository/query/EvaluationContextExtensionInformation$ExtensionTypeInformation.class], URL [jar:file:/Users/yjayaraman/.gradle/caches/modules-2/files-2.1/org.springframework.data/spring-data-commons/1.11.0.RELEASE/935cd4ab0a1a07358d7f0c9c808f9113dc177bd8/spring-data-commons-1.11.0.RELEASE.jar!/org/springframework/data/repository/query/EvaluationContextExtensionInformation$1.class], URL [jar:file:/Users/yjayaraman/.gradle/caches/modules-2/files-2.1/org.springframework.data/spring-data-commons/1.11.0.RELEASE/935cd4ab0a1a07358d7f0c9c808f9113dc177bd8/spring-data-commons-1.11.0.RELEASE.jar!/org/springframework/data/repository/query/Parameter.class], URL [jar:file:/Users/yjayaraman/.gradle/caches/modules-2/files-2.1/org.springframework.data/spring-data-commons/1.11.0.RELEASE/935cd4ab0a1a07358d7f0c9c808f9113dc177bd8/spring-data-commons-1.11.0.RELEASE.jar!/org/springframework/data/repository/query/QueryMethod.class], URL [jar:file:/Users/yjayaraman/.gradle/caches/modules-2/files-2.1/org.springframework.data/spring-data-commons/1.11.0.RELEASE/935cd4ab0a1a07358d7f0c9c808f9113dc177bd8/spring-data-commons-1.11.0.RELEASE.jar!/org/springframework/data/repository/query/Param.class], URL [jar:file:/Users/yjayaraman/.gradle/caches/modules-2/files-2.1/org.springframework.data/spring-data-commons/1.11.0.RELEASE/935cd4ab0a1a07358d7f0c9c808f9113dc177bd8/spring-data-commons-1.11.0.RELEASE.jar!/org/springframework/data/repository/query/ParametersParameterAccessor$BindableParameterIterator.class], URL [jar:file:/Users/yjayaraman/.gradle/caches/modules-2/files-2.1/org.springframework.data/spring-data-commons/1.11.0.RELEASE/935cd4ab0a1a07358d7f0c9c808f9113dc177bd8/spring-data-commons-1.11.0.RELEASE.jar!/org/springframework/data/repository/query/ParametersParameterAccessor.class], URL [jar:file:/Users/yjayaraman/.gradle/caches/modules-2/files-2.1/org.springframework.data/spring-data-commons/1.11.0.RELEASE/935cd4ab0a1a07358d7f0c9c808f9113dc177bd8/spring-data-commons-1.11.0.RELEASE.jar!/org/springframework/data/repository/query/EvaluationContextExtensionInformation$ExtensionTypeInformation$1.class], URL [jar:file:/Users/yjayaraman/.gradle/caches/modules-2/files-2.1/org.springframework.data/spring-data-commons/1.11.0.RELEASE/935cd4ab0a1a07358d7f0c9c808f9113dc177bd8/spring-data-commons-1.11.0.RELEASE.jar!/org/springframework/data/repository/query/spi/EvaluationContextExtension.class], URL [jar:file:/Users/yjayaraman/.gradle/caches/modules-2/files-2.1/org.springframework.data/spring-data-commons/1.11.0.RELEASE/935cd4ab0a1a07358d7f0c9c808f9113dc177bd8/spring-data-commons-1.11.0.RELEASE.jar!/org/springframework/data/repository/query/spi/Function.class], URL [jar:file:/Users/yjayaraman/.gradle/caches/modules-2/files-2.1/org.springframework.data/spring-data-commons/1.11.0.RELEASE/935cd4ab0a1a07358d7f0c9c808f9113dc177bd8/spring-data-commons-1.11.0.RELEASE.jar!/org/springframework/data/repository/query/spi/EvaluationContextExtensionSupport.class], URL [jar:file:/Users/yjayaraman/.gradle/caches/modules-2/files-2.1/org.springframework.data/spring-data-commons/1.11.0.RELEASE/935cd4ab0a1a07358d7f0c9c808f9113dc177bd8/spring-data-commons-1.11.0.RELEASE.jar!/org/springframework/data/repository/query/EvaluationContextExtensionInformation$ExtensionTypeInformation$PublicMethodAndFieldFilter.class], URL [jar:file:/Users/yjayaraman/.gradle/caches/modules-2/files-2.1/org.springframework.data/spring-data-commons/1.11.0.RELEASE/935cd4ab0a1a07358d7f0c9c808f9113dc177bd8/spring-data-commons-1.11.0.RELEASE.jar!/org/springframework/data/repository/query/ExtensionAwareEvaluationContextProvider.class], URL [jar:file:/Users/yjayaraman/.gradle/caches/modules-2/files-2.1/org.springframework.data/spring-data-commons/1.11.0.RELEASE/935cd4ab0a1a07358d7f0c9c808f9113dc177bd8/spring-data-commons-1.11.0.RELEASE.jar!/org/springframework/data/repository/query/EvaluationContextProvider.class], URL [jar:file:/Users/yjayaraman/.gradle/caches/modules-2/files-2.1/org.springframework.data/spring-data-commons/1.11.0.RELEASE/935cd4ab0a1a07358d7f0c9c808f9113dc177bd8/spring-data-commons-1.11.0.RELEASE.jar!/org/springframework/data/repository/query/QueryLookupStrategy.class], URL [jar:file:/Users/yjayaraman/.gradle/caches/modules-2/files-2.1/org.springframework.data/spring-data-commons/1.11.0.RELEASE/935cd4ab0a1a07358d7f0c9c808f9113dc177bd8/spring-data-commons-1.11.0.RELEASE.jar!/org/springframework/data/repository/query/ParameterOutOfBoundsException.class], URL [jar:file:/Users/yjayaraman/.gradle/caches/modules-2/files-2.1/org.springframework.data/spring-data-commons/1.11.0.RELEASE/935cd4ab0a1a07358d7f0c9c808f9113dc177bd8/spring-data-commons-1.11.0.RELEASE.jar!/org/springframework/data/repository/query/RepositoryQuery.class], URL [jar:file:/Users/yjayaraman/.gradle/caches/modules-2/files-2.1/org.springframework.data/spring-data-commons/1.11.0.RELEASE/935cd4ab0a1a07358d7f0c9c808f9113dc177bd8/spring-data-commons-1.11.0.RELEASE.jar!/org/springframework/data/repository/query/EvaluationContextExtensionInformation$RootObjectInformation$2.class], URL [jar:file:/Users/yjayaraman/.gradle/caches/modules-2/files-2.1/org.springframework.data/spring-data-commons/1.11.0.RELEASE/935cd4ab0a1a07358d7f0c9c808f9113dc177bd8/spring-data-commons-1.11.0.RELEASE.jar!/org/springframework/data/repository/query/QueryCreationException.class], URL [jar:file:/Users/yjayaraman/.gradle/caches/modules-2/files-2.1/org.springframework.data/spring-data-commons/1.11.0.RELEASE/935cd4ab0a1a07358d7f0c9c808f9113dc177bd8/spring-data-commons-1.11.0.RELEASE.jar!/org/springframework/data/repository/query/EvaluationContextExtensionInformation$RootObjectInformation.class], URL [jar:file:/Users/yjayaraman/.gradle/caches/modules-2/files-2.1/org.springframework.data/spring-data-commons/1.11.0.RELEASE/935cd4ab0a1a07358d7f0c9c808f9113dc177bd8/spring-data-commons-1.11.0.RELEASE.jar!/org/springframework/data/repository/query/ExtensionAwareEvaluationContextProvider$ExtensionAwarePropertyAccessor.class], URL [jar:file:/Users/yjayaraman/.gradle/caches/modules-2/files-2.1/org.springframework.data/spring-data-commons/1.11.0.RELEASE/935cd4ab0a1a07358d7f0c9c808f9113dc177bd8/spring-data-commons-1.11.0.RELEASE.jar!/org/springframework/data/repository/query/Parameters.class], URL [jar:file:/Users/yjayaraman/.gradle/caches/modules-2/files-2.1/org.springframework.data/spring-data-commons/1.11.0.RELEASE/935cd4ab0a1a07358d7f0c9c808f9113dc177bd8/spring-data-commons-1.11.0.RELEASE.jar!/org/springframework/data/repository/query/ExtensionAwareEvaluationContextProvider$FunctionMethodExecutor.class], URL [jar:file:/Users/yjayaraman/.gradle/caches/modules-2/files-2.1/org.springframework.data/spring-data-commons/1.11.0.RELEASE/935cd4ab0a1a07358d7f0c9c808f9113dc177bd8/spring-data-commons-1.11.0.RELEASE.jar!/org/springframework/data/repository/query/DefaultEvaluationContextProvider.class], URL [jar:file:/Users/yjayaraman/.gradle/caches/modules-2/files-2.1/org.springframework.data/spring-data-commons/1.11.0.RELEASE/935cd4ab0a1a07358d7f0c9c808f9113dc177bd8/spring-data-commons-1.11.0.RELEASE.jar!/org/springframework/data/repository/query/QueryMethod$1.class], URL [jar:file:/Users/yjayaraman/.gradle/caches/modules-2/files-2.1/org.springframework.data/spring-data-commons/1.11.0.RELEASE/935cd4ab0a1a07358d7f0c9c808f9113dc177bd8/spring-data-commons-1.11.0.RELEASE.jar!/org/springframework/data/repository/util/QueryExecutionConverters$NullableWrapperToGuavaOptionalConverter.class], URL [jar:file:/Users/yjayaraman/.gradle/caches/modules-2/files-2.1/org.springframework.data/spring-data-commons/1.11.0.RELEASE/935cd4ab0a1a07358d7f0c9c808f9113dc177bd8/spring-data-commons-1.11.0.RELEASE.jar!/org/springframework/data/repository/util/ClassUtils.class], URL [jar:file:/Users/yjayaraman/.gradle/caches/modules-2/files-2.1/org.springframework.data/spring-data-commons/1.11.0.RELEASE/935cd4ab0a1a07358d7f0c9c808f9113dc177bd8/spring-data-commons-1.11.0.RELEASE.jar!/org/springframework/data/repository/util/QueryExecutionConverters$NullableWrapperToCompletableFutureConverter.class], URL [jar:file:/Users/yjayaraman/.gradle/caches/modules-2/files-2.1/org.springframework.data/spring-data-commons/1.11.0.RELEASE/935cd4ab0a1a07358d7f0c9c808f9113dc177bd8/spring-data-commons-1.11.0.RELEASE.jar!/org/springframework/data/repository/util/NullableWrapper.class], URL [jar:file:/Users/yjayaraman/.gradle/caches/modules-2/files-2.1/org.springframework.data/spring-data-commons/1.11.0.RELEASE/935cd4ab0a1a07358d7f0c9c808f9113dc177bd8/spring-data-commons-1.11.0.RELEASE.jar!/org/springframework/data/repository/util/QueryExecutionConverters$AbstractWrapperTypeConverter.class], URL [jar:file:/Users/yjayaraman/.gradle/caches/modules-2/files-2.1/org.springframework.data/spring-data-commons/1.11.0.RELEASE/935cd4ab0a1a07358d7f0c9c808f9113dc177bd8/spring-data-commons-1.11.0.RELEASE.jar!/org/springframework/data/repository/util/QueryExecutionConverters$NullableWrapperToFutureConverter.class], URL [jar:file:/Users/yjayaraman/.gradle/caches/modules-2/files-2.1/org.springframework.data/spring-data-commons/1.11.0.RELEASE/935cd4ab0a1a07358d7f0c9c808f9113dc177bd8/spring-data-commons-1.11.0.RELEASE.jar!/org/springframework/data/repository/util/TxUtils.class], URL [jar:file:/Users/yjayaraman/.gradle/caches/modules-2/files-2.1/org.springframework.data/spring-data-commons/1.11.0.RELEASE/935cd4ab0a1a07358d7f0c9c808f9113dc177bd8/spring-data-commons-1.11.0.RELEASE.jar!/org/springframework/data/repository/util/QueryExecutionConverters.class], URL [jar:file:/Users/yjayaraman/.gradle/caches/modules-2/files-2.1/org.springframework.data/spring-data-commons/1.11.0.RELEASE/935cd4ab0a1a07358d7f0c9c808f9113dc177bd8/spring-data-commons-1.11.0.RELEASE.jar!/org/springframework/data/repository/util/QueryExecutionConverters$NullableWrapperToJdk8OptionalConverter.class], URL [jar:file:/Users/yjayaraman/.gradle/caches/modules-2/files-2.1/org.springframework.data/spring-data-commons/1.11.0.RELEASE/935cd4ab0a1a07358d7f0c9c808f9113dc177bd8/spring-data-commons-1.11.0.RELEASE.jar!/org/springframework/data/repository/init/RepositoryPopulator.class], URL [jar:file:/Users/yjayaraman/.gradle/caches/modules-2/files-2.1/org.springframework.data/spring-data-commons/1.11.0.RELEASE/935cd4ab0a1a07358d7f0c9c808f9113dc177bd8/spring-data-commons-1.11.0.RELEASE.jar!/org/springframework/data/repository/init/ResourceReaderRepositoryPopulator.class], URL [jar:file:/Users/yjayaraman/.gradle/caches/modules-2/files-2.1/org.springframework.data/spring-data-commons/1.11.0.RELEASE/935cd4ab0a1a07358d7f0c9c808f9113dc177bd8/spring-data-commons-1.11.0.RELEASE.jar!/org/springframework/data/repository/init/Jackson2RepositoryPopulatorFactoryBean.class], URL [jar:file:/Users/yjayaraman/.gradle/caches/modules-2/files-2.1/org.springframework.data/spring-data-commons/1.11.0.RELEASE/935cd4ab0a1a07358d7f0c9c808f9113dc177bd8/spring-data-commons-1.11.0.RELEASE.jar!/org/springframework/data/repository/init/UnmarshallerRepositoryPopulatorFactoryBean.class], URL [jar:file:/Users/yjayaraman/.gradle/caches/modules-2/files-2.1/org.springframework.data/spring-data-commons/1.11.0.RELEASE/935cd4ab0a1a07358d7f0c9c808f9113dc177bd8/spring-data-commons-1.11.0.RELEASE.jar!/org/springframework/data/repository/init/UnmarshallingResourceReader.class], URL [jar:file:/Users/yjayaraman/.gradle/caches/modules-2/files-2.1/org.springframework.data/spring-data-commons/1.11.0.RELEASE/935cd4ab0a1a07358d7f0c9c808f9113dc177bd8/spring-data-commons-1.11.0.RELEASE.jar!/org/springframework/data/repository/init/Jackson2ResourceReader.class], URL [jar:file:/Users/yjayaraman/.gradle/caches/modules-2/files-2.1/org.springframework.data/spring-data-commons/1.11.0.RELEASE/935cd4ab0a1a07358d7f0c9c808f9113dc177bd8/spring-data-commons-1.11.0.RELEASE.jar!/org/springframework/data/repository/init/ResourceReader$Type.class], URL [jar:file:/Users/yjayaraman/.gradle/caches/modules-2/files-2.1/org.springframework.data/spring-data-commons/1.11.0.RELEASE/935cd4ab0a1a07358d7f0c9c808f9113dc177bd8/spring-data-commons-1.11.0.RELEASE.jar!/org/springframework/data/repository/init/RepositoriesPopulatedEvent.class], URL [jar:file:/Users/yjayaraman/.gradle/caches/modules-2/files-2.1/org.springframework.data/spring-data-commons/1.11.0.RELEASE/935cd4ab0a1a07358d7f0c9c808f9113dc177bd8/spring-data-commons-1.11.0.RELEASE.jar!/org/springframework/data/repository/init/AbstractRepositoryPopulatorFactoryBean.class], URL [jar:file:/Users/yjayaraman/.gradle/caches/modules-2/files-2.1/org.springframework.data/spring-data-commons/1.11.0.RELEASE/935cd4ab0a1a07358d7f0c9c808f9113dc177bd8/spring-data-commons-1.11.0.RELEASE.jar!/org/springframework/data/repository/init/ResourceReader.class], URL [jar:file:/Users/yjayaraman/.gradle/caches/modules-2/files-2.1/org.springframework.data/spring-data-commons/1.11.0.RELEASE/935cd4ab0a1a07358d7f0c9c808f9113dc177bd8/spring-data-commons-1.11.0.RELEASE.jar!/org/springframework/data/repository/Repository.class], URL [jar:file:/Users/yjayaraman/.gradle/caches/modules-2/files-2.1/org.springframework.data/spring-data-commons/1.11.0.RELEASE/935cd4ab0a1a07358d7f0c9c808f9113dc177bd8/spring-data-commons-1.11.0.RELEASE.jar!/org/springframework/data/repository/cdi/CdiRepositoryExtensionSupport$AnyAnnotationLiteral.class], URL [jar:file:/Users/yjayaraman/.gradle/caches/modules-2/files-2.1/org.springframework.data/spring-data-commons/1.11.0.RELEASE/935cd4ab0a1a07358d7f0c9c808f9113dc177bd8/spring-data-commons-1.11.0.RELEASE.jar!/org/springframework/data/repository/cdi/CdiRepositoryBean$DefaultCdiRepositoryConfiguration.class], URL [jar:file:/Users/yjayaraman/.gradle/caches/modules-2/files-2.1/org.springframework.data/spring-data-commons/1.11.0.RELEASE/935cd4ab0a1a07358d7f0c9c808f9113dc177bd8/spring-data-commons-1.11.0.RELEASE.jar!/org/springframework/data/repository/cdi/Eager.class], URL [jar:file:/Users/yjayaraman/.gradle/caches/modules-2/files-2.1/org.springframework.data/spring-data-commons/1.11.0.RELEASE/935cd4ab0a1a07358d7f0c9c808f9113dc177bd8/spring-data-commons-1.11.0.RELEASE.jar!/org/springframework/data/repository/cdi/CdiRepositoryExtensionSupport.class], URL [jar:file:/Users/yjayaraman/.gradle/caches/modules-2/files-2.1/org.springframework.data/spring-data-commons/1.11.0.RELEASE/935cd4ab0a1a07358d7f0c9c808f9113dc177bd8/spring-data-commons-1.11.0.RELEASE.jar!/org/springframework/data/repository/cdi/CdiRepositoryConfiguration.class], URL [jar:file:/Users/yjayaraman/.gradle/caches/modules-2/files-2.1/org.springframework.data/spring-data-commons/1.11.0.RELEASE/935cd4ab0a1a07358d7f0c9c808f9113dc177bd8/spring-data-commons-1.11.0.RELEASE.jar!/org/springframework/data/repository/cdi/CdiRepositoryBean.class], URL [jar:file:/Users/yjayaraman/.gradle/caches/modules-2/files-2.1/org.springframework.data/spring-data-commons/1.11.0.RELEASE/935cd4ab0a1a07358d7f0c9c808f9113dc177bd8/spring-data-commons-1.11.0.RELEASE.jar!/org/springframework/data/repository/cdi/CdiRepositoryExtensionSupport$DefaultAnnotationLiteral.class], URL [jar:file:/Users/yjayaraman/.gradle/caches/modules-2/files-2.1/org.springframework.data/spring-data-commons/1.11.0.RELEASE/935cd4ab0a1a07358d7f0c9c808f9113dc177bd8/spring-data-commons-1.11.0.RELEASE.jar!/org/springframework/data/repository/config/RepositoryBeanDefinitionRegistrarSupport.class], URL [jar:file:/Users/yjayaraman/.gradle/caches/modules-2/files-2.1/org.springframework.data/spring-data-commons/1.11.0.RELEASE/935cd4ab0a1a07358d7f0c9c808f9113dc177bd8/spring-data-commons-1.11.0.RELEASE.jar!/org/springframework/data/repository/config/RepositoryComponentProvider.class], URL [jar:file:/Users/yjayaraman/.gradle/caches/modules-2/files-2.1/org.springframework.data/spring-data-commons/1.11.0.RELEASE/935cd4ab0a1a07358d7f0c9c808f9113dc177bd8/spring-data-commons-1.11.0.RELEASE.jar!/org/springframework/data/repository/config/ResourceReaderRepositoryPopulatorBeanDefinitionParser.class], URL [jar:file:/Users/yjayaraman/.gradle/caches/modules-2/files-2.1/org.springframework.data/spring-data-commons/1.11.0.RELEASE/935cd4ab0a1a07358d7f0c9c808f9113dc177bd8/spring-data-commons-1.11.0.RELEASE.jar!/org/springframework/data/repository/config/RepositoryConfiguration.class], URL [jar:file:/Users/yjayaraman/.gradle/caches/modules-2/files-2.1/org.springframework.data/spring-data-commons/1.11.0.RELEASE/935cd4ab0a1a07358d7f0c9c808f9113dc177bd8/spring-data-commons-1.11.0.RELEASE.jar!/org/springframework/data/repository/config/DefaultRepositoryConfiguration.class], URL [jar:file:/Users/yjayaraman/.gradle/caches/modules-2/files-2.1/org.springframework.data/spring-data-commons/1.11.0.RELEASE/935cd4ab0a1a07358d7f0c9c808f9113dc177bd8/spring-data-commons-1.11.0.RELEASE.jar!/org/springframework/data/repository/config/XmlRepositoryConfigurationSource.class], URL [jar:file:/Users/yjayaraman/.gradle/caches/modules-2/files-2.1/org.springframework.data/spring-data-commons/1.11.0.RELEASE/935cd4ab0a1a07358d7f0c9c808f9113dc177bd8/spring-data-commons-1.11.0.RELEASE.jar!/org/springframework/data/repository/config/RepositoryNameSpaceHandler.class], URL [jar:file:/Users/yjayaraman/.gradle/caches/modules-2/files-2.1/org.springframework.data/spring-data-commons/1.11.0.RELEASE/935cd4ab0a1a07358d7f0c9c808f9113dc177bd8/spring-data-commons-1.11.0.RELEASE.jar!/org/springframework/data/repository/config/NamedQueriesBeanDefinitionParser.class], URL [jar:file:/Users/yjayaraman/.gradle/caches/modules-2/files-2.1/org.springframework.data/spring-data-commons/1.11.0.RELEASE/935cd4ab0a1a07358d7f0c9c808f9113dc177bd8/spring-data-commons-1.11.0.RELEASE.jar!/org/springframework/data/repository/config/RepositoryComponentProvider$InterfaceTypeFilter.class], URL [jar:file:/Users/yjayaraman/.gradle/caches/modules-2/files-2.1/org.springframework.data/spring-data-commons/1.11.0.RELEASE/935cd4ab0a1a07358d7f0c9c808f9113dc177bd8/spring-data-commons-1.11.0.RELEASE.jar!/org/springframework/data/repository/config/RepositoryBeanDefinitionParser.class], URL [jar:file:/Users/yjayaraman/.gradle/caches/modules-2/files-2.1/org.springframework.data/spring-data-commons/1.11.0.RELEASE/935cd4ab0a1a07358d7f0c9c808f9113dc177bd8/spring-data-commons-1.11.0.RELEASE.jar!/org/springframework/data/repository/config/NamedQueriesBeanDefinitionBuilder.class], URL [jar:file:/Users/yjayaraman/.gradle/caches/modules-2/files-2.1/org.springframework.data/spring-data-commons/1.11.0.RELEASE/935cd4ab0a1a07358d7f0c9c808f9113dc177bd8/spring-data-commons-1.11.0.RELEASE.jar!/org/springframework/data/repository/config/RepositoryConfigurationSourceSupport.class], URL [jar:file:/Users/yjayaraman/.gradle/caches/modules-2/files-2.1/org.springframework.data/spring-data-commons/1.11.0.RELEASE/935cd4ab0a1a07358d7f0c9c808f9113dc177bd8/spring-data-commons-1.11.0.RELEASE.jar!/org/springframework/data/repository/config/RepositoryConfigurationUtils.class], URL [jar:file:/Users/yjayaraman/.gradle/caches/modules-2/files-2.1/org.springframework.data/spring-data-commons/1.11.0.RELEASE/935cd4ab0a1a07358d7f0c9c808f9113dc177bd8/spring-data-commons-1.11.0.RELEASE.jar!/org/springframework/data/repository/config/RepositoryConfigurationExtension.class], URL [jar:file:/Users/yjayaraman/.gradle/caches/modules-2/files-2.1/org.springframework.data/spring-data-commons/1.11.0.RELEASE/935cd4ab0a1a07358d7f0c9c808f9113dc177bd8/spring-data-commons-1.11.0.RELEASE.jar!/org/springframework/data/repository/config/RepositoryConfigurationDelegate.class], URL [jar:file:/Users/yjayaraman/.gradle/caches/modules-2/files-2.1/org.springframework.data/spring-data-commons/1.11.0.RELEASE/935cd4ab0a1a07358d7f0c9c808f9113dc177bd8/spring-data-commons-1.11.0.RELEASE.jar!/org/springframework/data/repository/config/RepositoryConfigurationSource.class], URL [jar:file:/Users/yjayaraman/.gradle/caches/modules-2/files-2.1/org.springframework.data/spring-data-commons/1.11.0.RELEASE/935cd4ab0a1a07358d7f0c9c808f9113dc177bd8/spring-data-commons-1.11.0.RELEASE.jar!/org/springframework/data/repository/config/DefaultRepositoryBaseClass.class], URL [jar:file:/Users/yjayaraman/.gradle/caches/modules-2/files-2.1/org.springframework.data/spring-data-commons/1.11.0.RELEASE/935cd4ab0a1a07358d7f0c9c808f9113dc177bd8/spring-data-commons-1.11.0.RELEASE.jar!/org/springframework/data/repository/config/RepositoryBeanNameGenerator.class], URL [jar:file:/Users/yjayaraman/.gradle/caches/modules-2/files-2.1/org.springframework.data/spring-data-commons/1.11.0.RELEASE/935cd4ab0a1a07358d7f0c9c808f9113dc177bd8/spring-data-commons-1.11.0.RELEASE.jar!/org/springframework/data/repository/config/AnnotationRepositoryConfigurationSource$1.class], URL [jar:file:/Users/yjayaraman/.gradle/caches/modules-2/files-2.1/org.springframework.data/spring-data-commons/1.11.0.RELEASE/935cd4ab0a1a07358d7f0c9c808f9113dc177bd8/spring-data-commons-1.11.0.RELEASE.jar!/org/springframework/data/repository/config/AnnotationRepositoryConfigurationSource.class], URL [jar:file:/Users/yjayaraman/.gradle/caches/modules-2/files-2.1/org.springframework.data/spring-data-commons/1.11.0.RELEASE/935cd4ab0a1a07358d7f0c9c808f9113dc177bd8/spring-data-commons-1.11.0.RELEASE.jar!/org/springframework/data/repository/config/RepositoryBeanDefinitionBuilder.class], URL [jar:file:/Users/yjayaraman/.gradle/caches/modules-2/files-2.1/org.springframework.data/spring-data-commons/1.11.0.RELEASE/935cd4ab0a1a07358d7f0c9c808f9113dc177bd8/spring-data-commons-1.11.0.RELEASE.jar!/org/springframework/data/repository/config/CustomRepositoryImplementationDetector.class], URL [jar:file:/Users/yjayaraman/.gradle/caches/modules-2/files-2.1/org.springframework.data/spring-data-commons/1.11.0.RELEASE/935cd4ab0a1a07358d7f0c9c808f9113dc177bd8/spring-data-commons-1.11.0.RELEASE.jar!/org/springframework/data/repository/config/RepositoryComponentProvider$AllTypeFilter.class], URL [jar:file:/Users/yjayaraman/.gradle/caches/modules-2/files-2.1/org.springframework.data/spring-data-commons/1.11.0.RELEASE/935cd4ab0a1a07358d7f0c9c808f9113dc177bd8/spring-data-commons-1.11.0.RELEASE.jar!/org/springframework/data/repository/config/RepositoryConfigurationDelegate$LenientAssignableTypeFilter.class], URL [jar:file:/Users/yjayaraman/.gradle/caches/modules-2/files-2.1/org.springframework.data/spring-data-commons/1.11.0.RELEASE/935cd4ab0a1a07358d7f0c9c808f9113dc177bd8/spring-data-commons-1.11.0.RELEASE.jar!/org/springframework/data/repository/config/RepositoryConfigurationExtensionSupport.class], URL [jar:file:/Users/yjayaraman/.gradle/caches/modules-2/files-2.1/org.springframework.data/spring-data-commons/1.11.0.RELEASE/935cd4ab0a1a07358d7f0c9c808f9113dc177bd8/spring-data-commons-1.11.0.RELEASE.jar!/org/springframework/data/repository/support/DomainClassConverter$ConversionMatchAbbreviationException.class], URL [jar:file:/Users/yjayaraman/.gradle/caches/modules-2/files-2.1/org.springframework.data/spring-data-commons/1.11.0.RELEASE/935cd4ab0a1a07358d7f0c9c808f9113dc177bd8/spring-data-commons-1.11.0.RELEASE.jar!/org/springframework/data/repository/support/DomainClassConverter$ToIdConverter.class], URL [jar:file:/Users/yjayaraman/.gradle/caches/modules-2/files-2.1/org.springframework.data/spring-data-commons/1.11.0.RELEASE/935cd4ab0a1a07358d7f0c9c808f9113dc177bd8/spring-data-commons-1.11.0.RELEASE.jar!/org/springframework/data/repository/support/Repositories$EmptyRepositoryFactoryInformation.class], URL [jar:file:/Users/yjayaraman/.gradle/caches/modules-2/files-2.1/org.springframework.data/spring-data-commons/1.11.0.RELEASE/935cd4ab0a1a07358d7f0c9c808f9113dc177bd8/spring-data-commons-1.11.0.RELEASE.jar!/org/springframework/data/repository/support/PagingAndSortingRepositoryInvoker.class], URL [jar:file:/Users/yjayaraman/.gradle/caches/modules-2/files-2.1/org.springframework.data/spring-data-commons/1.11.0.RELEASE/935cd4ab0a1a07358d7f0c9c808f9113dc177bd8/spring-data-commons-1.11.0.RELEASE.jar!/org/springframework/data/repository/support/QueryMethodParameterConversionException.class], URL [jar:file:/Users/yjayaraman/.gradle/caches/modules-2/files-2.1/org.springframework.data/spring-data-commons/1.11.0.RELEASE/935cd4ab0a1a07358d7f0c9c808f9113dc177bd8/spring-data-commons-1.11.0.RELEASE.jar!/org/springframework/data/repository/support/MethodParameters.class], URL [jar:file:/Users/yjayaraman/.gradle/caches/modules-2/files-2.1/org.springframework.data/spring-data-commons/1.11.0.RELEASE/935cd4ab0a1a07358d7f0c9c808f9113dc177bd8/spring-data-commons-1.11.0.RELEASE.jar!/org/springframework/data/repository/support/RepositoryInvoker.class], URL [jar:file:/Users/yjayaraman/.gradle/caches/modules-2/files-2.1/org.springframework.data/spring-data-commons/1.11.0.RELEASE/935cd4ab0a1a07358d7f0c9c808f9113dc177bd8/spring-data-commons-1.11.0.RELEASE.jar!/org/springframework/data/repository/support/RepositoryInvokerFactory.class], URL [jar:file:/Users/yjayaraman/.gradle/caches/modules-2/files-2.1/org.springframework.data/spring-data-commons/1.11.0.RELEASE/935cd4ab0a1a07358d7f0c9c808f9113dc177bd8/spring-data-commons-1.11.0.RELEASE.jar!/org/springframework/data/repository/support/DomainClassPropertyEditorRegistrar.class], URL [jar:file:/Users/yjayaraman/.gradle/caches/modules-2/files-2.1/org.springframework.data/spring-data-commons/1.11.0.RELEASE/935cd4ab0a1a07358d7f0c9c808f9113dc177bd8/spring-data-commons-1.11.0.RELEASE.jar!/org/springframework/data/repository/support/AnnotationAttribute.class], URL [jar:file:/Users/yjayaraman/.gradle/caches/modules-2/files-2.1/org.springframework.data/spring-data-commons/1.11.0.RELEASE/935cd4ab0a1a07358d7f0c9c808f9113dc177bd8/spring-data-commons-1.11.0.RELEASE.jar!/org/springframework/data/repository/support/DefaultRepositoryInvokerFactory.class], URL [jar:file:/Users/yjayaraman/.gradle/caches/modules-2/files-2.1/org.springframework.data/spring-data-commons/1.11.0.RELEASE/935cd4ab0a1a07358d7f0c9c808f9113dc177bd8/spring-data-commons-1.11.0.RELEASE.jar!/org/springframework/data/repository/support/MethodParameters$AnnotationNamingMethodParameter.class], URL [jar:file:/Users/yjayaraman/.gradle/caches/modules-2/files-2.1/org.springframework.data/spring-data-commons/1.11.0.RELEASE/935cd4ab0a1a07358d7f0c9c808f9113dc177bd8/spring-data-commons-1.11.0.RELEASE.jar!/org/springframework/data/repository/support/CrudRepositoryInvoker.class], URL [jar:file:/Users/yjayaraman/.gradle/caches/modules-2/files-2.1/org.springframework.data/spring-data-commons/1.11.0.RELEASE/935cd4ab0a1a07358d7f0c9c808f9113dc177bd8/spring-data-commons-1.11.0.RELEASE.jar!/org/springframework/data/repository/support/Repositories.class], URL [jar:file:/Users/yjayaraman/.gradle/caches/modules-2/files-2.1/org.springframework.data/spring-data-commons/1.11.0.RELEASE/935cd4ab0a1a07358d7f0c9c808f9113dc177bd8/spring-data-commons-1.11.0.RELEASE.jar!/org/springframework/data/repository/support/DomainClassConverter$ToEntityConverter.class], URL [jar:file:/Users/yjayaraman/.gradle/caches/modules-2/files-2.1/org.springframework.data/spring-data-commons/1.11.0.RELEASE/935cd4ab0a1a07358d7f0c9c808f9113dc177bd8/spring-data-commons-1.11.0.RELEASE.jar!/org/springframework/data/repository/support/ReflectionRepositoryInvoker.class], URL [jar:file:/Users/yjayaraman/.gradle/caches/modules-2/files-2.1/org.springframework.data/spring-data-commons/1.11.0.RELEASE/935cd4ab0a1a07358d7f0c9c808f9113dc177bd8/spring-data-commons-1.11.0.RELEASE.jar!/org/springframework/data/repository/support/DomainClassPropertyEditor.class], URL [jar:file:/Users/yjayaraman/.gradle/caches/modules-2/files-2.1/org.springframework.data/spring-data-commons/1.11.0.RELEASE/935cd4ab0a1a07358d7f0c9c808f9113dc177bd8/spring-data-commons-1.11.0.RELEASE.jar!/org/springframework/data/repository/support/DomainClassConverter.class], URL [jar:file:/Users/yjayaraman/.gradle/caches/modules-2/files-2.1/org.springframework.data/spring-data-commons/1.11.0.RELEASE/935cd4ab0a1a07358d7f0c9c808f9113dc177bd8/spring-data-commons-1.11.0.RELEASE.jar!/org/springframework/data/repository/support/DomainClassConverter$1.class], URL [jar:file:/Users/yjayaraman/.gradle/caches/modules-2/files-2.1/org.springframework.data/spring-data-commons/1.11.0.RELEASE/935cd4ab0a1a07358d7f0c9c808f9113dc177bd8/spring-data-commons-1.11.0.RELEASE.jar!/org/springframework/data/repository/support/RepositoryInvocationInformation.class], URL [jar:file:/Users/yjayaraman/.gradle/caches/modules-2/files-2.1/org.springframework.data/spring-data-commons/1.11.0.RELEASE/935cd4ab0a1a07358d7f0c9c808f9113dc177bd8/spring-data-commons-1.11.0.RELEASE.jar!/org/springframework/data/repository/core/NamedQueries.class], URL [jar:file:/Users/yjayaraman/.gradle/caches/modules-2/files-2.1/org.springframework.data/spring-data-commons/1.11.0.RELEASE/935cd4ab0a1a07358d7f0c9c808f9113dc177bd8/spring-data-commons-1.11.0.RELEASE.jar!/org/springframework/data/repository/core/RepositoryInformation.class], URL [jar:file:/Users/yjayaraman/.gradle/caches/modules-2/files-2.1/org.springframework.data/spring-data-commons/1.11.0.RELEASE/935cd4ab0a1a07358d7f0c9c808f9113dc177bd8/spring-data-commons-1.11.0.RELEASE.jar!/org/springframework/data/repository/core/EntityMetadata.class], URL [jar:file:/Users/yjayaraman/.gradle/caches/modules-2/files-2.1/org.springframework.data/spring-data-commons/1.11.0.RELEASE/935cd4ab0a1a07358d7f0c9c808f9113dc177bd8/spring-data-commons-1.11.0.RELEASE.jar!/org/springframework/data/repository/core/EntityInformation.class], URL [jar:file:/Users/yjayaraman/.gradle/caches/modules-2/files-2.1/org.springframework.data/spring-data-commons/1.11.0.RELEASE/935cd4ab0a1a07358d7f0c9c808f9113dc177bd8/spring-data-commons-1.11.0.RELEASE.jar!/org/springframework/data/repository/core/support/DefaultCrudMethods.class], URL [jar:file:/Users/yjayaraman/.gradle/caches/modules-2/files-2.1/org.springframework.data/spring-data-commons/1.11.0.RELEASE/935cd4ab0a1a07358d7f0c9c808f9113dc177bd8/spring-data-commons-1.11.0.RELEASE.jar!/org/springframework/data/repository/core/support/TransactionalRepositoryProxyPostProcessor$AbstractFallbackTransactionAttributeSource.class], URL [jar:file:/Users/yjayaraman/.gradle/caches/modules-2/files-2.1/org.springframework.data/spring-data-commons/1.11.0.RELEASE/935cd4ab0a1a07358d7f0c9c808f9113dc177bd8/spring-data-commons-1.11.0.RELEASE.jar!/org/springframework/data/repository/core/support/PersistentEntityInformation.class], URL [jar:file:/Users/yjayaraman/.gradle/caches/modules-2/files-2.1/org.springframework.data/spring-data-commons/1.11.0.RELEASE/935cd4ab0a1a07358d7f0c9c808f9113dc177bd8/spring-data-commons-1.11.0.RELEASE.jar!/org/springframework/data/repository/core/support/RepositoryFactorySupport$QueryExecutorMethodInterceptor.class], URL [jar:file:/Users/yjayaraman/.gradle/caches/modules-2/files-2.1/org.springframework.data/spring-data-commons/1.11.0.RELEASE/935cd4ab0a1a07358d7f0c9c808f9113dc177bd8/spring-data-commons-1.11.0.RELEASE.jar!/org/springframework/data/repository/core/support/DefaultRepositoryMetadata.class], URL [jar:file:/Users/yjayaraman/.gradle/caches/modules-2/files-2.1/org.springframework.data/spring-data-commons/1.11.0.RELEASE/935cd4ab0a1a07358d7f0c9c808f9113dc177bd8/spring-data-commons-1.11.0.RELEASE.jar!/org/springframework/data/repository/core/support/QueryExecutionResultHandler.class], URL [jar:file:/Users/yjayaraman/.gradle/caches/modules-2/files-2.1/org.springframework.data/spring-data-commons/1.11.0.RELEASE/935cd4ab0a1a07358d7f0c9c808f9113dc177bd8/spring-data-commons-1.11.0.RELEASE.jar!/org/springframework/data/repository/core/support/ReflectionEntityInformation.class], URL [jar:file:/Users/yjayaraman/.gradle/caches/modules-2/files-2.1/org.springframework.data/spring-data-commons/1.11.0.RELEASE/935cd4ab0a1a07358d7f0c9c808f9113dc177bd8/spring-data-commons-1.11.0.RELEASE.jar!/org/springframework/data/repository/core/support/RepositoryFactorySupport$1.class], URL [jar:file:/Users/yjayaraman/.gradle/caches/modules-2/files-2.1/org.springframework.data/spring-data-commons/1.11.0.RELEASE/935cd4ab0a1a07358d7f0c9c808f9113dc177bd8/spring-data-commons-1.11.0.RELEASE.jar!/org/springframework/data/repository/core/support/RepositoryFactorySupport$QueryCollectingQueryCreationListener.class], URL [jar:file:/Users/yjayaraman/.gradle/caches/modules-2/files-2.1/org.springframework.data/spring-data-commons/1.11.0.RELEASE/935cd4ab0a1a07358d7f0c9c808f9113dc177bd8/spring-data-commons-1.11.0.RELEASE.jar!/org/springframework/data/repository/core/support/QueryCreationListener.class], URL [jar:file:/Users/yjayaraman/.gradle/caches/modules-2/files-2.1/org.springframework.data/spring-data-commons/1.11.0.RELEASE/935cd4ab0a1a07358d7f0c9c808f9113dc177bd8/spring-data-commons-1.11.0.RELEASE.jar!/org/springframework/data/repository/core/support/PropertiesBasedNamedQueries.class], URL [jar:file:/Users/yjayaraman/.gradle/caches/modules-2/files-2.1/org.springframework.data/spring-data-commons/1.11.0.RELEASE/935cd4ab0a1a07358d7f0c9c808f9113dc177bd8/spring-data-commons-1.11.0.RELEASE.jar!/org/springframework/data/repository/core/support/TransactionalRepositoryProxyPostProcessor$AbstractFallbackTransactionAttributeSource$DefaultCacheKey.class], URL [jar:file:/Users/yjayaraman/.gradle/caches/modules-2/files-2.1/org.springframework.data/spring-data-commons/1.11.0.RELEASE/935cd4ab0a1a07358d7f0c9c808f9113dc177bd8/spring-data-commons-1.11.0.RELEASE.jar!/org/springframework/data/repository/core/support/AbstractRepositoryMetadata.class], URL [jar:file:/Users/yjayaraman/.gradle/caches/modules-2/files-2.1/org.springframework.data/spring-data-commons/1.11.0.RELEASE/935cd4ab0a1a07358d7f0c9c808f9113dc177bd8/spring-data-commons-1.11.0.RELEASE.jar!/org/springframework/data/repository/core/support/DefaultRepositoryInformation.class], URL [jar:file:/Users/yjayaraman/.gradle/caches/modules-2/files-2.1/org.springframework.data/spring-data-commons/1.11.0.RELEASE/935cd4ab0a1a07358d7f0c9c808f9113dc177bd8/spring-data-commons-1.11.0.RELEASE.jar!/org/springframework/data/repository/core/support/TransactionalRepositoryProxyPostProcessor$CustomAnnotationTransactionAttributeSource.class], URL [jar:file:/Users/yjayaraman/.gradle/caches/modules-2/files-2.1/org.springframework.data/spring-data-commons/1.11.0.RELEASE/935cd4ab0a1a07358d7f0c9c808f9113dc177bd8/spring-data-commons-1.11.0.RELEASE.jar!/org/springframework/data/repository/core/support/RepositoryFactorySupport.class], URL [jar:file:/Users/yjayaraman/.gradle/caches/modules-2/files-2.1/org.springframework.data/spring-data-commons/1.11.0.RELEASE/935cd4ab0a1a07358d7f0c9c808f9113dc177bd8/spring-data-commons-1.11.0.RELEASE.jar!/org/springframework/data/repository/core/support/RepositoryInterfaceAwareBeanPostProcessor.class], URL [jar:file:/Users/yjayaraman/.gradle/caches/modules-2/files-2.1/org.springframework.data/spring-data-commons/1.11.0.RELEASE/935cd4ab0a1a07358d7f0c9c808f9113dc177bd8/spring-data-commons-1.11.0.RELEASE.jar!/org/springframework/data/repository/core/support/PersistableEntityInformation.class], URL [jar:file:/Users/yjayaraman/.gradle/caches/modules-2/files-2.1/org.springframework.data/spring-data-commons/1.11.0.RELEASE/935cd4ab0a1a07358d7f0c9c808f9113dc177bd8/spring-data-commons-1.11.0.RELEASE.jar!/org/springframework/data/repository/core/support/PersistenceExceptionTranslationRepositoryProxyPostProcessor.class], URL [jar:file:/Users/yjayaraman/.gradle/caches/modules-2/files-2.1/org.springframework.data/spring-data-commons/1.11.0.RELEASE/935cd4ab0a1a07358d7f0c9c808f9113dc177bd8/spring-data-commons-1.11.0.RELEASE.jar!/org/springframework/data/repository/core/support/TransactionalRepositoryFactoryBeanSupport.class], URL [jar:file:/Users/yjayaraman/.gradle/caches/modules-2/files-2.1/org.springframework.data/spring-data-commons/1.11.0.RELEASE/935cd4ab0a1a07358d7f0c9c808f9113dc177bd8/spring-data-commons-1.11.0.RELEASE.jar!/org/springframework/data/repository/core/support/RepositoryFactoryBeanSupport.class], URL [jar:file:/Users/yjayaraman/.gradle/caches/modules-2/files-2.1/org.springframework.data/spring-data-commons/1.11.0.RELEASE/935cd4ab0a1a07358d7f0c9c808f9113dc177bd8/spring-data-commons-1.11.0.RELEASE.jar!/org/springframework/data/repository/core/support/RepositoryFactorySupport$RepositoryInformationCacheKey.class], URL [jar:file:/Users/yjayaraman/.gradle/caches/modules-2/files-2.1/org.springframework.data/spring-data-commons/1.11.0.RELEASE/935cd4ab0a1a07358d7f0c9c808f9113dc177bd8/spring-data-commons-1.11.0.RELEASE.jar!/org/springframework/data/repository/core/support/DelegatingEntityInformation.class], URL [jar:file:/Users/yjayaraman/.gradle/caches/modules-2/files-2.1/org.springframework.data/spring-data-commons/1.11.0.RELEASE/935cd4ab0a1a07358d7f0c9c808f9113dc177bd8/spring-data-commons-1.11.0.RELEASE.jar!/org/springframework/data/repository/core/support/ReflectionEntityInformation$1.class], URL [jar:file:/Users/yjayaraman/.gradle/caches/modules-2/files-2.1/org.springframework.data/spring-data-commons/1.11.0.RELEASE/935cd4ab0a1a07358d7f0c9c808f9113dc177bd8/spring-data-commons-1.11.0.RELEASE.jar!/org/springframework/data/repository/core/support/RepositoryFactoryInformation.class], URL [jar:file:/Users/yjayaraman/.gradle/caches/modules-2/files-2.1/org.springframework.data/spring-data-commons/1.11.0.RELEASE/935cd4ab0a1a07358d7f0c9c808f9113dc177bd8/spring-data-commons-1.11.0.RELEASE.jar!/org/springframework/data/repository/core/support/RepositoryProxyPostProcessor.class], URL [jar:file:/Users/yjayaraman/.gradle/caches/modules-2/files-2.1/org.springframework.data/spring-data-commons/1.11.0.RELEASE/935cd4ab0a1a07358d7f0c9c808f9113dc177bd8/spring-data-commons-1.11.0.RELEASE.jar!/org/springframework/data/repository/core/support/AbstractEntityInformation.class], URL [jar:file:/Users/yjayaraman/.gradle/caches/modules-2/files-2.1/org.springframework.data/spring-data-commons/1.11.0.RELEASE/935cd4ab0a1a07358d7f0c9c808f9113dc177bd8/spring-data-commons-1.11.0.RELEASE.jar!/org/springframework/data/repository/core/support/AnnotationRepositoryMetadata.class], URL [jar:file:/Users/yjayaraman/.gradle/caches/modules-2/files-2.1/org.springframework.data/spring-data-commons/1.11.0.RELEASE/935cd4ab0a1a07358d7f0c9c808f9113dc177bd8/spring-data-commons-1.11.0.RELEASE.jar!/org/springframework/data/repository/core/support/TransactionalRepositoryProxyPostProcessor.class], URL [jar:file:/Users/yjayaraman/.gradle/caches/modules-2/files-2.1/org.springframework.data/spring-data-commons/1.11.0.RELEASE/935cd4ab0a1a07358d7f0c9c808f9113dc177bd8/spring-data-commons-1.11.0.RELEASE.jar!/org/springframework/data/repository/core/CrudMethods.class], URL [jar:file:/Users/yjayaraman/.gradle/caches/modules-2/files-2.1/org.springframework.data/spring-data-commons/1.11.0.RELEASE/935cd4ab0a1a07358d7f0c9c808f9113dc177bd8/spring-data-commons-1.11.0.RELEASE.jar!/org/springframework/data/repository/core/RepositoryMetadata.class], URL [jar:file:/Users/yjayaraman/.gradle/caches/modules-2/files-2.1/org.springframework.data/spring-data-commons/1.11.0.RELEASE/935cd4ab0a1a07358d7f0c9c808f9113dc177bd8/spring-data-commons-1.11.0.RELEASE.jar!/org/springframework/data/querydsl/EntityPathResolver.class], URL [jar:file:/Users/yjayaraman/.gradle/caches/modules-2/files-2.1/org.springframework.data/spring-data-commons/1.11.0.RELEASE/935cd4ab0a1a07358d7f0c9c808f9113dc177bd8/spring-data-commons-1.11.0.RELEASE.jar!/org/springframework/data/querydsl/SimpleEntityPathResolver.class], URL [jar:file:/Users/yjayaraman/.gradle/caches/modules-2/files-2.1/org.springframework.data/spring-data-commons/1.11.0.RELEASE/935cd4ab0a1a07358d7f0c9c808f9113dc177bd8/spring-data-commons-1.11.0.RELEASE.jar!/org/springframework/data/querydsl/QueryDslUtils.class], URL [jar:file:/Users/yjayaraman/.gradle/caches/modules-2/files-2.1/org.springframework.data/spring-data-commons/1.11.0.RELEASE/935cd4ab0a1a07358d7f0c9c808f9113dc177bd8/spring-data-commons-1.11.0.RELEASE.jar!/org/springframework/data/querydsl/QueryDslPredicateExecutor.class], URL [jar:file:/Users/yjayaraman/.gradle/caches/modules-2/files-2.1/org.springframework.data/spring-data-commons/1.11.0.RELEASE/935cd4ab0a1a07358d7f0c9c808f9113dc177bd8/spring-data-commons-1.11.0.RELEASE.jar!/org/springframework/data/querydsl/binding/QuerydslBindings$PathBinder.class], URL [jar:file:/Users/yjayaraman/.gradle/caches/modules-2/files-2.1/org.springframework.data/spring-data-commons/1.11.0.RELEASE/935cd4ab0a1a07358d7f0c9c808f9113dc177bd8/spring-data-commons-1.11.0.RELEASE.jar!/org/springframework/data/querydsl/binding/MultiValueBinding.class], URL [jar:file:/Users/yjayaraman/.gradle/caches/modules-2/files-2.1/org.springframework.data/spring-data-commons/1.11.0.RELEASE/935cd4ab0a1a07358d7f0c9c808f9113dc177bd8/spring-data-commons-1.11.0.RELEASE.jar!/org/springframework/data/querydsl/binding/QuerydslBinderCustomizer.class], URL [jar:file:/Users/yjayaraman/.gradle/caches/modules-2/files-2.1/org.springframework.data/spring-data-commons/1.11.0.RELEASE/935cd4ab0a1a07358d7f0c9c808f9113dc177bd8/spring-data-commons-1.11.0.RELEASE.jar!/org/springframework/data/querydsl/binding/QuerydslDefaultBinding.class], URL [jar:file:/Users/yjayaraman/.gradle/caches/modules-2/files-2.1/org.springframework.data/spring-data-commons/1.11.0.RELEASE/935cd4ab0a1a07358d7f0c9c808f9113dc177bd8/spring-data-commons-1.11.0.RELEASE.jar!/org/springframework/data/querydsl/binding/QuerydslBindings$1.class], URL [jar:file:/Users/yjayaraman/.gradle/caches/modules-2/files-2.1/org.springframework.data/spring-data-commons/1.11.0.RELEASE/935cd4ab0a1a07358d7f0c9c808f9113dc177bd8/spring-data-commons-1.11.0.RELEASE.jar!/org/springframework/data/querydsl/binding/QuerydslBindings.class], URL [jar:file:/Users/yjayaraman/.gradle/caches/modules-2/files-2.1/org.springframework.data/spring-data-commons/1.11.0.RELEASE/935cd4ab0a1a07358d7f0c9c808f9113dc177bd8/spring-data-commons-1.11.0.RELEASE.jar!/org/springframework/data/querydsl/binding/QuerydslPredicate.class], URL [jar:file:/Users/yjayaraman/.gradle/caches/modules-2/files-2.1/org.springframework.data/spring-data-commons/1.11.0.RELEASE/935cd4ab0a1a07358d7f0c9c808f9113dc177bd8/spring-data-commons-1.11.0.RELEASE.jar!/org/springframework/data/querydsl/binding/QuerydslPredicateBuilder.class], URL [jar:file:/Users/yjayaraman/.gradle/caches/modules-2/files-2.1/org.springframework.data/spring-data-commons/1.11.0.RELEASE/935cd4ab0a1a07358d7f0c9c808f9113dc177bd8/spring-data-commons-1.11.0.RELEASE.jar!/org/springframework/data/querydsl/binding/QuerydslBindingsFactory$NoOpCustomizer.class], URL [jar:file:/Users/yjayaraman/.gradle/caches/modules-2/files-2.1/org.springframework.data/spring-data-commons/1.11.0.RELEASE/935cd4ab0a1a07358d7f0c9c808f9113dc177bd8/spring-data-commons-1.11.0.RELEASE.jar!/org/springframework/data/querydsl/binding/SingleValueBinding.class], URL [jar:file:/Users/yjayaraman/.gradle/caches/modules-2/files-2.1/org.springframework.data/spring-data-commons/1.11.0.RELEASE/935cd4ab0a1a07358d7f0c9c808f9113dc177bd8/spring-data-commons-1.11.0.RELEASE.jar!/org/springframework/data/querydsl/binding/QuerydslBindings$PathAndBinding.class], URL [jar:file:/Users/yjayaraman/.gradle/caches/modules-2/files-2.1/org.springframework.data/spring-data-commons/1.11.0.RELEASE/935cd4ab0a1a07358d7f0c9c808f9113dc177bd8/spring-data-commons-1.11.0.RELEASE.jar!/org/springframework/data/querydsl/binding/QuerydslBindings$MultiValueBindingAdapter.class], URL [jar:file:/Users/yjayaraman/.gradle/caches/modules-2/files-2.1/org.springframework.data/spring-data-commons/1.11.0.RELEASE/935cd4ab0a1a07358d7f0c9c808f9113dc177bd8/spring-data-commons-1.11.0.RELEASE.jar!/org/springframework/data/querydsl/binding/QuerydslBindingsFactory.class], URL [jar:file:/Users/yjayaraman/.gradle/caches/modules-2/files-2.1/org.springframework.data/spring-data-commons/1.11.0.RELEASE/935cd4ab0a1a07358d7f0c9c808f9113dc177bd8/spring-data-commons-1.11.0.RELEASE.jar!/org/springframework/data/querydsl/binding/QuerydslBindings$TypeBinder.class], URL [jar:file:/Users/yjayaraman/.gradle/caches/modules-2/files-2.1/org.springframework.data/spring-data-commons/1.11.0.RELEASE/935cd4ab0a1a07358d7f0c9c808f9113dc177bd8/spring-data-commons-1.11.0.RELEASE.jar!/org/springframework/data/querydsl/QSort.class], URL [jar:file:/Users/yjayaraman/.gradle/caches/modules-2/files-2.1/org.springframework.data/spring-data-commons/1.11.0.RELEASE/935cd4ab0a1a07358d7f0c9c808f9113dc177bd8/spring-data-commons-1.11.0.RELEASE.jar!/org/springframework/data/querydsl/QPageRequest.class], URL [jar:file:/Users/yjayaraman/.gradle/caches/modules-2/files-2.1/org.springframework.data/spring-data-commons/1.11.0.RELEASE/935cd4ab0a1a07358d7f0c9c808f9113dc177bd8/spring-data-commons-1.11.0.RELEASE.jar!/org/springframework/data/querydsl/QuerydslRepositoryInvokerAdapter.class], URL [jar:file:/Users/yjayaraman/.gradle/caches/modules-2/files-2.1/org.springframework.data/spring-data-commons/1.11.0.RELEASE/935cd4ab0a1a07358d7f0c9c808f9113dc177bd8/spring-data-commons-1.11.0.RELEASE.jar!/org/springframework/data/annotation/Persistent.class], URL [jar:file:/Users/yjayaraman/.gradle/caches/modules-2/files-2.1/org.springframework.data/spring-data-commons/1.11.0.RELEASE/935cd4ab0a1a07358d7f0c9c808f9113dc177bd8/spring-data-commons-1.11.0.RELEASE.jar!/org/springframework/data/annotation/ReadOnlyProperty.class], URL [jar:file:/Users/yjayaraman/.gradle/caches/modules-2/files-2.1/org.springframework.data/spring-data-commons/1.11.0.RELEASE/935cd4ab0a1a07358d7f0c9c808f9113dc177bd8/spring-data-commons-1.11.0.RELEASE.jar!/org/springframework/data/annotation/Transient.class], URL [jar:file:/Users/yjayaraman/.gradle/caches/modules-2/files-2.1/org.springframework.data/spring-data-commons/1.11.0.RELEASE/935cd4ab0a1a07358d7f0c9c808f9113dc177bd8/spring-data-commons-1.11.0.RELEASE.jar!/org/springframework/data/annotation/AccessType.class], URL [jar:file:/Users/yjayaraman/.gradle/caches/modules-2/files-2.1/org.springframework.data/spring-data-commons/1.11.0.RELEASE/935cd4ab0a1a07358d7f0c9c808f9113dc177bd8/spring-data-commons-1.11.0.RELEASE.jar!/org/springframework/data/annotation/Id.class], URL [jar:file:/Users/yjayaraman/.gradle/caches/modules-2/files-2.1/org.springframework.data/spring-data-commons/1.11.0.RELEASE/935cd4ab0a1a07358d7f0c9c808f9113dc177bd8/spring-data-commons-1.11.0.RELEASE.jar!/org/springframework/data/annotation/CreatedDate.class], URL [jar:file:/Users/yjayaraman/.gradle/caches/modules-2/files-2.1/org.springframework.data/spring-data-commons/1.11.0.RELEASE/935cd4ab0a1a07358d7f0c9c808f9113dc177bd8/spring-data-commons-1.11.0.RELEASE.jar!/org/springframework/data/annotation/CreatedBy.class], URL [jar:file:/Users/yjayaraman/.gradle/caches/modules-2/files-2.1/org.springframework.data/spring-data-commons/1.11.0.RELEASE/935cd4ab0a1a07358d7f0c9c808f9113dc177bd8/spring-data-commons-1.11.0.RELEASE.jar!/org/springframework/data/annotation/PersistenceConstructor.class], URL [jar:file:/Users/yjayaraman/.gradle/caches/modules-2/files-2.1/org.springframework.data/spring-data-commons/1.11.0.RELEASE/935cd4ab0a1a07358d7f0c9c808f9113dc177bd8/spring-data-commons-1.11.0.RELEASE.jar!/org/springframework/data/annotation/LastModifiedDate.class], URL [jar:file:/Users/yjayaraman/.gradle/caches/modules-2/files-2.1/org.springframework.data/spring-data-commons/1.11.0.RELEASE/935cd4ab0a1a07358d7f0c9c808f9113dc177bd8/spring-data-commons-1.11.0.RELEASE.jar!/org/springframework/data/annotation/AccessType$Type.class], URL [jar:file:/Users/yjayaraman/.gradle/caches/modules-2/files-2.1/org.springframework.data/spring-data-commons/1.11.0.RELEASE/935cd4ab0a1a07358d7f0c9c808f9113dc177bd8/spring-data-commons-1.11.0.RELEASE.jar!/org/springframework/data/annotation/LastModifiedBy.class], URL [jar:file:/Users/yjayaraman/.gradle/caches/modules-2/files-2.1/org.springframework.data/spring-data-commons/1.11.0.RELEASE/935cd4ab0a1a07358d7f0c9c808f9113dc177bd8/spring-data-commons-1.11.0.RELEASE.jar!/org/springframework/data/annotation/TypeAlias.class], URL [jar:file:/Users/yjayaraman/.gradle/caches/modules-2/files-2.1/org.springframework.data/spring-data-commons/1.11.0.RELEASE/935cd4ab0a1a07358d7f0c9c808f9113dc177bd8/spring-data-commons-1.11.0.RELEASE.jar!/org/springframework/data/annotation/Version.class], URL [jar:file:/Users/yjayaraman/.gradle/caches/modules-2/files-2.1/org.springframework.data/spring-data-commons/1.11.0.RELEASE/935cd4ab0a1a07358d7f0c9c808f9113dc177bd8/spring-data-commons-1.11.0.RELEASE.jar!/org/springframework/data/annotation/Reference.class], URL [jar:file:/Users/yjayaraman/.gradle/caches/modules-2/files-2.1/org.springframework.data/spring-data-commons/1.11.0.RELEASE/935cd4ab0a1a07358d7f0c9c808f9113dc177bd8/spring-data-commons-1.11.0.RELEASE.jar!/org/springframework/data/annotation/QueryAnnotation.class], URL [jar:file:/Users/yjayaraman/.gradle/caches/modules-2/files-2.1/org.springframework.data/spring-data-commons/1.11.0.RELEASE/935cd4ab0a1a07358d7f0c9c808f9113dc177bd8/spring-data-commons-1.11.0.RELEASE.jar!/org/springframework/data/domain/Persistable.class], URL [jar:file:/Users/yjayaraman/.gradle/caches/modules-2/files-2.1/org.springframework.data/spring-data-commons/1.11.0.RELEASE/935cd4ab0a1a07358d7f0c9c808f9113dc177bd8/spring-data-commons-1.11.0.RELEASE.jar!/org/springframework/data/domain/AuditorAware.class], URL [jar:file:/Users/yjayaraman/.gradle/caches/modules-2/files-2.1/org.springframework.data/spring-data-commons/1.11.0.RELEASE/935cd4ab0a1a07358d7f0c9c808f9113dc177bd8/spring-data-commons-1.11.0.RELEASE.jar!/org/springframework/data/domain/Sort.class], URL [jar:file:/Users/yjayaraman/.gradle/caches/modules-2/files-2.1/org.springframework.data/spring-data-commons/1.11.0.RELEASE/935cd4ab0a1a07358d7f0c9c808f9113dc177bd8/spring-data-commons-1.11.0.RELEASE.jar!/org/springframework/data/domain/Sort$NullHandling.class], URL [jar:file:/Users/yjayaraman/.gradle/caches/modules-2/files-2.1/org.springframework.data/spring-data-commons/1.11.0.RELEASE/935cd4ab0a1a07358d7f0c9c808f9113dc177bd8/spring-data-commons-1.11.0.RELEASE.jar!/org/springframework/data/domain/SliceImpl.class], URL [jar:file:/Users/yjayaraman/.gradle/caches/modules-2/files-2.1/org.springframework.data/spring-data-commons/1.11.0.RELEASE/935cd4ab0a1a07358d7f0c9c808f9113dc177bd8/spring-data-commons-1.11.0.RELEASE.jar!/org/springframework/data/domain/Page.class], URL [jar:file:/Users/yjayaraman/.gradle/caches/modules-2/files-2.1/org.springframework.data/spring-data-commons/1.11.0.RELEASE/935cd4ab0a1a07358d7f0c9c808f9113dc177bd8/spring-data-commons-1.11.0.RELEASE.jar!/org/springframework/data/domain/Pageable.class], URL [jar:file:/Users/yjayaraman/.gradle/caches/modules-2/files-2.1/org.springframework.data/spring-data-commons/1.11.0.RELEASE/935cd4ab0a1a07358d7f0c9c808f9113dc177bd8/spring-data-commons-1.11.0.RELEASE.jar!/org/springframework/data/domain/PageImpl.class], URL [jar:file:/Users/yjayaraman/.gradle/caches/modules-2/files-2.1/org.springframework.data/spring-data-commons/1.11.0.RELEASE/935cd4ab0a1a07358d7f0c9c808f9113dc177bd8/spring-data-commons-1.11.0.RELEASE.jar!/org/springframework/data/domain/Chunk.class], URL [jar:file:/Users/yjayaraman/.gradle/caches/modules-2/files-2.1/org.springframework.data/spring-data-commons/1.11.0.RELEASE/935cd4ab0a1a07358d7f0c9c808f9113dc177bd8/spring-data-commons-1.11.0.RELEASE.jar!/org/springframework/data/domain/PageRequest.class], URL [jar:file:/Users/yjayaraman/.gradle/caches/modules-2/files-2.1/org.springframework.data/spring-data-commons/1.11.0.RELEASE/935cd4ab0a1a07358d7f0c9c808f9113dc177bd8/spring-data-commons-1.11.0.RELEASE.jar!/org/springframework/data/domain/Sort$Direction.class], URL [jar:file:/Users/yjayaraman/.gradle/caches/modules-2/files-2.1/org.springframework.data/spring-data-commons/1.11.0.RELEASE/935cd4ab0a1a07358d7f0c9c808f9113dc177bd8/spring-data-commons-1.11.0.RELEASE.jar!/org/springframework/data/domain/Range.class], URL [jar:file:/Users/yjayaraman/.gradle/caches/modules-2/files-2.1/org.springframework.data/spring-data-commons/1.11.0.RELEASE/935cd4ab0a1a07358d7f0c9c808f9113dc177bd8/spring-data-commons-1.11.0.RELEASE.jar!/org/springframework/data/domain/jaxb/SpringDataJaxb$OrderDto.class], URL [jar:file:/Users/yjayaraman/.gradle/caches/modules-2/files-2.1/org.springframework.data/spring-data-commons/1.11.0.RELEASE/935cd4ab0a1a07358d7f0c9c808f9113dc177bd8/spring-data-commons-1.11.0.RELEASE.jar!/org/springframework/data/domain/jaxb/PageAdapter.class], URL [jar:file:/Users/yjayaraman/.gradle/caches/modules-2/files-2.1/org.springframework.data/spring-data-commons/1.11.0.RELEASE/935cd4ab0a1a07358d7f0c9c808f9113dc177bd8/spring-data-commons-1.11.0.RELEASE.jar!/org/springframework/data/domain/jaxb/OrderAdapter.class], URL [jar:file:/Users/yjayaraman/.gradle/caches/modules-2/files-2.1/org.springframework.data/spring-data-commons/1.11.0.RELEASE/935cd4ab0a1a07358d7f0c9c808f9113dc177bd8/spring-data-commons-1.11.0.RELEASE.jar!/org/springframework/data/domain/jaxb/SpringDataJaxb$SortDto.class], URL [jar:file:/Users/yjayaraman/.gradle/caches/modules-2/files-2.1/org.springframework.data/spring-data-commons/1.11.0.RELEASE/935cd4ab0a1a07358d7f0c9c808f9113dc177bd8/spring-data-commons-1.11.0.RELEASE.jar!/org/springframework/data/domain/jaxb/SpringDataJaxb$PageRequestDto.class], URL [jar:file:/Users/yjayaraman/.gradle/caches/modules-2/files-2.1/org.springframework.data/spring-data-commons/1.11.0.RELEASE/935cd4ab0a1a07358d7f0c9c808f9113dc177bd8/spring-data-commons-1.11.0.RELEASE.jar!/org/springframework/data/domain/jaxb/SpringDataJaxb$PageDto.class], URL [jar:file:/Users/yjayaraman/.gradle/caches/modules-2/files-2.1/org.springframework.data/spring-data-commons/1.11.0.RELEASE/935cd4ab0a1a07358d7f0c9c808f9113dc177bd8/spring-data-commons-1.11.0.RELEASE.jar!/org/springframework/data/domain/jaxb/SpringDataJaxb.class], URL [jar:file:/Users/yjayaraman/.gradle/caches/modules-2/files-2.1/org.springframework.data/spring-data-commons/1.11.0.RELEASE/935cd4ab0a1a07358d7f0c9c808f9113dc177bd8/spring-data-commons-1.11.0.RELEASE.jar!/org/springframework/data/domain/jaxb/PageableAdapter.class], URL [jar:file:/Users/yjayaraman/.gradle/caches/modules-2/files-2.1/org.springframework.data/spring-data-commons/1.11.0.RELEASE/935cd4ab0a1a07358d7f0c9c808f9113dc177bd8/spring-data-commons-1.11.0.RELEASE.jar!/org/springframework/data/domain/jaxb/SortAdapter.class], URL [jar:file:/Users/yjayaraman/.gradle/caches/modules-2/files-2.1/org.springframework.data/spring-data-commons/1.11.0.RELEASE/935cd4ab0a1a07358d7f0c9c808f9113dc177bd8/spring-data-commons-1.11.0.RELEASE.jar!/org/springframework/data/domain/jaxb/package-info.class], URL [jar:file:/Users/yjayaraman/.gradle/caches/modules-2/files-2.1/org.springframework.data/spring-data-commons/1.11.0.RELEASE/935cd4ab0a1a07358d7f0c9c808f9113dc177bd8/spring-data-commons-1.11.0.RELEASE.jar!/org/springframework/data/domain/Sort$Order.class], URL [jar:file:/Users/yjayaraman/.gradle/caches/modules-2/files-2.1/org.springframework.data/spring-data-commons/1.11.0.RELEASE/935cd4ab0a1a07358d7f0c9c808f9113dc177bd8/spring-data-commons-1.11.0.RELEASE.jar!/org/springframework/data/domain/Slice.class], URL [jar:file:/Users/yjayaraman/.gradle/caches/modules-2/files-2.1/org.springframework.data/spring-data-commons/1.11.0.RELEASE/935cd4ab0a1a07358d7f0c9c808f9113dc177bd8/spring-data-commons-1.11.0.RELEASE.jar!/org/springframework/data/domain/Auditable.class], URL [jar:file:/Users/yjayaraman/.gradle/caches/modules-2/files-2.1/org.springframework.data/spring-data-commons/1.11.0.RELEASE/935cd4ab0a1a07358d7f0c9c808f9113dc177bd8/spring-data-commons-1.11.0.RELEASE.jar!/org/springframework/data/domain/AbstractPageRequest.class], URL [jar:file:/Users/yjayaraman/.gradle/caches/modules-2/files-2.1/org.springframework.data/spring-data-commons/1.11.0.RELEASE/935cd4ab0a1a07358d7f0c9c808f9113dc177bd8/spring-data-commons-1.11.0.RELEASE.jar!/org/springframework/data/config/TypeFilterParser$1.class], URL [jar:file:/Users/yjayaraman/.gradle/caches/modules-2/files-2.1/org.springframework.data/spring-data-commons/1.11.0.RELEASE/935cd4ab0a1a07358d7f0c9c808f9113dc177bd8/spring-data-commons-1.11.0.RELEASE.jar!/org/springframework/data/config/BeanComponentDefinitionBuilder.class], URL [jar:file:/Users/yjayaraman/.gradle/caches/modules-2/files-2.1/org.springframework.data/spring-data-commons/1.11.0.RELEASE/935cd4ab0a1a07358d7f0c9c808f9113dc177bd8/spring-data-commons-1.11.0.RELEASE.jar!/org/springframework/data/config/TypeFilterParser$FilterType$2.class], URL [jar:file:/Users/yjayaraman/.gradle/caches/modules-2/files-2.1/org.springframework.data/spring-data-commons/1.11.0.RELEASE/935cd4ab0a1a07358d7f0c9c808f9113dc177bd8/spring-data-commons-1.11.0.RELEASE.jar!/org/springframework/data/config/TypeFilterParser$FilterType$1.class], URL [jar:file:/Users/yjayaraman/.gradle/caches/modules-2/files-2.1/org.springframework.data/spring-data-commons/1.11.0.RELEASE/935cd4ab0a1a07358d7f0c9c808f9113dc177bd8/spring-data-commons-1.11.0.RELEASE.jar!/org/springframework/data/config/TypeFilterParser$FilterType.class], URL [jar:file:/Users/yjayaraman/.gradle/caches/modules-2/files-2.1/org.springframework.data/spring-data-commons/1.11.0.RELEASE/935cd4ab0a1a07358d7f0c9c808f9113dc177bd8/spring-data-commons-1.11.0.RELEASE.jar!/org/springframework/data/config/ParsingUtils.class], URL [jar:file:/Users/yjayaraman/.gradle/caches/modules-2/files-2.1/org.springframework.data/spring-data-commons/1.11.0.RELEASE/935cd4ab0a1a07358d7f0c9c808f9113dc177bd8/spring-data-commons-1.11.0.RELEASE.jar!/org/springframework/data/config/TypeFilterParser$Type.class], URL [jar:file:/Users/yjayaraman/.gradle/caches/modules-2/files-2.1/org.springframework.data/spring-data-commons/1.11.0.RELEASE/935cd4ab0a1a07358d7f0c9c808f9113dc177bd8/spring-data-commons-1.11.0.RELEASE.jar!/org/springframework/data/config/TypeFilterParser$FilterType$3.class], URL [jar:file:/Users/yjayaraman/.gradle/caches/modules-2/files-2.1/org.springframework.data/spring-data-commons/1.11.0.RELEASE/935cd4ab0a1a07358d7f0c9c808f9113dc177bd8/spring-data-commons-1.11.0.RELEASE.jar!/org/springframework/data/config/TypeFilterParser$FilterType$5.class], URL [jar:file:/Users/yjayaraman/.gradle/caches/modules-2/files-2.1/org.springframework.data/spring-data-commons/1.11.0.RELEASE/935cd4ab0a1a07358d7f0c9c808f9113dc177bd8/spring-data-commons-1.11.0.RELEASE.jar!/org/springframework/data/config/TypeFilterParser.class], URL [jar:file:/Users/yjayaraman/.gradle/caches/modules-2/files-2.1/org.springframework.data/spring-data-commons/1.11.0.RELEASE/935cd4ab0a1a07358d7f0c9c808f9113dc177bd8/spring-data-commons-1.11.0.RELEASE.jar!/org/springframework/data/config/TypeFilterParser$FilterType$4.class], URL [jar:file:/Users/yjayaraman/.gradle/caches/modules-2/files-2.1/org.springframework.data/spring-data-commons/1.11.0.RELEASE/935cd4ab0a1a07358d7f0c9c808f9113dc177bd8/spring-data-commons-1.11.0.RELEASE.jar!/org/springframework/data/auditing/CurrentDateTimeProvider.class], URL [jar:file:/Users/yjayaraman/.gradle/caches/modules-2/files-2.1/org.springframework.data/spring-data-commons/1.11.0.RELEASE/935cd4ab0a1a07358d7f0c9c808f9113dc177bd8/spring-data-commons-1.11.0.RELEASE.jar!/org/springframework/data/auditing/MappingAuditableBeanWrapperFactory.class], URL [jar:file:/Users/yjayaraman/.gradle/caches/modules-2/files-2.1/org.springframework.data/spring-data-commons/1.11.0.RELEASE/935cd4ab0a1a07358d7f0c9c808f9113dc177bd8/spring-data-commons-1.11.0.RELEASE.jar!/org/springframework/data/auditing/AuditingHandler.class], URL [jar:file:/Users/yjayaraman/.gradle/caches/modules-2/files-2.1/org.springframework.data/spring-data-commons/1.11.0.RELEASE/935cd4ab0a1a07358d7f0c9c808f9113dc177bd8/spring-data-commons-1.11.0.RELEASE.jar!/org/springframework/data/auditing/MappingAuditableBeanWrapperFactory$MappingAuditingMetadata.class], URL [jar:file:/Users/yjayaraman/.gradle/caches/modules-2/files-2.1/org.springframework.data/spring-data-commons/1.11.0.RELEASE/935cd4ab0a1a07358d7f0c9c808f9113dc177bd8/spring-data-commons-1.11.0.RELEASE.jar!/org/springframework/data/auditing/AnnotationAuditingMetadata.class], URL [jar:file:/Users/yjayaraman/.gradle/caches/modules-2/files-2.1/org.springframework.data/spring-data-commons/1.11.0.RELEASE/935cd4ab0a1a07358d7f0c9c808f9113dc177bd8/spring-data-commons-1.11.0.RELEASE.jar!/org/springframework/data/auditing/MappingAuditableBeanWrapperFactory$MappingMetadataAuditableBeanWrapper.class], URL [jar:file:/Users/yjayaraman/.gradle/caches/modules-2/files-2.1/org.springframework.data/spring-data-commons/1.11.0.RELEASE/935cd4ab0a1a07358d7f0c9c808f9113dc177bd8/spring-data-commons-1.11.0.RELEASE.jar!/org/springframework/data/auditing/DefaultAuditableBeanWrapperFactory.class], URL [jar:file:/Users/yjayaraman/.gradle/caches/modules-2/files-2.1/org.springframework.data/spring-data-commons/1.11.0.RELEASE/935cd4ab0a1a07358d7f0c9c808f9113dc177bd8/spring-data-commons-1.11.0.RELEASE.jar!/org/springframework/data/auditing/DateTimeProvider.class], URL [jar:file:/Users/yjayaraman/.gradle/caches/modules-2/files-2.1/org.springframework.data/spring-data-commons/1.11.0.RELEASE/935cd4ab0a1a07358d7f0c9c808f9113dc177bd8/spring-data-commons-1.11.0.RELEASE.jar!/org/springframework/data/auditing/DefaultAuditableBeanWrapperFactory$AuditableInterfaceBeanWrapper.class], URL [jar:file:/Users/yjayaraman/.gradle/caches/modules-2/files-2.1/org.springframework.data/spring-data-commons/1.11.0.RELEASE/935cd4ab0a1a07358d7f0c9c808f9113dc177bd8/spring-data-commons-1.11.0.RELEASE.jar!/org/springframework/data/auditing/AuditableBeanWrapper.class], URL [jar:file:/Users/yjayaraman/.gradle/caches/modules-2/files-2.1/org.springframework.data/spring-data-commons/1.11.0.RELEASE/935cd4ab0a1a07358d7f0c9c808f9113dc177bd8/spring-data-commons-1.11.0.RELEASE.jar!/org/springframework/data/auditing/DefaultAuditableBeanWrapperFactory$CalendarToDateTimeConverter.class], URL [jar:file:/Users/yjayaraman/.gradle/caches/modules-2/files-2.1/org.springframework.data/spring-data-commons/1.11.0.RELEASE/935cd4ab0a1a07358d7f0c9c808f9113dc177bd8/spring-data-commons-1.11.0.RELEASE.jar!/org/springframework/data/auditing/AuditableBeanWrapperFactory.class], URL [jar:file:/Users/yjayaraman/.gradle/caches/modules-2/files-2.1/org.springframework.data/spring-data-commons/1.11.0.RELEASE/935cd4ab0a1a07358d7f0c9c808f9113dc177bd8/spring-data-commons-1.11.0.RELEASE.jar!/org/springframework/data/auditing/DefaultAuditableBeanWrapperFactory$CalendarToLocalDateTimeConverter.class], URL [jar:file:/Users/yjayaraman/.gradle/caches/modules-2/files-2.1/org.springframework.data/spring-data-commons/1.11.0.RELEASE/935cd4ab0a1a07358d7f0c9c808f9113dc177bd8/spring-data-commons-1.11.0.RELEASE.jar!/org/springframework/data/auditing/DefaultAuditableBeanWrapperFactory$DateConvertingAuditableBeanWrapper.class], URL [jar:file:/Users/yjayaraman/.gradle/caches/modules-2/files-2.1/org.springframework.data/spring-data-commons/1.11.0.RELEASE/935cd4ab0a1a07358d7f0c9c808f9113dc177bd8/spring-data-commons-1.11.0.RELEASE.jar!/org/springframework/data/auditing/DefaultAuditableBeanWrapperFactory$ReflectionAuditingBeanWrapper.class], URL [jar:file:/Users/yjayaraman/.gradle/caches/modules-2/files-2.1/org.springframework.data/spring-data-commons/1.11.0.RELEASE/935cd4ab0a1a07358d7f0c9c808f9113dc177bd8/spring-data-commons-1.11.0.RELEASE.jar!/org/springframework/data/auditing/config/IsNewAwareAuditingHandlerBeanDefinitionParser.class], URL [jar:file:/Users/yjayaraman/.gradle/caches/modules-2/files-2.1/org.springframework.data/spring-data-commons/1.11.0.RELEASE/935cd4ab0a1a07358d7f0c9c808f9113dc177bd8/spring-data-commons-1.11.0.RELEASE.jar!/org/springframework/data/auditing/config/AuditingConfiguration.class], URL [jar:file:/Users/yjayaraman/.gradle/caches/modules-2/files-2.1/org.springframework.data/spring-data-commons/1.11.0.RELEASE/935cd4ab0a1a07358d7f0c9c808f9113dc177bd8/spring-data-commons-1.11.0.RELEASE.jar!/org/springframework/data/auditing/config/AuditingHandlerBeanDefinitionParser.class], URL [jar:file:/Users/yjayaraman/.gradle/caches/modules-2/files-2.1/org.springframework.data/spring-data-commons/1.11.0.RELEASE/935cd4ab0a1a07358d7f0c9c808f9113dc177bd8/spring-data-commons-1.11.0.RELEASE.jar!/org/springframework/data/auditing/config/AuditingBeanDefinitionRegistrarSupport.class], URL [jar:file:/Users/yjayaraman/.gradle/caches/modules-2/files-2.1/org.springframework.data/spring-data-commons/1.11.0.RELEASE/935cd4ab0a1a07358d7f0c9c808f9113dc177bd8/spring-data-commons-1.11.0.RELEASE.jar!/org/springframework/data/auditing/config/AnnotationAuditingConfiguration.class], URL [jar:file:/Users/yjayaraman/.gradle/caches/modules-2/files-2.1/org.springframework.data/spring-data-commons/1.11.0.RELEASE/935cd4ab0a1a07358d7f0c9c808f9113dc177bd8/spring-data-commons-1.11.0.RELEASE.jar!/org/springframework/data/auditing/IsNewAwareAuditingHandler.class], URL [jar:file:/Users/yjayaraman/.gradle/caches/modules-2/files-2.1/org.springframework.data/spring-data-commons/1.11.0.RELEASE/935cd4ab0a1a07358d7f0c9c808f9113dc177bd8/spring-data-commons-1.11.0.RELEASE.jar!/org/springframework/data/authentication/UserCredentials.class], URL [jar:file:/Users/yjayaraman/.gradle/caches/modules-2/files-2.1/org.springframework.data/spring-data-commons/1.11.0.RELEASE/935cd4ab0a1a07358d7f0c9c808f9113dc177bd8/spring-data-commons-1.11.0.RELEASE.jar!/org/springframework/data/support/PersistableIsNewStrategy.class], URL [jar:file:/Users/yjayaraman/.gradle/caches/modules-2/files-2.1/org.springframework.data/spring-data-commons/1.11.0.RELEASE/935cd4ab0a1a07358d7f0c9c808f9113dc177bd8/spring-data-commons-1.11.0.RELEASE.jar!/org/springframework/data/support/CachingIsNewStrategyFactory.class], URL [jar:file:/Users/yjayaraman/.gradle/caches/modules-2/files-2.1/org.springframework.data/spring-data-commons/1.11.0.RELEASE/935cd4ab0a1a07358d7f0c9c808f9113dc177bd8/spring-data-commons-1.11.0.RELEASE.jar!/org/springframework/data/support/IsNewStrategy.class], URL [jar:file:/Users/yjayaraman/.gradle/caches/modules-2/files-2.1/org.springframework.data/spring-data-commons/1.11.0.RELEASE/935cd4ab0a1a07358d7f0c9c808f9113dc177bd8/spring-data-commons-1.11.0.RELEASE.jar!/org/springframework/data/support/IsNewStrategyFactorySupport.class], URL [jar:file:/Users/yjayaraman/.gradle/caches/modules-2/files-2.1/org.springframework.data/spring-data-commons/1.11.0.RELEASE/935cd4ab0a1a07358d7f0c9c808f9113dc177bd8/spring-data-commons-1.11.0.RELEASE.jar!/org/springframework/data/support/IsNewStrategyFactory.class], URL [jar:file:/Users/yjayaraman/.gradle/caches/modules-2/files-2.1/org.springframework.data/spring-data-commons/1.11.0.RELEASE/935cd4ab0a1a07358d7f0c9c808f9113dc177bd8/spring-data-commons-1.11.0.RELEASE.jar!/org/springframework/data/projection/DefaultMethodInvokingMethodInterceptor.class], URL [jar:file:/Users/yjayaraman/.gradle/caches/modules-2/files-2.1/org.springframework.data/spring-data-commons/1.11.0.RELEASE/935cd4ab0a1a07358d7f0c9c808f9113dc177bd8/spring-data-commons-1.11.0.RELEASE.jar!/org/springframework/data/projection/ProjectingMethodInterceptor.class], URL [jar:file:/Users/yjayaraman/.gradle/caches/modules-2/files-2.1/org.springframework.data/spring-data-commons/1.11.0.RELEASE/935cd4ab0a1a07358d7f0c9c808f9113dc177bd8/spring-data-commons-1.11.0.RELEASE.jar!/org/springframework/data/projection/TargetAware.class], URL [jar:file:/Users/yjayaraman/.gradle/caches/modules-2/files-2.1/org.springframework.data/spring-data-commons/1.11.0.RELEASE/935cd4ab0a1a07358d7f0c9c808f9113dc177bd8/spring-data-commons-1.11.0.RELEASE.jar!/org/springframework/data/projection/SpelEvaluatingMethodInterceptor$TargetWrapper.class], URL [jar:file:/Users/yjayaraman/.gradle/caches/modules-2/files-2.1/org.springframework.data/spring-data-commons/1.11.0.RELEASE/935cd4ab0a1a07358d7f0c9c808f9113dc177bd8/spring-data-commons-1.11.0.RELEASE.jar!/org/springframework/data/projection/SpelEvaluatingMethodInterceptor.class], URL [jar:file:/Users/yjayaraman/.gradle/caches/modules-2/files-2.1/org.springframework.data/spring-data-commons/1.11.0.RELEASE/935cd4ab0a1a07358d7f0c9c808f9113dc177bd8/spring-data-commons-1.11.0.RELEASE.jar!/org/springframework/data/projection/MapAccessingMethodInterceptor.class], URL [jar:file:/Users/yjayaraman/.gradle/caches/modules-2/files-2.1/org.springframework.data/spring-data-commons/1.11.0.RELEASE/935cd4ab0a1a07358d7f0c9c808f9113dc177bd8/spring-data-commons-1.11.0.RELEASE.jar!/org/springframework/data/projection/SpelAwareProxyProjectionFactory.class], URL [jar:file:/Users/yjayaraman/.gradle/caches/modules-2/files-2.1/org.springframework.data/spring-data-commons/1.11.0.RELEASE/935cd4ab0a1a07358d7f0c9c808f9113dc177bd8/spring-data-commons-1.11.0.RELEASE.jar!/org/springframework/data/projection/ProxyProjectionFactory.class], URL [jar:file:/Users/yjayaraman/.gradle/caches/modules-2/files-2.1/org.springframework.data/spring-data-commons/1.11.0.RELEASE/935cd4ab0a1a07358d7f0c9c808f9113dc177bd8/spring-data-commons-1.11.0.RELEASE.jar!/org/springframework/data/projection/ProjectionFactory.class], URL [jar:file:/Users/yjayaraman/.gradle/caches/modules-2/files-2.1/org.springframework.data/spring-data-commons/1.11.0.RELEASE/935cd4ab0a1a07358d7f0c9c808f9113dc177bd8/spring-data-commons-1.11.0.RELEASE.jar!/org/springframework/data/projection/PropertyAccessingMethodInterceptor.class], URL [jar:file:/Users/yjayaraman/.gradle/caches/modules-2/files-2.1/org.springframework.data/spring-data-commons/1.11.0.RELEASE/935cd4ab0a1a07358d7f0c9c808f9113dc177bd8/spring-data-commons-1.11.0.RELEASE.jar!/org/springframework/data/projection/ProxyProjectionFactory$TargetAwareMethodInterceptor.class], URL [jar:file:/Users/yjayaraman/.gradle/caches/modules-2/files-2.1/org.springframework.data/spring-data-commons/1.11.0.RELEASE/935cd4ab0a1a07358d7f0c9c808f9113dc177bd8/spring-data-commons-1.11.0.RELEASE.jar!/org/springframework/data/projection/MapAccessingMethodInterceptor$Accessor.class], URL [jar:file:/Users/yjayaraman/.gradle/caches/modules-2/files-2.1/org.springframework.data/spring-data-commons/1.11.0.RELEASE/935cd4ab0a1a07358d7f0c9c808f9113dc177bd8/spring-data-commons-1.11.0.RELEASE.jar!/org/springframework/data/transaction/MultiTransactionStatus$SavePoints.class], URL [jar:file:/Users/yjayaraman/.gradle/caches/modules-2/files-2.1/org.springframework.data/spring-data-commons/1.11.0.RELEASE/935cd4ab0a1a07358d7f0c9c808f9113dc177bd8/spring-data-commons-1.11.0.RELEASE.jar!/org/springframework/data/transaction/ChainedTransactionManager.class], URL [jar:file:/Users/yjayaraman/.gradle/caches/modules-2/files-2.1/org.springframework.data/spring-data-commons/1.11.0.RELEASE/935cd4ab0a1a07358d7f0c9c808f9113dc177bd8/spring-data-commons-1.11.0.RELEASE.jar!/org/springframework/data/transaction/SpringTransactionSynchronizationManager.class], URL [jar:file:/Users/yjayaraman/.gradle/caches/modules-2/files-2.1/org.springframework.data/spring-data-commons/1.11.0.RELEASE/935cd4ab0a1a07358d7f0c9c808f9113dc177bd8/spring-data-commons-1.11.0.RELEASE.jar!/org/springframework/data/transaction/MultiTransactionStatus$1.class], URL [jar:file:/Users/yjayaraman/.gradle/caches/modules-2/files-2.1/org.springframework.data/spring-data-commons/1.11.0.RELEASE/935cd4ab0a1a07358d7f0c9c808f9113dc177bd8/spring-data-commons-1.11.0.RELEASE.jar!/org/springframework/data/transaction/MultiTransactionStatus.class], URL [jar:file:/Users/yjayaraman/.gradle/caches/modules-2/files-2.1/org.springframework.data/spring-data-commons/1.11.0.RELEASE/935cd4ab0a1a07358d7f0c9c808f9113dc177bd8/spring-data-commons-1.11.0.RELEASE.jar!/org/springframework/data/transaction/SynchronizationManager.class]]
2016-04-27 17:58:10.830 TRACE 37359 --- [    Test worker] ssPathScanningCandidateComponentProvider : Scanning URL [jar:file:/Users/yjayaraman/.gradle/caches/modules-2/files-2.1/org.springframework.data/spring-data-jpa/1.9.0.RELEASE/54eb2e41ceba320dcbd67c19e8a50cb9af4160a5/spring-data-jpa-1.9.0.RELEASE.jar!/org/springframework/data/jpa/mapping/JpaPersistentProperty.class]
2016-04-27 17:58:10.830 TRACE 37359 --- [    Test worker] ssPathScanningCandidateComponentProvider : Ignored because not matching any filter: URL [jar:file:/Users/yjayaraman/.gradle/caches/modules-2/files-2.1/org.springframework.data/spring-data-jpa/1.9.0.RELEASE/54eb2e41ceba320dcbd67c19e8a50cb9af4160a5/spring-data-jpa-1.9.0.RELEASE.jar!/org/springframework/data/jpa/mapping/JpaPersistentProperty.class]
2016-04-27 17:58:10.830 TRACE 37359 --- [    Test worker] ssPathScanningCandidateComponentProvider : Scanning URL [jar:file:/Users/yjayaraman/.gradle/caches/modules-2/files-2.1/org.springframework.data/spring-data-jpa/1.9.0.RELEASE/54eb2e41ceba320dcbd67c19e8a50cb9af4160a5/spring-data-jpa-1.9.0.RELEASE.jar!/org/springframework/data/jpa/mapping/JpaPersistentPropertyImpl.class]
2016-04-27 17:58:10.831 TRACE 37359 --- [    Test worker] ssPathScanningCandidateComponentProvider : Ignored because not matching any filter: URL [jar:file:/Users/yjayaraman/.gradle/caches/modules-2/files-2.1/org.springframework.data/spring-data-jpa/1.9.0.RELEASE/54eb2e41ceba320dcbd67c19e8a50cb9af4160a5/spring-data-jpa-1.9.0.RELEASE.jar!/org/springframework/data/jpa/mapping/JpaPersistentPropertyImpl.class]
2016-04-27 17:58:10.831 TRACE 37359 --- [    Test worker] ssPathScanningCandidateComponentProvider : Scanning URL [jar:file:/Users/yjayaraman/.gradle/caches/modules-2/files-2.1/org.springframework.data/spring-data-jpa/1.9.0.RELEASE/54eb2e41ceba320dcbd67c19e8a50cb9af4160a5/spring-data-jpa-1.9.0.RELEASE.jar!/org/springframework/data/jpa/mapping/JpaPersistentEntityImpl.class]
2016-04-27 17:58:10.831 TRACE 37359 --- [    Test worker] ssPathScanningCandidateComponentProvider : Ignored because not matching any filter: URL [jar:file:/Users/yjayaraman/.gradle/caches/modules-2/files-2.1/org.springframework.data/spring-data-jpa/1.9.0.RELEASE/54eb2e41ceba320dcbd67c19e8a50cb9af4160a5/spring-data-jpa-1.9.0.RELEASE.jar!/org/springframework/data/jpa/mapping/JpaPersistentEntityImpl.class]
2016-04-27 17:58:10.831 TRACE 37359 --- [    Test worker] ssPathScanningCandidateComponentProvider : Scanning URL [jar:file:/Users/yjayaraman/.gradle/caches/modules-2/files-2.1/org.springframework.data/spring-data-jpa/1.9.0.RELEASE/54eb2e41ceba320dcbd67c19e8a50cb9af4160a5/spring-data-jpa-1.9.0.RELEASE.jar!/org/springframework/data/jpa/mapping/JpaPersistentEntityImpl$JpaProxyAwareIdentifierAccessor.class]
2016-04-27 17:58:10.831 TRACE 37359 --- [    Test worker] ssPathScanningCandidateComponentProvider : Ignored because not matching any filter: URL [jar:file:/Users/yjayaraman/.gradle/caches/modules-2/files-2.1/org.springframework.data/spring-data-jpa/1.9.0.RELEASE/54eb2e41ceba320dcbd67c19e8a50cb9af4160a5/spring-data-jpa-1.9.0.RELEASE.jar!/org/springframework/data/jpa/mapping/JpaPersistentEntityImpl$JpaProxyAwareIdentifierAccessor.class]
2016-04-27 17:58:10.831 TRACE 37359 --- [    Test worker] ssPathScanningCandidateComponentProvider : Scanning URL [jar:file:/Users/yjayaraman/.gradle/caches/modules-2/files-2.1/org.springframework.data/spring-data-jpa/1.9.0.RELEASE/54eb2e41ceba320dcbd67c19e8a50cb9af4160a5/spring-data-jpa-1.9.0.RELEASE.jar!/org/springframework/data/jpa/mapping/JpaMetamodelMappingContext.class]
2016-04-27 17:58:10.831 TRACE 37359 --- [    Test worker] ssPathScanningCandidateComponentProvider : Ignored because not matching any filter: URL [jar:file:/Users/yjayaraman/.gradle/caches/modules-2/files-2.1/org.springframework.data/spring-data-jpa/1.9.0.RELEASE/54eb2e41ceba320dcbd67c19e8a50cb9af4160a5/spring-data-jpa-1.9.0.RELEASE.jar!/org/springframework/data/jpa/mapping/JpaMetamodelMappingContext.class]
2016-04-27 17:58:10.831 TRACE 37359 --- [    Test worker] ssPathScanningCandidateComponentProvider : Scanning URL [jar:file:/Users/yjayaraman/.gradle/caches/modules-2/files-2.1/org.springframework.data/spring-data-jpa/1.9.0.RELEASE/54eb2e41ceba320dcbd67c19e8a50cb9af4160a5/spring-data-jpa-1.9.0.RELEASE.jar!/org/springframework/data/jpa/mapping/JpaPersistentEntity.class]
2016-04-27 17:58:10.831 TRACE 37359 --- [    Test worker] ssPathScanningCandidateComponentProvider : Ignored because not matching any filter: URL [jar:file:/Users/yjayaraman/.gradle/caches/modules-2/files-2.1/org.springframework.data/spring-data-jpa/1.9.0.RELEASE/54eb2e41ceba320dcbd67c19e8a50cb9af4160a5/spring-data-jpa-1.9.0.RELEASE.jar!/org/springframework/data/jpa/mapping/JpaPersistentEntity.class]
2016-04-27 17:58:10.831 TRACE 37359 --- [    Test worker] ssPathScanningCandidateComponentProvider : Scanning URL [jar:file:/Users/yjayaraman/.gradle/caches/modules-2/files-2.1/org.springframework.data/spring-data-jpa/1.9.0.RELEASE/54eb2e41ceba320dcbd67c19e8a50cb9af4160a5/spring-data-jpa-1.9.0.RELEASE.jar!/org/springframework/data/jpa/util/BeanDefinitionUtils$EntityManagerFactoryBeanDefinition.class]
2016-04-27 17:58:10.831 TRACE 37359 --- [    Test worker] ssPathScanningCandidateComponentProvider : Ignored because not matching any filter: URL [jar:file:/Users/yjayaraman/.gradle/caches/modules-2/files-2.1/org.springframework.data/spring-data-jpa/1.9.0.RELEASE/54eb2e41ceba320dcbd67c19e8a50cb9af4160a5/spring-data-jpa-1.9.0.RELEASE.jar!/org/springframework/data/jpa/util/BeanDefinitionUtils$EntityManagerFactoryBeanDefinition.class]
2016-04-27 17:58:10.832 TRACE 37359 --- [    Test worker] ssPathScanningCandidateComponentProvider : Scanning URL [jar:file:/Users/yjayaraman/.gradle/caches/modules-2/files-2.1/org.springframework.data/spring-data-jpa/1.9.0.RELEASE/54eb2e41ceba320dcbd67c19e8a50cb9af4160a5/spring-data-jpa-1.9.0.RELEASE.jar!/org/springframework/data/jpa/util/BeanDefinitionUtils.class]
2016-04-27 17:58:10.832 TRACE 37359 --- [    Test worker] ssPathScanningCandidateComponentProvider : Ignored because not matching any filter: URL [jar:file:/Users/yjayaraman/.gradle/caches/modules-2/files-2.1/org.springframework.data/spring-data-jpa/1.9.0.RELEASE/54eb2e41ceba320dcbd67c19e8a50cb9af4160a5/spring-data-jpa-1.9.0.RELEASE.jar!/org/springframework/data/jpa/util/BeanDefinitionUtils.class]
2016-04-27 17:58:10.832 TRACE 37359 --- [    Test worker] ssPathScanningCandidateComponentProvider : Scanning URL [jar:file:/Users/yjayaraman/.gradle/caches/modules-2/files-2.1/org.springframework.data/spring-data-jpa/1.9.0.RELEASE/54eb2e41ceba320dcbd67c19e8a50cb9af4160a5/spring-data-jpa-1.9.0.RELEASE.jar!/org/springframework/data/jpa/convert/threetenbp/ThreeTenBackPortJpaConverters$LocalTimeConverter.class]
2016-04-27 17:58:10.832 TRACE 37359 --- [    Test worker] ssPathScanningCandidateComponentProvider : Ignored because not matching any filter: URL [jar:file:/Users/yjayaraman/.gradle/caches/modules-2/files-2.1/org.springframework.data/spring-data-jpa/1.9.0.RELEASE/54eb2e41ceba320dcbd67c19e8a50cb9af4160a5/spring-data-jpa-1.9.0.RELEASE.jar!/org/springframework/data/jpa/convert/threetenbp/ThreeTenBackPortJpaConverters$LocalTimeConverter.class]
2016-04-27 17:58:10.832 TRACE 37359 --- [    Test worker] ssPathScanningCandidateComponentProvider : Scanning URL [jar:file:/Users/yjayaraman/.gradle/caches/modules-2/files-2.1/org.springframework.data/spring-data-jpa/1.9.0.RELEASE/54eb2e41ceba320dcbd67c19e8a50cb9af4160a5/spring-data-jpa-1.9.0.RELEASE.jar!/org/springframework/data/jpa/convert/threetenbp/ThreeTenBackPortJpaConverters$LocalDateTimeConverter.class]
2016-04-27 17:58:10.833 TRACE 37359 --- [    Test worker] ssPathScanningCandidateComponentProvider : Ignored because not matching any filter: URL [jar:file:/Users/yjayaraman/.gradle/caches/modules-2/files-2.1/org.springframework.data/spring-data-jpa/1.9.0.RELEASE/54eb2e41ceba320dcbd67c19e8a50cb9af4160a5/spring-data-jpa-1.9.0.RELEASE.jar!/org/springframework/data/jpa/convert/threetenbp/ThreeTenBackPortJpaConverters$LocalDateTimeConverter.class]
2016-04-27 17:58:10.833 TRACE 37359 --- [    Test worker] ssPathScanningCandidateComponentProvider : Scanning URL [jar:file:/Users/yjayaraman/.gradle/caches/modules-2/files-2.1/org.springframework.data/spring-data-jpa/1.9.0.RELEASE/54eb2e41ceba320dcbd67c19e8a50cb9af4160a5/spring-data-jpa-1.9.0.RELEASE.jar!/org/springframework/data/jpa/convert/threetenbp/ThreeTenBackPortJpaConverters$InstantConverter.class]
2016-04-27 17:58:10.833 TRACE 37359 --- [    Test worker] ssPathScanningCandidateComponentProvider : Ignored because not matching any filter: URL [jar:file:/Users/yjayaraman/.gradle/caches/modules-2/files-2.1/org.springframework.data/spring-data-jpa/1.9.0.RELEASE/54eb2e41ceba320dcbd67c19e8a50cb9af4160a5/spring-data-jpa-1.9.0.RELEASE.jar!/org/springframework/data/jpa/convert/threetenbp/ThreeTenBackPortJpaConverters$InstantConverter.class]
2016-04-27 17:58:10.833 TRACE 37359 --- [    Test worker] ssPathScanningCandidateComponentProvider : Scanning URL [jar:file:/Users/yjayaraman/.gradle/caches/modules-2/files-2.1/org.springframework.data/spring-data-jpa/1.9.0.RELEASE/54eb2e41ceba320dcbd67c19e8a50cb9af4160a5/spring-data-jpa-1.9.0.RELEASE.jar!/org/springframework/data/jpa/convert/threetenbp/ThreeTenBackPortJpaConverters$LocalDateConverter.class]
2016-04-27 17:58:10.833 TRACE 37359 --- [    Test worker] ssPathScanningCandidateComponentProvider : Ignored because not matching any filter: URL [jar:file:/Users/yjayaraman/.gradle/caches/modules-2/files-2.1/org.springframework.data/spring-data-jpa/1.9.0.RELEASE/54eb2e41ceba320dcbd67c19e8a50cb9af4160a5/spring-data-jpa-1.9.0.RELEASE.jar!/org/springframework/data/jpa/convert/threetenbp/ThreeTenBackPortJpaConverters$LocalDateConverter.class]
2016-04-27 17:58:10.833 TRACE 37359 --- [    Test worker] ssPathScanningCandidateComponentProvider : Scanning URL [jar:file:/Users/yjayaraman/.gradle/caches/modules-2/files-2.1/org.springframework.data/spring-data-jpa/1.9.0.RELEASE/54eb2e41ceba320dcbd67c19e8a50cb9af4160a5/spring-data-jpa-1.9.0.RELEASE.jar!/org/springframework/data/jpa/convert/threetenbp/ThreeTenBackPortJpaConverters.class]
2016-04-27 17:58:10.833 TRACE 37359 --- [    Test worker] ssPathScanningCandidateComponentProvider : Ignored because not matching any filter: URL [jar:file:/Users/yjayaraman/.gradle/caches/modules-2/files-2.1/org.springframework.data/spring-data-jpa/1.9.0.RELEASE/54eb2e41ceba320dcbd67c19e8a50cb9af4160a5/spring-data-jpa-1.9.0.RELEASE.jar!/org/springframework/data/jpa/convert/threetenbp/ThreeTenBackPortJpaConverters.class]
2016-04-27 17:58:10.833 TRACE 37359 --- [    Test worker] ssPathScanningCandidateComponentProvider : Scanning URL [jar:file:/Users/yjayaraman/.gradle/caches/modules-2/files-2.1/org.springframework.data/spring-data-jpa/1.9.0.RELEASE/54eb2e41ceba320dcbd67c19e8a50cb9af4160a5/spring-data-jpa-1.9.0.RELEASE.jar!/org/springframework/data/jpa/convert/threeten/Jsr310JpaConverters$InstantConverter.class]
2016-04-27 17:58:10.833 TRACE 37359 --- [    Test worker] ssPathScanningCandidateComponentProvider : Ignored because not matching any filter: URL [jar:file:/Users/yjayaraman/.gradle/caches/modules-2/files-2.1/org.springframework.data/spring-data-jpa/1.9.0.RELEASE/54eb2e41ceba320dcbd67c19e8a50cb9af4160a5/spring-data-jpa-1.9.0.RELEASE.jar!/org/springframework/data/jpa/convert/threeten/Jsr310JpaConverters$InstantConverter.class]
2016-04-27 17:58:10.833 TRACE 37359 --- [    Test worker] ssPathScanningCandidateComponentProvider : Scanning URL [jar:file:/Users/yjayaraman/.gradle/caches/modules-2/files-2.1/org.springframework.data/spring-data-jpa/1.9.0.RELEASE/54eb2e41ceba320dcbd67c19e8a50cb9af4160a5/spring-data-jpa-1.9.0.RELEASE.jar!/org/springframework/data/jpa/convert/threeten/Jsr310JpaConverters$LocalDateConverter.class]
2016-04-27 17:58:10.833 TRACE 37359 --- [    Test worker] ssPathScanningCandidateComponentProvider : Ignored because not matching any filter: URL [jar:file:/Users/yjayaraman/.gradle/caches/modules-2/files-2.1/org.springframework.data/spring-data-jpa/1.9.0.RELEASE/54eb2e41ceba320dcbd67c19e8a50cb9af4160a5/spring-data-jpa-1.9.0.RELEASE.jar!/org/springframework/data/jpa/convert/threeten/Jsr310JpaConverters$LocalDateConverter.class]
2016-04-27 17:58:10.834 TRACE 37359 --- [    Test worker] ssPathScanningCandidateComponentProvider : Scanning URL [jar:file:/Users/yjayaraman/.gradle/caches/modules-2/files-2.1/org.springframework.data/spring-data-jpa/1.9.0.RELEASE/54eb2e41ceba320dcbd67c19e8a50cb9af4160a5/spring-data-jpa-1.9.0.RELEASE.jar!/org/springframework/data/jpa/convert/threeten/Jsr310JpaConverters$LocalTimeConverter.class]
2016-04-27 17:58:10.834 TRACE 37359 --- [    Test worker] ssPathScanningCandidateComponentProvider : Ignored because not matching any filter: URL [jar:file:/Users/yjayaraman/.gradle/caches/modules-2/files-2.1/org.springframework.data/spring-data-jpa/1.9.0.RELEASE/54eb2e41ceba320dcbd67c19e8a50cb9af4160a5/spring-data-jpa-1.9.0.RELEASE.jar!/org/springframework/data/jpa/convert/threeten/Jsr310JpaConverters$LocalTimeConverter.class]
2016-04-27 17:58:10.834 TRACE 37359 --- [    Test worker] ssPathScanningCandidateComponentProvider : Scanning URL [jar:file:/Users/yjayaraman/.gradle/caches/modules-2/files-2.1/org.springframework.data/spring-data-jpa/1.9.0.RELEASE/54eb2e41ceba320dcbd67c19e8a50cb9af4160a5/spring-data-jpa-1.9.0.RELEASE.jar!/org/springframework/data/jpa/convert/threeten/Jsr310JpaConverters.class]
2016-04-27 17:58:10.834 TRACE 37359 --- [    Test worker] ssPathScanningCandidateComponentProvider : Ignored because not matching any filter: URL [jar:file:/Users/yjayaraman/.gradle/caches/modules-2/files-2.1/org.springframework.data/spring-data-jpa/1.9.0.RELEASE/54eb2e41ceba320dcbd67c19e8a50cb9af4160a5/spring-data-jpa-1.9.0.RELEASE.jar!/org/springframework/data/jpa/convert/threeten/Jsr310JpaConverters.class]
2016-04-27 17:58:10.834 TRACE 37359 --- [    Test worker] ssPathScanningCandidateComponentProvider : Scanning URL [jar:file:/Users/yjayaraman/.gradle/caches/modules-2/files-2.1/org.springframework.data/spring-data-jpa/1.9.0.RELEASE/54eb2e41ceba320dcbd67c19e8a50cb9af4160a5/spring-data-jpa-1.9.0.RELEASE.jar!/org/springframework/data/jpa/convert/threeten/Jsr310JpaConverters$LocalDateTimeConverter.class]
2016-04-27 17:58:10.834 TRACE 37359 --- [    Test worker] ssPathScanningCandidateComponentProvider : Ignored because not matching any filter: URL [jar:file:/Users/yjayaraman/.gradle/caches/modules-2/files-2.1/org.springframework.data/spring-data-jpa/1.9.0.RELEASE/54eb2e41ceba320dcbd67c19e8a50cb9af4160a5/spring-data-jpa-1.9.0.RELEASE.jar!/org/springframework/data/jpa/convert/threeten/Jsr310JpaConverters$LocalDateTimeConverter.class]
2016-04-27 17:58:10.834 TRACE 37359 --- [    Test worker] ssPathScanningCandidateComponentProvider : Scanning URL [jar:file:/Users/yjayaraman/.gradle/caches/modules-2/files-2.1/org.springframework.data/spring-data-jpa/1.9.0.RELEASE/54eb2e41ceba320dcbd67c19e8a50cb9af4160a5/spring-data-jpa-1.9.0.RELEASE.jar!/org/springframework/data/jpa/repository/Query.class]
2016-04-27 17:58:10.835 TRACE 37359 --- [    Test worker] ssPathScanningCandidateComponentProvider : Ignored because not matching any filter: URL [jar:file:/Users/yjayaraman/.gradle/caches/modules-2/files-2.1/org.springframework.data/spring-data-jpa/1.9.0.RELEASE/54eb2e41ceba320dcbd67c19e8a50cb9af4160a5/spring-data-jpa-1.9.0.RELEASE.jar!/org/springframework/data/jpa/repository/Query.class]
2016-04-27 17:58:10.835 TRACE 37359 --- [    Test worker] ssPathScanningCandidateComponentProvider : Scanning URL [jar:file:/Users/yjayaraman/.gradle/caches/modules-2/files-2.1/org.springframework.data/spring-data-jpa/1.9.0.RELEASE/54eb2e41ceba320dcbd67c19e8a50cb9af4160a5/spring-data-jpa-1.9.0.RELEASE.jar!/org/springframework/data/jpa/repository/query/ParameterMetadataProvider$1.class]
2016-04-27 17:58:10.835 TRACE 37359 --- [    Test worker] ssPathScanningCandidateComponentProvider : Ignored because not matching any filter: URL [jar:file:/Users/yjayaraman/.gradle/caches/modules-2/files-2.1/org.springframework.data/spring-data-jpa/1.9.0.RELEASE/54eb2e41ceba320dcbd67c19e8a50cb9af4160a5/spring-data-jpa-1.9.0.RELEASE.jar!/org/springframework/data/jpa/repository/query/ParameterMetadataProvider$1.class]
2016-04-27 17:58:10.835 TRACE 37359 --- [    Test worker] ssPathScanningCandidateComponentProvider : Scanning URL [jar:file:/Users/yjayaraman/.gradle/caches/modules-2/files-2.1/org.springframework.data/spring-data-jpa/1.9.0.RELEASE/54eb2e41ceba320dcbd67c19e8a50cb9af4160a5/spring-data-jpa-1.9.0.RELEASE.jar!/org/springframework/data/jpa/repository/query/StringQuery.class]
2016-04-27 17:58:10.835 TRACE 37359 --- [    Test worker] ssPathScanningCandidateComponentProvider : Ignored because not matching any filter: URL [jar:file:/Users/yjayaraman/.gradle/caches/modules-2/files-2.1/org.springframework.data/spring-data-jpa/1.9.0.RELEASE/54eb2e41ceba320dcbd67c19e8a50cb9af4160a5/spring-data-jpa-1.9.0.RELEASE.jar!/org/springframework/data/jpa/repository/query/StringQuery.class]
2016-04-27 17:58:10.835 TRACE 37359 --- [    Test worker] ssPathScanningCandidateComponentProvider : Scanning URL [jar:file:/Users/yjayaraman/.gradle/caches/modules-2/files-2.1/org.springframework.data/spring-data-jpa/1.9.0.RELEASE/54eb2e41ceba320dcbd67c19e8a50cb9af4160a5/spring-data-jpa-1.9.0.RELEASE.jar!/org/springframework/data/jpa/repository/query/JpaQueryExecution.class]
2016-04-27 17:58:10.835 TRACE 37359 --- [    Test worker] ssPathScanningCandidateComponentProvider : Ignored because not matching any filter: URL [jar:file:/Users/yjayaraman/.gradle/caches/modules-2/files-2.1/org.springframework.data/spring-data-jpa/1.9.0.RELEASE/54eb2e41ceba320dcbd67c19e8a50cb9af4160a5/spring-data-jpa-1.9.0.RELEASE.jar!/org/springframework/data/jpa/repository/query/JpaQueryExecution.class]
2016-04-27 17:58:10.835 TRACE 37359 --- [    Test worker] ssPathScanningCandidateComponentProvider : Scanning URL [jar:file:/Users/yjayaraman/.gradle/caches/modules-2/files-2.1/org.springframework.data/spring-data-jpa/1.9.0.RELEASE/54eb2e41ceba320dcbd67c19e8a50cb9af4160a5/spring-data-jpa-1.9.0.RELEASE.jar!/org/springframework/data/jpa/repository/query/JpaQueryLookupStrategy$AbstractQueryLookupStrategy.class]
2016-04-27 17:58:10.835 TRACE 37359 --- [    Test worker] ssPathScanningCandidateComponentProvider : Ignored because not matching any filter: URL [jar:file:/Users/yjayaraman/.gradle/caches/modules-2/files-2.1/org.springframework.data/spring-data-jpa/1.9.0.RELEASE/54eb2e41ceba320dcbd67c19e8a50cb9af4160a5/spring-data-jpa-1.9.0.RELEASE.jar!/org/springframework/data/jpa/repository/query/JpaQueryLookupStrategy$AbstractQueryLookupStrategy.class]
2016-04-27 17:58:10.835 TRACE 37359 --- [    Test worker] ssPathScanningCandidateComponentProvider : Scanning URL [jar:file:/Users/yjayaraman/.gradle/caches/modules-2/files-2.1/org.springframework.data/spring-data-jpa/1.9.0.RELEASE/54eb2e41ceba320dcbd67c19e8a50cb9af4160a5/spring-data-jpa-1.9.0.RELEASE.jar!/org/springframework/data/jpa/repository/query/JpaResultConverters$BlobToByteArrayConverter.class]
2016-04-27 17:58:10.836 TRACE 37359 --- [    Test worker] ssPathScanningCandidateComponentProvider : Ignored because not matching any filter: URL [jar:file:/Users/yjayaraman/.gradle/caches/modules-2/files-2.1/org.springframework.data/spring-data-jpa/1.9.0.RELEASE/54eb2e41ceba320dcbd67c19e8a50cb9af4160a5/spring-data-jpa-1.9.0.RELEASE.jar!/org/springframework/data/jpa/repository/query/JpaResultConverters$BlobToByteArrayConverter.class]
2016-04-27 17:58:10.836 TRACE 37359 --- [    Test worker] ssPathScanningCandidateComponentProvider : Scanning URL [jar:file:/Users/yjayaraman/.gradle/caches/modules-2/files-2.1/org.springframework.data/spring-data-jpa/1.9.0.RELEASE/54eb2e41ceba320dcbd67c19e8a50cb9af4160a5/spring-data-jpa-1.9.0.RELEASE.jar!/org/springframework/data/jpa/repository/query/JpaQueryLookupStrategy$CreateQueryLookupStrategy.class]
2016-04-27 17:58:10.836 TRACE 37359 --- [    Test worker] ssPathScanningCandidateComponentProvider : Ignored because not matching any filter: URL [jar:file:/Users/yjayaraman/.gradle/caches/modules-2/files-2.1/org.springframework.data/spring-data-jpa/1.9.0.RELEASE/54eb2e41ceba320dcbd67c19e8a50cb9af4160a5/spring-data-jpa-1.9.0.RELEASE.jar!/org/springframework/data/jpa/repository/query/JpaQueryLookupStrategy$CreateQueryLookupStrategy.class]
2016-04-27 17:58:10.836 TRACE 37359 --- [    Test worker] ssPathScanningCandidateComponentProvider : Scanning URL [jar:file:/Users/yjayaraman/.gradle/caches/modules-2/files-2.1/org.springframework.data/spring-data-jpa/1.9.0.RELEASE/54eb2e41ceba320dcbd67c19e8a50cb9af4160a5/spring-data-jpa-1.9.0.RELEASE.jar!/org/springframework/data/jpa/repository/query/JpaResultConverters.class]
2016-04-27 17:58:10.836 TRACE 37359 --- [    Test worker] ssPathScanningCandidateComponentProvider : Ignored because not matching any filter: URL [jar:file:/Users/yjayaraman/.gradle/caches/modules-2/files-2.1/org.springframework.data/spring-data-jpa/1.9.0.RELEASE/54eb2e41ceba320dcbd67c19e8a50cb9af4160a5/spring-data-jpa-1.9.0.RELEASE.jar!/org/springframework/data/jpa/repository/query/JpaResultConverters.class]
2016-04-27 17:58:10.836 TRACE 37359 --- [    Test worker] ssPathScanningCandidateComponentProvider : Scanning URL [jar:file:/Users/yjayaraman/.gradle/caches/modules-2/files-2.1/org.springframework.data/spring-data-jpa/1.9.0.RELEASE/54eb2e41ceba320dcbd67c19e8a50cb9af4160a5/spring-data-jpa-1.9.0.RELEASE.jar!/org/springframework/data/jpa/repository/query/JpaQueryExecution$SingleEntityExecution.class]
2016-04-27 17:58:10.836 TRACE 37359 --- [    Test worker] ssPathScanningCandidateComponentProvider : Ignored because not matching any filter: URL [jar:file:/Users/yjayaraman/.gradle/caches/modules-2/files-2.1/org.springframework.data/spring-data-jpa/1.9.0.RELEASE/54eb2e41ceba320dcbd67c19e8a50cb9af4160a5/spring-data-jpa-1.9.0.RELEASE.jar!/org/springframework/data/jpa/repository/query/JpaQueryExecution$SingleEntityExecution.class]
2016-04-27 17:58:10.836 TRACE 37359 --- [    Test worker] ssPathScanningCandidateComponentProvider : Scanning URL [jar:file:/Users/yjayaraman/.gradle/caches/modules-2/files-2.1/org.springframework.data/spring-data-jpa/1.9.0.RELEASE/54eb2e41ceba320dcbd67c19e8a50cb9af4160a5/spring-data-jpa-1.9.0.RELEASE.jar!/org/springframework/data/jpa/repository/query/AbstractStringBasedJpaQuery.class]
2016-04-27 17:58:10.836 TRACE 37359 --- [    Test worker] ssPathScanningCandidateComponentProvider : Ignored because not matching any filter: URL [jar:file:/Users/yjayaraman/.gradle/caches/modules-2/files-2.1/org.springframework.data/spring-data-jpa/1.9.0.RELEASE/54eb2e41ceba320dcbd67c19e8a50cb9af4160a5/spring-data-jpa-1.9.0.RELEASE.jar!/org/springframework/data/jpa/repository/query/AbstractStringBasedJpaQuery.class]
2016-04-27 17:58:10.836 TRACE 37359 --- [    Test worker] ssPathScanningCandidateComponentProvider : Scanning URL [jar:file:/Users/yjayaraman/.gradle/caches/modules-2/files-2.1/org.springframework.data/spring-data-jpa/1.9.0.RELEASE/54eb2e41ceba320dcbd67c19e8a50cb9af4160a5/spring-data-jpa-1.9.0.RELEASE.jar!/org/springframework/data/jpa/repository/query/JpaQueryExecution$StreamExecution.class]
2016-04-27 17:58:10.836 TRACE 37359 --- [    Test worker] ssPathScanningCandidateComponentProvider : Ignored because not matching any filter: URL [jar:file:/Users/yjayaraman/.gradle/caches/modules-2/files-2.1/org.springframework.data/spring-data-jpa/1.9.0.RELEASE/54eb2e41ceba320dcbd67c19e8a50cb9af4160a5/spring-data-jpa-1.9.0.RELEASE.jar!/org/springframework/data/jpa/repository/query/JpaQueryExecution$StreamExecution.class]
2016-04-27 17:58:10.836 TRACE 37359 --- [    Test worker] ssPathScanningCandidateComponentProvider : Scanning URL [jar:file:/Users/yjayaraman/.gradle/caches/modules-2/files-2.1/org.springframework.data/spring-data-jpa/1.9.0.RELEASE/54eb2e41ceba320dcbd67c19e8a50cb9af4160a5/spring-data-jpa-1.9.0.RELEASE.jar!/org/springframework/data/jpa/repository/query/StoredProcedureAttributeSource$1.class]
2016-04-27 17:58:10.837 TRACE 37359 --- [    Test worker] ssPathScanningCandidateComponentProvider : Ignored because not matching any filter: URL [jar:file:/Users/yjayaraman/.gradle/caches/modules-2/files-2.1/org.springframework.data/spring-data-jpa/1.9.0.RELEASE/54eb2e41ceba320dcbd67c19e8a50cb9af4160a5/spring-data-jpa-1.9.0.RELEASE.jar!/org/springframework/data/jpa/repository/query/StoredProcedureAttributeSource$1.class]
2016-04-27 17:58:10.837 TRACE 37359 --- [    Test worker] ssPathScanningCandidateComponentProvider : Scanning URL [jar:file:/Users/yjayaraman/.gradle/caches/modules-2/files-2.1/org.springframework.data/spring-data-jpa/1.9.0.RELEASE/54eb2e41ceba320dcbd67c19e8a50cb9af4160a5/spring-data-jpa-1.9.0.RELEASE.jar!/org/springframework/data/jpa/repository/query/SpelExpressionStringQueryParameterBinder.class]
2016-04-27 17:58:10.837 TRACE 37359 --- [    Test worker] ssPathScanningCandidateComponentProvider : Ignored because not matching any filter: URL [jar:file:/Users/yjayaraman/.gradle/caches/modules-2/files-2.1/org.springframework.data/spring-data-jpa/1.9.0.RELEASE/54eb2e41ceba320dcbd67c19e8a50cb9af4160a5/spring-data-jpa-1.9.0.RELEASE.jar!/org/springframework/data/jpa/repository/query/SpelExpressionStringQueryParameterBinder.class]
2016-04-27 17:58:10.837 TRACE 37359 --- [    Test worker] ssPathScanningCandidateComponentProvider : Scanning URL [jar:file:/Users/yjayaraman/.gradle/caches/modules-2/files-2.1/org.springframework.data/spring-data-jpa/1.9.0.RELEASE/54eb2e41ceba320dcbd67c19e8a50cb9af4160a5/spring-data-jpa-1.9.0.RELEASE.jar!/org/springframework/data/jpa/repository/query/JpaQueryExecution$ProcedureExecution.class]
2016-04-27 17:58:10.837 TRACE 37359 --- [    Test worker] ssPathScanningCandidateComponentProvider : Ignored because not matching any filter: URL [jar:file:/Users/yjayaraman/.gradle/caches/modules-2/files-2.1/org.springframework.data/spring-data-jpa/1.9.0.RELEASE/54eb2e41ceba320dcbd67c19e8a50cb9af4160a5/spring-data-jpa-1.9.0.RELEASE.jar!/org/springframework/data/jpa/repository/query/JpaQueryExecution$ProcedureExecution.class]
2016-04-27 17:58:10.837 TRACE 37359 --- [    Test worker] ssPathScanningCandidateComponentProvider : Scanning URL [jar:file:/Users/yjayaraman/.gradle/caches/modules-2/files-2.1/org.springframework.data/spring-data-jpa/1.9.0.RELEASE/54eb2e41ceba320dcbd67c19e8a50cb9af4160a5/spring-data-jpa-1.9.0.RELEASE.jar!/org/springframework/data/jpa/repository/query/StringQuery$InParameterBinding.class]
2016-04-27 17:58:10.837 TRACE 37359 --- [    Test worker] ssPathScanningCandidateComponentProvider : Ignored because not matching any filter: URL [jar:file:/Users/yjayaraman/.gradle/caches/modules-2/files-2.1/org.springframework.data/spring-data-jpa/1.9.0.RELEASE/54eb2e41ceba320dcbd67c19e8a50cb9af4160a5/spring-data-jpa-1.9.0.RELEASE.jar!/org/springframework/data/jpa/repository/query/StringQuery$InParameterBinding.class]
2016-04-27 17:58:10.837 TRACE 37359 --- [    Test worker] ssPathScanningCandidateComponentProvider : Scanning URL [jar:file:/Users/yjayaraman/.gradle/caches/modules-2/files-2.1/org.springframework.data/spring-data-jpa/1.9.0.RELEASE/54eb2e41ceba320dcbd67c19e8a50cb9af4160a5/spring-data-jpa-1.9.0.RELEASE.jar!/org/springframework/data/jpa/repository/query/JpaQueryExecution$SlicedExecution.class]
2016-04-27 17:58:10.837 TRACE 37359 --- [    Test worker] ssPathScanningCandidateComponentProvider : Ignored because not matching any filter: URL [jar:file:/Users/yjayaraman/.gradle/caches/modules-2/files-2.1/org.springframework.data/spring-data-jpa/1.9.0.RELEASE/54eb2e41ceba320dcbd67c19e8a50cb9af4160a5/spring-data-jpa-1.9.0.RELEASE.jar!/org/springframework/data/jpa/repository/query/JpaQueryExecution$SlicedExecution.class]
2016-04-27 17:58:10.837 TRACE 37359 --- [    Test worker] ssPathScanningCandidateComponentProvider : Scanning URL [jar:file:/Users/yjayaraman/.gradle/caches/modules-2/files-2.1/org.springframework.data/spring-data-jpa/1.9.0.RELEASE/54eb2e41ceba320dcbd67c19e8a50cb9af4160a5/spring-data-jpa-1.9.0.RELEASE.jar!/org/springframework/data/jpa/repository/query/StringQueryParameterBinder.class]
2016-04-27 17:58:10.838 TRACE 37359 --- [    Test worker] ssPathScanningCandidateComponentProvider : Ignored because not matching any filter: URL [jar:file:/Users/yjayaraman/.gradle/caches/modules-2/files-2.1/org.springframework.data/spring-data-jpa/1.9.0.RELEASE/54eb2e41ceba320dcbd67c19e8a50cb9af4160a5/spring-data-jpa-1.9.0.RELEASE.jar!/org/springframework/data/jpa/repository/query/StringQueryParameterBinder.class]
2016-04-27 17:58:10.838 TRACE 37359 --- [    Test worker] ssPathScanningCandidateComponentProvider : Scanning URL [jar:file:/Users/yjayaraman/.gradle/caches/modules-2/files-2.1/org.springframework.data/spring-data-jpa/1.9.0.RELEASE/54eb2e41ceba320dcbd67c19e8a50cb9af4160a5/spring-data-jpa-1.9.0.RELEASE.jar!/org/springframework/data/jpa/repository/query/StringQuery$LikeParameterBinding.class]
2016-04-27 17:58:10.838 TRACE 37359 --- [    Test worker] ssPathScanningCandidateComponentProvider : Ignored because not matching any filter: URL [jar:file:/Users/yjayaraman/.gradle/caches/modules-2/files-2.1/org.springframework.data/spring-data-jpa/1.9.0.RELEASE/54eb2e41ceba320dcbd67c19e8a50cb9af4160a5/spring-data-jpa-1.9.0.RELEASE.jar!/org/springframework/data/jpa/repository/query/StringQuery$LikeParameterBinding.class]
2016-04-27 17:58:10.838 TRACE 37359 --- [    Test worker] ssPathScanningCandidateComponentProvider : Scanning URL [jar:file:/Users/yjayaraman/.gradle/caches/modules-2/files-2.1/org.springframework.data/spring-data-jpa/1.9.0.RELEASE/54eb2e41ceba320dcbd67c19e8a50cb9af4160a5/spring-data-jpa-1.9.0.RELEASE.jar!/org/springframework/data/jpa/repository/query/StringQuery$ParameterBinding.class]
2016-04-27 17:58:10.838 TRACE 37359 --- [    Test worker] ssPathScanningCandidateComponentProvider : Ignored because not matching any filter: URL [jar:file:/Users/yjayaraman/.gradle/caches/modules-2/files-2.1/org.springframework.data/spring-data-jpa/1.9.0.RELEASE/54eb2e41ceba320dcbd67c19e8a50cb9af4160a5/spring-data-jpa-1.9.0.RELEASE.jar!/org/springframework/data/jpa/repository/query/StringQuery$ParameterBinding.class]
2016-04-27 17:58:10.838 TRACE 37359 --- [    Test worker] ssPathScanningCandidateComponentProvider : Scanning URL [jar:file:/Users/yjayaraman/.gradle/caches/modules-2/files-2.1/org.springframework.data/spring-data-jpa/1.9.0.RELEASE/54eb2e41ceba320dcbd67c19e8a50cb9af4160a5/spring-data-jpa-1.9.0.RELEASE.jar!/org/springframework/data/jpa/repository/query/JpaParameters.class]
2016-04-27 17:58:10.838 TRACE 37359 --- [    Test worker] ssPathScanningCandidateComponentProvider : Ignored because not matching any filter: URL [jar:file:/Users/yjayaraman/.gradle/caches/modules-2/files-2.1/org.springframework.data/spring-data-jpa/1.9.0.RELEASE/54eb2e41ceba320dcbd67c19e8a50cb9af4160a5/spring-data-jpa-1.9.0.RELEASE.jar!/org/springframework/data/jpa/repository/query/JpaParameters.class]
2016-04-27 17:58:10.838 TRACE 37359 --- [    Test worker] ssPathScanningCandidateComponentProvider : Scanning URL [jar:file:/Users/yjayaraman/.gradle/caches/modules-2/files-2.1/org.springframework.data/spring-data-jpa/1.9.0.RELEASE/54eb2e41ceba320dcbd67c19e8a50cb9af4160a5/spring-data-jpa-1.9.0.RELEASE.jar!/org/springframework/data/jpa/repository/query/JpaQueryCreator.class]
2016-04-27 17:58:10.839 TRACE 37359 --- [    Test worker] ssPathScanningCandidateComponentProvider : Ignored because not matching any filter: URL [jar:file:/Users/yjayaraman/.gradle/caches/modules-2/files-2.1/org.springframework.data/spring-data-jpa/1.9.0.RELEASE/54eb2e41ceba320dcbd67c19e8a50cb9af4160a5/spring-data-jpa-1.9.0.RELEASE.jar!/org/springframework/data/jpa/repository/query/JpaQueryCreator.class]
2016-04-27 17:58:10.839 TRACE 37359 --- [    Test worker] ssPathScanningCandidateComponentProvider : Scanning URL [jar:file:/Users/yjayaraman/.gradle/caches/modules-2/files-2.1/org.springframework.data/spring-data-jpa/1.9.0.RELEASE/54eb2e41ceba320dcbd67c19e8a50cb9af4160a5/spring-data-jpa-1.9.0.RELEASE.jar!/org/springframework/data/jpa/repository/query/JpaQueryExecution$DeleteExecution.class]
2016-04-27 17:58:10.839 TRACE 37359 --- [    Test worker] ssPathScanningCandidateComponentProvider : Ignored because not matching any filter: URL [jar:file:/Users/yjayaraman/.gradle/caches/modules-2/files-2.1/org.springframework.data/spring-data-jpa/1.9.0.RELEASE/54eb2e41ceba320dcbd67c19e8a50cb9af4160a5/spring-data-jpa-1.9.0.RELEASE.jar!/org/springframework/data/jpa/repository/query/JpaQueryExecution$DeleteExecution.class]
2016-04-27 17:58:10.839 TRACE 37359 --- [    Test worker] ssPathScanningCandidateComponentProvider : Scanning URL [jar:file:/Users/yjayaraman/.gradle/caches/modules-2/files-2.1/org.springframework.data/spring-data-jpa/1.9.0.RELEASE/54eb2e41ceba320dcbd67c19e8a50cb9af4160a5/spring-data-jpa-1.9.0.RELEASE.jar!/org/springframework/data/jpa/repository/query/CriteriaQueryParameterBinder.class]
2016-04-27 17:58:10.839 TRACE 37359 --- [    Test worker] ssPathScanningCandidateComponentProvider : Ignored because not matching any filter: URL [jar:file:/Users/yjayaraman/.gradle/caches/modules-2/files-2.1/org.springframework.data/spring-data-jpa/1.9.0.RELEASE/54eb2e41ceba320dcbd67c19e8a50cb9af4160a5/spring-data-jpa-1.9.0.RELEASE.jar!/org/springframework/data/jpa/repository/query/CriteriaQueryParameterBinder.class]
2016-04-27 17:58:10.839 TRACE 37359 --- [    Test worker] ssPathScanningCandidateComponentProvider : Scanning URL [jar:file:/Users/yjayaraman/.gradle/caches/modules-2/files-2.1/org.springframework.data/spring-data-jpa/1.9.0.RELEASE/54eb2e41ceba320dcbd67c19e8a50cb9af4160a5/spring-data-jpa-1.9.0.RELEASE.jar!/org/springframework/data/jpa/repository/query/JpaQueryLookupStrategy.class]
2016-04-27 17:58:10.839 TRACE 37359 --- [    Test worker] ssPathScanningCandidateComponentProvider : Ignored because not matching any filter: URL [jar:file:/Users/yjayaraman/.gradle/caches/modules-2/files-2.1/org.springframework.data/spring-data-jpa/1.9.0.RELEASE/54eb2e41ceba320dcbd67c19e8a50cb9af4160a5/spring-data-jpa-1.9.0.RELEASE.jar!/org/springframework/data/jpa/repository/query/JpaQueryLookupStrategy.class]
2016-04-27 17:58:10.839 TRACE 37359 --- [    Test worker] ssPathScanningCandidateComponentProvider : Scanning URL [jar:file:/Users/yjayaraman/.gradle/caches/modules-2/files-2.1/org.springframework.data/spring-data-jpa/1.9.0.RELEASE/54eb2e41ceba320dcbd67c19e8a50cb9af4160a5/spring-data-jpa-1.9.0.RELEASE.jar!/org/springframework/data/jpa/repository/query/StringQuery$1.class]
2016-04-27 17:58:10.840 TRACE 37359 --- [    Test worker] ssPathScanningCandidateComponentProvider : Ignored because not matching any filter: URL [jar:file:/Users/yjayaraman/.gradle/caches/modules-2/files-2.1/org.springframework.data/spring-data-jpa/1.9.0.RELEASE/54eb2e41ceba320dcbd67c19e8a50cb9af4160a5/spring-data-jpa-1.9.0.RELEASE.jar!/org/springframework/data/jpa/repository/query/StringQuery$1.class]
2016-04-27 17:58:10.840 TRACE 37359 --- [    Test worker] ssPathScanningCandidateComponentProvider : Scanning URL [jar:file:/Users/yjayaraman/.gradle/caches/modules-2/files-2.1/org.springframework.data/spring-data-jpa/1.9.0.RELEASE/54eb2e41ceba320dcbd67c19e8a50cb9af4160a5/spring-data-jpa-1.9.0.RELEASE.jar!/org/springframework/data/jpa/repository/query/JpaQueryLookupStrategy$DeclaredQueryLookupStrategy.class]
2016-04-27 17:58:10.840 TRACE 37359 --- [    Test worker] ssPathScanningCandidateComponentProvider : Ignored because not matching any filter: URL [jar:file:/Users/yjayaraman/.gradle/caches/modules-2/files-2.1/org.springframework.data/spring-data-jpa/1.9.0.RELEASE/54eb2e41ceba320dcbd67c19e8a50cb9af4160a5/spring-data-jpa-1.9.0.RELEASE.jar!/org/springframework/data/jpa/repository/query/JpaQueryLookupStrategy$DeclaredQueryLookupStrategy.class]
2016-04-27 17:58:10.840 TRACE 37359 --- [    Test worker] ssPathScanningCandidateComponentProvider : Scanning URL [jar:file:/Users/yjayaraman/.gradle/caches/modules-2/files-2.1/org.springframework.data/spring-data-jpa/1.9.0.RELEASE/54eb2e41ceba320dcbd67c19e8a50cb9af4160a5/spring-data-jpa-1.9.0.RELEASE.jar!/org/springframework/data/jpa/repository/query/JpaQueryExecution$CollectionExecution.class]
2016-04-27 17:58:10.840 TRACE 37359 --- [    Test worker] ssPathScanningCandidateComponentProvider : Ignored because not matching any filter: URL [jar:file:/Users/yjayaraman/.gradle/caches/modules-2/files-2.1/org.springframework.data/spring-data-jpa/1.9.0.RELEASE/54eb2e41ceba320dcbd67c19e8a50cb9af4160a5/spring-data-jpa-1.9.0.RELEASE.jar!/org/springframework/data/jpa/repository/query/JpaQueryExecution$CollectionExecution.class]
2016-04-27 17:58:10.840 TRACE 37359 --- [    Test worker] ssPathScanningCandidateComponentProvider : Scanning URL [jar:file:/Users/yjayaraman/.gradle/caches/modules-2/files-2.1/org.springframework.data/spring-data-jpa/1.9.0.RELEASE/54eb2e41ceba320dcbd67c19e8a50cb9af4160a5/spring-data-jpa-1.9.0.RELEASE.jar!/org/springframework/data/jpa/repository/query/JpaQueryExecution$PagedExecution.class]
2016-04-27 17:58:10.840 TRACE 37359 --- [    Test worker] ssPathScanningCandidateComponentProvider : Ignored because not matching any filter: URL [jar:file:/Users/yjayaraman/.gradle/caches/modules-2/files-2.1/org.springframework.data/spring-data-jpa/1.9.0.RELEASE/54eb2e41ceba320dcbd67c19e8a50cb9af4160a5/spring-data-jpa-1.9.0.RELEASE.jar!/org/springframework/data/jpa/repository/query/JpaQueryExecution$PagedExecution.class]
2016-04-27 17:58:10.840 TRACE 37359 --- [    Test worker] ssPathScanningCandidateComponentProvider : Scanning URL [jar:file:/Users/yjayaraman/.gradle/caches/modules-2/files-2.1/org.springframework.data/spring-data-jpa/1.9.0.RELEASE/54eb2e41ceba320dcbd67c19e8a50cb9af4160a5/spring-data-jpa-1.9.0.RELEASE.jar!/org/springframework/data/jpa/repository/query/JpaQueryLookupStrategy$CreateIfNotFoundQueryLookupStrategy.class]
2016-04-27 17:58:10.840 TRACE 37359 --- [    Test worker] ssPathScanningCandidateComponentProvider : Ignored because not matching any filter: URL [jar:file:/Users/yjayaraman/.gradle/caches/modules-2/files-2.1/org.springframework.data/spring-data-jpa/1.9.0.RELEASE/54eb2e41ceba320dcbd67c19e8a50cb9af4160a5/spring-data-jpa-1.9.0.RELEASE.jar!/org/springframework/data/jpa/repository/query/JpaQueryLookupStrategy$CreateIfNotFoundQueryLookupStrategy.class]
2016-04-27 17:58:10.840 TRACE 37359 --- [    Test worker] ssPathScanningCandidateComponentProvider : Scanning URL [jar:file:/Users/yjayaraman/.gradle/caches/modules-2/files-2.1/org.springframework.data/spring-data-jpa/1.9.0.RELEASE/54eb2e41ceba320dcbd67c19e8a50cb9af4160a5/spring-data-jpa-1.9.0.RELEASE.jar!/org/springframework/data/jpa/repository/query/SimpleJpaQuery.class]
2016-04-27 17:58:10.840 TRACE 37359 --- [    Test worker] ssPathScanningCandidateComponentProvider : Ignored because not matching any filter: URL [jar:file:/Users/yjayaraman/.gradle/caches/modules-2/files-2.1/org.springframework.data/spring-data-jpa/1.9.0.RELEASE/54eb2e41ceba320dcbd67c19e8a50cb9af4160a5/spring-data-jpa-1.9.0.RELEASE.jar!/org/springframework/data/jpa/repository/query/SimpleJpaQuery.class]
2016-04-27 17:58:10.841 TRACE 37359 --- [    Test worker] ssPathScanningCandidateComponentProvider : Scanning URL [jar:file:/Users/yjayaraman/.gradle/caches/modules-2/files-2.1/org.springframework.data/spring-data-jpa/1.9.0.RELEASE/54eb2e41ceba320dcbd67c19e8a50cb9af4160a5/spring-data-jpa-1.9.0.RELEASE.jar!/org/springframework/data/jpa/repository/query/StoredProcedureAttributes.class]
2016-04-27 17:58:10.841 TRACE 37359 --- [    Test worker] ssPathScanningCandidateComponentProvider : Ignored because not matching any filter: URL [jar:file:/Users/yjayaraman/.gradle/caches/modules-2/files-2.1/org.springframework.data/spring-data-jpa/1.9.0.RELEASE/54eb2e41ceba320dcbd67c19e8a50cb9af4160a5/spring-data-jpa-1.9.0.RELEASE.jar!/org/springframework/data/jpa/repository/query/StoredProcedureAttributes.class]
2016-04-27 17:58:10.841 TRACE 37359 --- [    Test worker] ssPathScanningCandidateComponentProvider : Scanning URL [jar:file:/Users/yjayaraman/.gradle/caches/modules-2/files-2.1/org.springframework.data/spring-data-jpa/1.9.0.RELEASE/54eb2e41ceba320dcbd67c19e8a50cb9af4160a5/spring-data-jpa-1.9.0.RELEASE.jar!/org/springframework/data/jpa/repository/query/AbstractJpaQuery.class]
2016-04-27 17:58:10.841 TRACE 37359 --- [    Test worker] ssPathScanningCandidateComponentProvider : Ignored because not matching any filter: URL [jar:file:/Users/yjayaraman/.gradle/caches/modules-2/files-2.1/org.springframework.data/spring-data-jpa/1.9.0.RELEASE/54eb2e41ceba320dcbd67c19e8a50cb9af4160a5/spring-data-jpa-1.9.0.RELEASE.jar!/org/springframework/data/jpa/repository/query/AbstractJpaQuery.class]
2016-04-27 17:58:10.841 TRACE 37359 --- [    Test worker] ssPathScanningCandidateComponentProvider : Scanning URL [jar:file:/Users/yjayaraman/.gradle/caches/modules-2/files-2.1/org.springframework.data/spring-data-jpa/1.9.0.RELEASE/54eb2e41ceba320dcbd67c19e8a50cb9af4160a5/spring-data-jpa-1.9.0.RELEASE.jar!/org/springframework/data/jpa/repository/query/JpaEntityGraph.class]
2016-04-27 17:58:10.841 TRACE 37359 --- [    Test worker] ssPathScanningCandidateComponentProvider : Ignored because not matching any filter: URL [jar:file:/Users/yjayaraman/.gradle/caches/modules-2/files-2.1/org.springframework.data/spring-data-jpa/1.9.0.RELEASE/54eb2e41ceba320dcbd67c19e8a50cb9af4160a5/spring-data-jpa-1.9.0.RELEASE.jar!/org/springframework/data/jpa/repository/query/JpaEntityGraph.class]
2016-04-27 17:58:10.841 TRACE 37359 --- [    Test worker] ssPathScanningCandidateComponentProvider : Scanning URL [jar:file:/Users/yjayaraman/.gradle/caches/modules-2/files-2.1/org.springframework.data/spring-data-jpa/1.9.0.RELEASE/54eb2e41ceba320dcbd67c19e8a50cb9af4160a5/spring-data-jpa-1.9.0.RELEASE.jar!/org/springframework/data/jpa/repository/query/ParameterMetadataProvider$ParameterMetadata.class]
2016-04-27 17:58:10.841 TRACE 37359 --- [    Test worker] ssPathScanningCandidateComponentProvider : Ignored because not matching any filter: URL [jar:file:/Users/yjayaraman/.gradle/caches/modules-2/files-2.1/org.springframework.data/spring-data-jpa/1.9.0.RELEASE/54eb2e41ceba320dcbd67c19e8a50cb9af4160a5/spring-data-jpa-1.9.0.RELEASE.jar!/org/springframework/data/jpa/repository/query/ParameterMetadataProvider$ParameterMetadata.class]
2016-04-27 17:58:10.841 TRACE 37359 --- [    Test worker] ssPathScanningCandidateComponentProvider : Scanning URL [jar:file:/Users/yjayaraman/.gradle/caches/modules-2/files-2.1/org.springframework.data/spring-data-jpa/1.9.0.RELEASE/54eb2e41ceba320dcbd67c19e8a50cb9af4160a5/spring-data-jpa-1.9.0.RELEASE.jar!/org/springframework/data/jpa/repository/query/Jpa21Utils.class]
2016-04-27 17:58:10.842 TRACE 37359 --- [    Test worker] ssPathScanningCandidateComponentProvider : Ignored because not matching any filter: URL [jar:file:/Users/yjayaraman/.gradle/caches/modules-2/files-2.1/org.springframework.data/spring-data-jpa/1.9.0.RELEASE/54eb2e41ceba320dcbd67c19e8a50cb9af4160a5/spring-data-jpa-1.9.0.RELEASE.jar!/org/springframework/data/jpa/repository/query/Jpa21Utils.class]
2016-04-27 17:58:10.842 TRACE 37359 --- [    Test worker] ssPathScanningCandidateComponentProvider : Scanning URL [jar:file:/Users/yjayaraman/.gradle/caches/modules-2/files-2.1/org.springframework.data/spring-data-jpa/1.9.0.RELEASE/54eb2e41ceba320dcbd67c19e8a50cb9af4160a5/spring-data-jpa-1.9.0.RELEASE.jar!/org/springframework/data/jpa/repository/query/InvalidJpaQueryMethodException.class]
2016-04-27 17:58:10.842 TRACE 37359 --- [    Test worker] ssPathScanningCandidateComponentProvider : Ignored because not matching any filter: URL [jar:file:/Users/yjayaraman/.gradle/caches/modules-2/files-2.1/org.springframework.data/spring-data-jpa/1.9.0.RELEASE/54eb2e41ceba320dcbd67c19e8a50cb9af4160a5/spring-data-jpa-1.9.0.RELEASE.jar!/org/springframework/data/jpa/repository/query/InvalidJpaQueryMethodException.class]
2016-04-27 17:58:10.842 TRACE 37359 --- [    Test worker] ssPathScanningCandidateComponentProvider : Scanning URL [jar:file:/Users/yjayaraman/.gradle/caches/modules-2/files-2.1/org.springframework.data/spring-data-jpa/1.9.0.RELEASE/54eb2e41ceba320dcbd67c19e8a50cb9af4160a5/spring-data-jpa-1.9.0.RELEASE.jar!/org/springframework/data/jpa/repository/query/PartTreeJpaQuery$CountQueryPreparer.class]
2016-04-27 17:58:10.842 TRACE 37359 --- [    Test worker] ssPathScanningCandidateComponentProvider : Ignored because not matching any filter: URL [jar:file:/Users/yjayaraman/.gradle/caches/modules-2/files-2.1/org.springframework.data/spring-data-jpa/1.9.0.RELEASE/54eb2e41ceba320dcbd67c19e8a50cb9af4160a5/spring-data-jpa-1.9.0.RELEASE.jar!/org/springframework/data/jpa/repository/query/PartTreeJpaQuery$CountQueryPreparer.class]
2016-04-27 17:58:10.842 TRACE 37359 --- [    Test worker] ssPathScanningCandidateComponentProvider : Scanning URL [jar:file:/Users/yjayaraman/.gradle/caches/modules-2/files-2.1/org.springframework.data/spring-data-jpa/1.9.0.RELEASE/54eb2e41ceba320dcbd67c19e8a50cb9af4160a5/spring-data-jpa-1.9.0.RELEASE.jar!/org/springframework/data/jpa/repository/query/JpaQueryCreator$PredicateBuilder.class]
2016-04-27 17:58:10.842 TRACE 37359 --- [    Test worker] ssPathScanningCandidateComponentProvider : Ignored because not matching any filter: URL [jar:file:/Users/yjayaraman/.gradle/caches/modules-2/files-2.1/org.springframework.data/spring-data-jpa/1.9.0.RELEASE/54eb2e41ceba320dcbd67c19e8a50cb9af4160a5/spring-data-jpa-1.9.0.RELEASE.jar!/org/springframework/data/jpa/repository/query/JpaQueryCreator$PredicateBuilder.class]
2016-04-27 17:58:10.842 TRACE 37359 --- [    Test worker] ssPathScanningCandidateComponentProvider : Scanning URL [jar:file:/Users/yjayaraman/.gradle/caches/modules-2/files-2.1/org.springframework.data/spring-data-jpa/1.9.0.RELEASE/54eb2e41ceba320dcbd67c19e8a50cb9af4160a5/spring-data-jpa-1.9.0.RELEASE.jar!/org/springframework/data/jpa/repository/query/JpaEntityMetadata.class]
2016-04-27 17:58:10.842 TRACE 37359 --- [    Test worker] ssPathScanningCandidateComponentProvider : Ignored because not matching any filter: URL [jar:file:/Users/yjayaraman/.gradle/caches/modules-2/files-2.1/org.springframework.data/spring-data-jpa/1.9.0.RELEASE/54eb2e41ceba320dcbd67c19e8a50cb9af4160a5/spring-data-jpa-1.9.0.RELEASE.jar!/org/springframework/data/jpa/repository/query/JpaEntityMetadata.class]
2016-04-27 17:58:10.842 TRACE 37359 --- [    Test worker] ssPathScanningCandidateComponentProvider : Scanning URL [jar:file:/Users/yjayaraman/.gradle/caches/modules-2/files-2.1/org.springframework.data/spring-data-jpa/1.9.0.RELEASE/54eb2e41ceba320dcbd67c19e8a50cb9af4160a5/spring-data-jpa-1.9.0.RELEASE.jar!/org/springframework/data/jpa/repository/query/PartTreeJpaQuery$QueryPreparer.class]
2016-04-27 17:58:10.843 TRACE 37359 --- [    Test worker] ssPathScanningCandidateComponentProvider : Ignored because not matching any filter: URL [jar:file:/Users/yjayaraman/.gradle/caches/modules-2/files-2.1/org.springframework.data/spring-data-jpa/1.9.0.RELEASE/54eb2e41ceba320dcbd67c19e8a50cb9af4160a5/spring-data-jpa-1.9.0.RELEASE.jar!/org/springframework/data/jpa/repository/query/PartTreeJpaQuery$QueryPreparer.class]
2016-04-27 17:58:10.843 TRACE 37359 --- [    Test worker] ssPathScanningCandidateComponentProvider : Scanning URL [jar:file:/Users/yjayaraman/.gradle/caches/modules-2/files-2.1/org.springframework.data/spring-data-jpa/1.9.0.RELEASE/54eb2e41ceba320dcbd67c19e8a50cb9af4160a5/spring-data-jpa-1.9.0.RELEASE.jar!/org/springframework/data/jpa/repository/query/NativeJpaQuery.class]
2016-04-27 17:58:10.843 TRACE 37359 --- [    Test worker] ssPathScanningCandidateComponentProvider : Ignored because not matching any filter: URL [jar:file:/Users/yjayaraman/.gradle/caches/modules-2/files-2.1/org.springframework.data/spring-data-jpa/1.9.0.RELEASE/54eb2e41ceba320dcbd67c19e8a50cb9af4160a5/spring-data-jpa-1.9.0.RELEASE.jar!/org/springframework/data/jpa/repository/query/NativeJpaQuery.class]
2016-04-27 17:58:10.843 TRACE 37359 --- [    Test worker] ssPathScanningCandidateComponentProvider : Scanning URL [jar:file:/Users/yjayaraman/.gradle/caches/modules-2/files-2.1/org.springframework.data/spring-data-jpa/1.9.0.RELEASE/54eb2e41ceba320dcbd67c19e8a50cb9af4160a5/spring-data-jpa-1.9.0.RELEASE.jar!/org/springframework/data/jpa/repository/query/ExpressionBasedStringQuery.class]
2016-04-27 17:58:10.843 TRACE 37359 --- [    Test worker] ssPathScanningCandidateComponentProvider : Ignored because not matching any filter: URL [jar:file:/Users/yjayaraman/.gradle/caches/modules-2/files-2.1/org.springframework.data/spring-data-jpa/1.9.0.RELEASE/54eb2e41ceba320dcbd67c19e8a50cb9af4160a5/spring-data-jpa-1.9.0.RELEASE.jar!/org/springframework/data/jpa/repository/query/ExpressionBasedStringQuery.class]
2016-04-27 17:58:10.843 TRACE 37359 --- [    Test worker] ssPathScanningCandidateComponentProvider : Scanning URL [jar:file:/Users/yjayaraman/.gradle/caches/modules-2/files-2.1/org.springframework.data/spring-data-jpa/1.9.0.RELEASE/54eb2e41ceba320dcbd67c19e8a50cb9af4160a5/spring-data-jpa-1.9.0.RELEASE.jar!/org/springframework/data/jpa/repository/query/JpaQueryFactory.class]
2016-04-27 17:58:10.843 TRACE 37359 --- [    Test worker] ssPathScanningCandidateComponentProvider : Ignored because not matching any filter: URL [jar:file:/Users/yjayaraman/.gradle/caches/modules-2/files-2.1/org.springframework.data/spring-data-jpa/1.9.0.RELEASE/54eb2e41ceba320dcbd67c19e8a50cb9af4160a5/spring-data-jpa-1.9.0.RELEASE.jar!/org/springframework/data/jpa/repository/query/JpaQueryFactory.class]
2016-04-27 17:58:10.843 TRACE 37359 --- [    Test worker] ssPathScanningCandidateComponentProvider : Scanning URL [jar:file:/Users/yjayaraman/.gradle/caches/modules-2/files-2.1/org.springframework.data/spring-data-jpa/1.9.0.RELEASE/54eb2e41ceba320dcbd67c19e8a50cb9af4160a5/spring-data-jpa-1.9.0.RELEASE.jar!/org/springframework/data/jpa/repository/query/JpaQueryCreator$1.class]
2016-04-27 17:58:10.843 TRACE 37359 --- [    Test worker] ssPathScanningCandidateComponentProvider : Ignored because not matching any filter: URL [jar:file:/Users/yjayaraman/.gradle/caches/modules-2/files-2.1/org.springframework.data/spring-data-jpa/1.9.0.RELEASE/54eb2e41ceba320dcbd67c19e8a50cb9af4160a5/spring-data-jpa-1.9.0.RELEASE.jar!/org/springframework/data/jpa/repository/query/JpaQueryCreator$1.class]
2016-04-27 17:58:10.843 TRACE 37359 --- [    Test worker] ssPathScanningCandidateComponentProvider : Scanning URL [jar:file:/Users/yjayaraman/.gradle/caches/modules-2/files-2.1/org.springframework.data/spring-data-jpa/1.9.0.RELEASE/54eb2e41ceba320dcbd67c19e8a50cb9af4160a5/spring-data-jpa-1.9.0.RELEASE.jar!/org/springframework/data/jpa/repository/query/JpaQueryMethod.class]
2016-04-27 17:58:10.844 TRACE 37359 --- [    Test worker] ssPathScanningCandidateComponentProvider : Ignored because not matching any filter: URL [jar:file:/Users/yjayaraman/.gradle/caches/modules-2/files-2.1/org.springframework.data/spring-data-jpa/1.9.0.RELEASE/54eb2e41ceba320dcbd67c19e8a50cb9af4160a5/spring-data-jpa-1.9.0.RELEASE.jar!/org/springframework/data/jpa/repository/query/JpaQueryMethod.class]
2016-04-27 17:58:10.844 TRACE 37359 --- [    Test worker] ssPathScanningCandidateComponentProvider : Scanning URL [jar:file:/Users/yjayaraman/.gradle/caches/modules-2/files-2.1/org.springframework.data/spring-data-jpa/1.9.0.RELEASE/54eb2e41ceba320dcbd67c19e8a50cb9af4160a5/spring-data-jpa-1.9.0.RELEASE.jar!/org/springframework/data/jpa/repository/query/JpaParameters$JpaParameter.class]
2016-04-27 17:58:10.844 TRACE 37359 --- [    Test worker] ssPathScanningCandidateComponentProvider : Ignored because not matching any filter: URL [jar:file:/Users/yjayaraman/.gradle/caches/modules-2/files-2.1/org.springframework.data/spring-data-jpa/1.9.0.RELEASE/54eb2e41ceba320dcbd67c19e8a50cb9af4160a5/spring-data-jpa-1.9.0.RELEASE.jar!/org/springframework/data/jpa/repository/query/JpaParameters$JpaParameter.class]
2016-04-27 17:58:10.844 TRACE 37359 --- [    Test worker] ssPathScanningCandidateComponentProvider : Scanning URL [jar:file:/Users/yjayaraman/.gradle/caches/modules-2/files-2.1/org.springframework.data/spring-data-jpa/1.9.0.RELEASE/54eb2e41ceba320dcbd67c19e8a50cb9af4160a5/spring-data-jpa-1.9.0.RELEASE.jar!/org/springframework/data/jpa/repository/query/PartTreeJpaQuery.class]
2016-04-27 17:58:10.844 TRACE 37359 --- [    Test worker] ssPathScanningCandidateComponentProvider : Ignored because not matching any filter: URL [jar:file:/Users/yjayaraman/.gradle/caches/modules-2/files-2.1/org.springframework.data/spring-data-jpa/1.9.0.RELEASE/54eb2e41ceba320dcbd67c19e8a50cb9af4160a5/spring-data-jpa-1.9.0.RELEASE.jar!/org/springframework/data/jpa/repository/query/PartTreeJpaQuery.class]
2016-04-27 17:58:10.844 TRACE 37359 --- [    Test worker] ssPathScanningCandidateComponentProvider : Scanning URL [jar:file:/Users/yjayaraman/.gradle/caches/modules-2/files-2.1/org.springframework.data/spring-data-jpa/1.9.0.RELEASE/54eb2e41ceba320dcbd67c19e8a50cb9af4160a5/spring-data-jpa-1.9.0.RELEASE.jar!/org/springframework/data/jpa/repository/query/Procedure.class]
2016-04-27 17:58:10.844 TRACE 37359 --- [    Test worker] ssPathScanningCandidateComponentProvider : Ignored because not matching any filter: URL [jar:file:/Users/yjayaraman/.gradle/caches/modules-2/files-2.1/org.springframework.data/spring-data-jpa/1.9.0.RELEASE/54eb2e41ceba320dcbd67c19e8a50cb9af4160a5/spring-data-jpa-1.9.0.RELEASE.jar!/org/springframework/data/jpa/repository/query/Procedure.class]
2016-04-27 17:58:10.844 TRACE 37359 --- [    Test worker] ssPathScanningCandidateComponentProvider : Scanning URL [jar:file:/Users/yjayaraman/.gradle/caches/modules-2/files-2.1/org.springframework.data/spring-data-jpa/1.9.0.RELEASE/54eb2e41ceba320dcbd67c19e8a50cb9af4160a5/spring-data-jpa-1.9.0.RELEASE.jar!/org/springframework/data/jpa/repository/query/StoredProcedureJpaQuery.class]
2016-04-27 17:58:10.844 TRACE 37359 --- [    Test worker] ssPathScanningCandidateComponentProvider : Ignored because not matching any filter: URL [jar:file:/Users/yjayaraman/.gradle/caches/modules-2/files-2.1/org.springframework.data/spring-data-jpa/1.9.0.RELEASE/54eb2e41ceba320dcbd67c19e8a50cb9af4160a5/spring-data-jpa-1.9.0.RELEASE.jar!/org/springframework/data/jpa/repository/query/StoredProcedureJpaQuery.class]
2016-04-27 17:58:10.844 TRACE 37359 --- [    Test worker] ssPathScanningCandidateComponentProvider : Scanning URL [jar:file:/Users/yjayaraman/.gradle/caches/modules-2/files-2.1/org.springframework.data/spring-data-jpa/1.9.0.RELEASE/54eb2e41ceba320dcbd67c19e8a50cb9af4160a5/spring-data-jpa-1.9.0.RELEASE.jar!/org/springframework/data/jpa/repository/query/JpaQueryLookupStrategy$1.class]
2016-04-27 17:58:10.845 TRACE 37359 --- [    Test worker] ssPathScanningCandidateComponentProvider : Ignored because not matching any filter: URL [jar:file:/Users/yjayaraman/.gradle/caches/modules-2/files-2.1/org.springframework.data/spring-data-jpa/1.9.0.RELEASE/54eb2e41ceba320dcbd67c19e8a50cb9af4160a5/spring-data-jpa-1.9.0.RELEASE.jar!/org/springframework/data/jpa/repository/query/JpaQueryLookupStrategy$1.class]
2016-04-27 17:58:10.845 TRACE 37359 --- [    Test worker] ssPathScanningCandidateComponentProvider : Scanning URL [jar:file:/Users/yjayaraman/.gradle/caches/modules-2/files-2.1/org.springframework.data/spring-data-jpa/1.9.0.RELEASE/54eb2e41ceba320dcbd67c19e8a50cb9af4160a5/spring-data-jpa-1.9.0.RELEASE.jar!/org/springframework/data/jpa/repository/query/JpaQueryExecution$ModifyingExecution.class]
2016-04-27 17:58:10.845 TRACE 37359 --- [    Test worker] ssPathScanningCandidateComponentProvider : Ignored because not matching any filter: URL [jar:file:/Users/yjayaraman/.gradle/caches/modules-2/files-2.1/org.springframework.data/spring-data-jpa/1.9.0.RELEASE/54eb2e41ceba320dcbd67c19e8a50cb9af4160a5/spring-data-jpa-1.9.0.RELEASE.jar!/org/springframework/data/jpa/repository/query/JpaQueryExecution$ModifyingExecution.class]
2016-04-27 17:58:10.845 TRACE 37359 --- [    Test worker] ssPathScanningCandidateComponentProvider : Scanning URL [jar:file:/Users/yjayaraman/.gradle/caches/modules-2/files-2.1/org.springframework.data/spring-data-jpa/1.9.0.RELEASE/54eb2e41ceba320dcbd67c19e8a50cb9af4160a5/spring-data-jpa-1.9.0.RELEASE.jar!/org/springframework/data/jpa/repository/query/ParameterMetadataProvider.class]
2016-04-27 17:58:10.845 TRACE 37359 --- [    Test worker] ssPathScanningCandidateComponentProvider : Ignored because not matching any filter: URL [jar:file:/Users/yjayaraman/.gradle/caches/modules-2/files-2.1/org.springframework.data/spring-data-jpa/1.9.0.RELEASE/54eb2e41ceba320dcbd67c19e8a50cb9af4160a5/spring-data-jpa-1.9.0.RELEASE.jar!/org/springframework/data/jpa/repository/query/ParameterMetadataProvider.class]
2016-04-27 17:58:10.845 TRACE 37359 --- [    Test worker] ssPathScanningCandidateComponentProvider : Scanning URL [jar:file:/Users/yjayaraman/.gradle/caches/modules-2/files-2.1/org.springframework.data/spring-data-jpa/1.9.0.RELEASE/54eb2e41ceba320dcbd67c19e8a50cb9af4160a5/spring-data-jpa-1.9.0.RELEASE.jar!/org/springframework/data/jpa/repository/query/JpaCountQueryCreator.class]
2016-04-27 17:58:10.845 TRACE 37359 --- [    Test worker] ssPathScanningCandidateComponentProvider : Ignored because not matching any filter: URL [jar:file:/Users/yjayaraman/.gradle/caches/modules-2/files-2.1/org.springframework.data/spring-data-jpa/1.9.0.RELEASE/54eb2e41ceba320dcbd67c19e8a50cb9af4160a5/spring-data-jpa-1.9.0.RELEASE.jar!/org/springframework/data/jpa/repository/query/JpaCountQueryCreator.class]
2016-04-27 17:58:10.845 TRACE 37359 --- [    Test worker] ssPathScanningCandidateComponentProvider : Scanning URL [jar:file:/Users/yjayaraman/.gradle/caches/modules-2/files-2.1/org.springframework.data/spring-data-jpa/1.9.0.RELEASE/54eb2e41ceba320dcbd67c19e8a50cb9af4160a5/spring-data-jpa-1.9.0.RELEASE.jar!/org/springframework/data/jpa/repository/query/StringQuery$ParameterBindingParser.class]
2016-04-27 17:58:10.845 TRACE 37359 --- [    Test worker] ssPathScanningCandidateComponentProvider : Ignored because not matching any filter: URL [jar:file:/Users/yjayaraman/.gradle/caches/modules-2/files-2.1/org.springframework.data/spring-data-jpa/1.9.0.RELEASE/54eb2e41ceba320dcbd67c19e8a50cb9af4160a5/spring-data-jpa-1.9.0.RELEASE.jar!/org/springframework/data/jpa/repository/query/StringQuery$ParameterBindingParser.class]
2016-04-27 17:58:10.845 TRACE 37359 --- [    Test worker] ssPathScanningCandidateComponentProvider : Scanning URL [jar:file:/Users/yjayaraman/.gradle/caches/modules-2/files-2.1/org.springframework.data/spring-data-jpa/1.9.0.RELEASE/54eb2e41ceba320dcbd67c19e8a50cb9af4160a5/spring-data-jpa-1.9.0.RELEASE.jar!/org/springframework/data/jpa/repository/query/QueryUtils.class]
2016-04-27 17:58:10.846 TRACE 37359 --- [    Test worker] ssPathScanningCandidateComponentProvider : Ignored because not matching any filter: URL [jar:file:/Users/yjayaraman/.gradle/caches/modules-2/files-2.1/org.springframework.data/spring-data-jpa/1.9.0.RELEASE/54eb2e41ceba320dcbd67c19e8a50cb9af4160a5/spring-data-jpa-1.9.0.RELEASE.jar!/org/springframework/data/jpa/repository/query/QueryUtils.class]
2016-04-27 17:58:10.846 TRACE 37359 --- [    Test worker] ssPathScanningCandidateComponentProvider : Scanning URL [jar:file:/Users/yjayaraman/.gradle/caches/modules-2/files-2.1/org.springframework.data/spring-data-jpa/1.9.0.RELEASE/54eb2e41ceba320dcbd67c19e8a50cb9af4160a5/spring-data-jpa-1.9.0.RELEASE.jar!/org/springframework/data/jpa/repository/query/NamedQuery.class]
2016-04-27 17:58:10.846 TRACE 37359 --- [    Test worker] ssPathScanningCandidateComponentProvider : Ignored because not matching any filter: URL [jar:file:/Users/yjayaraman/.gradle/caches/modules-2/files-2.1/org.springframework.data/spring-data-jpa/1.9.0.RELEASE/54eb2e41ceba320dcbd67c19e8a50cb9af4160a5/spring-data-jpa-1.9.0.RELEASE.jar!/org/springframework/data/jpa/repository/query/NamedQuery.class]
2016-04-27 17:58:10.846 TRACE 37359 --- [    Test worker] ssPathScanningCandidateComponentProvider : Scanning URL [jar:file:/Users/yjayaraman/.gradle/caches/modules-2/files-2.1/org.springframework.data/spring-data-jpa/1.9.0.RELEASE/54eb2e41ceba320dcbd67c19e8a50cb9af4160a5/spring-data-jpa-1.9.0.RELEASE.jar!/org/springframework/data/jpa/repository/query/DefaultJpaEntityMetadata.class]
2016-04-27 17:58:10.846 TRACE 37359 --- [    Test worker] ssPathScanningCandidateComponentProvider : Ignored because not matching any filter: URL [jar:file:/Users/yjayaraman/.gradle/caches/modules-2/files-2.1/org.springframework.data/spring-data-jpa/1.9.0.RELEASE/54eb2e41ceba320dcbd67c19e8a50cb9af4160a5/spring-data-jpa-1.9.0.RELEASE.jar!/org/springframework/data/jpa/repository/query/DefaultJpaEntityMetadata.class]
2016-04-27 17:58:10.846 TRACE 37359 --- [    Test worker] ssPathScanningCandidateComponentProvider : Scanning URL [jar:file:/Users/yjayaraman/.gradle/caches/modules-2/files-2.1/org.springframework.data/spring-data-jpa/1.9.0.RELEASE/54eb2e41ceba320dcbd67c19e8a50cb9af4160a5/spring-data-jpa-1.9.0.RELEASE.jar!/org/springframework/data/jpa/repository/query/StringQuery$ParameterBindingParser$ParameterBindingType.class]
2016-04-27 17:58:10.846 TRACE 37359 --- [    Test worker] ssPathScanningCandidateComponentProvider : Ignored because not matching any filter: URL [jar:file:/Users/yjayaraman/.gradle/caches/modules-2/files-2.1/org.springframework.data/spring-data-jpa/1.9.0.RELEASE/54eb2e41ceba320dcbd67c19e8a50cb9af4160a5/spring-data-jpa-1.9.0.RELEASE.jar!/org/springframework/data/jpa/repository/query/StringQuery$ParameterBindingParser$ParameterBindingType.class]
2016-04-27 17:58:10.846 TRACE 37359 --- [    Test worker] ssPathScanningCandidateComponentProvider : Scanning URL [jar:file:/Users/yjayaraman/.gradle/caches/modules-2/files-2.1/org.springframework.data/spring-data-jpa/1.9.0.RELEASE/54eb2e41ceba320dcbd67c19e8a50cb9af4160a5/spring-data-jpa-1.9.0.RELEASE.jar!/org/springframework/data/jpa/repository/query/ParameterBinder.class]
2016-04-27 17:58:10.846 TRACE 37359 --- [    Test worker] ssPathScanningCandidateComponentProvider : Ignored because not matching any filter: URL [jar:file:/Users/yjayaraman/.gradle/caches/modules-2/files-2.1/org.springframework.data/spring-data-jpa/1.9.0.RELEASE/54eb2e41ceba320dcbd67c19e8a50cb9af4160a5/spring-data-jpa-1.9.0.RELEASE.jar!/org/springframework/data/jpa/repository/query/ParameterBinder.class]
2016-04-27 17:58:10.846 TRACE 37359 --- [    Test worker] ssPathScanningCandidateComponentProvider : Scanning URL [jar:file:/Users/yjayaraman/.gradle/caches/modules-2/files-2.1/org.springframework.data/spring-data-jpa/1.9.0.RELEASE/54eb2e41ceba320dcbd67c19e8a50cb9af4160a5/spring-data-jpa-1.9.0.RELEASE.jar!/org/springframework/data/jpa/repository/query/StoredProcedureAttributeSource.class]
2016-04-27 17:58:10.847 TRACE 37359 --- [    Test worker] ssPathScanningCandidateComponentProvider : Ignored because not matching any filter: URL [jar:file:/Users/yjayaraman/.gradle/caches/modules-2/files-2.1/org.springframework.data/spring-data-jpa/1.9.0.RELEASE/54eb2e41ceba320dcbd67c19e8a50cb9af4160a5/spring-data-jpa-1.9.0.RELEASE.jar!/org/springframework/data/jpa/repository/query/StoredProcedureAttributeSource.class]
2016-04-27 17:58:10.847 TRACE 37359 --- [    Test worker] ssPathScanningCandidateComponentProvider : Scanning URL [jar:file:/Users/yjayaraman/.gradle/caches/modules-2/files-2.1/org.springframework.data/spring-data-jpa/1.9.0.RELEASE/54eb2e41ceba320dcbd67c19e8a50cb9af4160a5/spring-data-jpa-1.9.0.RELEASE.jar!/org/springframework/data/jpa/repository/EntityGraph$EntityGraphType.class]
2016-04-27 17:58:10.847 TRACE 37359 --- [    Test worker] ssPathScanningCandidateComponentProvider : Ignored because not matching any filter: URL [jar:file:/Users/yjayaraman/.gradle/caches/modules-2/files-2.1/org.springframework.data/spring-data-jpa/1.9.0.RELEASE/54eb2e41ceba320dcbd67c19e8a50cb9af4160a5/spring-data-jpa-1.9.0.RELEASE.jar!/org/springframework/data/jpa/repository/EntityGraph$EntityGraphType.class]
2016-04-27 17:58:10.847 TRACE 37359 --- [    Test worker] ssPathScanningCandidateComponentProvider : Scanning URL [jar:file:/Users/yjayaraman/.gradle/caches/modules-2/files-2.1/org.springframework.data/spring-data-jpa/1.9.0.RELEASE/54eb2e41ceba320dcbd67c19e8a50cb9af4160a5/spring-data-jpa-1.9.0.RELEASE.jar!/org/springframework/data/jpa/repository/QueryHints.class]
2016-04-27 17:58:10.847 TRACE 37359 --- [    Test worker] ssPathScanningCandidateComponentProvider : Ignored because not matching any filter: URL [jar:file:/Users/yjayaraman/.gradle/caches/modules-2/files-2.1/org.springframework.data/spring-data-jpa/1.9.0.RELEASE/54eb2e41ceba320dcbd67c19e8a50cb9af4160a5/spring-data-jpa-1.9.0.RELEASE.jar!/org/springframework/data/jpa/repository/QueryHints.class]
2016-04-27 17:58:10.847 TRACE 37359 --- [    Test worker] ssPathScanningCandidateComponentProvider : Scanning URL [jar:file:/Users/yjayaraman/.gradle/caches/modules-2/files-2.1/org.springframework.data/spring-data-jpa/1.9.0.RELEASE/54eb2e41ceba320dcbd67c19e8a50cb9af4160a5/spring-data-jpa-1.9.0.RELEASE.jar!/org/springframework/data/jpa/repository/JpaSpecificationExecutor.class]
2016-04-27 17:58:10.847 TRACE 37359 --- [    Test worker] ssPathScanningCandidateComponentProvider : Ignored because not matching any filter: URL [jar:file:/Users/yjayaraman/.gradle/caches/modules-2/files-2.1/org.springframework.data/spring-data-jpa/1.9.0.RELEASE/54eb2e41ceba320dcbd67c19e8a50cb9af4160a5/spring-data-jpa-1.9.0.RELEASE.jar!/org/springframework/data/jpa/repository/JpaSpecificationExecutor.class]
2016-04-27 17:58:10.847 TRACE 37359 --- [    Test worker] ssPathScanningCandidateComponentProvider : Scanning URL [jar:file:/Users/yjayaraman/.gradle/caches/modules-2/files-2.1/org.springframework.data/spring-data-jpa/1.9.0.RELEASE/54eb2e41ceba320dcbd67c19e8a50cb9af4160a5/spring-data-jpa-1.9.0.RELEASE.jar!/org/springframework/data/jpa/repository/Lock.class]
2016-04-27 17:58:10.847 TRACE 37359 --- [    Test worker] ssPathScanningCandidateComponentProvider : Ignored because not matching any filter: URL [jar:file:/Users/yjayaraman/.gradle/caches/modules-2/files-2.1/org.springframework.data/spring-data-jpa/1.9.0.RELEASE/54eb2e41ceba320dcbd67c19e8a50cb9af4160a5/spring-data-jpa-1.9.0.RELEASE.jar!/org/springframework/data/jpa/repository/Lock.class]
2016-04-27 17:58:10.847 TRACE 37359 --- [    Test worker] ssPathScanningCandidateComponentProvider : Scanning URL [jar:file:/Users/yjayaraman/.gradle/caches/modules-2/files-2.1/org.springframework.data/spring-data-jpa/1.9.0.RELEASE/54eb2e41ceba320dcbd67c19e8a50cb9af4160a5/spring-data-jpa-1.9.0.RELEASE.jar!/org/springframework/data/jpa/repository/cdi/JpaRepositoryBean.class]
2016-04-27 17:58:10.848 TRACE 37359 --- [    Test worker] ssPathScanningCandidateComponentProvider : Ignored because not matching any filter: URL [jar:file:/Users/yjayaraman/.gradle/caches/modules-2/files-2.1/org.springframework.data/spring-data-jpa/1.9.0.RELEASE/54eb2e41ceba320dcbd67c19e8a50cb9af4160a5/spring-data-jpa-1.9.0.RELEASE.jar!/org/springframework/data/jpa/repository/cdi/JpaRepositoryBean.class]
2016-04-27 17:58:10.848 TRACE 37359 --- [    Test worker] ssPathScanningCandidateComponentProvider : Scanning URL [jar:file:/Users/yjayaraman/.gradle/caches/modules-2/files-2.1/org.springframework.data/spring-data-jpa/1.9.0.RELEASE/54eb2e41ceba320dcbd67c19e8a50cb9af4160a5/spring-data-jpa-1.9.0.RELEASE.jar!/org/springframework/data/jpa/repository/cdi/JpaRepositoryExtension.class]
2016-04-27 17:58:10.848 TRACE 37359 --- [    Test worker] ssPathScanningCandidateComponentProvider : Ignored because not matching any filter: URL [jar:file:/Users/yjayaraman/.gradle/caches/modules-2/files-2.1/org.springframework.data/spring-data-jpa/1.9.0.RELEASE/54eb2e41ceba320dcbd67c19e8a50cb9af4160a5/spring-data-jpa-1.9.0.RELEASE.jar!/org/springframework/data/jpa/repository/cdi/JpaRepositoryExtension.class]
2016-04-27 17:58:10.848 TRACE 37359 --- [    Test worker] ssPathScanningCandidateComponentProvider : Scanning URL [jar:file:/Users/yjayaraman/.gradle/caches/modules-2/files-2.1/org.springframework.data/spring-data-jpa/1.9.0.RELEASE/54eb2e41ceba320dcbd67c19e8a50cb9af4160a5/spring-data-jpa-1.9.0.RELEASE.jar!/org/springframework/data/jpa/repository/JpaContext.class]
2016-04-27 17:58:10.848 TRACE 37359 --- [    Test worker] ssPathScanningCandidateComponentProvider : Ignored because not matching any filter: URL [jar:file:/Users/yjayaraman/.gradle/caches/modules-2/files-2.1/org.springframework.data/spring-data-jpa/1.9.0.RELEASE/54eb2e41ceba320dcbd67c19e8a50cb9af4160a5/spring-data-jpa-1.9.0.RELEASE.jar!/org/springframework/data/jpa/repository/JpaContext.class]
2016-04-27 17:58:10.848 TRACE 37359 --- [    Test worker] ssPathScanningCandidateComponentProvider : Scanning URL [jar:file:/Users/yjayaraman/.gradle/caches/modules-2/files-2.1/org.springframework.data/spring-data-jpa/1.9.0.RELEASE/54eb2e41ceba320dcbd67c19e8a50cb9af4160a5/spring-data-jpa-1.9.0.RELEASE.jar!/org/springframework/data/jpa/repository/Modifying.class]
2016-04-27 17:58:10.848 TRACE 37359 --- [    Test worker] ssPathScanningCandidateComponentProvider : Ignored because not matching any filter: URL [jar:file:/Users/yjayaraman/.gradle/caches/modules-2/files-2.1/org.springframework.data/spring-data-jpa/1.9.0.RELEASE/54eb2e41ceba320dcbd67c19e8a50cb9af4160a5/spring-data-jpa-1.9.0.RELEASE.jar!/org/springframework/data/jpa/repository/Modifying.class]
2016-04-27 17:58:10.848 TRACE 37359 --- [    Test worker] ssPathScanningCandidateComponentProvider : Scanning URL [jar:file:/Users/yjayaraman/.gradle/caches/modules-2/files-2.1/org.springframework.data/spring-data-jpa/1.9.0.RELEASE/54eb2e41ceba320dcbd67c19e8a50cb9af4160a5/spring-data-jpa-1.9.0.RELEASE.jar!/org/springframework/data/jpa/repository/config/AuditingBeanDefinitionParser$SpringConfiguredBeanDefinitionParser.class]
2016-04-27 17:58:10.850 TRACE 37359 --- [    Test worker] ssPathScanningCandidateComponentProvider : Ignored because not matching any filter: URL [jar:file:/Users/yjayaraman/.gradle/caches/modules-2/files-2.1/org.springframework.data/spring-data-jpa/1.9.0.RELEASE/54eb2e41ceba320dcbd67c19e8a50cb9af4160a5/spring-data-jpa-1.9.0.RELEASE.jar!/org/springframework/data/jpa/repository/config/AuditingBeanDefinitionParser$SpringConfiguredBeanDefinitionParser.class]
2016-04-27 17:58:10.850 TRACE 37359 --- [    Test worker] ssPathScanningCandidateComponentProvider : Scanning URL [jar:file:/Users/yjayaraman/.gradle/caches/modules-2/files-2.1/org.springframework.data/spring-data-jpa/1.9.0.RELEASE/54eb2e41ceba320dcbd67c19e8a50cb9af4160a5/spring-data-jpa-1.9.0.RELEASE.jar!/org/springframework/data/jpa/repository/config/EnableJpaAuditing.class]
2016-04-27 17:58:10.850 TRACE 37359 --- [    Test worker] ssPathScanningCandidateComponentProvider : Ignored because not matching any filter: URL [jar:file:/Users/yjayaraman/.gradle/caches/modules-2/files-2.1/org.springframework.data/spring-data-jpa/1.9.0.RELEASE/54eb2e41ceba320dcbd67c19e8a50cb9af4160a5/spring-data-jpa-1.9.0.RELEASE.jar!/org/springframework/data/jpa/repository/config/EnableJpaAuditing.class]
2016-04-27 17:58:10.850 TRACE 37359 --- [    Test worker] ssPathScanningCandidateComponentProvider : Scanning URL [jar:file:/Users/yjayaraman/.gradle/caches/modules-2/files-2.1/org.springframework.data/spring-data-jpa/1.9.0.RELEASE/54eb2e41ceba320dcbd67c19e8a50cb9af4160a5/spring-data-jpa-1.9.0.RELEASE.jar!/org/springframework/data/jpa/repository/config/AuditingBeanDefinitionParser.class]
2016-04-27 17:58:10.851 TRACE 37359 --- [    Test worker] ssPathScanningCandidateComponentProvider : Ignored because not matching any filter: URL [jar:file:/Users/yjayaraman/.gradle/caches/modules-2/files-2.1/org.springframework.data/spring-data-jpa/1.9.0.RELEASE/54eb2e41ceba320dcbd67c19e8a50cb9af4160a5/spring-data-jpa-1.9.0.RELEASE.jar!/org/springframework/data/jpa/repository/config/AuditingBeanDefinitionParser.class]
2016-04-27 17:58:10.851 TRACE 37359 --- [    Test worker] ssPathScanningCandidateComponentProvider : Scanning URL [jar:file:/Users/yjayaraman/.gradle/caches/modules-2/files-2.1/org.springframework.data/spring-data-jpa/1.9.0.RELEASE/54eb2e41ceba320dcbd67c19e8a50cb9af4160a5/spring-data-jpa-1.9.0.RELEASE.jar!/org/springframework/data/jpa/repository/config/JpaAuditingRegistrar.class]
2016-04-27 17:58:10.851 TRACE 37359 --- [    Test worker] ssPathScanningCandidateComponentProvider : Ignored because not matching any filter: URL [jar:file:/Users/yjayaraman/.gradle/caches/modules-2/files-2.1/org.springframework.data/spring-data-jpa/1.9.0.RELEASE/54eb2e41ceba320dcbd67c19e8a50cb9af4160a5/spring-data-jpa-1.9.0.RELEASE.jar!/org/springframework/data/jpa/repository/config/JpaAuditingRegistrar.class]
2016-04-27 17:58:10.851 TRACE 37359 --- [    Test worker] ssPathScanningCandidateComponentProvider : Scanning URL [jar:file:/Users/yjayaraman/.gradle/caches/modules-2/files-2.1/org.springframework.data/spring-data-jpa/1.9.0.RELEASE/54eb2e41ceba320dcbd67c19e8a50cb9af4160a5/spring-data-jpa-1.9.0.RELEASE.jar!/org/springframework/data/jpa/repository/config/EnableJpaRepositories.class]
2016-04-27 17:58:10.852 TRACE 37359 --- [    Test worker] ssPathScanningCandidateComponentProvider : Ignored because not matching any filter: URL [jar:file:/Users/yjayaraman/.gradle/caches/modules-2/files-2.1/org.springframework.data/spring-data-jpa/1.9.0.RELEASE/54eb2e41ceba320dcbd67c19e8a50cb9af4160a5/spring-data-jpa-1.9.0.RELEASE.jar!/org/springframework/data/jpa/repository/config/EnableJpaRepositories.class]
2016-04-27 17:58:10.852 TRACE 37359 --- [    Test worker] ssPathScanningCandidateComponentProvider : Scanning URL [jar:file:/Users/yjayaraman/.gradle/caches/modules-2/files-2.1/org.springframework.data/spring-data-jpa/1.9.0.RELEASE/54eb2e41ceba320dcbd67c19e8a50cb9af4160a5/spring-data-jpa-1.9.0.RELEASE.jar!/org/springframework/data/jpa/repository/config/AuditingBeanDefinitionParser$1.class]
2016-04-27 17:58:10.852 TRACE 37359 --- [    Test worker] ssPathScanningCandidateComponentProvider : Ignored because not matching any filter: URL [jar:file:/Users/yjayaraman/.gradle/caches/modules-2/files-2.1/org.springframework.data/spring-data-jpa/1.9.0.RELEASE/54eb2e41ceba320dcbd67c19e8a50cb9af4160a5/spring-data-jpa-1.9.0.RELEASE.jar!/org/springframework/data/jpa/repository/config/AuditingBeanDefinitionParser$1.class]
2016-04-27 17:58:10.852 TRACE 37359 --- [    Test worker] ssPathScanningCandidateComponentProvider : Scanning URL [jar:file:/Users/yjayaraman/.gradle/caches/modules-2/files-2.1/org.springframework.data/spring-data-jpa/1.9.0.RELEASE/54eb2e41ceba320dcbd67c19e8a50cb9af4160a5/spring-data-jpa-1.9.0.RELEASE.jar!/org/springframework/data/jpa/repository/config/JpaRepositoriesRegistrar.class]
2016-04-27 17:58:10.852 TRACE 37359 --- [    Test worker] ssPathScanningCandidateComponentProvider : Ignored because not matching any filter: URL [jar:file:/Users/yjayaraman/.gradle/caches/modules-2/files-2.1/org.springframework.data/spring-data-jpa/1.9.0.RELEASE/54eb2e41ceba320dcbd67c19e8a50cb9af4160a5/spring-data-jpa-1.9.0.RELEASE.jar!/org/springframework/data/jpa/repository/config/JpaRepositoriesRegistrar.class]
2016-04-27 17:58:10.852 TRACE 37359 --- [    Test worker] ssPathScanningCandidateComponentProvider : Scanning URL [jar:file:/Users/yjayaraman/.gradle/caches/modules-2/files-2.1/org.springframework.data/spring-data-jpa/1.9.0.RELEASE/54eb2e41ceba320dcbd67c19e8a50cb9af4160a5/spring-data-jpa-1.9.0.RELEASE.jar!/org/springframework/data/jpa/repository/config/JpaRepositoryConfigExtension.class]
2016-04-27 17:58:10.852 TRACE 37359 --- [    Test worker] ssPathScanningCandidateComponentProvider : Ignored because not matching any filter: URL [jar:file:/Users/yjayaraman/.gradle/caches/modules-2/files-2.1/org.springframework.data/spring-data-jpa/1.9.0.RELEASE/54eb2e41ceba320dcbd67c19e8a50cb9af4160a5/spring-data-jpa-1.9.0.RELEASE.jar!/org/springframework/data/jpa/repository/config/JpaRepositoryConfigExtension.class]
2016-04-27 17:58:10.852 TRACE 37359 --- [    Test worker] ssPathScanningCandidateComponentProvider : Scanning URL [jar:file:/Users/yjayaraman/.gradle/caches/modules-2/files-2.1/org.springframework.data/spring-data-jpa/1.9.0.RELEASE/54eb2e41ceba320dcbd67c19e8a50cb9af4160a5/spring-data-jpa-1.9.0.RELEASE.jar!/org/springframework/data/jpa/repository/config/BeanDefinitionNames.class]
2016-04-27 17:58:10.852 TRACE 37359 --- [    Test worker] ssPathScanningCandidateComponentProvider : Ignored because not matching any filter: URL [jar:file:/Users/yjayaraman/.gradle/caches/modules-2/files-2.1/org.springframework.data/spring-data-jpa/1.9.0.RELEASE/54eb2e41ceba320dcbd67c19e8a50cb9af4160a5/spring-data-jpa-1.9.0.RELEASE.jar!/org/springframework/data/jpa/repository/config/BeanDefinitionNames.class]
2016-04-27 17:58:10.852 TRACE 37359 --- [    Test worker] ssPathScanningCandidateComponentProvider : Scanning URL [jar:file:/Users/yjayaraman/.gradle/caches/modules-2/files-2.1/org.springframework.data/spring-data-jpa/1.9.0.RELEASE/54eb2e41ceba320dcbd67c19e8a50cb9af4160a5/spring-data-jpa-1.9.0.RELEASE.jar!/org/springframework/data/jpa/repository/config/JpaRepositoryNameSpaceHandler.class]
2016-04-27 17:58:10.852 TRACE 37359 --- [    Test worker] ssPathScanningCandidateComponentProvider : Ignored because not matching any filter: URL [jar:file:/Users/yjayaraman/.gradle/caches/modules-2/files-2.1/org.springframework.data/spring-data-jpa/1.9.0.RELEASE/54eb2e41ceba320dcbd67c19e8a50cb9af4160a5/spring-data-jpa-1.9.0.RELEASE.jar!/org/springframework/data/jpa/repository/config/JpaRepositoryNameSpaceHandler.class]
2016-04-27 17:58:10.853 TRACE 37359 --- [    Test worker] ssPathScanningCandidateComponentProvider : Scanning URL [jar:file:/Users/yjayaraman/.gradle/caches/modules-2/files-2.1/org.springframework.data/spring-data-jpa/1.9.0.RELEASE/54eb2e41ceba320dcbd67c19e8a50cb9af4160a5/spring-data-jpa-1.9.0.RELEASE.jar!/org/springframework/data/jpa/repository/config/JpaMetamodelMappingContextFactoryBean.class]
2016-04-27 17:58:10.853 TRACE 37359 --- [    Test worker] ssPathScanningCandidateComponentProvider : Ignored because not matching any filter: URL [jar:file:/Users/yjayaraman/.gradle/caches/modules-2/files-2.1/org.springframework.data/spring-data-jpa/1.9.0.RELEASE/54eb2e41ceba320dcbd67c19e8a50cb9af4160a5/spring-data-jpa-1.9.0.RELEASE.jar!/org/springframework/data/jpa/repository/config/JpaMetamodelMappingContextFactoryBean.class]
2016-04-27 17:58:10.853 TRACE 37359 --- [    Test worker] ssPathScanningCandidateComponentProvider : Scanning URL [jar:file:/Users/yjayaraman/.gradle/caches/modules-2/files-2.1/org.springframework.data/spring-data-jpa/1.9.0.RELEASE/54eb2e41ceba320dcbd67c19e8a50cb9af4160a5/spring-data-jpa-1.9.0.RELEASE.jar!/org/springframework/data/jpa/repository/JpaRepository.class]
2016-04-27 17:58:10.853 TRACE 37359 --- [    Test worker] ssPathScanningCandidateComponentProvider : Ignored because not matching any filter: URL [jar:file:/Users/yjayaraman/.gradle/caches/modules-2/files-2.1/org.springframework.data/spring-data-jpa/1.9.0.RELEASE/54eb2e41ceba320dcbd67c19e8a50cb9af4160a5/spring-data-jpa-1.9.0.RELEASE.jar!/org/springframework/data/jpa/repository/JpaRepository.class]
2016-04-27 17:58:10.853 TRACE 37359 --- [    Test worker] ssPathScanningCandidateComponentProvider : Scanning URL [jar:file:/Users/yjayaraman/.gradle/caches/modules-2/files-2.1/org.springframework.data/spring-data-jpa/1.9.0.RELEASE/54eb2e41ceba320dcbd67c19e8a50cb9af4160a5/spring-data-jpa-1.9.0.RELEASE.jar!/org/springframework/data/jpa/repository/EntityGraph.class]
2016-04-27 17:58:10.854 TRACE 37359 --- [    Test worker] ssPathScanningCandidateComponentProvider : Ignored because not matching any filter: URL [jar:file:/Users/yjayaraman/.gradle/caches/modules-2/files-2.1/org.springframework.data/spring-data-jpa/1.9.0.RELEASE/54eb2e41ceba320dcbd67c19e8a50cb9af4160a5/spring-data-jpa-1.9.0.RELEASE.jar!/org/springframework/data/jpa/repository/EntityGraph.class]
2016-04-27 17:58:10.854 TRACE 37359 --- [    Test worker] ssPathScanningCandidateComponentProvider : Scanning URL [jar:file:/Users/yjayaraman/.gradle/caches/modules-2/files-2.1/org.springframework.data/spring-data-jpa/1.9.0.RELEASE/54eb2e41ceba320dcbd67c19e8a50cb9af4160a5/spring-data-jpa-1.9.0.RELEASE.jar!/org/springframework/data/jpa/repository/support/Querydsl$1.class]
2016-04-27 17:58:10.854 TRACE 37359 --- [    Test worker] ssPathScanningCandidateComponentProvider : Ignored because not matching any filter: URL [jar:file:/Users/yjayaraman/.gradle/caches/modules-2/files-2.1/org.springframework.data/spring-data-jpa/1.9.0.RELEASE/54eb2e41ceba320dcbd67c19e8a50cb9af4160a5/spring-data-jpa-1.9.0.RELEASE.jar!/org/springframework/data/jpa/repository/support/Querydsl$1.class]
2016-04-27 17:58:10.854 TRACE 37359 --- [    Test worker] ssPathScanningCandidateComponentProvider : Scanning URL [jar:file:/Users/yjayaraman/.gradle/caches/modules-2/files-2.1/org.springframework.data/spring-data-jpa/1.9.0.RELEASE/54eb2e41ceba320dcbd67c19e8a50cb9af4160a5/spring-data-jpa-1.9.0.RELEASE.jar!/org/springframework/data/jpa/repository/support/CrudMethodMetadataPostProcessor$ThreadBoundTargetSource.class]
2016-04-27 17:58:10.854 TRACE 37359 --- [    Test worker] ssPathScanningCandidateComponentProvider : Ignored because not matching any filter: URL [jar:file:/Users/yjayaraman/.gradle/caches/modules-2/files-2.1/org.springframework.data/spring-data-jpa/1.9.0.RELEASE/54eb2e41ceba320dcbd67c19e8a50cb9af4160a5/spring-data-jpa-1.9.0.RELEASE.jar!/org/springframework/data/jpa/repository/support/CrudMethodMetadataPostProcessor$ThreadBoundTargetSource.class]
2016-04-27 17:58:10.854 TRACE 37359 --- [    Test worker] ssPathScanningCandidateComponentProvider : Scanning URL [jar:file:/Users/yjayaraman/.gradle/caches/modules-2/files-2.1/org.springframework.data/spring-data-jpa/1.9.0.RELEASE/54eb2e41ceba320dcbd67c19e8a50cb9af4160a5/spring-data-jpa-1.9.0.RELEASE.jar!/org/springframework/data/jpa/repository/support/JpaPersistableEntityInformation.class]
2016-04-27 17:58:10.854 TRACE 37359 --- [    Test worker] ssPathScanningCandidateComponentProvider : Ignored because not matching any filter: URL [jar:file:/Users/yjayaraman/.gradle/caches/modules-2/files-2.1/org.springframework.data/spring-data-jpa/1.9.0.RELEASE/54eb2e41ceba320dcbd67c19e8a50cb9af4160a5/spring-data-jpa-1.9.0.RELEASE.jar!/org/springframework/data/jpa/repository/support/JpaPersistableEntityInformation.class]
2016-04-27 17:58:10.854 TRACE 37359 --- [    Test worker] ssPathScanningCandidateComponentProvider : Scanning URL [jar:file:/Users/yjayaraman/.gradle/caches/modules-2/files-2.1/org.springframework.data/spring-data-jpa/1.9.0.RELEASE/54eb2e41ceba320dcbd67c19e8a50cb9af4160a5/spring-data-jpa-1.9.0.RELEASE.jar!/org/springframework/data/jpa/repository/support/CrudMethodMetadataPostProcessor.class]
2016-04-27 17:58:10.854 TRACE 37359 --- [    Test worker] ssPathScanningCandidateComponentProvider : Ignored because not matching any filter: URL [jar:file:/Users/yjayaraman/.gradle/caches/modules-2/files-2.1/org.springframework.data/spring-data-jpa/1.9.0.RELEASE/54eb2e41ceba320dcbd67c19e8a50cb9af4160a5/spring-data-jpa-1.9.0.RELEASE.jar!/org/springframework/data/jpa/repository/support/CrudMethodMetadataPostProcessor.class]
2016-04-27 17:58:10.854 TRACE 37359 --- [    Test worker] ssPathScanningCandidateComponentProvider : Scanning URL [jar:file:/Users/yjayaraman/.gradle/caches/modules-2/files-2.1/org.springframework.data/spring-data-jpa/1.9.0.RELEASE/54eb2e41ceba320dcbd67c19e8a50cb9af4160a5/spring-data-jpa-1.9.0.RELEASE.jar!/org/springframework/data/jpa/repository/support/CrudMethodMetadataPostProcessor$1.class]
2016-04-27 17:58:10.855 TRACE 37359 --- [    Test worker] ssPathScanningCandidateComponentProvider : Ignored because not matching any filter: URL [jar:file:/Users/yjayaraman/.gradle/caches/modules-2/files-2.1/org.springframework.data/spring-data-jpa/1.9.0.RELEASE/54eb2e41ceba320dcbd67c19e8a50cb9af4160a5/spring-data-jpa-1.9.0.RELEASE.jar!/org/springframework/data/jpa/repository/support/CrudMethodMetadataPostProcessor$1.class]
2016-04-27 17:58:10.855 TRACE 37359 --- [    Test worker] ssPathScanningCandidateComponentProvider : Scanning URL [jar:file:/Users/yjayaraman/.gradle/caches/modules-2/files-2.1/org.springframework.data/spring-data-jpa/1.9.0.RELEASE/54eb2e41ceba320dcbd67c19e8a50cb9af4160a5/spring-data-jpa-1.9.0.RELEASE.jar!/org/springframework/data/jpa/repository/support/JpaEntityInformation.class]
2016-04-27 17:58:10.855 TRACE 37359 --- [    Test worker] ssPathScanningCandidateComponentProvider : Ignored because not matching any filter: URL [jar:file:/Users/yjayaraman/.gradle/caches/modules-2/files-2.1/org.springframework.data/spring-data-jpa/1.9.0.RELEASE/54eb2e41ceba320dcbd67c19e8a50cb9af4160a5/spring-data-jpa-1.9.0.RELEASE.jar!/org/springframework/data/jpa/repository/support/JpaEntityInformation.class]
2016-04-27 17:58:10.855 TRACE 37359 --- [    Test worker] ssPathScanningCandidateComponentProvider : Scanning URL [jar:file:/Users/yjayaraman/.gradle/caches/modules-2/files-2.1/org.springframework.data/spring-data-jpa/1.9.0.RELEASE/54eb2e41ceba320dcbd67c19e8a50cb9af4160a5/spring-data-jpa-1.9.0.RELEASE.jar!/org/springframework/data/jpa/repository/support/JpaMetamodelEntityInformation.class]
2016-04-27 17:58:10.855 TRACE 37359 --- [    Test worker] ssPathScanningCandidateComponentProvider : Ignored because not matching any filter: URL [jar:file:/Users/yjayaraman/.gradle/caches/modules-2/files-2.1/org.springframework.data/spring-data-jpa/1.9.0.RELEASE/54eb2e41ceba320dcbd67c19e8a50cb9af4160a5/spring-data-jpa-1.9.0.RELEASE.jar!/org/springframework/data/jpa/repository/support/JpaMetamodelEntityInformation.class]
2016-04-27 17:58:10.855 TRACE 37359 --- [    Test worker] ssPathScanningCandidateComponentProvider : Scanning URL [jar:file:/Users/yjayaraman/.gradle/caches/modules-2/files-2.1/org.springframework.data/spring-data-jpa/1.9.0.RELEASE/54eb2e41ceba320dcbd67c19e8a50cb9af4160a5/spring-data-jpa-1.9.0.RELEASE.jar!/org/springframework/data/jpa/repository/support/JpaMetamodelEntityInformation$IdMetadata.class]
2016-04-27 17:58:10.855 TRACE 37359 --- [    Test worker] ssPathScanningCandidateComponentProvider : Ignored because not matching any filter: URL [jar:file:/Users/yjayaraman/.gradle/caches/modules-2/files-2.1/org.springframework.data/spring-data-jpa/1.9.0.RELEASE/54eb2e41ceba320dcbd67c19e8a50cb9af4160a5/spring-data-jpa-1.9.0.RELEASE.jar!/org/springframework/data/jpa/repository/support/JpaMetamodelEntityInformation$IdMetadata.class]
2016-04-27 17:58:10.855 TRACE 37359 --- [    Test worker] ssPathScanningCandidateComponentProvider : Scanning URL [jar:file:/Users/yjayaraman/.gradle/caches/modules-2/files-2.1/org.springframework.data/spring-data-jpa/1.9.0.RELEASE/54eb2e41ceba320dcbd67c19e8a50cb9af4160a5/spring-data-jpa-1.9.0.RELEASE.jar!/org/springframework/data/jpa/repository/support/JpaEntityInformationSupport.class]
2016-04-27 17:58:10.855 TRACE 37359 --- [    Test worker] ssPathScanningCandidateComponentProvider : Ignored because not matching any filter: URL [jar:file:/Users/yjayaraman/.gradle/caches/modules-2/files-2.1/org.springframework.data/spring-data-jpa/1.9.0.RELEASE/54eb2e41ceba320dcbd67c19e8a50cb9af4160a5/spring-data-jpa-1.9.0.RELEASE.jar!/org/springframework/data/jpa/repository/support/JpaEntityInformationSupport.class]
2016-04-27 17:58:10.856 TRACE 37359 --- [    Test worker] ssPathScanningCandidateComponentProvider : Scanning URL [jar:file:/Users/yjayaraman/.gradle/caches/modules-2/files-2.1/org.springframework.data/spring-data-jpa/1.9.0.RELEASE/54eb2e41ceba320dcbd67c19e8a50cb9af4160a5/spring-data-jpa-1.9.0.RELEASE.jar!/org/springframework/data/jpa/repository/support/QueryDslRepositorySupport.class]
2016-04-27 17:58:10.857 TRACE 37359 --- [    Test worker] ssPathScanningCandidateComponentProvider : Ignored because not matching any filter: URL [jar:file:/Users/yjayaraman/.gradle/caches/modules-2/files-2.1/org.springframework.data/spring-data-jpa/1.9.0.RELEASE/54eb2e41ceba320dcbd67c19e8a50cb9af4160a5/spring-data-jpa-1.9.0.RELEASE.jar!/org/springframework/data/jpa/repository/support/QueryDslRepositorySupport.class]
2016-04-27 17:58:10.857 TRACE 37359 --- [    Test worker] ssPathScanningCandidateComponentProvider : Scanning URL [jar:file:/Users/yjayaraman/.gradle/caches/modules-2/files-2.1/org.springframework.data/spring-data-jpa/1.9.0.RELEASE/54eb2e41ceba320dcbd67c19e8a50cb9af4160a5/spring-data-jpa-1.9.0.RELEASE.jar!/org/springframework/data/jpa/repository/support/JpaRepositoryFactory.class]
2016-04-27 17:58:10.858 TRACE 37359 --- [    Test worker] ssPathScanningCandidateComponentProvider : Ignored because not matching any filter: URL [jar:file:/Users/yjayaraman/.gradle/caches/modules-2/files-2.1/org.springframework.data/spring-data-jpa/1.9.0.RELEASE/54eb2e41ceba320dcbd67c19e8a50cb9af4160a5/spring-data-jpa-1.9.0.RELEASE.jar!/org/springframework/data/jpa/repository/support/JpaRepositoryFactory.class]
2016-04-27 17:58:10.858 TRACE 37359 --- [    Test worker] ssPathScanningCandidateComponentProvider : Scanning URL [jar:file:/Users/yjayaraman/.gradle/caches/modules-2/files-2.1/org.springframework.data/spring-data-jpa/1.9.0.RELEASE/54eb2e41ceba320dcbd67c19e8a50cb9af4160a5/spring-data-jpa-1.9.0.RELEASE.jar!/org/springframework/data/jpa/repository/support/CrudMethodMetadataPostProcessor$DefaultCrudMethodMetadata.class]
2016-04-27 17:58:10.858 TRACE 37359 --- [    Test worker] ssPathScanningCandidateComponentProvider : Ignored because not matching any filter: URL [jar:file:/Users/yjayaraman/.gradle/caches/modules-2/files-2.1/org.springframework.data/spring-data-jpa/1.9.0.RELEASE/54eb2e41ceba320dcbd67c19e8a50cb9af4160a5/spring-data-jpa-1.9.0.RELEASE.jar!/org/springframework/data/jpa/repository/support/CrudMethodMetadataPostProcessor$DefaultCrudMethodMetadata.class]
2016-04-27 17:58:10.858 TRACE 37359 --- [    Test worker] ssPathScanningCandidateComponentProvider : Scanning URL [jar:file:/Users/yjayaraman/.gradle/caches/modules-2/files-2.1/org.springframework.data/spring-data-jpa/1.9.0.RELEASE/54eb2e41ceba320dcbd67c19e8a50cb9af4160a5/spring-data-jpa-1.9.0.RELEASE.jar!/org/springframework/data/jpa/repository/support/SimpleJpaRepository.class]
2016-04-27 17:58:10.859 TRACE 37359 --- [    Test worker] ssPathScanningCandidateComponentProvider : Ignored because not matching any filter: URL [jar:file:/Users/yjayaraman/.gradle/caches/modules-2/files-2.1/org.springframework.data/spring-data-jpa/1.9.0.RELEASE/54eb2e41ceba320dcbd67c19e8a50cb9af4160a5/spring-data-jpa-1.9.0.RELEASE.jar!/org/springframework/data/jpa/repository/support/SimpleJpaRepository.class]
2016-04-27 17:58:10.859 TRACE 37359 --- [    Test worker] ssPathScanningCandidateComponentProvider : Scanning URL [jar:file:/Users/yjayaraman/.gradle/caches/modules-2/files-2.1/org.springframework.data/spring-data-jpa/1.9.0.RELEASE/54eb2e41ceba320dcbd67c19e8a50cb9af4160a5/spring-data-jpa-1.9.0.RELEASE.jar!/org/springframework/data/jpa/repository/support/Querydsl.class]
2016-04-27 17:58:10.859 TRACE 37359 --- [    Test worker] ssPathScanningCandidateComponentProvider : Ignored because not matching any filter: URL [jar:file:/Users/yjayaraman/.gradle/caches/modules-2/files-2.1/org.springframework.data/spring-data-jpa/1.9.0.RELEASE/54eb2e41ceba320dcbd67c19e8a50cb9af4160a5/spring-data-jpa-1.9.0.RELEASE.jar!/org/springframework/data/jpa/repository/support/Querydsl.class]
2016-04-27 17:58:10.859 TRACE 37359 --- [    Test worker] ssPathScanningCandidateComponentProvider : Scanning URL [jar:file:/Users/yjayaraman/.gradle/caches/modules-2/files-2.1/org.springframework.data/spring-data-jpa/1.9.0.RELEASE/54eb2e41ceba320dcbd67c19e8a50cb9af4160a5/spring-data-jpa-1.9.0.RELEASE.jar!/org/springframework/data/jpa/repository/support/CrudMethodMetadata.class]
2016-04-27 17:58:10.860 TRACE 37359 --- [    Test worker] ssPathScanningCandidateComponentProvider : Ignored because not matching any filter: URL [jar:file:/Users/yjayaraman/.gradle/caches/modules-2/files-2.1/org.springframework.data/spring-data-jpa/1.9.0.RELEASE/54eb2e41ceba320dcbd67c19e8a50cb9af4160a5/spring-data-jpa-1.9.0.RELEASE.jar!/org/springframework/data/jpa/repository/support/CrudMethodMetadata.class]
2016-04-27 17:58:10.860 TRACE 37359 --- [    Test worker] ssPathScanningCandidateComponentProvider : Scanning URL [jar:file:/Users/yjayaraman/.gradle/caches/modules-2/files-2.1/org.springframework.data/spring-data-jpa/1.9.0.RELEASE/54eb2e41ceba320dcbd67c19e8a50cb9af4160a5/spring-data-jpa-1.9.0.RELEASE.jar!/org/springframework/data/jpa/repository/support/CrudMethodMetadataPostProcessor$CrudMethodMetadataPopulatingMethodInterceptor.class]
2016-04-27 17:58:10.860 TRACE 37359 --- [    Test worker] ssPathScanningCandidateComponentProvider : Ignored because not matching any filter: URL [jar:file:/Users/yjayaraman/.gradle/caches/modules-2/files-2.1/org.springframework.data/spring-data-jpa/1.9.0.RELEASE/54eb2e41ceba320dcbd67c19e8a50cb9af4160a5/spring-data-jpa-1.9.0.RELEASE.jar!/org/springframework/data/jpa/repository/support/CrudMethodMetadataPostProcessor$CrudMethodMetadataPopulatingMethodInterceptor.class]
2016-04-27 17:58:10.860 TRACE 37359 --- [    Test worker] ssPathScanningCandidateComponentProvider : Scanning URL [jar:file:/Users/yjayaraman/.gradle/caches/modules-2/files-2.1/org.springframework.data/spring-data-jpa/1.9.0.RELEASE/54eb2e41ceba320dcbd67c19e8a50cb9af4160a5/spring-data-jpa-1.9.0.RELEASE.jar!/org/springframework/data/jpa/repository/support/EntityManagerBeanDefinitionRegistrarPostProcessor.class]
2016-04-27 17:58:10.860 TRACE 37359 --- [    Test worker] ssPathScanningCandidateComponentProvider : Ignored because not matching any filter: URL [jar:file:/Users/yjayaraman/.gradle/caches/modules-2/files-2.1/org.springframework.data/spring-data-jpa/1.9.0.RELEASE/54eb2e41ceba320dcbd67c19e8a50cb9af4160a5/spring-data-jpa-1.9.0.RELEASE.jar!/org/springframework/data/jpa/repository/support/EntityManagerBeanDefinitionRegistrarPostProcessor.class]
2016-04-27 17:58:10.860 TRACE 37359 --- [    Test worker] ssPathScanningCandidateComponentProvider : Scanning URL [jar:file:/Users/yjayaraman/.gradle/caches/modules-2/files-2.1/org.springframework.data/spring-data-jpa/1.9.0.RELEASE/54eb2e41ceba320dcbd67c19e8a50cb9af4160a5/spring-data-jpa-1.9.0.RELEASE.jar!/org/springframework/data/jpa/repository/support/JpaMetamodelEntityInformation$IdentifierDerivingDirectFieldAccessFallbackBeanWrapper.class]
2016-04-27 17:58:10.860 TRACE 37359 --- [    Test worker] ssPathScanningCandidateComponentProvider : Ignored because not matching any filter: URL [jar:file:/Users/yjayaraman/.gradle/caches/modules-2/files-2.1/org.springframework.data/spring-data-jpa/1.9.0.RELEASE/54eb2e41ceba320dcbd67c19e8a50cb9af4160a5/spring-data-jpa-1.9.0.RELEASE.jar!/org/springframework/data/jpa/repository/support/JpaMetamodelEntityInformation$IdentifierDerivingDirectFieldAccessFallbackBeanWrapper.class]
2016-04-27 17:58:10.860 TRACE 37359 --- [    Test worker] ssPathScanningCandidateComponentProvider : Scanning URL [jar:file:/Users/yjayaraman/.gradle/caches/modules-2/files-2.1/org.springframework.data/spring-data-jpa/1.9.0.RELEASE/54eb2e41ceba320dcbd67c19e8a50cb9af4160a5/spring-data-jpa-1.9.0.RELEASE.jar!/org/springframework/data/jpa/repository/support/QueryDslJpaRepository.class]
2016-04-27 17:58:10.860 TRACE 37359 --- [    Test worker] ssPathScanningCandidateComponentProvider : Ignored because not matching any filter: URL [jar:file:/Users/yjayaraman/.gradle/caches/modules-2/files-2.1/org.springframework.data/spring-data-jpa/1.9.0.RELEASE/54eb2e41ceba320dcbd67c19e8a50cb9af4160a5/spring-data-jpa-1.9.0.RELEASE.jar!/org/springframework/data/jpa/repository/support/QueryDslJpaRepository.class]
2016-04-27 17:58:10.860 TRACE 37359 --- [    Test worker] ssPathScanningCandidateComponentProvider : Scanning URL [jar:file:/Users/yjayaraman/.gradle/caches/modules-2/files-2.1/org.springframework.data/spring-data-jpa/1.9.0.RELEASE/54eb2e41ceba320dcbd67c19e8a50cb9af4160a5/spring-data-jpa-1.9.0.RELEASE.jar!/org/springframework/data/jpa/repository/support/JpaRepositoryFactoryBean.class]
2016-04-27 17:58:10.861 TRACE 37359 --- [    Test worker] ssPathScanningCandidateComponentProvider : Ignored because not matching any filter: URL [jar:file:/Users/yjayaraman/.gradle/caches/modules-2/files-2.1/org.springframework.data/spring-data-jpa/1.9.0.RELEASE/54eb2e41ceba320dcbd67c19e8a50cb9af4160a5/spring-data-jpa-1.9.0.RELEASE.jar!/org/springframework/data/jpa/repository/support/JpaRepositoryFactoryBean.class]
2016-04-27 17:58:10.861 TRACE 37359 --- [    Test worker] ssPathScanningCandidateComponentProvider : Scanning URL [jar:file:/Users/yjayaraman/.gradle/caches/modules-2/files-2.1/org.springframework.data/spring-data-jpa/1.9.0.RELEASE/54eb2e41ceba320dcbd67c19e8a50cb9af4160a5/spring-data-jpa-1.9.0.RELEASE.jar!/org/springframework/data/jpa/repository/support/DefaultJpaContext.class]
2016-04-27 17:58:10.861 TRACE 37359 --- [    Test worker] ssPathScanningCandidateComponentProvider : Ignored because not matching any filter: URL [jar:file:/Users/yjayaraman/.gradle/caches/modules-2/files-2.1/org.springframework.data/spring-data-jpa/1.9.0.RELEASE/54eb2e41ceba320dcbd67c19e8a50cb9af4160a5/spring-data-jpa-1.9.0.RELEASE.jar!/org/springframework/data/jpa/repository/support/DefaultJpaContext.class]
2016-04-27 17:58:10.861 TRACE 37359 --- [    Test worker] ssPathScanningCandidateComponentProvider : Scanning URL [jar:file:/Users/yjayaraman/.gradle/caches/modules-2/files-2.1/org.springframework.data/spring-data-jpa/1.9.0.RELEASE/54eb2e41ceba320dcbd67c19e8a50cb9af4160a5/spring-data-jpa-1.9.0.RELEASE.jar!/org/springframework/data/jpa/repository/support/SimpleJpaRepository$ByIdsSpecification.class]
2016-04-27 17:58:10.861 TRACE 37359 --- [    Test worker] ssPathScanningCandidateComponentProvider : Ignored because not matching any filter: URL [jar:file:/Users/yjayaraman/.gradle/caches/modules-2/files-2.1/org.springframework.data/spring-data-jpa/1.9.0.RELEASE/54eb2e41ceba320dcbd67c19e8a50cb9af4160a5/spring-data-jpa-1.9.0.RELEASE.jar!/org/springframework/data/jpa/repository/support/SimpleJpaRepository$ByIdsSpecification.class]
2016-04-27 17:58:10.861 TRACE 37359 --- [    Test worker] ssPathScanningCandidateComponentProvider : Scanning URL [jar:file:/Users/yjayaraman/.gradle/caches/modules-2/files-2.1/org.springframework.data/spring-data-jpa/1.9.0.RELEASE/54eb2e41ceba320dcbd67c19e8a50cb9af4160a5/spring-data-jpa-1.9.0.RELEASE.jar!/org/springframework/data/jpa/repository/Temporal.class]
2016-04-27 17:58:10.861 TRACE 37359 --- [    Test worker] ssPathScanningCandidateComponentProvider : Ignored because not matching any filter: URL [jar:file:/Users/yjayaraman/.gradle/caches/modules-2/files-2.1/org.springframework.data/spring-data-jpa/1.9.0.RELEASE/54eb2e41ceba320dcbd67c19e8a50cb9af4160a5/spring-data-jpa-1.9.0.RELEASE.jar!/org/springframework/data/jpa/repository/Temporal.class]
2016-04-27 17:58:10.861 TRACE 37359 --- [    Test worker] ssPathScanningCandidateComponentProvider : Scanning URL [jar:file:/Users/yjayaraman/.gradle/caches/modules-2/files-2.1/org.springframework.data/spring-data-jpa/1.9.0.RELEASE/54eb2e41ceba320dcbd67c19e8a50cb9af4160a5/spring-data-jpa-1.9.0.RELEASE.jar!/org/springframework/data/jpa/domain/JpaSort.class]
2016-04-27 17:58:10.862 TRACE 37359 --- [    Test worker] ssPathScanningCandidateComponentProvider : Ignored because not matching any filter: URL [jar:file:/Users/yjayaraman/.gradle/caches/modules-2/files-2.1/org.springframework.data/spring-data-jpa/1.9.0.RELEASE/54eb2e41ceba320dcbd67c19e8a50cb9af4160a5/spring-data-jpa-1.9.0.RELEASE.jar!/org/springframework/data/jpa/domain/JpaSort.class]
2016-04-27 17:58:10.862 TRACE 37359 --- [    Test worker] ssPathScanningCandidateComponentProvider : Scanning URL [jar:file:/Users/yjayaraman/.gradle/caches/modules-2/files-2.1/org.springframework.data/spring-data-jpa/1.9.0.RELEASE/54eb2e41ceba320dcbd67c19e8a50cb9af4160a5/spring-data-jpa-1.9.0.RELEASE.jar!/org/springframework/data/jpa/domain/Specification.class]
2016-04-27 17:58:10.862 TRACE 37359 --- [    Test worker] ssPathScanningCandidateComponentProvider : Ignored because not matching any filter: URL [jar:file:/Users/yjayaraman/.gradle/caches/modules-2/files-2.1/org.springframework.data/spring-data-jpa/1.9.0.RELEASE/54eb2e41ceba320dcbd67c19e8a50cb9af4160a5/spring-data-jpa-1.9.0.RELEASE.jar!/org/springframework/data/jpa/domain/Specification.class]
2016-04-27 17:58:10.862 TRACE 37359 --- [    Test worker] ssPathScanningCandidateComponentProvider : Scanning URL [jar:file:/Users/yjayaraman/.gradle/caches/modules-2/files-2.1/org.springframework.data/spring-data-jpa/1.9.0.RELEASE/54eb2e41ceba320dcbd67c19e8a50cb9af4160a5/spring-data-jpa-1.9.0.RELEASE.jar!/org/springframework/data/jpa/domain/JpaSort$1.class]
2016-04-27 17:58:10.862 TRACE 37359 --- [    Test worker] ssPathScanningCandidateComponentProvider : Ignored because not matching any filter: URL [jar:file:/Users/yjayaraman/.gradle/caches/modules-2/files-2.1/org.springframework.data/spring-data-jpa/1.9.0.RELEASE/54eb2e41ceba320dcbd67c19e8a50cb9af4160a5/spring-data-jpa-1.9.0.RELEASE.jar!/org/springframework/data/jpa/domain/JpaSort$1.class]
2016-04-27 17:58:10.862 TRACE 37359 --- [    Test worker] ssPathScanningCandidateComponentProvider : Scanning URL [jar:file:/Users/yjayaraman/.gradle/caches/modules-2/files-2.1/org.springframework.data/spring-data-jpa/1.9.0.RELEASE/54eb2e41ceba320dcbd67c19e8a50cb9af4160a5/spring-data-jpa-1.9.0.RELEASE.jar!/org/springframework/data/jpa/domain/Specifications$CompositionType$2.class]
2016-04-27 17:58:10.862 TRACE 37359 --- [    Test worker] ssPathScanningCandidateComponentProvider : Ignored because not matching any filter: URL [jar:file:/Users/yjayaraman/.gradle/caches/modules-2/files-2.1/org.springframework.data/spring-data-jpa/1.9.0.RELEASE/54eb2e41ceba320dcbd67c19e8a50cb9af4160a5/spring-data-jpa-1.9.0.RELEASE.jar!/org/springframework/data/jpa/domain/Specifications$CompositionType$2.class]
2016-04-27 17:58:10.862 TRACE 37359 --- [    Test worker] ssPathScanningCandidateComponentProvider : Scanning URL [jar:file:/Users/yjayaraman/.gradle/caches/modules-2/files-2.1/org.springframework.data/spring-data-jpa/1.9.0.RELEASE/54eb2e41ceba320dcbd67c19e8a50cb9af4160a5/spring-data-jpa-1.9.0.RELEASE.jar!/org/springframework/data/jpa/domain/QAbstractAuditable.class]
2016-04-27 17:58:10.862 TRACE 37359 --- [    Test worker] ssPathScanningCandidateComponentProvider : Ignored because not matching any filter: URL [jar:file:/Users/yjayaraman/.gradle/caches/modules-2/files-2.1/org.springframework.data/spring-data-jpa/1.9.0.RELEASE/54eb2e41ceba320dcbd67c19e8a50cb9af4160a5/spring-data-jpa-1.9.0.RELEASE.jar!/org/springframework/data/jpa/domain/QAbstractAuditable.class]
2016-04-27 17:58:10.862 TRACE 37359 --- [    Test worker] ssPathScanningCandidateComponentProvider : Scanning URL [jar:file:/Users/yjayaraman/.gradle/caches/modules-2/files-2.1/org.springframework.data/spring-data-jpa/1.9.0.RELEASE/54eb2e41ceba320dcbd67c19e8a50cb9af4160a5/spring-data-jpa-1.9.0.RELEASE.jar!/org/springframework/data/jpa/domain/AbstractAuditable.class]
2016-04-27 17:58:10.863 TRACE 37359 --- [    Test worker] ssPathScanningCandidateComponentProvider : Ignored because not matching any filter: URL [jar:file:/Users/yjayaraman/.gradle/caches/modules-2/files-2.1/org.springframework.data/spring-data-jpa/1.9.0.RELEASE/54eb2e41ceba320dcbd67c19e8a50cb9af4160a5/spring-data-jpa-1.9.0.RELEASE.jar!/org/springframework/data/jpa/domain/AbstractAuditable.class]
2016-04-27 17:58:10.863 TRACE 37359 --- [    Test worker] ssPathScanningCandidateComponentProvider : Scanning URL [jar:file:/Users/yjayaraman/.gradle/caches/modules-2/files-2.1/org.springframework.data/spring-data-jpa/1.9.0.RELEASE/54eb2e41ceba320dcbd67c19e8a50cb9af4160a5/spring-data-jpa-1.9.0.RELEASE.jar!/org/springframework/data/jpa/domain/QAbstractPersistable.class]
2016-04-27 17:58:10.863 TRACE 37359 --- [    Test worker] ssPathScanningCandidateComponentProvider : Ignored because not matching any filter: URL [jar:file:/Users/yjayaraman/.gradle/caches/modules-2/files-2.1/org.springframework.data/spring-data-jpa/1.9.0.RELEASE/54eb2e41ceba320dcbd67c19e8a50cb9af4160a5/spring-data-jpa-1.9.0.RELEASE.jar!/org/springframework/data/jpa/domain/QAbstractPersistable.class]
2016-04-27 17:58:10.863 TRACE 37359 --- [    Test worker] ssPathScanningCandidateComponentProvider : Scanning URL [jar:file:/Users/yjayaraman/.gradle/caches/modules-2/files-2.1/org.springframework.data/spring-data-jpa/1.9.0.RELEASE/54eb2e41ceba320dcbd67c19e8a50cb9af4160a5/spring-data-jpa-1.9.0.RELEASE.jar!/org/springframework/data/jpa/domain/Specifications$CompositionType$1.class]
2016-04-27 17:58:10.863 TRACE 37359 --- [    Test worker] ssPathScanningCandidateComponentProvider : Ignored because not matching any filter: URL [jar:file:/Users/yjayaraman/.gradle/caches/modules-2/files-2.1/org.springframework.data/spring-data-jpa/1.9.0.RELEASE/54eb2e41ceba320dcbd67c19e8a50cb9af4160a5/spring-data-jpa-1.9.0.RELEASE.jar!/org/springframework/data/jpa/domain/Specifications$CompositionType$1.class]
2016-04-27 17:58:10.863 TRACE 37359 --- [    Test worker] ssPathScanningCandidateComponentProvider : Scanning URL [jar:file:/Users/yjayaraman/.gradle/caches/modules-2/files-2.1/org.springframework.data/spring-data-jpa/1.9.0.RELEASE/54eb2e41ceba320dcbd67c19e8a50cb9af4160a5/spring-data-jpa-1.9.0.RELEASE.jar!/org/springframework/data/jpa/domain/Specifications$CompositionType.class]
2016-04-27 17:58:10.863 TRACE 37359 --- [    Test worker] ssPathScanningCandidateComponentProvider : Ignored because not matching any filter: URL [jar:file:/Users/yjayaraman/.gradle/caches/modules-2/files-2.1/org.springframework.data/spring-data-jpa/1.9.0.RELEASE/54eb2e41ceba320dcbd67c19e8a50cb9af4160a5/spring-data-jpa-1.9.0.RELEASE.jar!/org/springframework/data/jpa/domain/Specifications$CompositionType.class]
2016-04-27 17:58:10.863 TRACE 37359 --- [    Test worker] ssPathScanningCandidateComponentProvider : Scanning URL [jar:file:/Users/yjayaraman/.gradle/caches/modules-2/files-2.1/org.springframework.data/spring-data-jpa/1.9.0.RELEASE/54eb2e41ceba320dcbd67c19e8a50cb9af4160a5/spring-data-jpa-1.9.0.RELEASE.jar!/org/springframework/data/jpa/domain/Specifications.class]
2016-04-27 17:58:10.864 TRACE 37359 --- [    Test worker] ssPathScanningCandidateComponentProvider : Ignored because not matching any filter: URL [jar:file:/Users/yjayaraman/.gradle/caches/modules-2/files-2.1/org.springframework.data/spring-data-jpa/1.9.0.RELEASE/54eb2e41ceba320dcbd67c19e8a50cb9af4160a5/spring-data-jpa-1.9.0.RELEASE.jar!/org/springframework/data/jpa/domain/Specifications.class]
2016-04-27 17:58:10.864 TRACE 37359 --- [    Test worker] ssPathScanningCandidateComponentProvider : Scanning URL [jar:file:/Users/yjayaraman/.gradle/caches/modules-2/files-2.1/org.springframework.data/spring-data-jpa/1.9.0.RELEASE/54eb2e41ceba320dcbd67c19e8a50cb9af4160a5/spring-data-jpa-1.9.0.RELEASE.jar!/org/springframework/data/jpa/domain/Specifications$ComposedSpecification.class]
2016-04-27 17:58:10.864 TRACE 37359 --- [    Test worker] ssPathScanningCandidateComponentProvider : Ignored because not matching any filter: URL [jar:file:/Users/yjayaraman/.gradle/caches/modules-2/files-2.1/org.springframework.data/spring-data-jpa/1.9.0.RELEASE/54eb2e41ceba320dcbd67c19e8a50cb9af4160a5/spring-data-jpa-1.9.0.RELEASE.jar!/org/springframework/data/jpa/domain/Specifications$ComposedSpecification.class]
2016-04-27 17:58:10.864 TRACE 37359 --- [    Test worker] ssPathScanningCandidateComponentProvider : Scanning URL [jar:file:/Users/yjayaraman/.gradle/caches/modules-2/files-2.1/org.springframework.data/spring-data-jpa/1.9.0.RELEASE/54eb2e41ceba320dcbd67c19e8a50cb9af4160a5/spring-data-jpa-1.9.0.RELEASE.jar!/org/springframework/data/jpa/domain/AbstractAuditable_.class]
2016-04-27 17:58:10.864 TRACE 37359 --- [    Test worker] ssPathScanningCandidateComponentProvider : Ignored because not matching any filter: URL [jar:file:/Users/yjayaraman/.gradle/caches/modules-2/files-2.1/org.springframework.data/spring-data-jpa/1.9.0.RELEASE/54eb2e41ceba320dcbd67c19e8a50cb9af4160a5/spring-data-jpa-1.9.0.RELEASE.jar!/org/springframework/data/jpa/domain/AbstractAuditable_.class]
2016-04-27 17:58:10.864 TRACE 37359 --- [    Test worker] ssPathScanningCandidateComponentProvider : Scanning URL [jar:file:/Users/yjayaraman/.gradle/caches/modules-2/files-2.1/org.springframework.data/spring-data-jpa/1.9.0.RELEASE/54eb2e41ceba320dcbd67c19e8a50cb9af4160a5/spring-data-jpa-1.9.0.RELEASE.jar!/org/springframework/data/jpa/domain/support/AuditingBeanFactoryPostProcessor.class]
2016-04-27 17:58:10.865 TRACE 37359 --- [    Test worker] ssPathScanningCandidateComponentProvider : Ignored because not matching any filter: URL [jar:file:/Users/yjayaraman/.gradle/caches/modules-2/files-2.1/org.springframework.data/spring-data-jpa/1.9.0.RELEASE/54eb2e41ceba320dcbd67c19e8a50cb9af4160a5/spring-data-jpa-1.9.0.RELEASE.jar!/org/springframework/data/jpa/domain/support/AuditingBeanFactoryPostProcessor.class]
2016-04-27 17:58:10.865 TRACE 37359 --- [    Test worker] ssPathScanningCandidateComponentProvider : Scanning URL [jar:file:/Users/yjayaraman/.gradle/caches/modules-2/files-2.1/org.springframework.data/spring-data-jpa/1.9.0.RELEASE/54eb2e41ceba320dcbd67c19e8a50cb9af4160a5/spring-data-jpa-1.9.0.RELEASE.jar!/org/springframework/data/jpa/domain/support/AuditingEntityListener.class]
2016-04-27 17:58:10.866 TRACE 37359 --- [    Test worker] ssPathScanningCandidateComponentProvider : Ignored because not matching any filter: URL [jar:file:/Users/yjayaraman/.gradle/caches/modules-2/files-2.1/org.springframework.data/spring-data-jpa/1.9.0.RELEASE/54eb2e41ceba320dcbd67c19e8a50cb9af4160a5/spring-data-jpa-1.9.0.RELEASE.jar!/org/springframework/data/jpa/domain/support/AuditingEntityListener.class]
2016-04-27 17:58:10.866 TRACE 37359 --- [    Test worker] ssPathScanningCandidateComponentProvider : Scanning URL [jar:file:/Users/yjayaraman/.gradle/caches/modules-2/files-2.1/org.springframework.data/spring-data-jpa/1.9.0.RELEASE/54eb2e41ceba320dcbd67c19e8a50cb9af4160a5/spring-data-jpa-1.9.0.RELEASE.jar!/org/springframework/data/jpa/domain/Specifications$1.class]
2016-04-27 17:58:10.866 TRACE 37359 --- [    Test worker] ssPathScanningCandidateComponentProvider : Ignored because not matching any filter: URL [jar:file:/Users/yjayaraman/.gradle/caches/modules-2/files-2.1/org.springframework.data/spring-data-jpa/1.9.0.RELEASE/54eb2e41ceba320dcbd67c19e8a50cb9af4160a5/spring-data-jpa-1.9.0.RELEASE.jar!/org/springframework/data/jpa/domain/Specifications$1.class]
2016-04-27 17:58:10.866 TRACE 37359 --- [    Test worker] ssPathScanningCandidateComponentProvider : Scanning URL [jar:file:/Users/yjayaraman/.gradle/caches/modules-2/files-2.1/org.springframework.data/spring-data-jpa/1.9.0.RELEASE/54eb2e41ceba320dcbd67c19e8a50cb9af4160a5/spring-data-jpa-1.9.0.RELEASE.jar!/org/springframework/data/jpa/domain/JpaSort$Path.class]
2016-04-27 17:58:10.866 TRACE 37359 --- [    Test worker] ssPathScanningCandidateComponentProvider : Ignored because not matching any filter: URL [jar:file:/Users/yjayaraman/.gradle/caches/modules-2/files-2.1/org.springframework.data/spring-data-jpa/1.9.0.RELEASE/54eb2e41ceba320dcbd67c19e8a50cb9af4160a5/spring-data-jpa-1.9.0.RELEASE.jar!/org/springframework/data/jpa/domain/JpaSort$Path.class]
2016-04-27 17:58:10.866 TRACE 37359 --- [    Test worker] ssPathScanningCandidateComponentProvider : Scanning URL [jar:file:/Users/yjayaraman/.gradle/caches/modules-2/files-2.1/org.springframework.data/spring-data-jpa/1.9.0.RELEASE/54eb2e41ceba320dcbd67c19e8a50cb9af4160a5/spring-data-jpa-1.9.0.RELEASE.jar!/org/springframework/data/jpa/domain/AbstractPersistable.class]
2016-04-27 17:58:10.867 TRACE 37359 --- [    Test worker] ssPathScanningCandidateComponentProvider : Ignored because not matching any filter: URL [jar:file:/Users/yjayaraman/.gradle/caches/modules-2/files-2.1/org.springframework.data/spring-data-jpa/1.9.0.RELEASE/54eb2e41ceba320dcbd67c19e8a50cb9af4160a5/spring-data-jpa-1.9.0.RELEASE.jar!/org/springframework/data/jpa/domain/AbstractPersistable.class]
2016-04-27 17:58:10.867 TRACE 37359 --- [    Test worker] ssPathScanningCandidateComponentProvider : Scanning URL [jar:file:/Users/yjayaraman/.gradle/caches/modules-2/files-2.1/org.springframework.data/spring-data-jpa/1.9.0.RELEASE/54eb2e41ceba320dcbd67c19e8a50cb9af4160a5/spring-data-jpa-1.9.0.RELEASE.jar!/org/springframework/data/jpa/domain/Specifications$NegatedSpecification.class]
2016-04-27 17:58:10.867 TRACE 37359 --- [    Test worker] ssPathScanningCandidateComponentProvider : Ignored because not matching any filter: URL [jar:file:/Users/yjayaraman/.gradle/caches/modules-2/files-2.1/org.springframework.data/spring-data-jpa/1.9.0.RELEASE/54eb2e41ceba320dcbd67c19e8a50cb9af4160a5/spring-data-jpa-1.9.0.RELEASE.jar!/org/springframework/data/jpa/domain/Specifications$NegatedSpecification.class]
2016-04-27 17:58:10.867 TRACE 37359 --- [    Test worker] ssPathScanningCandidateComponentProvider : Scanning URL [jar:file:/Users/yjayaraman/.gradle/caches/modules-2/files-2.1/org.springframework.data/spring-data-jpa/1.9.0.RELEASE/54eb2e41ceba320dcbd67c19e8a50cb9af4160a5/spring-data-jpa-1.9.0.RELEASE.jar!/org/springframework/data/jpa/domain/AbstractPersistable_.class]
2016-04-27 17:58:10.867 TRACE 37359 --- [    Test worker] ssPathScanningCandidateComponentProvider : Ignored because not matching any filter: URL [jar:file:/Users/yjayaraman/.gradle/caches/modules-2/files-2.1/org.springframework.data/spring-data-jpa/1.9.0.RELEASE/54eb2e41ceba320dcbd67c19e8a50cb9af4160a5/spring-data-jpa-1.9.0.RELEASE.jar!/org/springframework/data/jpa/domain/AbstractPersistable_.class]
2016-04-27 17:58:10.867 TRACE 37359 --- [    Test worker] ssPathScanningCandidateComponentProvider : Scanning URL [jar:file:/Users/yjayaraman/.gradle/caches/modules-2/files-2.1/org.springframework.data/spring-data-jpa/1.9.0.RELEASE/54eb2e41ceba320dcbd67c19e8a50cb9af4160a5/spring-data-jpa-1.9.0.RELEASE.jar!/org/springframework/data/jpa/provider/PersistenceProvider$4.class]
2016-04-27 17:58:10.867 TRACE 37359 --- [    Test worker] ssPathScanningCandidateComponentProvider : Ignored because not matching any filter: URL [jar:file:/Users/yjayaraman/.gradle/caches/modules-2/files-2.1/org.springframework.data/spring-data-jpa/1.9.0.RELEASE/54eb2e41ceba320dcbd67c19e8a50cb9af4160a5/spring-data-jpa-1.9.0.RELEASE.jar!/org/springframework/data/jpa/provider/PersistenceProvider$4.class]
2016-04-27 17:58:10.867 TRACE 37359 --- [    Test worker] ssPathScanningCandidateComponentProvider : Scanning URL [jar:file:/Users/yjayaraman/.gradle/caches/modules-2/files-2.1/org.springframework.data/spring-data-jpa/1.9.0.RELEASE/54eb2e41ceba320dcbd67c19e8a50cb9af4160a5/spring-data-jpa-1.9.0.RELEASE.jar!/org/springframework/data/jpa/provider/PersistenceProvider$EclipseLinkScrollableResultsIterator.class]
2016-04-27 17:58:10.867 TRACE 37359 --- [    Test worker] ssPathScanningCandidateComponentProvider : Ignored because not matching any filter: URL [jar:file:/Users/yjayaraman/.gradle/caches/modules-2/files-2.1/org.springframework.data/spring-data-jpa/1.9.0.RELEASE/54eb2e41ceba320dcbd67c19e8a50cb9af4160a5/spring-data-jpa-1.9.0.RELEASE.jar!/org/springframework/data/jpa/provider/PersistenceProvider$EclipseLinkScrollableResultsIterator.class]
2016-04-27 17:58:10.867 TRACE 37359 --- [    Test worker] ssPathScanningCandidateComponentProvider : Scanning URL [jar:file:/Users/yjayaraman/.gradle/caches/modules-2/files-2.1/org.springframework.data/spring-data-jpa/1.9.0.RELEASE/54eb2e41ceba320dcbd67c19e8a50cb9af4160a5/spring-data-jpa-1.9.0.RELEASE.jar!/org/springframework/data/jpa/provider/PersistenceProvider$3.class]
2016-04-27 17:58:10.867 TRACE 37359 --- [    Test worker] ssPathScanningCandidateComponentProvider : Ignored because not matching any filter: URL [jar:file:/Users/yjayaraman/.gradle/caches/modules-2/files-2.1/org.springframework.data/spring-data-jpa/1.9.0.RELEASE/54eb2e41ceba320dcbd67c19e8a50cb9af4160a5/spring-data-jpa-1.9.0.RELEASE.jar!/org/springframework/data/jpa/provider/PersistenceProvider$3.class]
2016-04-27 17:58:10.867 TRACE 37359 --- [    Test worker] ssPathScanningCandidateComponentProvider : Scanning URL [jar:file:/Users/yjayaraman/.gradle/caches/modules-2/files-2.1/org.springframework.data/spring-data-jpa/1.9.0.RELEASE/54eb2e41ceba320dcbd67c19e8a50cb9af4160a5/spring-data-jpa-1.9.0.RELEASE.jar!/org/springframework/data/jpa/provider/QueryExtractor.class]
2016-04-27 17:58:10.868 TRACE 37359 --- [    Test worker] ssPathScanningCandidateComponentProvider : Ignored because not matching any filter: URL [jar:file:/Users/yjayaraman/.gradle/caches/modules-2/files-2.1/org.springframework.data/spring-data-jpa/1.9.0.RELEASE/54eb2e41ceba320dcbd67c19e8a50cb9af4160a5/spring-data-jpa-1.9.0.RELEASE.jar!/org/springframework/data/jpa/provider/QueryExtractor.class]
2016-04-27 17:58:10.868 TRACE 37359 --- [    Test worker] ssPathScanningCandidateComponentProvider : Scanning URL [jar:file:/Users/yjayaraman/.gradle/caches/modules-2/files-2.1/org.springframework.data/spring-data-jpa/1.9.0.RELEASE/54eb2e41ceba320dcbd67c19e8a50cb9af4160a5/spring-data-jpa-1.9.0.RELEASE.jar!/org/springframework/data/jpa/provider/PersistenceProvider.class]
2016-04-27 17:58:10.868 TRACE 37359 --- [    Test worker] ssPathScanningCandidateComponentProvider : Ignored because not matching any filter: URL [jar:file:/Users/yjayaraman/.gradle/caches/modules-2/files-2.1/org.springframework.data/spring-data-jpa/1.9.0.RELEASE/54eb2e41ceba320dcbd67c19e8a50cb9af4160a5/spring-data-jpa-1.9.0.RELEASE.jar!/org/springframework/data/jpa/provider/PersistenceProvider.class]
2016-04-27 17:58:10.868 TRACE 37359 --- [    Test worker] ssPathScanningCandidateComponentProvider : Scanning URL [jar:file:/Users/yjayaraman/.gradle/caches/modules-2/files-2.1/org.springframework.data/spring-data-jpa/1.9.0.RELEASE/54eb2e41ceba320dcbd67c19e8a50cb9af4160a5/spring-data-jpa-1.9.0.RELEASE.jar!/org/springframework/data/jpa/provider/PersistenceProvider$1.class]
2016-04-27 17:58:10.868 TRACE 37359 --- [    Test worker] ssPathScanningCandidateComponentProvider : Ignored because not matching any filter: URL [jar:file:/Users/yjayaraman/.gradle/caches/modules-2/files-2.1/org.springframework.data/spring-data-jpa/1.9.0.RELEASE/54eb2e41ceba320dcbd67c19e8a50cb9af4160a5/spring-data-jpa-1.9.0.RELEASE.jar!/org/springframework/data/jpa/provider/PersistenceProvider$1.class]
2016-04-27 17:58:10.868 TRACE 37359 --- [    Test worker] ssPathScanningCandidateComponentProvider : Scanning URL [jar:file:/Users/yjayaraman/.gradle/caches/modules-2/files-2.1/org.springframework.data/spring-data-jpa/1.9.0.RELEASE/54eb2e41ceba320dcbd67c19e8a50cb9af4160a5/spring-data-jpa-1.9.0.RELEASE.jar!/org/springframework/data/jpa/provider/PersistenceProvider$2.class]
2016-04-27 17:58:10.868 TRACE 37359 --- [    Test worker] ssPathScanningCandidateComponentProvider : Ignored because not matching any filter: URL [jar:file:/Users/yjayaraman/.gradle/caches/modules-2/files-2.1/org.springframework.data/spring-data-jpa/1.9.0.RELEASE/54eb2e41ceba320dcbd67c19e8a50cb9af4160a5/spring-data-jpa-1.9.0.RELEASE.jar!/org/springframework/data/jpa/provider/PersistenceProvider$2.class]
2016-04-27 17:58:10.868 TRACE 37359 --- [    Test worker] ssPathScanningCandidateComponentProvider : Scanning URL [jar:file:/Users/yjayaraman/.gradle/caches/modules-2/files-2.1/org.springframework.data/spring-data-jpa/1.9.0.RELEASE/54eb2e41ceba320dcbd67c19e8a50cb9af4160a5/spring-data-jpa-1.9.0.RELEASE.jar!/org/springframework/data/jpa/provider/JpaClassUtils.class]
2016-04-27 17:58:10.868 TRACE 37359 --- [    Test worker] ssPathScanningCandidateComponentProvider : Ignored because not matching any filter: URL [jar:file:/Users/yjayaraman/.gradle/caches/modules-2/files-2.1/org.springframework.data/spring-data-jpa/1.9.0.RELEASE/54eb2e41ceba320dcbd67c19e8a50cb9af4160a5/spring-data-jpa-1.9.0.RELEASE.jar!/org/springframework/data/jpa/provider/JpaClassUtils.class]
2016-04-27 17:58:10.868 TRACE 37359 --- [    Test worker] ssPathScanningCandidateComponentProvider : Scanning URL [jar:file:/Users/yjayaraman/.gradle/caches/modules-2/files-2.1/org.springframework.data/spring-data-jpa/1.9.0.RELEASE/54eb2e41ceba320dcbd67c19e8a50cb9af4160a5/spring-data-jpa-1.9.0.RELEASE.jar!/org/springframework/data/jpa/provider/PersistenceProvider$HibernateScrollableResultsIterator.class]
2016-04-27 17:58:10.869 TRACE 37359 --- [    Test worker] ssPathScanningCandidateComponentProvider : Ignored because not matching any filter: URL [jar:file:/Users/yjayaraman/.gradle/caches/modules-2/files-2.1/org.springframework.data/spring-data-jpa/1.9.0.RELEASE/54eb2e41ceba320dcbd67c19e8a50cb9af4160a5/spring-data-jpa-1.9.0.RELEASE.jar!/org/springframework/data/jpa/provider/PersistenceProvider$HibernateScrollableResultsIterator.class]
2016-04-27 17:58:10.869 TRACE 37359 --- [    Test worker] ssPathScanningCandidateComponentProvider : Scanning URL [jar:file:/Users/yjayaraman/.gradle/caches/modules-2/files-2.1/org.springframework.data/spring-data-jpa/1.9.0.RELEASE/54eb2e41ceba320dcbd67c19e8a50cb9af4160a5/spring-data-jpa-1.9.0.RELEASE.jar!/org/springframework/data/jpa/provider/PersistenceProvider$OpenJpaResultStreamingIterator.class]
2016-04-27 17:58:10.869 TRACE 37359 --- [    Test worker] ssPathScanningCandidateComponentProvider : Ignored because not matching any filter: URL [jar:file:/Users/yjayaraman/.gradle/caches/modules-2/files-2.1/org.springframework.data/spring-data-jpa/1.9.0.RELEASE/54eb2e41ceba320dcbd67c19e8a50cb9af4160a5/spring-data-jpa-1.9.0.RELEASE.jar!/org/springframework/data/jpa/provider/PersistenceProvider$OpenJpaResultStreamingIterator.class]
2016-04-27 17:58:10.869 TRACE 37359 --- [    Test worker] ssPathScanningCandidateComponentProvider : Scanning URL [jar:file:/Users/yjayaraman/.gradle/caches/modules-2/files-2.1/org.springframework.data/spring-data-jpa/1.9.0.RELEASE/54eb2e41ceba320dcbd67c19e8a50cb9af4160a5/spring-data-jpa-1.9.0.RELEASE.jar!/org/springframework/data/jpa/provider/PersistenceProvider$Constants.class]
2016-04-27 17:58:10.869 TRACE 37359 --- [    Test worker] ssPathScanningCandidateComponentProvider : Ignored because not matching any filter: URL [jar:file:/Users/yjayaraman/.gradle/caches/modules-2/files-2.1/org.springframework.data/spring-data-jpa/1.9.0.RELEASE/54eb2e41ceba320dcbd67c19e8a50cb9af4160a5/spring-data-jpa-1.9.0.RELEASE.jar!/org/springframework/data/jpa/provider/PersistenceProvider$Constants.class]
2016-04-27 17:58:10.869 TRACE 37359 --- [    Test worker] ssPathScanningCandidateComponentProvider : Scanning URL [jar:file:/Users/yjayaraman/.gradle/caches/modules-2/files-2.1/org.springframework.data/spring-data-jpa/1.9.0.RELEASE/54eb2e41ceba320dcbd67c19e8a50cb9af4160a5/spring-data-jpa-1.9.0.RELEASE.jar!/org/springframework/data/jpa/provider/ProxyIdAccessor.class]
2016-04-27 17:58:10.869 TRACE 37359 --- [    Test worker] ssPathScanningCandidateComponentProvider : Ignored because not matching any filter: URL [jar:file:/Users/yjayaraman/.gradle/caches/modules-2/files-2.1/org.springframework.data/spring-data-jpa/1.9.0.RELEASE/54eb2e41ceba320dcbd67c19e8a50cb9af4160a5/spring-data-jpa-1.9.0.RELEASE.jar!/org/springframework/data/jpa/provider/ProxyIdAccessor.class]
2016-04-27 17:58:10.869 TRACE 37359 --- [    Test worker] ssPathScanningCandidateComponentProvider : Scanning URL [jar:file:/Users/yjayaraman/.gradle/caches/modules-2/files-2.1/org.springframework.data/spring-data-jpa/1.9.0.RELEASE/54eb2e41ceba320dcbd67c19e8a50cb9af4160a5/spring-data-jpa-1.9.0.RELEASE.jar!/org/springframework/data/jpa/support/ClasspathScanningPersistenceUnitPostProcessor.class]
2016-04-27 17:58:10.869 TRACE 37359 --- [    Test worker] ssPathScanningCandidateComponentProvider : Ignored because not matching any filter: URL [jar:file:/Users/yjayaraman/.gradle/caches/modules-2/files-2.1/org.springframework.data/spring-data-jpa/1.9.0.RELEASE/54eb2e41ceba320dcbd67c19e8a50cb9af4160a5/spring-data-jpa-1.9.0.RELEASE.jar!/org/springframework/data/jpa/support/ClasspathScanningPersistenceUnitPostProcessor.class]
2016-04-27 17:58:10.869 TRACE 37359 --- [    Test worker] ssPathScanningCandidateComponentProvider : Scanning URL [jar:file:/Users/yjayaraman/.gradle/caches/modules-2/files-2.1/org.springframework.data/spring-data-jpa/1.9.0.RELEASE/54eb2e41ceba320dcbd67c19e8a50cb9af4160a5/spring-data-jpa-1.9.0.RELEASE.jar!/org/springframework/data/jpa/support/MergingPersistenceUnitManager.class]
2016-04-27 17:58:10.869 TRACE 37359 --- [    Test worker] ssPathScanningCandidateComponentProvider : Ignored because not matching any filter: URL [jar:file:/Users/yjayaraman/.gradle/caches/modules-2/files-2.1/org.springframework.data/spring-data-jpa/1.9.0.RELEASE/54eb2e41ceba320dcbd67c19e8a50cb9af4160a5/spring-data-jpa-1.9.0.RELEASE.jar!/org/springframework/data/jpa/support/MergingPersistenceUnitManager.class]
2016-04-27 17:58:10.869 TRACE 37359 --- [    Test worker] ssPathScanningCandidateComponentProvider : Scanning URL [jar:file:/Users/yjayaraman/.gradle/caches/modules-2/files-2.1/org.springframework.data/spring-data-rest-core/2.4.0.RELEASE/523750a61feff856001699359e6375f9253b469a/spring-data-rest-core-2.4.0.RELEASE.jar!/org/springframework/data/rest/core/mapping/ResourceMapping.class]
2016-04-27 17:58:10.870 TRACE 37359 --- [    Test worker] ssPathScanningCandidateComponentProvider : Ignored because not matching any filter: URL [jar:file:/Users/yjayaraman/.gradle/caches/modules-2/files-2.1/org.springframework.data/spring-data-rest-core/2.4.0.RELEASE/523750a61feff856001699359e6375f9253b469a/spring-data-rest-core-2.4.0.RELEASE.jar!/org/springframework/data/rest/core/mapping/ResourceMapping.class]
2016-04-27 17:58:10.870 TRACE 37359 --- [    Test worker] ssPathScanningCandidateComponentProvider : Scanning URL [jar:file:/Users/yjayaraman/.gradle/caches/modules-2/files-2.1/org.springframework.data/spring-data-rest-core/2.4.0.RELEASE/523750a61feff856001699359e6375f9253b469a/spring-data-rest-core-2.4.0.RELEASE.jar!/org/springframework/data/rest/core/mapping/ResolvableResourceDescriptionSupport.class]
2016-04-27 17:58:10.870 TRACE 37359 --- [    Test worker] ssPathScanningCandidateComponentProvider : Ignored because not matching any filter: URL [jar:file:/Users/yjayaraman/.gradle/caches/modules-2/files-2.1/org.springframework.data/spring-data-rest-core/2.4.0.RELEASE/523750a61feff856001699359e6375f9253b469a/spring-data-rest-core-2.4.0.RELEASE.jar!/org/springframework/data/rest/core/mapping/ResolvableResourceDescriptionSupport.class]
2016-04-27 17:58:10.870 TRACE 37359 --- [    Test worker] ssPathScanningCandidateComponentProvider : Scanning URL [jar:file:/Users/yjayaraman/.gradle/caches/modules-2/files-2.1/org.springframework.data/spring-data-rest-core/2.4.0.RELEASE/523750a61feff856001699359e6375f9253b469a/spring-data-rest-core-2.4.0.RELEASE.jar!/org/springframework/data/rest/core/mapping/ResourceType.class]
2016-04-27 17:58:10.870 TRACE 37359 --- [    Test worker] ssPathScanningCandidateComponentProvider : Ignored because not matching any filter: URL [jar:file:/Users/yjayaraman/.gradle/caches/modules-2/files-2.1/org.springframework.data/spring-data-rest-core/2.4.0.RELEASE/523750a61feff856001699359e6375f9253b469a/spring-data-rest-core-2.4.0.RELEASE.jar!/org/springframework/data/rest/core/mapping/ResourceType.class]
2016-04-27 17:58:10.870 TRACE 37359 --- [    Test worker] ssPathScanningCandidateComponentProvider : Scanning URL [jar:file:/Users/yjayaraman/.gradle/caches/modules-2/files-2.1/org.springframework.data/spring-data-rest-core/2.4.0.RELEASE/523750a61feff856001699359e6375f9253b469a/spring-data-rest-core-2.4.0.RELEASE.jar!/org/springframework/data/rest/core/mapping/TypedResourceDescription.class]
2016-04-27 17:58:10.870 TRACE 37359 --- [    Test worker] ssPathScanningCandidateComponentProvider : Ignored because not matching any filter: URL [jar:file:/Users/yjayaraman/.gradle/caches/modules-2/files-2.1/org.springframework.data/spring-data-rest-core/2.4.0.RELEASE/523750a61feff856001699359e6375f9253b469a/spring-data-rest-core-2.4.0.RELEASE.jar!/org/springframework/data/rest/core/mapping/TypedResourceDescription.class]
2016-04-27 17:58:10.870 TRACE 37359 --- [    Test worker] ssPathScanningCandidateComponentProvider : Scanning URL [jar:file:/Users/yjayaraman/.gradle/caches/modules-2/files-2.1/org.springframework.data/spring-data-rest-core/2.4.0.RELEASE/523750a61feff856001699359e6375f9253b469a/spring-data-rest-core-2.4.0.RELEASE.jar!/org/springframework/data/rest/core/mapping/AnnotationBasedResourceDescription.class]
2016-04-27 17:58:10.870 TRACE 37359 --- [    Test worker] ssPathScanningCandidateComponentProvider : Ignored because not matching any filter: URL [jar:file:/Users/yjayaraman/.gradle/caches/modules-2/files-2.1/org.springframework.data/spring-data-rest-core/2.4.0.RELEASE/523750a61feff856001699359e6375f9253b469a/spring-data-rest-core-2.4.0.RELEASE.jar!/org/springframework/data/rest/core/mapping/AnnotationBasedResourceDescription.class]
2016-04-27 17:58:10.870 TRACE 37359 --- [    Test worker] ssPathScanningCandidateComponentProvider : Scanning URL [jar:file:/Users/yjayaraman/.gradle/caches/modules-2/files-2.1/org.springframework.data/spring-data-rest-core/2.4.0.RELEASE/523750a61feff856001699359e6375f9253b469a/spring-data-rest-core-2.4.0.RELEASE.jar!/org/springframework/data/rest/core/mapping/CrudMethodsSupportedHttpMethods$ExposureAwareCrudMethods.class]
2016-04-27 17:58:10.870 TRACE 37359 --- [    Test worker] ssPathScanningCandidateComponentProvider : Ignored because not matching any filter: URL [jar:file:/Users/yjayaraman/.gradle/caches/modules-2/files-2.1/org.springframework.data/spring-data-rest-core/2.4.0.RELEASE/523750a61feff856001699359e6375f9253b469a/spring-data-rest-core-2.4.0.RELEASE.jar!/org/springframework/data/rest/core/mapping/CrudMethodsSupportedHttpMethods$ExposureAwareCrudMethods.class]
2016-04-27 17:58:10.870 TRACE 37359 --- [    Test worker] ssPathScanningCandidateComponentProvider : Scanning URL [jar:file:/Users/yjayaraman/.gradle/caches/modules-2/files-2.1/org.springframework.data/spring-data-rest-core/2.4.0.RELEASE/523750a61feff856001699359e6375f9253b469a/spring-data-rest-core-2.4.0.RELEASE.jar!/org/springframework/data/rest/core/mapping/ParameterMetadata.class]
2016-04-27 17:58:10.870 TRACE 37359 --- [    Test worker] ssPathScanningCandidateComponentProvider : Ignored because not matching any filter: URL [jar:file:/Users/yjayaraman/.gradle/caches/modules-2/files-2.1/org.springframework.data/spring-data-rest-core/2.4.0.RELEASE/523750a61feff856001699359e6375f9253b469a/spring-data-rest-core-2.4.0.RELEASE.jar!/org/springframework/data/rest/core/mapping/ParameterMetadata.class]
2016-04-27 17:58:10.870 TRACE 37359 --- [    Test worker] ssPathScanningCandidateComponentProvider : Scanning URL [jar:file:/Users/yjayaraman/.gradle/caches/modules-2/files-2.1/org.springframework.data/spring-data-rest-core/2.4.0.RELEASE/523750a61feff856001699359e6375f9253b469a/spring-data-rest-core-2.4.0.RELEASE.jar!/org/springframework/data/rest/core/mapping/SupportedHttpMethods.class]
2016-04-27 17:58:10.871 TRACE 37359 --- [    Test worker] ssPathScanningCandidateComponentProvider : Ignored because not matching any filter: URL [jar:file:/Users/yjayaraman/.gradle/caches/modules-2/files-2.1/org.springframework.data/spring-data-rest-core/2.4.0.RELEASE/523750a61feff856001699359e6375f9253b469a/spring-data-rest-core-2.4.0.RELEASE.jar!/org/springframework/data/rest/core/mapping/SupportedHttpMethods.class]
2016-04-27 17:58:10.871 TRACE 37359 --- [    Test worker] ssPathScanningCandidateComponentProvider : Scanning URL [jar:file:/Users/yjayaraman/.gradle/caches/modules-2/files-2.1/org.springframework.data/spring-data-rest-core/2.4.0.RELEASE/523750a61feff856001699359e6375f9253b469a/spring-data-rest-core-2.4.0.RELEASE.jar!/org/springframework/data/rest/core/mapping/RepositoryAwareResourceMetadata.class]
2016-04-27 17:58:10.871 TRACE 37359 --- [    Test worker] ssPathScanningCandidateComponentProvider : Ignored because not matching any filter: URL [jar:file:/Users/yjayaraman/.gradle/caches/modules-2/files-2.1/org.springframework.data/spring-data-rest-core/2.4.0.RELEASE/523750a61feff856001699359e6375f9253b469a/spring-data-rest-core-2.4.0.RELEASE.jar!/org/springframework/data/rest/core/mapping/RepositoryAwareResourceMetadata.class]
2016-04-27 17:58:10.871 TRACE 37359 --- [    Test worker] ssPathScanningCandidateComponentProvider : Scanning URL [jar:file:/Users/yjayaraman/.gradle/caches/modules-2/files-2.1/org.springframework.data/spring-data-rest-core/2.4.0.RELEASE/523750a61feff856001699359e6375f9253b469a/spring-data-rest-core-2.4.0.RELEASE.jar!/org/springframework/data/rest/core/mapping/RepositoryMethodResourceMapping.class]
2016-04-27 17:58:10.871 TRACE 37359 --- [    Test worker] ssPathScanningCandidateComponentProvider : Ignored because not matching any filter: URL [jar:file:/Users/yjayaraman/.gradle/caches/modules-2/files-2.1/org.springframework.data/spring-data-rest-core/2.4.0.RELEASE/523750a61feff856001699359e6375f9253b469a/spring-data-rest-core-2.4.0.RELEASE.jar!/org/springframework/data/rest/core/mapping/RepositoryMethodResourceMapping.class]
2016-04-27 17:58:10.871 TRACE 37359 --- [    Test worker] ssPathScanningCandidateComponentProvider : Scanning URL [jar:file:/Users/yjayaraman/.gradle/caches/modules-2/files-2.1/org.springframework.data/spring-data-rest-core/2.4.0.RELEASE/523750a61feff856001699359e6375f9253b469a/spring-data-rest-core-2.4.0.RELEASE.jar!/org/springframework/data/rest/core/mapping/CrudMethodsSupportedHttpMethods$1.class]
2016-04-27 17:58:10.871 TRACE 37359 --- [    Test worker] ssPathScanningCandidateComponentProvider : Ignored because not matching any filter: URL [jar:file:/Users/yjayaraman/.gradle/caches/modules-2/files-2.1/org.springframework.data/spring-data-rest-core/2.4.0.RELEASE/523750a61feff856001699359e6375f9253b469a/spring-data-rest-core-2.4.0.RELEASE.jar!/org/springframework/data/rest/core/mapping/CrudMethodsSupportedHttpMethods$1.class]
2016-04-27 17:58:10.871 TRACE 37359 --- [    Test worker] ssPathScanningCandidateComponentProvider : Scanning URL [jar:file:/Users/yjayaraman/.gradle/caches/modules-2/files-2.1/org.springframework.data/spring-data-rest-core/2.4.0.RELEASE/523750a61feff856001699359e6375f9253b469a/spring-data-rest-core-2.4.0.RELEASE.jar!/org/springframework/data/rest/core/mapping/RepositoryCollectionResourceMapping.class]
2016-04-27 17:58:10.871 TRACE 37359 --- [    Test worker] ssPathScanningCandidateComponentProvider : Ignored because not matching any filter: URL [jar:file:/Users/yjayaraman/.gradle/caches/modules-2/files-2.1/org.springframework.data/spring-data-rest-core/2.4.0.RELEASE/523750a61feff856001699359e6375f9253b469a/spring-data-rest-core-2.4.0.RELEASE.jar!/org/springframework/data/rest/core/mapping/RepositoryCollectionResourceMapping.class]
2016-04-27 17:58:10.871 TRACE 37359 --- [    Test worker] ssPathScanningCandidateComponentProvider : Scanning URL [jar:file:/Users/yjayaraman/.gradle/caches/modules-2/files-2.1/org.springframework.data/spring-data-rest-core/2.4.0.RELEASE/523750a61feff856001699359e6375f9253b469a/spring-data-rest-core-2.4.0.RELEASE.jar!/org/springframework/data/rest/core/mapping/MappingResourceMetadata.class]
2016-04-27 17:58:10.872 TRACE 37359 --- [    Test worker] ssPathScanningCandidateComponentProvider : Ignored because not matching any filter: URL [jar:file:/Users/yjayaraman/.gradle/caches/modules-2/files-2.1/org.springframework.data/spring-data-rest-core/2.4.0.RELEASE/523750a61feff856001699359e6375f9253b469a/spring-data-rest-core-2.4.0.RELEASE.jar!/org/springframework/data/rest/core/mapping/MappingResourceMetadata.class]
2016-04-27 17:58:10.872 TRACE 37359 --- [    Test worker] ssPathScanningCandidateComponentProvider : Scanning URL [jar:file:/Users/yjayaraman/.gradle/caches/modules-2/files-2.1/org.springframework.data/spring-data-rest-core/2.4.0.RELEASE/523750a61feff856001699359e6375f9253b469a/spring-data-rest-core-2.4.0.RELEASE.jar!/org/springframework/data/rest/core/mapping/ResourceMetadata.class]
2016-04-27 17:58:10.872 TRACE 37359 --- [    Test worker] ssPathScanningCandidateComponentProvider : Ignored because not matching any filter: URL [jar:file:/Users/yjayaraman/.gradle/caches/modules-2/files-2.1/org.springframework.data/spring-data-rest-core/2.4.0.RELEASE/523750a61feff856001699359e6375f9253b469a/spring-data-rest-core-2.4.0.RELEASE.jar!/org/springframework/data/rest/core/mapping/ResourceMetadata.class]
2016-04-27 17:58:10.872 TRACE 37359 --- [    Test worker] ssPathScanningCandidateComponentProvider : Scanning URL [jar:file:/Users/yjayaraman/.gradle/caches/modules-2/files-2.1/org.springframework.data/spring-data-rest-core/2.4.0.RELEASE/523750a61feff856001699359e6375f9253b469a/spring-data-rest-core-2.4.0.RELEASE.jar!/org/springframework/data/rest/core/mapping/ResourceMappings.class]
2016-04-27 17:58:10.872 TRACE 37359 --- [    Test worker] ssPathScanningCandidateComponentProvider : Ignored because not matching any filter: URL [jar:file:/Users/yjayaraman/.gradle/caches/modules-2/files-2.1/org.springframework.data/spring-data-rest-core/2.4.0.RELEASE/523750a61feff856001699359e6375f9253b469a/spring-data-rest-core-2.4.0.RELEASE.jar!/org/springframework/data/rest/core/mapping/ResourceMappings.class]
2016-04-27 17:58:10.872 TRACE 37359 --- [    Test worker] ssPathScanningCandidateComponentProvider : Scanning URL [jar:file:/Users/yjayaraman/.gradle/caches/modules-2/files-2.1/org.springframework.data/spring-data-rest-core/2.4.0.RELEASE/523750a61feff856001699359e6375f9253b469a/spring-data-rest-core-2.4.0.RELEASE.jar!/org/springframework/data/rest/core/mapping/MappingResourceMetadata$PropertyMappings.class]
2016-04-27 17:58:10.872 TRACE 37359 --- [    Test worker] ssPathScanningCandidateComponentProvider : Ignored because not matching any filter: URL [jar:file:/Users/yjayaraman/.gradle/caches/modules-2/files-2.1/org.springframework.data/spring-data-rest-core/2.4.0.RELEASE/523750a61feff856001699359e6375f9253b469a/spring-data-rest-core-2.4.0.RELEASE.jar!/org/springframework/data/rest/core/mapping/MappingResourceMetadata$PropertyMappings.class]
2016-04-27 17:58:10.872 TRACE 37359 --- [    Test worker] ssPathScanningCandidateComponentProvider : Scanning URL [jar:file:/Users/yjayaraman/.gradle/caches/modules-2/files-2.1/org.springframework.data/spring-data-rest-core/2.4.0.RELEASE/523750a61feff856001699359e6375f9253b469a/spring-data-rest-core-2.4.0.RELEASE.jar!/org/springframework/data/rest/core/mapping/PersistentPropertyResourceMapping.class]
2016-04-27 17:58:10.872 TRACE 37359 --- [    Test worker] ssPathScanningCandidateComponentProvider : Ignored because not matching any filter: URL [jar:file:/Users/yjayaraman/.gradle/caches/modules-2/files-2.1/org.springframework.data/spring-data-rest-core/2.4.0.RELEASE/523750a61feff856001699359e6375f9253b469a/spring-data-rest-core-2.4.0.RELEASE.jar!/org/springframework/data/rest/core/mapping/PersistentPropertyResourceMapping.class]
2016-04-27 17:58:10.872 TRACE 37359 --- [    Test worker] ssPathScanningCandidateComponentProvider : Scanning URL [jar:file:/Users/yjayaraman/.gradle/caches/modules-2/files-2.1/org.springframework.data/spring-data-rest-core/2.4.0.RELEASE/523750a61feff856001699359e6375f9253b469a/spring-data-rest-core-2.4.0.RELEASE.jar!/org/springframework/data/rest/core/mapping/MethodResourceMapping.class]
2016-04-27 17:58:10.872 TRACE 37359 --- [    Test worker] ssPathScanningCandidateComponentProvider : Ignored because not matching any filter: URL [jar:file:/Users/yjayaraman/.gradle/caches/modules-2/files-2.1/org.springframework.data/spring-data-rest-core/2.4.0.RELEASE/523750a61feff856001699359e6375f9253b469a/spring-data-rest-core-2.4.0.RELEASE.jar!/org/springframework/data/rest/core/mapping/MethodResourceMapping.class]
2016-04-27 17:58:10.873 TRACE 37359 --- [    Test worker] ssPathScanningCandidateComponentProvider : Scanning URL [jar:file:/Users/yjayaraman/.gradle/caches/modules-2/files-2.1/org.springframework.data/spring-data-rest-core/2.4.0.RELEASE/523750a61feff856001699359e6375f9253b469a/spring-data-rest-core-2.4.0.RELEASE.jar!/org/springframework/data/rest/core/mapping/CollectionResourceMapping.class]
2016-04-27 17:58:10.873 TRACE 37359 --- [    Test worker] ssPathScanningCandidateComponentProvider : Ignored because not matching any filter: URL [jar:file:/Users/yjayaraman/.gradle/caches/modules-2/files-2.1/org.springframework.data/spring-data-rest-core/2.4.0.RELEASE/523750a61feff856001699359e6375f9253b469a/spring-data-rest-core-2.4.0.RELEASE.jar!/org/springframework/data/rest/core/mapping/CollectionResourceMapping.class]
2016-04-27 17:58:10.873 TRACE 37359 --- [    Test worker] ssPathScanningCandidateComponentProvider : Scanning URL [jar:file:/Users/yjayaraman/.gradle/caches/modules-2/files-2.1/org.springframework.data/spring-data-rest-core/2.4.0.RELEASE/523750a61feff856001699359e6375f9253b469a/spring-data-rest-core-2.4.0.RELEASE.jar!/org/springframework/data/rest/core/mapping/CrudMethodsSupportedHttpMethods.class]
2016-04-27 17:58:10.873 TRACE 37359 --- [    Test worker] ssPathScanningCandidateComponentProvider : Ignored because not matching any filter: URL [jar:file:/Users/yjayaraman/.gradle/caches/modules-2/files-2.1/org.springframework.data/spring-data-rest-core/2.4.0.RELEASE/523750a61feff856001699359e6375f9253b469a/spring-data-rest-core-2.4.0.RELEASE.jar!/org/springframework/data/rest/core/mapping/CrudMethodsSupportedHttpMethods.class]
2016-04-27 17:58:10.873 TRACE 37359 --- [    Test worker] ssPathScanningCandidateComponentProvider : Scanning URL [jar:file:/Users/yjayaraman/.gradle/caches/modules-2/files-2.1/org.springframework.data/spring-data-rest-core/2.4.0.RELEASE/523750a61feff856001699359e6375f9253b469a/spring-data-rest-core-2.4.0.RELEASE.jar!/org/springframework/data/rest/core/mapping/TypeBasedCollectionResourceMapping.class]
2016-04-27 17:58:10.873 TRACE 37359 --- [    Test worker] ssPathScanningCandidateComponentProvider : Ignored because not matching any filter: URL [jar:file:/Users/yjayaraman/.gradle/caches/modules-2/files-2.1/org.springframework.data/spring-data-rest-core/2.4.0.RELEASE/523750a61feff856001699359e6375f9253b469a/spring-data-rest-core-2.4.0.RELEASE.jar!/org/springframework/data/rest/core/mapping/TypeBasedCollectionResourceMapping.class]
2016-04-27 17:58:10.873 TRACE 37359 --- [    Test worker] ssPathScanningCandidateComponentProvider : Scanning URL [jar:file:/Users/yjayaraman/.gradle/caches/modules-2/files-2.1/org.springframework.data/spring-data-rest-core/2.4.0.RELEASE/523750a61feff856001699359e6375f9253b469a/spring-data-rest-core-2.4.0.RELEASE.jar!/org/springframework/data/rest/core/mapping/ParametersMetadata.class]
2016-04-27 17:58:10.873 TRACE 37359 --- [    Test worker] ssPathScanningCandidateComponentProvider : Ignored because not matching any filter: URL [jar:file:/Users/yjayaraman/.gradle/caches/modules-2/files-2.1/org.springframework.data/spring-data-rest-core/2.4.0.RELEASE/523750a61feff856001699359e6375f9253b469a/spring-data-rest-core-2.4.0.RELEASE.jar!/org/springframework/data/rest/core/mapping/ParametersMetadata.class]
2016-04-27 17:58:10.873 TRACE 37359 --- [    Test worker] ssPathScanningCandidateComponentProvider : Scanning URL [jar:file:/Users/yjayaraman/.gradle/caches/modules-2/files-2.1/org.springframework.data/spring-data-rest-core/2.4.0.RELEASE/523750a61feff856001699359e6375f9253b469a/spring-data-rest-core-2.4.0.RELEASE.jar!/org/springframework/data/rest/core/mapping/ResourceDescription.class]
2016-04-27 17:58:10.873 TRACE 37359 --- [    Test worker] ssPathScanningCandidateComponentProvider : Ignored because not matching any filter: URL [jar:file:/Users/yjayaraman/.gradle/caches/modules-2/files-2.1/org.springframework.data/spring-data-rest-core/2.4.0.RELEASE/523750a61feff856001699359e6375f9253b469a/spring-data-rest-core-2.4.0.RELEASE.jar!/org/springframework/data/rest/core/mapping/ResourceDescription.class]
2016-04-27 17:58:10.873 TRACE 37359 --- [    Test worker] ssPathScanningCandidateComponentProvider : Scanning URL [jar:file:/Users/yjayaraman/.gradle/caches/modules-2/files-2.1/org.springframework.data/spring-data-rest-core/2.4.0.RELEASE/523750a61feff856001699359e6375f9253b469a/spring-data-rest-core-2.4.0.RELEASE.jar!/org/springframework/data/rest/core/mapping/PropertyAwareResourceMapping.class]
2016-04-27 17:58:10.873 TRACE 37359 --- [    Test worker] ssPathScanningCandidateComponentProvider : Ignored because not matching any filter: URL [jar:file:/Users/yjayaraman/.gradle/caches/modules-2/files-2.1/org.springframework.data/spring-data-rest-core/2.4.0.RELEASE/523750a61feff856001699359e6375f9253b469a/spring-data-rest-core-2.4.0.RELEASE.jar!/org/springframework/data/rest/core/mapping/PropertyAwareResourceMapping.class]
2016-04-27 17:58:10.873 TRACE 37359 --- [    Test worker] ssPathScanningCandidateComponentProvider : Scanning URL [jar:file:/Users/yjayaraman/.gradle/caches/modules-2/files-2.1/org.springframework.data/spring-data-rest-core/2.4.0.RELEASE/523750a61feff856001699359e6375f9253b469a/spring-data-rest-core-2.4.0.RELEASE.jar!/org/springframework/data/rest/core/mapping/RepositoryResourceMappings.class]
2016-04-27 17:58:10.874 TRACE 37359 --- [    Test worker] ssPathScanningCandidateComponentProvider : Ignored because not matching any filter: URL [jar:file:/Users/yjayaraman/.gradle/caches/modules-2/files-2.1/org.springframework.data/spring-data-rest-core/2.4.0.RELEASE/523750a61feff856001699359e6375f9253b469a/spring-data-rest-core-2.4.0.RELEASE.jar!/org/springframework/data/rest/core/mapping/RepositoryResourceMappings.class]
2016-04-27 17:58:10.874 TRACE 37359 --- [    Test worker] ssPathScanningCandidateComponentProvider : Scanning URL [jar:file:/Users/yjayaraman/.gradle/caches/modules-2/files-2.1/org.springframework.data/spring-data-rest-core/2.4.0.RELEASE/523750a61feff856001699359e6375f9253b469a/spring-data-rest-core-2.4.0.RELEASE.jar!/org/springframework/data/rest/core/mapping/SupportedHttpMethods$NoSupportedMethods.class]
2016-04-27 17:58:10.874 TRACE 37359 --- [    Test worker] ssPathScanningCandidateComponentProvider : Ignored because not matching any filter: URL [jar:file:/Users/yjayaraman/.gradle/caches/modules-2/files-2.1/org.springframework.data/spring-data-rest-core/2.4.0.RELEASE/523750a61feff856001699359e6375f9253b469a/spring-data-rest-core-2.4.0.RELEASE.jar!/org/springframework/data/rest/core/mapping/SupportedHttpMethods$NoSupportedMethods.class]
2016-04-27 17:58:10.874 TRACE 37359 --- [    Test worker] ssPathScanningCandidateComponentProvider : Scanning URL [jar:file:/Users/yjayaraman/.gradle/caches/modules-2/files-2.1/org.springframework.data/spring-data-rest-core/2.4.0.RELEASE/523750a61feff856001699359e6375f9253b469a/spring-data-rest-core-2.4.0.RELEASE.jar!/org/springframework/data/rest/core/mapping/PersistentEntitiesResourceMappings.class]
2016-04-27 17:58:10.874 TRACE 37359 --- [    Test worker] ssPathScanningCandidateComponentProvider : Ignored because not matching any filter: URL [jar:file:/Users/yjayaraman/.gradle/caches/modules-2/files-2.1/org.springframework.data/spring-data-rest-core/2.4.0.RELEASE/523750a61feff856001699359e6375f9253b469a/spring-data-rest-core-2.4.0.RELEASE.jar!/org/springframework/data/rest/core/mapping/PersistentEntitiesResourceMappings.class]
2016-04-27 17:58:10.874 TRACE 37359 --- [    Test worker] ssPathScanningCandidateComponentProvider : Scanning URL [jar:file:/Users/yjayaraman/.gradle/caches/modules-2/files-2.1/org.springframework.data/spring-data-rest-core/2.4.0.RELEASE/523750a61feff856001699359e6375f9253b469a/spring-data-rest-core-2.4.0.RELEASE.jar!/org/springframework/data/rest/core/mapping/SimpleResourceDescription.class]
2016-04-27 17:58:10.874 TRACE 37359 --- [    Test worker] ssPathScanningCandidateComponentProvider : Ignored because not matching any filter: URL [jar:file:/Users/yjayaraman/.gradle/caches/modules-2/files-2.1/org.springframework.data/spring-data-rest-core/2.4.0.RELEASE/523750a61feff856001699359e6375f9253b469a/spring-data-rest-core-2.4.0.RELEASE.jar!/org/springframework/data/rest/core/mapping/SimpleResourceDescription.class]
2016-04-27 17:58:10.874 TRACE 37359 --- [    Test worker] ssPathScanningCandidateComponentProvider : Scanning URL [jar:file:/Users/yjayaraman/.gradle/caches/modules-2/files-2.1/org.springframework.data/spring-data-rest-core/2.4.0.RELEASE/523750a61feff856001699359e6375f9253b469a/spring-data-rest-core-2.4.0.RELEASE.jar!/org/springframework/data/rest/core/mapping/CrudMethodsSupportedHttpMethods$DefaultExposureAwareCrudMethods.class]
2016-04-27 17:58:10.874 TRACE 37359 --- [    Test worker] ssPathScanningCandidateComponentProvider : Ignored because not matching any filter: URL [jar:file:/Users/yjayaraman/.gradle/caches/modules-2/files-2.1/org.springframework.data/spring-data-rest-core/2.4.0.RELEASE/523750a61feff856001699359e6375f9253b469a/spring-data-rest-core-2.4.0.RELEASE.jar!/org/springframework/data/rest/core/mapping/CrudMethodsSupportedHttpMethods$DefaultExposureAwareCrudMethods.class]
2016-04-27 17:58:10.874 TRACE 37359 --- [    Test worker] ssPathScanningCandidateComponentProvider : Scanning URL [jar:file:/Users/yjayaraman/.gradle/caches/modules-2/files-2.1/org.springframework.data/spring-data-rest-core/2.4.0.RELEASE/523750a61feff856001699359e6375f9253b469a/spring-data-rest-core-2.4.0.RELEASE.jar!/org/springframework/data/rest/core/mapping/EvoInflectorTypeBasedCollectionResourceMapping.class]
2016-04-27 17:58:10.874 TRACE 37359 --- [    Test worker] ssPathScanningCandidateComponentProvider : Ignored because not matching any filter: URL [jar:file:/Users/yjayaraman/.gradle/caches/modules-2/files-2.1/org.springframework.data/spring-data-rest-core/2.4.0.RELEASE/523750a61feff856001699359e6375f9253b469a/spring-data-rest-core-2.4.0.RELEASE.jar!/org/springframework/data/rest/core/mapping/EvoInflectorTypeBasedCollectionResourceMapping.class]
2016-04-27 17:58:10.874 TRACE 37359 --- [    Test worker] ssPathScanningCandidateComponentProvider : Scanning URL [jar:file:/Users/yjayaraman/.gradle/caches/modules-2/files-2.1/org.springframework.data/spring-data-rest-core/2.4.0.RELEASE/523750a61feff856001699359e6375f9253b469a/spring-data-rest-core-2.4.0.RELEASE.jar!/org/springframework/data/rest/core/mapping/SearchResourceMappings.class]
2016-04-27 17:58:10.875 TRACE 37359 --- [    Test worker] ssPathScanningCandidateComponentProvider : Ignored because not matching any filter: URL [jar:file:/Users/yjayaraman/.gradle/caches/modules-2/files-2.1/org.springframework.data/spring-data-rest-core/2.4.0.RELEASE/523750a61feff856001699359e6375f9253b469a/spring-data-rest-core-2.4.0.RELEASE.jar!/org/springframework/data/rest/core/mapping/SearchResourceMappings.class]
2016-04-27 17:58:10.875 TRACE 37359 --- [    Test worker] ssPathScanningCandidateComponentProvider : Scanning URL [jar:file:/Users/yjayaraman/.gradle/caches/modules-2/files-2.1/org.springframework.data/spring-data-rest-core/2.4.0.RELEASE/523750a61feff856001699359e6375f9253b469a/spring-data-rest-core-2.4.0.RELEASE.jar!/org/springframework/data/rest/core/Path.class]
2016-04-27 17:58:10.875 TRACE 37359 --- [    Test worker] ssPathScanningCandidateComponentProvider : Ignored because not matching any filter: URL [jar:file:/Users/yjayaraman/.gradle/caches/modules-2/files-2.1/org.springframework.data/spring-data-rest-core/2.4.0.RELEASE/523750a61feff856001699359e6375f9253b469a/spring-data-rest-core-2.4.0.RELEASE.jar!/org/springframework/data/rest/core/Path.class]
2016-04-27 17:58:10.875 TRACE 37359 --- [    Test worker] ssPathScanningCandidateComponentProvider : Scanning URL [jar:file:/Users/yjayaraman/.gradle/caches/modules-2/files-2.1/org.springframework.data/spring-data-rest-core/2.4.0.RELEASE/523750a61feff856001699359e6375f9253b469a/spring-data-rest-core-2.4.0.RELEASE.jar!/org/springframework/data/rest/core/util/Methods$1.class]
2016-04-27 17:58:10.875 TRACE 37359 --- [    Test worker] ssPathScanningCandidateComponentProvider : Ignored because not matching any filter: URL [jar:file:/Users/yjayaraman/.gradle/caches/modules-2/files-2.1/org.springframework.data/spring-data-rest-core/2.4.0.RELEASE/523750a61feff856001699359e6375f9253b469a/spring-data-rest-core-2.4.0.RELEASE.jar!/org/springframework/data/rest/core/util/Methods$1.class]
2016-04-27 17:58:10.875 TRACE 37359 --- [    Test worker] ssPathScanningCandidateComponentProvider : Scanning URL [jar:file:/Users/yjayaraman/.gradle/caches/modules-2/files-2.1/org.springframework.data/spring-data-rest-core/2.4.0.RELEASE/523750a61feff856001699359e6375f9253b469a/spring-data-rest-core-2.4.0.RELEASE.jar!/org/springframework/data/rest/core/util/Methods.class]
2016-04-27 17:58:10.875 TRACE 37359 --- [    Test worker] ssPathScanningCandidateComponentProvider : Ignored because not matching any filter: URL [jar:file:/Users/yjayaraman/.gradle/caches/modules-2/files-2.1/org.springframework.data/spring-data-rest-core/2.4.0.RELEASE/523750a61feff856001699359e6375f9253b469a/spring-data-rest-core-2.4.0.RELEASE.jar!/org/springframework/data/rest/core/util/Methods.class]
2016-04-27 17:58:10.875 TRACE 37359 --- [    Test worker] ssPathScanningCandidateComponentProvider : Scanning URL [jar:file:/Users/yjayaraman/.gradle/caches/modules-2/files-2.1/org.springframework.data/spring-data-rest-core/2.4.0.RELEASE/523750a61feff856001699359e6375f9253b469a/spring-data-rest-core-2.4.0.RELEASE.jar!/org/springframework/data/rest/core/util/Function.class]
2016-04-27 17:58:10.875 TRACE 37359 --- [    Test worker] ssPathScanningCandidateComponentProvider : Ignored because not matching any filter: URL [jar:file:/Users/yjayaraman/.gradle/caches/modules-2/files-2.1/org.springframework.data/spring-data-rest-core/2.4.0.RELEASE/523750a61feff856001699359e6375f9253b469a/spring-data-rest-core-2.4.0.RELEASE.jar!/org/springframework/data/rest/core/util/Function.class]
2016-04-27 17:58:10.875 TRACE 37359 --- [    Test worker] ssPathScanningCandidateComponentProvider : Scanning URL [jar:file:/Users/yjayaraman/.gradle/caches/modules-2/files-2.1/org.springframework.data/spring-data-rest-core/2.4.0.RELEASE/523750a61feff856001699359e6375f9253b469a/spring-data-rest-core-2.4.0.RELEASE.jar!/org/springframework/data/rest/core/util/MapUtils.class]
2016-04-27 17:58:10.875 TRACE 37359 --- [    Test worker] ssPathScanningCandidateComponentProvider : Ignored because not matching any filter: URL [jar:file:/Users/yjayaraman/.gradle/caches/modules-2/files-2.1/org.springframework.data/spring-data-rest-core/2.4.0.RELEASE/523750a61feff856001699359e6375f9253b469a/spring-data-rest-core-2.4.0.RELEASE.jar!/org/springframework/data/rest/core/util/MapUtils.class]
2016-04-27 17:58:10.875 TRACE 37359 --- [    Test worker] ssPathScanningCandidateComponentProvider : Scanning URL [jar:file:/Users/yjayaraman/.gradle/caches/modules-2/files-2.1/org.springframework.data/spring-data-rest-core/2.4.0.RELEASE/523750a61feff856001699359e6375f9253b469a/spring-data-rest-core-2.4.0.RELEASE.jar!/org/springframework/data/rest/core/annotation/RepositoryRestResource.class]
2016-04-27 17:58:10.875 TRACE 37359 --- [    Test worker] ssPathScanningCandidateComponentProvider : Ignored because not matching any filter: URL [jar:file:/Users/yjayaraman/.gradle/caches/modules-2/files-2.1/org.springframework.data/spring-data-rest-core/2.4.0.RELEASE/523750a61feff856001699359e6375f9253b469a/spring-data-rest-core-2.4.0.RELEASE.jar!/org/springframework/data/rest/core/annotation/RepositoryRestResource.class]
2016-04-27 17:58:10.875 TRACE 37359 --- [    Test worker] ssPathScanningCandidateComponentProvider : Scanning URL [jar:file:/Users/yjayaraman/.gradle/caches/modules-2/files-2.1/org.springframework.data/spring-data-rest-core/2.4.0.RELEASE/523750a61feff856001699359e6375f9253b469a/spring-data-rest-core-2.4.0.RELEASE.jar!/org/springframework/data/rest/core/annotation/RepositoryRestResource$None.class]
2016-04-27 17:58:10.876 TRACE 37359 --- [    Test worker] ssPathScanningCandidateComponentProvider : Ignored because not matching any filter: URL [jar:file:/Users/yjayaraman/.gradle/caches/modules-2/files-2.1/org.springframework.data/spring-data-rest-core/2.4.0.RELEASE/523750a61feff856001699359e6375f9253b469a/spring-data-rest-core-2.4.0.RELEASE.jar!/org/springframework/data/rest/core/annotation/RepositoryRestResource$None.class]
2016-04-27 17:58:10.876 TRACE 37359 --- [    Test worker] ssPathScanningCandidateComponentProvider : Scanning URL [jar:file:/Users/yjayaraman/.gradle/caches/modules-2/files-2.1/org.springframework.data/spring-data-rest-core/2.4.0.RELEASE/523750a61feff856001699359e6375f9253b469a/spring-data-rest-core-2.4.0.RELEASE.jar!/org/springframework/data/rest/core/annotation/HandleBeforeLinkDelete.class]
2016-04-27 17:58:10.876 TRACE 37359 --- [    Test worker] ssPathScanningCandidateComponentProvider : Ignored because not matching any filter: URL [jar:file:/Users/yjayaraman/.gradle/caches/modules-2/files-2.1/org.springframework.data/spring-data-rest-core/2.4.0.RELEASE/523750a61feff856001699359e6375f9253b469a/spring-data-rest-core-2.4.0.RELEASE.jar!/org/springframework/data/rest/core/annotation/HandleBeforeLinkDelete.class]
2016-04-27 17:58:10.876 TRACE 37359 --- [    Test worker] ssPathScanningCandidateComponentProvider : Scanning URL [jar:file:/Users/yjayaraman/.gradle/caches/modules-2/files-2.1/org.springframework.data/spring-data-rest-core/2.4.0.RELEASE/523750a61feff856001699359e6375f9253b469a/spring-data-rest-core-2.4.0.RELEASE.jar!/org/springframework/data/rest/core/annotation/HandleAfterDelete.class]
2016-04-27 17:58:10.876 TRACE 37359 --- [    Test worker] ssPathScanningCandidateComponentProvider : Ignored because not matching any filter: URL [jar:file:/Users/yjayaraman/.gradle/caches/modules-2/files-2.1/org.springframework.data/spring-data-rest-core/2.4.0.RELEASE/523750a61feff856001699359e6375f9253b469a/spring-data-rest-core-2.4.0.RELEASE.jar!/org/springframework/data/rest/core/annotation/HandleAfterDelete.class]
2016-04-27 17:58:10.876 TRACE 37359 --- [    Test worker] ssPathScanningCandidateComponentProvider : Scanning URL [jar:file:/Users/yjayaraman/.gradle/caches/modules-2/files-2.1/org.springframework.data/spring-data-rest-core/2.4.0.RELEASE/523750a61feff856001699359e6375f9253b469a/spring-data-rest-core-2.4.0.RELEASE.jar!/org/springframework/data/rest/core/annotation/HandleBeforeCreate.class]
2016-04-27 17:58:10.876 TRACE 37359 --- [    Test worker] ssPathScanningCandidateComponentProvider : Ignored because not matching any filter: URL [jar:file:/Users/yjayaraman/.gradle/caches/modules-2/files-2.1/org.springframework.data/spring-data-rest-core/2.4.0.RELEASE/523750a61feff856001699359e6375f9253b469a/spring-data-rest-core-2.4.0.RELEASE.jar!/org/springframework/data/rest/core/annotation/HandleBeforeCreate.class]
2016-04-27 17:58:10.876 TRACE 37359 --- [    Test worker] ssPathScanningCandidateComponentProvider : Scanning URL [jar:file:/Users/yjayaraman/.gradle/caches/modules-2/files-2.1/org.springframework.data/spring-data-rest-core/2.4.0.RELEASE/523750a61feff856001699359e6375f9253b469a/spring-data-rest-core-2.4.0.RELEASE.jar!/org/springframework/data/rest/core/annotation/HandleBeforeSave.class]
2016-04-27 17:58:10.876 TRACE 37359 --- [    Test worker] ssPathScanningCandidateComponentProvider : Ignored because not matching any filter: URL [jar:file:/Users/yjayaraman/.gradle/caches/modules-2/files-2.1/org.springframework.data/spring-data-rest-core/2.4.0.RELEASE/523750a61feff856001699359e6375f9253b469a/spring-data-rest-core-2.4.0.RELEASE.jar!/org/springframework/data/rest/core/annotation/HandleBeforeSave.class]
2016-04-27 17:58:10.876 TRACE 37359 --- [    Test worker] ssPathScanningCandidateComponentProvider : Scanning URL [jar:file:/Users/yjayaraman/.gradle/caches/modules-2/files-2.1/org.springframework.data/spring-data-rest-core/2.4.0.RELEASE/523750a61feff856001699359e6375f9253b469a/spring-data-rest-core-2.4.0.RELEASE.jar!/org/springframework/data/rest/core/annotation/RepositoryEventHandler.class]
2016-04-27 17:58:10.877 TRACE 37359 --- [    Test worker] ssPathScanningCandidateComponentProvider : Ignored because not matching any filter: URL [jar:file:/Users/yjayaraman/.gradle/caches/modules-2/files-2.1/org.springframework.data/spring-data-rest-core/2.4.0.RELEASE/523750a61feff856001699359e6375f9253b469a/spring-data-rest-core-2.4.0.RELEASE.jar!/org/springframework/data/rest/core/annotation/RepositoryEventHandler.class]
2016-04-27 17:58:10.877 TRACE 37359 --- [    Test worker] ssPathScanningCandidateComponentProvider : Scanning URL [jar:file:/Users/yjayaraman/.gradle/caches/modules-2/files-2.1/org.springframework.data/spring-data-rest-core/2.4.0.RELEASE/523750a61feff856001699359e6375f9253b469a/spring-data-rest-core-2.4.0.RELEASE.jar!/org/springframework/data/rest/core/annotation/HandleBeforeLinkSave.class]
2016-04-27 17:58:10.877 TRACE 37359 --- [    Test worker] ssPathScanningCandidateComponentProvider : Ignored because not matching any filter: URL [jar:file:/Users/yjayaraman/.gradle/caches/modules-2/files-2.1/org.springframework.data/spring-data-rest-core/2.4.0.RELEASE/523750a61feff856001699359e6375f9253b469a/spring-data-rest-core-2.4.0.RELEASE.jar!/org/springframework/data/rest/core/annotation/HandleBeforeLinkSave.class]
2016-04-27 17:58:10.877 TRACE 37359 --- [    Test worker] ssPathScanningCandidateComponentProvider : Scanning URL [jar:file:/Users/yjayaraman/.gradle/caches/modules-2/files-2.1/org.springframework.data/spring-data-rest-core/2.4.0.RELEASE/523750a61feff856001699359e6375f9253b469a/spring-data-rest-core-2.4.0.RELEASE.jar!/org/springframework/data/rest/core/annotation/HandleAfterLinkDelete.class]
2016-04-27 17:58:10.877 TRACE 37359 --- [    Test worker] ssPathScanningCandidateComponentProvider : Ignored because not matching any filter: URL [jar:file:/Users/yjayaraman/.gradle/caches/modules-2/files-2.1/org.springframework.data/spring-data-rest-core/2.4.0.RELEASE/523750a61feff856001699359e6375f9253b469a/spring-data-rest-core-2.4.0.RELEASE.jar!/org/springframework/data/rest/core/annotation/HandleAfterLinkDelete.class]
2016-04-27 17:58:10.877 TRACE 37359 --- [    Test worker] ssPathScanningCandidateComponentProvider : Scanning URL [jar:file:/Users/yjayaraman/.gradle/caches/modules-2/files-2.1/org.springframework.data/spring-data-rest-core/2.4.0.RELEASE/523750a61feff856001699359e6375f9253b469a/spring-data-rest-core-2.4.0.RELEASE.jar!/org/springframework/data/rest/core/annotation/HandleAfterLinkSave.class]
2016-04-27 17:58:10.877 TRACE 37359 --- [    Test worker] ssPathScanningCandidateComponentProvider : Ignored because not matching any filter: URL [jar:file:/Users/yjayaraman/.gradle/caches/modules-2/files-2.1/org.springframework.data/spring-data-rest-core/2.4.0.RELEASE/523750a61feff856001699359e6375f9253b469a/spring-data-rest-core-2.4.0.RELEASE.jar!/org/springframework/data/rest/core/annotation/HandleAfterLinkSave.class]
2016-04-27 17:58:10.877 TRACE 37359 --- [    Test worker] ssPathScanningCandidateComponentProvider : Scanning URL [jar:file:/Users/yjayaraman/.gradle/caches/modules-2/files-2.1/org.springframework.data/spring-data-rest-core/2.4.0.RELEASE/523750a61feff856001699359e6375f9253b469a/spring-data-rest-core-2.4.0.RELEASE.jar!/org/springframework/data/rest/core/annotation/RestResource.class]
2016-04-27 17:58:10.877 TRACE 37359 --- [    Test worker] ssPathScanningCandidateComponentProvider : Ignored because not matching any filter: URL [jar:file:/Users/yjayaraman/.gradle/caches/modules-2/files-2.1/org.springframework.data/spring-data-rest-core/2.4.0.RELEASE/523750a61feff856001699359e6375f9253b469a/spring-data-rest-core-2.4.0.RELEASE.jar!/org/springframework/data/rest/core/annotation/RestResource.class]
2016-04-27 17:58:10.877 TRACE 37359 --- [    Test worker] ssPathScanningCandidateComponentProvider : Scanning URL [jar:file:/Users/yjayaraman/.gradle/caches/modules-2/files-2.1/org.springframework.data/spring-data-rest-core/2.4.0.RELEASE/523750a61feff856001699359e6375f9253b469a/spring-data-rest-core-2.4.0.RELEASE.jar!/org/springframework/data/rest/core/annotation/HandleAfterCreate.class]
2016-04-27 17:58:10.878 TRACE 37359 --- [    Test worker] ssPathScanningCandidateComponentProvider : Ignored because not matching any filter: URL [jar:file:/Users/yjayaraman/.gradle/caches/modules-2/files-2.1/org.springframework.data/spring-data-rest-core/2.4.0.RELEASE/523750a61feff856001699359e6375f9253b469a/spring-data-rest-core-2.4.0.RELEASE.jar!/org/springframework/data/rest/core/annotation/HandleAfterCreate.class]
2016-04-27 17:58:10.878 TRACE 37359 --- [    Test worker] ssPathScanningCandidateComponentProvider : Scanning URL [jar:file:/Users/yjayaraman/.gradle/caches/modules-2/files-2.1/org.springframework.data/spring-data-rest-core/2.4.0.RELEASE/523750a61feff856001699359e6375f9253b469a/spring-data-rest-core-2.4.0.RELEASE.jar!/org/springframework/data/rest/core/annotation/Description.class]
2016-04-27 17:58:10.878 TRACE 37359 --- [    Test worker] ssPathScanningCandidateComponentProvider : Ignored because not matching any filter: URL [jar:file:/Users/yjayaraman/.gradle/caches/modules-2/files-2.1/org.springframework.data/spring-data-rest-core/2.4.0.RELEASE/523750a61feff856001699359e6375f9253b469a/spring-data-rest-core-2.4.0.RELEASE.jar!/org/springframework/data/rest/core/annotation/Description.class]
2016-04-27 17:58:10.878 TRACE 37359 --- [    Test worker] ssPathScanningCandidateComponentProvider : Scanning URL [jar:file:/Users/yjayaraman/.gradle/caches/modules-2/files-2.1/org.springframework.data/spring-data-rest-core/2.4.0.RELEASE/523750a61feff856001699359e6375f9253b469a/spring-data-rest-core-2.4.0.RELEASE.jar!/org/springframework/data/rest/core/annotation/HandleAfterSave.class]
2016-04-27 17:58:10.878 TRACE 37359 --- [    Test worker] ssPathScanningCandidateComponentProvider : Ignored because not matching any filter: URL [jar:file:/Users/yjayaraman/.gradle/caches/modules-2/files-2.1/org.springframework.data/spring-data-rest-core/2.4.0.RELEASE/523750a61feff856001699359e6375f9253b469a/spring-data-rest-core-2.4.0.RELEASE.jar!/org/springframework/data/rest/core/annotation/HandleAfterSave.class]
2016-04-27 17:58:10.878 TRACE 37359 --- [    Test worker] ssPathScanningCandidateComponentProvider : Scanning URL [jar:file:/Users/yjayaraman/.gradle/caches/modules-2/files-2.1/org.springframework.data/spring-data-rest-core/2.4.0.RELEASE/523750a61feff856001699359e6375f9253b469a/spring-data-rest-core-2.4.0.RELEASE.jar!/org/springframework/data/rest/core/annotation/HandleBeforeDelete.class]
2016-04-27 17:58:10.878 TRACE 37359 --- [    Test worker] ssPathScanningCandidateComponentProvider : Ignored because not matching any filter: URL [jar:file:/Users/yjayaraman/.gradle/caches/modules-2/files-2.1/org.springframework.data/spring-data-rest-core/2.4.0.RELEASE/523750a61feff856001699359e6375f9253b469a/spring-data-rest-core-2.4.0.RELEASE.jar!/org/springframework/data/rest/core/annotation/HandleBeforeDelete.class]
2016-04-27 17:58:10.878 TRACE 37359 --- [    Test worker] ssPathScanningCandidateComponentProvider : Scanning URL [jar:file:/Users/yjayaraman/.gradle/caches/modules-2/files-2.1/org.springframework.data/spring-data-rest-core/2.4.0.RELEASE/523750a61feff856001699359e6375f9253b469a/spring-data-rest-core-2.4.0.RELEASE.jar!/org/springframework/data/rest/core/UriToEntityConverter.class]
2016-04-27 17:58:10.878 TRACE 37359 --- [    Test worker] ssPathScanningCandidateComponentProvider : Ignored because not matching any filter: URL [jar:file:/Users/yjayaraman/.gradle/caches/modules-2/files-2.1/org.springframework.data/spring-data-rest-core/2.4.0.RELEASE/523750a61feff856001699359e6375f9253b469a/spring-data-rest-core-2.4.0.RELEASE.jar!/org/springframework/data/rest/core/UriToEntityConverter.class]
2016-04-27 17:58:10.878 TRACE 37359 --- [    Test worker] ssPathScanningCandidateComponentProvider : Scanning URL [jar:file:/Users/yjayaraman/.gradle/caches/modules-2/files-2.1/org.springframework.data/spring-data-rest-core/2.4.0.RELEASE/523750a61feff856001699359e6375f9253b469a/spring-data-rest-core-2.4.0.RELEASE.jar!/org/springframework/data/rest/core/config/ResourceMapping.class]
2016-04-27 17:58:10.879 TRACE 37359 --- [    Test worker] ssPathScanningCandidateComponentProvider : Ignored because not matching any filter: URL [jar:file:/Users/yjayaraman/.gradle/caches/modules-2/files-2.1/org.springframework.data/spring-data-rest-core/2.4.0.RELEASE/523750a61feff856001699359e6375f9253b469a/spring-data-rest-core-2.4.0.RELEASE.jar!/org/springframework/data/rest/core/config/ResourceMapping.class]
2016-04-27 17:58:10.879 TRACE 37359 --- [    Test worker] ssPathScanningCandidateComponentProvider : Scanning URL [jar:file:/Users/yjayaraman/.gradle/caches/modules-2/files-2.1/org.springframework.data/spring-data-rest-core/2.4.0.RELEASE/523750a61feff856001699359e6375f9253b469a/spring-data-rest-core-2.4.0.RELEASE.jar!/org/springframework/data/rest/core/config/EnumTranslationConfiguration.class]
2016-04-27 17:58:10.879 TRACE 37359 --- [    Test worker] ssPathScanningCandidateComponentProvider : Ignored because not matching any filter: URL [jar:file:/Users/yjayaraman/.gradle/caches/modules-2/files-2.1/org.springframework.data/spring-data-rest-core/2.4.0.RELEASE/523750a61feff856001699359e6375f9253b469a/spring-data-rest-core-2.4.0.RELEASE.jar!/org/springframework/data/rest/core/config/EnumTranslationConfiguration.class]
2016-04-27 17:58:10.879 TRACE 37359 --- [    Test worker] ssPathScanningCandidateComponentProvider : Scanning URL [jar:file:/Users/yjayaraman/.gradle/caches/modules-2/files-2.1/org.springframework.data/spring-data-rest-core/2.4.0.RELEASE/523750a61feff856001699359e6375f9253b469a/spring-data-rest-core-2.4.0.RELEASE.jar!/org/springframework/data/rest/core/config/ResourceMappingConfiguration.class]
2016-04-27 17:58:10.879 TRACE 37359 --- [    Test worker] ssPathScanningCandidateComponentProvider : Ignored because not matching any filter: URL [jar:file:/Users/yjayaraman/.gradle/caches/modules-2/files-2.1/org.springframework.data/spring-data-rest-core/2.4.0.RELEASE/523750a61feff856001699359e6375f9253b469a/spring-data-rest-core-2.4.0.RELEASE.jar!/org/springframework/data/rest/core/config/ResourceMappingConfiguration.class]
2016-04-27 17:58:10.879 TRACE 37359 --- [    Test worker] ssPathScanningCandidateComponentProvider : Scanning URL [jar:file:/Users/yjayaraman/.gradle/caches/modules-2/files-2.1/org.springframework.data/spring-data-rest-core/2.4.0.RELEASE/523750a61feff856001699359e6375f9253b469a/spring-data-rest-core-2.4.0.RELEASE.jar!/org/springframework/data/rest/core/config/ProjectionDefinitionConfiguration$ProjectionDefinitionKey.class]
2016-04-27 17:58:10.879 TRACE 37359 --- [    Test worker] ssPathScanningCandidateComponentProvider : Ignored because not matching any filter: URL [jar:file:/Users/yjayaraman/.gradle/caches/modules-2/files-2.1/org.springframework.data/spring-data-rest-core/2.4.0.RELEASE/523750a61feff856001699359e6375f9253b469a/spring-data-rest-core-2.4.0.RELEASE.jar!/org/springframework/data/rest/core/config/ProjectionDefinitionConfiguration$ProjectionDefinitionKey.class]
2016-04-27 17:58:10.879 TRACE 37359 --- [    Test worker] ssPathScanningCandidateComponentProvider : Scanning URL [jar:file:/Users/yjayaraman/.gradle/caches/modules-2/files-2.1/org.springframework.data/spring-data-rest-core/2.4.0.RELEASE/523750a61feff856001699359e6375f9253b469a/spring-data-rest-core-2.4.0.RELEASE.jar!/org/springframework/data/rest/core/config/JsonSchemaFormat.class]
2016-04-27 17:58:10.880 TRACE 37359 --- [    Test worker] ssPathScanningCandidateComponentProvider : Ignored because not matching any filter: URL [jar:file:/Users/yjayaraman/.gradle/caches/modules-2/files-2.1/org.springframework.data/spring-data-rest-core/2.4.0.RELEASE/523750a61feff856001699359e6375f9253b469a/spring-data-rest-core-2.4.0.RELEASE.jar!/org/springframework/data/rest/core/config/JsonSchemaFormat.class]
2016-04-27 17:58:10.880 TRACE 37359 --- [    Test worker] ssPathScanningCandidateComponentProvider : Scanning URL [jar:file:/Users/yjayaraman/.gradle/caches/modules-2/files-2.1/org.springframework.data/spring-data-rest-core/2.4.0.RELEASE/523750a61feff856001699359e6375f9253b469a/spring-data-rest-core-2.4.0.RELEASE.jar!/org/springframework/data/rest/core/config/RepositoryRestConfiguration.class]
2016-04-27 17:58:10.880 TRACE 37359 --- [    Test worker] ssPathScanningCandidateComponentProvider : Ignored because not matching any filter: URL [jar:file:/Users/yjayaraman/.gradle/caches/modules-2/files-2.1/org.springframework.data/spring-data-rest-core/2.4.0.RELEASE/523750a61feff856001699359e6375f9253b469a/spring-data-rest-core-2.4.0.RELEASE.jar!/org/springframework/data/rest/core/config/RepositoryRestConfiguration.class]
2016-04-27 17:58:10.880 TRACE 37359 --- [    Test worker] ssPathScanningCandidateComponentProvider : Scanning URL [jar:file:/Users/yjayaraman/.gradle/caches/modules-2/files-2.1/org.springframework.data/spring-data-rest-core/2.4.0.RELEASE/523750a61feff856001699359e6375f9253b469a/spring-data-rest-core-2.4.0.RELEASE.jar!/org/springframework/data/rest/core/config/ProjectionDefinitionConfiguration.class]
2016-04-27 17:58:10.880 TRACE 37359 --- [    Test worker] ssPathScanningCandidateComponentProvider : Ignored because not matching any filter: URL [jar:file:/Users/yjayaraman/.gradle/caches/modules-2/files-2.1/org.springframework.data/spring-data-rest-core/2.4.0.RELEASE/523750a61feff856001699359e6375f9253b469a/spring-data-rest-core-2.4.0.RELEASE.jar!/org/springframework/data/rest/core/config/ProjectionDefinitionConfiguration.class]
2016-04-27 17:58:10.880 TRACE 37359 --- [    Test worker] ssPathScanningCandidateComponentProvider : Scanning URL [jar:file:/Users/yjayaraman/.gradle/caches/modules-2/files-2.1/org.springframework.data/spring-data-rest-core/2.4.0.RELEASE/523750a61feff856001699359e6375f9253b469a/spring-data-rest-core-2.4.0.RELEASE.jar!/org/springframework/data/rest/core/config/MetadataConfiguration.class]
2016-04-27 17:58:10.880 TRACE 37359 --- [    Test worker] ssPathScanningCandidateComponentProvider : Ignored because not matching any filter: URL [jar:file:/Users/yjayaraman/.gradle/caches/modules-2/files-2.1/org.springframework.data/spring-data-rest-core/2.4.0.RELEASE/523750a61feff856001699359e6375f9253b469a/spring-data-rest-core-2.4.0.RELEASE.jar!/org/springframework/data/rest/core/config/MetadataConfiguration.class]
2016-04-27 17:58:10.880 TRACE 37359 --- [    Test worker] ssPathScanningCandidateComponentProvider : Scanning URL [jar:file:/Users/yjayaraman/.gradle/caches/modules-2/files-2.1/org.springframework.data/spring-data-rest-core/2.4.0.RELEASE/523750a61feff856001699359e6375f9253b469a/spring-data-rest-core-2.4.0.RELEASE.jar!/org/springframework/data/rest/core/config/Projection.class]
2016-04-27 17:58:10.881 TRACE 37359 --- [    Test worker] ssPathScanningCandidateComponentProvider : Ignored because not matching any filter: URL [jar:file:/Users/yjayaraman/.gradle/caches/modules-2/files-2.1/org.springframework.data/spring-data-rest-core/2.4.0.RELEASE/523750a61feff856001699359e6375f9253b469a/spring-data-rest-core-2.4.0.RELEASE.jar!/org/springframework/data/rest/core/config/Projection.class]
2016-04-27 17:58:10.881 TRACE 37359 --- [    Test worker] ssPathScanningCandidateComponentProvider : Scanning URL [jar:file:/Users/yjayaraman/.gradle/caches/modules-2/files-2.1/org.springframework.data/spring-data-rest-core/2.4.0.RELEASE/523750a61feff856001699359e6375f9253b469a/spring-data-rest-core-2.4.0.RELEASE.jar!/org/springframework/data/rest/core/support/DomainObjectMerger.class]
2016-04-27 17:58:10.882 TRACE 37359 --- [    Test worker] ssPathScanningCandidateComponentProvider : Ignored because not matching any filter: URL [jar:file:/Users/yjayaraman/.gradle/caches/modules-2/files-2.1/org.springframework.data/spring-data-rest-core/2.4.0.RELEASE/523750a61feff856001699359e6375f9253b469a/spring-data-rest-core-2.4.0.RELEASE.jar!/org/springframework/data/rest/core/support/DomainObjectMerger.class]
2016-04-27 17:58:10.882 TRACE 37359 --- [    Test worker] ssPathScanningCandidateComponentProvider : Scanning URL [jar:file:/Users/yjayaraman/.gradle/caches/modules-2/files-2.1/org.springframework.data/spring-data-rest-core/2.4.0.RELEASE/523750a61feff856001699359e6375f9253b469a/spring-data-rest-core-2.4.0.RELEASE.jar!/org/springframework/data/rest/core/support/UnwrappingRepositoryInvokerFactory$2.class]
2016-04-27 17:58:10.882 TRACE 37359 --- [    Test worker] ssPathScanningCandidateComponentProvider : Ignored because not matching any filter: URL [jar:file:/Users/yjayaraman/.gradle/caches/modules-2/files-2.1/org.springframework.data/spring-data-rest-core/2.4.0.RELEASE/523750a61feff856001699359e6375f9253b469a/spring-data-rest-core-2.4.0.RELEASE.jar!/org/springframework/data/rest/core/support/UnwrappingRepositoryInvokerFactory$2.class]
2016-04-27 17:58:10.882 TRACE 37359 --- [    Test worker] ssPathScanningCandidateComponentProvider : Scanning URL [jar:file:/Users/yjayaraman/.gradle/caches/modules-2/files-2.1/org.springframework.data/spring-data-rest-core/2.4.0.RELEASE/523750a61feff856001699359e6375f9253b469a/spring-data-rest-core-2.4.0.RELEASE.jar!/org/springframework/data/rest/core/support/ResourceStringUtils.class]
2016-04-27 17:58:10.882 TRACE 37359 --- [    Test worker] ssPathScanningCandidateComponentProvider : Ignored because not matching any filter: URL [jar:file:/Users/yjayaraman/.gradle/caches/modules-2/files-2.1/org.springframework.data/spring-data-rest-core/2.4.0.RELEASE/523750a61feff856001699359e6375f9253b469a/spring-data-rest-core-2.4.0.RELEASE.jar!/org/springframework/data/rest/core/support/ResourceStringUtils.class]
2016-04-27 17:58:10.882 TRACE 37359 --- [    Test worker] ssPathScanningCandidateComponentProvider : Scanning URL [jar:file:/Users/yjayaraman/.gradle/caches/modules-2/files-2.1/org.springframework.data/spring-data-rest-core/2.4.0.RELEASE/523750a61feff856001699359e6375f9253b469a/spring-data-rest-core-2.4.0.RELEASE.jar!/org/springframework/data/rest/core/support/DomainObjectMerger$1.class]
2016-04-27 17:58:10.882 TRACE 37359 --- [    Test worker] ssPathScanningCandidateComponentProvider : Ignored because not matching any filter: URL [jar:file:/Users/yjayaraman/.gradle/caches/modules-2/files-2.1/org.springframework.data/spring-data-rest-core/2.4.0.RELEASE/523750a61feff856001699359e6375f9253b469a/spring-data-rest-core-2.4.0.RELEASE.jar!/org/springframework/data/rest/core/support/DomainObjectMerger$1.class]
2016-04-27 17:58:10.882 TRACE 37359 --- [    Test worker] ssPathScanningCandidateComponentProvider : Scanning URL [jar:file:/Users/yjayaraman/.gradle/caches/modules-2/files-2.1/org.springframework.data/spring-data-rest-core/2.4.0.RELEASE/523750a61feff856001699359e6375f9253b469a/spring-data-rest-core-2.4.0.RELEASE.jar!/org/springframework/data/rest/core/support/RepositoryRelProvider.class]
2016-04-27 17:58:10.882 TRACE 37359 --- [    Test worker] ssPathScanningCandidateComponentProvider : Ignored because not matching any filter: URL [jar:file:/Users/yjayaraman/.gradle/caches/modules-2/files-2.1/org.springframework.data/spring-data-rest-core/2.4.0.RELEASE/523750a61feff856001699359e6375f9253b469a/spring-data-rest-core-2.4.0.RELEASE.jar!/org/springframework/data/rest/core/support/RepositoryRelProvider.class]
2016-04-27 17:58:10.882 TRACE 37359 --- [    Test worker] ssPathScanningCandidateComponentProvider : Scanning URL [jar:file:/Users/yjayaraman/.gradle/caches/modules-2/files-2.1/org.springframework.data/spring-data-rest-core/2.4.0.RELEASE/523750a61feff856001699359e6375f9253b469a/spring-data-rest-core-2.4.0.RELEASE.jar!/org/springframework/data/rest/core/support/UnwrappingRepositoryInvokerFactory.class]
2016-04-27 17:58:10.882 TRACE 37359 --- [    Test worker] ssPathScanningCandidateComponentProvider : Ignored because not matching any filter: URL [jar:file:/Users/yjayaraman/.gradle/caches/modules-2/files-2.1/org.springframework.data/spring-data-rest-core/2.4.0.RELEASE/523750a61feff856001699359e6375f9253b469a/spring-data-rest-core-2.4.0.RELEASE.jar!/org/springframework/data/rest/core/support/UnwrappingRepositoryInvokerFactory.class]
2016-04-27 17:58:10.882 TRACE 37359 --- [    Test worker] ssPathScanningCandidateComponentProvider : Scanning URL [jar:file:/Users/yjayaraman/.gradle/caches/modules-2/files-2.1/org.springframework.data/spring-data-rest-core/2.4.0.RELEASE/523750a61feff856001699359e6375f9253b469a/spring-data-rest-core-2.4.0.RELEASE.jar!/org/springframework/data/rest/core/support/UnwrappingRepositoryInvokerFactory$1.class]
2016-04-27 17:58:10.883 TRACE 37359 --- [    Test worker] ssPathScanningCandidateComponentProvider : Ignored because not matching any filter: URL [jar:file:/Users/yjayaraman/.gradle/caches/modules-2/files-2.1/org.springframework.data/spring-data-rest-core/2.4.0.RELEASE/523750a61feff856001699359e6375f9253b469a/spring-data-rest-core-2.4.0.RELEASE.jar!/org/springframework/data/rest/core/support/UnwrappingRepositoryInvokerFactory$1.class]
2016-04-27 17:58:10.883 TRACE 37359 --- [    Test worker] ssPathScanningCandidateComponentProvider : Scanning URL [jar:file:/Users/yjayaraman/.gradle/caches/modules-2/files-2.1/org.springframework.data/spring-data-rest-core/2.4.0.RELEASE/523750a61feff856001699359e6375f9253b469a/spring-data-rest-core-2.4.0.RELEASE.jar!/org/springframework/data/rest/core/support/DomainObjectMerger$NullHandlingPolicy.class]
2016-04-27 17:58:10.883 TRACE 37359 --- [    Test worker] ssPathScanningCandidateComponentProvider : Ignored because not matching any filter: URL [jar:file:/Users/yjayaraman/.gradle/caches/modules-2/files-2.1/org.springframework.data/spring-data-rest-core/2.4.0.RELEASE/523750a61feff856001699359e6375f9253b469a/spring-data-rest-core-2.4.0.RELEASE.jar!/org/springframework/data/rest/core/support/DomainObjectMerger$NullHandlingPolicy.class]
2016-04-27 17:58:10.883 TRACE 37359 --- [    Test worker] ssPathScanningCandidateComponentProvider : Scanning URL [jar:file:/Users/yjayaraman/.gradle/caches/modules-2/files-2.1/org.springframework.data/spring-data-rest-core/2.4.0.RELEASE/523750a61feff856001699359e6375f9253b469a/spring-data-rest-core-2.4.0.RELEASE.jar!/org/springframework/data/rest/core/support/UnwrappingRepositoryInvokerFactory$UnwrappingRepositoryInvoker.class]
2016-04-27 17:58:10.883 TRACE 37359 --- [    Test worker] ssPathScanningCandidateComponentProvider : Ignored because not matching any filter: URL [jar:file:/Users/yjayaraman/.gradle/caches/modules-2/files-2.1/org.springframework.data/spring-data-rest-core/2.4.0.RELEASE/523750a61feff856001699359e6375f9253b469a/spring-data-rest-core-2.4.0.RELEASE.jar!/org/springframework/data/rest/core/support/UnwrappingRepositoryInvokerFactory$UnwrappingRepositoryInvoker.class]
2016-04-27 17:58:10.883 TRACE 37359 --- [    Test worker] ssPathScanningCandidateComponentProvider : Scanning URL [jar:file:/Users/yjayaraman/.gradle/caches/modules-2/files-2.1/org.springframework.data/spring-data-rest-core/2.4.0.RELEASE/523750a61feff856001699359e6375f9253b469a/spring-data-rest-core-2.4.0.RELEASE.jar!/org/springframework/data/rest/core/support/SimpleRelProvider.class]
2016-04-27 17:58:10.883 TRACE 37359 --- [    Test worker] ssPathScanningCandidateComponentProvider : Ignored because not matching any filter: URL [jar:file:/Users/yjayaraman/.gradle/caches/modules-2/files-2.1/org.springframework.data/spring-data-rest-core/2.4.0.RELEASE/523750a61feff856001699359e6375f9253b469a/spring-data-rest-core-2.4.0.RELEASE.jar!/org/springframework/data/rest/core/support/SimpleRelProvider.class]
2016-04-27 17:58:10.883 TRACE 37359 --- [    Test worker] ssPathScanningCandidateComponentProvider : Scanning URL [jar:file:/Users/yjayaraman/.gradle/caches/modules-2/files-2.1/org.springframework.data/spring-data-rest-core/2.4.0.RELEASE/523750a61feff856001699359e6375f9253b469a/spring-data-rest-core-2.4.0.RELEASE.jar!/org/springframework/data/rest/core/support/ResourceMappingUtils.class]
2016-04-27 17:58:10.883 TRACE 37359 --- [    Test worker] ssPathScanningCandidateComponentProvider : Ignored because not matching any filter: URL [jar:file:/Users/yjayaraman/.gradle/caches/modules-2/files-2.1/org.springframework.data/spring-data-rest-core/2.4.0.RELEASE/523750a61feff856001699359e6375f9253b469a/spring-data-rest-core-2.4.0.RELEASE.jar!/org/springframework/data/rest/core/support/ResourceMappingUtils.class]
2016-04-27 17:58:10.883 TRACE 37359 --- [    Test worker] ssPathScanningCandidateComponentProvider : Scanning URL [jar:file:/Users/yjayaraman/.gradle/caches/modules-2/files-2.1/org.springframework.data/spring-data-rest-core/2.4.0.RELEASE/523750a61feff856001699359e6375f9253b469a/spring-data-rest-core-2.4.0.RELEASE.jar!/org/springframework/data/rest/core/support/DomainObjectMerger$2.class]
2016-04-27 17:58:10.883 TRACE 37359 --- [    Test worker] ssPathScanningCandidateComponentProvider : Ignored because not matching any filter: URL [jar:file:/Users/yjayaraman/.gradle/caches/modules-2/files-2.1/org.springframework.data/spring-data-rest-core/2.4.0.RELEASE/523750a61feff856001699359e6375f9253b469a/spring-data-rest-core-2.4.0.RELEASE.jar!/org/springframework/data/rest/core/support/DomainObjectMerger$2.class]
2016-04-27 17:58:10.883 TRACE 37359 --- [    Test worker] ssPathScanningCandidateComponentProvider : Scanning URL [jar:file:/Users/yjayaraman/.gradle/caches/modules-2/files-2.1/org.springframework.data/spring-data-rest-core/2.4.0.RELEASE/523750a61feff856001699359e6375f9253b469a/spring-data-rest-core-2.4.0.RELEASE.jar!/org/springframework/data/rest/core/ValidationErrors.class]
2016-04-27 17:58:10.884 TRACE 37359 --- [    Test worker] ssPathScanningCandidateComponentProvider : Ignored because not matching any filter: URL [jar:file:/Users/yjayaraman/.gradle/caches/modules-2/files-2.1/org.springframework.data/spring-data-rest-core/2.4.0.RELEASE/523750a61feff856001699359e6375f9253b469a/spring-data-rest-core-2.4.0.RELEASE.jar!/org/springframework/data/rest/core/ValidationErrors.class]
2016-04-27 17:58:10.884 TRACE 37359 --- [    Test worker] ssPathScanningCandidateComponentProvider : Scanning URL [jar:file:/Users/yjayaraman/.gradle/caches/modules-2/files-2.1/org.springframework.data/spring-data-rest-core/2.4.0.RELEASE/523750a61feff856001699359e6375f9253b469a/spring-data-rest-core-2.4.0.RELEASE.jar!/org/springframework/data/rest/core/projection/ProjectionDefinitions.class]
2016-04-27 17:58:10.884 TRACE 37359 --- [    Test worker] ssPathScanningCandidateComponentProvider : Ignored because not matching any filter: URL [jar:file:/Users/yjayaraman/.gradle/caches/modules-2/files-2.1/org.springframework.data/spring-data-rest-core/2.4.0.RELEASE/523750a61feff856001699359e6375f9253b469a/spring-data-rest-core-2.4.0.RELEASE.jar!/org/springframework/data/rest/core/projection/ProjectionDefinitions.class]
2016-04-27 17:58:10.884 TRACE 37359 --- [    Test worker] ssPathScanningCandidateComponentProvider : Scanning URL [jar:file:/Users/yjayaraman/.gradle/caches/modules-2/files-2.1/org.springframework.data/spring-data-rest-core/2.4.0.RELEASE/523750a61feff856001699359e6375f9253b469a/spring-data-rest-core-2.4.0.RELEASE.jar!/org/springframework/data/rest/core/RepositoryConstraintViolationException.class]
2016-04-27 17:58:10.884 TRACE 37359 --- [    Test worker] ssPathScanningCandidateComponentProvider : Ignored because not matching any filter: URL [jar:file:/Users/yjayaraman/.gradle/caches/modules-2/files-2.1/org.springframework.data/spring-data-rest-core/2.4.0.RELEASE/523750a61feff856001699359e6375f9253b469a/spring-data-rest-core-2.4.0.RELEASE.jar!/org/springframework/data/rest/core/RepositoryConstraintViolationException.class]
2016-04-27 17:58:10.884 TRACE 37359 --- [    Test worker] ssPathScanningCandidateComponentProvider : Scanning URL [jar:file:/Users/yjayaraman/.gradle/caches/modules-2/files-2.1/org.springframework.data/spring-data-rest-core/2.4.0.RELEASE/523750a61feff856001699359e6375f9253b469a/spring-data-rest-core-2.4.0.RELEASE.jar!/org/springframework/data/rest/core/event/BeforeCreateEvent.class]
2016-04-27 17:58:10.884 TRACE 37359 --- [    Test worker] ssPathScanningCandidateComponentProvider : Ignored because not matching any filter: URL [jar:file:/Users/yjayaraman/.gradle/caches/modules-2/files-2.1/org.springframework.data/spring-data-rest-core/2.4.0.RELEASE/523750a61feff856001699359e6375f9253b469a/spring-data-rest-core-2.4.0.RELEASE.jar!/org/springframework/data/rest/core/event/BeforeCreateEvent.class]
2016-04-27 17:58:10.884 TRACE 37359 --- [    Test worker] ssPathScanningCandidateComponentProvider : Scanning URL [jar:file:/Users/yjayaraman/.gradle/caches/modules-2/files-2.1/org.springframework.data/spring-data-rest-core/2.4.0.RELEASE/523750a61feff856001699359e6375f9253b469a/spring-data-rest-core-2.4.0.RELEASE.jar!/org/springframework/data/rest/core/event/AfterSaveEvent.class]
2016-04-27 17:58:10.884 TRACE 37359 --- [    Test worker] ssPathScanningCandidateComponentProvider : Ignored because not matching any filter: URL [jar:file:/Users/yjayaraman/.gradle/caches/modules-2/files-2.1/org.springframework.data/spring-data-rest-core/2.4.0.RELEASE/523750a61feff856001699359e6375f9253b469a/spring-data-rest-core-2.4.0.RELEASE.jar!/org/springframework/data/rest/core/event/AfterSaveEvent.class]
2016-04-27 17:58:10.884 TRACE 37359 --- [    Test worker] ssPathScanningCandidateComponentProvider : Scanning URL [jar:file:/Users/yjayaraman/.gradle/caches/modules-2/files-2.1/org.springframework.data/spring-data-rest-core/2.4.0.RELEASE/523750a61feff856001699359e6375f9253b469a/spring-data-rest-core-2.4.0.RELEASE.jar!/org/springframework/data/rest/core/event/BeforeSaveEvent.class]
2016-04-27 17:58:10.884 TRACE 37359 --- [    Test worker] ssPathScanningCandidateComponentProvider : Ignored because not matching any filter: URL [jar:file:/Users/yjayaraman/.gradle/caches/modules-2/files-2.1/org.springframework.data/spring-data-rest-core/2.4.0.RELEASE/523750a61feff856001699359e6375f9253b469a/spring-data-rest-core-2.4.0.RELEASE.jar!/org/springframework/data/rest/core/event/BeforeSaveEvent.class]
2016-04-27 17:58:10.884 TRACE 37359 --- [    Test worker] ssPathScanningCandidateComponentProvider : Scanning URL [jar:file:/Users/yjayaraman/.gradle/caches/modules-2/files-2.1/org.springframework.data/spring-data-rest-core/2.4.0.RELEASE/523750a61feff856001699359e6375f9253b469a/spring-data-rest-core-2.4.0.RELEASE.jar!/org/springframework/data/rest/core/event/AnnotatedEventHandlerInvoker$EventHandlerMethod.class]
2016-04-27 17:58:10.884 TRACE 37359 --- [    Test worker] ssPathScanningCandidateComponentProvider : Ignored because not matching any filter: URL [jar:file:/Users/yjayaraman/.gradle/caches/modules-2/files-2.1/org.springframework.data/spring-data-rest-core/2.4.0.RELEASE/523750a61feff856001699359e6375f9253b469a/spring-data-rest-core-2.4.0.RELEASE.jar!/org/springframework/data/rest/core/event/AnnotatedEventHandlerInvoker$EventHandlerMethod.class]
2016-04-27 17:58:10.884 TRACE 37359 --- [    Test worker] ssPathScanningCandidateComponentProvider : Scanning URL [jar:file:/Users/yjayaraman/.gradle/caches/modules-2/files-2.1/org.springframework.data/spring-data-rest-core/2.4.0.RELEASE/523750a61feff856001699359e6375f9253b469a/spring-data-rest-core-2.4.0.RELEASE.jar!/org/springframework/data/rest/core/event/RepositoryEvent.class]
2016-04-27 17:58:10.884 TRACE 37359 --- [    Test worker] ssPathScanningCandidateComponentProvider : Ignored because not matching any filter: URL [jar:file:/Users/yjayaraman/.gradle/caches/modules-2/files-2.1/org.springframework.data/spring-data-rest-core/2.4.0.RELEASE/523750a61feff856001699359e6375f9253b469a/spring-data-rest-core-2.4.0.RELEASE.jar!/org/springframework/data/rest/core/event/RepositoryEvent.class]
2016-04-27 17:58:10.884 TRACE 37359 --- [    Test worker] ssPathScanningCandidateComponentProvider : Scanning URL [jar:file:/Users/yjayaraman/.gradle/caches/modules-2/files-2.1/org.springframework.data/spring-data-rest-core/2.4.0.RELEASE/523750a61feff856001699359e6375f9253b469a/spring-data-rest-core-2.4.0.RELEASE.jar!/org/springframework/data/rest/core/event/LinkedEntityEvent.class]
2016-04-27 17:58:10.885 TRACE 37359 --- [    Test worker] ssPathScanningCandidateComponentProvider : Ignored because not matching any filter: URL [jar:file:/Users/yjayaraman/.gradle/caches/modules-2/files-2.1/org.springframework.data/spring-data-rest-core/2.4.0.RELEASE/523750a61feff856001699359e6375f9253b469a/spring-data-rest-core-2.4.0.RELEASE.jar!/org/springframework/data/rest/core/event/LinkedEntityEvent.class]
2016-04-27 17:58:10.885 TRACE 37359 --- [    Test worker] ssPathScanningCandidateComponentProvider : Scanning URL [jar:file:/Users/yjayaraman/.gradle/caches/modules-2/files-2.1/org.springframework.data/spring-data-rest-core/2.4.0.RELEASE/523750a61feff856001699359e6375f9253b469a/spring-data-rest-core-2.4.0.RELEASE.jar!/org/springframework/data/rest/core/event/AnnotatedEventHandlerInvoker.class]
2016-04-27 17:58:10.885 TRACE 37359 --- [    Test worker] ssPathScanningCandidateComponentProvider : Ignored because not matching any filter: URL [jar:file:/Users/yjayaraman/.gradle/caches/modules-2/files-2.1/org.springframework.data/spring-data-rest-core/2.4.0.RELEASE/523750a61feff856001699359e6375f9253b469a/spring-data-rest-core-2.4.0.RELEASE.jar!/org/springframework/data/rest/core/event/AnnotatedEventHandlerInvoker.class]
2016-04-27 17:58:10.885 TRACE 37359 --- [    Test worker] ssPathScanningCandidateComponentProvider : Scanning URL [jar:file:/Users/yjayaraman/.gradle/caches/modules-2/files-2.1/org.springframework.data/spring-data-rest-core/2.4.0.RELEASE/523750a61feff856001699359e6375f9253b469a/spring-data-rest-core-2.4.0.RELEASE.jar!/org/springframework/data/rest/core/event/AbstractRepositoryEventListener.class]
2016-04-27 17:58:10.885 TRACE 37359 --- [    Test worker] ssPathScanningCandidateComponentProvider : Ignored because not matching any filter: URL [jar:file:/Users/yjayaraman/.gradle/caches/modules-2/files-2.1/org.springframework.data/spring-data-rest-core/2.4.0.RELEASE/523750a61feff856001699359e6375f9253b469a/spring-data-rest-core-2.4.0.RELEASE.jar!/org/springframework/data/rest/core/event/AbstractRepositoryEventListener.class]
2016-04-27 17:58:10.885 TRACE 37359 --- [    Test worker] ssPathScanningCandidateComponentProvider : Scanning URL [jar:file:/Users/yjayaraman/.gradle/caches/modules-2/files-2.1/org.springframework.data/spring-data-rest-core/2.4.0.RELEASE/523750a61feff856001699359e6375f9253b469a/spring-data-rest-core-2.4.0.RELEASE.jar!/org/springframework/data/rest/core/event/AfterDeleteEvent.class]
2016-04-27 17:58:10.885 TRACE 37359 --- [    Test worker] ssPathScanningCandidateComponentProvider : Ignored because not matching any filter: URL [jar:file:/Users/yjayaraman/.gradle/caches/modules-2/files-2.1/org.springframework.data/spring-data-rest-core/2.4.0.RELEASE/523750a61feff856001699359e6375f9253b469a/spring-data-rest-core-2.4.0.RELEASE.jar!/org/springframework/data/rest/core/event/AfterDeleteEvent.class]
2016-04-27 17:58:10.885 TRACE 37359 --- [    Test worker] ssPathScanningCandidateComponentProvider : Scanning URL [jar:file:/Users/yjayaraman/.gradle/caches/modules-2/files-2.1/org.springframework.data/spring-data-rest-core/2.4.0.RELEASE/523750a61feff856001699359e6375f9253b469a/spring-data-rest-core-2.4.0.RELEASE.jar!/org/springframework/data/rest/core/event/AfterLinkDeleteEvent.class]
2016-04-27 17:58:10.885 TRACE 37359 --- [    Test worker] ssPathScanningCandidateComponentProvider : Ignored because not matching any filter: URL [jar:file:/Users/yjayaraman/.gradle/caches/modules-2/files-2.1/org.springframework.data/spring-data-rest-core/2.4.0.RELEASE/523750a61feff856001699359e6375f9253b469a/spring-data-rest-core-2.4.0.RELEASE.jar!/org/springframework/data/rest/core/event/AfterLinkDeleteEvent.class]
2016-04-27 17:58:10.885 TRACE 37359 --- [    Test worker] ssPathScanningCandidateComponentProvider : Scanning URL [jar:file:/Users/yjayaraman/.gradle/caches/modules-2/files-2.1/org.springframework.data/spring-data-rest-core/2.4.0.RELEASE/523750a61feff856001699359e6375f9253b469a/spring-data-rest-core-2.4.0.RELEASE.jar!/org/springframework/data/rest/core/event/ValidatingRepositoryEventListener.class]
2016-04-27 17:58:10.886 TRACE 37359 --- [    Test worker] ssPathScanningCandidateComponentProvider : Ignored because not matching any filter: URL [jar:file:/Users/yjayaraman/.gradle/caches/modules-2/files-2.1/org.springframework.data/spring-data-rest-core/2.4.0.RELEASE/523750a61feff856001699359e6375f9253b469a/spring-data-rest-core-2.4.0.RELEASE.jar!/org/springframework/data/rest/core/event/ValidatingRepositoryEventListener.class]
2016-04-27 17:58:10.886 TRACE 37359 --- [    Test worker] ssPathScanningCandidateComponentProvider : Scanning URL [jar:file:/Users/yjayaraman/.gradle/caches/modules-2/files-2.1/org.springframework.data/spring-data-rest-core/2.4.0.RELEASE/523750a61feff856001699359e6375f9253b469a/spring-data-rest-core-2.4.0.RELEASE.jar!/org/springframework/data/rest/core/event/AnnotatedEventHandlerInvoker$1.class]
2016-04-27 17:58:10.886 TRACE 37359 --- [    Test worker] ssPathScanningCandidateComponentProvider : Ignored because not matching any filter: URL [jar:file:/Users/yjayaraman/.gradle/caches/modules-2/files-2.1/org.springframework.data/spring-data-rest-core/2.4.0.RELEASE/523750a61feff856001699359e6375f9253b469a/spring-data-rest-core-2.4.0.RELEASE.jar!/org/springframework/data/rest/core/event/AnnotatedEventHandlerInvoker$1.class]
2016-04-27 17:58:10.886 TRACE 37359 --- [    Test worker] ssPathScanningCandidateComponentProvider : Scanning URL [jar:file:/Users/yjayaraman/.gradle/caches/modules-2/files-2.1/org.springframework.data/spring-data-rest-core/2.4.0.RELEASE/523750a61feff856001699359e6375f9253b469a/spring-data-rest-core-2.4.0.RELEASE.jar!/org/springframework/data/rest/core/event/AfterLinkSaveEvent.class]
2016-04-27 17:58:10.886 TRACE 37359 --- [    Test worker] ssPathScanningCandidateComponentProvider : Ignored because not matching any filter: URL [jar:file:/Users/yjayaraman/.gradle/caches/modules-2/files-2.1/org.springframework.data/spring-data-rest-core/2.4.0.RELEASE/523750a61feff856001699359e6375f9253b469a/spring-data-rest-core-2.4.0.RELEASE.jar!/org/springframework/data/rest/core/event/AfterLinkSaveEvent.class]
2016-04-27 17:58:10.886 TRACE 37359 --- [    Test worker] ssPathScanningCandidateComponentProvider : Scanning URL [jar:file:/Users/yjayaraman/.gradle/caches/modules-2/files-2.1/org.springframework.data/spring-data-rest-core/2.4.0.RELEASE/523750a61feff856001699359e6375f9253b469a/spring-data-rest-core-2.4.0.RELEASE.jar!/org/springframework/data/rest/core/event/AfterCreateEvent.class]
2016-04-27 17:58:10.886 TRACE 37359 --- [    Test worker] ssPathScanningCandidateComponentProvider : Ignored because not matching any filter: URL [jar:file:/Users/yjayaraman/.gradle/caches/modules-2/files-2.1/org.springframework.data/spring-data-rest-core/2.4.0.RELEASE/523750a61feff856001699359e6375f9253b469a/spring-data-rest-core-2.4.0.RELEASE.jar!/org/springframework/data/rest/core/event/AfterCreateEvent.class]
2016-04-27 17:58:10.886 TRACE 37359 --- [    Test worker] ssPathScanningCandidateComponentProvider : Scanning URL [jar:file:/Users/yjayaraman/.gradle/caches/modules-2/files-2.1/org.springframework.data/spring-data-rest-core/2.4.0.RELEASE/523750a61feff856001699359e6375f9253b469a/spring-data-rest-core-2.4.0.RELEASE.jar!/org/springframework/data/rest/core/event/BeforeLinkDeleteEvent.class]
2016-04-27 17:58:10.886 TRACE 37359 --- [    Test worker] ssPathScanningCandidateComponentProvider : Ignored because not matching any filter: URL [jar:file:/Users/yjayaraman/.gradle/caches/modules-2/files-2.1/org.springframework.data/spring-data-rest-core/2.4.0.RELEASE/523750a61feff856001699359e6375f9253b469a/spring-data-rest-core-2.4.0.RELEASE.jar!/org/springframework/data/rest/core/event/BeforeLinkDeleteEvent.class]
2016-04-27 17:58:10.886 TRACE 37359 --- [    Test worker] ssPathScanningCandidateComponentProvider : Scanning URL [jar:file:/Users/yjayaraman/.gradle/caches/modules-2/files-2.1/org.springframework.data/spring-data-rest-core/2.4.0.RELEASE/523750a61feff856001699359e6375f9253b469a/spring-data-rest-core-2.4.0.RELEASE.jar!/org/springframework/data/rest/core/event/ExceptionEvent.class]
2016-04-27 17:58:10.886 TRACE 37359 --- [    Test worker] ssPathScanningCandidateComponentProvider : Ignored because not matching any filter: URL [jar:file:/Users/yjayaraman/.gradle/caches/modules-2/files-2.1/org.springframework.data/spring-data-rest-core/2.4.0.RELEASE/523750a61feff856001699359e6375f9253b469a/spring-data-rest-core-2.4.0.RELEASE.jar!/org/springframework/data/rest/core/event/ExceptionEvent.class]
2016-04-27 17:58:10.886 TRACE 37359 --- [    Test worker] ssPathScanningCandidateComponentProvider : Scanning URL [jar:file:/Users/yjayaraman/.gradle/caches/modules-2/files-2.1/org.springframework.data/spring-data-rest-core/2.4.0.RELEASE/523750a61feff856001699359e6375f9253b469a/spring-data-rest-core-2.4.0.RELEASE.jar!/org/springframework/data/rest/core/event/BeforeLinkSaveEvent.class]
2016-04-27 17:58:10.886 TRACE 37359 --- [    Test worker] ssPathScanningCandidateComponentProvider : Ignored because not matching any filter: URL [jar:file:/Users/yjayaraman/.gradle/caches/modules-2/files-2.1/org.springframework.data/spring-data-rest-core/2.4.0.RELEASE/523750a61feff856001699359e6375f9253b469a/spring-data-rest-core-2.4.0.RELEASE.jar!/org/springframework/data/rest/core/event/BeforeLinkSaveEvent.class]
2016-04-27 17:58:10.886 TRACE 37359 --- [    Test worker] ssPathScanningCandidateComponentProvider : Scanning URL [jar:file:/Users/yjayaraman/.gradle/caches/modules-2/files-2.1/org.springframework.data/spring-data-rest-core/2.4.0.RELEASE/523750a61feff856001699359e6375f9253b469a/spring-data-rest-core-2.4.0.RELEASE.jar!/org/springframework/data/rest/core/event/BeforeDeleteEvent.class]
2016-04-27 17:58:10.887 TRACE 37359 --- [    Test worker] ssPathScanningCandidateComponentProvider : Ignored because not matching any filter: URL [jar:file:/Users/yjayaraman/.gradle/caches/modules-2/files-2.1/org.springframework.data/spring-data-rest-core/2.4.0.RELEASE/523750a61feff856001699359e6375f9253b469a/spring-data-rest-core-2.4.0.RELEASE.jar!/org/springframework/data/rest/core/event/BeforeDeleteEvent.class]
2016-04-27 17:58:10.887 TRACE 37359 --- [    Test worker] ssPathScanningCandidateComponentProvider : Scanning URL [jar:file:/Users/yjayaraman/.gradle/caches/modules-2/files-2.1/org.springframework.data/spring-data-rest-webmvc/2.4.0.RELEASE/834db763dd30c31bb330d981169860e7cd5cbeee/spring-data-rest-webmvc-2.4.0.RELEASE.jar!/org/springframework/data/rest/webmvc/ResourceProcessorHandlerMethodReturnValueHandler.class]
2016-04-27 17:58:10.887 TRACE 37359 --- [    Test worker] ssPathScanningCandidateComponentProvider : Ignored because not matching any filter: URL [jar:file:/Users/yjayaraman/.gradle/caches/modules-2/files-2.1/org.springframework.data/spring-data-rest-webmvc/2.4.0.RELEASE/834db763dd30c31bb330d981169860e7cd5cbeee/spring-data-rest-webmvc-2.4.0.RELEASE.jar!/org/springframework/data/rest/webmvc/ResourceProcessorHandlerMethodReturnValueHandler.class]
2016-04-27 17:58:10.887 TRACE 37359 --- [    Test worker] ssPathScanningCandidateComponentProvider : Scanning URL [jar:file:/Users/yjayaraman/.gradle/caches/modules-2/files-2.1/org.springframework.data/spring-data-rest-webmvc/2.4.0.RELEASE/834db763dd30c31bb330d981169860e7cd5cbeee/spring-data-rest-webmvc-2.4.0.RELEASE.jar!/org/springframework/data/rest/webmvc/mapping/AssociationLinks.class]
2016-04-27 17:58:10.887 TRACE 37359 --- [    Test worker] ssPathScanningCandidateComponentProvider : Ignored because not matching any filter: URL [jar:file:/Users/yjayaraman/.gradle/caches/modules-2/files-2.1/org.springframework.data/spring-data-rest-webmvc/2.4.0.RELEASE/834db763dd30c31bb330d981169860e7cd5cbeee/spring-data-rest-webmvc-2.4.0.RELEASE.jar!/org/springframework/data/rest/webmvc/mapping/AssociationLinks.class]
2016-04-27 17:58:10.887 TRACE 37359 --- [    Test worker] ssPathScanningCandidateComponentProvider : Scanning URL [jar:file:/Users/yjayaraman/.gradle/caches/modules-2/files-2.1/org.springframework.data/spring-data-rest-webmvc/2.4.0.RELEASE/834db763dd30c31bb330d981169860e7cd5cbeee/spring-data-rest-webmvc-2.4.0.RELEASE.jar!/org/springframework/data/rest/webmvc/mapping/LinkCollectingAssociationHandler.class]
2016-04-27 17:58:10.887 TRACE 37359 --- [    Test worker] ssPathScanningCandidateComponentProvider : Ignored because not matching any filter: URL [jar:file:/Users/yjayaraman/.gradle/caches/modules-2/files-2.1/org.springframework.data/spring-data-rest-webmvc/2.4.0.RELEASE/834db763dd30c31bb330d981169860e7cd5cbeee/spring-data-rest-webmvc-2.4.0.RELEASE.jar!/org/springframework/data/rest/webmvc/mapping/LinkCollectingAssociationHandler.class]
2016-04-27 17:58:10.887 TRACE 37359 --- [    Test worker] ssPathScanningCandidateComponentProvider : Scanning URL [jar:file:/Users/yjayaraman/.gradle/caches/modules-2/files-2.1/org.springframework.data/spring-data-rest-webmvc/2.4.0.RELEASE/834db763dd30c31bb330d981169860e7cd5cbeee/spring-data-rest-webmvc-2.4.0.RELEASE.jar!/org/springframework/data/rest/webmvc/RepositoryEntityController.class]
2016-04-27 17:58:10.888 TRACE 37359 --- [    Test worker] ssPathScanningCandidateComponentProvider : Ignored because not matching any filter: URL [jar:file:/Users/yjayaraman/.gradle/caches/modules-2/files-2.1/org.springframework.data/spring-data-rest-webmvc/2.4.0.RELEASE/834db763dd30c31bb330d981169860e7cd5cbeee/spring-data-rest-webmvc-2.4.0.RELEASE.jar!/org/springframework/data/rest/webmvc/RepositoryEntityController.class]
2016-04-27 17:58:10.888 TRACE 37359 --- [    Test worker] ssPathScanningCandidateComponentProvider : Scanning URL [jar:file:/Users/yjayaraman/.gradle/caches/modules-2/files-2.1/org.springframework.data/spring-data-rest-webmvc/2.4.0.RELEASE/834db763dd30c31bb330d981169860e7cd5cbeee/spring-data-rest-webmvc-2.4.0.RELEASE.jar!/org/springframework/data/rest/webmvc/PersistentEntityResource$Builder.class]
2016-04-27 17:58:10.888 TRACE 37359 --- [    Test worker] ssPathScanningCandidateComponentProvider : Ignored because not matching any filter: URL [jar:file:/Users/yjayaraman/.gradle/caches/modules-2/files-2.1/org.springframework.data/spring-data-rest-webmvc/2.4.0.RELEASE/834db763dd30c31bb330d981169860e7cd5cbeee/spring-data-rest-webmvc-2.4.0.RELEASE.jar!/org/springframework/data/rest/webmvc/PersistentEntityResource$Builder.class]
2016-04-27 17:58:10.888 TRACE 37359 --- [    Test worker] ssPathScanningCandidateComponentProvider : Scanning URL [jar:file:/Users/yjayaraman/.gradle/caches/modules-2/files-2.1/org.springframework.data/spring-data-rest-webmvc/2.4.0.RELEASE/834db763dd30c31bb330d981169860e7cd5cbeee/spring-data-rest-webmvc-2.4.0.RELEASE.jar!/org/springframework/data/rest/webmvc/PersistentEntityResource$1.class]
2016-04-27 17:58:10.888 TRACE 37359 --- [    Test worker] ssPathScanningCandidateComponentProvider : Ignored because not matching any filter: URL [jar:file:/Users/yjayaraman/.gradle/caches/modules-2/files-2.1/org.springframework.data/spring-data-rest-webmvc/2.4.0.RELEASE/834db763dd30c31bb330d981169860e7cd5cbeee/spring-data-rest-webmvc-2.4.0.RELEASE.jar!/org/springframework/data/rest/webmvc/PersistentEntityResource$1.class]
2016-04-27 17:58:10.888 TRACE 37359 --- [    Test worker] ssPathScanningCandidateComponentProvider : Scanning URL [jar:file:/Users/yjayaraman/.gradle/caches/modules-2/files-2.1/org.springframework.data/spring-data-rest-webmvc/2.4.0.RELEASE/834db763dd30c31bb330d981169860e7cd5cbeee/spring-data-rest-webmvc-2.4.0.RELEASE.jar!/org/springframework/data/rest/webmvc/RepositoryController.class]
2016-04-27 17:58:10.888 TRACE 37359 --- [    Test worker] ssPathScanningCandidateComponentProvider : Ignored because not matching any filter: URL [jar:file:/Users/yjayaraman/.gradle/caches/modules-2/files-2.1/org.springframework.data/spring-data-rest-webmvc/2.4.0.RELEASE/834db763dd30c31bb330d981169860e7cd5cbeee/spring-data-rest-webmvc-2.4.0.RELEASE.jar!/org/springframework/data/rest/webmvc/RepositoryController.class]
2016-04-27 17:58:10.888 TRACE 37359 --- [    Test worker] ssPathScanningCandidateComponentProvider : Scanning URL [jar:file:/Users/yjayaraman/.gradle/caches/modules-2/files-2.1/org.springframework.data/spring-data-rest-webmvc/2.4.0.RELEASE/834db763dd30c31bb330d981169860e7cd5cbeee/spring-data-rest-webmvc-2.4.0.RELEASE.jar!/org/springframework/data/rest/webmvc/ResourceProcessorInvokingHandlerAdapter.class]
2016-04-27 17:58:10.889 TRACE 37359 --- [    Test worker] ssPathScanningCandidateComponentProvider : Ignored because not matching any filter: URL [jar:file:/Users/yjayaraman/.gradle/caches/modules-2/files-2.1/org.springframework.data/spring-data-rest-webmvc/2.4.0.RELEASE/834db763dd30c31bb330d981169860e7cd5cbeee/spring-data-rest-webmvc-2.4.0.RELEASE.jar!/org/springframework/data/rest/webmvc/ResourceProcessorInvokingHandlerAdapter.class]
2016-04-27 17:58:10.889 TRACE 37359 --- [    Test worker] ssPathScanningCandidateComponentProvider : Scanning URL [jar:file:/Users/yjayaraman/.gradle/caches/modules-2/files-2.1/org.springframework.data/spring-data-rest-webmvc/2.4.0.RELEASE/834db763dd30c31bb330d981169860e7cd5cbeee/spring-data-rest-webmvc-2.4.0.RELEASE.jar!/org/springframework/data/rest/webmvc/RepositorySearchesResource.class]
2016-04-27 17:58:10.889 TRACE 37359 --- [    Test worker] ssPathScanningCandidateComponentProvider : Ignored because not matching any filter: URL [jar:file:/Users/yjayaraman/.gradle/caches/modules-2/files-2.1/org.springframework.data/spring-data-rest-webmvc/2.4.0.RELEASE/834db763dd30c31bb330d981169860e7cd5cbeee/spring-data-rest-webmvc-2.4.0.RELEASE.jar!/org/springframework/data/rest/webmvc/RepositorySearchesResource.class]
2016-04-27 17:58:10.889 TRACE 37359 --- [    Test worker] ssPathScanningCandidateComponentProvider : Scanning URL [jar:file:/Users/yjayaraman/.gradle/caches/modules-2/files-2.1/org.springframework.data/spring-data-rest-webmvc/2.4.0.RELEASE/834db763dd30c31bb330d981169860e7cd5cbeee/spring-data-rest-webmvc-2.4.0.RELEASE.jar!/org/springframework/data/rest/webmvc/RepositoryRestController.class]
2016-04-27 17:58:10.889 TRACE 37359 --- [    Test worker] ssPathScanningCandidateComponentProvider : Ignored because not matching any filter: URL [jar:file:/Users/yjayaraman/.gradle/caches/modules-2/files-2.1/org.springframework.data/spring-data-rest-webmvc/2.4.0.RELEASE/834db763dd30c31bb330d981169860e7cd5cbeee/spring-data-rest-webmvc-2.4.0.RELEASE.jar!/org/springframework/data/rest/webmvc/RepositoryRestController.class]
2016-04-27 17:58:10.889 TRACE 37359 --- [    Test worker] ssPathScanningCandidateComponentProvider : Scanning URL [jar:file:/Users/yjayaraman/.gradle/caches/modules-2/files-2.1/org.springframework.data/spring-data-rest-webmvc/2.4.0.RELEASE/834db763dd30c31bb330d981169860e7cd5cbeee/spring-data-rest-webmvc-2.4.0.RELEASE.jar!/org/springframework/data/rest/webmvc/ProfileController.class]
2016-04-27 17:58:10.889 TRACE 37359 --- [    Test worker] ssPathScanningCandidateComponentProvider : Ignored because not matching any filter: URL [jar:file:/Users/yjayaraman/.gradle/caches/modules-2/files-2.1/org.springframework.data/spring-data-rest-webmvc/2.4.0.RELEASE/834db763dd30c31bb330d981169860e7cd5cbeee/spring-data-rest-webmvc-2.4.0.RELEASE.jar!/org/springframework/data/rest/webmvc/ProfileController.class]
2016-04-27 17:58:10.889 TRACE 37359 --- [    Test worker] ssPathScanningCandidateComponentProvider : Scanning URL [jar:file:/Users/yjayaraman/.gradle/caches/modules-2/files-2.1/org.springframework.data/spring-data-rest-webmvc/2.4.0.RELEASE/834db763dd30c31bb330d981169860e7cd5cbeee/spring-data-rest-webmvc-2.4.0.RELEASE.jar!/org/springframework/data/rest/webmvc/RepositoryPropertyReferenceController$2.class]
2016-04-27 17:58:10.890 TRACE 37359 --- [    Test worker] ssPathScanningCandidateComponentProvider : Ignored because not matching any filter: URL [jar:file:/Users/yjayaraman/.gradle/caches/modules-2/files-2.1/org.springframework.data/spring-data-rest-webmvc/2.4.0.RELEASE/834db763dd30c31bb330d981169860e7cd5cbeee/spring-data-rest-webmvc-2.4.0.RELEASE.jar!/org/springframework/data/rest/webmvc/RepositoryPropertyReferenceController$2.class]
2016-04-27 17:58:10.890 TRACE 37359 --- [    Test worker] ssPathScanningCandidateComponentProvider : Scanning URL [jar:file:/Users/yjayaraman/.gradle/caches/modules-2/files-2.1/org.springframework.data/spring-data-rest-webmvc/2.4.0.RELEASE/834db763dd30c31bb330d981169860e7cd5cbeee/spring-data-rest-webmvc-2.4.0.RELEASE.jar!/org/springframework/data/rest/webmvc/ServerHttpRequestMethodArgumentResolver.class]
2016-04-27 17:58:10.890 TRACE 37359 --- [    Test worker] ssPathScanningCandidateComponentProvider : Ignored because not matching any filter: URL [jar:file:/Users/yjayaraman/.gradle/caches/modules-2/files-2.1/org.springframework.data/spring-data-rest-webmvc/2.4.0.RELEASE/834db763dd30c31bb330d981169860e7cd5cbeee/spring-data-rest-webmvc-2.4.0.RELEASE.jar!/org/springframework/data/rest/webmvc/ServerHttpRequestMethodArgumentResolver.class]
2016-04-27 17:58:10.890 TRACE 37359 --- [    Test worker] ssPathScanningCandidateComponentProvider : Scanning URL [jar:file:/Users/yjayaraman/.gradle/caches/modules-2/files-2.1/org.springframework.data/spring-data-rest-webmvc/2.4.0.RELEASE/834db763dd30c31bb330d981169860e7cd5cbeee/spring-data-rest-webmvc-2.4.0.RELEASE.jar!/org/springframework/data/rest/webmvc/PersistentEntityResource.class]
2016-04-27 17:58:10.890 TRACE 37359 --- [    Test worker] ssPathScanningCandidateComponentProvider : Ignored because not matching any filter: URL [jar:file:/Users/yjayaraman/.gradle/caches/modules-2/files-2.1/org.springframework.data/spring-data-rest-webmvc/2.4.0.RELEASE/834db763dd30c31bb330d981169860e7cd5cbeee/spring-data-rest-webmvc-2.4.0.RELEASE.jar!/org/springframework/data/rest/webmvc/PersistentEntityResource.class]
2016-04-27 17:58:10.890 TRACE 37359 --- [    Test worker] ssPathScanningCandidateComponentProvider : Scanning URL [jar:file:/Users/yjayaraman/.gradle/caches/modules-2/files-2.1/org.springframework.data/spring-data-rest-webmvc/2.4.0.RELEASE/834db763dd30c31bb330d981169860e7cd5cbeee/spring-data-rest-webmvc-2.4.0.RELEASE.jar!/org/springframework/data/rest/webmvc/util/UriUtils.class]
2016-04-27 17:58:10.890 TRACE 37359 --- [    Test worker] ssPathScanningCandidateComponentProvider : Ignored because not matching any filter: URL [jar:file:/Users/yjayaraman/.gradle/caches/modules-2/files-2.1/org.springframework.data/spring-data-rest-webmvc/2.4.0.RELEASE/834db763dd30c31bb330d981169860e7cd5cbeee/spring-data-rest-webmvc-2.4.0.RELEASE.jar!/org/springframework/data/rest/webmvc/util/UriUtils.class]
2016-04-27 17:58:10.890 TRACE 37359 --- [    Test worker] ssPathScanningCandidateComponentProvider : Scanning URL [jar:file:/Users/yjayaraman/.gradle/caches/modules-2/files-2.1/org.springframework.data/spring-data-rest-webmvc/2.4.0.RELEASE/834db763dd30c31bb330d981169860e7cd5cbeee/spring-data-rest-webmvc-2.4.0.RELEASE.jar!/org/springframework/data/rest/webmvc/RepositoryPropertyReferenceController.class]
2016-04-27 17:58:10.891 TRACE 37359 --- [    Test worker] ssPathScanningCandidateComponentProvider : Ignored because not matching any filter: URL [jar:file:/Users/yjayaraman/.gradle/caches/modules-2/files-2.1/org.springframework.data/spring-data-rest-webmvc/2.4.0.RELEASE/834db763dd30c31bb330d981169860e7cd5cbeee/spring-data-rest-webmvc-2.4.0.RELEASE.jar!/org/springframework/data/rest/webmvc/RepositoryPropertyReferenceController.class]
2016-04-27 17:58:10.891 TRACE 37359 --- [    Test worker] ssPathScanningCandidateComponentProvider : Scanning URL [jar:file:/Users/yjayaraman/.gradle/caches/modules-2/files-2.1/org.springframework.data/spring-data-rest-webmvc/2.4.0.RELEASE/834db763dd30c31bb330d981169860e7cd5cbeee/spring-data-rest-webmvc-2.4.0.RELEASE.jar!/org/springframework/data/rest/webmvc/RepositoryRestHandlerAdapter.class]
2016-04-27 17:58:10.891 TRACE 37359 --- [    Test worker] ssPathScanningCandidateComponentProvider : Ignored because not matching any filter: URL [jar:file:/Users/yjayaraman/.gradle/caches/modules-2/files-2.1/org.springframework.data/spring-data-rest-webmvc/2.4.0.RELEASE/834db763dd30c31bb330d981169860e7cd5cbeee/spring-data-rest-webmvc-2.4.0.RELEASE.jar!/org/springframework/data/rest/webmvc/RepositoryRestHandlerAdapter.class]
2016-04-27 17:58:10.891 TRACE 37359 --- [    Test worker] ssPathScanningCandidateComponentProvider : Scanning URL [jar:file:/Users/yjayaraman/.gradle/caches/modules-2/files-2.1/org.springframework.data/spring-data-rest-webmvc/2.4.0.RELEASE/834db763dd30c31bb330d981169860e7cd5cbeee/spring-data-rest-webmvc-2.4.0.RELEASE.jar!/org/springframework/data/rest/webmvc/RepositoryRestExceptionHandler.class]
2016-04-27 17:58:10.891 TRACE 37359 --- [    Test worker] ssPathScanningCandidateComponentProvider : Ignored because not matching any filter: URL [jar:file:/Users/yjayaraman/.gradle/caches/modules-2/files-2.1/org.springframework.data/spring-data-rest-webmvc/2.4.0.RELEASE/834db763dd30c31bb330d981169860e7cd5cbeee/spring-data-rest-webmvc-2.4.0.RELEASE.jar!/org/springframework/data/rest/webmvc/RepositoryRestExceptionHandler.class]
2016-04-27 17:58:10.891 TRACE 37359 --- [    Test worker] ssPathScanningCandidateComponentProvider : Scanning URL [jar:file:/Users/yjayaraman/.gradle/caches/modules-2/files-2.1/org.springframework.data/spring-data-rest-webmvc/2.4.0.RELEASE/834db763dd30c31bb330d981169860e7cd5cbeee/spring-data-rest-webmvc-2.4.0.RELEASE.jar!/org/springframework/data/rest/webmvc/convert/UriListHttpMessageConverter.class]
2016-04-27 17:58:10.891 TRACE 37359 --- [    Test worker] ssPathScanningCandidateComponentProvider : Ignored because not matching any filter: URL [jar:file:/Users/yjayaraman/.gradle/caches/modules-2/files-2.1/org.springframework.data/spring-data-rest-webmvc/2.4.0.RELEASE/834db763dd30c31bb330d981169860e7cd5cbeee/spring-data-rest-webmvc-2.4.0.RELEASE.jar!/org/springframework/data/rest/webmvc/convert/UriListHttpMessageConverter.class]
2016-04-27 17:58:10.891 TRACE 37359 --- [    Test worker] ssPathScanningCandidateComponentProvider : Scanning URL [jar:file:/Users/yjayaraman/.gradle/caches/modules-2/files-2.1/org.springframework.data/spring-data-rest-webmvc/2.4.0.RELEASE/834db763dd30c31bb330d981169860e7cd5cbeee/spring-data-rest-webmvc-2.4.0.RELEASE.jar!/org/springframework/data/rest/webmvc/RepositoryPropertyReferenceController$1.class]
2016-04-27 17:58:10.892 TRACE 37359 --- [    Test worker] ssPathScanningCandidateComponentProvider : Ignored because not matching any filter: URL [jar:file:/Users/yjayaraman/.gradle/caches/modules-2/files-2.1/org.springframework.data/spring-data-rest-webmvc/2.4.0.RELEASE/834db763dd30c31bb330d981169860e7cd5cbeee/spring-data-rest-webmvc-2.4.0.RELEASE.jar!/org/springframework/data/rest/webmvc/RepositoryPropertyReferenceController$1.class]
2016-04-27 17:58:10.892 TRACE 37359 --- [    Test worker] ssPathScanningCandidateComponentProvider : Scanning URL [jar:file:/Users/yjayaraman/.gradle/caches/modules-2/files-2.1/org.springframework.data/spring-data-rest-webmvc/2.4.0.RELEASE/834db763dd30c31bb330d981169860e7cd5cbeee/spring-data-rest-webmvc-2.4.0.RELEASE.jar!/org/springframework/data/rest/webmvc/ControllerUtils.class]
2016-04-27 17:58:10.892 TRACE 37359 --- [    Test worker] ssPathScanningCandidateComponentProvider : Ignored because not matching any filter: URL [jar:file:/Users/yjayaraman/.gradle/caches/modules-2/files-2.1/org.springframework.data/spring-data-rest-webmvc/2.4.0.RELEASE/834db763dd30c31bb330d981169860e7cd5cbeee/spring-data-rest-webmvc-2.4.0.RELEASE.jar!/org/springframework/data/rest/webmvc/ControllerUtils.class]
2016-04-27 17:58:10.892 TRACE 37359 --- [    Test worker] ssPathScanningCandidateComponentProvider : Scanning URL [jar:file:/Users/yjayaraman/.gradle/caches/modules-2/files-2.1/org.springframework.data/spring-data-rest-webmvc/2.4.0.RELEASE/834db763dd30c31bb330d981169860e7cd5cbeee/spring-data-rest-webmvc-2.4.0.RELEASE.jar!/org/springframework/data/rest/webmvc/RepositoryRestDispatcherServlet.class]
2016-04-27 17:58:10.892 TRACE 37359 --- [    Test worker] ssPathScanningCandidateComponentProvider : Ignored because not matching any filter: URL [jar:file:/Users/yjayaraman/.gradle/caches/modules-2/files-2.1/org.springframework.data/spring-data-rest-webmvc/2.4.0.RELEASE/834db763dd30c31bb330d981169860e7cd5cbeee/spring-data-rest-webmvc-2.4.0.RELEASE.jar!/org/springframework/data/rest/webmvc/RepositoryRestDispatcherServlet.class]
2016-04-27 17:58:10.892 TRACE 37359 --- [    Test worker] ssPathScanningCandidateComponentProvider : Scanning URL [jar:file:/Users/yjayaraman/.gradle/caches/modules-2/files-2.1/org.springframework.data/spring-data-rest-webmvc/2.4.0.RELEASE/834db763dd30c31bb330d981169860e7cd5cbeee/spring-data-rest-webmvc-2.4.0.RELEASE.jar!/org/springframework/data/rest/webmvc/RepositoryPropertyReferenceController$ReferencedProperty.class]
2016-04-27 17:58:10.892 TRACE 37359 --- [    Test worker] ssPathScanningCandidateComponentProvider : Ignored because not matching any filter: URL [jar:file:/Users/yjayaraman/.gradle/caches/modules-2/files-2.1/org.springframework.data/spring-data-rest-webmvc/2.4.0.RELEASE/834db763dd30c31bb330d981169860e7cd5cbeee/spring-data-rest-webmvc-2.4.0.RELEASE.jar!/org/springframework/data/rest/webmvc/RepositoryPropertyReferenceController$ReferencedProperty.class]
2016-04-27 17:58:10.892 TRACE 37359 --- [    Test worker] ssPathScanningCandidateComponentProvider : Scanning URL [jar:file:/Users/yjayaraman/.gradle/caches/modules-2/files-2.1/org.springframework.data/spring-data-rest-webmvc/2.4.0.RELEASE/834db763dd30c31bb330d981169860e7cd5cbeee/spring-data-rest-webmvc-2.4.0.RELEASE.jar!/org/springframework/data/rest/webmvc/BaseUri.class]
2016-04-27 17:58:10.892 TRACE 37359 --- [    Test worker] ssPathScanningCandidateComponentProvider : Ignored because not matching any filter: URL [jar:file:/Users/yjayaraman/.gradle/caches/modules-2/files-2.1/org.springframework.data/spring-data-rest-webmvc/2.4.0.RELEASE/834db763dd30c31bb330d981169860e7cd5cbeee/spring-data-rest-webmvc-2.4.0.RELEASE.jar!/org/springframework/data/rest/webmvc/BaseUri.class]
2016-04-27 17:58:10.892 TRACE 37359 --- [    Test worker] ssPathScanningCandidateComponentProvider : Scanning URL [jar:file:/Users/yjayaraman/.gradle/caches/modules-2/files-2.1/org.springframework.data/spring-data-rest-webmvc/2.4.0.RELEASE/834db763dd30c31bb330d981169860e7cd5cbeee/spring-data-rest-webmvc-2.4.0.RELEASE.jar!/org/springframework/data/rest/webmvc/RepositoryPropertyReferenceController$4.class]
2016-04-27 17:58:10.892 TRACE 37359 --- [    Test worker] ssPathScanningCandidateComponentProvider : Ignored because not matching any filter: URL [jar:file:/Users/yjayaraman/.gradle/caches/modules-2/files-2.1/org.springframework.data/spring-data-rest-webmvc/2.4.0.RELEASE/834db763dd30c31bb330d981169860e7cd5cbeee/spring-data-rest-webmvc-2.4.0.RELEASE.jar!/org/springframework/data/rest/webmvc/RepositoryPropertyReferenceController$4.class]
2016-04-27 17:58:10.892 TRACE 37359 --- [    Test worker] ssPathScanningCandidateComponentProvider : Scanning URL [jar:file:/Users/yjayaraman/.gradle/caches/modules-2/files-2.1/org.springframework.data/spring-data-rest-webmvc/2.4.0.RELEASE/834db763dd30c31bb330d981169860e7cd5cbeee/spring-data-rest-webmvc-2.4.0.RELEASE.jar!/org/springframework/data/rest/webmvc/ResourceProcessorHandlerMethodReturnValueHandler$CustomOrderAwareComparator.class]
2016-04-27 17:58:10.893 TRACE 37359 --- [    Test worker] ssPathScanningCandidateComponentProvider : Ignored because not matching any filter: URL [jar:file:/Users/yjayaraman/.gradle/caches/modules-2/files-2.1/org.springframework.data/spring-data-rest-webmvc/2.4.0.RELEASE/834db763dd30c31bb330d981169860e7cd5cbeee/spring-data-rest-webmvc-2.4.0.RELEASE.jar!/org/springframework/data/rest/webmvc/ResourceProcessorHandlerMethodReturnValueHandler$CustomOrderAwareComparator.class]
2016-04-27 17:58:10.893 TRACE 37359 --- [    Test worker] ssPathScanningCandidateComponentProvider : Scanning URL [jar:file:/Users/yjayaraman/.gradle/caches/modules-2/files-2.1/org.springframework.data/spring-data-rest-webmvc/2.4.0.RELEASE/834db763dd30c31bb330d981169860e7cd5cbeee/spring-data-rest-webmvc-2.4.0.RELEASE.jar!/org/springframework/data/rest/webmvc/ResourceProcessorHandlerMethodReturnValueHandler$ResourceProcessorWrapper.class]
2016-04-27 17:58:10.893 TRACE 37359 --- [    Test worker] ssPathScanningCandidateComponentProvider : Ignored because not matching any filter: URL [jar:file:/Users/yjayaraman/.gradle/caches/modules-2/files-2.1/org.springframework.data/spring-data-rest-webmvc/2.4.0.RELEASE/834db763dd30c31bb330d981169860e7cd5cbeee/spring-data-rest-webmvc-2.4.0.RELEASE.jar!/org/springframework/data/rest/webmvc/ResourceProcessorHandlerMethodReturnValueHandler$ResourceProcessorWrapper.class]
2016-04-27 17:58:10.893 TRACE 37359 --- [    Test worker] ssPathScanningCandidateComponentProvider : Scanning URL [jar:file:/Users/yjayaraman/.gradle/caches/modules-2/files-2.1/org.springframework.data/spring-data-rest-webmvc/2.4.0.RELEASE/834db763dd30c31bb330d981169860e7cd5cbeee/spring-data-rest-webmvc-2.4.0.RELEASE.jar!/org/springframework/data/rest/webmvc/BasePathAwareHandlerMapping$CustomAcceptHeaderHttpServletRequest.class]
2016-04-27 17:58:10.893 TRACE 37359 --- [    Test worker] ssPathScanningCandidateComponentProvider : Ignored because not matching any filter: URL [jar:file:/Users/yjayaraman/.gradle/caches/modules-2/files-2.1/org.springframework.data/spring-data-rest-webmvc/2.4.0.RELEASE/834db763dd30c31bb330d981169860e7cd5cbeee/spring-data-rest-webmvc-2.4.0.RELEASE.jar!/org/springframework/data/rest/webmvc/BasePathAwareHandlerMapping$CustomAcceptHeaderHttpServletRequest.class]
2016-04-27 17:58:10.893 TRACE 37359 --- [    Test worker] ssPathScanningCandidateComponentProvider : Scanning URL [jar:file:/Users/yjayaraman/.gradle/caches/modules-2/files-2.1/org.springframework.data/spring-data-rest-webmvc/2.4.0.RELEASE/834db763dd30c31bb330d981169860e7cd5cbeee/spring-data-rest-webmvc-2.4.0.RELEASE.jar!/org/springframework/data/rest/webmvc/RestMediaTypes.class]
2016-04-27 17:58:10.893 TRACE 37359 --- [    Test worker] ssPathScanningCandidateComponentProvider : Ignored because not matching any filter: URL [jar:file:/Users/yjayaraman/.gradle/caches/modules-2/files-2.1/org.springframework.data/spring-data-rest-webmvc/2.4.0.RELEASE/834db763dd30c31bb330d981169860e7cd5cbeee/spring-data-rest-webmvc-2.4.0.RELEASE.jar!/org/springframework/data/rest/webmvc/RestMediaTypes.class]
2016-04-27 17:58:10.893 TRACE 37359 --- [    Test worker] ssPathScanningCandidateComponentProvider : Scanning URL [jar:file:/Users/yjayaraman/.gradle/caches/modules-2/files-2.1/org.springframework.data/spring-data-rest-webmvc/2.4.0.RELEASE/834db763dd30c31bb330d981169860e7cd5cbeee/spring-data-rest-webmvc-2.4.0.RELEASE.jar!/org/springframework/data/rest/webmvc/json/DomainObjectReader$1.class]
2016-04-27 17:58:10.893 TRACE 37359 --- [    Test worker] ssPathScanningCandidateComponentProvider : Ignored because not matching any filter: URL [jar:file:/Users/yjayaraman/.gradle/caches/modules-2/files-2.1/org.springframework.data/spring-data-rest-webmvc/2.4.0.RELEASE/834db763dd30c31bb330d981169860e7cd5cbeee/spring-data-rest-webmvc-2.4.0.RELEASE.jar!/org/springframework/data/rest/webmvc/json/DomainObjectReader$1.class]
2016-04-27 17:58:10.893 TRACE 37359 --- [    Test worker] ssPathScanningCandidateComponentProvider : Scanning URL [jar:file:/Users/yjayaraman/.gradle/caches/modules-2/files-2.1/org.springframework.data/spring-data-rest-webmvc/2.4.0.RELEASE/834db763dd30c31bb330d981169860e7cd5cbeee/spring-data-rest-webmvc-2.4.0.RELEASE.jar!/org/springframework/data/rest/webmvc/json/DomainObjectReader$MappedProperties.class]
2016-04-27 17:58:10.893 TRACE 37359 --- [    Test worker] ssPathScanningCandidateComponentProvider : Ignored because not matching any filter: URL [jar:file:/Users/yjayaraman/.gradle/caches/modules-2/files-2.1/org.springframework.data/spring-data-rest-webmvc/2.4.0.RELEASE/834db763dd30c31bb330d981169860e7cd5cbeee/spring-data-rest-webmvc-2.4.0.RELEASE.jar!/org/springframework/data/rest/webmvc/json/DomainObjectReader$MappedProperties.class]
2016-04-27 17:58:10.893 TRACE 37359 --- [    Test worker] ssPathScanningCandidateComponentProvider : Scanning URL [jar:file:/Users/yjayaraman/.gradle/caches/modules-2/files-2.1/org.springframework.data/spring-data-rest-webmvc/2.4.0.RELEASE/834db763dd30c31bb330d981169860e7cd5cbeee/spring-data-rest-webmvc-2.4.0.RELEASE.jar!/org/springframework/data/rest/webmvc/json/PersistentEntityJackson2Module$ProjectionResource.class]
2016-04-27 17:58:10.894 TRACE 37359 --- [    Test worker] ssPathScanningCandidateComponentProvider : Ignored because not matching any filter: URL [jar:file:/Users/yjayaraman/.gradle/caches/modules-2/files-2.1/org.springframework.data/spring-data-rest-webmvc/2.4.0.RELEASE/834db763dd30c31bb330d981169860e7cd5cbeee/spring-data-rest-webmvc-2.4.0.RELEASE.jar!/org/springframework/data/rest/webmvc/json/PersistentEntityJackson2Module$ProjectionResource.class]
2016-04-27 17:58:10.894 TRACE 37359 --- [    Test worker] ssPathScanningCandidateComponentProvider : Scanning URL [jar:file:/Users/yjayaraman/.gradle/caches/modules-2/files-2.1/org.springframework.data/spring-data-rest-webmvc/2.4.0.RELEASE/834db763dd30c31bb330d981169860e7cd5cbeee/spring-data-rest-webmvc-2.4.0.RELEASE.jar!/org/springframework/data/rest/webmvc/json/PersistentEntityJackson2Module$ProjectionSerializer.class]
2016-04-27 17:58:10.894 TRACE 37359 --- [    Test worker] ssPathScanningCandidateComponentProvider : Ignored because not matching any filter: URL [jar:file:/Users/yjayaraman/.gradle/caches/modules-2/files-2.1/org.springframework.data/spring-data-rest-webmvc/2.4.0.RELEASE/834db763dd30c31bb330d981169860e7cd5cbeee/spring-data-rest-webmvc-2.4.0.RELEASE.jar!/org/springframework/data/rest/webmvc/json/PersistentEntityJackson2Module$ProjectionSerializer.class]
2016-04-27 17:58:10.894 TRACE 37359 --- [    Test worker] ssPathScanningCandidateComponentProvider : Scanning URL [jar:file:/Users/yjayaraman/.gradle/caches/modules-2/files-2.1/org.springframework.data/spring-data-rest-webmvc/2.4.0.RELEASE/834db763dd30c31bb330d981169860e7cd5cbeee/spring-data-rest-webmvc-2.4.0.RELEASE.jar!/org/springframework/data/rest/webmvc/json/JsonSchema$EnumProperty.class]
2016-04-27 17:58:10.894 TRACE 37359 --- [    Test worker] ssPathScanningCandidateComponentProvider : Ignored because not matching any filter: URL [jar:file:/Users/yjayaraman/.gradle/caches/modules-2/files-2.1/org.springframework.data/spring-data-rest-webmvc/2.4.0.RELEASE/834db763dd30c31bb330d981169860e7cd5cbeee/spring-data-rest-webmvc-2.4.0.RELEASE.jar!/org/springframework/data/rest/webmvc/json/JsonSchema$EnumProperty.class]
2016-04-27 17:58:10.894 TRACE 37359 --- [    Test worker] ssPathScanningCandidateComponentProvider : Scanning URL [jar:file:/Users/yjayaraman/.gradle/caches/modules-2/files-2.1/org.springframework.data/spring-data-rest-webmvc/2.4.0.RELEASE/834db763dd30c31bb330d981169860e7cd5cbeee/spring-data-rest-webmvc-2.4.0.RELEASE.jar!/org/springframework/data/rest/webmvc/json/DomainObjectReader.class]
2016-04-27 17:58:10.894 TRACE 37359 --- [    Test worker] ssPathScanningCandidateComponentProvider : Ignored because not matching any filter: URL [jar:file:/Users/yjayaraman/.gradle/caches/modules-2/files-2.1/org.springframework.data/spring-data-rest-webmvc/2.4.0.RELEASE/834db763dd30c31bb330d981169860e7cd5cbeee/spring-data-rest-webmvc-2.4.0.RELEASE.jar!/org/springframework/data/rest/webmvc/json/DomainObjectReader.class]
2016-04-27 17:58:10.894 TRACE 37359 --- [    Test worker] ssPathScanningCandidateComponentProvider : Scanning URL [jar:file:/Users/yjayaraman/.gradle/caches/modules-2/files-2.1/org.springframework.data/spring-data-rest-webmvc/2.4.0.RELEASE/834db763dd30c31bb330d981169860e7cd5cbeee/spring-data-rest-webmvc-2.4.0.RELEASE.jar!/org/springframework/data/rest/webmvc/json/JacksonSerializers$EnumTranslatingDeserializer.class]
2016-04-27 17:58:10.894 TRACE 37359 --- [    Test worker] ssPathScanningCandidateComponentProvider : Ignored because not matching any filter: URL [jar:file:/Users/yjayaraman/.gradle/caches/modules-2/files-2.1/org.springframework.data/spring-data-rest-webmvc/2.4.0.RELEASE/834db763dd30c31bb330d981169860e7cd5cbeee/spring-data-rest-webmvc-2.4.0.RELEASE.jar!/org/springframework/data/rest/webmvc/json/JacksonSerializers$EnumTranslatingDeserializer.class]
2016-04-27 17:58:10.894 TRACE 37359 --- [    Test worker] ssPathScanningCandidateComponentProvider : Scanning URL [jar:file:/Users/yjayaraman/.gradle/caches/modules-2/files-2.1/org.springframework.data/spring-data-rest-webmvc/2.4.0.RELEASE/834db763dd30c31bb330d981169860e7cd5cbeee/spring-data-rest-webmvc-2.4.0.RELEASE.jar!/org/springframework/data/rest/webmvc/json/JsonSchema$AbstractJsonSchemaProperty.class]
2016-04-27 17:58:10.894 TRACE 37359 --- [    Test worker] ssPathScanningCandidateComponentProvider : Ignored because not matching any filter: URL [jar:file:/Users/yjayaraman/.gradle/caches/modules-2/files-2.1/org.springframework.data/spring-data-rest-webmvc/2.4.0.RELEASE/834db763dd30c31bb330d981169860e7cd5cbeee/spring-data-rest-webmvc-2.4.0.RELEASE.jar!/org/springframework/data/rest/webmvc/json/JsonSchema$AbstractJsonSchemaProperty.class]
2016-04-27 17:58:10.895 TRACE 37359 --- [    Test worker] ssPathScanningCandidateComponentProvider : Scanning URL [jar:file:/Users/yjayaraman/.gradle/caches/modules-2/files-2.1/org.springframework.data/spring-data-rest-webmvc/2.4.0.RELEASE/834db763dd30c31bb330d981169860e7cd5cbeee/spring-data-rest-webmvc-2.4.0.RELEASE.jar!/org/springframework/data/rest/webmvc/json/JsonSchema$PropertiesContainer.class]
2016-04-27 17:58:10.895 TRACE 37359 --- [    Test worker] ssPathScanningCandidateComponentProvider : Ignored because not matching any filter: URL [jar:file:/Users/yjayaraman/.gradle/caches/modules-2/files-2.1/org.springframework.data/spring-data-rest-webmvc/2.4.0.RELEASE/834db763dd30c31bb330d981169860e7cd5cbeee/spring-data-rest-webmvc-2.4.0.RELEASE.jar!/org/springframework/data/rest/webmvc/json/JsonSchema$PropertiesContainer.class]
2016-04-27 17:58:10.895 TRACE 37359 --- [    Test worker] ssPathScanningCandidateComponentProvider : Scanning URL [jar:file:/Users/yjayaraman/.gradle/caches/modules-2/files-2.1/org.springframework.data/spring-data-rest-webmvc/2.4.0.RELEASE/834db763dd30c31bb330d981169860e7cd5cbeee/spring-data-rest-webmvc-2.4.0.RELEASE.jar!/org/springframework/data/rest/webmvc/json/JacksonSerializers$EnumTranslatingSerializer.class]
2016-04-27 17:58:10.895 TRACE 37359 --- [    Test worker] ssPathScanningCandidateComponentProvider : Ignored because not matching any filter: URL [jar:file:/Users/yjayaraman/.gradle/caches/modules-2/files-2.1/org.springframework.data/spring-data-rest-webmvc/2.4.0.RELEASE/834db763dd30c31bb330d981169860e7cd5cbeee/spring-data-rest-webmvc-2.4.0.RELEASE.jar!/org/springframework/data/rest/webmvc/json/JacksonSerializers$EnumTranslatingSerializer.class]
2016-04-27 17:58:10.895 TRACE 37359 --- [    Test worker] ssPathScanningCandidateComponentProvider : Scanning URL [jar:file:/Users/yjayaraman/.gradle/caches/modules-2/files-2.1/org.springframework.data/spring-data-rest-webmvc/2.4.0.RELEASE/834db763dd30c31bb330d981169860e7cd5cbeee/spring-data-rest-webmvc-2.4.0.RELEASE.jar!/org/springframework/data/rest/webmvc/json/JsonSchemaPropertyCustomizer.class]
2016-04-27 17:58:10.895 TRACE 37359 --- [    Test worker] ssPathScanningCandidateComponentProvider : Ignored because not matching any filter: URL [jar:file:/Users/yjayaraman/.gradle/caches/modules-2/files-2.1/org.springframework.data/spring-data-rest-webmvc/2.4.0.RELEASE/834db763dd30c31bb330d981169860e7cd5cbeee/spring-data-rest-webmvc-2.4.0.RELEASE.jar!/org/springframework/data/rest/webmvc/json/JsonSchemaPropertyCustomizer.class]
2016-04-27 17:58:10.895 TRACE 37359 --- [    Test worker] ssPathScanningCandidateComponentProvider : Scanning URL [jar:file:/Users/yjayaraman/.gradle/caches/modules-2/files-2.1/org.springframework.data/spring-data-rest-webmvc/2.4.0.RELEASE/834db763dd30c31bb330d981169860e7cd5cbeee/spring-data-rest-webmvc-2.4.0.RELEASE.jar!/org/springframework/data/rest/webmvc/json/JsonSchema$Item.class]
2016-04-27 17:58:10.895 TRACE 37359 --- [    Test worker] ssPathScanningCandidateComponentProvider : Ignored because not matching any filter: URL [jar:file:/Users/yjayaraman/.gradle/caches/modules-2/files-2.1/org.springframework.data/spring-data-rest-webmvc/2.4.0.RELEASE/834db763dd30c31bb330d981169860e7cd5cbeee/spring-data-rest-webmvc-2.4.0.RELEASE.jar!/org/springframework/data/rest/webmvc/json/JsonSchema$Item.class]
2016-04-27 17:58:10.895 TRACE 37359 --- [    Test worker] ssPathScanningCandidateComponentProvider : Scanning URL [jar:file:/Users/yjayaraman/.gradle/caches/modules-2/files-2.1/org.springframework.data/spring-data-rest-webmvc/2.4.0.RELEASE/834db763dd30c31bb330d981169860e7cd5cbeee/spring-data-rest-webmvc-2.4.0.RELEASE.jar!/org/springframework/data/rest/webmvc/json/JacksonMetadata.class]
2016-04-27 17:58:10.896 TRACE 37359 --- [    Test worker] ssPathScanningCandidateComponentProvider : Ignored because not matching any filter: URL [jar:file:/Users/yjayaraman/.gradle/caches/modules-2/files-2.1/org.springframework.data/spring-data-rest-webmvc/2.4.0.RELEASE/834db763dd30c31bb330d981169860e7cd5cbeee/spring-data-rest-webmvc-2.4.0.RELEASE.jar!/org/springframework/data/rest/webmvc/json/JacksonMetadata.class]
2016-04-27 17:58:10.896 TRACE 37359 --- [    Test worker] ssPathScanningCandidateComponentProvider : Scanning URL [jar:file:/Users/yjayaraman/.gradle/caches/modules-2/files-2.1/org.springframework.data/spring-data-rest-webmvc/2.4.0.RELEASE/834db763dd30c31bb330d981169860e7cd5cbeee/spring-data-rest-webmvc-2.4.0.RELEASE.jar!/org/springframework/data/rest/webmvc/json/Jackson2DatatypeHelper$Hibernate4ModuleRegistrar.class]
2016-04-27 17:58:10.896 TRACE 37359 --- [    Test worker] ssPathScanningCandidateComponentProvider : Ignored because not matching any filter: URL [jar:file:/Users/yjayaraman/.gradle/caches/modules-2/files-2.1/org.springframework.data/spring-data-rest-webmvc/2.4.0.RELEASE/834db763dd30c31bb330d981169860e7cd5cbeee/spring-data-rest-webmvc-2.4.0.RELEASE.jar!/org/springframework/data/rest/webmvc/json/Jackson2DatatypeHelper$Hibernate4ModuleRegistrar.class]
2016-04-27 17:58:10.896 TRACE 37359 --- [    Test worker] ssPathScanningCandidateComponentProvider : Scanning URL [jar:file:/Users/yjayaraman/.gradle/caches/modules-2/files-2.1/org.springframework.data/spring-data-rest-webmvc/2.4.0.RELEASE/834db763dd30c31bb330d981169860e7cd5cbeee/spring-data-rest-webmvc-2.4.0.RELEASE.jar!/org/springframework/data/rest/webmvc/json/PersistentEntityJackson2Module$PersistentEntityResourceSerializer$1.class]
2016-04-27 17:58:10.896 TRACE 37359 --- [    Test worker] ssPathScanningCandidateComponentProvider : Ignored because not matching any filter: URL [jar:file:/Users/yjayaraman/.gradle/caches/modules-2/files-2.1/org.springframework.data/spring-data-rest-webmvc/2.4.0.RELEASE/834db763dd30c31bb330d981169860e7cd5cbeee/spring-data-rest-webmvc-2.4.0.RELEASE.jar!/org/springframework/data/rest/webmvc/json/PersistentEntityJackson2Module$PersistentEntityResourceSerializer$1.class]
2016-04-27 17:58:10.896 TRACE 37359 --- [    Test worker] ssPathScanningCandidateComponentProvider : Scanning URL [jar:file:/Users/yjayaraman/.gradle/caches/modules-2/files-2.1/org.springframework.data/spring-data-rest-webmvc/2.4.0.RELEASE/834db763dd30c31bb330d981169860e7cd5cbeee/spring-data-rest-webmvc-2.4.0.RELEASE.jar!/org/springframework/data/rest/webmvc/json/PersistentEntityJackson2Module$ProjectionResourceContent.class]
2016-04-27 17:58:10.896 TRACE 37359 --- [    Test worker] ssPathScanningCandidateComponentProvider : Ignored because not matching any filter: URL [jar:file:/Users/yjayaraman/.gradle/caches/modules-2/files-2.1/org.springframework.data/spring-data-rest-webmvc/2.4.0.RELEASE/834db763dd30c31bb330d981169860e7cd5cbeee/spring-data-rest-webmvc-2.4.0.RELEASE.jar!/org/springframework/data/rest/webmvc/json/PersistentEntityJackson2Module$ProjectionResourceContent.class]
2016-04-27 17:58:10.896 TRACE 37359 --- [    Test worker] ssPathScanningCandidateComponentProvider : Scanning URL [jar:file:/Users/yjayaraman/.gradle/caches/modules-2/files-2.1/org.springframework.data/spring-data-rest-webmvc/2.4.0.RELEASE/834db763dd30c31bb330d981169860e7cd5cbeee/spring-data-rest-webmvc-2.4.0.RELEASE.jar!/org/springframework/data/rest/webmvc/json/JsonSchema.class]
2016-04-27 17:58:10.896 TRACE 37359 --- [    Test worker] ssPathScanningCandidateComponentProvider : Ignored because not matching any filter: URL [jar:file:/Users/yjayaraman/.gradle/caches/modules-2/files-2.1/org.springframework.data/spring-data-rest-webmvc/2.4.0.RELEASE/834db763dd30c31bb330d981169860e7cd5cbeee/spring-data-rest-webmvc-2.4.0.RELEASE.jar!/org/springframework/data/rest/webmvc/json/JsonSchema.class]
2016-04-27 17:58:10.896 TRACE 37359 --- [    Test worker] ssPathScanningCandidateComponentProvider : Scanning URL [jar:file:/Users/yjayaraman/.gradle/caches/modules-2/files-2.1/org.springframework.data/spring-data-rest-webmvc/2.4.0.RELEASE/834db763dd30c31bb330d981169860e7cd5cbeee/spring-data-rest-webmvc-2.4.0.RELEASE.jar!/org/springframework/data/rest/webmvc/json/PersistentEntityJackson2Module$AssociationUriResolvingDeserializerModifier.class]
2016-04-27 17:58:10.897 TRACE 37359 --- [    Test worker] ssPathScanningCandidateComponentProvider : Ignored because not matching any filter: URL [jar:file:/Users/yjayaraman/.gradle/caches/modules-2/files-2.1/org.springframework.data/spring-data-rest-webmvc/2.4.0.RELEASE/834db763dd30c31bb330d981169860e7cd5cbeee/spring-data-rest-webmvc-2.4.0.RELEASE.jar!/org/springframework/data/rest/webmvc/json/PersistentEntityJackson2Module$AssociationUriResolvingDeserializerModifier.class]
2016-04-27 17:58:10.897 TRACE 37359 --- [    Test worker] ssPathScanningCandidateComponentProvider : Scanning URL [jar:file:/Users/yjayaraman/.gradle/caches/modules-2/files-2.1/org.springframework.data/spring-data-rest-webmvc/2.4.0.RELEASE/834db763dd30c31bb330d981169860e7cd5cbeee/spring-data-rest-webmvc-2.4.0.RELEASE.jar!/org/springframework/data/rest/webmvc/json/PersistentEntityJackson2Module$1.class]
2016-04-27 17:58:10.897 TRACE 37359 --- [    Test worker] ssPathScanningCandidateComponentProvider : Ignored because not matching any filter: URL [jar:file:/Users/yjayaraman/.gradle/caches/modules-2/files-2.1/org.springframework.data/spring-data-rest-webmvc/2.4.0.RELEASE/834db763dd30c31bb330d981169860e7cd5cbeee/spring-data-rest-webmvc-2.4.0.RELEASE.jar!/org/springframework/data/rest/webmvc/json/PersistentEntityJackson2Module$1.class]
2016-04-27 17:58:10.897 TRACE 37359 --- [    Test worker] ssPathScanningCandidateComponentProvider : Scanning URL [jar:file:/Users/yjayaraman/.gradle/caches/modules-2/files-2.1/org.springframework.data/spring-data-rest-webmvc/2.4.0.RELEASE/834db763dd30c31bb330d981169860e7cd5cbeee/spring-data-rest-webmvc-2.4.0.RELEASE.jar!/org/springframework/data/rest/webmvc/json/EnumTranslator.class]
2016-04-27 17:58:10.897 TRACE 37359 --- [    Test worker] ssPathScanningCandidateComponentProvider : Ignored because not matching any filter: URL [jar:file:/Users/yjayaraman/.gradle/caches/modules-2/files-2.1/org.springframework.data/spring-data-rest-webmvc/2.4.0.RELEASE/834db763dd30c31bb330d981169860e7cd5cbeee/spring-data-rest-webmvc-2.4.0.RELEASE.jar!/org/springframework/data/rest/webmvc/json/EnumTranslator.class]
2016-04-27 17:58:10.897 TRACE 37359 --- [    Test worker] ssPathScanningCandidateComponentProvider : Scanning URL [jar:file:/Users/yjayaraman/.gradle/caches/modules-2/files-2.1/org.springframework.data/spring-data-rest-webmvc/2.4.0.RELEASE/834db763dd30c31bb330d981169860e7cd5cbeee/spring-data-rest-webmvc-2.4.0.RELEASE.jar!/org/springframework/data/rest/webmvc/json/JacksonSerializers.class]
2016-04-27 17:58:10.897 TRACE 37359 --- [    Test worker] ssPathScanningCandidateComponentProvider : Ignored because not matching any filter: URL [jar:file:/Users/yjayaraman/.gradle/caches/modules-2/files-2.1/org.springframework.data/spring-data-rest-webmvc/2.4.0.RELEASE/834db763dd30c31bb330d981169860e7cd5cbeee/spring-data-rest-webmvc-2.4.0.RELEASE.jar!/org/springframework/data/rest/webmvc/json/JacksonSerializers.class]
2016-04-27 17:58:10.897 TRACE 37359 --- [    Test worker] ssPathScanningCandidateComponentProvider : Scanning URL [jar:file:/Users/yjayaraman/.gradle/caches/modules-2/files-2.1/org.springframework.data/spring-data-rest-webmvc/2.4.0.RELEASE/834db763dd30c31bb330d981169860e7cd5cbeee/spring-data-rest-webmvc-2.4.0.RELEASE.jar!/org/springframework/data/rest/webmvc/json/Jackson2DatatypeHelper.class]
2016-04-27 17:58:10.897 TRACE 37359 --- [    Test worker] ssPathScanningCandidateComponentProvider : Ignored because not matching any filter: URL [jar:file:/Users/yjayaraman/.gradle/caches/modules-2/files-2.1/org.springframework.data/spring-data-rest-webmvc/2.4.0.RELEASE/834db763dd30c31bb330d981169860e7cd5cbeee/spring-data-rest-webmvc-2.4.0.RELEASE.jar!/org/springframework/data/rest/webmvc/json/Jackson2DatatypeHelper.class]
2016-04-27 17:58:10.897 TRACE 37359 --- [    Test worker] ssPathScanningCandidateComponentProvider : Scanning URL [jar:file:/Users/yjayaraman/.gradle/caches/modules-2/files-2.1/org.springframework.data/spring-data-rest-webmvc/2.4.0.RELEASE/834db763dd30c31bb330d981169860e7cd5cbeee/spring-data-rest-webmvc-2.4.0.RELEASE.jar!/org/springframework/data/rest/webmvc/json/PersistentEntityJackson2Module$CollectionValueInstantiator.class]
2016-04-27 17:58:10.897 TRACE 37359 --- [    Test worker] ssPathScanningCandidateComponentProvider : Ignored because not matching any filter: URL [jar:file:/Users/yjayaraman/.gradle/caches/modules-2/files-2.1/org.springframework.data/spring-data-rest-webmvc/2.4.0.RELEASE/834db763dd30c31bb330d981169860e7cd5cbeee/spring-data-rest-webmvc-2.4.0.RELEASE.jar!/org/springframework/data/rest/webmvc/json/PersistentEntityJackson2Module$CollectionValueInstantiator.class]
2016-04-27 17:58:10.897 TRACE 37359 --- [    Test worker] ssPathScanningCandidateComponentProvider : Scanning URL [jar:file:/Users/yjayaraman/.gradle/caches/modules-2/files-2.1/org.springframework.data/spring-data-rest-webmvc/2.4.0.RELEASE/834db763dd30c31bb330d981169860e7cd5cbeee/spring-data-rest-webmvc-2.4.0.RELEASE.jar!/org/springframework/data/rest/webmvc/json/PersistentEntityJackson2Module.class]
2016-04-27 17:58:10.898 TRACE 37359 --- [    Test worker] ssPathScanningCandidateComponentProvider : Ignored because not matching any filter: URL [jar:file:/Users/yjayaraman/.gradle/caches/modules-2/files-2.1/org.springframework.data/spring-data-rest-webmvc/2.4.0.RELEASE/834db763dd30c31bb330d981169860e7cd5cbeee/spring-data-rest-webmvc-2.4.0.RELEASE.jar!/org/springframework/data/rest/webmvc/json/PersistentEntityJackson2Module.class]
2016-04-27 17:58:10.898 TRACE 37359 --- [    Test worker] ssPathScanningCandidateComponentProvider : Scanning URL [jar:file:/Users/yjayaraman/.gradle/caches/modules-2/files-2.1/org.springframework.data/spring-data-rest-webmvc/2.4.0.RELEASE/834db763dd30c31bb330d981169860e7cd5cbeee/spring-data-rest-webmvc-2.4.0.RELEASE.jar!/org/springframework/data/rest/webmvc/json/PersistentEntityToJsonSchemaConverter$DefaultingMessageSourceResolvable.class]
2016-04-27 17:58:10.898 TRACE 37359 --- [    Test worker] ssPathScanningCandidateComponentProvider : Ignored because not matching any filter: URL [jar:file:/Users/yjayaraman/.gradle/caches/modules-2/files-2.1/org.springframework.data/spring-data-rest-webmvc/2.4.0.RELEASE/834db763dd30c31bb330d981169860e7cd5cbeee/spring-data-rest-webmvc-2.4.0.RELEASE.jar!/org/springframework/data/rest/webmvc/json/PersistentEntityToJsonSchemaConverter$DefaultingMessageSourceResolvable.class]
2016-04-27 17:58:10.898 TRACE 37359 --- [    Test worker] ssPathScanningCandidateComponentProvider : Scanning URL [jar:file:/Users/yjayaraman/.gradle/caches/modules-2/files-2.1/org.springframework.data/spring-data-rest-webmvc/2.4.0.RELEASE/834db763dd30c31bb330d981169860e7cd5cbeee/spring-data-rest-webmvc-2.4.0.RELEASE.jar!/org/springframework/data/rest/webmvc/json/PersistentEntityJackson2Module$LinkCollector.class]
2016-04-27 17:58:10.898 TRACE 37359 --- [    Test worker] ssPathScanningCandidateComponentProvider : Ignored because not matching any filter: URL [jar:file:/Users/yjayaraman/.gradle/caches/modules-2/files-2.1/org.springframework.data/spring-data-rest-webmvc/2.4.0.RELEASE/834db763dd30c31bb330d981169860e7cd5cbeee/spring-data-rest-webmvc-2.4.0.RELEASE.jar!/org/springframework/data/rest/webmvc/json/PersistentEntityJackson2Module$LinkCollector.class]
2016-04-27 17:58:10.898 TRACE 37359 --- [    Test worker] ssPathScanningCandidateComponentProvider : Scanning URL [jar:file:/Users/yjayaraman/.gradle/caches/modules-2/files-2.1/org.springframework.data/spring-data-rest-webmvc/2.4.0.RELEASE/834db763dd30c31bb330d981169860e7cd5cbeee/spring-data-rest-webmvc-2.4.0.RELEASE.jar!/org/springframework/data/rest/webmvc/json/PersistentEntityToJsonSchemaConverter$JsonSchemaPropertyRegistrar.class]
2016-04-27 17:58:10.898 TRACE 37359 --- [    Test worker] ssPathScanningCandidateComponentProvider : Ignored because not matching any filter: URL [jar:file:/Users/yjayaraman/.gradle/caches/modules-2/files-2.1/org.springframework.data/spring-data-rest-webmvc/2.4.0.RELEASE/834db763dd30c31bb330d981169860e7cd5cbeee/spring-data-rest-webmvc-2.4.0.RELEASE.jar!/org/springframework/data/rest/webmvc/json/PersistentEntityToJsonSchemaConverter$JsonSchemaPropertyRegistrar.class]
2016-04-27 17:58:10.898 TRACE 37359 --- [    Test worker] ssPathScanningCandidateComponentProvider : Scanning URL [jar:file:/Users/yjayaraman/.gradle/caches/modules-2/files-2.1/org.springframework.data/spring-data-rest-webmvc/2.4.0.RELEASE/834db763dd30c31bb330d981169860e7cd5cbeee/spring-data-rest-webmvc-2.4.0.RELEASE.jar!/org/springframework/data/rest/webmvc/json/PersistentEntityJackson2Module$PersistentEntityResourceSerializer.class]
2016-04-27 17:58:10.898 TRACE 37359 --- [    Test worker] ssPathScanningCandidateComponentProvider : Ignored because not matching any filter: URL [jar:file:/Users/yjayaraman/.gradle/caches/modules-2/files-2.1/org.springframework.data/spring-data-rest-webmvc/2.4.0.RELEASE/834db763dd30c31bb330d981169860e7cd5cbeee/spring-data-rest-webmvc-2.4.0.RELEASE.jar!/org/springframework/data/rest/webmvc/json/PersistentEntityJackson2Module$PersistentEntityResourceSerializer.class]
2016-04-27 17:58:10.898 TRACE 37359 --- [    Test worker] ssPathScanningCandidateComponentProvider : Scanning URL [jar:file:/Users/yjayaraman/.gradle/caches/modules-2/files-2.1/org.springframework.data/spring-data-rest-webmvc/2.4.0.RELEASE/834db763dd30c31bb330d981169860e7cd5cbeee/spring-data-rest-webmvc-2.4.0.RELEASE.jar!/org/springframework/data/rest/webmvc/json/PersistentEntityJackson2Module$AssociationOmittingSerializerModifier.class]
2016-04-27 17:58:10.898 TRACE 37359 --- [    Test worker] ssPathScanningCandidateComponentProvider : Ignored because not matching any filter: URL [jar:file:/Users/yjayaraman/.gradle/caches/modules-2/files-2.1/org.springframework.data/spring-data-rest-webmvc/2.4.0.RELEASE/834db763dd30c31bb330d981169860e7cd5cbeee/spring-data-rest-webmvc-2.4.0.RELEASE.jar!/org/springframework/data/rest/webmvc/json/PersistentEntityJackson2Module$AssociationOmittingSerializerModifier.class]
2016-04-27 17:58:10.898 TRACE 37359 --- [    Test worker] ssPathScanningCandidateComponentProvider : Scanning URL [jar:file:/Users/yjayaraman/.gradle/caches/modules-2/files-2.1/org.springframework.data/spring-data-rest-webmvc/2.4.0.RELEASE/834db763dd30c31bb330d981169860e7cd5cbeee/spring-data-rest-webmvc-2.4.0.RELEASE.jar!/org/springframework/data/rest/webmvc/json/PersistentEntityToJsonSchemaConverter.class]
2016-04-27 17:58:10.899 TRACE 37359 --- [    Test worker] ssPathScanningCandidateComponentProvider : Ignored because not matching any filter: URL [jar:file:/Users/yjayaraman/.gradle/caches/modules-2/files-2.1/org.springframework.data/spring-data-rest-webmvc/2.4.0.RELEASE/834db763dd30c31bb330d981169860e7cd5cbeee/spring-data-rest-webmvc-2.4.0.RELEASE.jar!/org/springframework/data/rest/webmvc/json/PersistentEntityToJsonSchemaConverter.class]
2016-04-27 17:58:10.899 TRACE 37359 --- [    Test worker] ssPathScanningCandidateComponentProvider : Scanning URL [jar:file:/Users/yjayaraman/.gradle/caches/modules-2/files-2.1/org.springframework.data/spring-data-rest-webmvc/2.4.0.RELEASE/834db763dd30c31bb330d981169860e7cd5cbeee/spring-data-rest-webmvc-2.4.0.RELEASE.jar!/org/springframework/data/rest/webmvc/json/Jackson2DatatypeHelper$Hibernate4Checker.class]
2016-04-27 17:58:10.899 TRACE 37359 --- [    Test worker] ssPathScanningCandidateComponentProvider : Ignored because not matching any filter: URL [jar:file:/Users/yjayaraman/.gradle/caches/modules-2/files-2.1/org.springframework.data/spring-data-rest-webmvc/2.4.0.RELEASE/834db763dd30c31bb330d981169860e7cd5cbeee/spring-data-rest-webmvc-2.4.0.RELEASE.jar!/org/springframework/data/rest/webmvc/json/Jackson2DatatypeHelper$Hibernate4Checker.class]
2016-04-27 17:58:10.899 TRACE 37359 --- [    Test worker] ssPathScanningCandidateComponentProvider : Scanning URL [jar:file:/Users/yjayaraman/.gradle/caches/modules-2/files-2.1/org.springframework.data/spring-data-rest-webmvc/2.4.0.RELEASE/834db763dd30c31bb330d981169860e7cd5cbeee/spring-data-rest-webmvc-2.4.0.RELEASE.jar!/org/springframework/data/rest/webmvc/json/PersistentEntityJackson2Module$UriStringDeserializer.class]
2016-04-27 17:58:10.899 TRACE 37359 --- [    Test worker] ssPathScanningCandidateComponentProvider : Ignored because not matching any filter: URL [jar:file:/Users/yjayaraman/.gradle/caches/modules-2/files-2.1/org.springframework.data/spring-data-rest-webmvc/2.4.0.RELEASE/834db763dd30c31bb330d981169860e7cd5cbeee/spring-data-rest-webmvc-2.4.0.RELEASE.jar!/org/springframework/data/rest/webmvc/json/PersistentEntityJackson2Module$UriStringDeserializer.class]
2016-04-27 17:58:10.899 TRACE 37359 --- [    Test worker] ssPathScanningCandidateComponentProvider : Scanning URL [jar:file:/Users/yjayaraman/.gradle/caches/modules-2/files-2.1/org.springframework.data/spring-data-rest-webmvc/2.4.0.RELEASE/834db763dd30c31bb330d981169860e7cd5cbeee/spring-data-rest-webmvc-2.4.0.RELEASE.jar!/org/springframework/data/rest/webmvc/json/Jackson2DatatypeHelper$JodaModuleRegistrar.class]
2016-04-27 17:58:10.899 TRACE 37359 --- [    Test worker] ssPathScanningCandidateComponentProvider : Ignored because not matching any filter: URL [jar:file:/Users/yjayaraman/.gradle/caches/modules-2/files-2.1/org.springframework.data/spring-data-rest-webmvc/2.4.0.RELEASE/834db763dd30c31bb330d981169860e7cd5cbeee/spring-data-rest-webmvc-2.4.0.RELEASE.jar!/org/springframework/data/rest/webmvc/json/Jackson2DatatypeHelper$JodaModuleRegistrar.class]
2016-04-27 17:58:10.899 TRACE 37359 --- [    Test worker] ssPathScanningCandidateComponentProvider : Scanning URL [jar:file:/Users/yjayaraman/.gradle/caches/modules-2/files-2.1/org.springframework.data/spring-data-rest-webmvc/2.4.0.RELEASE/834db763dd30c31bb330d981169860e7cd5cbeee/spring-data-rest-webmvc-2.4.0.RELEASE.jar!/org/springframework/data/rest/webmvc/json/PersistentEntityJackson2Module$ProjectionResourceContentSerializer.class]
2016-04-27 17:58:10.899 TRACE 37359 --- [    Test worker] ssPathScanningCandidateComponentProvider : Ignored because not matching any filter: URL [jar:file:/Users/yjayaraman/.gradle/caches/modules-2/files-2.1/org.springframework.data/spring-data-rest-webmvc/2.4.0.RELEASE/834db763dd30c31bb330d981169860e7cd5cbeee/spring-data-rest-webmvc-2.4.0.RELEASE.jar!/org/springframework/data/rest/webmvc/json/PersistentEntityJackson2Module$ProjectionResourceContentSerializer.class]
2016-04-27 17:58:10.899 TRACE 37359 --- [    Test worker] ssPathScanningCandidateComponentProvider : Scanning URL [jar:file:/Users/yjayaraman/.gradle/caches/modules-2/files-2.1/org.springframework.data/spring-data-rest-webmvc/2.4.0.RELEASE/834db763dd30c31bb330d981169860e7cd5cbeee/spring-data-rest-webmvc-2.4.0.RELEASE.jar!/org/springframework/data/rest/webmvc/json/JsonSchema$Definitions.class]
2016-04-27 17:58:10.900 TRACE 37359 --- [    Test worker] ssPathScanningCandidateComponentProvider : Ignored because not matching any filter: URL [jar:file:/Users/yjayaraman/.gradle/caches/modules-2/files-2.1/org.springframework.data/spring-data-rest-webmvc/2.4.0.RELEASE/834db763dd30c31bb330d981169860e7cd5cbeee/spring-data-rest-webmvc-2.4.0.RELEASE.jar!/org/springframework/data/rest/webmvc/json/JsonSchema$Definitions.class]
2016-04-27 17:58:10.900 TRACE 37359 --- [    Test worker] ssPathScanningCandidateComponentProvider : Scanning URL [jar:file:/Users/yjayaraman/.gradle/caches/modules-2/files-2.1/org.springframework.data/spring-data-rest-webmvc/2.4.0.RELEASE/834db763dd30c31bb330d981169860e7cd5cbeee/spring-data-rest-webmvc-2.4.0.RELEASE.jar!/org/springframework/data/rest/webmvc/json/JsonSchema$JsonSchemaProperty.class]
2016-04-27 17:58:10.900 TRACE 37359 --- [    Test worker] ssPathScanningCandidateComponentProvider : Ignored because not matching any filter: URL [jar:file:/Users/yjayaraman/.gradle/caches/modules-2/files-2.1/org.springframework.data/spring-data-rest-webmvc/2.4.0.RELEASE/834db763dd30c31bb330d981169860e7cd5cbeee/spring-data-rest-webmvc-2.4.0.RELEASE.jar!/org/springframework/data/rest/webmvc/json/JsonSchema$JsonSchemaProperty.class]
2016-04-27 17:58:10.900 TRACE 37359 --- [    Test worker] ssPathScanningCandidateComponentProvider : Scanning URL [jar:file:/Users/yjayaraman/.gradle/caches/modules-2/files-2.1/org.springframework.data/spring-data-rest-webmvc/2.4.0.RELEASE/834db763dd30c31bb330d981169860e7cd5cbeee/spring-data-rest-webmvc-2.4.0.RELEASE.jar!/org/springframework/data/rest/webmvc/spi/BackendIdConverter.class]
2016-04-27 17:58:10.900 TRACE 37359 --- [    Test worker] ssPathScanningCandidateComponentProvider : Ignored because not matching any filter: URL [jar:file:/Users/yjayaraman/.gradle/caches/modules-2/files-2.1/org.springframework.data/spring-data-rest-webmvc/2.4.0.RELEASE/834db763dd30c31bb330d981169860e7cd5cbeee/spring-data-rest-webmvc-2.4.0.RELEASE.jar!/org/springframework/data/rest/webmvc/spi/BackendIdConverter.class]
2016-04-27 17:58:10.900 TRACE 37359 --- [    Test worker] ssPathScanningCandidateComponentProvider : Scanning URL [jar:file:/Users/yjayaraman/.gradle/caches/modules-2/files-2.1/org.springframework.data/spring-data-rest-webmvc/2.4.0.RELEASE/834db763dd30c31bb330d981169860e7cd5cbeee/spring-data-rest-webmvc-2.4.0.RELEASE.jar!/org/springframework/data/rest/webmvc/spi/BackendIdConverter$DefaultIdConverter.class]
2016-04-27 17:58:10.900 TRACE 37359 --- [    Test worker] ssPathScanningCandidateComponentProvider : Ignored because not matching any filter: URL [jar:file:/Users/yjayaraman/.gradle/caches/modules-2/files-2.1/org.springframework.data/spring-data-rest-webmvc/2.4.0.RELEASE/834db763dd30c31bb330d981169860e7cd5cbeee/spring-data-rest-webmvc-2.4.0.RELEASE.jar!/org/springframework/data/rest/webmvc/spi/BackendIdConverter$DefaultIdConverter.class]
2016-04-27 17:58:10.900 TRACE 37359 --- [    Test worker] ssPathScanningCandidateComponentProvider : Scanning URL [jar:file:/Users/yjayaraman/.gradle/caches/modules-2/files-2.1/org.springframework.data/spring-data-rest-webmvc/2.4.0.RELEASE/834db763dd30c31bb330d981169860e7cd5cbeee/spring-data-rest-webmvc-2.4.0.RELEASE.jar!/org/springframework/data/rest/webmvc/RootResourceInformation.class]
2016-04-27 17:58:10.900 TRACE 37359 --- [    Test worker] ssPathScanningCandidateComponentProvider : Ignored because not matching any filter: URL [jar:file:/Users/yjayaraman/.gradle/caches/modules-2/files-2.1/org.springframework.data/spring-data-rest-webmvc/2.4.0.RELEASE/834db763dd30c31bb330d981169860e7cd5cbeee/spring-data-rest-webmvc-2.4.0.RELEASE.jar!/org/springframework/data/rest/webmvc/RootResourceInformation.class]
2016-04-27 17:58:10.900 TRACE 37359 --- [    Test worker] ssPathScanningCandidateComponentProvider : Scanning URL [jar:file:/Users/yjayaraman/.gradle/caches/modules-2/files-2.1/org.springframework.data/spring-data-rest-webmvc/2.4.0.RELEASE/834db763dd30c31bb330d981169860e7cd5cbeee/spring-data-rest-webmvc-2.4.0.RELEASE.jar!/org/springframework/data/rest/webmvc/RepositoryRestHandlerMapping.class]
2016-04-27 17:58:10.900 TRACE 37359 --- [    Test worker] ssPathScanningCandidateComponentProvider : Ignored because not matching any filter: URL [jar:file:/Users/yjayaraman/.gradle/caches/modules-2/files-2.1/org.springframework.data/spring-data-rest-webmvc/2.4.0.RELEASE/834db763dd30c31bb330d981169860e7cd5cbeee/spring-data-rest-webmvc-2.4.0.RELEASE.jar!/org/springframework/data/rest/webmvc/RepositoryRestHandlerMapping.class]
2016-04-27 17:58:10.900 TRACE 37359 --- [    Test worker] ssPathScanningCandidateComponentProvider : Scanning URL [jar:file:/Users/yjayaraman/.gradle/caches/modules-2/files-2.1/org.springframework.data/spring-data-rest-webmvc/2.4.0.RELEASE/834db763dd30c31bb330d981169860e7cd5cbeee/spring-data-rest-webmvc-2.4.0.RELEASE.jar!/org/springframework/data/rest/webmvc/ResourceProcessorHandlerMethodReturnValueHandler$ResourcesProcessorWrapper.class]
2016-04-27 17:58:10.901 TRACE 37359 --- [    Test worker] ssPathScanningCandidateComponentProvider : Ignored because not matching any filter: URL [jar:file:/Users/yjayaraman/.gradle/caches/modules-2/files-2.1/org.springframework.data/spring-data-rest-webmvc/2.4.0.RELEASE/834db763dd30c31bb330d981169860e7cd5cbeee/spring-data-rest-webmvc-2.4.0.RELEASE.jar!/org/springframework/data/rest/webmvc/ResourceProcessorHandlerMethodReturnValueHandler$ResourcesProcessorWrapper.class]
2016-04-27 17:58:10.901 TRACE 37359 --- [    Test worker] ssPathScanningCandidateComponentProvider : Scanning URL [jar:file:/Users/yjayaraman/.gradle/caches/modules-2/files-2.1/org.springframework.data/spring-data-rest-webmvc/2.4.0.RELEASE/834db763dd30c31bb330d981169860e7cd5cbeee/spring-data-rest-webmvc-2.4.0.RELEASE.jar!/org/springframework/data/rest/webmvc/BasePathAwareController.class]
2016-04-27 17:58:10.901 TRACE 37359 --- [    Test worker] ssPathScanningCandidateComponentProvider : Ignored because not matching any filter: URL [jar:file:/Users/yjayaraman/.gradle/caches/modules-2/files-2.1/org.springframework.data/spring-data-rest-webmvc/2.4.0.RELEASE/834db763dd30c31bb330d981169860e7cd5cbeee/spring-data-rest-webmvc-2.4.0.RELEASE.jar!/org/springframework/data/rest/webmvc/BasePathAwareController.class]
2016-04-27 17:58:10.901 TRACE 37359 --- [    Test worker] ssPathScanningCandidateComponentProvider : Scanning URL [jar:file:/Users/yjayaraman/.gradle/caches/modules-2/files-2.1/org.springframework.data/spring-data-rest-webmvc/2.4.0.RELEASE/834db763dd30c31bb330d981169860e7cd5cbeee/spring-data-rest-webmvc-2.4.0.RELEASE.jar!/org/springframework/data/rest/webmvc/IncomingRequest.class]
2016-04-27 17:58:10.901 TRACE 37359 --- [    Test worker] ssPathScanningCandidateComponentProvider : Ignored because not matching any filter: URL [jar:file:/Users/yjayaraman/.gradle/caches/modules-2/files-2.1/org.springframework.data/spring-data-rest-webmvc/2.4.0.RELEASE/834db763dd30c31bb330d981169860e7cd5cbeee/spring-data-rest-webmvc-2.4.0.RELEASE.jar!/org/springframework/data/rest/webmvc/IncomingRequest.class]
2016-04-27 17:58:10.901 TRACE 37359 --- [    Test worker] ssPathScanningCandidateComponentProvider : Scanning URL [jar:file:/Users/yjayaraman/.gradle/caches/modules-2/files-2.1/org.springframework.data/spring-data-rest-webmvc/2.4.0.RELEASE/834db763dd30c31bb330d981169860e7cd5cbeee/spring-data-rest-webmvc-2.4.0.RELEASE.jar!/org/springframework/data/rest/webmvc/PersistentEntityResource$NoLinksResources.class]
2016-04-27 17:58:10.901 TRACE 37359 --- [    Test worker] ssPathScanningCandidateComponentProvider : Ignored because not matching any filter: URL [jar:file:/Users/yjayaraman/.gradle/caches/modules-2/files-2.1/org.springframework.data/spring-data-rest-webmvc/2.4.0.RELEASE/834db763dd30c31bb330d981169860e7cd5cbeee/spring-data-rest-webmvc-2.4.0.RELEASE.jar!/org/springframework/data/rest/webmvc/PersistentEntityResource$NoLinksResources.class]
2016-04-27 17:58:10.901 TRACE 37359 --- [    Test worker] ssPathScanningCandidateComponentProvider : Scanning URL [jar:file:/Users/yjayaraman/.gradle/caches/modules-2/files-2.1/org.springframework.data/spring-data-rest-webmvc/2.4.0.RELEASE/834db763dd30c31bb330d981169860e7cd5cbeee/spring-data-rest-webmvc-2.4.0.RELEASE.jar!/org/springframework/data/rest/webmvc/ResourceProcessorHandlerMethodReturnValueHandler$DefaultProcessorWrapper.class]
2016-04-27 17:58:10.901 TRACE 37359 --- [    Test worker] ssPathScanningCandidateComponentProvider : Ignored because not matching any filter: URL [jar:file:/Users/yjayaraman/.gradle/caches/modules-2/files-2.1/org.springframework.data/spring-data-rest-webmvc/2.4.0.RELEASE/834db763dd30c31bb330d981169860e7cd5cbeee/spring-data-rest-webmvc-2.4.0.RELEASE.jar!/org/springframework/data/rest/webmvc/ResourceProcessorHandlerMethodReturnValueHandler$DefaultProcessorWrapper.class]
2016-04-27 17:58:10.901 TRACE 37359 --- [    Test worker] ssPathScanningCandidateComponentProvider : Scanning URL [jar:file:/Users/yjayaraman/.gradle/caches/modules-2/files-2.1/org.springframework.data/spring-data-rest-webmvc/2.4.0.RELEASE/834db763dd30c31bb330d981169860e7cd5cbeee/spring-data-rest-webmvc-2.4.0.RELEASE.jar!/org/springframework/data/rest/webmvc/ProfileResourceProcessor.class]
2016-04-27 17:58:10.901 TRACE 37359 --- [    Test worker] ssPathScanningCandidateComponentProvider : Ignored because not matching any filter: URL [jar:file:/Users/yjayaraman/.gradle/caches/modules-2/files-2.1/org.springframework.data/spring-data-rest-webmvc/2.4.0.RELEASE/834db763dd30c31bb330d981169860e7cd5cbeee/spring-data-rest-webmvc-2.4.0.RELEASE.jar!/org/springframework/data/rest/webmvc/ProfileResourceProcessor.class]
2016-04-27 17:58:10.901 TRACE 37359 --- [    Test worker] ssPathScanningCandidateComponentProvider : Scanning URL [jar:file:/Users/yjayaraman/.gradle/caches/modules-2/files-2.1/org.springframework.data/spring-data-rest-webmvc/2.4.0.RELEASE/834db763dd30c31bb330d981169860e7cd5cbeee/spring-data-rest-webmvc-2.4.0.RELEASE.jar!/org/springframework/data/rest/webmvc/config/RepositoryRestConfigurerAdapter.class]
2016-04-27 17:58:10.902 TRACE 37359 --- [    Test worker] ssPathScanningCandidateComponentProvider : Ignored because not matching any filter: URL [jar:file:/Users/yjayaraman/.gradle/caches/modules-2/files-2.1/org.springframework.data/spring-data-rest-webmvc/2.4.0.RELEASE/834db763dd30c31bb330d981169860e7cd5cbeee/spring-data-rest-webmvc-2.4.0.RELEASE.jar!/org/springframework/data/rest/webmvc/config/RepositoryRestConfigurerAdapter.class]
2016-04-27 17:58:10.902 TRACE 37359 --- [    Test worker] ssPathScanningCandidateComponentProvider : Scanning URL [jar:file:/Users/yjayaraman/.gradle/caches/modules-2/files-2.1/org.springframework.data/spring-data-rest-webmvc/2.4.0.RELEASE/834db763dd30c31bb330d981169860e7cd5cbeee/spring-data-rest-webmvc-2.4.0.RELEASE.jar!/org/springframework/data/rest/webmvc/config/ResourceMetadataHandlerMethodArgumentResolver.class]
2016-04-27 17:58:10.902 TRACE 37359 --- [    Test worker] ssPathScanningCandidateComponentProvider : Ignored because not matching any filter: URL [jar:file:/Users/yjayaraman/.gradle/caches/modules-2/files-2.1/org.springframework.data/spring-data-rest-webmvc/2.4.0.RELEASE/834db763dd30c31bb330d981169860e7cd5cbeee/spring-data-rest-webmvc-2.4.0.RELEASE.jar!/org/springframework/data/rest/webmvc/config/ResourceMetadataHandlerMethodArgumentResolver.class]
2016-04-27 17:58:10.902 TRACE 37359 --- [    Test worker] ssPathScanningCandidateComponentProvider : Scanning URL [jar:file:/Users/yjayaraman/.gradle/caches/modules-2/files-2.1/org.springframework.data/spring-data-rest-webmvc/2.4.0.RELEASE/834db763dd30c31bb330d981169860e7cd5cbeee/spring-data-rest-webmvc-2.4.0.RELEASE.jar!/org/springframework/data/rest/webmvc/config/RepositoryRestMvcConfiguration$ResourceSupportHttpMessageConverter.class]
2016-04-27 17:58:10.902 TRACE 37359 --- [    Test worker] ssPathScanningCandidateComponentProvider : Ignored because not matching any filter: URL [jar:file:/Users/yjayaraman/.gradle/caches/modules-2/files-2.1/org.springframework.data/spring-data-rest-webmvc/2.4.0.RELEASE/834db763dd30c31bb330d981169860e7cd5cbeee/spring-data-rest-webmvc-2.4.0.RELEASE.jar!/org/springframework/data/rest/webmvc/config/RepositoryRestMvcConfiguration$ResourceSupportHttpMessageConverter.class]
2016-04-27 17:58:10.902 TRACE 37359 --- [    Test worker] ssPathScanningCandidateComponentProvider : Scanning URL [jar:file:/Users/yjayaraman/.gradle/caches/modules-2/files-2.1/org.springframework.data/spring-data-rest-webmvc/2.4.0.RELEASE/834db763dd30c31bb330d981169860e7cd5cbeee/spring-data-rest-webmvc-2.4.0.RELEASE.jar!/org/springframework/data/rest/webmvc/config/ArgumentResolverPagingAndSortingTemplateVariables.class]
2016-04-27 17:58:10.902 TRACE 37359 --- [    Test worker] ssPathScanningCandidateComponentProvider : Ignored because not matching any filter: URL [jar:file:/Users/yjayaraman/.gradle/caches/modules-2/files-2.1/org.springframework.data/spring-data-rest-webmvc/2.4.0.RELEASE/834db763dd30c31bb330d981169860e7cd5cbeee/spring-data-rest-webmvc-2.4.0.RELEASE.jar!/org/springframework/data/rest/webmvc/config/ArgumentResolverPagingAndSortingTemplateVariables.class]
2016-04-27 17:58:10.902 TRACE 37359 --- [    Test worker] ssPathScanningCandidateComponentProvider : Scanning URL [jar:file:/Users/yjayaraman/.gradle/caches/modules-2/files-2.1/org.springframework.data/spring-data-rest-webmvc/2.4.0.RELEASE/834db763dd30c31bb330d981169860e7cd5cbeee/spring-data-rest-webmvc-2.4.0.RELEASE.jar!/org/springframework/data/rest/webmvc/config/JsonPatchHandler.class]
2016-04-27 17:58:10.902 TRACE 37359 --- [    Test worker] ssPathScanningCandidateComponentProvider : Ignored because not matching any filter: URL [jar:file:/Users/yjayaraman/.gradle/caches/modules-2/files-2.1/org.springframework.data/spring-data-rest-webmvc/2.4.0.RELEASE/834db763dd30c31bb330d981169860e7cd5cbeee/spring-data-rest-webmvc-2.4.0.RELEASE.jar!/org/springframework/data/rest/webmvc/config/JsonPatchHandler.class]
2016-04-27 17:58:10.902 TRACE 37359 --- [    Test worker] ssPathScanningCandidateComponentProvider : Scanning URL [jar:file:/Users/yjayaraman/.gradle/caches/modules-2/files-2.1/org.springframework.data/spring-data-rest-webmvc/2.4.0.RELEASE/834db763dd30c31bb330d981169860e7cd5cbeee/spring-data-rest-webmvc-2.4.0.RELEASE.jar!/org/springframework/data/rest/webmvc/config/RepositoryRestConfigurerDelegate.class]
2016-04-27 17:58:10.903 TRACE 37359 --- [    Test worker] ssPathScanningCandidateComponentProvider : Ignored because not matching any filter: URL [jar:file:/Users/yjayaraman/.gradle/caches/modules-2/files-2.1/org.springframework.data/spring-data-rest-webmvc/2.4.0.RELEASE/834db763dd30c31bb330d981169860e7cd5cbeee/spring-data-rest-webmvc-2.4.0.RELEASE.jar!/org/springframework/data/rest/webmvc/config/RepositoryRestConfigurerDelegate.class]
2016-04-27 17:58:10.903 TRACE 37359 --- [    Test worker] ssPathScanningCandidateComponentProvider : Scanning URL [jar:file:/Users/yjayaraman/.gradle/caches/modules-2/files-2.1/org.springframework.data/spring-data-rest-webmvc/2.4.0.RELEASE/834db763dd30c31bb330d981169860e7cd5cbeee/spring-data-rest-webmvc-2.4.0.RELEASE.jar!/org/springframework/data/rest/webmvc/config/PersistentEntityResourceHandlerMethodArgumentResolver.class]
2016-04-27 17:58:10.903 TRACE 37359 --- [    Test worker] ssPathScanningCandidateComponentProvider : Ignored because not matching any filter: URL [jar:file:/Users/yjayaraman/.gradle/caches/modules-2/files-2.1/org.springframework.data/spring-data-rest-webmvc/2.4.0.RELEASE/834db763dd30c31bb330d981169860e7cd5cbeee/spring-data-rest-webmvc-2.4.0.RELEASE.jar!/org/springframework/data/rest/webmvc/config/PersistentEntityResourceHandlerMethodArgumentResolver.class]
2016-04-27 17:58:10.903 TRACE 37359 --- [    Test worker] ssPathScanningCandidateComponentProvider : Scanning URL [jar:file:/Users/yjayaraman/.gradle/caches/modules-2/files-2.1/org.springframework.data/spring-data-rest-webmvc/2.4.0.RELEASE/834db763dd30c31bb330d981169860e7cd5cbeee/spring-data-rest-webmvc-2.4.0.RELEASE.jar!/org/springframework/data/rest/webmvc/config/PersistentEntityResourceAssemblerArgumentResolver.class]
2016-04-27 17:58:10.903 TRACE 37359 --- [    Test worker] ssPathScanningCandidateComponentProvider : Ignored because not matching any filter: URL [jar:file:/Users/yjayaraman/.gradle/caches/modules-2/files-2.1/org.springframework.data/spring-data-rest-webmvc/2.4.0.RELEASE/834db763dd30c31bb330d981169860e7cd5cbeee/spring-data-rest-webmvc-2.4.0.RELEASE.jar!/org/springframework/data/rest/webmvc/config/PersistentEntityResourceAssemblerArgumentResolver.class]
2016-04-27 17:58:10.903 TRACE 37359 --- [    Test worker] ssPathScanningCandidateComponentProvider : Scanning URL [jar:file:/Users/yjayaraman/.gradle/caches/modules-2/files-2.1/org.springframework.data/spring-data-rest-webmvc/2.4.0.RELEASE/834db763dd30c31bb330d981169860e7cd5cbeee/spring-data-rest-webmvc-2.4.0.RELEASE.jar!/org/springframework/data/rest/webmvc/config/RootResourceInformationHandlerMethodArgumentResolver.class]
2016-04-27 17:58:10.903 TRACE 37359 --- [    Test worker] ssPathScanningCandidateComponentProvider : Ignored because not matching any filter: URL [jar:file:/Users/yjayaraman/.gradle/caches/modules-2/files-2.1/org.springframework.data/spring-data-rest-webmvc/2.4.0.RELEASE/834db763dd30c31bb330d981169860e7cd5cbeee/spring-data-rest-webmvc-2.4.0.RELEASE.jar!/org/springframework/data/rest/webmvc/config/RootResourceInformationHandlerMethodArgumentResolver.class]
2016-04-27 17:58:10.903 TRACE 37359 --- [    Test worker] ssPathScanningCandidateComponentProvider : Scanning URL [jar:file:/Users/yjayaraman/.gradle/caches/modules-2/files-2.1/org.springframework.data/spring-data-rest-webmvc/2.4.0.RELEASE/834db763dd30c31bb330d981169860e7cd5cbeee/spring-data-rest-webmvc-2.4.0.RELEASE.jar!/org/springframework/data/rest/webmvc/config/RepositoryRestConfigurer.class]
2016-04-27 17:58:10.903 TRACE 37359 --- [    Test worker] ssPathScanningCandidateComponentProvider : Ignored because not matching any filter: URL [jar:file:/Users/yjayaraman/.gradle/caches/modules-2/files-2.1/org.springframework.data/spring-data-rest-webmvc/2.4.0.RELEASE/834db763dd30c31bb330d981169860e7cd5cbeee/spring-data-rest-webmvc-2.4.0.RELEASE.jar!/org/springframework/data/rest/webmvc/config/RepositoryRestConfigurer.class]
2016-04-27 17:58:10.903 TRACE 37359 --- [    Test worker] ssPathScanningCandidateComponentProvider : Scanning URL [jar:file:/Users/yjayaraman/.gradle/caches/modules-2/files-2.1/org.springframework.data/spring-data-rest-webmvc/2.4.0.RELEASE/834db763dd30c31bb330d981169860e7cd5cbeee/spring-data-rest-webmvc-2.4.0.RELEASE.jar!/org/springframework/data/rest/webmvc/config/QuerydslAwareRootResourceInformationHandlerMethodArgumentResolver.class]
2016-04-27 17:58:10.903 TRACE 37359 --- [    Test worker] ssPathScanningCandidateComponentProvider : Ignored because not matching any filter: URL [jar:file:/Users/yjayaraman/.gradle/caches/modules-2/files-2.1/org.springframework.data/spring-data-rest-webmvc/2.4.0.RELEASE/834db763dd30c31bb330d981169860e7cd5cbeee/spring-data-rest-webmvc-2.4.0.RELEASE.jar!/org/springframework/data/rest/webmvc/config/QuerydslAwareRootResourceInformationHandlerMethodArgumentResolver.class]
2016-04-27 17:58:10.903 TRACE 37359 --- [    Test worker] ssPathScanningCandidateComponentProvider : Scanning URL [jar:file:/Users/yjayaraman/.gradle/caches/modules-2/files-2.1/org.springframework.data/spring-data-rest-webmvc/2.4.0.RELEASE/834db763dd30c31bb330d981169860e7cd5cbeee/spring-data-rest-webmvc-2.4.0.RELEASE.jar!/org/springframework/data/rest/webmvc/config/RepositoryRestMvcConfiguration.class]
2016-04-27 17:58:10.905 TRACE 37359 --- [    Test worker] ssPathScanningCandidateComponentProvider : Ignored because not matching any filter: URL [jar:file:/Users/yjayaraman/.gradle/caches/modules-2/files-2.1/org.springframework.data/spring-data-rest-webmvc/2.4.0.RELEASE/834db763dd30c31bb330d981169860e7cd5cbeee/spring-data-rest-webmvc-2.4.0.RELEASE.jar!/org/springframework/data/rest/webmvc/config/RepositoryRestMvcConfiguration.class]
2016-04-27 17:58:10.905 TRACE 37359 --- [    Test worker] ssPathScanningCandidateComponentProvider : Scanning URL [jar:file:/Users/yjayaraman/.gradle/caches/modules-2/files-2.1/org.springframework.data/spring-data-rest-webmvc/2.4.0.RELEASE/834db763dd30c31bb330d981169860e7cd5cbeee/spring-data-rest-webmvc-2.4.0.RELEASE.jar!/org/springframework/data/rest/webmvc/BasePathAwareHandlerMapping.class]
2016-04-27 17:58:10.905 TRACE 37359 --- [    Test worker] ssPathScanningCandidateComponentProvider : Ignored because not matching any filter: URL [jar:file:/Users/yjayaraman/.gradle/caches/modules-2/files-2.1/org.springframework.data/spring-data-rest-webmvc/2.4.0.RELEASE/834db763dd30c31bb330d981169860e7cd5cbeee/spring-data-rest-webmvc-2.4.0.RELEASE.jar!/org/springframework/data/rest/webmvc/BasePathAwareHandlerMapping.class]
2016-04-27 17:58:10.905 TRACE 37359 --- [    Test worker] ssPathScanningCandidateComponentProvider : Scanning URL [jar:file:/Users/yjayaraman/.gradle/caches/modules-2/files-2.1/org.springframework.data/spring-data-rest-webmvc/2.4.0.RELEASE/834db763dd30c31bb330d981169860e7cd5cbeee/spring-data-rest-webmvc-2.4.0.RELEASE.jar!/org/springframework/data/rest/webmvc/support/BackendIdHandlerMethodArgumentResolver.class]
2016-04-27 17:58:10.905 TRACE 37359 --- [    Test worker] ssPathScanningCandidateComponentProvider : Ignored because not matching any filter: URL [jar:file:/Users/yjayaraman/.gradle/caches/modules-2/files-2.1/org.springframework.data/spring-data-rest-webmvc/2.4.0.RELEASE/834db763dd30c31bb330d981169860e7cd5cbeee/spring-data-rest-webmvc-2.4.0.RELEASE.jar!/org/springframework/data/rest/webmvc/support/BackendIdHandlerMethodArgumentResolver.class]
2016-04-27 17:58:10.905 TRACE 37359 --- [    Test worker] ssPathScanningCandidateComponentProvider : Scanning URL [jar:file:/Users/yjayaraman/.gradle/caches/modules-2/files-2.1/org.springframework.data/spring-data-rest-webmvc/2.4.0.RELEASE/834db763dd30c31bb330d981169860e7cd5cbeee/spring-data-rest-webmvc-2.4.0.RELEASE.jar!/org/springframework/data/rest/webmvc/support/PagingAndSortingTemplateVariables.class]
2016-04-27 17:58:10.905 TRACE 37359 --- [    Test worker] ssPathScanningCandidateComponentProvider : Ignored because not matching any filter: URL [jar:file:/Users/yjayaraman/.gradle/caches/modules-2/files-2.1/org.springframework.data/spring-data-rest-webmvc/2.4.0.RELEASE/834db763dd30c31bb330d981169860e7cd5cbeee/spring-data-rest-webmvc-2.4.0.RELEASE.jar!/org/springframework/data/rest/webmvc/support/PagingAndSortingTemplateVariables.class]
2016-04-27 17:58:10.905 TRACE 37359 --- [    Test worker] ssPathScanningCandidateComponentProvider : Scanning URL [jar:file:/Users/yjayaraman/.gradle/caches/modules-2/files-2.1/org.springframework.data/spring-data-rest-webmvc/2.4.0.RELEASE/834db763dd30c31bb330d981169860e7cd5cbeee/spring-data-rest-webmvc-2.4.0.RELEASE.jar!/org/springframework/data/rest/webmvc/support/ConstraintViolationExceptionMessage.class]
2016-04-27 17:58:10.905 TRACE 37359 --- [    Test worker] ssPathScanningCandidateComponentProvider : Ignored because not matching any filter: URL [jar:file:/Users/yjayaraman/.gradle/caches/modules-2/files-2.1/org.springframework.data/spring-data-rest-webmvc/2.4.0.RELEASE/834db763dd30c31bb330d981169860e7cd5cbeee/spring-data-rest-webmvc-2.4.0.RELEASE.jar!/org/springframework/data/rest/webmvc/support/ConstraintViolationExceptionMessage.class]
2016-04-27 17:58:10.905 TRACE 37359 --- [    Test worker] ssPathScanningCandidateComponentProvider : Scanning URL [jar:file:/Users/yjayaraman/.gradle/caches/modules-2/files-2.1/org.springframework.data/spring-data-rest-webmvc/2.4.0.RELEASE/834db763dd30c31bb330d981169860e7cd5cbeee/spring-data-rest-webmvc-2.4.0.RELEASE.jar!/org/springframework/data/rest/webmvc/support/DefaultedPageableHandlerMethodArgumentResolver.class]
2016-04-27 17:58:10.906 TRACE 37359 --- [    Test worker] ssPathScanningCandidateComponentProvider : Ignored because not matching any filter: URL [jar:file:/Users/yjayaraman/.gradle/caches/modules-2/files-2.1/org.springframework.data/spring-data-rest-webmvc/2.4.0.RELEASE/834db763dd30c31bb330d981169860e7cd5cbeee/spring-data-rest-webmvc-2.4.0.RELEASE.jar!/org/springframework/data/rest/webmvc/support/DefaultedPageableHandlerMethodArgumentResolver.class]
2016-04-27 17:58:10.906 TRACE 37359 --- [    Test worker] ssPathScanningCandidateComponentProvider : Scanning URL [jar:file:/Users/yjayaraman/.gradle/caches/modules-2/files-2.1/org.springframework.data/spring-data-rest-webmvc/2.4.0.RELEASE/834db763dd30c31bb330d981169860e7cd5cbeee/spring-data-rest-webmvc-2.4.0.RELEASE.jar!/org/springframework/data/rest/webmvc/support/ETagDoesntMatchException.class]
2016-04-27 17:58:10.906 TRACE 37359 --- [    Test worker] ssPathScanningCandidateComponentProvider : Ignored because not matching any filter: URL [jar:file:/Users/yjayaraman/.gradle/caches/modules-2/files-2.1/org.springframework.data/spring-data-rest-webmvc/2.4.0.RELEASE/834db763dd30c31bb330d981169860e7cd5cbeee/spring-data-rest-webmvc-2.4.0.RELEASE.jar!/org/springframework/data/rest/webmvc/support/ETagDoesntMatchException.class]
2016-04-27 17:58:10.906 TRACE 37359 --- [    Test worker] ssPathScanningCandidateComponentProvider : Scanning URL [jar:file:/Users/yjayaraman/.gradle/caches/modules-2/files-2.1/org.springframework.data/spring-data-rest-webmvc/2.4.0.RELEASE/834db763dd30c31bb330d981169860e7cd5cbeee/spring-data-rest-webmvc-2.4.0.RELEASE.jar!/org/springframework/data/rest/webmvc/support/DelegatingHandlerMapping.class]
2016-04-27 17:58:10.906 TRACE 37359 --- [    Test worker] ssPathScanningCandidateComponentProvider : Ignored because not matching any filter: URL [jar:file:/Users/yjayaraman/.gradle/caches/modules-2/files-2.1/org.springframework.data/spring-data-rest-webmvc/2.4.0.RELEASE/834db763dd30c31bb330d981169860e7cd5cbeee/spring-data-rest-webmvc-2.4.0.RELEASE.jar!/org/springframework/data/rest/webmvc/support/DelegatingHandlerMapping.class]
2016-04-27 17:58:10.906 TRACE 37359 --- [    Test worker] ssPathScanningCandidateComponentProvider : Scanning URL [jar:file:/Users/yjayaraman/.gradle/caches/modules-2/files-2.1/org.springframework.data/spring-data-rest-webmvc/2.4.0.RELEASE/834db763dd30c31bb330d981169860e7cd5cbeee/spring-data-rest-webmvc-2.4.0.RELEASE.jar!/org/springframework/data/rest/webmvc/support/RepositoryEntityLinks.class]
2016-04-27 17:58:10.906 TRACE 37359 --- [    Test worker] ssPathScanningCandidateComponentProvider : Ignored because not matching any filter: URL [jar:file:/Users/yjayaraman/.gradle/caches/modules-2/files-2.1/org.springframework.data/spring-data-rest-webmvc/2.4.0.RELEASE/834db763dd30c31bb330d981169860e7cd5cbeee/spring-data-rest-webmvc-2.4.0.RELEASE.jar!/org/springframework/data/rest/webmvc/support/RepositoryEntityLinks.class]
2016-04-27 17:58:10.906 TRACE 37359 --- [    Test worker] ssPathScanningCandidateComponentProvider : Scanning URL [jar:file:/Users/yjayaraman/.gradle/caches/modules-2/files-2.1/org.springframework.data/spring-data-rest-webmvc/2.4.0.RELEASE/834db763dd30c31bb330d981169860e7cd5cbeee/spring-data-rest-webmvc-2.4.0.RELEASE.jar!/org/springframework/data/rest/webmvc/support/Projector.class]
2016-04-27 17:58:10.906 TRACE 37359 --- [    Test worker] ssPathScanningCandidateComponentProvider : Ignored because not matching any filter: URL [jar:file:/Users/yjayaraman/.gradle/caches/modules-2/files-2.1/org.springframework.data/spring-data-rest-webmvc/2.4.0.RELEASE/834db763dd30c31bb330d981169860e7cd5cbeee/spring-data-rest-webmvc-2.4.0.RELEASE.jar!/org/springframework/data/rest/webmvc/support/Projector.class]
2016-04-27 17:58:10.906 TRACE 37359 --- [    Test worker] ssPathScanningCandidateComponentProvider : Scanning URL [jar:file:/Users/yjayaraman/.gradle/caches/modules-2/files-2.1/org.springframework.data/spring-data-rest-webmvc/2.4.0.RELEASE/834db763dd30c31bb330d981169860e7cd5cbeee/spring-data-rest-webmvc-2.4.0.RELEASE.jar!/org/springframework/data/rest/webmvc/support/PersistentEntityResourceProcessor$DomainTypeResourceProcessor.class]
2016-04-27 17:58:10.906 TRACE 37359 --- [    Test worker] ssPathScanningCandidateComponentProvider : Ignored because not matching any filter: URL [jar:file:/Users/yjayaraman/.gradle/caches/modules-2/files-2.1/org.springframework.data/spring-data-rest-webmvc/2.4.0.RELEASE/834db763dd30c31bb330d981169860e7cd5cbeee/spring-data-rest-webmvc-2.4.0.RELEASE.jar!/org/springframework/data/rest/webmvc/support/PersistentEntityResourceProcessor$DomainTypeResourceProcessor.class]
2016-04-27 17:58:10.906 TRACE 37359 --- [    Test worker] ssPathScanningCandidateComponentProvider : Scanning URL [jar:file:/Users/yjayaraman/.gradle/caches/modules-2/files-2.1/org.springframework.data/spring-data-rest-webmvc/2.4.0.RELEASE/834db763dd30c31bb330d981169860e7cd5cbeee/spring-data-rest-webmvc-2.4.0.RELEASE.jar!/org/springframework/data/rest/webmvc/support/PersistentEntityProjector.class]
2016-04-27 17:58:10.906 TRACE 37359 --- [    Test worker] ssPathScanningCandidateComponentProvider : Ignored because not matching any filter: URL [jar:file:/Users/yjayaraman/.gradle/caches/modules-2/files-2.1/org.springframework.data/spring-data-rest-webmvc/2.4.0.RELEASE/834db763dd30c31bb330d981169860e7cd5cbeee/spring-data-rest-webmvc-2.4.0.RELEASE.jar!/org/springframework/data/rest/webmvc/support/PersistentEntityProjector.class]
2016-04-27 17:58:10.906 TRACE 37359 --- [    Test worker] ssPathScanningCandidateComponentProvider : Scanning URL [jar:file:/Users/yjayaraman/.gradle/caches/modules-2/files-2.1/org.springframework.data/spring-data-rest-webmvc/2.4.0.RELEASE/834db763dd30c31bb330d981169860e7cd5cbeee/spring-data-rest-webmvc-2.4.0.RELEASE.jar!/org/springframework/data/rest/webmvc/support/PersistentEntityResourceProcessor$1.class]
2016-04-27 17:58:10.907 TRACE 37359 --- [    Test worker] ssPathScanningCandidateComponentProvider : Ignored because not matching any filter: URL [jar:file:/Users/yjayaraman/.gradle/caches/modules-2/files-2.1/org.springframework.data/spring-data-rest-webmvc/2.4.0.RELEASE/834db763dd30c31bb330d981169860e7cd5cbeee/spring-data-rest-webmvc-2.4.0.RELEASE.jar!/org/springframework/data/rest/webmvc/support/PersistentEntityResourceProcessor$1.class]
2016-04-27 17:58:10.907 TRACE 37359 --- [    Test worker] ssPathScanningCandidateComponentProvider : Scanning URL [jar:file:/Users/yjayaraman/.gradle/caches/modules-2/files-2.1/org.springframework.data/spring-data-rest-webmvc/2.4.0.RELEASE/834db763dd30c31bb330d981169860e7cd5cbeee/spring-data-rest-webmvc-2.4.0.RELEASE.jar!/org/springframework/data/rest/webmvc/support/ETagArgumentResolver.class]
2016-04-27 17:58:10.907 TRACE 37359 --- [    Test worker] ssPathScanningCandidateComponentProvider : Ignored because not matching any filter: URL [jar:file:/Users/yjayaraman/.gradle/caches/modules-2/files-2.1/org.springframework.data/spring-data-rest-webmvc/2.4.0.RELEASE/834db763dd30c31bb330d981169860e7cd5cbeee/spring-data-rest-webmvc-2.4.0.RELEASE.jar!/org/springframework/data/rest/webmvc/support/ETagArgumentResolver.class]
2016-04-27 17:58:10.907 TRACE 37359 --- [    Test worker] ssPathScanningCandidateComponentProvider : Scanning URL [jar:file:/Users/yjayaraman/.gradle/caches/modules-2/files-2.1/org.springframework.data/spring-data-rest-webmvc/2.4.0.RELEASE/834db763dd30c31bb330d981169860e7cd5cbeee/spring-data-rest-webmvc-2.4.0.RELEASE.jar!/org/springframework/data/rest/webmvc/support/DefaultedPageable.class]
2016-04-27 17:58:10.907 TRACE 37359 --- [    Test worker] ssPathScanningCandidateComponentProvider : Ignored because not matching any filter: URL [jar:file:/Users/yjayaraman/.gradle/caches/modules-2/files-2.1/org.springframework.data/spring-data-rest-webmvc/2.4.0.RELEASE/834db763dd30c31bb330d981169860e7cd5cbeee/spring-data-rest-webmvc-2.4.0.RELEASE.jar!/org/springframework/data/rest/webmvc/support/DefaultedPageable.class]
2016-04-27 17:58:10.907 TRACE 37359 --- [    Test worker] ssPathScanningCandidateComponentProvider : Scanning URL [jar:file:/Users/yjayaraman/.gradle/caches/modules-2/files-2.1/org.springframework.data/spring-data-rest-webmvc/2.4.0.RELEASE/834db763dd30c31bb330d981169860e7cd5cbeee/spring-data-rest-webmvc-2.4.0.RELEASE.jar!/org/springframework/data/rest/webmvc/support/BaseUriLinkBuilder.class]
2016-04-27 17:58:10.907 TRACE 37359 --- [    Test worker] ssPathScanningCandidateComponentProvider : Ignored because not matching any filter: URL [jar:file:/Users/yjayaraman/.gradle/caches/modules-2/files-2.1/org.springframework.data/spring-data-rest-webmvc/2.4.0.RELEASE/834db763dd30c31bb330d981169860e7cd5cbeee/spring-data-rest-webmvc-2.4.0.RELEASE.jar!/org/springframework/data/rest/webmvc/support/BaseUriLinkBuilder.class]
2016-04-27 17:58:10.907 TRACE 37359 --- [    Test worker] ssPathScanningCandidateComponentProvider : Scanning URL [jar:file:/Users/yjayaraman/.gradle/caches/modules-2/files-2.1/org.springframework.data/spring-data-rest-webmvc/2.4.0.RELEASE/834db763dd30c31bb330d981169860e7cd5cbeee/spring-data-rest-webmvc-2.4.0.RELEASE.jar!/org/springframework/data/rest/webmvc/support/ExceptionMessage.class]
2016-04-27 17:58:10.907 TRACE 37359 --- [    Test worker] ssPathScanningCandidateComponentProvider : Ignored because not matching any filter: URL [jar:file:/Users/yjayaraman/.gradle/caches/modules-2/files-2.1/org.springframework.data/spring-data-rest-webmvc/2.4.0.RELEASE/834db763dd30c31bb330d981169860e7cd5cbeee/spring-data-rest-webmvc-2.4.0.RELEASE.jar!/org/springframework/data/rest/webmvc/support/ExceptionMessage.class]
2016-04-27 17:58:10.907 TRACE 37359 --- [    Test worker] ssPathScanningCandidateComponentProvider : Scanning URL [jar:file:/Users/yjayaraman/.gradle/caches/modules-2/files-2.1/org.springframework.data/spring-data-rest-webmvc/2.4.0.RELEASE/834db763dd30c31bb330d981169860e7cd5cbeee/spring-data-rest-webmvc-2.4.0.RELEASE.jar!/org/springframework/data/rest/webmvc/support/RepositoryConstraintViolationExceptionMessage$ValidationError.class]
2016-04-27 17:58:10.907 TRACE 37359 --- [    Test worker] ssPathScanningCandidateComponentProvider : Ignored because not matching any filter: URL [jar:file:/Users/yjayaraman/.gradle/caches/modules-2/files-2.1/org.springframework.data/spring-data-rest-webmvc/2.4.0.RELEASE/834db763dd30c31bb330d981169860e7cd5cbeee/spring-data-rest-webmvc-2.4.0.RELEASE.jar!/org/springframework/data/rest/webmvc/support/RepositoryConstraintViolationExceptionMessage$ValidationError.class]
2016-04-27 17:58:10.907 TRACE 37359 --- [    Test worker] ssPathScanningCandidateComponentProvider : Scanning URL [jar:file:/Users/yjayaraman/.gradle/caches/modules-2/files-2.1/org.springframework.data/spring-data-rest-webmvc/2.4.0.RELEASE/834db763dd30c31bb330d981169860e7cd5cbeee/spring-data-rest-webmvc-2.4.0.RELEASE.jar!/org/springframework/data/rest/webmvc/support/JpaHelper.class]
2016-04-27 17:58:10.907 TRACE 37359 --- [    Test worker] ssPathScanningCandidateComponentProvider : Ignored because not matching any filter: URL [jar:file:/Users/yjayaraman/.gradle/caches/modules-2/files-2.1/org.springframework.data/spring-data-rest-webmvc/2.4.0.RELEASE/834db763dd30c31bb330d981169860e7cd5cbeee/spring-data-rest-webmvc-2.4.0.RELEASE.jar!/org/springframework/data/rest/webmvc/support/JpaHelper.class]
2016-04-27 17:58:10.907 TRACE 37359 --- [    Test worker] ssPathScanningCandidateComponentProvider : Scanning URL [jar:file:/Users/yjayaraman/.gradle/caches/modules-2/files-2.1/org.springframework.data/spring-data-rest-webmvc/2.4.0.RELEASE/834db763dd30c31bb330d981169860e7cd5cbeee/spring-data-rest-webmvc-2.4.0.RELEASE.jar!/org/springframework/data/rest/webmvc/support/BackendId.class]
2016-04-27 17:58:10.908 TRACE 37359 --- [    Test worker] ssPathScanningCandidateComponentProvider : Ignored because not matching any filter: URL [jar:file:/Users/yjayaraman/.gradle/caches/modules-2/files-2.1/org.springframework.data/spring-data-rest-webmvc/2.4.0.RELEASE/834db763dd30c31bb330d981169860e7cd5cbeee/spring-data-rest-webmvc-2.4.0.RELEASE.jar!/org/springframework/data/rest/webmvc/support/BackendId.class]
2016-04-27 17:58:10.908 TRACE 37359 --- [    Test worker] ssPathScanningCandidateComponentProvider : Scanning URL [jar:file:/Users/yjayaraman/.gradle/caches/modules-2/files-2.1/org.springframework.data/spring-data-rest-webmvc/2.4.0.RELEASE/834db763dd30c31bb330d981169860e7cd5cbeee/spring-data-rest-webmvc-2.4.0.RELEASE.jar!/org/springframework/data/rest/webmvc/support/RepositoryLinkBuilder.class]
2016-04-27 17:58:10.908 TRACE 37359 --- [    Test worker] ssPathScanningCandidateComponentProvider : Ignored because not matching any filter: URL [jar:file:/Users/yjayaraman/.gradle/caches/modules-2/files-2.1/org.springframework.data/spring-data-rest-webmvc/2.4.0.RELEASE/834db763dd30c31bb330d981169860e7cd5cbeee/spring-data-rest-webmvc-2.4.0.RELEASE.jar!/org/springframework/data/rest/webmvc/support/RepositoryLinkBuilder.class]
2016-04-27 17:58:10.908 TRACE 37359 --- [    Test worker] ssPathScanningCandidateComponentProvider : Scanning URL [jar:file:/Users/yjayaraman/.gradle/caches/modules-2/files-2.1/org.springframework.data/spring-data-rest-webmvc/2.4.0.RELEASE/834db763dd30c31bb330d981169860e7cd5cbeee/spring-data-rest-webmvc-2.4.0.RELEASE.jar!/org/springframework/data/rest/webmvc/support/ETag.class]
2016-04-27 17:58:10.908 TRACE 37359 --- [    Test worker] ssPathScanningCandidateComponentProvider : Ignored because not matching any filter: URL [jar:file:/Users/yjayaraman/.gradle/caches/modules-2/files-2.1/org.springframework.data/spring-data-rest-webmvc/2.4.0.RELEASE/834db763dd30c31bb330d981169860e7cd5cbeee/spring-data-rest-webmvc-2.4.0.RELEASE.jar!/org/springframework/data/rest/webmvc/support/ETag.class]
2016-04-27 17:58:10.908 TRACE 37359 --- [    Test worker] ssPathScanningCandidateComponentProvider : Scanning URL [jar:file:/Users/yjayaraman/.gradle/caches/modules-2/files-2.1/org.springframework.data/spring-data-rest-webmvc/2.4.0.RELEASE/834db763dd30c31bb330d981169860e7cd5cbeee/spring-data-rest-webmvc-2.4.0.RELEASE.jar!/org/springframework/data/rest/webmvc/support/ConstraintViolationMessage.class]
2016-04-27 17:58:10.908 TRACE 37359 --- [    Test worker] ssPathScanningCandidateComponentProvider : Ignored because not matching any filter: URL [jar:file:/Users/yjayaraman/.gradle/caches/modules-2/files-2.1/org.springframework.data/spring-data-rest-webmvc/2.4.0.RELEASE/834db763dd30c31bb330d981169860e7cd5cbeee/spring-data-rest-webmvc-2.4.0.RELEASE.jar!/org/springframework/data/rest/webmvc/support/ConstraintViolationMessage.class]
2016-04-27 17:58:10.908 TRACE 37359 --- [    Test worker] ssPathScanningCandidateComponentProvider : Scanning URL [jar:file:/Users/yjayaraman/.gradle/caches/modules-2/files-2.1/org.springframework.data/spring-data-rest-webmvc/2.4.0.RELEASE/834db763dd30c31bb330d981169860e7cd5cbeee/spring-data-rest-webmvc-2.4.0.RELEASE.jar!/org/springframework/data/rest/webmvc/support/HttpMethodHandlerMethodArgumentResolver.class]
2016-04-27 17:58:10.908 TRACE 37359 --- [    Test worker] ssPathScanningCandidateComponentProvider : Ignored because not matching any filter: URL [jar:file:/Users/yjayaraman/.gradle/caches/modules-2/files-2.1/org.springframework.data/spring-data-rest-webmvc/2.4.0.RELEASE/834db763dd30c31bb330d981169860e7cd5cbeee/spring-data-rest-webmvc-2.4.0.RELEASE.jar!/org/springframework/data/rest/webmvc/support/HttpMethodHandlerMethodArgumentResolver.class]
2016-04-27 17:58:10.908 TRACE 37359 --- [    Test worker] ssPathScanningCandidateComponentProvider : Scanning URL [jar:file:/Users/yjayaraman/.gradle/caches/modules-2/files-2.1/org.springframework.data/spring-data-rest-webmvc/2.4.0.RELEASE/834db763dd30c31bb330d981169860e7cd5cbeee/spring-data-rest-webmvc-2.4.0.RELEASE.jar!/org/springframework/data/rest/webmvc/support/RepositoryConstraintViolationExceptionMessage.class]
2016-04-27 17:58:10.909 TRACE 37359 --- [    Test worker] ssPathScanningCandidateComponentProvider : Ignored because not matching any filter: URL [jar:file:/Users/yjayaraman/.gradle/caches/modules-2/files-2.1/org.springframework.data/spring-data-rest-webmvc/2.4.0.RELEASE/834db763dd30c31bb330d981169860e7cd5cbeee/spring-data-rest-webmvc-2.4.0.RELEASE.jar!/org/springframework/data/rest/webmvc/support/RepositoryConstraintViolationExceptionMessage.class]
2016-04-27 17:58:10.909 TRACE 37359 --- [    Test worker] ssPathScanningCandidateComponentProvider : Scanning URL [jar:file:/Users/yjayaraman/.gradle/caches/modules-2/files-2.1/org.springframework.data/spring-data-rest-webmvc/2.4.0.RELEASE/834db763dd30c31bb330d981169860e7cd5cbeee/spring-data-rest-webmvc-2.4.0.RELEASE.jar!/org/springframework/data/rest/webmvc/support/PersistentEntityResourceProcessor.class]
2016-04-27 17:58:10.909 TRACE 37359 --- [    Test worker] ssPathScanningCandidateComponentProvider : Ignored because not matching any filter: URL [jar:file:/Users/yjayaraman/.gradle/caches/modules-2/files-2.1/org.springframework.data/spring-data-rest-webmvc/2.4.0.RELEASE/834db763dd30c31bb330d981169860e7cd5cbeee/spring-data-rest-webmvc-2.4.0.RELEASE.jar!/org/springframework/data/rest/webmvc/support/PersistentEntityResourceProcessor.class]
2016-04-27 17:58:10.909 TRACE 37359 --- [    Test worker] ssPathScanningCandidateComponentProvider : Scanning URL [jar:file:/Users/yjayaraman/.gradle/caches/modules-2/files-2.1/org.springframework.data/spring-data-rest-webmvc/2.4.0.RELEASE/834db763dd30c31bb330d981169860e7cd5cbeee/spring-data-rest-webmvc-2.4.0.RELEASE.jar!/org/springframework/data/rest/webmvc/RepositoryLinksResource.class]
2016-04-27 17:58:10.909 TRACE 37359 --- [    Test worker] ssPathScanningCandidateComponentProvider : Ignored because not matching any filter: URL [jar:file:/Users/yjayaraman/.gradle/caches/modules-2/files-2.1/org.springframework.data/spring-data-rest-webmvc/2.4.0.RELEASE/834db763dd30c31bb330d981169860e7cd5cbeee/spring-data-rest-webmvc-2.4.0.RELEASE.jar!/org/springframework/data/rest/webmvc/RepositoryLinksResource.class]
2016-04-27 17:58:10.909 TRACE 37359 --- [    Test worker] ssPathScanningCandidateComponentProvider : Scanning URL [jar:file:/Users/yjayaraman/.gradle/caches/modules-2/files-2.1/org.springframework.data/spring-data-rest-webmvc/2.4.0.RELEASE/834db763dd30c31bb330d981169860e7cd5cbeee/spring-data-rest-webmvc-2.4.0.RELEASE.jar!/org/springframework/data/rest/webmvc/RepositorySchemaController.class]
2016-04-27 17:58:10.909 TRACE 37359 --- [    Test worker] ssPathScanningCandidateComponentProvider : Ignored because not matching any filter: URL [jar:file:/Users/yjayaraman/.gradle/caches/modules-2/files-2.1/org.springframework.data/spring-data-rest-webmvc/2.4.0.RELEASE/834db763dd30c31bb330d981169860e7cd5cbeee/spring-data-rest-webmvc-2.4.0.RELEASE.jar!/org/springframework/data/rest/webmvc/RepositorySchemaController.class]
2016-04-27 17:58:10.909 TRACE 37359 --- [    Test worker] ssPathScanningCandidateComponentProvider : Scanning URL [jar:file:/Users/yjayaraman/.gradle/caches/modules-2/files-2.1/org.springframework.data/spring-data-rest-webmvc/2.4.0.RELEASE/834db763dd30c31bb330d981169860e7cd5cbeee/spring-data-rest-webmvc-2.4.0.RELEASE.jar!/org/springframework/data/rest/webmvc/ResourceProcessorHandlerMethodReturnValueHandler$ProcessorWrapper.class]
2016-04-27 17:58:10.909 TRACE 37359 --- [    Test worker] ssPathScanningCandidateComponentProvider : Ignored because not matching any filter: URL [jar:file:/Users/yjayaraman/.gradle/caches/modules-2/files-2.1/org.springframework.data/spring-data-rest-webmvc/2.4.0.RELEASE/834db763dd30c31bb330d981169860e7cd5cbeee/spring-data-rest-webmvc-2.4.0.RELEASE.jar!/org/springframework/data/rest/webmvc/ResourceProcessorHandlerMethodReturnValueHandler$ProcessorWrapper.class]
2016-04-27 17:58:10.909 TRACE 37359 --- [    Test worker] ssPathScanningCandidateComponentProvider : Scanning URL [jar:file:/Users/yjayaraman/.gradle/caches/modules-2/files-2.1/org.springframework.data/spring-data-rest-webmvc/2.4.0.RELEASE/834db763dd30c31bb330d981169860e7cd5cbeee/spring-data-rest-webmvc-2.4.0.RELEASE.jar!/org/springframework/data/rest/webmvc/PersistentEntityResourceAssembler.class]
2016-04-27 17:58:10.909 TRACE 37359 --- [    Test worker] ssPathScanningCandidateComponentProvider : Ignored because not matching any filter: URL [jar:file:/Users/yjayaraman/.gradle/caches/modules-2/files-2.1/org.springframework.data/spring-data-rest-webmvc/2.4.0.RELEASE/834db763dd30c31bb330d981169860e7cd5cbeee/spring-data-rest-webmvc-2.4.0.RELEASE.jar!/org/springframework/data/rest/webmvc/PersistentEntityResourceAssembler.class]
2016-04-27 17:58:10.910 TRACE 37359 --- [    Test worker] ssPathScanningCandidateComponentProvider : Scanning URL [jar:file:/Users/yjayaraman/.gradle/caches/modules-2/files-2.1/org.springframework.data/spring-data-rest-webmvc/2.4.0.RELEASE/834db763dd30c31bb330d981169860e7cd5cbeee/spring-data-rest-webmvc-2.4.0.RELEASE.jar!/org/springframework/data/rest/webmvc/AbstractRepositoryRestController.class]
2016-04-27 17:58:10.910 TRACE 37359 --- [    Test worker] ssPathScanningCandidateComponentProvider : Ignored because not matching any filter: URL [jar:file:/Users/yjayaraman/.gradle/caches/modules-2/files-2.1/org.springframework.data/spring-data-rest-webmvc/2.4.0.RELEASE/834db763dd30c31bb330d981169860e7cd5cbeee/spring-data-rest-webmvc-2.4.0.RELEASE.jar!/org/springframework/data/rest/webmvc/AbstractRepositoryRestController.class]
2016-04-27 17:58:10.910 TRACE 37359 --- [    Test worker] ssPathScanningCandidateComponentProvider : Scanning URL [jar:file:/Users/yjayaraman/.gradle/caches/modules-2/files-2.1/org.springframework.data/spring-data-rest-webmvc/2.4.0.RELEASE/834db763dd30c31bb330d981169860e7cd5cbeee/spring-data-rest-webmvc-2.4.0.RELEASE.jar!/org/springframework/data/rest/webmvc/RepositorySearchController.class]
2016-04-27 17:58:10.910 TRACE 37359 --- [    Test worker] ssPathScanningCandidateComponentProvider : Ignored because not matching any filter: URL [jar:file:/Users/yjayaraman/.gradle/caches/modules-2/files-2.1/org.springframework.data/spring-data-rest-webmvc/2.4.0.RELEASE/834db763dd30c31bb330d981169860e7cd5cbeee/spring-data-rest-webmvc-2.4.0.RELEASE.jar!/org/springframework/data/rest/webmvc/RepositorySearchController.class]
2016-04-27 17:58:10.910 TRACE 37359 --- [    Test worker] ssPathScanningCandidateComponentProvider : Scanning URL [jar:file:/Users/yjayaraman/.gradle/caches/modules-2/files-2.1/org.springframework.data/spring-data-rest-webmvc/2.4.0.RELEASE/834db763dd30c31bb330d981169860e7cd5cbeee/spring-data-rest-webmvc-2.4.0.RELEASE.jar!/org/springframework/data/rest/webmvc/BasePathAwareHandlerMapping$UriAwareHttpServletRequest.class]
2016-04-27 17:58:10.910 TRACE 37359 --- [    Test worker] ssPathScanningCandidateComponentProvider : Ignored because not matching any filter: URL [jar:file:/Users/yjayaraman/.gradle/caches/modules-2/files-2.1/org.springframework.data/spring-data-rest-webmvc/2.4.0.RELEASE/834db763dd30c31bb330d981169860e7cd5cbeee/spring-data-rest-webmvc-2.4.0.RELEASE.jar!/org/springframework/data/rest/webmvc/BasePathAwareHandlerMapping$UriAwareHttpServletRequest.class]
2016-04-27 17:58:10.910 TRACE 37359 --- [    Test worker] ssPathScanningCandidateComponentProvider : Scanning URL [jar:file:/Users/yjayaraman/.gradle/caches/modules-2/files-2.1/org.springframework.data/spring-data-rest-webmvc/2.4.0.RELEASE/834db763dd30c31bb330d981169860e7cd5cbeee/spring-data-rest-webmvc-2.4.0.RELEASE.jar!/org/springframework/data/rest/webmvc/PersistentEntityResourceAssembler$1.class]
2016-04-27 17:58:10.911 TRACE 37359 --- [    Test worker] ssPathScanningCandidateComponentProvider : Ignored because not matching any filter: URL [jar:file:/Users/yjayaraman/.gradle/caches/modules-2/files-2.1/org.springframework.data/spring-data-rest-webmvc/2.4.0.RELEASE/834db763dd30c31bb330d981169860e7cd5cbeee/spring-data-rest-webmvc-2.4.0.RELEASE.jar!/org/springframework/data/rest/webmvc/PersistentEntityResourceAssembler$1.class]
2016-04-27 17:58:10.911 TRACE 37359 --- [    Test worker] ssPathScanningCandidateComponentProvider : Scanning URL [jar:file:/Users/yjayaraman/.gradle/caches/modules-2/files-2.1/org.springframework.data/spring-data-rest-webmvc/2.4.0.RELEASE/834db763dd30c31bb330d981169860e7cd5cbeee/spring-data-rest-webmvc-2.4.0.RELEASE.jar!/org/springframework/data/rest/webmvc/alps/AlpsJsonHttpMessageConverter.class]
2016-04-27 17:58:10.911 TRACE 37359 --- [    Test worker] ssPathScanningCandidateComponentProvider : Ignored because not matching any filter: URL [jar:file:/Users/yjayaraman/.gradle/caches/modules-2/files-2.1/org.springframework.data/spring-data-rest-webmvc/2.4.0.RELEASE/834db763dd30c31bb330d981169860e7cd5cbeee/spring-data-rest-webmvc-2.4.0.RELEASE.jar!/org/springframework/data/rest/webmvc/alps/AlpsJsonHttpMessageConverter.class]
2016-04-27 17:58:10.911 TRACE 37359 --- [    Test worker] ssPathScanningCandidateComponentProvider : Scanning URL [jar:file:/Users/yjayaraman/.gradle/caches/modules-2/files-2.1/org.springframework.data/spring-data-rest-webmvc/2.4.0.RELEASE/834db763dd30c31bb330d981169860e7cd5cbeee/spring-data-rest-webmvc-2.4.0.RELEASE.jar!/org/springframework/data/rest/webmvc/alps/RootResourceInformationToAlpsDescriptorConverter.class]
2016-04-27 17:58:10.911 TRACE 37359 --- [    Test worker] ssPathScanningCandidateComponentProvider : Ignored because not matching any filter: URL [jar:file:/Users/yjayaraman/.gradle/caches/modules-2/files-2.1/org.springframework.data/spring-data-rest-webmvc/2.4.0.RELEASE/834db763dd30c31bb330d981169860e7cd5cbeee/spring-data-rest-webmvc-2.4.0.RELEASE.jar!/org/springframework/data/rest/webmvc/alps/RootResourceInformationToAlpsDescriptorConverter.class]
2016-04-27 17:58:10.911 TRACE 37359 --- [    Test worker] ssPathScanningCandidateComponentProvider : Scanning URL [jar:file:/Users/yjayaraman/.gradle/caches/modules-2/files-2.1/org.springframework.data/spring-data-rest-webmvc/2.4.0.RELEASE/834db763dd30c31bb330d981169860e7cd5cbeee/spring-data-rest-webmvc-2.4.0.RELEASE.jar!/org/springframework/data/rest/webmvc/alps/AlpsController.class]
2016-04-27 17:58:10.911 TRACE 37359 --- [    Test worker] ssPathScanningCandidateComponentProvider : Ignored because not matching any filter: URL [jar:file:/Users/yjayaraman/.gradle/caches/modules-2/files-2.1/org.springframework.data/spring-data-rest-webmvc/2.4.0.RELEASE/834db763dd30c31bb330d981169860e7cd5cbeee/spring-data-rest-webmvc-2.4.0.RELEASE.jar!/org/springframework/data/rest/webmvc/alps/AlpsController.class]
2016-04-27 17:58:10.911 TRACE 37359 --- [    Test worker] ssPathScanningCandidateComponentProvider : Scanning URL [jar:file:/Users/yjayaraman/.gradle/caches/modules-2/files-2.1/org.springframework.data/spring-data-rest-webmvc/2.4.0.RELEASE/834db763dd30c31bb330d981169860e7cd5cbeee/spring-data-rest-webmvc-2.4.0.RELEASE.jar!/org/springframework/data/rest/webmvc/alps/RootResourceInformationToAlpsDescriptorConverter$2.class]
2016-04-27 17:58:10.911 TRACE 37359 --- [    Test worker] ssPathScanningCandidateComponentProvider : Ignored because not matching any filter: URL [jar:file:/Users/yjayaraman/.gradle/caches/modules-2/files-2.1/org.springframework.data/spring-data-rest-webmvc/2.4.0.RELEASE/834db763dd30c31bb330d981169860e7cd5cbeee/spring-data-rest-webmvc-2.4.0.RELEASE.jar!/org/springframework/data/rest/webmvc/alps/RootResourceInformationToAlpsDescriptorConverter$2.class]
2016-04-27 17:58:10.911 TRACE 37359 --- [    Test worker] ssPathScanningCandidateComponentProvider : Scanning URL [jar:file:/Users/yjayaraman/.gradle/caches/modules-2/files-2.1/org.springframework.data/spring-data-rest-webmvc/2.4.0.RELEASE/834db763dd30c31bb330d981169860e7cd5cbeee/spring-data-rest-webmvc-2.4.0.RELEASE.jar!/org/springframework/data/rest/webmvc/alps/RootResourceInformationToAlpsDescriptorConverter$1.class]
2016-04-27 17:58:10.912 TRACE 37359 --- [    Test worker] ssPathScanningCandidateComponentProvider : Ignored because not matching any filter: URL [jar:file:/Users/yjayaraman/.gradle/caches/modules-2/files-2.1/org.springframework.data/spring-data-rest-webmvc/2.4.0.RELEASE/834db763dd30c31bb330d981169860e7cd5cbeee/spring-data-rest-webmvc-2.4.0.RELEASE.jar!/org/springframework/data/rest/webmvc/alps/RootResourceInformationToAlpsDescriptorConverter$1.class]
2016-04-27 17:58:10.912 TRACE 37359 --- [    Test worker] ssPathScanningCandidateComponentProvider : Scanning URL [jar:file:/Users/yjayaraman/.gradle/caches/modules-2/files-2.1/org.springframework.data/spring-data-rest-webmvc/2.4.0.RELEASE/834db763dd30c31bb330d981169860e7cd5cbeee/spring-data-rest-webmvc-2.4.0.RELEASE.jar!/org/springframework/data/rest/webmvc/alps/RootResourceInformationToAlpsDescriptorConverter$3.class]
2016-04-27 17:58:10.912 TRACE 37359 --- [    Test worker] ssPathScanningCandidateComponentProvider : Ignored because not matching any filter: URL [jar:file:/Users/yjayaraman/.gradle/caches/modules-2/files-2.1/org.springframework.data/spring-data-rest-webmvc/2.4.0.RELEASE/834db763dd30c31bb330d981169860e7cd5cbeee/spring-data-rest-webmvc-2.4.0.RELEASE.jar!/org/springframework/data/rest/webmvc/alps/RootResourceInformationToAlpsDescriptorConverter$3.class]
2016-04-27 17:58:10.912 TRACE 37359 --- [    Test worker] ssPathScanningCandidateComponentProvider : Scanning URL [jar:file:/Users/yjayaraman/.gradle/caches/modules-2/files-2.1/org.springframework.data/spring-data-rest-webmvc/2.4.0.RELEASE/834db763dd30c31bb330d981169860e7cd5cbeee/spring-data-rest-webmvc-2.4.0.RELEASE.jar!/org/springframework/data/rest/webmvc/ResourceNotFoundException.class]
2016-04-27 17:58:10.912 TRACE 37359 --- [    Test worker] ssPathScanningCandidateComponentProvider : Ignored because not matching any filter: URL [jar:file:/Users/yjayaraman/.gradle/caches/modules-2/files-2.1/org.springframework.data/spring-data-rest-webmvc/2.4.0.RELEASE/834db763dd30c31bb330d981169860e7cd5cbeee/spring-data-rest-webmvc-2.4.0.RELEASE.jar!/org/springframework/data/rest/webmvc/ResourceNotFoundException.class]
2016-04-27 17:58:10.912 TRACE 37359 --- [    Test worker] ssPathScanningCandidateComponentProvider : Scanning URL [jar:file:/Users/yjayaraman/.gradle/caches/modules-2/files-2.1/org.springframework.data/spring-data-rest-webmvc/2.4.0.RELEASE/834db763dd30c31bb330d981169860e7cd5cbeee/spring-data-rest-webmvc-2.4.0.RELEASE.jar!/org/springframework/data/rest/webmvc/RepositoryPropertyReferenceController$3.class]
2016-04-27 17:58:10.912 TRACE 37359 --- [    Test worker] ssPathScanningCandidateComponentProvider : Ignored because not matching any filter: URL [jar:file:/Users/yjayaraman/.gradle/caches/modules-2/files-2.1/org.springframework.data/spring-data-rest-webmvc/2.4.0.RELEASE/834db763dd30c31bb330d981169860e7cd5cbeee/spring-data-rest-webmvc-2.4.0.RELEASE.jar!/org/springframework/data/rest/webmvc/RepositoryPropertyReferenceController$3.class]
2016-04-27 17:58:10.912 TRACE 37359 --- [    Test worker] ssPathScanningCandidateComponentProvider : Scanning URL [jar:file:/Users/yjayaraman/.gradle/caches/modules-2/files-2.1/org.springframework.data/spring-data-rest-webmvc/2.4.0.RELEASE/834db763dd30c31bb330d981169860e7cd5cbeee/spring-data-rest-webmvc-2.4.0.RELEASE.jar!/org/springframework/data/rest/webmvc/RepositoryPropertyReferenceController$5.class]
2016-04-27 17:58:10.912 TRACE 37359 --- [    Test worker] ssPathScanningCandidateComponentProvider : Ignored because not matching any filter: URL [jar:file:/Users/yjayaraman/.gradle/caches/modules-2/files-2.1/org.springframework.data/spring-data-rest-webmvc/2.4.0.RELEASE/834db763dd30c31bb330d981169860e7cd5cbeee/spring-data-rest-webmvc-2.4.0.RELEASE.jar!/org/springframework/data/rest/webmvc/RepositoryPropertyReferenceController$5.class]
2016-04-27 17:58:10.912 TRACE 37359 --- [    Test worker] ssPathScanningCandidateComponentProvider : Scanning URL [jar:file:/Users/yjayaraman/.gradle/caches/modules-2/files-2.1/org.springframework.data/spring-data-commons/1.11.0.RELEASE/935cd4ab0a1a07358d7f0c9c808f9113dc177bd8/spring-data-commons-1.11.0.RELEASE.jar!/org/springframework/data/history/AnnotationRevisionMetadata.class]
2016-04-27 17:58:10.912 TRACE 37359 --- [    Test worker] ssPathScanningCandidateComponentProvider : Ignored because not matching any filter: URL [jar:file:/Users/yjayaraman/.gradle/caches/modules-2/files-2.1/org.springframework.data/spring-data-commons/1.11.0.RELEASE/935cd4ab0a1a07358d7f0c9c808f9113dc177bd8/spring-data-commons-1.11.0.RELEASE.jar!/org/springframework/data/history/AnnotationRevisionMetadata.class]
2016-04-27 17:58:10.912 TRACE 37359 --- [    Test worker] ssPathScanningCandidateComponentProvider : Scanning URL [jar:file:/Users/yjayaraman/.gradle/caches/modules-2/files-2.1/org.springframework.data/spring-data-commons/1.11.0.RELEASE/935cd4ab0a1a07358d7f0c9c808f9113dc177bd8/spring-data-commons-1.11.0.RELEASE.jar!/org/springframework/data/history/Revisions.class]
2016-04-27 17:58:10.913 TRACE 37359 --- [    Test worker] ssPathScanningCandidateComponentProvider : Ignored because not matching any filter: URL [jar:file:/Users/yjayaraman/.gradle/caches/modules-2/files-2.1/org.springframework.data/spring-data-commons/1.11.0.RELEASE/935cd4ab0a1a07358d7f0c9c808f9113dc177bd8/spring-data-commons-1.11.0.RELEASE.jar!/org/springframework/data/history/Revisions.class]
2016-04-27 17:58:10.913 TRACE 37359 --- [    Test worker] ssPathScanningCandidateComponentProvider : Scanning URL [jar:file:/Users/yjayaraman/.gradle/caches/modules-2/files-2.1/org.springframework.data/spring-data-commons/1.11.0.RELEASE/935cd4ab0a1a07358d7f0c9c808f9113dc177bd8/spring-data-commons-1.11.0.RELEASE.jar!/org/springframework/data/history/RevisionMetadata.class]
2016-04-27 17:58:10.913 TRACE 37359 --- [    Test worker] ssPathScanningCandidateComponentProvider : Ignored because not matching any filter: URL [jar:file:/Users/yjayaraman/.gradle/caches/modules-2/files-2.1/org.springframework.data/spring-data-commons/1.11.0.RELEASE/935cd4ab0a1a07358d7f0c9c808f9113dc177bd8/spring-data-commons-1.11.0.RELEASE.jar!/org/springframework/data/history/RevisionMetadata.class]
2016-04-27 17:58:10.913 TRACE 37359 --- [    Test worker] ssPathScanningCandidateComponentProvider : Scanning URL [jar:file:/Users/yjayaraman/.gradle/caches/modules-2/files-2.1/org.springframework.data/spring-data-commons/1.11.0.RELEASE/935cd4ab0a1a07358d7f0c9c808f9113dc177bd8/spring-data-commons-1.11.0.RELEASE.jar!/org/springframework/data/history/Revision.class]
2016-04-27 17:58:10.913 TRACE 37359 --- [    Test worker] ssPathScanningCandidateComponentProvider : Ignored because not matching any filter: URL [jar:file:/Users/yjayaraman/.gradle/caches/modules-2/files-2.1/org.springframework.data/spring-data-commons/1.11.0.RELEASE/935cd4ab0a1a07358d7f0c9c808f9113dc177bd8/spring-data-commons-1.11.0.RELEASE.jar!/org/springframework/data/history/Revision.class]
2016-04-27 17:58:10.913 TRACE 37359 --- [    Test worker] ssPathScanningCandidateComponentProvider : Scanning URL [jar:file:/Users/yjayaraman/.gradle/caches/modules-2/files-2.1/org.springframework.data/spring-data-commons/1.11.0.RELEASE/935cd4ab0a1a07358d7f0c9c808f9113dc177bd8/spring-data-commons-1.11.0.RELEASE.jar!/org/springframework/data/mapping/model/SimpleTypeHolder.class]
2016-04-27 17:58:10.913 TRACE 37359 --- [    Test worker] ssPathScanningCandidateComponentProvider : Ignored because not matching any filter: URL [jar:file:/Users/yjayaraman/.gradle/caches/modules-2/files-2.1/org.springframework.data/spring-data-commons/1.11.0.RELEASE/935cd4ab0a1a07358d7f0c9c808f9113dc177bd8/spring-data-commons-1.11.0.RELEASE.jar!/org/springframework/data/mapping/model/SimpleTypeHolder.class]
2016-04-27 17:58:10.913 TRACE 37359 --- [    Test worker] ssPathScanningCandidateComponentProvider : Scanning URL [jar:file:/Users/yjayaraman/.gradle/caches/modules-2/files-2.1/org.springframework.data/spring-data-commons/1.11.0.RELEASE/935cd4ab0a1a07358d7f0c9c808f9113dc177bd8/spring-data-commons-1.11.0.RELEASE.jar!/org/springframework/data/mapping/model/SpELExpressionEvaluator.class]
2016-04-27 17:58:10.913 TRACE 37359 --- [    Test worker] ssPathScanningCandidateComponentProvider : Ignored because not matching any filter: URL [jar:file:/Users/yjayaraman/.gradle/caches/modules-2/files-2.1/org.springframework.data/spring-data-commons/1.11.0.RELEASE/935cd4ab0a1a07358d7f0c9c808f9113dc177bd8/spring-data-commons-1.11.0.RELEASE.jar!/org/springframework/data/mapping/model/SpELExpressionEvaluator.class]
2016-04-27 17:58:10.913 TRACE 37359 --- [    Test worker] ssPathScanningCandidateComponentProvider : Scanning URL [jar:file:/Users/yjayaraman/.gradle/caches/modules-2/files-2.1/org.springframework.data/spring-data-commons/1.11.0.RELEASE/935cd4ab0a1a07358d7f0c9c808f9113dc177bd8/spring-data-commons-1.11.0.RELEASE.jar!/org/springframework/data/mapping/model/CamelCaseAbbreviatingFieldNamingStrategy.class]
2016-04-27 17:58:10.913 TRACE 37359 --- [    Test worker] ssPathScanningCandidateComponentProvider : Ignored because not matching any filter: URL [jar:file:/Users/yjayaraman/.gradle/caches/modules-2/files-2.1/org.springframework.data/spring-data-commons/1.11.0.RELEASE/935cd4ab0a1a07358d7f0c9c808f9113dc177bd8/spring-data-commons-1.11.0.RELEASE.jar!/org/springframework/data/mapping/model/CamelCaseAbbreviatingFieldNamingStrategy.class]
2016-04-27 17:58:10.913 TRACE 37359 --- [    Test worker] ssPathScanningCandidateComponentProvider : Scanning URL [jar:file:/Users/yjayaraman/.gradle/caches/modules-2/files-2.1/org.springframework.data/spring-data-commons/1.11.0.RELEASE/935cd4ab0a1a07358d7f0c9c808f9113dc177bd8/spring-data-commons-1.11.0.RELEASE.jar!/org/springframework/data/mapping/model/MutablePersistentEntity.class]
2016-04-27 17:58:10.913 TRACE 37359 --- [    Test worker] ssPathScanningCandidateComponentProvider : Ignored because not matching any filter: URL [jar:file:/Users/yjayaraman/.gradle/caches/modules-2/files-2.1/org.springframework.data/spring-data-commons/1.11.0.RELEASE/935cd4ab0a1a07358d7f0c9c808f9113dc177bd8/spring-data-commons-1.11.0.RELEASE.jar!/org/springframework/data/mapping/model/MutablePersistentEntity.class]
2016-04-27 17:58:10.914 TRACE 37359 --- [    Test worker] ssPathScanningCandidateComponentProvider : Scanning URL [jar:file:/Users/yjayaraman/.gradle/caches/modules-2/files-2.1/org.springframework.data/spring-data-commons/1.11.0.RELEASE/935cd4ab0a1a07358d7f0c9c808f9113dc177bd8/spring-data-commons-1.11.0.RELEASE.jar!/org/springframework/data/mapping/model/AnnotationBasedPersistentProperty.class]
2016-04-27 17:58:10.914 TRACE 37359 --- [    Test worker] ssPathScanningCandidateComponentProvider : Ignored because not matching any filter: URL [jar:file:/Users/yjayaraman/.gradle/caches/modules-2/files-2.1/org.springframework.data/spring-data-commons/1.11.0.RELEASE/935cd4ab0a1a07358d7f0c9c808f9113dc177bd8/spring-data-commons-1.11.0.RELEASE.jar!/org/springframework/data/mapping/model/AnnotationBasedPersistentProperty.class]
2016-04-27 17:58:10.914 TRACE 37359 --- [    Test worker] ssPathScanningCandidateComponentProvider : Scanning URL [jar:file:/Users/yjayaraman/.gradle/caches/modules-2/files-2.1/org.springframework.data/spring-data-commons/1.11.0.RELEASE/935cd4ab0a1a07358d7f0c9c808f9113dc177bd8/spring-data-commons-1.11.0.RELEASE.jar!/org/springframework/data/mapping/model/MappingInstantiationException.class]
2016-04-27 17:58:10.914 TRACE 37359 --- [    Test worker] ssPathScanningCandidateComponentProvider : Ignored because not matching any filter: URL [jar:file:/Users/yjayaraman/.gradle/caches/modules-2/files-2.1/org.springframework.data/spring-data-commons/1.11.0.RELEASE/935cd4ab0a1a07358d7f0c9c808f9113dc177bd8/spring-data-commons-1.11.0.RELEASE.jar!/org/springframework/data/mapping/model/MappingInstantiationException.class]
2016-04-27 17:58:10.914 TRACE 37359 --- [    Test worker] ssPathScanningCandidateComponentProvider : Scanning URL [jar:file:/Users/yjayaraman/.gradle/caches/modules-2/files-2.1/org.springframework.data/spring-data-commons/1.11.0.RELEASE/935cd4ab0a1a07358d7f0c9c808f9113dc177bd8/spring-data-commons-1.11.0.RELEASE.jar!/org/springframework/data/mapping/model/DefaultSpELExpressionEvaluator.class]
2016-04-27 17:58:10.914 TRACE 37359 --- [    Test worker] ssPathScanningCandidateComponentProvider : Ignored because not matching any filter: URL [jar:file:/Users/yjayaraman/.gradle/caches/modules-2/files-2.1/org.springframework.data/spring-data-commons/1.11.0.RELEASE/935cd4ab0a1a07358d7f0c9c808f9113dc177bd8/spring-data-commons-1.11.0.RELEASE.jar!/org/springframework/data/mapping/model/DefaultSpELExpressionEvaluator.class]
2016-04-27 17:58:10.914 TRACE 37359 --- [    Test worker] ssPathScanningCandidateComponentProvider : Scanning URL [jar:file:/Users/yjayaraman/.gradle/caches/modules-2/files-2.1/org.springframework.data/spring-data-commons/1.11.0.RELEASE/935cd4ab0a1a07358d7f0c9c808f9113dc177bd8/spring-data-commons-1.11.0.RELEASE.jar!/org/springframework/data/mapping/model/BeanWrapper.class]
2016-04-27 17:58:10.914 TRACE 37359 --- [    Test worker] ssPathScanningCandidateComponentProvider : Ignored because not matching any filter: URL [jar:file:/Users/yjayaraman/.gradle/caches/modules-2/files-2.1/org.springframework.data/spring-data-commons/1.11.0.RELEASE/935cd4ab0a1a07358d7f0c9c808f9113dc177bd8/spring-data-commons-1.11.0.RELEASE.jar!/org/springframework/data/mapping/model/BeanWrapper.class]
2016-04-27 17:58:10.914 TRACE 37359 --- [    Test worker] ssPathScanningCandidateComponentProvider : Scanning URL [jar:file:/Users/yjayaraman/.gradle/caches/modules-2/files-2.1/org.springframework.data/spring-data-commons/1.11.0.RELEASE/935cd4ab0a1a07358d7f0c9c808f9113dc177bd8/spring-data-commons-1.11.0.RELEASE.jar!/org/springframework/data/mapping/model/PropertyNameFieldNamingStrategy.class]
2016-04-27 17:58:10.914 TRACE 37359 --- [    Test worker] ssPathScanningCandidateComponentProvider : Ignored because not matching any filter: URL [jar:file:/Users/yjayaraman/.gradle/caches/modules-2/files-2.1/org.springframework.data/spring-data-commons/1.11.0.RELEASE/935cd4ab0a1a07358d7f0c9c808f9113dc177bd8/spring-data-commons-1.11.0.RELEASE.jar!/org/springframework/data/mapping/model/PropertyNameFieldNamingStrategy.class]
2016-04-27 17:58:10.914 TRACE 37359 --- [    Test worker] ssPathScanningCandidateComponentProvider : Scanning URL [jar:file:/Users/yjayaraman/.gradle/caches/modules-2/files-2.1/org.springframework.data/spring-data-commons/1.11.0.RELEASE/935cd4ab0a1a07358d7f0c9c808f9113dc177bd8/spring-data-commons-1.11.0.RELEASE.jar!/org/springframework/data/mapping/model/PersistentEntityParameterValueProvider.class]
2016-04-27 17:58:10.914 TRACE 37359 --- [    Test worker] ssPathScanningCandidateComponentProvider : Ignored because not matching any filter: URL [jar:file:/Users/yjayaraman/.gradle/caches/modules-2/files-2.1/org.springframework.data/spring-data-commons/1.11.0.RELEASE/935cd4ab0a1a07358d7f0c9c808f9113dc177bd8/spring-data-commons-1.11.0.RELEASE.jar!/org/springframework/data/mapping/model/PersistentEntityParameterValueProvider.class]
2016-04-27 17:58:10.914 TRACE 37359 --- [    Test worker] ssPathScanningCandidateComponentProvider : Scanning URL [jar:file:/Users/yjayaraman/.gradle/caches/modules-2/files-2.1/org.springframework.data/spring-data-commons/1.11.0.RELEASE/935cd4ab0a1a07358d7f0c9c808f9113dc177bd8/spring-data-commons-1.11.0.RELEASE.jar!/org/springframework/data/mapping/model/PropertyValueProvider.class]
2016-04-27 17:58:10.915 TRACE 37359 --- [    Test worker] ssPathScanningCandidateComponentProvider : Ignored because not matching any filter: URL [jar:file:/Users/yjayaraman/.gradle/caches/modules-2/files-2.1/org.springframework.data/spring-data-commons/1.11.0.RELEASE/935cd4ab0a1a07358d7f0c9c808f9113dc177bd8/spring-data-commons-1.11.0.RELEASE.jar!/org/springframework/data/mapping/model/PropertyValueProvider.class]
2016-04-27 17:58:10.915 TRACE 37359 --- [    Test worker] ssPathScanningCandidateComponentProvider : Scanning URL [jar:file:/Users/yjayaraman/.gradle/caches/modules-2/files-2.1/org.springframework.data/spring-data-commons/1.11.0.RELEASE/935cd4ab0a1a07358d7f0c9c808f9113dc177bd8/spring-data-commons-1.11.0.RELEASE.jar!/org/springframework/data/mapping/model/BasicPersistentEntity.class]
2016-04-27 17:58:10.915 TRACE 37359 --- [    Test worker] ssPathScanningCandidateComponentProvider : Ignored because not matching any filter: URL [jar:file:/Users/yjayaraman/.gradle/caches/modules-2/files-2.1/org.springframework.data/spring-data-commons/1.11.0.RELEASE/935cd4ab0a1a07358d7f0c9c808f9113dc177bd8/spring-data-commons-1.11.0.RELEASE.jar!/org/springframework/data/mapping/model/BasicPersistentEntity.class]
2016-04-27 17:58:10.915 TRACE 37359 --- [    Test worker] ssPathScanningCandidateComponentProvider : Scanning URL [jar:file:/Users/yjayaraman/.gradle/caches/modules-2/files-2.1/org.springframework.data/spring-data-commons/1.11.0.RELEASE/935cd4ab0a1a07358d7f0c9c808f9113dc177bd8/spring-data-commons-1.11.0.RELEASE.jar!/org/springframework/data/mapping/model/ConvertingPropertyAccessor.class]
2016-04-27 17:58:10.915 TRACE 37359 --- [    Test worker] ssPathScanningCandidateComponentProvider : Ignored because not matching any filter: URL [jar:file:/Users/yjayaraman/.gradle/caches/modules-2/files-2.1/org.springframework.data/spring-data-commons/1.11.0.RELEASE/935cd4ab0a1a07358d7f0c9c808f9113dc177bd8/spring-data-commons-1.11.0.RELEASE.jar!/org/springframework/data/mapping/model/ConvertingPropertyAccessor.class]
2016-04-27 17:58:10.915 TRACE 37359 --- [    Test worker] ssPathScanningCandidateComponentProvider : Scanning URL [jar:file:/Users/yjayaraman/.gradle/caches/modules-2/files-2.1/org.springframework.data/spring-data-commons/1.11.0.RELEASE/935cd4ab0a1a07358d7f0c9c808f9113dc177bd8/spring-data-commons-1.11.0.RELEASE.jar!/org/springframework/data/mapping/model/BasicPersistentEntity$AssociationComparator.class]
2016-04-27 17:58:10.915 TRACE 37359 --- [    Test worker] ssPathScanningCandidateComponentProvider : Ignored because not matching any filter: URL [jar:file:/Users/yjayaraman/.gradle/caches/modules-2/files-2.1/org.springframework.data/spring-data-commons/1.11.0.RELEASE/935cd4ab0a1a07358d7f0c9c808f9113dc177bd8/spring-data-commons-1.11.0.RELEASE.jar!/org/springframework/data/mapping/model/BasicPersistentEntity$AssociationComparator.class]
2016-04-27 17:58:10.915 TRACE 37359 --- [    Test worker] ssPathScanningCandidateComponentProvider : Scanning URL [jar:file:/Users/yjayaraman/.gradle/caches/modules-2/files-2.1/org.springframework.data/spring-data-commons/1.11.0.RELEASE/935cd4ab0a1a07358d7f0c9c808f9113dc177bd8/spring-data-commons-1.11.0.RELEASE.jar!/org/springframework/data/mapping/model/AbstractPersistentProperty.class]
2016-04-27 17:58:10.915 TRACE 37359 --- [    Test worker] ssPathScanningCandidateComponentProvider : Ignored because not matching any filter: URL [jar:file:/Users/yjayaraman/.gradle/caches/modules-2/files-2.1/org.springframework.data/spring-data-commons/1.11.0.RELEASE/935cd4ab0a1a07358d7f0c9c808f9113dc177bd8/spring-data-commons-1.11.0.RELEASE.jar!/org/springframework/data/mapping/model/AbstractPersistentProperty.class]
2016-04-27 17:58:10.915 TRACE 37359 --- [    Test worker] ssPathScanningCandidateComponentProvider : Scanning URL [jar:file:/Users/yjayaraman/.gradle/caches/modules-2/files-2.1/org.springframework.data/spring-data-commons/1.11.0.RELEASE/935cd4ab0a1a07358d7f0c9c808f9113dc177bd8/spring-data-commons-1.11.0.RELEASE.jar!/org/springframework/data/mapping/model/SpELExpressionParameterValueProvider.class]
2016-04-27 17:58:10.916 TRACE 37359 --- [    Test worker] ssPathScanningCandidateComponentProvider : Ignored because not matching any filter: URL [jar:file:/Users/yjayaraman/.gradle/caches/modules-2/files-2.1/org.springframework.data/spring-data-commons/1.11.0.RELEASE/935cd4ab0a1a07358d7f0c9c808f9113dc177bd8/spring-data-commons-1.11.0.RELEASE.jar!/org/springframework/data/mapping/model/SpELExpressionParameterValueProvider.class]
2016-04-27 17:58:10.916 TRACE 37359 --- [    Test worker] ssPathScanningCandidateComponentProvider : Scanning URL [jar:file:/Users/yjayaraman/.gradle/caches/modules-2/files-2.1/org.springframework.data/spring-data-commons/1.11.0.RELEASE/935cd4ab0a1a07358d7f0c9c808f9113dc177bd8/spring-data-commons-1.11.0.RELEASE.jar!/org/springframework/data/mapping/model/BasicPersistentEntity$NullReturningIdentifierAccessor.class]
2016-04-27 17:58:10.916 TRACE 37359 --- [    Test worker] ssPathScanningCandidateComponentProvider : Ignored because not matching any filter: URL [jar:file:/Users/yjayaraman/.gradle/caches/modules-2/files-2.1/org.springframework.data/spring-data-commons/1.11.0.RELEASE/935cd4ab0a1a07358d7f0c9c808f9113dc177bd8/spring-data-commons-1.11.0.RELEASE.jar!/org/springframework/data/mapping/model/BasicPersistentEntity$NullReturningIdentifierAccessor.class]
2016-04-27 17:58:10.916 TRACE 37359 --- [    Test worker] ssPathScanningCandidateComponentProvider : Scanning URL [jar:file:/Users/yjayaraman/.gradle/caches/modules-2/files-2.1/org.springframework.data/spring-data-commons/1.11.0.RELEASE/935cd4ab0a1a07358d7f0c9c808f9113dc177bd8/spring-data-commons-1.11.0.RELEASE.jar!/org/springframework/data/mapping/model/IllegalMappingException.class]
2016-04-27 17:58:10.916 TRACE 37359 --- [    Test worker] ssPathScanningCandidateComponentProvider : Ignored because not matching any filter: URL [jar:file:/Users/yjayaraman/.gradle/caches/modules-2/files-2.1/org.springframework.data/spring-data-commons/1.11.0.RELEASE/935cd4ab0a1a07358d7f0c9c808f9113dc177bd8/spring-data-commons-1.11.0.RELEASE.jar!/org/springframework/data/mapping/model/IllegalMappingException.class]
2016-04-27 17:58:10.916 TRACE 37359 --- [    Test worker] ssPathScanningCandidateComponentProvider : Scanning URL [jar:file:/Users/yjayaraman/.gradle/caches/modules-2/files-2.1/org.springframework.data/spring-data-commons/1.11.0.RELEASE/935cd4ab0a1a07358d7f0c9c808f9113dc177bd8/spring-data-commons-1.11.0.RELEASE.jar!/org/springframework/data/mapping/model/SnakeCaseFieldNamingStrategy.class]
2016-04-27 17:58:10.916 TRACE 37359 --- [    Test worker] ssPathScanningCandidateComponentProvider : Ignored because not matching any filter: URL [jar:file:/Users/yjayaraman/.gradle/caches/modules-2/files-2.1/org.springframework.data/spring-data-commons/1.11.0.RELEASE/935cd4ab0a1a07358d7f0c9c808f9113dc177bd8/spring-data-commons-1.11.0.RELEASE.jar!/org/springframework/data/mapping/model/SnakeCaseFieldNamingStrategy.class]
2016-04-27 17:58:10.916 TRACE 37359 --- [    Test worker] ssPathScanningCandidateComponentProvider : Scanning URL [jar:file:/Users/yjayaraman/.gradle/caches/modules-2/files-2.1/org.springframework.data/spring-data-commons/1.11.0.RELEASE/935cd4ab0a1a07358d7f0c9c808f9113dc177bd8/spring-data-commons-1.11.0.RELEASE.jar!/org/springframework/data/mapping/model/PreferredConstructorDiscoverer.class]
2016-04-27 17:58:10.916 TRACE 37359 --- [    Test worker] ssPathScanningCandidateComponentProvider : Ignored because not matching any filter: URL [jar:file:/Users/yjayaraman/.gradle/caches/modules-2/files-2.1/org.springframework.data/spring-data-commons/1.11.0.RELEASE/935cd4ab0a1a07358d7f0c9c808f9113dc177bd8/spring-data-commons-1.11.0.RELEASE.jar!/org/springframework/data/mapping/model/PreferredConstructorDiscoverer.class]
2016-04-27 17:58:10.916 TRACE 37359 --- [    Test worker] ssPathScanningCandidateComponentProvider : Scanning URL [jar:file:/Users/yjayaraman/.gradle/caches/modules-2/files-2.1/org.springframework.data/spring-data-commons/1.11.0.RELEASE/935cd4ab0a1a07358d7f0c9c808f9113dc177bd8/spring-data-commons-1.11.0.RELEASE.jar!/org/springframework/data/mapping/model/CamelCaseSplittingFieldNamingStrategy.class]
2016-04-27 17:58:10.916 TRACE 37359 --- [    Test worker] ssPathScanningCandidateComponentProvider : Ignored because not matching any filter: URL [jar:file:/Users/yjayaraman/.gradle/caches/modules-2/files-2.1/org.springframework.data/spring-data-commons/1.11.0.RELEASE/935cd4ab0a1a07358d7f0c9c808f9113dc177bd8/spring-data-commons-1.11.0.RELEASE.jar!/org/springframework/data/mapping/model/CamelCaseSplittingFieldNamingStrategy.class]
2016-04-27 17:58:10.916 TRACE 37359 --- [    Test worker] ssPathScanningCandidateComponentProvider : Scanning URL [jar:file:/Users/yjayaraman/.gradle/caches/modules-2/files-2.1/org.springframework.data/spring-data-commons/1.11.0.RELEASE/935cd4ab0a1a07358d7f0c9c808f9113dc177bd8/spring-data-commons-1.11.0.RELEASE.jar!/org/springframework/data/mapping/model/IdPropertyIdentifierAccessor.class]
2016-04-27 17:58:10.916 TRACE 37359 --- [    Test worker] ssPathScanningCandidateComponentProvider : Ignored because not matching any filter: URL [jar:file:/Users/yjayaraman/.gradle/caches/modules-2/files-2.1/org.springframework.data/spring-data-commons/1.11.0.RELEASE/935cd4ab0a1a07358d7f0c9c808f9113dc177bd8/spring-data-commons-1.11.0.RELEASE.jar!/org/springframework/data/mapping/model/IdPropertyIdentifierAccessor.class]
2016-04-27 17:58:10.916 TRACE 37359 --- [    Test worker] ssPathScanningCandidateComponentProvider : Scanning URL [jar:file:/Users/yjayaraman/.gradle/caches/modules-2/files-2.1/org.springframework.data/spring-data-commons/1.11.0.RELEASE/935cd4ab0a1a07358d7f0c9c808f9113dc177bd8/spring-data-commons-1.11.0.RELEASE.jar!/org/springframework/data/mapping/model/SpELContext.class]
2016-04-27 17:58:10.917 TRACE 37359 --- [    Test worker] ssPathScanningCandidateComponentProvider : Ignored because not matching any filter: URL [jar:file:/Users/yjayaraman/.gradle/caches/modules-2/files-2.1/org.springframework.data/spring-data-commons/1.11.0.RELEASE/935cd4ab0a1a07358d7f0c9c808f9113dc177bd8/spring-data-commons-1.11.0.RELEASE.jar!/org/springframework/data/mapping/model/SpELContext.class]
2016-04-27 17:58:10.917 TRACE 37359 --- [    Test worker] ssPathScanningCandidateComponentProvider : Scanning URL [jar:file:/Users/yjayaraman/.gradle/caches/modules-2/files-2.1/org.springframework.data/spring-data-commons/1.11.0.RELEASE/935cd4ab0a1a07358d7f0c9c808f9113dc177bd8/spring-data-commons-1.11.0.RELEASE.jar!/org/springframework/data/mapping/model/MappingException.class]
2016-04-27 17:58:10.917 TRACE 37359 --- [    Test worker] ssPathScanningCandidateComponentProvider : Ignored because not matching any filter: URL [jar:file:/Users/yjayaraman/.gradle/caches/modules-2/files-2.1/org.springframework.data/spring-data-commons/1.11.0.RELEASE/935cd4ab0a1a07358d7f0c9c808f9113dc177bd8/spring-data-commons-1.11.0.RELEASE.jar!/org/springframework/data/mapping/model/MappingException.class]
2016-04-27 17:58:10.917 TRACE 37359 --- [    Test worker] ssPathScanningCandidateComponentProvider : Scanning URL [jar:file:/Users/yjayaraman/.gradle/caches/modules-2/files-2.1/org.springframework.data/spring-data-commons/1.11.0.RELEASE/935cd4ab0a1a07358d7f0c9c808f9113dc177bd8/spring-data-commons-1.11.0.RELEASE.jar!/org/springframework/data/mapping/model/ParameterValueProvider.class]
2016-04-27 17:58:10.917 TRACE 37359 --- [    Test worker] ssPathScanningCandidateComponentProvider : Ignored because not matching any filter: URL [jar:file:/Users/yjayaraman/.gradle/caches/modules-2/files-2.1/org.springframework.data/spring-data-commons/1.11.0.RELEASE/935cd4ab0a1a07358d7f0c9c808f9113dc177bd8/spring-data-commons-1.11.0.RELEASE.jar!/org/springframework/data/mapping/model/ParameterValueProvider.class]
2016-04-27 17:58:10.917 TRACE 37359 --- [    Test worker] ssPathScanningCandidateComponentProvider : Scanning URL [jar:file:/Users/yjayaraman/.gradle/caches/modules-2/files-2.1/org.springframework.data/spring-data-commons/1.11.0.RELEASE/935cd4ab0a1a07358d7f0c9c808f9113dc177bd8/spring-data-commons-1.11.0.RELEASE.jar!/org/springframework/data/mapping/model/FieldNamingStrategy.class]
2016-04-27 17:58:10.917 TRACE 37359 --- [    Test worker] ssPathScanningCandidateComponentProvider : Ignored because not matching any filter: URL [jar:file:/Users/yjayaraman/.gradle/caches/modules-2/files-2.1/org.springframework.data/spring-data-commons/1.11.0.RELEASE/935cd4ab0a1a07358d7f0c9c808f9113dc177bd8/spring-data-commons-1.11.0.RELEASE.jar!/org/springframework/data/mapping/model/FieldNamingStrategy.class]
2016-04-27 17:58:10.917 TRACE 37359 --- [    Test worker] ssPathScanningCandidateComponentProvider : Scanning URL [jar:file:/Users/yjayaraman/.gradle/caches/modules-2/files-2.1/org.springframework.data/spring-data-commons/1.11.0.RELEASE/935cd4ab0a1a07358d7f0c9c808f9113dc177bd8/spring-data-commons-1.11.0.RELEASE.jar!/org/springframework/data/mapping/PropertyPath$1.class]
2016-04-27 17:58:10.917 TRACE 37359 --- [    Test worker] ssPathScanningCandidateComponentProvider : Ignored because not matching any filter: URL [jar:file:/Users/yjayaraman/.gradle/caches/modules-2/files-2.1/org.springframework.data/spring-data-commons/1.11.0.RELEASE/935cd4ab0a1a07358d7f0c9c808f9113dc177bd8/spring-data-commons-1.11.0.RELEASE.jar!/org/springframework/data/mapping/PropertyPath$1.class]
2016-04-27 17:58:10.917 TRACE 37359 --- [    Test worker] ssPathScanningCandidateComponentProvider : Scanning URL [jar:file:/Users/yjayaraman/.gradle/caches/modules-2/files-2.1/org.springframework.data/spring-data-commons/1.11.0.RELEASE/935cd4ab0a1a07358d7f0c9c808f9113dc177bd8/spring-data-commons-1.11.0.RELEASE.jar!/org/springframework/data/mapping/context/AbstractMappingContext$PersistentPropertyFilter.class]
2016-04-27 17:58:10.917 TRACE 37359 --- [    Test worker] ssPathScanningCandidateComponentProvider : Ignored because not matching any filter: URL [jar:file:/Users/yjayaraman/.gradle/caches/modules-2/files-2.1/org.springframework.data/spring-data-commons/1.11.0.RELEASE/935cd4ab0a1a07358d7f0c9c808f9113dc177bd8/spring-data-commons-1.11.0.RELEASE.jar!/org/springframework/data/mapping/context/AbstractMappingContext$PersistentPropertyFilter.class]
2016-04-27 17:58:10.917 TRACE 37359 --- [    Test worker] ssPathScanningCandidateComponentProvider : Scanning URL [jar:file:/Users/yjayaraman/.gradle/caches/modules-2/files-2.1/org.springframework.data/spring-data-commons/1.11.0.RELEASE/935cd4ab0a1a07358d7f0c9c808f9113dc177bd8/spring-data-commons-1.11.0.RELEASE.jar!/org/springframework/data/mapping/context/MappingContextEvent.class]
2016-04-27 17:58:10.917 TRACE 37359 --- [    Test worker] ssPathScanningCandidateComponentProvider : Ignored because not matching any filter: URL [jar:file:/Users/yjayaraman/.gradle/caches/modules-2/files-2.1/org.springframework.data/spring-data-commons/1.11.0.RELEASE/935cd4ab0a1a07358d7f0c9c808f9113dc177bd8/spring-data-commons-1.11.0.RELEASE.jar!/org/springframework/data/mapping/context/MappingContextEvent.class]
2016-04-27 17:58:10.917 TRACE 37359 --- [    Test worker] ssPathScanningCandidateComponentProvider : Scanning URL [jar:file:/Users/yjayaraman/.gradle/caches/modules-2/files-2.1/org.springframework.data/spring-data-commons/1.11.0.RELEASE/935cd4ab0a1a07358d7f0c9c808f9113dc177bd8/spring-data-commons-1.11.0.RELEASE.jar!/org/springframework/data/mapping/context/PersistentPropertyPath.class]
2016-04-27 17:58:10.917 TRACE 37359 --- [    Test worker] ssPathScanningCandidateComponentProvider : Ignored because not matching any filter: URL [jar:file:/Users/yjayaraman/.gradle/caches/modules-2/files-2.1/org.springframework.data/spring-data-commons/1.11.0.RELEASE/935cd4ab0a1a07358d7f0c9c808f9113dc177bd8/spring-data-commons-1.11.0.RELEASE.jar!/org/springframework/data/mapping/context/PersistentPropertyPath.class]
2016-04-27 17:58:10.917 TRACE 37359 --- [    Test worker] ssPathScanningCandidateComponentProvider : Scanning URL [jar:file:/Users/yjayaraman/.gradle/caches/modules-2/files-2.1/org.springframework.data/spring-data-commons/1.11.0.RELEASE/935cd4ab0a1a07358d7f0c9c808f9113dc177bd8/spring-data-commons-1.11.0.RELEASE.jar!/org/springframework/data/mapping/context/MappingContextIsNewStrategyFactory.class]
2016-04-27 17:58:10.918 TRACE 37359 --- [    Test worker] ssPathScanningCandidateComponentProvider : Ignored because not matching any filter: URL [jar:file:/Users/yjayaraman/.gradle/caches/modules-2/files-2.1/org.springframework.data/spring-data-commons/1.11.0.RELEASE/935cd4ab0a1a07358d7f0c9c808f9113dc177bd8/spring-data-commons-1.11.0.RELEASE.jar!/org/springframework/data/mapping/context/MappingContextIsNewStrategyFactory.class]
2016-04-27 17:58:10.918 TRACE 37359 --- [    Test worker] ssPathScanningCandidateComponentProvider : Scanning URL [jar:file:/Users/yjayaraman/.gradle/caches/modules-2/files-2.1/org.springframework.data/spring-data-commons/1.11.0.RELEASE/935cd4ab0a1a07358d7f0c9c808f9113dc177bd8/spring-data-commons-1.11.0.RELEASE.jar!/org/springframework/data/mapping/context/MappingContextIsNewStrategyFactory$PropertyIsNullOrZeroNumberIsNewStrategy.class]
2016-04-27 17:58:10.918 TRACE 37359 --- [    Test worker] ssPathScanningCandidateComponentProvider : Ignored because not matching any filter: URL [jar:file:/Users/yjayaraman/.gradle/caches/modules-2/files-2.1/org.springframework.data/spring-data-commons/1.11.0.RELEASE/935cd4ab0a1a07358d7f0c9c808f9113dc177bd8/spring-data-commons-1.11.0.RELEASE.jar!/org/springframework/data/mapping/context/MappingContextIsNewStrategyFactory$PropertyIsNullOrZeroNumberIsNewStrategy.class]
2016-04-27 17:58:10.918 TRACE 37359 --- [    Test worker] ssPathScanningCandidateComponentProvider : Scanning URL [jar:file:/Users/yjayaraman/.gradle/caches/modules-2/files-2.1/org.springframework.data/spring-data-commons/1.11.0.RELEASE/935cd4ab0a1a07358d7f0c9c808f9113dc177bd8/spring-data-commons-1.11.0.RELEASE.jar!/org/springframework/data/mapping/context/MappingContextIsNewStrategyFactory$PropertyIsNullIsNewStrategy.class]
2016-04-27 17:58:10.918 TRACE 37359 --- [    Test worker] ssPathScanningCandidateComponentProvider : Ignored because not matching any filter: URL [jar:file:/Users/yjayaraman/.gradle/caches/modules-2/files-2.1/org.springframework.data/spring-data-commons/1.11.0.RELEASE/935cd4ab0a1a07358d7f0c9c808f9113dc177bd8/spring-data-commons-1.11.0.RELEASE.jar!/org/springframework/data/mapping/context/MappingContextIsNewStrategyFactory$PropertyIsNullIsNewStrategy.class]
2016-04-27 17:58:10.918 TRACE 37359 --- [    Test worker] ssPathScanningCandidateComponentProvider : Scanning URL [jar:file:/Users/yjayaraman/.gradle/caches/modules-2/files-2.1/org.springframework.data/spring-data-commons/1.11.0.RELEASE/935cd4ab0a1a07358d7f0c9c808f9113dc177bd8/spring-data-commons-1.11.0.RELEASE.jar!/org/springframework/data/mapping/context/DefaultPersistentPropertyPath$PropertyNameConverter.class]
2016-04-27 17:58:10.918 TRACE 37359 --- [    Test worker] ssPathScanningCandidateComponentProvider : Ignored because not matching any filter: URL [jar:file:/Users/yjayaraman/.gradle/caches/modules-2/files-2.1/org.springframework.data/spring-data-commons/1.11.0.RELEASE/935cd4ab0a1a07358d7f0c9c808f9113dc177bd8/spring-data-commons-1.11.0.RELEASE.jar!/org/springframework/data/mapping/context/DefaultPersistentPropertyPath$PropertyNameConverter.class]
2016-04-27 17:58:10.918 TRACE 37359 --- [    Test worker] ssPathScanningCandidateComponentProvider : Scanning URL [jar:file:/Users/yjayaraman/.gradle/caches/modules-2/files-2.1/org.springframework.data/spring-data-commons/1.11.0.RELEASE/935cd4ab0a1a07358d7f0c9c808f9113dc177bd8/spring-data-commons-1.11.0.RELEASE.jar!/org/springframework/data/mapping/context/AbstractMappingContext$PersistentPropertyCreator.class]
2016-04-27 17:58:10.918 TRACE 37359 --- [    Test worker] ssPathScanningCandidateComponentProvider : Ignored because not matching any filter: URL [jar:file:/Users/yjayaraman/.gradle/caches/modules-2/files-2.1/org.springframework.data/spring-data-commons/1.11.0.RELEASE/935cd4ab0a1a07358d7f0c9c808f9113dc177bd8/spring-data-commons-1.11.0.RELEASE.jar!/org/springframework/data/mapping/context/AbstractMappingContext$PersistentPropertyCreator.class]
2016-04-27 17:58:10.918 TRACE 37359 --- [    Test worker] ssPathScanningCandidateComponentProvider : Scanning URL [jar:file:/Users/yjayaraman/.gradle/caches/modules-2/files-2.1/org.springframework.data/spring-data-commons/1.11.0.RELEASE/935cd4ab0a1a07358d7f0c9c808f9113dc177bd8/spring-data-commons-1.11.0.RELEASE.jar!/org/springframework/data/mapping/context/AbstractMappingContext.class]
2016-04-27 17:58:10.918 TRACE 37359 --- [    Test worker] ssPathScanningCandidateComponentProvider : Ignored because not matching any filter: URL [jar:file:/Users/yjayaraman/.gradle/caches/modules-2/files-2.1/org.springframework.data/spring-data-commons/1.11.0.RELEASE/935cd4ab0a1a07358d7f0c9c808f9113dc177bd8/spring-data-commons-1.11.0.RELEASE.jar!/org/springframework/data/mapping/context/AbstractMappingContext.class]
2016-04-27 17:58:10.918 TRACE 37359 --- [    Test worker] ssPathScanningCandidateComponentProvider : Scanning URL [jar:file:/Users/yjayaraman/.gradle/caches/modules-2/files-2.1/org.springframework.data/spring-data-commons/1.11.0.RELEASE/935cd4ab0a1a07358d7f0c9c808f9113dc177bd8/spring-data-commons-1.11.0.RELEASE.jar!/org/springframework/data/mapping/context/InvalidPersistentPropertyPath.class]
2016-04-27 17:58:10.919 TRACE 37359 --- [    Test worker] ssPathScanningCandidateComponentProvider : Ignored because not matching any filter: URL [jar:file:/Users/yjayaraman/.gradle/caches/modules-2/files-2.1/org.springframework.data/spring-data-commons/1.11.0.RELEASE/935cd4ab0a1a07358d7f0c9c808f9113dc177bd8/spring-data-commons-1.11.0.RELEASE.jar!/org/springframework/data/mapping/context/InvalidPersistentPropertyPath.class]
2016-04-27 17:58:10.919 TRACE 37359 --- [    Test worker] ssPathScanningCandidateComponentProvider : Scanning URL [jar:file:/Users/yjayaraman/.gradle/caches/modules-2/files-2.1/org.springframework.data/spring-data-commons/1.11.0.RELEASE/935cd4ab0a1a07358d7f0c9c808f9113dc177bd8/spring-data-commons-1.11.0.RELEASE.jar!/org/springframework/data/mapping/context/AbstractMappingContext$1.class]
2016-04-27 17:58:10.919 TRACE 37359 --- [    Test worker] ssPathScanningCandidateComponentProvider : Ignored because not matching any filter: URL [jar:file:/Users/yjayaraman/.gradle/caches/modules-2/files-2.1/org.springframework.data/spring-data-commons/1.11.0.RELEASE/935cd4ab0a1a07358d7f0c9c808f9113dc177bd8/spring-data-commons-1.11.0.RELEASE.jar!/org/springframework/data/mapping/context/AbstractMappingContext$1.class]
2016-04-27 17:58:10.919 TRACE 37359 --- [    Test worker] ssPathScanningCandidateComponentProvider : Scanning URL [jar:file:/Users/yjayaraman/.gradle/caches/modules-2/files-2.1/org.springframework.data/spring-data-commons/1.11.0.RELEASE/935cd4ab0a1a07358d7f0c9c808f9113dc177bd8/spring-data-commons-1.11.0.RELEASE.jar!/org/springframework/data/mapping/context/MappingContextIsNewStrategyFactory$PersistentPropertyInspectingIsNewStrategy.class]
2016-04-27 17:58:10.919 TRACE 37359 --- [    Test worker] ssPathScanningCandidateComponentProvider : Ignored because not matching any filter: URL [jar:file:/Users/yjayaraman/.gradle/caches/modules-2/files-2.1/org.springframework.data/spring-data-commons/1.11.0.RELEASE/935cd4ab0a1a07358d7f0c9c808f9113dc177bd8/spring-data-commons-1.11.0.RELEASE.jar!/org/springframework/data/mapping/context/MappingContextIsNewStrategyFactory$PersistentPropertyInspectingIsNewStrategy.class]
2016-04-27 17:58:10.919 TRACE 37359 --- [    Test worker] ssPathScanningCandidateComponentProvider : Scanning URL [jar:file:/Users/yjayaraman/.gradle/caches/modules-2/files-2.1/org.springframework.data/spring-data-commons/1.11.0.RELEASE/935cd4ab0a1a07358d7f0c9c808f9113dc177bd8/spring-data-commons-1.11.0.RELEASE.jar!/org/springframework/data/mapping/context/MappingContext.class]
2016-04-27 17:58:10.919 TRACE 37359 --- [    Test worker] ssPathScanningCandidateComponentProvider : Ignored because not matching any filter: URL [jar:file:/Users/yjayaraman/.gradle/caches/modules-2/files-2.1/org.springframework.data/spring-data-commons/1.11.0.RELEASE/935cd4ab0a1a07358d7f0c9c808f9113dc177bd8/spring-data-commons-1.11.0.RELEASE.jar!/org/springframework/data/mapping/context/MappingContext.class]
2016-04-27 17:58:10.919 TRACE 37359 --- [    Test worker] ssPathScanningCandidateComponentProvider : Scanning URL [jar:file:/Users/yjayaraman/.gradle/caches/modules-2/files-2.1/org.springframework.data/spring-data-commons/1.11.0.RELEASE/935cd4ab0a1a07358d7f0c9c808f9113dc177bd8/spring-data-commons-1.11.0.RELEASE.jar!/org/springframework/data/mapping/context/AbstractMappingContext$PersistentPropertyFilter$PropertyMatch.class]
2016-04-27 17:58:10.919 TRACE 37359 --- [    Test worker] ssPathScanningCandidateComponentProvider : Ignored because not matching any filter: URL [jar:file:/Users/yjayaraman/.gradle/caches/modules-2/files-2.1/org.springframework.data/spring-data-commons/1.11.0.RELEASE/935cd4ab0a1a07358d7f0c9c808f9113dc177bd8/spring-data-commons-1.11.0.RELEASE.jar!/org/springframework/data/mapping/context/AbstractMappingContext$PersistentPropertyFilter$PropertyMatch.class]
2016-04-27 17:58:10.919 TRACE 37359 --- [    Test worker] ssPathScanningCandidateComponentProvider : Scanning URL [jar:file:/Users/yjayaraman/.gradle/caches/modules-2/files-2.1/org.springframework.data/spring-data-commons/1.11.0.RELEASE/935cd4ab0a1a07358d7f0c9c808f9113dc177bd8/spring-data-commons-1.11.0.RELEASE.jar!/org/springframework/data/mapping/context/DefaultPersistentPropertyPath.class]
2016-04-27 17:58:10.919 TRACE 37359 --- [    Test worker] ssPathScanningCandidateComponentProvider : Ignored because not matching any filter: URL [jar:file:/Users/yjayaraman/.gradle/caches/modules-2/files-2.1/org.springframework.data/spring-data-commons/1.11.0.RELEASE/935cd4ab0a1a07358d7f0c9c808f9113dc177bd8/spring-data-commons-1.11.0.RELEASE.jar!/org/springframework/data/mapping/context/DefaultPersistentPropertyPath.class]
2016-04-27 17:58:10.919 TRACE 37359 --- [    Test worker] ssPathScanningCandidateComponentProvider : Scanning URL [jar:file:/Users/yjayaraman/.gradle/caches/modules-2/files-2.1/org.springframework.data/spring-data-commons/1.11.0.RELEASE/935cd4ab0a1a07358d7f0c9c808f9113dc177bd8/spring-data-commons-1.11.0.RELEASE.jar!/org/springframework/data/mapping/context/PersistentEntities.class]
2016-04-27 17:58:10.919 TRACE 37359 --- [    Test worker] ssPathScanningCandidateComponentProvider : Ignored because not matching any filter: URL [jar:file:/Users/yjayaraman/.gradle/caches/modules-2/files-2.1/org.springframework.data/spring-data-commons/1.11.0.RELEASE/935cd4ab0a1a07358d7f0c9c808f9113dc177bd8/spring-data-commons-1.11.0.RELEASE.jar!/org/springframework/data/mapping/context/PersistentEntities.class]
2016-04-27 17:58:10.920 TRACE 37359 --- [    Test worker] ssPathScanningCandidateComponentProvider : Scanning URL [jar:file:/Users/yjayaraman/.gradle/caches/modules-2/files-2.1/org.springframework.data/spring-data-commons/1.11.0.RELEASE/935cd4ab0a1a07358d7f0c9c808f9113dc177bd8/spring-data-commons-1.11.0.RELEASE.jar!/org/springframework/data/mapping/PersistentProperty.class]
2016-04-27 17:58:10.920 TRACE 37359 --- [    Test worker] ssPathScanningCandidateComponentProvider : Ignored because not matching any filter: URL [jar:file:/Users/yjayaraman/.gradle/caches/modules-2/files-2.1/org.springframework.data/spring-data-commons/1.11.0.RELEASE/935cd4ab0a1a07358d7f0c9c808f9113dc177bd8/spring-data-commons-1.11.0.RELEASE.jar!/org/springframework/data/mapping/PersistentProperty.class]
2016-04-27 17:58:10.920 TRACE 37359 --- [    Test worker] ssPathScanningCandidateComponentProvider : Scanning URL [jar:file:/Users/yjayaraman/.gradle/caches/modules-2/files-2.1/org.springframework.data/spring-data-commons/1.11.0.RELEASE/935cd4ab0a1a07358d7f0c9c808f9113dc177bd8/spring-data-commons-1.11.0.RELEASE.jar!/org/springframework/data/mapping/PreferredConstructor.class]
2016-04-27 17:58:10.920 TRACE 37359 --- [    Test worker] ssPathScanningCandidateComponentProvider : Ignored because not matching any filter: URL [jar:file:/Users/yjayaraman/.gradle/caches/modules-2/files-2.1/org.springframework.data/spring-data-commons/1.11.0.RELEASE/935cd4ab0a1a07358d7f0c9c808f9113dc177bd8/spring-data-commons-1.11.0.RELEASE.jar!/org/springframework/data/mapping/PreferredConstructor.class]
2016-04-27 17:58:10.920 TRACE 37359 --- [    Test worker] ssPathScanningCandidateComponentProvider : Scanning URL [jar:file:/Users/yjayaraman/.gradle/caches/modules-2/files-2.1/org.springframework.data/spring-data-commons/1.11.0.RELEASE/935cd4ab0a1a07358d7f0c9c808f9113dc177bd8/spring-data-commons-1.11.0.RELEASE.jar!/org/springframework/data/mapping/Association.class]
2016-04-27 17:58:10.920 TRACE 37359 --- [    Test worker] ssPathScanningCandidateComponentProvider : Ignored because not matching any filter: URL [jar:file:/Users/yjayaraman/.gradle/caches/modules-2/files-2.1/org.springframework.data/spring-data-commons/1.11.0.RELEASE/935cd4ab0a1a07358d7f0c9c808f9113dc177bd8/spring-data-commons-1.11.0.RELEASE.jar!/org/springframework/data/mapping/Association.class]
2016-04-27 17:58:10.920 TRACE 37359 --- [    Test worker] ssPathScanningCandidateComponentProvider : Scanning URL [jar:file:/Users/yjayaraman/.gradle/caches/modules-2/files-2.1/org.springframework.data/spring-data-commons/1.11.0.RELEASE/935cd4ab0a1a07358d7f0c9c808f9113dc177bd8/spring-data-commons-1.11.0.RELEASE.jar!/org/springframework/data/mapping/SimplePropertyHandler.class]
2016-04-27 17:58:10.920 TRACE 37359 --- [    Test worker] ssPathScanningCandidateComponentProvider : Ignored because not matching any filter: URL [jar:file:/Users/yjayaraman/.gradle/caches/modules-2/files-2.1/org.springframework.data/spring-data-commons/1.11.0.RELEASE/935cd4ab0a1a07358d7f0c9c808f9113dc177bd8/spring-data-commons-1.11.0.RELEASE.jar!/org/springframework/data/mapping/SimplePropertyHandler.class]
2016-04-27 17:58:10.920 TRACE 37359 --- [    Test worker] ssPathScanningCandidateComponentProvider : Scanning URL [jar:file:/Users/yjayaraman/.gradle/caches/modules-2/files-2.1/org.springframework.data/spring-data-commons/1.11.0.RELEASE/935cd4ab0a1a07358d7f0c9c808f9113dc177bd8/spring-data-commons-1.11.0.RELEASE.jar!/org/springframework/data/mapping/IdentifierAccessor.class]
2016-04-27 17:58:10.920 TRACE 37359 --- [    Test worker] ssPathScanningCandidateComponentProvider : Ignored because not matching any filter: URL [jar:file:/Users/yjayaraman/.gradle/caches/modules-2/files-2.1/org.springframework.data/spring-data-commons/1.11.0.RELEASE/935cd4ab0a1a07358d7f0c9c808f9113dc177bd8/spring-data-commons-1.11.0.RELEASE.jar!/org/springframework/data/mapping/IdentifierAccessor.class]
2016-04-27 17:58:10.920 TRACE 37359 --- [    Test worker] ssPathScanningCandidateComponentProvider : Scanning URL [jar:file:/Users/yjayaraman/.gradle/caches/modules-2/files-2.1/org.springframework.data/spring-data-commons/1.11.0.RELEASE/935cd4ab0a1a07358d7f0c9c808f9113dc177bd8/spring-data-commons-1.11.0.RELEASE.jar!/org/springframework/data/mapping/PersistentPropertyAccessor.class]
2016-04-27 17:58:10.920 TRACE 37359 --- [    Test worker] ssPathScanningCandidateComponentProvider : Ignored because not matching any filter: URL [jar:file:/Users/yjayaraman/.gradle/caches/modules-2/files-2.1/org.springframework.data/spring-data-commons/1.11.0.RELEASE/935cd4ab0a1a07358d7f0c9c808f9113dc177bd8/spring-data-commons-1.11.0.RELEASE.jar!/org/springframework/data/mapping/PersistentPropertyAccessor.class]
2016-04-27 17:58:10.920 TRACE 37359 --- [    Test worker] ssPathScanningCandidateComponentProvider : Scanning URL [jar:file:/Users/yjayaraman/.gradle/caches/modules-2/files-2.1/org.springframework.data/spring-data-commons/1.11.0.RELEASE/935cd4ab0a1a07358d7f0c9c808f9113dc177bd8/spring-data-commons-1.11.0.RELEASE.jar!/org/springframework/data/mapping/PropertyPath.class]
2016-04-27 17:58:10.921 TRACE 37359 --- [    Test worker] ssPathScanningCandidateComponentProvider : Ignored because not matching any filter: URL [jar:file:/Users/yjayaraman/.gradle/caches/modules-2/files-2.1/org.springframework.data/spring-data-commons/1.11.0.RELEASE/935cd4ab0a1a07358d7f0c9c808f9113dc177bd8/spring-data-commons-1.11.0.RELEASE.jar!/org/springframework/data/mapping/PropertyPath.class]
2016-04-27 17:58:10.921 TRACE 37359 --- [    Test worker] ssPathScanningCandidateComponentProvider : Scanning URL [jar:file:/Users/yjayaraman/.gradle/caches/modules-2/files-2.1/org.springframework.data/spring-data-commons/1.11.0.RELEASE/935cd4ab0a1a07358d7f0c9c808f9113dc177bd8/spring-data-commons-1.11.0.RELEASE.jar!/org/springframework/data/mapping/PropertyHandler.class]
2016-04-27 17:58:10.921 TRACE 37359 --- [    Test worker] ssPathScanningCandidateComponentProvider : Ignored because not matching any filter: URL [jar:file:/Users/yjayaraman/.gradle/caches/modules-2/files-2.1/org.springframework.data/spring-data-commons/1.11.0.RELEASE/935cd4ab0a1a07358d7f0c9c808f9113dc177bd8/spring-data-commons-1.11.0.RELEASE.jar!/org/springframework/data/mapping/PropertyHandler.class]
2016-04-27 17:58:10.921 TRACE 37359 --- [    Test worker] ssPathScanningCandidateComponentProvider : Scanning URL [jar:file:/Users/yjayaraman/.gradle/caches/modules-2/files-2.1/org.springframework.data/spring-data-commons/1.11.0.RELEASE/935cd4ab0a1a07358d7f0c9c808f9113dc177bd8/spring-data-commons-1.11.0.RELEASE.jar!/org/springframework/data/mapping/PropertyReferenceException.class]
2016-04-27 17:58:10.921 TRACE 37359 --- [    Test worker] ssPathScanningCandidateComponentProvider : Ignored because not matching any filter: URL [jar:file:/Users/yjayaraman/.gradle/caches/modules-2/files-2.1/org.springframework.data/spring-data-commons/1.11.0.RELEASE/935cd4ab0a1a07358d7f0c9c808f9113dc177bd8/spring-data-commons-1.11.0.RELEASE.jar!/org/springframework/data/mapping/PropertyReferenceException.class]
2016-04-27 17:58:10.921 TRACE 37359 --- [    Test worker] ssPathScanningCandidateComponentProvider : Scanning URL [jar:file:/Users/yjayaraman/.gradle/caches/modules-2/files-2.1/org.springframework.data/spring-data-commons/1.11.0.RELEASE/935cd4ab0a1a07358d7f0c9c808f9113dc177bd8/spring-data-commons-1.11.0.RELEASE.jar!/org/springframework/data/mapping/AssociationHandler.class]
2016-04-27 17:58:10.921 TRACE 37359 --- [    Test worker] ssPathScanningCandidateComponentProvider : Ignored because not matching any filter: URL [jar:file:/Users/yjayaraman/.gradle/caches/modules-2/files-2.1/org.springframework.data/spring-data-commons/1.11.0.RELEASE/935cd4ab0a1a07358d7f0c9c808f9113dc177bd8/spring-data-commons-1.11.0.RELEASE.jar!/org/springframework/data/mapping/AssociationHandler.class]
2016-04-27 17:58:10.921 TRACE 37359 --- [    Test worker] ssPathScanningCandidateComponentProvider : Scanning URL [jar:file:/Users/yjayaraman/.gradle/caches/modules-2/files-2.1/org.springframework.data/spring-data-commons/1.11.0.RELEASE/935cd4ab0a1a07358d7f0c9c808f9113dc177bd8/spring-data-commons-1.11.0.RELEASE.jar!/org/springframework/data/mapping/PersistentEntity.class]
2016-04-27 17:58:10.921 TRACE 37359 --- [    Test worker] ssPathScanningCandidateComponentProvider : Ignored because not matching any filter: URL [jar:file:/Users/yjayaraman/.gradle/caches/modules-2/files-2.1/org.springframework.data/spring-data-commons/1.11.0.RELEASE/935cd4ab0a1a07358d7f0c9c808f9113dc177bd8/spring-data-commons-1.11.0.RELEASE.jar!/org/springframework/data/mapping/PersistentEntity.class]
2016-04-27 17:58:10.921 TRACE 37359 --- [    Test worker] ssPathScanningCandidateComponentProvider : Scanning URL [jar:file:/Users/yjayaraman/.gradle/caches/modules-2/files-2.1/org.springframework.data/spring-data-commons/1.11.0.RELEASE/935cd4ab0a1a07358d7f0c9c808f9113dc177bd8/spring-data-commons-1.11.0.RELEASE.jar!/org/springframework/data/mapping/PreferredConstructor$Parameter.class]
2016-04-27 17:58:10.921 TRACE 37359 --- [    Test worker] ssPathScanningCandidateComponentProvider : Ignored because not matching any filter: URL [jar:file:/Users/yjayaraman/.gradle/caches/modules-2/files-2.1/org.springframework.data/spring-data-commons/1.11.0.RELEASE/935cd4ab0a1a07358d7f0c9c808f9113dc177bd8/spring-data-commons-1.11.0.RELEASE.jar!/org/springframework/data/mapping/PreferredConstructor$Parameter.class]
2016-04-27 17:58:10.921 TRACE 37359 --- [    Test worker] ssPathScanningCandidateComponentProvider : Scanning URL [jar:file:/Users/yjayaraman/.gradle/caches/modules-2/files-2.1/org.springframework.data/spring-data-commons/1.11.0.RELEASE/935cd4ab0a1a07358d7f0c9c808f9113dc177bd8/spring-data-commons-1.11.0.RELEASE.jar!/org/springframework/data/mapping/SimpleAssociationHandler.class]
2016-04-27 17:58:10.921 TRACE 37359 --- [    Test worker] ssPathScanningCandidateComponentProvider : Ignored because not matching any filter: URL [jar:file:/Users/yjayaraman/.gradle/caches/modules-2/files-2.1/org.springframework.data/spring-data-commons/1.11.0.RELEASE/935cd4ab0a1a07358d7f0c9c808f9113dc177bd8/spring-data-commons-1.11.0.RELEASE.jar!/org/springframework/data/mapping/SimpleAssociationHandler.class]
2016-04-27 17:58:10.921 TRACE 37359 --- [    Test worker] ssPathScanningCandidateComponentProvider : Scanning URL [jar:file:/Users/yjayaraman/.gradle/caches/modules-2/files-2.1/org.springframework.data/spring-data-commons/1.11.0.RELEASE/935cd4ab0a1a07358d7f0c9c808f9113dc177bd8/spring-data-commons-1.11.0.RELEASE.jar!/org/springframework/data/geo/GeoModule$DistanceMixin.class]
2016-04-27 17:58:10.922 TRACE 37359 --- [    Test worker] ssPathScanningCandidateComponentProvider : Ignored because not matching any filter: URL [jar:file:/Users/yjayaraman/.gradle/caches/modules-2/files-2.1/org.springframework.data/spring-data-commons/1.11.0.RELEASE/935cd4ab0a1a07358d7f0c9c808f9113dc177bd8/spring-data-commons-1.11.0.RELEASE.jar!/org/springframework/data/geo/GeoModule$DistanceMixin.class]
2016-04-27 17:58:10.922 TRACE 37359 --- [    Test worker] ssPathScanningCandidateComponentProvider : Scanning URL [jar:file:/Users/yjayaraman/.gradle/caches/modules-2/files-2.1/org.springframework.data/spring-data-commons/1.11.0.RELEASE/935cd4ab0a1a07358d7f0c9c808f9113dc177bd8/spring-data-commons-1.11.0.RELEASE.jar!/org/springframework/data/geo/GeoPage.class]
2016-04-27 17:58:10.922 TRACE 37359 --- [    Test worker] ssPathScanningCandidateComponentProvider : Ignored because not matching any filter: URL [jar:file:/Users/yjayaraman/.gradle/caches/modules-2/files-2.1/org.springframework.data/spring-data-commons/1.11.0.RELEASE/935cd4ab0a1a07358d7f0c9c808f9113dc177bd8/spring-data-commons-1.11.0.RELEASE.jar!/org/springframework/data/geo/GeoPage.class]
2016-04-27 17:58:10.922 TRACE 37359 --- [    Test worker] ssPathScanningCandidateComponentProvider : Scanning URL [jar:file:/Users/yjayaraman/.gradle/caches/modules-2/files-2.1/org.springframework.data/spring-data-commons/1.11.0.RELEASE/935cd4ab0a1a07358d7f0c9c808f9113dc177bd8/spring-data-commons-1.11.0.RELEASE.jar!/org/springframework/data/geo/CustomMetric.class]
2016-04-27 17:58:10.922 TRACE 37359 --- [    Test worker] ssPathScanningCandidateComponentProvider : Ignored because not matching any filter: URL [jar:file:/Users/yjayaraman/.gradle/caches/modules-2/files-2.1/org.springframework.data/spring-data-commons/1.11.0.RELEASE/935cd4ab0a1a07358d7f0c9c808f9113dc177bd8/spring-data-commons-1.11.0.RELEASE.jar!/org/springframework/data/geo/CustomMetric.class]
2016-04-27 17:58:10.922 TRACE 37359 --- [    Test worker] ssPathScanningCandidateComponentProvider : Scanning URL [jar:file:/Users/yjayaraman/.gradle/caches/modules-2/files-2.1/org.springframework.data/spring-data-commons/1.11.0.RELEASE/935cd4ab0a1a07358d7f0c9c808f9113dc177bd8/spring-data-commons-1.11.0.RELEASE.jar!/org/springframework/data/geo/GeoModule.class]
2016-04-27 17:58:10.922 TRACE 37359 --- [    Test worker] ssPathScanningCandidateComponentProvider : Ignored because not matching any filter: URL [jar:file:/Users/yjayaraman/.gradle/caches/modules-2/files-2.1/org.springframework.data/spring-data-commons/1.11.0.RELEASE/935cd4ab0a1a07358d7f0c9c808f9113dc177bd8/spring-data-commons-1.11.0.RELEASE.jar!/org/springframework/data/geo/GeoModule.class]
2016-04-27 17:58:10.922 TRACE 37359 --- [    Test worker] ssPathScanningCandidateComponentProvider : Scanning URL [jar:file:/Users/yjayaraman/.gradle/caches/modules-2/files-2.1/org.springframework.data/spring-data-commons/1.11.0.RELEASE/935cd4ab0a1a07358d7f0c9c808f9113dc177bd8/spring-data-commons-1.11.0.RELEASE.jar!/org/springframework/data/geo/GeoModule$PointMixin.class]
2016-04-27 17:58:10.922 TRACE 37359 --- [    Test worker] ssPathScanningCandidateComponentProvider : Ignored because not matching any filter: URL [jar:file:/Users/yjayaraman/.gradle/caches/modules-2/files-2.1/org.springframework.data/spring-data-commons/1.11.0.RELEASE/935cd4ab0a1a07358d7f0c9c808f9113dc177bd8/spring-data-commons-1.11.0.RELEASE.jar!/org/springframework/data/geo/GeoModule$PointMixin.class]
2016-04-27 17:58:10.922 TRACE 37359 --- [    Test worker] ssPathScanningCandidateComponentProvider : Scanning URL [jar:file:/Users/yjayaraman/.gradle/caches/modules-2/files-2.1/org.springframework.data/spring-data-commons/1.11.0.RELEASE/935cd4ab0a1a07358d7f0c9c808f9113dc177bd8/spring-data-commons-1.11.0.RELEASE.jar!/org/springframework/data/geo/GeoResults.class]
2016-04-27 17:58:10.923 TRACE 37359 --- [    Test worker] ssPathScanningCandidateComponentProvider : Ignored because not matching any filter: URL [jar:file:/Users/yjayaraman/.gradle/caches/modules-2/files-2.1/org.springframework.data/spring-data-commons/1.11.0.RELEASE/935cd4ab0a1a07358d7f0c9c808f9113dc177bd8/spring-data-commons-1.11.0.RELEASE.jar!/org/springframework/data/geo/GeoResults.class]
2016-04-27 17:58:10.923 TRACE 37359 --- [    Test worker] ssPathScanningCandidateComponentProvider : Scanning URL [jar:file:/Users/yjayaraman/.gradle/caches/modules-2/files-2.1/org.springframework.data/spring-data-commons/1.11.0.RELEASE/935cd4ab0a1a07358d7f0c9c808f9113dc177bd8/spring-data-commons-1.11.0.RELEASE.jar!/org/springframework/data/geo/Distance.class]
2016-04-27 17:58:10.923 TRACE 37359 --- [    Test worker] ssPathScanningCandidateComponentProvider : Ignored because not matching any filter: URL [jar:file:/Users/yjayaraman/.gradle/caches/modules-2/files-2.1/org.springframework.data/spring-data-commons/1.11.0.RELEASE/935cd4ab0a1a07358d7f0c9c808f9113dc177bd8/spring-data-commons-1.11.0.RELEASE.jar!/org/springframework/data/geo/Distance.class]
2016-04-27 17:58:10.923 TRACE 37359 --- [    Test worker] ssPathScanningCandidateComponentProvider : Scanning URL [jar:file:/Users/yjayaraman/.gradle/caches/modules-2/files-2.1/org.springframework.data/spring-data-commons/1.11.0.RELEASE/935cd4ab0a1a07358d7f0c9c808f9113dc177bd8/spring-data-commons-1.11.0.RELEASE.jar!/org/springframework/data/geo/GeoModule$CircleMixin.class]
2016-04-27 17:58:10.923 TRACE 37359 --- [    Test worker] ssPathScanningCandidateComponentProvider : Ignored because not matching any filter: URL [jar:file:/Users/yjayaraman/.gradle/caches/modules-2/files-2.1/org.springframework.data/spring-data-commons/1.11.0.RELEASE/935cd4ab0a1a07358d7f0c9c808f9113dc177bd8/spring-data-commons-1.11.0.RELEASE.jar!/org/springframework/data/geo/GeoModule$CircleMixin.class]
2016-04-27 17:58:10.923 TRACE 37359 --- [    Test worker] ssPathScanningCandidateComponentProvider : Scanning URL [jar:file:/Users/yjayaraman/.gradle/caches/modules-2/files-2.1/org.springframework.data/spring-data-commons/1.11.0.RELEASE/935cd4ab0a1a07358d7f0c9c808f9113dc177bd8/spring-data-commons-1.11.0.RELEASE.jar!/org/springframework/data/geo/Circle.class]
2016-04-27 17:58:10.923 TRACE 37359 --- [    Test worker] ssPathScanningCandidateComponentProvider : Ignored because not matching any filter: URL [jar:file:/Users/yjayaraman/.gradle/caches/modules-2/files-2.1/org.springframework.data/spring-data-commons/1.11.0.RELEASE/935cd4ab0a1a07358d7f0c9c808f9113dc177bd8/spring-data-commons-1.11.0.RELEASE.jar!/org/springframework/data/geo/Circle.class]
2016-04-27 17:58:10.923 TRACE 37359 --- [    Test worker] ssPathScanningCandidateComponentProvider : Scanning URL [jar:file:/Users/yjayaraman/.gradle/caches/modules-2/files-2.1/org.springframework.data/spring-data-commons/1.11.0.RELEASE/935cd4ab0a1a07358d7f0c9c808f9113dc177bd8/spring-data-commons-1.11.0.RELEASE.jar!/org/springframework/data/geo/GeoModule$PolygonMixin.class]
2016-04-27 17:58:10.923 TRACE 37359 --- [    Test worker] ssPathScanningCandidateComponentProvider : Ignored because not matching any filter: URL [jar:file:/Users/yjayaraman/.gradle/caches/modules-2/files-2.1/org.springframework.data/spring-data-commons/1.11.0.RELEASE/935cd4ab0a1a07358d7f0c9c808f9113dc177bd8/spring-data-commons-1.11.0.RELEASE.jar!/org/springframework/data/geo/GeoModule$PolygonMixin.class]
2016-04-27 17:58:10.923 TRACE 37359 --- [    Test worker] ssPathScanningCandidateComponentProvider : Scanning URL [jar:file:/Users/yjayaraman/.gradle/caches/modules-2/files-2.1/org.springframework.data/spring-data-commons/1.11.0.RELEASE/935cd4ab0a1a07358d7f0c9c808f9113dc177bd8/spring-data-commons-1.11.0.RELEASE.jar!/org/springframework/data/geo/Polygon.class]
2016-04-27 17:58:10.924 TRACE 37359 --- [    Test worker] ssPathScanningCandidateComponentProvider : Ignored because not matching any filter: URL [jar:file:/Users/yjayaraman/.gradle/caches/modules-2/files-2.1/org.springframework.data/spring-data-commons/1.11.0.RELEASE/935cd4ab0a1a07358d7f0c9c808f9113dc177bd8/spring-data-commons-1.11.0.RELEASE.jar!/org/springframework/data/geo/Polygon.class]
2016-04-27 17:58:10.924 TRACE 37359 --- [    Test worker] ssPathScanningCandidateComponentProvider : Scanning URL [jar:file:/Users/yjayaraman/.gradle/caches/modules-2/files-2.1/org.springframework.data/spring-data-commons/1.11.0.RELEASE/935cd4ab0a1a07358d7f0c9c808f9113dc177bd8/spring-data-commons-1.11.0.RELEASE.jar!/org/springframework/data/geo/Metrics.class]
2016-04-27 17:58:10.924 TRACE 37359 --- [    Test worker] ssPathScanningCandidateComponentProvider : Ignored because not matching any filter: URL [jar:file:/Users/yjayaraman/.gradle/caches/modules-2/files-2.1/org.springframework.data/spring-data-commons/1.11.0.RELEASE/935cd4ab0a1a07358d7f0c9c808f9113dc177bd8/spring-data-commons-1.11.0.RELEASE.jar!/org/springframework/data/geo/Metrics.class]
2016-04-27 17:58:10.924 TRACE 37359 --- [    Test worker] ssPathScanningCandidateComponentProvider : Scanning URL [jar:file:/Users/yjayaraman/.gradle/caches/modules-2/files-2.1/org.springframework.data/spring-data-commons/1.11.0.RELEASE/935cd4ab0a1a07358d7f0c9c808f9113dc177bd8/spring-data-commons-1.11.0.RELEASE.jar!/org/springframework/data/geo/Point.class]
2016-04-27 17:58:10.924 TRACE 37359 --- [    Test worker] ssPathScanningCandidateComponentProvider : Ignored because not matching any filter: URL [jar:file:/Users/yjayaraman/.gradle/caches/modules-2/files-2.1/org.springframework.data/spring-data-commons/1.11.0.RELEASE/935cd4ab0a1a07358d7f0c9c808f9113dc177bd8/spring-data-commons-1.11.0.RELEASE.jar!/org/springframework/data/geo/Point.class]
2016-04-27 17:58:10.924 TRACE 37359 --- [    Test worker] ssPathScanningCandidateComponentProvider : Scanning URL [jar:file:/Users/yjayaraman/.gradle/caches/modules-2/files-2.1/org.springframework.data/spring-data-commons/1.11.0.RELEASE/935cd4ab0a1a07358d7f0c9c808f9113dc177bd8/spring-data-commons-1.11.0.RELEASE.jar!/org/springframework/data/geo/Box.class]
2016-04-27 17:58:10.924 TRACE 37359 --- [    Test worker] ssPathScanningCandidateComponentProvider : Ignored because not matching any filter: URL [jar:file:/Users/yjayaraman/.gradle/caches/modules-2/files-2.1/org.springframework.data/spring-data-commons/1.11.0.RELEASE/935cd4ab0a1a07358d7f0c9c808f9113dc177bd8/spring-data-commons-1.11.0.RELEASE.jar!/org/springframework/data/geo/Box.class]
2016-04-27 17:58:10.924 TRACE 37359 --- [    Test worker] ssPathScanningCandidateComponentProvider : Scanning URL [jar:file:/Users/yjayaraman/.gradle/caches/modules-2/files-2.1/org.springframework.data/spring-data-commons/1.11.0.RELEASE/935cd4ab0a1a07358d7f0c9c808f9113dc177bd8/spring-data-commons-1.11.0.RELEASE.jar!/org/springframework/data/geo/format/PointFormatter.class]
2016-04-27 17:58:10.924 TRACE 37359 --- [    Test worker] ssPathScanningCandidateComponentProvider : Ignored because not matching any filter: URL [jar:file:/Users/yjayaraman/.gradle/caches/modules-2/files-2.1/org.springframework.data/spring-data-commons/1.11.0.RELEASE/935cd4ab0a1a07358d7f0c9c808f9113dc177bd8/spring-data-commons-1.11.0.RELEASE.jar!/org/springframework/data/geo/format/PointFormatter.class]
2016-04-27 17:58:10.924 TRACE 37359 --- [    Test worker] ssPathScanningCandidateComponentProvider : Scanning URL [jar:file:/Users/yjayaraman/.gradle/caches/modules-2/files-2.1/org.springframework.data/spring-data-commons/1.11.0.RELEASE/935cd4ab0a1a07358d7f0c9c808f9113dc177bd8/spring-data-commons-1.11.0.RELEASE.jar!/org/springframework/data/geo/format/DistanceFormatter.class]
2016-04-27 17:58:10.924 TRACE 37359 --- [    Test worker] ssPathScanningCandidateComponentProvider : Ignored because not matching any filter: URL [jar:file:/Users/yjayaraman/.gradle/caches/modules-2/files-2.1/org.springframework.data/spring-data-commons/1.11.0.RELEASE/935cd4ab0a1a07358d7f0c9c808f9113dc177bd8/spring-data-commons-1.11.0.RELEASE.jar!/org/springframework/data/geo/format/DistanceFormatter.class]
2016-04-27 17:58:10.924 TRACE 37359 --- [    Test worker] ssPathScanningCandidateComponentProvider : Scanning URL [jar:file:/Users/yjayaraman/.gradle/caches/modules-2/files-2.1/org.springframework.data/spring-data-commons/1.11.0.RELEASE/935cd4ab0a1a07358d7f0c9c808f9113dc177bd8/spring-data-commons-1.11.0.RELEASE.jar!/org/springframework/data/geo/Metric.class]
2016-04-27 17:58:10.924 TRACE 37359 --- [    Test worker] ssPathScanningCandidateComponentProvider : Ignored because not matching any filter: URL [jar:file:/Users/yjayaraman/.gradle/caches/modules-2/files-2.1/org.springframework.data/spring-data-commons/1.11.0.RELEASE/935cd4ab0a1a07358d7f0c9c808f9113dc177bd8/spring-data-commons-1.11.0.RELEASE.jar!/org/springframework/data/geo/Metric.class]
2016-04-27 17:58:10.924 TRACE 37359 --- [    Test worker] ssPathScanningCandidateComponentProvider : Scanning URL [jar:file:/Users/yjayaraman/.gradle/caches/modules-2/files-2.1/org.springframework.data/spring-data-commons/1.11.0.RELEASE/935cd4ab0a1a07358d7f0c9c808f9113dc177bd8/spring-data-commons-1.11.0.RELEASE.jar!/org/springframework/data/geo/GeoResult.class]
2016-04-27 17:58:10.925 TRACE 37359 --- [    Test worker] ssPathScanningCandidateComponentProvider : Ignored because not matching any filter: URL [jar:file:/Users/yjayaraman/.gradle/caches/modules-2/files-2.1/org.springframework.data/spring-data-commons/1.11.0.RELEASE/935cd4ab0a1a07358d7f0c9c808f9113dc177bd8/spring-data-commons-1.11.0.RELEASE.jar!/org/springframework/data/geo/GeoResult.class]
2016-04-27 17:58:10.925 TRACE 37359 --- [    Test worker] ssPathScanningCandidateComponentProvider : Scanning URL [jar:file:/Users/yjayaraman/.gradle/caches/modules-2/files-2.1/org.springframework.data/spring-data-commons/1.11.0.RELEASE/935cd4ab0a1a07358d7f0c9c808f9113dc177bd8/spring-data-commons-1.11.0.RELEASE.jar!/org/springframework/data/geo/GeoModule$BoxMixin.class]
2016-04-27 17:58:10.925 TRACE 37359 --- [    Test worker] ssPathScanningCandidateComponentProvider : Ignored because not matching any filter: URL [jar:file:/Users/yjayaraman/.gradle/caches/modules-2/files-2.1/org.springframework.data/spring-data-commons/1.11.0.RELEASE/935cd4ab0a1a07358d7f0c9c808f9113dc177bd8/spring-data-commons-1.11.0.RELEASE.jar!/org/springframework/data/geo/GeoModule$BoxMixin.class]
2016-04-27 17:58:10.925 TRACE 37359 --- [    Test worker] ssPathScanningCandidateComponentProvider : Scanning URL [jar:file:/Users/yjayaraman/.gradle/caches/modules-2/files-2.1/org.springframework.data/spring-data-commons/1.11.0.RELEASE/935cd4ab0a1a07358d7f0c9c808f9113dc177bd8/spring-data-commons-1.11.0.RELEASE.jar!/org/springframework/data/geo/Shape.class]
2016-04-27 17:58:10.925 TRACE 37359 --- [    Test worker] ssPathScanningCandidateComponentProvider : Ignored because not matching any filter: URL [jar:file:/Users/yjayaraman/.gradle/caches/modules-2/files-2.1/org.springframework.data/spring-data-commons/1.11.0.RELEASE/935cd4ab0a1a07358d7f0c9c808f9113dc177bd8/spring-data-commons-1.11.0.RELEASE.jar!/org/springframework/data/geo/Shape.class]
2016-04-27 17:58:10.925 TRACE 37359 --- [    Test worker] ssPathScanningCandidateComponentProvider : Scanning URL [jar:file:/Users/yjayaraman/.gradle/caches/modules-2/files-2.1/org.springframework.data/spring-data-commons/1.11.0.RELEASE/935cd4ab0a1a07358d7f0c9c808f9113dc177bd8/spring-data-commons-1.11.0.RELEASE.jar!/org/springframework/data/web/MapDataBinder$MapPropertyAccessor$PropertyTraversingMapAccessor.class]
2016-04-27 17:58:10.925 TRACE 37359 --- [    Test worker] ssPathScanningCandidateComponentProvider : Ignored because not matching any filter: URL [jar:file:/Users/yjayaraman/.gradle/caches/modules-2/files-2.1/org.springframework.data/spring-data-commons/1.11.0.RELEASE/935cd4ab0a1a07358d7f0c9c808f9113dc177bd8/spring-data-commons-1.11.0.RELEASE.jar!/org/springframework/data/web/MapDataBinder$MapPropertyAccessor$PropertyTraversingMapAccessor.class]
2016-04-27 17:58:10.925 TRACE 37359 --- [    Test worker] ssPathScanningCandidateComponentProvider : Scanning URL [jar:file:/Users/yjayaraman/.gradle/caches/modules-2/files-2.1/org.springframework.data/spring-data-commons/1.11.0.RELEASE/935cd4ab0a1a07358d7f0c9c808f9113dc177bd8/spring-data-commons-1.11.0.RELEASE.jar!/org/springframework/data/web/PageableDefault.class]
2016-04-27 17:58:10.925 TRACE 37359 --- [    Test worker] ssPathScanningCandidateComponentProvider : Ignored because not matching any filter: URL [jar:file:/Users/yjayaraman/.gradle/caches/modules-2/files-2.1/org.springframework.data/spring-data-commons/1.11.0.RELEASE/935cd4ab0a1a07358d7f0c9c808f9113dc177bd8/spring-data-commons-1.11.0.RELEASE.jar!/org/springframework/data/web/PageableDefault.class]
2016-04-27 17:58:10.925 TRACE 37359 --- [    Test worker] ssPathScanningCandidateComponentProvider : Scanning URL [jar:file:/Users/yjayaraman/.gradle/caches/modules-2/files-2.1/org.springframework.data/spring-data-commons/1.11.0.RELEASE/935cd4ab0a1a07358d7f0c9c808f9113dc177bd8/spring-data-commons-1.11.0.RELEASE.jar!/org/springframework/data/web/MapDataBinder.class]
2016-04-27 17:58:10.925 TRACE 37359 --- [    Test worker] ssPathScanningCandidateComponentProvider : Ignored because not matching any filter: URL [jar:file:/Users/yjayaraman/.gradle/caches/modules-2/files-2.1/org.springframework.data/spring-data-commons/1.11.0.RELEASE/935cd4ab0a1a07358d7f0c9c808f9113dc177bd8/spring-data-commons-1.11.0.RELEASE.jar!/org/springframework/data/web/MapDataBinder.class]
2016-04-27 17:58:10.925 TRACE 37359 --- [    Test worker] ssPathScanningCandidateComponentProvider : Scanning URL [jar:file:/Users/yjayaraman/.gradle/caches/modules-2/files-2.1/org.springframework.data/spring-data-commons/1.11.0.RELEASE/935cd4ab0a1a07358d7f0c9c808f9113dc177bd8/spring-data-commons-1.11.0.RELEASE.jar!/org/springframework/data/web/PageableHandlerMethodArgumentResolver.class]
2016-04-27 17:58:10.926 TRACE 37359 --- [    Test worker] ssPathScanningCandidateComponentProvider : Ignored because not matching any filter: URL [jar:file:/Users/yjayaraman/.gradle/caches/modules-2/files-2.1/org.springframework.data/spring-data-commons/1.11.0.RELEASE/935cd4ab0a1a07358d7f0c9c808f9113dc177bd8/spring-data-commons-1.11.0.RELEASE.jar!/org/springframework/data/web/PageableHandlerMethodArgumentResolver.class]
2016-04-27 17:58:10.926 TRACE 37359 --- [    Test worker] ssPathScanningCandidateComponentProvider : Scanning URL [jar:file:/Users/yjayaraman/.gradle/caches/modules-2/files-2.1/org.springframework.data/spring-data-commons/1.11.0.RELEASE/935cd4ab0a1a07358d7f0c9c808f9113dc177bd8/spring-data-commons-1.11.0.RELEASE.jar!/org/springframework/data/web/SpringDataAnnotationUtils.class]
2016-04-27 17:58:10.926 TRACE 37359 --- [    Test worker] ssPathScanningCandidateComponentProvider : Ignored because not matching any filter: URL [jar:file:/Users/yjayaraman/.gradle/caches/modules-2/files-2.1/org.springframework.data/spring-data-commons/1.11.0.RELEASE/935cd4ab0a1a07358d7f0c9c808f9113dc177bd8/spring-data-commons-1.11.0.RELEASE.jar!/org/springframework/data/web/SpringDataAnnotationUtils.class]
2016-04-27 17:58:10.926 TRACE 37359 --- [    Test worker] ssPathScanningCandidateComponentProvider : Scanning URL [jar:file:/Users/yjayaraman/.gradle/caches/modules-2/files-2.1/org.springframework.data/spring-data-commons/1.11.0.RELEASE/935cd4ab0a1a07358d7f0c9c808f9113dc177bd8/spring-data-commons-1.11.0.RELEASE.jar!/org/springframework/data/web/ProxyingHandlerMethodArgumentResolver.class]
2016-04-27 17:58:10.926 TRACE 37359 --- [    Test worker] ssPathScanningCandidateComponentProvider : Ignored because not matching any filter: URL [jar:file:/Users/yjayaraman/.gradle/caches/modules-2/files-2.1/org.springframework.data/spring-data-commons/1.11.0.RELEASE/935cd4ab0a1a07358d7f0c9c808f9113dc177bd8/spring-data-commons-1.11.0.RELEASE.jar!/org/springframework/data/web/ProxyingHandlerMethodArgumentResolver.class]
2016-04-27 17:58:10.926 TRACE 37359 --- [    Test worker] ssPathScanningCandidateComponentProvider : Scanning URL [jar:file:/Users/yjayaraman/.gradle/caches/modules-2/files-2.1/org.springframework.data/spring-data-commons/1.11.0.RELEASE/935cd4ab0a1a07358d7f0c9c808f9113dc177bd8/spring-data-commons-1.11.0.RELEASE.jar!/org/springframework/data/web/querydsl/QuerydslPredicateArgumentResolver.class]
2016-04-27 17:58:10.926 TRACE 37359 --- [    Test worker] ssPathScanningCandidateComponentProvider : Ignored because not matching any filter: URL [jar:file:/Users/yjayaraman/.gradle/caches/modules-2/files-2.1/org.springframework.data/spring-data-commons/1.11.0.RELEASE/935cd4ab0a1a07358d7f0c9c808f9113dc177bd8/spring-data-commons-1.11.0.RELEASE.jar!/org/springframework/data/web/querydsl/QuerydslPredicateArgumentResolver.class]
2016-04-27 17:58:10.926 TRACE 37359 --- [    Test worker] ssPathScanningCandidateComponentProvider : Scanning URL [jar:file:/Users/yjayaraman/.gradle/caches/modules-2/files-2.1/org.springframework.data/spring-data-commons/1.11.0.RELEASE/935cd4ab0a1a07358d7f0c9c808f9113dc177bd8/spring-data-commons-1.11.0.RELEASE.jar!/org/springframework/data/web/PagedResourcesAssemblerArgumentResolver.class]
2016-04-27 17:58:10.926 TRACE 37359 --- [    Test worker] ssPathScanningCandidateComponentProvider : Ignored because not matching any filter: URL [jar:file:/Users/yjayaraman/.gradle/caches/modules-2/files-2.1/org.springframework.data/spring-data-commons/1.11.0.RELEASE/935cd4ab0a1a07358d7f0c9c808f9113dc177bd8/spring-data-commons-1.11.0.RELEASE.jar!/org/springframework/data/web/PagedResourcesAssemblerArgumentResolver.class]
2016-04-27 17:58:10.926 TRACE 37359 --- [    Test worker] ssPathScanningCandidateComponentProvider : Scanning URL [jar:file:/Users/yjayaraman/.gradle/caches/modules-2/files-2.1/org.springframework.data/spring-data-commons/1.11.0.RELEASE/935cd4ab0a1a07358d7f0c9c808f9113dc177bd8/spring-data-commons-1.11.0.RELEASE.jar!/org/springframework/data/web/SortHandlerMethodArgumentResolver.class]
2016-04-27 17:58:10.927 TRACE 37359 --- [    Test worker] ssPathScanningCandidateComponentProvider : Ignored because not matching any filter: URL [jar:file:/Users/yjayaraman/.gradle/caches/modules-2/files-2.1/org.springframework.data/spring-data-commons/1.11.0.RELEASE/935cd4ab0a1a07358d7f0c9c808f9113dc177bd8/spring-data-commons-1.11.0.RELEASE.jar!/org/springframework/data/web/SortHandlerMethodArgumentResolver.class]
2016-04-27 17:58:10.927 TRACE 37359 --- [    Test worker] ssPathScanningCandidateComponentProvider : Scanning URL [jar:file:/Users/yjayaraman/.gradle/caches/modules-2/files-2.1/org.springframework.data/spring-data-commons/1.11.0.RELEASE/935cd4ab0a1a07358d7f0c9c808f9113dc177bd8/spring-data-commons-1.11.0.RELEASE.jar!/org/springframework/data/web/PagedResourcesAssembler$SimplePagedResourceAssembler.class]
2016-04-27 17:58:10.927 TRACE 37359 --- [    Test worker] ssPathScanningCandidateComponentProvider : Ignored because not matching any filter: URL [jar:file:/Users/yjayaraman/.gradle/caches/modules-2/files-2.1/org.springframework.data/spring-data-commons/1.11.0.RELEASE/935cd4ab0a1a07358d7f0c9c808f9113dc177bd8/spring-data-commons-1.11.0.RELEASE.jar!/org/springframework/data/web/PagedResourcesAssembler$SimplePagedResourceAssembler.class]
2016-04-27 17:58:10.927 TRACE 37359 --- [    Test worker] ssPathScanningCandidateComponentProvider : Scanning URL [jar:file:/Users/yjayaraman/.gradle/caches/modules-2/files-2.1/org.springframework.data/spring-data-commons/1.11.0.RELEASE/935cd4ab0a1a07358d7f0c9c808f9113dc177bd8/spring-data-commons-1.11.0.RELEASE.jar!/org/springframework/data/web/MapDataBinder$MapPropertyAccessor.class]
2016-04-27 17:58:10.927 TRACE 37359 --- [    Test worker] ssPathScanningCandidateComponentProvider : Ignored because not matching any filter: URL [jar:file:/Users/yjayaraman/.gradle/caches/modules-2/files-2.1/org.springframework.data/spring-data-commons/1.11.0.RELEASE/935cd4ab0a1a07358d7f0c9c808f9113dc177bd8/spring-data-commons-1.11.0.RELEASE.jar!/org/springframework/data/web/MapDataBinder$MapPropertyAccessor.class]
2016-04-27 17:58:10.927 TRACE 37359 --- [    Test worker] ssPathScanningCandidateComponentProvider : Scanning URL [jar:file:/Users/yjayaraman/.gradle/caches/modules-2/files-2.1/org.springframework.data/spring-data-commons/1.11.0.RELEASE/935cd4ab0a1a07358d7f0c9c808f9113dc177bd8/spring-data-commons-1.11.0.RELEASE.jar!/org/springframework/data/web/SortDefault.class]
2016-04-27 17:58:10.927 TRACE 37359 --- [    Test worker] ssPathScanningCandidateComponentProvider : Ignored because not matching any filter: URL [jar:file:/Users/yjayaraman/.gradle/caches/modules-2/files-2.1/org.springframework.data/spring-data-commons/1.11.0.RELEASE/935cd4ab0a1a07358d7f0c9c808f9113dc177bd8/spring-data-commons-1.11.0.RELEASE.jar!/org/springframework/data/web/SortDefault.class]
2016-04-27 17:58:10.927 TRACE 37359 --- [    Test worker] ssPathScanningCandidateComponentProvider : Scanning URL [jar:file:/Users/yjayaraman/.gradle/caches/modules-2/files-2.1/org.springframework.data/spring-data-commons/1.11.0.RELEASE/935cd4ab0a1a07358d7f0c9c808f9113dc177bd8/spring-data-commons-1.11.0.RELEASE.jar!/org/springframework/data/web/HateoasPageableHandlerMethodArgumentResolver.class]
2016-04-27 17:58:10.927 TRACE 37359 --- [    Test worker] ssPathScanningCandidateComponentProvider : Ignored because not matching any filter: URL [jar:file:/Users/yjayaraman/.gradle/caches/modules-2/files-2.1/org.springframework.data/spring-data-commons/1.11.0.RELEASE/935cd4ab0a1a07358d7f0c9c808f9113dc177bd8/spring-data-commons-1.11.0.RELEASE.jar!/org/springframework/data/web/HateoasPageableHandlerMethodArgumentResolver.class]
2016-04-27 17:58:10.927 TRACE 37359 --- [    Test worker] ssPathScanningCandidateComponentProvider : Scanning URL [jar:file:/Users/yjayaraman/.gradle/caches/modules-2/files-2.1/org.springframework.data/spring-data-commons/1.11.0.RELEASE/935cd4ab0a1a07358d7f0c9c808f9113dc177bd8/spring-data-commons-1.11.0.RELEASE.jar!/org/springframework/data/web/HateoasSortHandlerMethodArgumentResolver.class]
2016-04-27 17:58:10.928 TRACE 37359 --- [    Test worker] ssPathScanningCandidateComponentProvider : Ignored because not matching any filter: URL [jar:file:/Users/yjayaraman/.gradle/caches/modules-2/files-2.1/org.springframework.data/spring-data-commons/1.11.0.RELEASE/935cd4ab0a1a07358d7f0c9c808f9113dc177bd8/spring-data-commons-1.11.0.RELEASE.jar!/org/springframework/data/web/HateoasSortHandlerMethodArgumentResolver.class]
2016-04-27 17:58:10.928 TRACE 37359 --- [    Test worker] ssPathScanningCandidateComponentProvider : Scanning URL [jar:file:/Users/yjayaraman/.gradle/caches/modules-2/files-2.1/org.springframework.data/spring-data-commons/1.11.0.RELEASE/935cd4ab0a1a07358d7f0c9c808f9113dc177bd8/spring-data-commons-1.11.0.RELEASE.jar!/org/springframework/data/web/config/SpringDataWebConfiguration.class]
2016-04-27 17:58:10.928 TRACE 37359 --- [    Test worker] ssPathScanningCandidateComponentProvider : Ignored because not matching any filter: URL [jar:file:/Users/yjayaraman/.gradle/caches/modules-2/files-2.1/org.springframework.data/spring-data-commons/1.11.0.RELEASE/935cd4ab0a1a07358d7f0c9c808f9113dc177bd8/spring-data-commons-1.11.0.RELEASE.jar!/org/springframework/data/web/config/SpringDataWebConfiguration.class]
2016-04-27 17:58:10.928 TRACE 37359 --- [    Test worker] ssPathScanningCandidateComponentProvider : Scanning URL [jar:file:/Users/yjayaraman/.gradle/caches/modules-2/files-2.1/org.springframework.data/spring-data-commons/1.11.0.RELEASE/935cd4ab0a1a07358d7f0c9c808f9113dc177bd8/spring-data-commons-1.11.0.RELEASE.jar!/org/springframework/data/web/config/EnableSpringDataWebSupport$SpringDataWebConfigurationImportSelector.class]
2016-04-27 17:58:10.928 TRACE 37359 --- [    Test worker] ssPathScanningCandidateComponentProvider : Ignored because not matching any filter: URL [jar:file:/Users/yjayaraman/.gradle/caches/modules-2/files-2.1/org.springframework.data/spring-data-commons/1.11.0.RELEASE/935cd4ab0a1a07358d7f0c9c808f9113dc177bd8/spring-data-commons-1.11.0.RELEASE.jar!/org/springframework/data/web/config/EnableSpringDataWebSupport$SpringDataWebConfigurationImportSelector.class]
2016-04-27 17:58:10.928 TRACE 37359 --- [    Test worker] ssPathScanningCandidateComponentProvider : Scanning URL [jar:file:/Users/yjayaraman/.gradle/caches/modules-2/files-2.1/org.springframework.data/spring-data-commons/1.11.0.RELEASE/935cd4ab0a1a07358d7f0c9c808f9113dc177bd8/spring-data-commons-1.11.0.RELEASE.jar!/org/springframework/data/web/config/SpringDataJacksonConfiguration.class]
2016-04-27 17:58:10.928 DEBUG 37359 --- [    Test worker] ssPathScanningCandidateComponentProvider : Identified candidate component class: URL [jar:file:/Users/yjayaraman/.gradle/caches/modules-2/files-2.1/org.springframework.data/spring-data-commons/1.11.0.RELEASE/935cd4ab0a1a07358d7f0c9c808f9113dc177bd8/spring-data-commons-1.11.0.RELEASE.jar!/org/springframework/data/web/config/SpringDataJacksonConfiguration.class]
2016-04-27 17:58:10.928 TRACE 37359 --- [    Test worker] ssPathScanningCandidateComponentProvider : Scanning URL [jar:file:/Users/yjayaraman/.gradle/caches/modules-2/files-2.1/org.springframework.data/spring-data-commons/1.11.0.RELEASE/935cd4ab0a1a07358d7f0c9c808f9113dc177bd8/spring-data-commons-1.11.0.RELEASE.jar!/org/springframework/data/web/config/EnableSpringDataWebSupport$QuerydslActivator.class]
2016-04-27 17:58:10.928 TRACE 37359 --- [    Test worker] ssPathScanningCandidateComponentProvider : Ignored because not matching any filter: URL [jar:file:/Users/yjayaraman/.gradle/caches/modules-2/files-2.1/org.springframework.data/spring-data-commons/1.11.0.RELEASE/935cd4ab0a1a07358d7f0c9c808f9113dc177bd8/spring-data-commons-1.11.0.RELEASE.jar!/org/springframework/data/web/config/EnableSpringDataWebSupport$QuerydslActivator.class]
2016-04-27 17:58:10.928 TRACE 37359 --- [    Test worker] ssPathScanningCandidateComponentProvider : Scanning URL [jar:file:/Users/yjayaraman/.gradle/caches/modules-2/files-2.1/org.springframework.data/spring-data-commons/1.11.0.RELEASE/935cd4ab0a1a07358d7f0c9c808f9113dc177bd8/spring-data-commons-1.11.0.RELEASE.jar!/org/springframework/data/web/config/EnableSpringDataWebSupport.class]
2016-04-27 17:58:10.928 TRACE 37359 --- [    Test worker] ssPathScanningCandidateComponentProvider : Ignored because not matching any filter: URL [jar:file:/Users/yjayaraman/.gradle/caches/modules-2/files-2.1/org.springframework.data/spring-data-commons/1.11.0.RELEASE/935cd4ab0a1a07358d7f0c9c808f9113dc177bd8/spring-data-commons-1.11.0.RELEASE.jar!/org/springframework/data/web/config/EnableSpringDataWebSupport.class]
2016-04-27 17:58:10.928 TRACE 37359 --- [    Test worker] ssPathScanningCandidateComponentProvider : Scanning URL [jar:file:/Users/yjayaraman/.gradle/caches/modules-2/files-2.1/org.springframework.data/spring-data-commons/1.11.0.RELEASE/935cd4ab0a1a07358d7f0c9c808f9113dc177bd8/spring-data-commons-1.11.0.RELEASE.jar!/org/springframework/data/web/config/HateoasAwareSpringDataWebConfiguration.class]
2016-04-27 17:58:10.929 TRACE 37359 --- [    Test worker] ssPathScanningCandidateComponentProvider : Ignored because not matching any filter: URL [jar:file:/Users/yjayaraman/.gradle/caches/modules-2/files-2.1/org.springframework.data/spring-data-commons/1.11.0.RELEASE/935cd4ab0a1a07358d7f0c9c808f9113dc177bd8/spring-data-commons-1.11.0.RELEASE.jar!/org/springframework/data/web/config/HateoasAwareSpringDataWebConfiguration.class]
2016-04-27 17:58:10.929 TRACE 37359 --- [    Test worker] ssPathScanningCandidateComponentProvider : Scanning URL [jar:file:/Users/yjayaraman/.gradle/caches/modules-2/files-2.1/org.springframework.data/spring-data-commons/1.11.0.RELEASE/935cd4ab0a1a07358d7f0c9c808f9113dc177bd8/spring-data-commons-1.11.0.RELEASE.jar!/org/springframework/data/web/config/QuerydslWebConfiguration.class]
2016-04-27 17:58:10.929 TRACE 37359 --- [    Test worker] ssPathScanningCandidateComponentProvider : Ignored because not matching any filter: URL [jar:file:/Users/yjayaraman/.gradle/caches/modules-2/files-2.1/org.springframework.data/spring-data-commons/1.11.0.RELEASE/935cd4ab0a1a07358d7f0c9c808f9113dc177bd8/spring-data-commons-1.11.0.RELEASE.jar!/org/springframework/data/web/config/QuerydslWebConfiguration.class]
2016-04-27 17:58:10.929 TRACE 37359 --- [    Test worker] ssPathScanningCandidateComponentProvider : Scanning URL [jar:file:/Users/yjayaraman/.gradle/caches/modules-2/files-2.1/org.springframework.data/spring-data-commons/1.11.0.RELEASE/935cd4ab0a1a07358d7f0c9c808f9113dc177bd8/spring-data-commons-1.11.0.RELEASE.jar!/org/springframework/data/web/config/SpringDataWebConfigurationMixin.class]
2016-04-27 17:58:10.929 TRACE 37359 --- [    Test worker] ssPathScanningCandidateComponentProvider : Ignored because not matching any filter: URL [jar:file:/Users/yjayaraman/.gradle/caches/modules-2/files-2.1/org.springframework.data/spring-data-commons/1.11.0.RELEASE/935cd4ab0a1a07358d7f0c9c808f9113dc177bd8/spring-data-commons-1.11.0.RELEASE.jar!/org/springframework/data/web/config/SpringDataWebConfigurationMixin.class]
2016-04-27 17:58:10.929 TRACE 37359 --- [    Test worker] ssPathScanningCandidateComponentProvider : Scanning URL [jar:file:/Users/yjayaraman/.gradle/caches/modules-2/files-2.1/org.springframework.data/spring-data-commons/1.11.0.RELEASE/935cd4ab0a1a07358d7f0c9c808f9113dc177bd8/spring-data-commons-1.11.0.RELEASE.jar!/org/springframework/data/web/SortDefault$SortDefaults.class]
2016-04-27 17:58:10.929 TRACE 37359 --- [    Test worker] ssPathScanningCandidateComponentProvider : Ignored because not matching any filter: URL [jar:file:/Users/yjayaraman/.gradle/caches/modules-2/files-2.1/org.springframework.data/spring-data-commons/1.11.0.RELEASE/935cd4ab0a1a07358d7f0c9c808f9113dc177bd8/spring-data-commons-1.11.0.RELEASE.jar!/org/springframework/data/web/SortDefault$SortDefaults.class]
2016-04-27 17:58:10.929 TRACE 37359 --- [    Test worker] ssPathScanningCandidateComponentProvider : Scanning URL [jar:file:/Users/yjayaraman/.gradle/caches/modules-2/files-2.1/org.springframework.data/spring-data-commons/1.11.0.RELEASE/935cd4ab0a1a07358d7f0c9c808f9113dc177bd8/spring-data-commons-1.11.0.RELEASE.jar!/org/springframework/data/web/PagedResourcesAssembler.class]
2016-04-27 17:58:10.930 TRACE 37359 --- [    Test worker] ssPathScanningCandidateComponentProvider : Ignored because not matching any filter: URL [jar:file:/Users/yjayaraman/.gradle/caches/modules-2/files-2.1/org.springframework.data/spring-data-commons/1.11.0.RELEASE/935cd4ab0a1a07358d7f0c9c808f9113dc177bd8/spring-data-commons-1.11.0.RELEASE.jar!/org/springframework/data/web/PagedResourcesAssembler.class]
2016-04-27 17:58:10.930 TRACE 37359 --- [    Test worker] ssPathScanningCandidateComponentProvider : Scanning URL [jar:file:/Users/yjayaraman/.gradle/caches/modules-2/files-2.1/org.springframework.data/spring-data-commons/1.11.0.RELEASE/935cd4ab0a1a07358d7f0c9c808f9113dc177bd8/spring-data-commons-1.11.0.RELEASE.jar!/org/springframework/data/web/SortHandlerMethodArgumentResolver$ExpressionBuilder.class]
2016-04-27 17:58:10.930 TRACE 37359 --- [    Test worker] ssPathScanningCandidateComponentProvider : Ignored because not matching any filter: URL [jar:file:/Users/yjayaraman/.gradle/caches/modules-2/files-2.1/org.springframework.data/spring-data-commons/1.11.0.RELEASE/935cd4ab0a1a07358d7f0c9c808f9113dc177bd8/spring-data-commons-1.11.0.RELEASE.jar!/org/springframework/data/web/SortHandlerMethodArgumentResolver$ExpressionBuilder.class]
2016-04-27 17:58:10.930 TRACE 37359 --- [    Test worker] ssPathScanningCandidateComponentProvider : Scanning URL [jar:file:/Users/yjayaraman/.gradle/caches/modules-2/files-2.1/org.springframework.data/spring-data-commons/1.11.0.RELEASE/935cd4ab0a1a07358d7f0c9c808f9113dc177bd8/spring-data-commons-1.11.0.RELEASE.jar!/org/springframework/data/web/PagedResourcesAssembler$1.class]
2016-04-27 17:58:10.930 TRACE 37359 --- [    Test worker] ssPathScanningCandidateComponentProvider : Ignored because not matching any filter: URL [jar:file:/Users/yjayaraman/.gradle/caches/modules-2/files-2.1/org.springframework.data/spring-data-commons/1.11.0.RELEASE/935cd4ab0a1a07358d7f0c9c808f9113dc177bd8/spring-data-commons-1.11.0.RELEASE.jar!/org/springframework/data/web/PagedResourcesAssembler$1.class]
2016-04-27 17:58:10.930 TRACE 37359 --- [    Test worker] ssPathScanningCandidateComponentProvider : Scanning URL [jar:file:/Users/yjayaraman/.gradle/caches/modules-2/files-2.1/org.springframework.data/spring-data-commons/1.11.0.RELEASE/935cd4ab0a1a07358d7f0c9c808f9113dc177bd8/spring-data-commons-1.11.0.RELEASE.jar!/org/springframework/data/web/MethodParameterAwarePagedResourcesAssembler.class]
2016-04-27 17:58:10.930 TRACE 37359 --- [    Test worker] ssPathScanningCandidateComponentProvider : Ignored because not matching any filter: URL [jar:file:/Users/yjayaraman/.gradle/caches/modules-2/files-2.1/org.springframework.data/spring-data-commons/1.11.0.RELEASE/935cd4ab0a1a07358d7f0c9c808f9113dc177bd8/spring-data-commons-1.11.0.RELEASE.jar!/org/springframework/data/web/MethodParameterAwarePagedResourcesAssembler.class]
2016-04-27 17:58:10.930 TRACE 37359 --- [    Test worker] ssPathScanningCandidateComponentProvider : Scanning URL [jar:file:/Users/yjayaraman/.gradle/caches/modules-2/files-2.1/org.springframework.data/spring-data-commons/1.11.0.RELEASE/935cd4ab0a1a07358d7f0c9c808f9113dc177bd8/spring-data-commons-1.11.0.RELEASE.jar!/org/springframework/data/util/ReflectionUtils$DescribedFieldFilter.class]
2016-04-27 17:58:10.930 TRACE 37359 --- [    Test worker] ssPathScanningCandidateComponentProvider : Ignored because not matching any filter: URL [jar:file:/Users/yjayaraman/.gradle/caches/modules-2/files-2.1/org.springframework.data/spring-data-commons/1.11.0.RELEASE/935cd4ab0a1a07358d7f0c9c808f9113dc177bd8/spring-data-commons-1.11.0.RELEASE.jar!/org/springframework/data/util/ReflectionUtils$DescribedFieldFilter.class]
2016-04-27 17:58:10.930 TRACE 37359 --- [    Test worker] ssPathScanningCandidateComponentProvider : Scanning URL [jar:file:/Users/yjayaraman/.gradle/caches/modules-2/files-2.1/org.springframework.data/spring-data-commons/1.11.0.RELEASE/935cd4ab0a1a07358d7f0c9c808f9113dc177bd8/spring-data-commons-1.11.0.RELEASE.jar!/org/springframework/data/util/TypeVariableTypeInformation.class]
2016-04-27 17:58:10.930 TRACE 37359 --- [    Test worker] ssPathScanningCandidateComponentProvider : Ignored because not matching any filter: URL [jar:file:/Users/yjayaraman/.gradle/caches/modules-2/files-2.1/org.springframework.data/spring-data-commons/1.11.0.RELEASE/935cd4ab0a1a07358d7f0c9c808f9113dc177bd8/spring-data-commons-1.11.0.RELEASE.jar!/org/springframework/data/util/TypeVariableTypeInformation.class]
2016-04-27 17:58:10.930 TRACE 37359 --- [    Test worker] ssPathScanningCandidateComponentProvider : Scanning URL [jar:file:/Users/yjayaraman/.gradle/caches/modules-2/files-2.1/org.springframework.data/spring-data-commons/1.11.0.RELEASE/935cd4ab0a1a07358d7f0c9c808f9113dc177bd8/spring-data-commons-1.11.0.RELEASE.jar!/org/springframework/data/util/StreamUtils.class]
2016-04-27 17:58:10.930 TRACE 37359 --- [    Test worker] ssPathScanningCandidateComponentProvider : Ignored because not matching any filter: URL [jar:file:/Users/yjayaraman/.gradle/caches/modules-2/files-2.1/org.springframework.data/spring-data-commons/1.11.0.RELEASE/935cd4ab0a1a07358d7f0c9c808f9113dc177bd8/spring-data-commons-1.11.0.RELEASE.jar!/org/springframework/data/util/StreamUtils.class]
2016-04-27 17:58:10.930 TRACE 37359 --- [    Test worker] ssPathScanningCandidateComponentProvider : Scanning URL [jar:file:/Users/yjayaraman/.gradle/caches/modules-2/files-2.1/org.springframework.data/spring-data-commons/1.11.0.RELEASE/935cd4ab0a1a07358d7f0c9c808f9113dc177bd8/spring-data-commons-1.11.0.RELEASE.jar!/org/springframework/data/util/AnnotatedTypeScanner.class]
2016-04-27 17:58:10.931 TRACE 37359 --- [    Test worker] ssPathScanningCandidateComponentProvider : Ignored because not matching any filter: URL [jar:file:/Users/yjayaraman/.gradle/caches/modules-2/files-2.1/org.springframework.data/spring-data-commons/1.11.0.RELEASE/935cd4ab0a1a07358d7f0c9c808f9113dc177bd8/spring-data-commons-1.11.0.RELEASE.jar!/org/springframework/data/util/AnnotatedTypeScanner.class]
2016-04-27 17:58:10.931 TRACE 37359 --- [    Test worker] ssPathScanningCandidateComponentProvider : Scanning URL [jar:file:/Users/yjayaraman/.gradle/caches/modules-2/files-2.1/org.springframework.data/spring-data-commons/1.11.0.RELEASE/935cd4ab0a1a07358d7f0c9c808f9113dc177bd8/spring-data-commons-1.11.0.RELEASE.jar!/org/springframework/data/util/GenericArrayTypeInformation.class]
2016-04-27 17:58:10.931 TRACE 37359 --- [    Test worker] ssPathScanningCandidateComponentProvider : Ignored because not matching any filter: URL [jar:file:/Users/yjayaraman/.gradle/caches/modules-2/files-2.1/org.springframework.data/spring-data-commons/1.11.0.RELEASE/935cd4ab0a1a07358d7f0c9c808f9113dc177bd8/spring-data-commons-1.11.0.RELEASE.jar!/org/springframework/data/util/GenericArrayTypeInformation.class]
2016-04-27 17:58:10.931 TRACE 37359 --- [    Test worker] ssPathScanningCandidateComponentProvider : Scanning URL [jar:file:/Users/yjayaraman/.gradle/caches/modules-2/files-2.1/org.springframework.data/spring-data-commons/1.11.0.RELEASE/935cd4ab0a1a07358d7f0c9c808f9113dc177bd8/spring-data-commons-1.11.0.RELEASE.jar!/org/springframework/data/util/ReflectionUtils$1.class]
2016-04-27 17:58:10.931 TRACE 37359 --- [    Test worker] ssPathScanningCandidateComponentProvider : Ignored because not matching any filter: URL [jar:file:/Users/yjayaraman/.gradle/caches/modules-2/files-2.1/org.springframework.data/spring-data-commons/1.11.0.RELEASE/935cd4ab0a1a07358d7f0c9c808f9113dc177bd8/spring-data-commons-1.11.0.RELEASE.jar!/org/springframework/data/util/ReflectionUtils$1.class]
2016-04-27 17:58:10.931 TRACE 37359 --- [    Test worker] ssPathScanningCandidateComponentProvider : Scanning URL [jar:file:/Users/yjayaraman/.gradle/caches/modules-2/files-2.1/org.springframework.data/spring-data-commons/1.11.0.RELEASE/935cd4ab0a1a07358d7f0c9c808f9113dc177bd8/spring-data-commons-1.11.0.RELEASE.jar!/org/springframework/data/util/StreamUtils$CloseableIteratorDisposingRunnable.class]
2016-04-27 17:58:10.931 TRACE 37359 --- [    Test worker] ssPathScanningCandidateComponentProvider : Ignored because not matching any filter: URL [jar:file:/Users/yjayaraman/.gradle/caches/modules-2/files-2.1/org.springframework.data/spring-data-commons/1.11.0.RELEASE/935cd4ab0a1a07358d7f0c9c808f9113dc177bd8/spring-data-commons-1.11.0.RELEASE.jar!/org/springframework/data/util/StreamUtils$CloseableIteratorDisposingRunnable.class]
2016-04-27 17:58:10.931 TRACE 37359 --- [    Test worker] ssPathScanningCandidateComponentProvider : Scanning URL [jar:file:/Users/yjayaraman/.gradle/caches/modules-2/files-2.1/org.springframework.data/spring-data-commons/1.11.0.RELEASE/935cd4ab0a1a07358d7f0c9c808f9113dc177bd8/spring-data-commons-1.11.0.RELEASE.jar!/org/springframework/data/util/ParsingUtils.class]
2016-04-27 17:58:10.931 TRACE 37359 --- [    Test worker] ssPathScanningCandidateComponentProvider : Ignored because not matching any filter: URL [jar:file:/Users/yjayaraman/.gradle/caches/modules-2/files-2.1/org.springframework.data/spring-data-commons/1.11.0.RELEASE/935cd4ab0a1a07358d7f0c9c808f9113dc177bd8/spring-data-commons-1.11.0.RELEASE.jar!/org/springframework/data/util/ParsingUtils.class]
2016-04-27 17:58:10.931 TRACE 37359 --- [    Test worker] ssPathScanningCandidateComponentProvider : Scanning URL [jar:file:/Users/yjayaraman/.gradle/caches/modules-2/files-2.1/org.springframework.data/spring-data-commons/1.11.0.RELEASE/935cd4ab0a1a07358d7f0c9c808f9113dc177bd8/spring-data-commons-1.11.0.RELEASE.jar!/org/springframework/data/util/ParentTypeAwareTypeInformation.class]
2016-04-27 17:58:10.931 TRACE 37359 --- [    Test worker] ssPathScanningCandidateComponentProvider : Ignored because not matching any filter: URL [jar:file:/Users/yjayaraman/.gradle/caches/modules-2/files-2.1/org.springframework.data/spring-data-commons/1.11.0.RELEASE/935cd4ab0a1a07358d7f0c9c808f9113dc177bd8/spring-data-commons-1.11.0.RELEASE.jar!/org/springframework/data/util/ParentTypeAwareTypeInformation.class]
2016-04-27 17:58:10.931 TRACE 37359 --- [    Test worker] ssPathScanningCandidateComponentProvider : Scanning URL [jar:file:/Users/yjayaraman/.gradle/caches/modules-2/files-2.1/org.springframework.data/spring-data-commons/1.11.0.RELEASE/935cd4ab0a1a07358d7f0c9c808f9113dc177bd8/spring-data-commons-1.11.0.RELEASE.jar!/org/springframework/data/util/AnnotationDetectionMethodCallback.class]
2016-04-27 17:58:10.931 TRACE 37359 --- [    Test worker] ssPathScanningCandidateComponentProvider : Ignored because not matching any filter: URL [jar:file:/Users/yjayaraman/.gradle/caches/modules-2/files-2.1/org.springframework.data/spring-data-commons/1.11.0.RELEASE/935cd4ab0a1a07358d7f0c9c808f9113dc177bd8/spring-data-commons-1.11.0.RELEASE.jar!/org/springframework/data/util/AnnotationDetectionMethodCallback.class]
2016-04-27 17:58:10.931 TRACE 37359 --- [    Test worker] ssPathScanningCandidateComponentProvider : Scanning URL [jar:file:/Users/yjayaraman/.gradle/caches/modules-2/files-2.1/org.springframework.data/spring-data-commons/1.11.0.RELEASE/935cd4ab0a1a07358d7f0c9c808f9113dc177bd8/spring-data-commons-1.11.0.RELEASE.jar!/org/springframework/data/util/ParameterizedTypeInformation.class]
2016-04-27 17:58:10.932 TRACE 37359 --- [    Test worker] ssPathScanningCandidateComponentProvider : Ignored because not matching any filter: URL [jar:file:/Users/yjayaraman/.gradle/caches/modules-2/files-2.1/org.springframework.data/spring-data-commons/1.11.0.RELEASE/935cd4ab0a1a07358d7f0c9c808f9113dc177bd8/spring-data-commons-1.11.0.RELEASE.jar!/org/springframework/data/util/ParameterizedTypeInformation.class]
2016-04-27 17:58:10.932 TRACE 37359 --- [    Test worker] ssPathScanningCandidateComponentProvider : Scanning URL [jar:file:/Users/yjayaraman/.gradle/caches/modules-2/files-2.1/org.springframework.data/spring-data-commons/1.11.0.RELEASE/935cd4ab0a1a07358d7f0c9c808f9113dc177bd8/spring-data-commons-1.11.0.RELEASE.jar!/org/springframework/data/util/CacheValue.class]
2016-04-27 17:58:10.932 TRACE 37359 --- [    Test worker] ssPathScanningCandidateComponentProvider : Ignored because not matching any filter: URL [jar:file:/Users/yjayaraman/.gradle/caches/modules-2/files-2.1/org.springframework.data/spring-data-commons/1.11.0.RELEASE/935cd4ab0a1a07358d7f0c9c808f9113dc177bd8/spring-data-commons-1.11.0.RELEASE.jar!/org/springframework/data/util/CacheValue.class]
2016-04-27 17:58:10.932 TRACE 37359 --- [    Test worker] ssPathScanningCandidateComponentProvider : Scanning URL [jar:file:/Users/yjayaraman/.gradle/caches/modules-2/files-2.1/org.springframework.data/spring-data-commons/1.11.0.RELEASE/935cd4ab0a1a07358d7f0c9c808f9113dc177bd8/spring-data-commons-1.11.0.RELEASE.jar!/org/springframework/data/util/TypeInformation.class]
2016-04-27 17:58:10.932 TRACE 37359 --- [    Test worker] ssPathScanningCandidateComponentProvider : Ignored because not matching any filter: URL [jar:file:/Users/yjayaraman/.gradle/caches/modules-2/files-2.1/org.springframework.data/spring-data-commons/1.11.0.RELEASE/935cd4ab0a1a07358d7f0c9c808f9113dc177bd8/spring-data-commons-1.11.0.RELEASE.jar!/org/springframework/data/util/TypeInformation.class]
2016-04-27 17:58:10.932 TRACE 37359 --- [    Test worker] ssPathScanningCandidateComponentProvider : Scanning URL [jar:file:/Users/yjayaraman/.gradle/caches/modules-2/files-2.1/org.springframework.data/spring-data-commons/1.11.0.RELEASE/935cd4ab0a1a07358d7f0c9c808f9113dc177bd8/spring-data-commons-1.11.0.RELEASE.jar!/org/springframework/data/util/ClassTypeInformation.class]
2016-04-27 17:58:10.932 TRACE 37359 --- [    Test worker] ssPathScanningCandidateComponentProvider : Ignored because not matching any filter: URL [jar:file:/Users/yjayaraman/.gradle/caches/modules-2/files-2.1/org.springframework.data/spring-data-commons/1.11.0.RELEASE/935cd4ab0a1a07358d7f0c9c808f9113dc177bd8/spring-data-commons-1.11.0.RELEASE.jar!/org/springframework/data/util/ClassTypeInformation.class]
2016-04-27 17:58:10.932 TRACE 37359 --- [    Test worker] ssPathScanningCandidateComponentProvider : Scanning URL [jar:file:/Users/yjayaraman/.gradle/caches/modules-2/files-2.1/org.springframework.data/spring-data-commons/1.11.0.RELEASE/935cd4ab0a1a07358d7f0c9c808f9113dc177bd8/spring-data-commons-1.11.0.RELEASE.jar!/org/springframework/data/util/AnnotatedTypeScanner$InterfaceAwareScanner.class]
2016-04-27 17:58:10.932 TRACE 37359 --- [    Test worker] ssPathScanningCandidateComponentProvider : Ignored because not matching any filter: URL [jar:file:/Users/yjayaraman/.gradle/caches/modules-2/files-2.1/org.springframework.data/spring-data-commons/1.11.0.RELEASE/935cd4ab0a1a07358d7f0c9c808f9113dc177bd8/spring-data-commons-1.11.0.RELEASE.jar!/org/springframework/data/util/AnnotatedTypeScanner$InterfaceAwareScanner.class]
2016-04-27 17:58:10.932 TRACE 37359 --- [    Test worker] ssPathScanningCandidateComponentProvider : Scanning URL [jar:file:/Users/yjayaraman/.gradle/caches/modules-2/files-2.1/org.springframework.data/spring-data-commons/1.11.0.RELEASE/935cd4ab0a1a07358d7f0c9c808f9113dc177bd8/spring-data-commons-1.11.0.RELEASE.jar!/org/springframework/data/util/DirectFieldAccessFallbackBeanWrapper.class]
2016-04-27 17:58:10.932 TRACE 37359 --- [    Test worker] ssPathScanningCandidateComponentProvider : Ignored because not matching any filter: URL [jar:file:/Users/yjayaraman/.gradle/caches/modules-2/files-2.1/org.springframework.data/spring-data-commons/1.11.0.RELEASE/935cd4ab0a1a07358d7f0c9c808f9113dc177bd8/spring-data-commons-1.11.0.RELEASE.jar!/org/springframework/data/util/DirectFieldAccessFallbackBeanWrapper.class]
2016-04-27 17:58:10.932 TRACE 37359 --- [    Test worker] ssPathScanningCandidateComponentProvider : Scanning URL [jar:file:/Users/yjayaraman/.gradle/caches/modules-2/files-2.1/org.springframework.data/spring-data-commons/1.11.0.RELEASE/935cd4ab0a1a07358d7f0c9c808f9113dc177bd8/spring-data-commons-1.11.0.RELEASE.jar!/org/springframework/data/util/TypeDiscoverer.class]
2016-04-27 17:58:10.933 TRACE 37359 --- [    Test worker] ssPathScanningCandidateComponentProvider : Ignored because not matching any filter: URL [jar:file:/Users/yjayaraman/.gradle/caches/modules-2/files-2.1/org.springframework.data/spring-data-commons/1.11.0.RELEASE/935cd4ab0a1a07358d7f0c9c808f9113dc177bd8/spring-data-commons-1.11.0.RELEASE.jar!/org/springframework/data/util/TypeDiscoverer.class]
2016-04-27 17:58:10.933 TRACE 37359 --- [    Test worker] ssPathScanningCandidateComponentProvider : Scanning URL [jar:file:/Users/yjayaraman/.gradle/caches/modules-2/files-2.1/org.springframework.data/spring-data-commons/1.11.0.RELEASE/935cd4ab0a1a07358d7f0c9c808f9113dc177bd8/spring-data-commons-1.11.0.RELEASE.jar!/org/springframework/data/util/AnnotationDetectionFieldCallback.class]
2016-04-27 17:58:10.933 TRACE 37359 --- [    Test worker] ssPathScanningCandidateComponentProvider : Ignored because not matching any filter: URL [jar:file:/Users/yjayaraman/.gradle/caches/modules-2/files-2.1/org.springframework.data/spring-data-commons/1.11.0.RELEASE/935cd4ab0a1a07358d7f0c9c808f9113dc177bd8/spring-data-commons-1.11.0.RELEASE.jar!/org/springframework/data/util/AnnotationDetectionFieldCallback.class]
2016-04-27 17:58:10.933 TRACE 37359 --- [    Test worker] ssPathScanningCandidateComponentProvider : Scanning URL [jar:file:/Users/yjayaraman/.gradle/caches/modules-2/files-2.1/org.springframework.data/spring-data-commons/1.11.0.RELEASE/935cd4ab0a1a07358d7f0c9c808f9113dc177bd8/spring-data-commons-1.11.0.RELEASE.jar!/org/springframework/data/util/Version.class]
2016-04-27 17:58:10.933 TRACE 37359 --- [    Test worker] ssPathScanningCandidateComponentProvider : Ignored because not matching any filter: URL [jar:file:/Users/yjayaraman/.gradle/caches/modules-2/files-2.1/org.springframework.data/spring-data-commons/1.11.0.RELEASE/935cd4ab0a1a07358d7f0c9c808f9113dc177bd8/spring-data-commons-1.11.0.RELEASE.jar!/org/springframework/data/util/Version.class]
2016-04-27 17:58:10.933 TRACE 37359 --- [    Test worker] ssPathScanningCandidateComponentProvider : Scanning URL [jar:file:/Users/yjayaraman/.gradle/caches/modules-2/files-2.1/org.springframework.data/spring-data-commons/1.11.0.RELEASE/935cd4ab0a1a07358d7f0c9c808f9113dc177bd8/spring-data-commons-1.11.0.RELEASE.jar!/org/springframework/data/util/ReflectionUtils$AnnotationFieldFilter.class]
2016-04-27 17:58:10.933 TRACE 37359 --- [    Test worker] ssPathScanningCandidateComponentProvider : Ignored because not matching any filter: URL [jar:file:/Users/yjayaraman/.gradle/caches/modules-2/files-2.1/org.springframework.data/spring-data-commons/1.11.0.RELEASE/935cd4ab0a1a07358d7f0c9c808f9113dc177bd8/spring-data-commons-1.11.0.RELEASE.jar!/org/springframework/data/util/ReflectionUtils$AnnotationFieldFilter.class]
2016-04-27 17:58:10.933 TRACE 37359 --- [    Test worker] ssPathScanningCandidateComponentProvider : Scanning URL [jar:file:/Users/yjayaraman/.gradle/caches/modules-2/files-2.1/org.springframework.data/spring-data-commons/1.11.0.RELEASE/935cd4ab0a1a07358d7f0c9c808f9113dc177bd8/spring-data-commons-1.11.0.RELEASE.jar!/org/springframework/data/util/CloseableIterator.class]
2016-04-27 17:58:10.933 TRACE 37359 --- [    Test worker] ssPathScanningCandidateComponentProvider : Ignored because not matching any filter: URL [jar:file:/Users/yjayaraman/.gradle/caches/modules-2/files-2.1/org.springframework.data/spring-data-commons/1.11.0.RELEASE/935cd4ab0a1a07358d7f0c9c808f9113dc177bd8/spring-data-commons-1.11.0.RELEASE.jar!/org/springframework/data/util/CloseableIterator.class]
2016-04-27 17:58:10.933 TRACE 37359 --- [    Test worker] ssPathScanningCandidateComponentProvider : Scanning URL [jar:file:/Users/yjayaraman/.gradle/caches/modules-2/files-2.1/org.springframework.data/spring-data-commons/1.11.0.RELEASE/935cd4ab0a1a07358d7f0c9c808f9113dc177bd8/spring-data-commons-1.11.0.RELEASE.jar!/org/springframework/data/util/ReflectionUtils.class]
2016-04-27 17:58:10.933 TRACE 37359 --- [    Test worker] ssPathScanningCandidateComponentProvider : Ignored because not matching any filter: URL [jar:file:/Users/yjayaraman/.gradle/caches/modules-2/files-2.1/org.springframework.data/spring-data-commons/1.11.0.RELEASE/935cd4ab0a1a07358d7f0c9c808f9113dc177bd8/spring-data-commons-1.11.0.RELEASE.jar!/org/springframework/data/util/ReflectionUtils.class]
2016-04-27 17:58:10.933 TRACE 37359 --- [    Test worker] ssPathScanningCandidateComponentProvider : Scanning URL [jar:file:/Users/yjayaraman/.gradle/caches/modules-2/files-2.1/org.springframework.data/spring-data-commons/1.11.0.RELEASE/935cd4ab0a1a07358d7f0c9c808f9113dc177bd8/spring-data-commons-1.11.0.RELEASE.jar!/org/springframework/data/convert/ConfigurableTypeInformationMapper.class]
2016-04-27 17:58:10.933 TRACE 37359 --- [    Test worker] ssPathScanningCandidateComponentProvider : Ignored because not matching any filter: URL [jar:file:/Users/yjayaraman/.gradle/caches/modules-2/files-2.1/org.springframework.data/spring-data-commons/1.11.0.RELEASE/935cd4ab0a1a07358d7f0c9c808f9113dc177bd8/spring-data-commons-1.11.0.RELEASE.jar!/org/springframework/data/convert/ConfigurableTypeInformationMapper.class]
2016-04-27 17:58:10.933 TRACE 37359 --- [    Test worker] ssPathScanningCandidateComponentProvider : Scanning URL [jar:file:/Users/yjayaraman/.gradle/caches/modules-2/files-2.1/org.springframework.data/spring-data-commons/1.11.0.RELEASE/935cd4ab0a1a07358d7f0c9c808f9113dc177bd8/spring-data-commons-1.11.0.RELEASE.jar!/org/springframework/data/convert/ThreeTenBackPortConverters.class]
2016-04-27 17:58:10.933 TRACE 37359 --- [    Test worker] ssPathScanningCandidateComponentProvider : Ignored because not matching any filter: URL [jar:file:/Users/yjayaraman/.gradle/caches/modules-2/files-2.1/org.springframework.data/spring-data-commons/1.11.0.RELEASE/935cd4ab0a1a07358d7f0c9c808f9113dc177bd8/spring-data-commons-1.11.0.RELEASE.jar!/org/springframework/data/convert/ThreeTenBackPortConverters.class]
2016-04-27 17:58:10.933 TRACE 37359 --- [    Test worker] ssPathScanningCandidateComponentProvider : Scanning URL [jar:file:/Users/yjayaraman/.gradle/caches/modules-2/files-2.1/org.springframework.data/spring-data-commons/1.11.0.RELEASE/935cd4ab0a1a07358d7f0c9c808f9113dc177bd8/spring-data-commons-1.11.0.RELEASE.jar!/org/springframework/data/convert/ClassGeneratingEntityInstantiator$ObjectInstantiatorClassGenerator$1.class]
2016-04-27 17:58:10.934 TRACE 37359 --- [    Test worker] ssPathScanningCandidateComponentProvider : Ignored because not matching any filter: URL [jar:file:/Users/yjayaraman/.gradle/caches/modules-2/files-2.1/org.springframework.data/spring-data-commons/1.11.0.RELEASE/935cd4ab0a1a07358d7f0c9c808f9113dc177bd8/spring-data-commons-1.11.0.RELEASE.jar!/org/springframework/data/convert/ClassGeneratingEntityInstantiator$ObjectInstantiatorClassGenerator$1.class]
2016-04-27 17:58:10.934 TRACE 37359 --- [    Test worker] ssPathScanningCandidateComponentProvider : Scanning URL [jar:file:/Users/yjayaraman/.gradle/caches/modules-2/files-2.1/org.springframework.data/spring-data-commons/1.11.0.RELEASE/935cd4ab0a1a07358d7f0c9c808f9113dc177bd8/spring-data-commons-1.11.0.RELEASE.jar!/org/springframework/data/convert/WritingConverter.class]
2016-04-27 17:58:10.934 TRACE 37359 --- [    Test worker] ssPathScanningCandidateComponentProvider : Ignored because not matching any filter: URL [jar:file:/Users/yjayaraman/.gradle/caches/modules-2/files-2.1/org.springframework.data/spring-data-commons/1.11.0.RELEASE/935cd4ab0a1a07358d7f0c9c808f9113dc177bd8/spring-data-commons-1.11.0.RELEASE.jar!/org/springframework/data/convert/WritingConverter.class]
2016-04-27 17:58:10.934 TRACE 37359 --- [    Test worker] ssPathScanningCandidateComponentProvider : Scanning URL [jar:file:/Users/yjayaraman/.gradle/caches/modules-2/files-2.1/org.springframework.data/spring-data-commons/1.11.0.RELEASE/935cd4ab0a1a07358d7f0c9c808f9113dc177bd8/spring-data-commons-1.11.0.RELEASE.jar!/org/springframework/data/convert/Jsr310Converters$LocalDateTimeToDateConverter.class]
2016-04-27 17:58:10.934 TRACE 37359 --- [    Test worker] ssPathScanningCandidateComponentProvider : Ignored because not matching any filter: URL [jar:file:/Users/yjayaraman/.gradle/caches/modules-2/files-2.1/org.springframework.data/spring-data-commons/1.11.0.RELEASE/935cd4ab0a1a07358d7f0c9c808f9113dc177bd8/spring-data-commons-1.11.0.RELEASE.jar!/org/springframework/data/convert/Jsr310Converters$LocalDateTimeToDateConverter.class]
2016-04-27 17:58:10.934 TRACE 37359 --- [    Test worker] ssPathScanningCandidateComponentProvider : Scanning URL [jar:file:/Users/yjayaraman/.gradle/caches/modules-2/files-2.1/org.springframework.data/spring-data-commons/1.11.0.RELEASE/935cd4ab0a1a07358d7f0c9c808f9113dc177bd8/spring-data-commons-1.11.0.RELEASE.jar!/org/springframework/data/convert/Jsr310Converters$InstantToDateConverter.class]
2016-04-27 17:58:10.934 TRACE 37359 --- [    Test worker] ssPathScanningCandidateComponentProvider : Ignored because not matching any filter: URL [jar:file:/Users/yjayaraman/.gradle/caches/modules-2/files-2.1/org.springframework.data/spring-data-commons/1.11.0.RELEASE/935cd4ab0a1a07358d7f0c9c808f9113dc177bd8/spring-data-commons-1.11.0.RELEASE.jar!/org/springframework/data/convert/Jsr310Converters$InstantToDateConverter.class]
2016-04-27 17:58:10.934 TRACE 37359 --- [    Test worker] ssPathScanningCandidateComponentProvider : Scanning URL [jar:file:/Users/yjayaraman/.gradle/caches/modules-2/files-2.1/org.springframework.data/spring-data-commons/1.11.0.RELEASE/935cd4ab0a1a07358d7f0c9c808f9113dc177bd8/spring-data-commons-1.11.0.RELEASE.jar!/org/springframework/data/convert/ReflectionEntityInstantiator.class]
2016-04-27 17:58:10.934 TRACE 37359 --- [    Test worker] ssPathScanningCandidateComponentProvider : Ignored because not matching any filter: URL [jar:file:/Users/yjayaraman/.gradle/caches/modules-2/files-2.1/org.springframework.data/spring-data-commons/1.11.0.RELEASE/935cd4ab0a1a07358d7f0c9c808f9113dc177bd8/spring-data-commons-1.11.0.RELEASE.jar!/org/springframework/data/convert/ReflectionEntityInstantiator.class]
2016-04-27 17:58:10.934 TRACE 37359 --- [    Test worker] ssPathScanningCandidateComponentProvider : Scanning URL [jar:file:/Users/yjayaraman/.gradle/caches/modules-2/files-2.1/org.springframework.data/spring-data-commons/1.11.0.RELEASE/935cd4ab0a1a07358d7f0c9c808f9113dc177bd8/spring-data-commons-1.11.0.RELEASE.jar!/org/springframework/data/convert/TypeInformationMapper.class]
2016-04-27 17:58:10.934 TRACE 37359 --- [    Test worker] ssPathScanningCandidateComponentProvider : Ignored because not matching any filter: URL [jar:file:/Users/yjayaraman/.gradle/caches/modules-2/files-2.1/org.springframework.data/spring-data-commons/1.11.0.RELEASE/935cd4ab0a1a07358d7f0c9c808f9113dc177bd8/spring-data-commons-1.11.0.RELEASE.jar!/org/springframework/data/convert/TypeInformationMapper.class]
2016-04-27 17:58:10.934 TRACE 37359 --- [    Test worker] ssPathScanningCandidateComponentProvider : Scanning URL [jar:file:/Users/yjayaraman/.gradle/caches/modules-2/files-2.1/org.springframework.data/spring-data-commons/1.11.0.RELEASE/935cd4ab0a1a07358d7f0c9c808f9113dc177bd8/spring-data-commons-1.11.0.RELEASE.jar!/org/springframework/data/convert/BytecodeGeneratingEntityInstantiator.class]
2016-04-27 17:58:10.934 TRACE 37359 --- [    Test worker] ssPathScanningCandidateComponentProvider : Ignored because not matching any filter: URL [jar:file:/Users/yjayaraman/.gradle/caches/modules-2/files-2.1/org.springframework.data/spring-data-commons/1.11.0.RELEASE/935cd4ab0a1a07358d7f0c9c808f9113dc177bd8/spring-data-commons-1.11.0.RELEASE.jar!/org/springframework/data/convert/BytecodeGeneratingEntityInstantiator.class]
2016-04-27 17:58:10.934 TRACE 37359 --- [    Test worker] ssPathScanningCandidateComponentProvider : Scanning URL [jar:file:/Users/yjayaraman/.gradle/caches/modules-2/files-2.1/org.springframework.data/spring-data-commons/1.11.0.RELEASE/935cd4ab0a1a07358d7f0c9c808f9113dc177bd8/spring-data-commons-1.11.0.RELEASE.jar!/org/springframework/data/convert/BytecodeGeneratingEntityInstantiator$ObjectInstantiator.class]
2016-04-27 17:58:10.935 TRACE 37359 --- [    Test worker] ssPathScanningCandidateComponentProvider : Ignored because not matching any filter: URL [jar:file:/Users/yjayaraman/.gradle/caches/modules-2/files-2.1/org.springframework.data/spring-data-commons/1.11.0.RELEASE/935cd4ab0a1a07358d7f0c9c808f9113dc177bd8/spring-data-commons-1.11.0.RELEASE.jar!/org/springframework/data/convert/BytecodeGeneratingEntityInstantiator$ObjectInstantiator.class]
2016-04-27 17:58:10.935 TRACE 37359 --- [    Test worker] ssPathScanningCandidateComponentProvider : Scanning URL [jar:file:/Users/yjayaraman/.gradle/caches/modules-2/files-2.1/org.springframework.data/spring-data-commons/1.11.0.RELEASE/935cd4ab0a1a07358d7f0c9c808f9113dc177bd8/spring-data-commons-1.11.0.RELEASE.jar!/org/springframework/data/convert/ThreeTenBackPortConverters$LocalTimeToDateConverter.class]
2016-04-27 17:58:10.935 TRACE 37359 --- [    Test worker] ssPathScanningCandidateComponentProvider : Ignored because not matching any filter: URL [jar:file:/Users/yjayaraman/.gradle/caches/modules-2/files-2.1/org.springframework.data/spring-data-commons/1.11.0.RELEASE/935cd4ab0a1a07358d7f0c9c808f9113dc177bd8/spring-data-commons-1.11.0.RELEASE.jar!/org/springframework/data/convert/ThreeTenBackPortConverters$LocalTimeToDateConverter.class]
2016-04-27 17:58:10.935 TRACE 37359 --- [    Test worker] ssPathScanningCandidateComponentProvider : Scanning URL [jar:file:/Users/yjayaraman/.gradle/caches/modules-2/files-2.1/org.springframework.data/spring-data-commons/1.11.0.RELEASE/935cd4ab0a1a07358d7f0c9c808f9113dc177bd8/spring-data-commons-1.11.0.RELEASE.jar!/org/springframework/data/convert/TypeAliasAccessor.class]
2016-04-27 17:58:10.935 TRACE 37359 --- [    Test worker] ssPathScanningCandidateComponentProvider : Ignored because not matching any filter: URL [jar:file:/Users/yjayaraman/.gradle/caches/modules-2/files-2.1/org.springframework.data/spring-data-commons/1.11.0.RELEASE/935cd4ab0a1a07358d7f0c9c808f9113dc177bd8/spring-data-commons-1.11.0.RELEASE.jar!/org/springframework/data/convert/TypeAliasAccessor.class]
2016-04-27 17:58:10.935 TRACE 37359 --- [    Test worker] ssPathScanningCandidateComponentProvider : Scanning URL [jar:file:/Users/yjayaraman/.gradle/caches/modules-2/files-2.1/org.springframework.data/spring-data-commons/1.11.0.RELEASE/935cd4ab0a1a07358d7f0c9c808f9113dc177bd8/spring-data-commons-1.11.0.RELEASE.jar!/org/springframework/data/convert/Jsr310Converters$LocalDateToDateConverter.class]
2016-04-27 17:58:10.935 TRACE 37359 --- [    Test worker] ssPathScanningCandidateComponentProvider : Ignored because not matching any filter: URL [jar:file:/Users/yjayaraman/.gradle/caches/modules-2/files-2.1/org.springframework.data/spring-data-commons/1.11.0.RELEASE/935cd4ab0a1a07358d7f0c9c808f9113dc177bd8/spring-data-commons-1.11.0.RELEASE.jar!/org/springframework/data/convert/Jsr310Converters$LocalDateToDateConverter.class]
2016-04-27 17:58:10.935 TRACE 37359 --- [    Test worker] ssPathScanningCandidateComponentProvider : Scanning URL [jar:file:/Users/yjayaraman/.gradle/caches/modules-2/files-2.1/org.springframework.data/spring-data-commons/1.11.0.RELEASE/935cd4ab0a1a07358d7f0c9c808f9113dc177bd8/spring-data-commons-1.11.0.RELEASE.jar!/org/springframework/data/convert/DefaultTypeMapper.class]
2016-04-27 17:58:10.935 TRACE 37359 --- [    Test worker] ssPathScanningCandidateComponentProvider : Ignored because not matching any filter: URL [jar:file:/Users/yjayaraman/.gradle/caches/modules-2/files-2.1/org.springframework.data/spring-data-commons/1.11.0.RELEASE/935cd4ab0a1a07358d7f0c9c808f9113dc177bd8/spring-data-commons-1.11.0.RELEASE.jar!/org/springframework/data/convert/DefaultTypeMapper.class]
2016-04-27 17:58:10.935 TRACE 37359 --- [    Test worker] ssPathScanningCandidateComponentProvider : Scanning URL [jar:file:/Users/yjayaraman/.gradle/caches/modules-2/files-2.1/org.springframework.data/spring-data-commons/1.11.0.RELEASE/935cd4ab0a1a07358d7f0c9c808f9113dc177bd8/spring-data-commons-1.11.0.RELEASE.jar!/org/springframework/data/convert/EntityReader.class]
2016-04-27 17:58:10.935 TRACE 37359 --- [    Test worker] ssPathScanningCandidateComponentProvider : Ignored because not matching any filter: URL [jar:file:/Users/yjayaraman/.gradle/caches/modules-2/files-2.1/org.springframework.data/spring-data-commons/1.11.0.RELEASE/935cd4ab0a1a07358d7f0c9c808f9113dc177bd8/spring-data-commons-1.11.0.RELEASE.jar!/org/springframework/data/convert/EntityReader.class]
2016-04-27 17:58:10.935 TRACE 37359 --- [    Test worker] ssPathScanningCandidateComponentProvider : Scanning URL [jar:file:/Users/yjayaraman/.gradle/caches/modules-2/files-2.1/org.springframework.data/spring-data-commons/1.11.0.RELEASE/935cd4ab0a1a07358d7f0c9c808f9113dc177bd8/spring-data-commons-1.11.0.RELEASE.jar!/org/springframework/data/convert/MappingContextTypeInformationMapper.class]
2016-04-27 17:58:10.935 TRACE 37359 --- [    Test worker] ssPathScanningCandidateComponentProvider : Ignored because not matching any filter: URL [jar:file:/Users/yjayaraman/.gradle/caches/modules-2/files-2.1/org.springframework.data/spring-data-commons/1.11.0.RELEASE/935cd4ab0a1a07358d7f0c9c808f9113dc177bd8/spring-data-commons-1.11.0.RELEASE.jar!/org/springframework/data/convert/MappingContextTypeInformationMapper.class]
2016-04-27 17:58:10.935 TRACE 37359 --- [    Test worker] ssPathScanningCandidateComponentProvider : Scanning URL [jar:file:/Users/yjayaraman/.gradle/caches/modules-2/files-2.1/org.springframework.data/spring-data-commons/1.11.0.RELEASE/935cd4ab0a1a07358d7f0c9c808f9113dc177bd8/spring-data-commons-1.11.0.RELEASE.jar!/org/springframework/data/convert/JodaTimeConverters$LocalDateTimeToDateConverter.class]
2016-04-27 17:58:10.936 TRACE 37359 --- [    Test worker] ssPathScanningCandidateComponentProvider : Ignored because not matching any filter: URL [jar:file:/Users/yjayaraman/.gradle/caches/modules-2/files-2.1/org.springframework.data/spring-data-commons/1.11.0.RELEASE/935cd4ab0a1a07358d7f0c9c808f9113dc177bd8/spring-data-commons-1.11.0.RELEASE.jar!/org/springframework/data/convert/JodaTimeConverters$LocalDateTimeToDateConverter.class]
2016-04-27 17:58:10.936 TRACE 37359 --- [    Test worker] ssPathScanningCandidateComponentProvider : Scanning URL [jar:file:/Users/yjayaraman/.gradle/caches/modules-2/files-2.1/org.springframework.data/spring-data-commons/1.11.0.RELEASE/935cd4ab0a1a07358d7f0c9c808f9113dc177bd8/spring-data-commons-1.11.0.RELEASE.jar!/org/springframework/data/convert/TypeMapper.class]
2016-04-27 17:58:10.936 TRACE 37359 --- [    Test worker] ssPathScanningCandidateComponentProvider : Ignored because not matching any filter: URL [jar:file:/Users/yjayaraman/.gradle/caches/modules-2/files-2.1/org.springframework.data/spring-data-commons/1.11.0.RELEASE/935cd4ab0a1a07358d7f0c9c808f9113dc177bd8/spring-data-commons-1.11.0.RELEASE.jar!/org/springframework/data/convert/TypeMapper.class]
2016-04-27 17:58:10.936 TRACE 37359 --- [    Test worker] ssPathScanningCandidateComponentProvider : Scanning URL [jar:file:/Users/yjayaraman/.gradle/caches/modules-2/files-2.1/org.springframework.data/spring-data-commons/1.11.0.RELEASE/935cd4ab0a1a07358d7f0c9c808f9113dc177bd8/spring-data-commons-1.11.0.RELEASE.jar!/org/springframework/data/convert/ThreeTenBackPortConverters$DateToLocalDateConverter.class]
2016-04-27 17:58:10.936 TRACE 37359 --- [    Test worker] ssPathScanningCandidateComponentProvider : Ignored because not matching any filter: URL [jar:file:/Users/yjayaraman/.gradle/caches/modules-2/files-2.1/org.springframework.data/spring-data-commons/1.11.0.RELEASE/935cd4ab0a1a07358d7f0c9c808f9113dc177bd8/spring-data-commons-1.11.0.RELEASE.jar!/org/springframework/data/convert/ThreeTenBackPortConverters$DateToLocalDateConverter.class]
2016-04-27 17:58:10.936 TRACE 37359 --- [    Test worker] ssPathScanningCandidateComponentProvider : Scanning URL [jar:file:/Users/yjayaraman/.gradle/caches/modules-2/files-2.1/org.springframework.data/spring-data-commons/1.11.0.RELEASE/935cd4ab0a1a07358d7f0c9c808f9113dc177bd8/spring-data-commons-1.11.0.RELEASE.jar!/org/springframework/data/convert/Jsr310Converters$DateToLocalDateConverter.class]
2016-04-27 17:58:10.936 TRACE 37359 --- [    Test worker] ssPathScanningCandidateComponentProvider : Ignored because not matching any filter: URL [jar:file:/Users/yjayaraman/.gradle/caches/modules-2/files-2.1/org.springframework.data/spring-data-commons/1.11.0.RELEASE/935cd4ab0a1a07358d7f0c9c808f9113dc177bd8/spring-data-commons-1.11.0.RELEASE.jar!/org/springframework/data/convert/Jsr310Converters$DateToLocalDateConverter.class]
2016-04-27 17:58:10.936 TRACE 37359 --- [    Test worker] ssPathScanningCandidateComponentProvider : Scanning URL [jar:file:/Users/yjayaraman/.gradle/caches/modules-2/files-2.1/org.springframework.data/spring-data-commons/1.11.0.RELEASE/935cd4ab0a1a07358d7f0c9c808f9113dc177bd8/spring-data-commons-1.11.0.RELEASE.jar!/org/springframework/data/convert/SimpleTypeInformationMapper.class]
2016-04-27 17:58:10.936 TRACE 37359 --- [    Test worker] ssPathScanningCandidateComponentProvider : Ignored because not matching any filter: URL [jar:file:/Users/yjayaraman/.gradle/caches/modules-2/files-2.1/org.springframework.data/spring-data-commons/1.11.0.RELEASE/935cd4ab0a1a07358d7f0c9c808f9113dc177bd8/spring-data-commons-1.11.0.RELEASE.jar!/org/springframework/data/convert/SimpleTypeInformationMapper.class]
2016-04-27 17:58:10.936 TRACE 37359 --- [    Test worker] ssPathScanningCandidateComponentProvider : Scanning URL [jar:file:/Users/yjayaraman/.gradle/caches/modules-2/files-2.1/org.springframework.data/spring-data-commons/1.11.0.RELEASE/935cd4ab0a1a07358d7f0c9c808f9113dc177bd8/spring-data-commons-1.11.0.RELEASE.jar!/org/springframework/data/convert/JodaTimeConverters$DateToDateMidnightConverter.class]
2016-04-27 17:58:10.936 TRACE 37359 --- [    Test worker] ssPathScanningCandidateComponentProvider : Ignored because not matching any filter: URL [jar:file:/Users/yjayaraman/.gradle/caches/modules-2/files-2.1/org.springframework.data/spring-data-commons/1.11.0.RELEASE/935cd4ab0a1a07358d7f0c9c808f9113dc177bd8/spring-data-commons-1.11.0.RELEASE.jar!/org/springframework/data/convert/JodaTimeConverters$DateToDateMidnightConverter.class]
2016-04-27 17:58:10.936 TRACE 37359 --- [    Test worker] ssPathScanningCandidateComponentProvider : Scanning URL [jar:file:/Users/yjayaraman/.gradle/caches/modules-2/files-2.1/org.springframework.data/spring-data-commons/1.11.0.RELEASE/935cd4ab0a1a07358d7f0c9c808f9113dc177bd8/spring-data-commons-1.11.0.RELEASE.jar!/org/springframework/data/convert/JodaTimeConverters$DateToLocalDateTimeConverter.class]
2016-04-27 17:58:10.936 TRACE 37359 --- [    Test worker] ssPathScanningCandidateComponentProvider : Ignored because not matching any filter: URL [jar:file:/Users/yjayaraman/.gradle/caches/modules-2/files-2.1/org.springframework.data/spring-data-commons/1.11.0.RELEASE/935cd4ab0a1a07358d7f0c9c808f9113dc177bd8/spring-data-commons-1.11.0.RELEASE.jar!/org/springframework/data/convert/JodaTimeConverters$DateToLocalDateTimeConverter.class]
2016-04-27 17:58:10.936 TRACE 37359 --- [    Test worker] ssPathScanningCandidateComponentProvider : Scanning URL [jar:file:/Users/yjayaraman/.gradle/caches/modules-2/files-2.1/org.springframework.data/spring-data-commons/1.11.0.RELEASE/935cd4ab0a1a07358d7f0c9c808f9113dc177bd8/spring-data-commons-1.11.0.RELEASE.jar!/org/springframework/data/convert/ThreeTenBackPortConverters$DateToLocalDateTimeConverter.class]
2016-04-27 17:58:10.936 TRACE 37359 --- [    Test worker] ssPathScanningCandidateComponentProvider : Ignored because not matching any filter: URL [jar:file:/Users/yjayaraman/.gradle/caches/modules-2/files-2.1/org.springframework.data/spring-data-commons/1.11.0.RELEASE/935cd4ab0a1a07358d7f0c9c808f9113dc177bd8/spring-data-commons-1.11.0.RELEASE.jar!/org/springframework/data/convert/ThreeTenBackPortConverters$DateToLocalDateTimeConverter.class]
2016-04-27 17:58:10.937 TRACE 37359 --- [    Test worker] ssPathScanningCandidateComponentProvider : Scanning URL [jar:file:/Users/yjayaraman/.gradle/caches/modules-2/files-2.1/org.springframework.data/spring-data-commons/1.11.0.RELEASE/935cd4ab0a1a07358d7f0c9c808f9113dc177bd8/spring-data-commons-1.11.0.RELEASE.jar!/org/springframework/data/convert/JodaTimeConverters$DateToLocalDateConverter.class]
2016-04-27 17:58:10.937 TRACE 37359 --- [    Test worker] ssPathScanningCandidateComponentProvider : Ignored because not matching any filter: URL [jar:file:/Users/yjayaraman/.gradle/caches/modules-2/files-2.1/org.springframework.data/spring-data-commons/1.11.0.RELEASE/935cd4ab0a1a07358d7f0c9c808f9113dc177bd8/spring-data-commons-1.11.0.RELEASE.jar!/org/springframework/data/convert/JodaTimeConverters$DateToLocalDateConverter.class]
2016-04-27 17:58:10.937 TRACE 37359 --- [    Test worker] ssPathScanningCandidateComponentProvider : Scanning URL [jar:file:/Users/yjayaraman/.gradle/caches/modules-2/files-2.1/org.springframework.data/spring-data-commons/1.11.0.RELEASE/935cd4ab0a1a07358d7f0c9c808f9113dc177bd8/spring-data-commons-1.11.0.RELEASE.jar!/org/springframework/data/convert/EntityConverter.class]
2016-04-27 17:58:10.937 TRACE 37359 --- [    Test worker] ssPathScanningCandidateComponentProvider : Ignored because not matching any filter: URL [jar:file:/Users/yjayaraman/.gradle/caches/modules-2/files-2.1/org.springframework.data/spring-data-commons/1.11.0.RELEASE/935cd4ab0a1a07358d7f0c9c808f9113dc177bd8/spring-data-commons-1.11.0.RELEASE.jar!/org/springframework/data/convert/EntityConverter.class]
2016-04-27 17:58:10.937 TRACE 37359 --- [    Test worker] ssPathScanningCandidateComponentProvider : Scanning URL [jar:file:/Users/yjayaraman/.gradle/caches/modules-2/files-2.1/org.springframework.data/spring-data-commons/1.11.0.RELEASE/935cd4ab0a1a07358d7f0c9c808f9113dc177bd8/spring-data-commons-1.11.0.RELEASE.jar!/org/springframework/data/convert/EntityInstantiators.class]
2016-04-27 17:58:10.937 TRACE 37359 --- [    Test worker] ssPathScanningCandidateComponentProvider : Ignored because not matching any filter: URL [jar:file:/Users/yjayaraman/.gradle/caches/modules-2/files-2.1/org.springframework.data/spring-data-commons/1.11.0.RELEASE/935cd4ab0a1a07358d7f0c9c808f9113dc177bd8/spring-data-commons-1.11.0.RELEASE.jar!/org/springframework/data/convert/EntityInstantiators.class]
2016-04-27 17:58:10.937 TRACE 37359 --- [    Test worker] ssPathScanningCandidateComponentProvider : Scanning URL [jar:file:/Users/yjayaraman/.gradle/caches/modules-2/files-2.1/org.springframework.data/spring-data-commons/1.11.0.RELEASE/935cd4ab0a1a07358d7f0c9c808f9113dc177bd8/spring-data-commons-1.11.0.RELEASE.jar!/org/springframework/data/convert/ClassGeneratingEntityInstantiator$EntityInstantiatorAdapter.class]
2016-04-27 17:58:10.937 TRACE 37359 --- [    Test worker] ssPathScanningCandidateComponentProvider : Ignored because not matching any filter: URL [jar:file:/Users/yjayaraman/.gradle/caches/modules-2/files-2.1/org.springframework.data/spring-data-commons/1.11.0.RELEASE/935cd4ab0a1a07358d7f0c9c808f9113dc177bd8/spring-data-commons-1.11.0.RELEASE.jar!/org/springframework/data/convert/ClassGeneratingEntityInstantiator$EntityInstantiatorAdapter.class]
2016-04-27 17:58:10.937 TRACE 37359 --- [    Test worker] ssPathScanningCandidateComponentProvider : Scanning URL [jar:file:/Users/yjayaraman/.gradle/caches/modules-2/files-2.1/org.springframework.data/spring-data-commons/1.11.0.RELEASE/935cd4ab0a1a07358d7f0c9c808f9113dc177bd8/spring-data-commons-1.11.0.RELEASE.jar!/org/springframework/data/convert/ThreeTenBackPortConverters$LocalDateTimeToDateConverter.class]
2016-04-27 17:58:10.937 TRACE 37359 --- [    Test worker] ssPathScanningCandidateComponentProvider : Ignored because not matching any filter: URL [jar:file:/Users/yjayaraman/.gradle/caches/modules-2/files-2.1/org.springframework.data/spring-data-commons/1.11.0.RELEASE/935cd4ab0a1a07358d7f0c9c808f9113dc177bd8/spring-data-commons-1.11.0.RELEASE.jar!/org/springframework/data/convert/ThreeTenBackPortConverters$LocalDateTimeToDateConverter.class]
2016-04-27 17:58:10.937 TRACE 37359 --- [    Test worker] ssPathScanningCandidateComponentProvider : Scanning URL [jar:file:/Users/yjayaraman/.gradle/caches/modules-2/files-2.1/org.springframework.data/spring-data-commons/1.11.0.RELEASE/935cd4ab0a1a07358d7f0c9c808f9113dc177bd8/spring-data-commons-1.11.0.RELEASE.jar!/org/springframework/data/convert/Jsr310Converters$DateToLocalDateTimeConverter.class]
2016-04-27 17:58:10.937 TRACE 37359 --- [    Test worker] ssPathScanningCandidateComponentProvider : Ignored because not matching any filter: URL [jar:file:/Users/yjayaraman/.gradle/caches/modules-2/files-2.1/org.springframework.data/spring-data-commons/1.11.0.RELEASE/935cd4ab0a1a07358d7f0c9c808f9113dc177bd8/spring-data-commons-1.11.0.RELEASE.jar!/org/springframework/data/convert/Jsr310Converters$DateToLocalDateTimeConverter.class]
2016-04-27 17:58:10.937 TRACE 37359 --- [    Test worker] ssPathScanningCandidateComponentProvider : Scanning URL [jar:file:/Users/yjayaraman/.gradle/caches/modules-2/files-2.1/org.springframework.data/spring-data-commons/1.11.0.RELEASE/935cd4ab0a1a07358d7f0c9c808f9113dc177bd8/spring-data-commons-1.11.0.RELEASE.jar!/org/springframework/data/convert/JodaTimeConverters$DateMidnightToDateConverter.class]
2016-04-27 17:58:10.938 TRACE 37359 --- [    Test worker] ssPathScanningCandidateComponentProvider : Ignored because not matching any filter: URL [jar:file:/Users/yjayaraman/.gradle/caches/modules-2/files-2.1/org.springframework.data/spring-data-commons/1.11.0.RELEASE/935cd4ab0a1a07358d7f0c9c808f9113dc177bd8/spring-data-commons-1.11.0.RELEASE.jar!/org/springframework/data/convert/JodaTimeConverters$DateMidnightToDateConverter.class]
2016-04-27 17:58:10.938 TRACE 37359 --- [    Test worker] ssPathScanningCandidateComponentProvider : Scanning URL [jar:file:/Users/yjayaraman/.gradle/caches/modules-2/files-2.1/org.springframework.data/spring-data-commons/1.11.0.RELEASE/935cd4ab0a1a07358d7f0c9c808f9113dc177bd8/spring-data-commons-1.11.0.RELEASE.jar!/org/springframework/data/convert/ClassGeneratingEntityInstantiator$ObjectInstantiatorClassGenerator$ByteArrayClassLoader.class]
2016-04-27 17:58:10.938 TRACE 37359 --- [    Test worker] ssPathScanningCandidateComponentProvider : Ignored because not matching any filter: URL [jar:file:/Users/yjayaraman/.gradle/caches/modules-2/files-2.1/org.springframework.data/spring-data-commons/1.11.0.RELEASE/935cd4ab0a1a07358d7f0c9c808f9113dc177bd8/spring-data-commons-1.11.0.RELEASE.jar!/org/springframework/data/convert/ClassGeneratingEntityInstantiator$ObjectInstantiatorClassGenerator$ByteArrayClassLoader.class]
2016-04-27 17:58:10.938 TRACE 37359 --- [    Test worker] ssPathScanningCandidateComponentProvider : Scanning URL [jar:file:/Users/yjayaraman/.gradle/caches/modules-2/files-2.1/org.springframework.data/spring-data-commons/1.11.0.RELEASE/935cd4ab0a1a07358d7f0c9c808f9113dc177bd8/spring-data-commons-1.11.0.RELEASE.jar!/org/springframework/data/convert/JodaTimeConverters$LocalDateToDateConverter.class]
2016-04-27 17:58:10.938 TRACE 37359 --- [    Test worker] ssPathScanningCandidateComponentProvider : Ignored because not matching any filter: URL [jar:file:/Users/yjayaraman/.gradle/caches/modules-2/files-2.1/org.springframework.data/spring-data-commons/1.11.0.RELEASE/935cd4ab0a1a07358d7f0c9c808f9113dc177bd8/spring-data-commons-1.11.0.RELEASE.jar!/org/springframework/data/convert/JodaTimeConverters$LocalDateToDateConverter.class]
2016-04-27 17:58:10.938 TRACE 37359 --- [    Test worker] ssPathScanningCandidateComponentProvider : Scanning URL [jar:file:/Users/yjayaraman/.gradle/caches/modules-2/files-2.1/org.springframework.data/spring-data-commons/1.11.0.RELEASE/935cd4ab0a1a07358d7f0c9c808f9113dc177bd8/spring-data-commons-1.11.0.RELEASE.jar!/org/springframework/data/convert/Jsr310Converters$DateToInstantConverter.class]
2016-04-27 17:58:10.938 TRACE 37359 --- [    Test worker] ssPathScanningCandidateComponentProvider : Ignored because not matching any filter: URL [jar:file:/Users/yjayaraman/.gradle/caches/modules-2/files-2.1/org.springframework.data/spring-data-commons/1.11.0.RELEASE/935cd4ab0a1a07358d7f0c9c808f9113dc177bd8/spring-data-commons-1.11.0.RELEASE.jar!/org/springframework/data/convert/Jsr310Converters$DateToInstantConverter.class]
2016-04-27 17:58:10.938 TRACE 37359 --- [    Test worker] ssPathScanningCandidateComponentProvider : Scanning URL [jar:file:/Users/yjayaraman/.gradle/caches/modules-2/files-2.1/org.springframework.data/spring-data-commons/1.11.0.RELEASE/935cd4ab0a1a07358d7f0c9c808f9113dc177bd8/spring-data-commons-1.11.0.RELEASE.jar!/org/springframework/data/convert/ClassGeneratingEntityInstantiator$1.class]
2016-04-27 17:58:10.938 TRACE 37359 --- [    Test worker] ssPathScanningCandidateComponentProvider : Ignored because not matching any filter: URL [jar:file:/Users/yjayaraman/.gradle/caches/modules-2/files-2.1/org.springframework.data/spring-data-commons/1.11.0.RELEASE/935cd4ab0a1a07358d7f0c9c808f9113dc177bd8/spring-data-commons-1.11.0.RELEASE.jar!/org/springframework/data/convert/ClassGeneratingEntityInstantiator$1.class]
2016-04-27 17:58:10.938 TRACE 37359 --- [    Test worker] ssPathScanningCandidateComponentProvider : Scanning URL [jar:file:/Users/yjayaraman/.gradle/caches/modules-2/files-2.1/org.springframework.data/spring-data-commons/1.11.0.RELEASE/935cd4ab0a1a07358d7f0c9c808f9113dc177bd8/spring-data-commons-1.11.0.RELEASE.jar!/org/springframework/data/convert/ReadingConverter.class]
2016-04-27 17:58:10.938 TRACE 37359 --- [    Test worker] ssPathScanningCandidateComponentProvider : Ignored because not matching any filter: URL [jar:file:/Users/yjayaraman/.gradle/caches/modules-2/files-2.1/org.springframework.data/spring-data-commons/1.11.0.RELEASE/935cd4ab0a1a07358d7f0c9c808f9113dc177bd8/spring-data-commons-1.11.0.RELEASE.jar!/org/springframework/data/convert/ReadingConverter.class]
2016-04-27 17:58:10.938 TRACE 37359 --- [    Test worker] ssPathScanningCandidateComponentProvider : Scanning URL [jar:file:/Users/yjayaraman/.gradle/caches/modules-2/files-2.1/org.springframework.data/spring-data-commons/1.11.0.RELEASE/935cd4ab0a1a07358d7f0c9c808f9113dc177bd8/spring-data-commons-1.11.0.RELEASE.jar!/org/springframework/data/convert/ClassGeneratingEntityInstantiator$ObjectInstantiatorClassGenerator.class]
2016-04-27 17:58:10.938 TRACE 37359 --- [    Test worker] ssPathScanningCandidateComponentProvider : Ignored because not matching any filter: URL [jar:file:/Users/yjayaraman/.gradle/caches/modules-2/files-2.1/org.springframework.data/spring-data-commons/1.11.0.RELEASE/935cd4ab0a1a07358d7f0c9c808f9113dc177bd8/spring-data-commons-1.11.0.RELEASE.jar!/org/springframework/data/convert/ClassGeneratingEntityInstantiator$ObjectInstantiatorClassGenerator.class]
2016-04-27 17:58:10.938 TRACE 37359 --- [    Test worker] ssPathScanningCandidateComponentProvider : Scanning URL [jar:file:/Users/yjayaraman/.gradle/caches/modules-2/files-2.1/org.springframework.data/spring-data-commons/1.11.0.RELEASE/935cd4ab0a1a07358d7f0c9c808f9113dc177bd8/spring-data-commons-1.11.0.RELEASE.jar!/org/springframework/data/convert/ThreeTenBackPortConverters$LocalDateToDateConverter.class]
2016-04-27 17:58:10.939 TRACE 37359 --- [    Test worker] ssPathScanningCandidateComponentProvider : Ignored because not matching any filter: URL [jar:file:/Users/yjayaraman/.gradle/caches/modules-2/files-2.1/org.springframework.data/spring-data-commons/1.11.0.RELEASE/935cd4ab0a1a07358d7f0c9c808f9113dc177bd8/spring-data-commons-1.11.0.RELEASE.jar!/org/springframework/data/convert/ThreeTenBackPortConverters$LocalDateToDateConverter.class]
2016-04-27 17:58:10.939 TRACE 37359 --- [    Test worker] ssPathScanningCandidateComponentProvider : Scanning URL [jar:file:/Users/yjayaraman/.gradle/caches/modules-2/files-2.1/org.springframework.data/spring-data-commons/1.11.0.RELEASE/935cd4ab0a1a07358d7f0c9c808f9113dc177bd8/spring-data-commons-1.11.0.RELEASE.jar!/org/springframework/data/convert/Jsr310Converters$LocalTimeToDateConverter.class]
2016-04-27 17:58:10.939 TRACE 37359 --- [    Test worker] ssPathScanningCandidateComponentProvider : Ignored because not matching any filter: URL [jar:file:/Users/yjayaraman/.gradle/caches/modules-2/files-2.1/org.springframework.data/spring-data-commons/1.11.0.RELEASE/935cd4ab0a1a07358d7f0c9c808f9113dc177bd8/spring-data-commons-1.11.0.RELEASE.jar!/org/springframework/data/convert/Jsr310Converters$LocalTimeToDateConverter.class]
2016-04-27 17:58:10.939 TRACE 37359 --- [    Test worker] ssPathScanningCandidateComponentProvider : Scanning URL [jar:file:/Users/yjayaraman/.gradle/caches/modules-2/files-2.1/org.springframework.data/spring-data-commons/1.11.0.RELEASE/935cd4ab0a1a07358d7f0c9c808f9113dc177bd8/spring-data-commons-1.11.0.RELEASE.jar!/org/springframework/data/convert/JodaTimeConverters.class]
2016-04-27 17:58:10.939 TRACE 37359 --- [    Test worker] ssPathScanningCandidateComponentProvider : Ignored because not matching any filter: URL [jar:file:/Users/yjayaraman/.gradle/caches/modules-2/files-2.1/org.springframework.data/spring-data-commons/1.11.0.RELEASE/935cd4ab0a1a07358d7f0c9c808f9113dc177bd8/spring-data-commons-1.11.0.RELEASE.jar!/org/springframework/data/convert/JodaTimeConverters.class]
2016-04-27 17:58:10.939 TRACE 37359 --- [    Test worker] ssPathScanningCandidateComponentProvider : Scanning URL [jar:file:/Users/yjayaraman/.gradle/caches/modules-2/files-2.1/org.springframework.data/spring-data-commons/1.11.0.RELEASE/935cd4ab0a1a07358d7f0c9c808f9113dc177bd8/spring-data-commons-1.11.0.RELEASE.jar!/org/springframework/data/convert/ThreeTenBackPortConverters$DateToInstantConverter.class]
2016-04-27 17:58:10.939 TRACE 37359 --- [    Test worker] ssPathScanningCandidateComponentProvider : Ignored because not matching any filter: URL [jar:file:/Users/yjayaraman/.gradle/caches/modules-2/files-2.1/org.springframework.data/spring-data-commons/1.11.0.RELEASE/935cd4ab0a1a07358d7f0c9c808f9113dc177bd8/spring-data-commons-1.11.0.RELEASE.jar!/org/springframework/data/convert/ThreeTenBackPortConverters$DateToInstantConverter.class]
2016-04-27 17:58:10.939 TRACE 37359 --- [    Test worker] ssPathScanningCandidateComponentProvider : Scanning URL [jar:file:/Users/yjayaraman/.gradle/caches/modules-2/files-2.1/org.springframework.data/spring-data-commons/1.11.0.RELEASE/935cd4ab0a1a07358d7f0c9c808f9113dc177bd8/spring-data-commons-1.11.0.RELEASE.jar!/org/springframework/data/convert/ClassGeneratingEntityInstantiator.class]
2016-04-27 17:58:10.939 TRACE 37359 --- [    Test worker] ssPathScanningCandidateComponentProvider : Ignored because not matching any filter: URL [jar:file:/Users/yjayaraman/.gradle/caches/modules-2/files-2.1/org.springframework.data/spring-data-commons/1.11.0.RELEASE/935cd4ab0a1a07358d7f0c9c808f9113dc177bd8/spring-data-commons-1.11.0.RELEASE.jar!/org/springframework/data/convert/ClassGeneratingEntityInstantiator.class]
2016-04-27 17:58:10.939 TRACE 37359 --- [    Test worker] ssPathScanningCandidateComponentProvider : Scanning URL [jar:file:/Users/yjayaraman/.gradle/caches/modules-2/files-2.1/org.springframework.data/spring-data-commons/1.11.0.RELEASE/935cd4ab0a1a07358d7f0c9c808f9113dc177bd8/spring-data-commons-1.11.0.RELEASE.jar!/org/springframework/data/convert/EntityWriter.class]
2016-04-27 17:58:10.939 TRACE 37359 --- [    Test worker] ssPathScanningCandidateComponentProvider : Ignored because not matching any filter: URL [jar:file:/Users/yjayaraman/.gradle/caches/modules-2/files-2.1/org.springframework.data/spring-data-commons/1.11.0.RELEASE/935cd4ab0a1a07358d7f0c9c808f9113dc177bd8/spring-data-commons-1.11.0.RELEASE.jar!/org/springframework/data/convert/EntityWriter.class]
2016-04-27 17:58:10.939 TRACE 37359 --- [    Test worker] ssPathScanningCandidateComponentProvider : Scanning URL [jar:file:/Users/yjayaraman/.gradle/caches/modules-2/files-2.1/org.springframework.data/spring-data-commons/1.11.0.RELEASE/935cd4ab0a1a07358d7f0c9c808f9113dc177bd8/spring-data-commons-1.11.0.RELEASE.jar!/org/springframework/data/convert/JodaTimeConverters$DateTimeToDateConverter.class]
2016-04-27 17:58:10.939 TRACE 37359 --- [    Test worker] ssPathScanningCandidateComponentProvider : Ignored because not matching any filter: URL [jar:file:/Users/yjayaraman/.gradle/caches/modules-2/files-2.1/org.springframework.data/spring-data-commons/1.11.0.RELEASE/935cd4ab0a1a07358d7f0c9c808f9113dc177bd8/spring-data-commons-1.11.0.RELEASE.jar!/org/springframework/data/convert/JodaTimeConverters$DateTimeToDateConverter.class]
2016-04-27 17:58:10.939 TRACE 37359 --- [    Test worker] ssPathScanningCandidateComponentProvider : Scanning URL [jar:file:/Users/yjayaraman/.gradle/caches/modules-2/files-2.1/org.springframework.data/spring-data-commons/1.11.0.RELEASE/935cd4ab0a1a07358d7f0c9c808f9113dc177bd8/spring-data-commons-1.11.0.RELEASE.jar!/org/springframework/data/convert/JodaTimeConverters$DateToDateTimeConverter.class]
2016-04-27 17:58:10.940 TRACE 37359 --- [    Test worker] ssPathScanningCandidateComponentProvider : Ignored because not matching any filter: URL [jar:file:/Users/yjayaraman/.gradle/caches/modules-2/files-2.1/org.springframework.data/spring-data-commons/1.11.0.RELEASE/935cd4ab0a1a07358d7f0c9c808f9113dc177bd8/spring-data-commons-1.11.0.RELEASE.jar!/org/springframework/data/convert/JodaTimeConverters$DateToDateTimeConverter.class]
2016-04-27 17:58:10.940 TRACE 37359 --- [    Test worker] ssPathScanningCandidateComponentProvider : Scanning URL [jar:file:/Users/yjayaraman/.gradle/caches/modules-2/files-2.1/org.springframework.data/spring-data-commons/1.11.0.RELEASE/935cd4ab0a1a07358d7f0c9c808f9113dc177bd8/spring-data-commons-1.11.0.RELEASE.jar!/org/springframework/data/convert/ThreeTenBackPortConverters$InstantToDateConverter.class]
2016-04-27 17:58:10.940 TRACE 37359 --- [    Test worker] ssPathScanningCandidateComponentProvider : Ignored because not matching any filter: URL [jar:file:/Users/yjayaraman/.gradle/caches/modules-2/files-2.1/org.springframework.data/spring-data-commons/1.11.0.RELEASE/935cd4ab0a1a07358d7f0c9c808f9113dc177bd8/spring-data-commons-1.11.0.RELEASE.jar!/org/springframework/data/convert/ThreeTenBackPortConverters$InstantToDateConverter.class]
2016-04-27 17:58:10.940 TRACE 37359 --- [    Test worker] ssPathScanningCandidateComponentProvider : Scanning URL [jar:file:/Users/yjayaraman/.gradle/caches/modules-2/files-2.1/org.springframework.data/spring-data-commons/1.11.0.RELEASE/935cd4ab0a1a07358d7f0c9c808f9113dc177bd8/spring-data-commons-1.11.0.RELEASE.jar!/org/springframework/data/convert/Jsr310Converters$DateToLocalTimeConverter.class]
2016-04-27 17:58:10.940 TRACE 37359 --- [    Test worker] ssPathScanningCandidateComponentProvider : Ignored because not matching any filter: URL [jar:file:/Users/yjayaraman/.gradle/caches/modules-2/files-2.1/org.springframework.data/spring-data-commons/1.11.0.RELEASE/935cd4ab0a1a07358d7f0c9c808f9113dc177bd8/spring-data-commons-1.11.0.RELEASE.jar!/org/springframework/data/convert/Jsr310Converters$DateToLocalTimeConverter.class]
2016-04-27 17:58:10.940 TRACE 37359 --- [    Test worker] ssPathScanningCandidateComponentProvider : Scanning URL [jar:file:/Users/yjayaraman/.gradle/caches/modules-2/files-2.1/org.springframework.data/spring-data-commons/1.11.0.RELEASE/935cd4ab0a1a07358d7f0c9c808f9113dc177bd8/spring-data-commons-1.11.0.RELEASE.jar!/org/springframework/data/convert/Jsr310Converters.class]
2016-04-27 17:58:10.940 TRACE 37359 --- [    Test worker] ssPathScanningCandidateComponentProvider : Ignored because not matching any filter: URL [jar:file:/Users/yjayaraman/.gradle/caches/modules-2/files-2.1/org.springframework.data/spring-data-commons/1.11.0.RELEASE/935cd4ab0a1a07358d7f0c9c808f9113dc177bd8/spring-data-commons-1.11.0.RELEASE.jar!/org/springframework/data/convert/Jsr310Converters.class]
2016-04-27 17:58:10.940 TRACE 37359 --- [    Test worker] ssPathScanningCandidateComponentProvider : Scanning URL [jar:file:/Users/yjayaraman/.gradle/caches/modules-2/files-2.1/org.springframework.data/spring-data-commons/1.11.0.RELEASE/935cd4ab0a1a07358d7f0c9c808f9113dc177bd8/spring-data-commons-1.11.0.RELEASE.jar!/org/springframework/data/convert/ClassGeneratingEntityInstantiator$ObjectInstantiator.class]
2016-04-27 17:58:10.940 TRACE 37359 --- [    Test worker] ssPathScanningCandidateComponentProvider : Ignored because not matching any filter: URL [jar:file:/Users/yjayaraman/.gradle/caches/modules-2/files-2.1/org.springframework.data/spring-data-commons/1.11.0.RELEASE/935cd4ab0a1a07358d7f0c9c808f9113dc177bd8/spring-data-commons-1.11.0.RELEASE.jar!/org/springframework/data/convert/ClassGeneratingEntityInstantiator$ObjectInstantiator.class]
2016-04-27 17:58:10.940 TRACE 37359 --- [    Test worker] ssPathScanningCandidateComponentProvider : Scanning URL [jar:file:/Users/yjayaraman/.gradle/caches/modules-2/files-2.1/org.springframework.data/spring-data-commons/1.11.0.RELEASE/935cd4ab0a1a07358d7f0c9c808f9113dc177bd8/spring-data-commons-1.11.0.RELEASE.jar!/org/springframework/data/convert/EntityInstantiator.class]
2016-04-27 17:58:10.940 TRACE 37359 --- [    Test worker] ssPathScanningCandidateComponentProvider : Ignored because not matching any filter: URL [jar:file:/Users/yjayaraman/.gradle/caches/modules-2/files-2.1/org.springframework.data/spring-data-commons/1.11.0.RELEASE/935cd4ab0a1a07358d7f0c9c808f9113dc177bd8/spring-data-commons-1.11.0.RELEASE.jar!/org/springframework/data/convert/EntityInstantiator.class]
2016-04-27 17:58:10.940 TRACE 37359 --- [    Test worker] ssPathScanningCandidateComponentProvider : Scanning URL [jar:file:/Users/yjayaraman/.gradle/caches/modules-2/files-2.1/org.springframework.data/spring-data-commons/1.11.0.RELEASE/935cd4ab0a1a07358d7f0c9c808f9113dc177bd8/spring-data-commons-1.11.0.RELEASE.jar!/org/springframework/data/convert/ThreeTenBackPortConverters$DateToLocalTimeConverter.class]
2016-04-27 17:58:10.941 TRACE 37359 --- [    Test worker] ssPathScanningCandidateComponentProvider : Ignored because not matching any filter: URL [jar:file:/Users/yjayaraman/.gradle/caches/modules-2/files-2.1/org.springframework.data/spring-data-commons/1.11.0.RELEASE/935cd4ab0a1a07358d7f0c9c808f9113dc177bd8/spring-data-commons-1.11.0.RELEASE.jar!/org/springframework/data/convert/ThreeTenBackPortConverters$DateToLocalTimeConverter.class]
2016-04-27 17:58:10.941 TRACE 37359 --- [    Test worker] ssPathScanningCandidateComponentProvider : Scanning URL [jar:file:/Users/yjayaraman/.gradle/caches/modules-2/files-2.1/org.springframework.data/spring-data-commons/1.11.0.RELEASE/935cd4ab0a1a07358d7f0c9c808f9113dc177bd8/spring-data-commons-1.11.0.RELEASE.jar!/org/springframework/data/crossstore/ChangeSetBacked.class]
2016-04-27 17:58:10.941 TRACE 37359 --- [    Test worker] ssPathScanningCandidateComponentProvider : Ignored because not matching any filter: URL [jar:file:/Users/yjayaraman/.gradle/caches/modules-2/files-2.1/org.springframework.data/spring-data-commons/1.11.0.RELEASE/935cd4ab0a1a07358d7f0c9c808f9113dc177bd8/spring-data-commons-1.11.0.RELEASE.jar!/org/springframework/data/crossstore/ChangeSetBacked.class]
2016-04-27 17:58:10.941 TRACE 37359 --- [    Test worker] ssPathScanningCandidateComponentProvider : Scanning URL [jar:file:/Users/yjayaraman/.gradle/caches/modules-2/files-2.1/org.springframework.data/spring-data-commons/1.11.0.RELEASE/935cd4ab0a1a07358d7f0c9c808f9113dc177bd8/spring-data-commons-1.11.0.RELEASE.jar!/org/springframework/data/crossstore/ChangeSet.class]
2016-04-27 17:58:10.941 TRACE 37359 --- [    Test worker] ssPathScanningCandidateComponentProvider : Ignored because not matching any filter: URL [jar:file:/Users/yjayaraman/.gradle/caches/modules-2/files-2.1/org.springframework.data/spring-data-commons/1.11.0.RELEASE/935cd4ab0a1a07358d7f0c9c808f9113dc177bd8/spring-data-commons-1.11.0.RELEASE.jar!/org/springframework/data/crossstore/ChangeSet.class]
2016-04-27 17:58:10.941 TRACE 37359 --- [    Test worker] ssPathScanningCandidateComponentProvider : Scanning URL [jar:file:/Users/yjayaraman/.gradle/caches/modules-2/files-2.1/org.springframework.data/spring-data-commons/1.11.0.RELEASE/935cd4ab0a1a07358d7f0c9c808f9113dc177bd8/spring-data-commons-1.11.0.RELEASE.jar!/org/springframework/data/crossstore/HashMapChangeSet.class]
2016-04-27 17:58:10.941 TRACE 37359 --- [    Test worker] ssPathScanningCandidateComponentProvider : Ignored because not matching any filter: URL [jar:file:/Users/yjayaraman/.gradle/caches/modules-2/files-2.1/org.springframework.data/spring-data-commons/1.11.0.RELEASE/935cd4ab0a1a07358d7f0c9c808f9113dc177bd8/spring-data-commons-1.11.0.RELEASE.jar!/org/springframework/data/crossstore/HashMapChangeSet.class]
2016-04-27 17:58:10.941 TRACE 37359 --- [    Test worker] ssPathScanningCandidateComponentProvider : Scanning URL [jar:file:/Users/yjayaraman/.gradle/caches/modules-2/files-2.1/org.springframework.data/spring-data-commons/1.11.0.RELEASE/935cd4ab0a1a07358d7f0c9c808f9113dc177bd8/spring-data-commons-1.11.0.RELEASE.jar!/org/springframework/data/crossstore/ChangeSetBackedTransactionSynchronization.class]
2016-04-27 17:58:10.941 TRACE 37359 --- [    Test worker] ssPathScanningCandidateComponentProvider : Ignored because not matching any filter: URL [jar:file:/Users/yjayaraman/.gradle/caches/modules-2/files-2.1/org.springframework.data/spring-data-commons/1.11.0.RELEASE/935cd4ab0a1a07358d7f0c9c808f9113dc177bd8/spring-data-commons-1.11.0.RELEASE.jar!/org/springframework/data/crossstore/ChangeSetBackedTransactionSynchronization.class]
2016-04-27 17:58:10.941 TRACE 37359 --- [    Test worker] ssPathScanningCandidateComponentProvider : Scanning URL [jar:file:/Users/yjayaraman/.gradle/caches/modules-2/files-2.1/org.springframework.data/spring-data-commons/1.11.0.RELEASE/935cd4ab0a1a07358d7f0c9c808f9113dc177bd8/spring-data-commons-1.11.0.RELEASE.jar!/org/springframework/data/crossstore/ChangeSetPersister.class]
2016-04-27 17:58:10.941 TRACE 37359 --- [    Test worker] ssPathScanningCandidateComponentProvider : Ignored because not matching any filter: URL [jar:file:/Users/yjayaraman/.gradle/caches/modules-2/files-2.1/org.springframework.data/spring-data-commons/1.11.0.RELEASE/935cd4ab0a1a07358d7f0c9c808f9113dc177bd8/spring-data-commons-1.11.0.RELEASE.jar!/org/springframework/data/crossstore/ChangeSetPersister.class]
2016-04-27 17:58:10.941 TRACE 37359 --- [    Test worker] ssPathScanningCandidateComponentProvider : Scanning URL [jar:file:/Users/yjayaraman/.gradle/caches/modules-2/files-2.1/org.springframework.data/spring-data-commons/1.11.0.RELEASE/935cd4ab0a1a07358d7f0c9c808f9113dc177bd8/spring-data-commons-1.11.0.RELEASE.jar!/org/springframework/data/crossstore/ChangeSetPersister$NotFoundException.class]
2016-04-27 17:58:10.941 TRACE 37359 --- [    Test worker] ssPathScanningCandidateComponentProvider : Ignored because not matching any filter: URL [jar:file:/Users/yjayaraman/.gradle/caches/modules-2/files-2.1/org.springframework.data/spring-data-commons/1.11.0.RELEASE/935cd4ab0a1a07358d7f0c9c808f9113dc177bd8/spring-data-commons-1.11.0.RELEASE.jar!/org/springframework/data/crossstore/ChangeSetPersister$NotFoundException.class]
2016-04-27 17:58:10.941 TRACE 37359 --- [    Test worker] ssPathScanningCandidateComponentProvider : Scanning URL [jar:file:/Users/yjayaraman/.gradle/caches/modules-2/files-2.1/org.springframework.data/spring-data-commons/1.11.0.RELEASE/935cd4ab0a1a07358d7f0c9c808f9113dc177bd8/spring-data-commons-1.11.0.RELEASE.jar!/org/springframework/data/repository/history/support/RevisionEntityInformation.class]
2016-04-27 17:58:10.941 TRACE 37359 --- [    Test worker] ssPathScanningCandidateComponentProvider : Ignored because not matching any filter: URL [jar:file:/Users/yjayaraman/.gradle/caches/modules-2/files-2.1/org.springframework.data/spring-data-commons/1.11.0.RELEASE/935cd4ab0a1a07358d7f0c9c808f9113dc177bd8/spring-data-commons-1.11.0.RELEASE.jar!/org/springframework/data/repository/history/support/RevisionEntityInformation.class]
2016-04-27 17:58:10.941 TRACE 37359 --- [    Test worker] ssPathScanningCandidateComponentProvider : Scanning URL [jar:file:/Users/yjayaraman/.gradle/caches/modules-2/files-2.1/org.springframework.data/spring-data-commons/1.11.0.RELEASE/935cd4ab0a1a07358d7f0c9c808f9113dc177bd8/spring-data-commons-1.11.0.RELEASE.jar!/org/springframework/data/repository/history/RevisionRepository.class]
2016-04-27 17:58:10.942 TRACE 37359 --- [    Test worker] ssPathScanningCandidateComponentProvider : Ignored because not matching any filter: URL [jar:file:/Users/yjayaraman/.gradle/caches/modules-2/files-2.1/org.springframework.data/spring-data-commons/1.11.0.RELEASE/935cd4ab0a1a07358d7f0c9c808f9113dc177bd8/spring-data-commons-1.11.0.RELEASE.jar!/org/springframework/data/repository/history/RevisionRepository.class]
2016-04-27 17:58:10.942 TRACE 37359 --- [    Test worker] ssPathScanningCandidateComponentProvider : Scanning URL [jar:file:/Users/yjayaraman/.gradle/caches/modules-2/files-2.1/org.springframework.data/spring-data-commons/1.11.0.RELEASE/935cd4ab0a1a07358d7f0c9c808f9113dc177bd8/spring-data-commons-1.11.0.RELEASE.jar!/org/springframework/data/repository/RepositoryDefinition.class]
2016-04-27 17:58:10.942 TRACE 37359 --- [    Test worker] ssPathScanningCandidateComponentProvider : Ignored because not matching any filter: URL [jar:file:/Users/yjayaraman/.gradle/caches/modules-2/files-2.1/org.springframework.data/spring-data-commons/1.11.0.RELEASE/935cd4ab0a1a07358d7f0c9c808f9113dc177bd8/spring-data-commons-1.11.0.RELEASE.jar!/org/springframework/data/repository/RepositoryDefinition.class]
2016-04-27 17:58:10.942 TRACE 37359 --- [    Test worker] ssPathScanningCandidateComponentProvider : Scanning URL [jar:file:/Users/yjayaraman/.gradle/caches/modules-2/files-2.1/org.springframework.data/spring-data-commons/1.11.0.RELEASE/935cd4ab0a1a07358d7f0c9c808f9113dc177bd8/spring-data-commons-1.11.0.RELEASE.jar!/org/springframework/data/repository/NoRepositoryBean.class]
2016-04-27 17:58:10.942 TRACE 37359 --- [    Test worker] ssPathScanningCandidateComponentProvider : Ignored because not matching any filter: URL [jar:file:/Users/yjayaraman/.gradle/caches/modules-2/files-2.1/org.springframework.data/spring-data-commons/1.11.0.RELEASE/935cd4ab0a1a07358d7f0c9c808f9113dc177bd8/spring-data-commons-1.11.0.RELEASE.jar!/org/springframework/data/repository/NoRepositoryBean.class]
2016-04-27 17:58:10.942 TRACE 37359 --- [    Test worker] ssPathScanningCandidateComponentProvider : Scanning URL [jar:file:/Users/yjayaraman/.gradle/caches/modules-2/files-2.1/org.springframework.data/spring-data-commons/1.11.0.RELEASE/935cd4ab0a1a07358d7f0c9c808f9113dc177bd8/spring-data-commons-1.11.0.RELEASE.jar!/org/springframework/data/repository/CrudRepository.class]
2016-04-27 17:58:10.942 TRACE 37359 --- [    Test worker] ssPathScanningCandidateComponentProvider : Ignored because not matching any filter: URL [jar:file:/Users/yjayaraman/.gradle/caches/modules-2/files-2.1/org.springframework.data/spring-data-commons/1.11.0.RELEASE/935cd4ab0a1a07358d7f0c9c808f9113dc177bd8/spring-data-commons-1.11.0.RELEASE.jar!/org/springframework/data/repository/CrudRepository.class]
2016-04-27 17:58:10.942 TRACE 37359 --- [    Test worker] ssPathScanningCandidateComponentProvider : Scanning URL [jar:file:/Users/yjayaraman/.gradle/caches/modules-2/files-2.1/org.springframework.data/spring-data-commons/1.11.0.RELEASE/935cd4ab0a1a07358d7f0c9c808f9113dc177bd8/spring-data-commons-1.11.0.RELEASE.jar!/org/springframework/data/repository/PagingAndSortingRepository.class]
2016-04-27 17:58:10.942 TRACE 37359 --- [    Test worker] ssPathScanningCandidateComponentProvider : Ignored because not matching any filter: URL [jar:file:/Users/yjayaraman/.gradle/caches/modules-2/files-2.1/org.springframework.data/spring-data-commons/1.11.0.RELEASE/935cd4ab0a1a07358d7f0c9c808f9113dc177bd8/spring-data-commons-1.11.0.RELEASE.jar!/org/springframework/data/repository/PagingAndSortingRepository.class]
2016-04-27 17:58:10.942 TRACE 37359 --- [    Test worker] ssPathScanningCandidateComponentProvider : Scanning URL [jar:file:/Users/yjayaraman/.gradle/caches/modules-2/files-2.1/org.springframework.data/spring-data-commons/1.11.0.RELEASE/935cd4ab0a1a07358d7f0c9c808f9113dc177bd8/spring-data-commons-1.11.0.RELEASE.jar!/org/springframework/data/repository/query/ParameterAccessor.class]
2016-04-27 17:58:10.942 TRACE 37359 --- [    Test worker] ssPathScanningCandidateComponentProvider : Ignored because not matching any filter: URL [jar:file:/Users/yjayaraman/.gradle/caches/modules-2/files-2.1/org.springframework.data/spring-data-commons/1.11.0.RELEASE/935cd4ab0a1a07358d7f0c9c808f9113dc177bd8/spring-data-commons-1.11.0.RELEASE.jar!/org/springframework/data/repository/query/ParameterAccessor.class]
2016-04-27 17:58:10.942 TRACE 37359 --- [    Test worker] ssPathScanningCandidateComponentProvider : Scanning URL [jar:file:/Users/yjayaraman/.gradle/caches/modules-2/files-2.1/org.springframework.data/spring-data-commons/1.11.0.RELEASE/935cd4ab0a1a07358d7f0c9c808f9113dc177bd8/spring-data-commons-1.11.0.RELEASE.jar!/org/springframework/data/repository/query/EvaluationContextExtensionInformation.class]
2016-04-27 17:58:10.942 TRACE 37359 --- [    Test worker] ssPathScanningCandidateComponentProvider : Ignored because not matching any filter: URL [jar:file:/Users/yjayaraman/.gradle/caches/modules-2/files-2.1/org.springframework.data/spring-data-commons/1.11.0.RELEASE/935cd4ab0a1a07358d7f0c9c808f9113dc177bd8/spring-data-commons-1.11.0.RELEASE.jar!/org/springframework/data/repository/query/EvaluationContextExtensionInformation.class]
2016-04-27 17:58:10.942 TRACE 37359 --- [    Test worker] ssPathScanningCandidateComponentProvider : Scanning URL [jar:file:/Users/yjayaraman/.gradle/caches/modules-2/files-2.1/org.springframework.data/spring-data-commons/1.11.0.RELEASE/935cd4ab0a1a07358d7f0c9c808f9113dc177bd8/spring-data-commons-1.11.0.RELEASE.jar!/org/springframework/data/repository/query/parser/PartTree$Subject.class]
2016-04-27 17:58:10.943 TRACE 37359 --- [    Test worker] ssPathScanningCandidateComponentProvider : Ignored because not matching any filter: URL [jar:file:/Users/yjayaraman/.gradle/caches/modules-2/files-2.1/org.springframework.data/spring-data-commons/1.11.0.RELEASE/935cd4ab0a1a07358d7f0c9c808f9113dc177bd8/spring-data-commons-1.11.0.RELEASE.jar!/org/springframework/data/repository/query/parser/PartTree$Subject.class]
2016-04-27 17:58:10.943 TRACE 37359 --- [    Test worker] ssPathScanningCandidateComponentProvider : Scanning URL [jar:file:/Users/yjayaraman/.gradle/caches/modules-2/files-2.1/org.springframework.data/spring-data-commons/1.11.0.RELEASE/935cd4ab0a1a07358d7f0c9c808f9113dc177bd8/spring-data-commons-1.11.0.RELEASE.jar!/org/springframework/data/repository/query/parser/Part$IgnoreCaseType.class]
2016-04-27 17:58:10.943 TRACE 37359 --- [    Test worker] ssPathScanningCandidateComponentProvider : Ignored because not matching any filter: URL [jar:file:/Users/yjayaraman/.gradle/caches/modules-2/files-2.1/org.springframework.data/spring-data-commons/1.11.0.RELEASE/935cd4ab0a1a07358d7f0c9c808f9113dc177bd8/spring-data-commons-1.11.0.RELEASE.jar!/org/springframework/data/repository/query/parser/Part$IgnoreCaseType.class]
2016-04-27 17:58:10.943 TRACE 37359 --- [    Test worker] ssPathScanningCandidateComponentProvider : Scanning URL [jar:file:/Users/yjayaraman/.gradle/caches/modules-2/files-2.1/org.springframework.data/spring-data-commons/1.11.0.RELEASE/935cd4ab0a1a07358d7f0c9c808f9113dc177bd8/spring-data-commons-1.11.0.RELEASE.jar!/org/springframework/data/repository/query/parser/Part$Type.class]
2016-04-27 17:58:10.943 TRACE 37359 --- [    Test worker] ssPathScanningCandidateComponentProvider : Ignored because not matching any filter: URL [jar:file:/Users/yjayaraman/.gradle/caches/modules-2/files-2.1/org.springframework.data/spring-data-commons/1.11.0.RELEASE/935cd4ab0a1a07358d7f0c9c808f9113dc177bd8/spring-data-commons-1.11.0.RELEASE.jar!/org/springframework/data/repository/query/parser/Part$Type.class]
2016-04-27 17:58:10.943 TRACE 37359 --- [    Test worker] ssPathScanningCandidateComponentProvider : Scanning URL [jar:file:/Users/yjayaraman/.gradle/caches/modules-2/files-2.1/org.springframework.data/spring-data-commons/1.11.0.RELEASE/935cd4ab0a1a07358d7f0c9c808f9113dc177bd8/spring-data-commons-1.11.0.RELEASE.jar!/org/springframework/data/repository/query/parser/Part.class]
2016-04-27 17:58:10.943 TRACE 37359 --- [    Test worker] ssPathScanningCandidateComponentProvider : Ignored because not matching any filter: URL [jar:file:/Users/yjayaraman/.gradle/caches/modules-2/files-2.1/org.springframework.data/spring-data-commons/1.11.0.RELEASE/935cd4ab0a1a07358d7f0c9c808f9113dc177bd8/spring-data-commons-1.11.0.RELEASE.jar!/org/springframework/data/repository/query/parser/Part.class]
2016-04-27 17:58:10.943 TRACE 37359 --- [    Test worker] ssPathScanningCandidateComponentProvider : Scanning URL [jar:file:/Users/yjayaraman/.gradle/caches/modules-2/files-2.1/org.springframework.data/spring-data-commons/1.11.0.RELEASE/935cd4ab0a1a07358d7f0c9c808f9113dc177bd8/spring-data-commons-1.11.0.RELEASE.jar!/org/springframework/data/repository/query/parser/AbstractQueryCreator.class]
2016-04-27 17:58:10.943 TRACE 37359 --- [    Test worker] ssPathScanningCandidateComponentProvider : Ignored because not matching any filter: URL [jar:file:/Users/yjayaraman/.gradle/caches/modules-2/files-2.1/org.springframework.data/spring-data-commons/1.11.0.RELEASE/935cd4ab0a1a07358d7f0c9c808f9113dc177bd8/spring-data-commons-1.11.0.RELEASE.jar!/org/springframework/data/repository/query/parser/AbstractQueryCreator.class]
2016-04-27 17:58:10.943 TRACE 37359 --- [    Test worker] ssPathScanningCandidateComponentProvider : Scanning URL [jar:file:/Users/yjayaraman/.gradle/caches/modules-2/files-2.1/org.springframework.data/spring-data-commons/1.11.0.RELEASE/935cd4ab0a1a07358d7f0c9c808f9113dc177bd8/spring-data-commons-1.11.0.RELEASE.jar!/org/springframework/data/repository/query/parser/PartTree.class]
2016-04-27 17:58:10.943 TRACE 37359 --- [    Test worker] ssPathScanningCandidateComponentProvider : Ignored because not matching any filter: URL [jar:file:/Users/yjayaraman/.gradle/caches/modules-2/files-2.1/org.springframework.data/spring-data-commons/1.11.0.RELEASE/935cd4ab0a1a07358d7f0c9c808f9113dc177bd8/spring-data-commons-1.11.0.RELEASE.jar!/org/springframework/data/repository/query/parser/PartTree.class]
2016-04-27 17:58:10.943 TRACE 37359 --- [    Test worker] ssPathScanningCandidateComponentProvider : Scanning URL [jar:file:/Users/yjayaraman/.gradle/caches/modules-2/files-2.1/org.springframework.data/spring-data-commons/1.11.0.RELEASE/935cd4ab0a1a07358d7f0c9c808f9113dc177bd8/spring-data-commons-1.11.0.RELEASE.jar!/org/springframework/data/repository/query/parser/PartTree$Predicate.class]
2016-04-27 17:58:10.944 TRACE 37359 --- [    Test worker] ssPathScanningCandidateComponentProvider : Ignored because not matching any filter: URL [jar:file:/Users/yjayaraman/.gradle/caches/modules-2/files-2.1/org.springframework.data/spring-data-commons/1.11.0.RELEASE/935cd4ab0a1a07358d7f0c9c808f9113dc177bd8/spring-data-commons-1.11.0.RELEASE.jar!/org/springframework/data/repository/query/parser/PartTree$Predicate.class]
2016-04-27 17:58:10.944 TRACE 37359 --- [    Test worker] ssPathScanningCandidateComponentProvider : Scanning URL [jar:file:/Users/yjayaraman/.gradle/caches/modules-2/files-2.1/org.springframework.data/spring-data-commons/1.11.0.RELEASE/935cd4ab0a1a07358d7f0c9c808f9113dc177bd8/spring-data-commons-1.11.0.RELEASE.jar!/org/springframework/data/repository/query/parser/OrderBySource.class]
2016-04-27 17:58:10.944 TRACE 37359 --- [    Test worker] ssPathScanningCandidateComponentProvider : Ignored because not matching any filter: URL [jar:file:/Users/yjayaraman/.gradle/caches/modules-2/files-2.1/org.springframework.data/spring-data-commons/1.11.0.RELEASE/935cd4ab0a1a07358d7f0c9c808f9113dc177bd8/spring-data-commons-1.11.0.RELEASE.jar!/org/springframework/data/repository/query/parser/OrderBySource.class]
2016-04-27 17:58:10.944 TRACE 37359 --- [    Test worker] ssPathScanningCandidateComponentProvider : Scanning URL [jar:file:/Users/yjayaraman/.gradle/caches/modules-2/files-2.1/org.springframework.data/spring-data-commons/1.11.0.RELEASE/935cd4ab0a1a07358d7f0c9c808f9113dc177bd8/spring-data-commons-1.11.0.RELEASE.jar!/org/springframework/data/repository/query/parser/PartTree$OrPart.class]
2016-04-27 17:58:10.944 TRACE 37359 --- [    Test worker] ssPathScanningCandidateComponentProvider : Ignored because not matching any filter: URL [jar:file:/Users/yjayaraman/.gradle/caches/modules-2/files-2.1/org.springframework.data/spring-data-commons/1.11.0.RELEASE/935cd4ab0a1a07358d7f0c9c808f9113dc177bd8/spring-data-commons-1.11.0.RELEASE.jar!/org/springframework/data/repository/query/parser/PartTree$OrPart.class]
2016-04-27 17:58:10.944 TRACE 37359 --- [    Test worker] ssPathScanningCandidateComponentProvider : Scanning URL [jar:file:/Users/yjayaraman/.gradle/caches/modules-2/files-2.1/org.springframework.data/spring-data-commons/1.11.0.RELEASE/935cd4ab0a1a07358d7f0c9c808f9113dc177bd8/spring-data-commons-1.11.0.RELEASE.jar!/org/springframework/data/repository/query/ExtensionAwareEvaluationContextProvider$EvaluationContextExtensionAdapter.class]
2016-04-27 17:58:10.944 TRACE 37359 --- [    Test worker] ssPathScanningCandidateComponentProvider : Ignored because not matching any filter: URL [jar:file:/Users/yjayaraman/.gradle/caches/modules-2/files-2.1/org.springframework.data/spring-data-commons/1.11.0.RELEASE/935cd4ab0a1a07358d7f0c9c808f9113dc177bd8/spring-data-commons-1.11.0.RELEASE.jar!/org/springframework/data/repository/query/ExtensionAwareEvaluationContextProvider$EvaluationContextExtensionAdapter.class]
2016-04-27 17:58:10.944 TRACE 37359 --- [    Test worker] ssPathScanningCandidateComponentProvider : Scanning URL [jar:file:/Users/yjayaraman/.gradle/caches/modules-2/files-2.1/org.springframework.data/spring-data-commons/1.11.0.RELEASE/935cd4ab0a1a07358d7f0c9c808f9113dc177bd8/spring-data-commons-1.11.0.RELEASE.jar!/org/springframework/data/repository/query/QueryLookupStrategy$Key.class]
2016-04-27 17:58:10.944 TRACE 37359 --- [    Test worker] ssPathScanningCandidateComponentProvider : Ignored because not matching any filter: URL [jar:file:/Users/yjayaraman/.gradle/caches/modules-2/files-2.1/org.springframework.data/spring-data-commons/1.11.0.RELEASE/935cd4ab0a1a07358d7f0c9c808f9113dc177bd8/spring-data-commons-1.11.0.RELEASE.jar!/org/springframework/data/repository/query/QueryLookupStrategy$Key.class]
2016-04-27 17:58:10.944 TRACE 37359 --- [    Test worker] ssPathScanningCandidateComponentProvider : Scanning URL [jar:file:/Users/yjayaraman/.gradle/caches/modules-2/files-2.1/org.springframework.data/spring-data-commons/1.11.0.RELEASE/935cd4ab0a1a07358d7f0c9c808f9113dc177bd8/spring-data-commons-1.11.0.RELEASE.jar!/org/springframework/data/repository/query/ParametersParameterAccessor$1.class]
2016-04-27 17:58:10.944 TRACE 37359 --- [    Test worker] ssPathScanningCandidateComponentProvider : Ignored because not matching any filter: URL [jar:file:/Users/yjayaraman/.gradle/caches/modules-2/files-2.1/org.springframework.data/spring-data-commons/1.11.0.RELEASE/935cd4ab0a1a07358d7f0c9c808f9113dc177bd8/spring-data-commons-1.11.0.RELEASE.jar!/org/springframework/data/repository/query/ParametersParameterAccessor$1.class]
2016-04-27 17:58:10.944 TRACE 37359 --- [    Test worker] ssPathScanningCandidateComponentProvider : Scanning URL [jar:file:/Users/yjayaraman/.gradle/caches/modules-2/files-2.1/org.springframework.data/spring-data-commons/1.11.0.RELEASE/935cd4ab0a1a07358d7f0c9c808f9113dc177bd8/spring-data-commons-1.11.0.RELEASE.jar!/org/springframework/data/repository/query/EvaluationContextExtensionInformation$RootObjectInformation$1.class]
2016-04-27 17:58:10.944 TRACE 37359 --- [    Test worker] ssPathScanningCandidateComponentProvider : Ignored because not matching any filter: URL [jar:file:/Users/yjayaraman/.gradle/caches/modules-2/files-2.1/org.springframework.data/spring-data-commons/1.11.0.RELEASE/935cd4ab0a1a07358d7f0c9c808f9113dc177bd8/spring-data-commons-1.11.0.RELEASE.jar!/org/springframework/data/repository/query/EvaluationContextExtensionInformation$RootObjectInformation$1.class]
2016-04-27 17:58:10.944 TRACE 37359 --- [    Test worker] ssPathScanningCandidateComponentProvider : Scanning URL [jar:file:/Users/yjayaraman/.gradle/caches/modules-2/files-2.1/org.springframework.data/spring-data-commons/1.11.0.RELEASE/935cd4ab0a1a07358d7f0c9c808f9113dc177bd8/spring-data-commons-1.11.0.RELEASE.jar!/org/springframework/data/repository/query/DefaultParameters.class]
2016-04-27 17:58:10.945 TRACE 37359 --- [    Test worker] ssPathScanningCandidateComponentProvider : Ignored because not matching any filter: URL [jar:file:/Users/yjayaraman/.gradle/caches/modules-2/files-2.1/org.springframework.data/spring-data-commons/1.11.0.RELEASE/935cd4ab0a1a07358d7f0c9c808f9113dc177bd8/spring-data-commons-1.11.0.RELEASE.jar!/org/springframework/data/repository/query/DefaultParameters.class]
2016-04-27 17:58:10.945 TRACE 37359 --- [    Test worker] ssPathScanningCandidateComponentProvider : Scanning URL [jar:file:/Users/yjayaraman/.gradle/caches/modules-2/files-2.1/org.springframework.data/spring-data-commons/1.11.0.RELEASE/935cd4ab0a1a07358d7f0c9c808f9113dc177bd8/spring-data-commons-1.11.0.RELEASE.jar!/org/springframework/data/repository/query/EvaluationContextExtensionInformation$ExtensionTypeInformation.class]
2016-04-27 17:58:10.945 TRACE 37359 --- [    Test worker] ssPathScanningCandidateComponentProvider : Ignored because not matching any filter: URL [jar:file:/Users/yjayaraman/.gradle/caches/modules-2/files-2.1/org.springframework.data/spring-data-commons/1.11.0.RELEASE/935cd4ab0a1a07358d7f0c9c808f9113dc177bd8/spring-data-commons-1.11.0.RELEASE.jar!/org/springframework/data/repository/query/EvaluationContextExtensionInformation$ExtensionTypeInformation.class]
2016-04-27 17:58:10.945 TRACE 37359 --- [    Test worker] ssPathScanningCandidateComponentProvider : Scanning URL [jar:file:/Users/yjayaraman/.gradle/caches/modules-2/files-2.1/org.springframework.data/spring-data-commons/1.11.0.RELEASE/935cd4ab0a1a07358d7f0c9c808f9113dc177bd8/spring-data-commons-1.11.0.RELEASE.jar!/org/springframework/data/repository/query/EvaluationContextExtensionInformation$1.class]
2016-04-27 17:58:10.945 TRACE 37359 --- [    Test worker] ssPathScanningCandidateComponentProvider : Ignored because not matching any filter: URL [jar:file:/Users/yjayaraman/.gradle/caches/modules-2/files-2.1/org.springframework.data/spring-data-commons/1.11.0.RELEASE/935cd4ab0a1a07358d7f0c9c808f9113dc177bd8/spring-data-commons-1.11.0.RELEASE.jar!/org/springframework/data/repository/query/EvaluationContextExtensionInformation$1.class]
2016-04-27 17:58:10.945 TRACE 37359 --- [    Test worker] ssPathScanningCandidateComponentProvider : Scanning URL [jar:file:/Users/yjayaraman/.gradle/caches/modules-2/files-2.1/org.springframework.data/spring-data-commons/1.11.0.RELEASE/935cd4ab0a1a07358d7f0c9c808f9113dc177bd8/spring-data-commons-1.11.0.RELEASE.jar!/org/springframework/data/repository/query/Parameter.class]
2016-04-27 17:58:10.945 TRACE 37359 --- [    Test worker] ssPathScanningCandidateComponentProvider : Ignored because not matching any filter: URL [jar:file:/Users/yjayaraman/.gradle/caches/modules-2/files-2.1/org.springframework.data/spring-data-commons/1.11.0.RELEASE/935cd4ab0a1a07358d7f0c9c808f9113dc177bd8/spring-data-commons-1.11.0.RELEASE.jar!/org/springframework/data/repository/query/Parameter.class]
2016-04-27 17:58:10.945 TRACE 37359 --- [    Test worker] ssPathScanningCandidateComponentProvider : Scanning URL [jar:file:/Users/yjayaraman/.gradle/caches/modules-2/files-2.1/org.springframework.data/spring-data-commons/1.11.0.RELEASE/935cd4ab0a1a07358d7f0c9c808f9113dc177bd8/spring-data-commons-1.11.0.RELEASE.jar!/org/springframework/data/repository/query/QueryMethod.class]
2016-04-27 17:58:10.945 TRACE 37359 --- [    Test worker] ssPathScanningCandidateComponentProvider : Ignored because not matching any filter: URL [jar:file:/Users/yjayaraman/.gradle/caches/modules-2/files-2.1/org.springframework.data/spring-data-commons/1.11.0.RELEASE/935cd4ab0a1a07358d7f0c9c808f9113dc177bd8/spring-data-commons-1.11.0.RELEASE.jar!/org/springframework/data/repository/query/QueryMethod.class]
2016-04-27 17:58:10.945 TRACE 37359 --- [    Test worker] ssPathScanningCandidateComponentProvider : Scanning URL [jar:file:/Users/yjayaraman/.gradle/caches/modules-2/files-2.1/org.springframework.data/spring-data-commons/1.11.0.RELEASE/935cd4ab0a1a07358d7f0c9c808f9113dc177bd8/spring-data-commons-1.11.0.RELEASE.jar!/org/springframework/data/repository/query/Param.class]
2016-04-27 17:58:10.945 TRACE 37359 --- [    Test worker] ssPathScanningCandidateComponentProvider : Ignored because not matching any filter: URL [jar:file:/Users/yjayaraman/.gradle/caches/modules-2/files-2.1/org.springframework.data/spring-data-commons/1.11.0.RELEASE/935cd4ab0a1a07358d7f0c9c808f9113dc177bd8/spring-data-commons-1.11.0.RELEASE.jar!/org/springframework/data/repository/query/Param.class]
2016-04-27 17:58:10.945 TRACE 37359 --- [    Test worker] ssPathScanningCandidateComponentProvider : Scanning URL [jar:file:/Users/yjayaraman/.gradle/caches/modules-2/files-2.1/org.springframework.data/spring-data-commons/1.11.0.RELEASE/935cd4ab0a1a07358d7f0c9c808f9113dc177bd8/spring-data-commons-1.11.0.RELEASE.jar!/org/springframework/data/repository/query/ParametersParameterAccessor$BindableParameterIterator.class]
2016-04-27 17:58:10.945 TRACE 37359 --- [    Test worker] ssPathScanningCandidateComponentProvider : Ignored because not matching any filter: URL [jar:file:/Users/yjayaraman/.gradle/caches/modules-2/files-2.1/org.springframework.data/spring-data-commons/1.11.0.RELEASE/935cd4ab0a1a07358d7f0c9c808f9113dc177bd8/spring-data-commons-1.11.0.RELEASE.jar!/org/springframework/data/repository/query/ParametersParameterAccessor$BindableParameterIterator.class]
2016-04-27 17:58:10.945 TRACE 37359 --- [    Test worker] ssPathScanningCandidateComponentProvider : Scanning URL [jar:file:/Users/yjayaraman/.gradle/caches/modules-2/files-2.1/org.springframework.data/spring-data-commons/1.11.0.RELEASE/935cd4ab0a1a07358d7f0c9c808f9113dc177bd8/spring-data-commons-1.11.0.RELEASE.jar!/org/springframework/data/repository/query/ParametersParameterAccessor.class]
2016-04-27 17:58:10.946 TRACE 37359 --- [    Test worker] ssPathScanningCandidateComponentProvider : Ignored because not matching any filter: URL [jar:file:/Users/yjayaraman/.gradle/caches/modules-2/files-2.1/org.springframework.data/spring-data-commons/1.11.0.RELEASE/935cd4ab0a1a07358d7f0c9c808f9113dc177bd8/spring-data-commons-1.11.0.RELEASE.jar!/org/springframework/data/repository/query/ParametersParameterAccessor.class]
2016-04-27 17:58:10.946 TRACE 37359 --- [    Test worker] ssPathScanningCandidateComponentProvider : Scanning URL [jar:file:/Users/yjayaraman/.gradle/caches/modules-2/files-2.1/org.springframework.data/spring-data-commons/1.11.0.RELEASE/935cd4ab0a1a07358d7f0c9c808f9113dc177bd8/spring-data-commons-1.11.0.RELEASE.jar!/org/springframework/data/repository/query/EvaluationContextExtensionInformation$ExtensionTypeInformation$1.class]
2016-04-27 17:58:10.946 TRACE 37359 --- [    Test worker] ssPathScanningCandidateComponentProvider : Ignored because not matching any filter: URL [jar:file:/Users/yjayaraman/.gradle/caches/modules-2/files-2.1/org.springframework.data/spring-data-commons/1.11.0.RELEASE/935cd4ab0a1a07358d7f0c9c808f9113dc177bd8/spring-data-commons-1.11.0.RELEASE.jar!/org/springframework/data/repository/query/EvaluationContextExtensionInformation$ExtensionTypeInformation$1.class]
2016-04-27 17:58:10.946 TRACE 37359 --- [    Test worker] ssPathScanningCandidateComponentProvider : Scanning URL [jar:file:/Users/yjayaraman/.gradle/caches/modules-2/files-2.1/org.springframework.data/spring-data-commons/1.11.0.RELEASE/935cd4ab0a1a07358d7f0c9c808f9113dc177bd8/spring-data-commons-1.11.0.RELEASE.jar!/org/springframework/data/repository/query/spi/EvaluationContextExtension.class]
2016-04-27 17:58:10.946 TRACE 37359 --- [    Test worker] ssPathScanningCandidateComponentProvider : Ignored because not matching any filter: URL [jar:file:/Users/yjayaraman/.gradle/caches/modules-2/files-2.1/org.springframework.data/spring-data-commons/1.11.0.RELEASE/935cd4ab0a1a07358d7f0c9c808f9113dc177bd8/spring-data-commons-1.11.0.RELEASE.jar!/org/springframework/data/repository/query/spi/EvaluationContextExtension.class]
2016-04-27 17:58:10.946 TRACE 37359 --- [    Test worker] ssPathScanningCandidateComponentProvider : Scanning URL [jar:file:/Users/yjayaraman/.gradle/caches/modules-2/files-2.1/org.springframework.data/spring-data-commons/1.11.0.RELEASE/935cd4ab0a1a07358d7f0c9c808f9113dc177bd8/spring-data-commons-1.11.0.RELEASE.jar!/org/springframework/data/repository/query/spi/Function.class]
2016-04-27 17:58:10.946 TRACE 37359 --- [    Test worker] ssPathScanningCandidateComponentProvider : Ignored because not matching any filter: URL [jar:file:/Users/yjayaraman/.gradle/caches/modules-2/files-2.1/org.springframework.data/spring-data-commons/1.11.0.RELEASE/935cd4ab0a1a07358d7f0c9c808f9113dc177bd8/spring-data-commons-1.11.0.RELEASE.jar!/org/springframework/data/repository/query/spi/Function.class]
2016-04-27 17:58:10.946 TRACE 37359 --- [    Test worker] ssPathScanningCandidateComponentProvider : Scanning URL [jar:file:/Users/yjayaraman/.gradle/caches/modules-2/files-2.1/org.springframework.data/spring-data-commons/1.11.0.RELEASE/935cd4ab0a1a07358d7f0c9c808f9113dc177bd8/spring-data-commons-1.11.0.RELEASE.jar!/org/springframework/data/repository/query/spi/EvaluationContextExtensionSupport.class]
2016-04-27 17:58:10.946 TRACE 37359 --- [    Test worker] ssPathScanningCandidateComponentProvider : Ignored because not matching any filter: URL [jar:file:/Users/yjayaraman/.gradle/caches/modules-2/files-2.1/org.springframework.data/spring-data-commons/1.11.0.RELEASE/935cd4ab0a1a07358d7f0c9c808f9113dc177bd8/spring-data-commons-1.11.0.RELEASE.jar!/org/springframework/data/repository/query/spi/EvaluationContextExtensionSupport.class]
2016-04-27 17:58:10.946 TRACE 37359 --- [    Test worker] ssPathScanningCandidateComponentProvider : Scanning URL [jar:file:/Users/yjayaraman/.gradle/caches/modules-2/files-2.1/org.springframework.data/spring-data-commons/1.11.0.RELEASE/935cd4ab0a1a07358d7f0c9c808f9113dc177bd8/spring-data-commons-1.11.0.RELEASE.jar!/org/springframework/data/repository/query/EvaluationContextExtensionInformation$ExtensionTypeInformation$PublicMethodAndFieldFilter.class]
2016-04-27 17:58:10.946 TRACE 37359 --- [    Test worker] ssPathScanningCandidateComponentProvider : Ignored because not matching any filter: URL [jar:file:/Users/yjayaraman/.gradle/caches/modules-2/files-2.1/org.springframework.data/spring-data-commons/1.11.0.RELEASE/935cd4ab0a1a07358d7f0c9c808f9113dc177bd8/spring-data-commons-1.11.0.RELEASE.jar!/org/springframework/data/repository/query/EvaluationContextExtensionInformation$ExtensionTypeInformation$PublicMethodAndFieldFilter.class]
2016-04-27 17:58:10.946 TRACE 37359 --- [    Test worker] ssPathScanningCandidateComponentProvider : Scanning URL [jar:file:/Users/yjayaraman/.gradle/caches/modules-2/files-2.1/org.springframework.data/spring-data-commons/1.11.0.RELEASE/935cd4ab0a1a07358d7f0c9c808f9113dc177bd8/spring-data-commons-1.11.0.RELEASE.jar!/org/springframework/data/repository/query/ExtensionAwareEvaluationContextProvider.class]
2016-04-27 17:58:10.946 TRACE 37359 --- [    Test worker] ssPathScanningCandidateComponentProvider : Ignored because not matching any filter: URL [jar:file:/Users/yjayaraman/.gradle/caches/modules-2/files-2.1/org.springframework.data/spring-data-commons/1.11.0.RELEASE/935cd4ab0a1a07358d7f0c9c808f9113dc177bd8/spring-data-commons-1.11.0.RELEASE.jar!/org/springframework/data/repository/query/ExtensionAwareEvaluationContextProvider.class]
2016-04-27 17:58:10.946 TRACE 37359 --- [    Test worker] ssPathScanningCandidateComponentProvider : Scanning URL [jar:file:/Users/yjayaraman/.gradle/caches/modules-2/files-2.1/org.springframework.data/spring-data-commons/1.11.0.RELEASE/935cd4ab0a1a07358d7f0c9c808f9113dc177bd8/spring-data-commons-1.11.0.RELEASE.jar!/org/springframework/data/repository/query/EvaluationContextProvider.class]
2016-04-27 17:58:10.946 TRACE 37359 --- [    Test worker] ssPathScanningCandidateComponentProvider : Ignored because not matching any filter: URL [jar:file:/Users/yjayaraman/.gradle/caches/modules-2/files-2.1/org.springframework.data/spring-data-commons/1.11.0.RELEASE/935cd4ab0a1a07358d7f0c9c808f9113dc177bd8/spring-data-commons-1.11.0.RELEASE.jar!/org/springframework/data/repository/query/EvaluationContextProvider.class]
2016-04-27 17:58:10.946 TRACE 37359 --- [    Test worker] ssPathScanningCandidateComponentProvider : Scanning URL [jar:file:/Users/yjayaraman/.gradle/caches/modules-2/files-2.1/org.springframework.data/spring-data-commons/1.11.0.RELEASE/935cd4ab0a1a07358d7f0c9c808f9113dc177bd8/spring-data-commons-1.11.0.RELEASE.jar!/org/springframework/data/repository/query/QueryLookupStrategy.class]
2016-04-27 17:58:10.947 TRACE 37359 --- [    Test worker] ssPathScanningCandidateComponentProvider : Ignored because not matching any filter: URL [jar:file:/Users/yjayaraman/.gradle/caches/modules-2/files-2.1/org.springframework.data/spring-data-commons/1.11.0.RELEASE/935cd4ab0a1a07358d7f0c9c808f9113dc177bd8/spring-data-commons-1.11.0.RELEASE.jar!/org/springframework/data/repository/query/QueryLookupStrategy.class]
2016-04-27 17:58:10.947 TRACE 37359 --- [    Test worker] ssPathScanningCandidateComponentProvider : Scanning URL [jar:file:/Users/yjayaraman/.gradle/caches/modules-2/files-2.1/org.springframework.data/spring-data-commons/1.11.0.RELEASE/935cd4ab0a1a07358d7f0c9c808f9113dc177bd8/spring-data-commons-1.11.0.RELEASE.jar!/org/springframework/data/repository/query/ParameterOutOfBoundsException.class]
2016-04-27 17:58:10.947 TRACE 37359 --- [    Test worker] ssPathScanningCandidateComponentProvider : Ignored because not matching any filter: URL [jar:file:/Users/yjayaraman/.gradle/caches/modules-2/files-2.1/org.springframework.data/spring-data-commons/1.11.0.RELEASE/935cd4ab0a1a07358d7f0c9c808f9113dc177bd8/spring-data-commons-1.11.0.RELEASE.jar!/org/springframework/data/repository/query/ParameterOutOfBoundsException.class]
2016-04-27 17:58:10.947 TRACE 37359 --- [    Test worker] ssPathScanningCandidateComponentProvider : Scanning URL [jar:file:/Users/yjayaraman/.gradle/caches/modules-2/files-2.1/org.springframework.data/spring-data-commons/1.11.0.RELEASE/935cd4ab0a1a07358d7f0c9c808f9113dc177bd8/spring-data-commons-1.11.0.RELEASE.jar!/org/springframework/data/repository/query/RepositoryQuery.class]
2016-04-27 17:58:10.947 TRACE 37359 --- [    Test worker] ssPathScanningCandidateComponentProvider : Ignored because not matching any filter: URL [jar:file:/Users/yjayaraman/.gradle/caches/modules-2/files-2.1/org.springframework.data/spring-data-commons/1.11.0.RELEASE/935cd4ab0a1a07358d7f0c9c808f9113dc177bd8/spring-data-commons-1.11.0.RELEASE.jar!/org/springframework/data/repository/query/RepositoryQuery.class]
2016-04-27 17:58:10.947 TRACE 37359 --- [    Test worker] ssPathScanningCandidateComponentProvider : Scanning URL [jar:file:/Users/yjayaraman/.gradle/caches/modules-2/files-2.1/org.springframework.data/spring-data-commons/1.11.0.RELEASE/935cd4ab0a1a07358d7f0c9c808f9113dc177bd8/spring-data-commons-1.11.0.RELEASE.jar!/org/springframework/data/repository/query/EvaluationContextExtensionInformation$RootObjectInformation$2.class]
2016-04-27 17:58:10.947 TRACE 37359 --- [    Test worker] ssPathScanningCandidateComponentProvider : Ignored because not matching any filter: URL [jar:file:/Users/yjayaraman/.gradle/caches/modules-2/files-2.1/org.springframework.data/spring-data-commons/1.11.0.RELEASE/935cd4ab0a1a07358d7f0c9c808f9113dc177bd8/spring-data-commons-1.11.0.RELEASE.jar!/org/springframework/data/repository/query/EvaluationContextExtensionInformation$RootObjectInformation$2.class]
2016-04-27 17:58:10.947 TRACE 37359 --- [    Test worker] ssPathScanningCandidateComponentProvider : Scanning URL [jar:file:/Users/yjayaraman/.gradle/caches/modules-2/files-2.1/org.springframework.data/spring-data-commons/1.11.0.RELEASE/935cd4ab0a1a07358d7f0c9c808f9113dc177bd8/spring-data-commons-1.11.0.RELEASE.jar!/org/springframework/data/repository/query/QueryCreationException.class]
2016-04-27 17:58:10.947 TRACE 37359 --- [    Test worker] ssPathScanningCandidateComponentProvider : Ignored because not matching any filter: URL [jar:file:/Users/yjayaraman/.gradle/caches/modules-2/files-2.1/org.springframework.data/spring-data-commons/1.11.0.RELEASE/935cd4ab0a1a07358d7f0c9c808f9113dc177bd8/spring-data-commons-1.11.0.RELEASE.jar!/org/springframework/data/repository/query/QueryCreationException.class]
2016-04-27 17:58:10.947 TRACE 37359 --- [    Test worker] ssPathScanningCandidateComponentProvider : Scanning URL [jar:file:/Users/yjayaraman/.gradle/caches/modules-2/files-2.1/org.springframework.data/spring-data-commons/1.11.0.RELEASE/935cd4ab0a1a07358d7f0c9c808f9113dc177bd8/spring-data-commons-1.11.0.RELEASE.jar!/org/springframework/data/repository/query/EvaluationContextExtensionInformation$RootObjectInformation.class]
2016-04-27 17:58:10.947 TRACE 37359 --- [    Test worker] ssPathScanningCandidateComponentProvider : Ignored because not matching any filter: URL [jar:file:/Users/yjayaraman/.gradle/caches/modules-2/files-2.1/org.springframework.data/spring-data-commons/1.11.0.RELEASE/935cd4ab0a1a07358d7f0c9c808f9113dc177bd8/spring-data-commons-1.11.0.RELEASE.jar!/org/springframework/data/repository/query/EvaluationContextExtensionInformation$RootObjectInformation.class]
2016-04-27 17:58:10.947 TRACE 37359 --- [    Test worker] ssPathScanningCandidateComponentProvider : Scanning URL [jar:file:/Users/yjayaraman/.gradle/caches/modules-2/files-2.1/org.springframework.data/spring-data-commons/1.11.0.RELEASE/935cd4ab0a1a07358d7f0c9c808f9113dc177bd8/spring-data-commons-1.11.0.RELEASE.jar!/org/springframework/data/repository/query/ExtensionAwareEvaluationContextProvider$ExtensionAwarePropertyAccessor.class]
2016-04-27 17:58:10.947 TRACE 37359 --- [    Test worker] ssPathScanningCandidateComponentProvider : Ignored because not matching any filter: URL [jar:file:/Users/yjayaraman/.gradle/caches/modules-2/files-2.1/org.springframework.data/spring-data-commons/1.11.0.RELEASE/935cd4ab0a1a07358d7f0c9c808f9113dc177bd8/spring-data-commons-1.11.0.RELEASE.jar!/org/springframework/data/repository/query/ExtensionAwareEvaluationContextProvider$ExtensionAwarePropertyAccessor.class]
2016-04-27 17:58:10.947 TRACE 37359 --- [    Test worker] ssPathScanningCandidateComponentProvider : Scanning URL [jar:file:/Users/yjayaraman/.gradle/caches/modules-2/files-2.1/org.springframework.data/spring-data-commons/1.11.0.RELEASE/935cd4ab0a1a07358d7f0c9c808f9113dc177bd8/spring-data-commons-1.11.0.RELEASE.jar!/org/springframework/data/repository/query/Parameters.class]
2016-04-27 17:58:10.948 TRACE 37359 --- [    Test worker] ssPathScanningCandidateComponentProvider : Ignored because not matching any filter: URL [jar:file:/Users/yjayaraman/.gradle/caches/modules-2/files-2.1/org.springframework.data/spring-data-commons/1.11.0.RELEASE/935cd4ab0a1a07358d7f0c9c808f9113dc177bd8/spring-data-commons-1.11.0.RELEASE.jar!/org/springframework/data/repository/query/Parameters.class]
2016-04-27 17:58:10.948 TRACE 37359 --- [    Test worker] ssPathScanningCandidateComponentProvider : Scanning URL [jar:file:/Users/yjayaraman/.gradle/caches/modules-2/files-2.1/org.springframework.data/spring-data-commons/1.11.0.RELEASE/935cd4ab0a1a07358d7f0c9c808f9113dc177bd8/spring-data-commons-1.11.0.RELEASE.jar!/org/springframework/data/repository/query/ExtensionAwareEvaluationContextProvider$FunctionMethodExecutor.class]
2016-04-27 17:58:10.948 TRACE 37359 --- [    Test worker] ssPathScanningCandidateComponentProvider : Ignored because not matching any filter: URL [jar:file:/Users/yjayaraman/.gradle/caches/modules-2/files-2.1/org.springframework.data/spring-data-commons/1.11.0.RELEASE/935cd4ab0a1a07358d7f0c9c808f9113dc177bd8/spring-data-commons-1.11.0.RELEASE.jar!/org/springframework/data/repository/query/ExtensionAwareEvaluationContextProvider$FunctionMethodExecutor.class]
2016-04-27 17:58:10.948 TRACE 37359 --- [    Test worker] ssPathScanningCandidateComponentProvider : Scanning URL [jar:file:/Users/yjayaraman/.gradle/caches/modules-2/files-2.1/org.springframework.data/spring-data-commons/1.11.0.RELEASE/935cd4ab0a1a07358d7f0c9c808f9113dc177bd8/spring-data-commons-1.11.0.RELEASE.jar!/org/springframework/data/repository/query/DefaultEvaluationContextProvider.class]
2016-04-27 17:58:10.948 TRACE 37359 --- [    Test worker] ssPathScanningCandidateComponentProvider : Ignored because not matching any filter: URL [jar:file:/Users/yjayaraman/.gradle/caches/modules-2/files-2.1/org.springframework.data/spring-data-commons/1.11.0.RELEASE/935cd4ab0a1a07358d7f0c9c808f9113dc177bd8/spring-data-commons-1.11.0.RELEASE.jar!/org/springframework/data/repository/query/DefaultEvaluationContextProvider.class]
2016-04-27 17:58:10.948 TRACE 37359 --- [    Test worker] ssPathScanningCandidateComponentProvider : Scanning URL [jar:file:/Users/yjayaraman/.gradle/caches/modules-2/files-2.1/org.springframework.data/spring-data-commons/1.11.0.RELEASE/935cd4ab0a1a07358d7f0c9c808f9113dc177bd8/spring-data-commons-1.11.0.RELEASE.jar!/org/springframework/data/repository/query/QueryMethod$1.class]
2016-04-27 17:58:10.948 TRACE 37359 --- [    Test worker] ssPathScanningCandidateComponentProvider : Ignored because not matching any filter: URL [jar:file:/Users/yjayaraman/.gradle/caches/modules-2/files-2.1/org.springframework.data/spring-data-commons/1.11.0.RELEASE/935cd4ab0a1a07358d7f0c9c808f9113dc177bd8/spring-data-commons-1.11.0.RELEASE.jar!/org/springframework/data/repository/query/QueryMethod$1.class]
2016-04-27 17:58:10.948 TRACE 37359 --- [    Test worker] ssPathScanningCandidateComponentProvider : Scanning URL [jar:file:/Users/yjayaraman/.gradle/caches/modules-2/files-2.1/org.springframework.data/spring-data-commons/1.11.0.RELEASE/935cd4ab0a1a07358d7f0c9c808f9113dc177bd8/spring-data-commons-1.11.0.RELEASE.jar!/org/springframework/data/repository/util/QueryExecutionConverters$NullableWrapperToGuavaOptionalConverter.class]
2016-04-27 17:58:10.948 TRACE 37359 --- [    Test worker] ssPathScanningCandidateComponentProvider : Ignored because not matching any filter: URL [jar:file:/Users/yjayaraman/.gradle/caches/modules-2/files-2.1/org.springframework.data/spring-data-commons/1.11.0.RELEASE/935cd4ab0a1a07358d7f0c9c808f9113dc177bd8/spring-data-commons-1.11.0.RELEASE.jar!/org/springframework/data/repository/util/QueryExecutionConverters$NullableWrapperToGuavaOptionalConverter.class]
2016-04-27 17:58:10.948 TRACE 37359 --- [    Test worker] ssPathScanningCandidateComponentProvider : Scanning URL [jar:file:/Users/yjayaraman/.gradle/caches/modules-2/files-2.1/org.springframework.data/spring-data-commons/1.11.0.RELEASE/935cd4ab0a1a07358d7f0c9c808f9113dc177bd8/spring-data-commons-1.11.0.RELEASE.jar!/org/springframework/data/repository/util/ClassUtils.class]
2016-04-27 17:58:10.948 TRACE 37359 --- [    Test worker] ssPathScanningCandidateComponentProvider : Ignored because not matching any filter: URL [jar:file:/Users/yjayaraman/.gradle/caches/modules-2/files-2.1/org.springframework.data/spring-data-commons/1.11.0.RELEASE/935cd4ab0a1a07358d7f0c9c808f9113dc177bd8/spring-data-commons-1.11.0.RELEASE.jar!/org/springframework/data/repository/util/ClassUtils.class]
2016-04-27 17:58:10.948 TRACE 37359 --- [    Test worker] ssPathScanningCandidateComponentProvider : Scanning URL [jar:file:/Users/yjayaraman/.gradle/caches/modules-2/files-2.1/org.springframework.data/spring-data-commons/1.11.0.RELEASE/935cd4ab0a1a07358d7f0c9c808f9113dc177bd8/spring-data-commons-1.11.0.RELEASE.jar!/org/springframework/data/repository/util/QueryExecutionConverters$NullableWrapperToCompletableFutureConverter.class]
2016-04-27 17:58:10.948 TRACE 37359 --- [    Test worker] ssPathScanningCandidateComponentProvider : Ignored because not matching any filter: URL [jar:file:/Users/yjayaraman/.gradle/caches/modules-2/files-2.1/org.springframework.data/spring-data-commons/1.11.0.RELEASE/935cd4ab0a1a07358d7f0c9c808f9113dc177bd8/spring-data-commons-1.11.0.RELEASE.jar!/org/springframework/data/repository/util/QueryExecutionConverters$NullableWrapperToCompletableFutureConverter.class]
2016-04-27 17:58:10.948 TRACE 37359 --- [    Test worker] ssPathScanningCandidateComponentProvider : Scanning URL [jar:file:/Users/yjayaraman/.gradle/caches/modules-2/files-2.1/org.springframework.data/spring-data-commons/1.11.0.RELEASE/935cd4ab0a1a07358d7f0c9c808f9113dc177bd8/spring-data-commons-1.11.0.RELEASE.jar!/org/springframework/data/repository/util/NullableWrapper.class]
2016-04-27 17:58:10.948 TRACE 37359 --- [    Test worker] ssPathScanningCandidateComponentProvider : Ignored because not matching any filter: URL [jar:file:/Users/yjayaraman/.gradle/caches/modules-2/files-2.1/org.springframework.data/spring-data-commons/1.11.0.RELEASE/935cd4ab0a1a07358d7f0c9c808f9113dc177bd8/spring-data-commons-1.11.0.RELEASE.jar!/org/springframework/data/repository/util/NullableWrapper.class]
2016-04-27 17:58:10.948 TRACE 37359 --- [    Test worker] ssPathScanningCandidateComponentProvider : Scanning URL [jar:file:/Users/yjayaraman/.gradle/caches/modules-2/files-2.1/org.springframework.data/spring-data-commons/1.11.0.RELEASE/935cd4ab0a1a07358d7f0c9c808f9113dc177bd8/spring-data-commons-1.11.0.RELEASE.jar!/org/springframework/data/repository/util/QueryExecutionConverters$AbstractWrapperTypeConverter.class]
2016-04-27 17:58:10.949 TRACE 37359 --- [    Test worker] ssPathScanningCandidateComponentProvider : Ignored because not matching any filter: URL [jar:file:/Users/yjayaraman/.gradle/caches/modules-2/files-2.1/org.springframework.data/spring-data-commons/1.11.0.RELEASE/935cd4ab0a1a07358d7f0c9c808f9113dc177bd8/spring-data-commons-1.11.0.RELEASE.jar!/org/springframework/data/repository/util/QueryExecutionConverters$AbstractWrapperTypeConverter.class]
2016-04-27 17:58:10.949 TRACE 37359 --- [    Test worker] ssPathScanningCandidateComponentProvider : Scanning URL [jar:file:/Users/yjayaraman/.gradle/caches/modules-2/files-2.1/org.springframework.data/spring-data-commons/1.11.0.RELEASE/935cd4ab0a1a07358d7f0c9c808f9113dc177bd8/spring-data-commons-1.11.0.RELEASE.jar!/org/springframework/data/repository/util/QueryExecutionConverters$NullableWrapperToFutureConverter.class]
2016-04-27 17:58:10.949 TRACE 37359 --- [    Test worker] ssPathScanningCandidateComponentProvider : Ignored because not matching any filter: URL [jar:file:/Users/yjayaraman/.gradle/caches/modules-2/files-2.1/org.springframework.data/spring-data-commons/1.11.0.RELEASE/935cd4ab0a1a07358d7f0c9c808f9113dc177bd8/spring-data-commons-1.11.0.RELEASE.jar!/org/springframework/data/repository/util/QueryExecutionConverters$NullableWrapperToFutureConverter.class]
2016-04-27 17:58:10.949 TRACE 37359 --- [    Test worker] ssPathScanningCandidateComponentProvider : Scanning URL [jar:file:/Users/yjayaraman/.gradle/caches/modules-2/files-2.1/org.springframework.data/spring-data-commons/1.11.0.RELEASE/935cd4ab0a1a07358d7f0c9c808f9113dc177bd8/spring-data-commons-1.11.0.RELEASE.jar!/org/springframework/data/repository/util/TxUtils.class]
2016-04-27 17:58:10.949 TRACE 37359 --- [    Test worker] ssPathScanningCandidateComponentProvider : Ignored because not matching any filter: URL [jar:file:/Users/yjayaraman/.gradle/caches/modules-2/files-2.1/org.springframework.data/spring-data-commons/1.11.0.RELEASE/935cd4ab0a1a07358d7f0c9c808f9113dc177bd8/spring-data-commons-1.11.0.RELEASE.jar!/org/springframework/data/repository/util/TxUtils.class]
2016-04-27 17:58:10.949 TRACE 37359 --- [    Test worker] ssPathScanningCandidateComponentProvider : Scanning URL [jar:file:/Users/yjayaraman/.gradle/caches/modules-2/files-2.1/org.springframework.data/spring-data-commons/1.11.0.RELEASE/935cd4ab0a1a07358d7f0c9c808f9113dc177bd8/spring-data-commons-1.11.0.RELEASE.jar!/org/springframework/data/repository/util/QueryExecutionConverters.class]
2016-04-27 17:58:10.949 TRACE 37359 --- [    Test worker] ssPathScanningCandidateComponentProvider : Ignored because not matching any filter: URL [jar:file:/Users/yjayaraman/.gradle/caches/modules-2/files-2.1/org.springframework.data/spring-data-commons/1.11.0.RELEASE/935cd4ab0a1a07358d7f0c9c808f9113dc177bd8/spring-data-commons-1.11.0.RELEASE.jar!/org/springframework/data/repository/util/QueryExecutionConverters.class]
2016-04-27 17:58:10.949 TRACE 37359 --- [    Test worker] ssPathScanningCandidateComponentProvider : Scanning URL [jar:file:/Users/yjayaraman/.gradle/caches/modules-2/files-2.1/org.springframework.data/spring-data-commons/1.11.0.RELEASE/935cd4ab0a1a07358d7f0c9c808f9113dc177bd8/spring-data-commons-1.11.0.RELEASE.jar!/org/springframework/data/repository/util/QueryExecutionConverters$NullableWrapperToJdk8OptionalConverter.class]
2016-04-27 17:58:10.949 TRACE 37359 --- [    Test worker] ssPathScanningCandidateComponentProvider : Ignored because not matching any filter: URL [jar:file:/Users/yjayaraman/.gradle/caches/modules-2/files-2.1/org.springframework.data/spring-data-commons/1.11.0.RELEASE/935cd4ab0a1a07358d7f0c9c808f9113dc177bd8/spring-data-commons-1.11.0.RELEASE.jar!/org/springframework/data/repository/util/QueryExecutionConverters$NullableWrapperToJdk8OptionalConverter.class]
2016-04-27 17:58:10.949 TRACE 37359 --- [    Test worker] ssPathScanningCandidateComponentProvider : Scanning URL [jar:file:/Users/yjayaraman/.gradle/caches/modules-2/files-2.1/org.springframework.data/spring-data-commons/1.11.0.RELEASE/935cd4ab0a1a07358d7f0c9c808f9113dc177bd8/spring-data-commons-1.11.0.RELEASE.jar!/org/springframework/data/repository/init/RepositoryPopulator.class]
2016-04-27 17:58:10.949 TRACE 37359 --- [    Test worker] ssPathScanningCandidateComponentProvider : Ignored because not matching any filter: URL [jar:file:/Users/yjayaraman/.gradle/caches/modules-2/files-2.1/org.springframework.data/spring-data-commons/1.11.0.RELEASE/935cd4ab0a1a07358d7f0c9c808f9113dc177bd8/spring-data-commons-1.11.0.RELEASE.jar!/org/springframework/data/repository/init/RepositoryPopulator.class]
2016-04-27 17:58:10.949 TRACE 37359 --- [    Test worker] ssPathScanningCandidateComponentProvider : Scanning URL [jar:file:/Users/yjayaraman/.gradle/caches/modules-2/files-2.1/org.springframework.data/spring-data-commons/1.11.0.RELEASE/935cd4ab0a1a07358d7f0c9c808f9113dc177bd8/spring-data-commons-1.11.0.RELEASE.jar!/org/springframework/data/repository/init/ResourceReaderRepositoryPopulator.class]
2016-04-27 17:58:10.950 TRACE 37359 --- [    Test worker] ssPathScanningCandidateComponentProvider : Ignored because not matching any filter: URL [jar:file:/Users/yjayaraman/.gradle/caches/modules-2/files-2.1/org.springframework.data/spring-data-commons/1.11.0.RELEASE/935cd4ab0a1a07358d7f0c9c808f9113dc177bd8/spring-data-commons-1.11.0.RELEASE.jar!/org/springframework/data/repository/init/ResourceReaderRepositoryPopulator.class]
2016-04-27 17:58:10.950 TRACE 37359 --- [    Test worker] ssPathScanningCandidateComponentProvider : Scanning URL [jar:file:/Users/yjayaraman/.gradle/caches/modules-2/files-2.1/org.springframework.data/spring-data-commons/1.11.0.RELEASE/935cd4ab0a1a07358d7f0c9c808f9113dc177bd8/spring-data-commons-1.11.0.RELEASE.jar!/org/springframework/data/repository/init/Jackson2RepositoryPopulatorFactoryBean.class]
2016-04-27 17:58:10.950 TRACE 37359 --- [    Test worker] ssPathScanningCandidateComponentProvider : Ignored because not matching any filter: URL [jar:file:/Users/yjayaraman/.gradle/caches/modules-2/files-2.1/org.springframework.data/spring-data-commons/1.11.0.RELEASE/935cd4ab0a1a07358d7f0c9c808f9113dc177bd8/spring-data-commons-1.11.0.RELEASE.jar!/org/springframework/data/repository/init/Jackson2RepositoryPopulatorFactoryBean.class]
2016-04-27 17:58:10.950 TRACE 37359 --- [    Test worker] ssPathScanningCandidateComponentProvider : Scanning URL [jar:file:/Users/yjayaraman/.gradle/caches/modules-2/files-2.1/org.springframework.data/spring-data-commons/1.11.0.RELEASE/935cd4ab0a1a07358d7f0c9c808f9113dc177bd8/spring-data-commons-1.11.0.RELEASE.jar!/org/springframework/data/repository/init/UnmarshallerRepositoryPopulatorFactoryBean.class]
2016-04-27 17:58:10.950 TRACE 37359 --- [    Test worker] ssPathScanningCandidateComponentProvider : Ignored because not matching any filter: URL [jar:file:/Users/yjayaraman/.gradle/caches/modules-2/files-2.1/org.springframework.data/spring-data-commons/1.11.0.RELEASE/935cd4ab0a1a07358d7f0c9c808f9113dc177bd8/spring-data-commons-1.11.0.RELEASE.jar!/org/springframework/data/repository/init/UnmarshallerRepositoryPopulatorFactoryBean.class]
2016-04-27 17:58:10.950 TRACE 37359 --- [    Test worker] ssPathScanningCandidateComponentProvider : Scanning URL [jar:file:/Users/yjayaraman/.gradle/caches/modules-2/files-2.1/org.springframework.data/spring-data-commons/1.11.0.RELEASE/935cd4ab0a1a07358d7f0c9c808f9113dc177bd8/spring-data-commons-1.11.0.RELEASE.jar!/org/springframework/data/repository/init/UnmarshallingResourceReader.class]
2016-04-27 17:58:10.950 TRACE 37359 --- [    Test worker] ssPathScanningCandidateComponentProvider : Ignored because not matching any filter: URL [jar:file:/Users/yjayaraman/.gradle/caches/modules-2/files-2.1/org.springframework.data/spring-data-commons/1.11.0.RELEASE/935cd4ab0a1a07358d7f0c9c808f9113dc177bd8/spring-data-commons-1.11.0.RELEASE.jar!/org/springframework/data/repository/init/UnmarshallingResourceReader.class]
2016-04-27 17:58:10.950 TRACE 37359 --- [    Test worker] ssPathScanningCandidateComponentProvider : Scanning URL [jar:file:/Users/yjayaraman/.gradle/caches/modules-2/files-2.1/org.springframework.data/spring-data-commons/1.11.0.RELEASE/935cd4ab0a1a07358d7f0c9c808f9113dc177bd8/spring-data-commons-1.11.0.RELEASE.jar!/org/springframework/data/repository/init/Jackson2ResourceReader.class]
2016-04-27 17:58:10.950 TRACE 37359 --- [    Test worker] ssPathScanningCandidateComponentProvider : Ignored because not matching any filter: URL [jar:file:/Users/yjayaraman/.gradle/caches/modules-2/files-2.1/org.springframework.data/spring-data-commons/1.11.0.RELEASE/935cd4ab0a1a07358d7f0c9c808f9113dc177bd8/spring-data-commons-1.11.0.RELEASE.jar!/org/springframework/data/repository/init/Jackson2ResourceReader.class]
2016-04-27 17:58:10.950 TRACE 37359 --- [    Test worker] ssPathScanningCandidateComponentProvider : Scanning URL [jar:file:/Users/yjayaraman/.gradle/caches/modules-2/files-2.1/org.springframework.data/spring-data-commons/1.11.0.RELEASE/935cd4ab0a1a07358d7f0c9c808f9113dc177bd8/spring-data-commons-1.11.0.RELEASE.jar!/org/springframework/data/repository/init/ResourceReader$Type.class]
2016-04-27 17:58:10.950 TRACE 37359 --- [    Test worker] ssPathScanningCandidateComponentProvider : Ignored because not matching any filter: URL [jar:file:/Users/yjayaraman/.gradle/caches/modules-2/files-2.1/org.springframework.data/spring-data-commons/1.11.0.RELEASE/935cd4ab0a1a07358d7f0c9c808f9113dc177bd8/spring-data-commons-1.11.0.RELEASE.jar!/org/springframework/data/repository/init/ResourceReader$Type.class]
2016-04-27 17:58:10.950 TRACE 37359 --- [    Test worker] ssPathScanningCandidateComponentProvider : Scanning URL [jar:file:/Users/yjayaraman/.gradle/caches/modules-2/files-2.1/org.springframework.data/spring-data-commons/1.11.0.RELEASE/935cd4ab0a1a07358d7f0c9c808f9113dc177bd8/spring-data-commons-1.11.0.RELEASE.jar!/org/springframework/data/repository/init/RepositoriesPopulatedEvent.class]
2016-04-27 17:58:10.950 TRACE 37359 --- [    Test worker] ssPathScanningCandidateComponentProvider : Ignored because not matching any filter: URL [jar:file:/Users/yjayaraman/.gradle/caches/modules-2/files-2.1/org.springframework.data/spring-data-commons/1.11.0.RELEASE/935cd4ab0a1a07358d7f0c9c808f9113dc177bd8/spring-data-commons-1.11.0.RELEASE.jar!/org/springframework/data/repository/init/RepositoriesPopulatedEvent.class]
2016-04-27 17:58:10.950 TRACE 37359 --- [    Test worker] ssPathScanningCandidateComponentProvider : Scanning URL [jar:file:/Users/yjayaraman/.gradle/caches/modules-2/files-2.1/org.springframework.data/spring-data-commons/1.11.0.RELEASE/935cd4ab0a1a07358d7f0c9c808f9113dc177bd8/spring-data-commons-1.11.0.RELEASE.jar!/org/springframework/data/repository/init/AbstractRepositoryPopulatorFactoryBean.class]
2016-04-27 17:58:10.951 TRACE 37359 --- [    Test worker] ssPathScanningCandidateComponentProvider : Ignored because not matching any filter: URL [jar:file:/Users/yjayaraman/.gradle/caches/modules-2/files-2.1/org.springframework.data/spring-data-commons/1.11.0.RELEASE/935cd4ab0a1a07358d7f0c9c808f9113dc177bd8/spring-data-commons-1.11.0.RELEASE.jar!/org/springframework/data/repository/init/AbstractRepositoryPopulatorFactoryBean.class]
2016-04-27 17:58:10.951 TRACE 37359 --- [    Test worker] ssPathScanningCandidateComponentProvider : Scanning URL [jar:file:/Users/yjayaraman/.gradle/caches/modules-2/files-2.1/org.springframework.data/spring-data-commons/1.11.0.RELEASE/935cd4ab0a1a07358d7f0c9c808f9113dc177bd8/spring-data-commons-1.11.0.RELEASE.jar!/org/springframework/data/repository/init/ResourceReader.class]
2016-04-27 17:58:10.951 TRACE 37359 --- [    Test worker] ssPathScanningCandidateComponentProvider : Ignored because not matching any filter: URL [jar:file:/Users/yjayaraman/.gradle/caches/modules-2/files-2.1/org.springframework.data/spring-data-commons/1.11.0.RELEASE/935cd4ab0a1a07358d7f0c9c808f9113dc177bd8/spring-data-commons-1.11.0.RELEASE.jar!/org/springframework/data/repository/init/ResourceReader.class]
2016-04-27 17:58:10.951 TRACE 37359 --- [    Test worker] ssPathScanningCandidateComponentProvider : Scanning URL [jar:file:/Users/yjayaraman/.gradle/caches/modules-2/files-2.1/org.springframework.data/spring-data-commons/1.11.0.RELEASE/935cd4ab0a1a07358d7f0c9c808f9113dc177bd8/spring-data-commons-1.11.0.RELEASE.jar!/org/springframework/data/repository/Repository.class]
2016-04-27 17:58:10.951 TRACE 37359 --- [    Test worker] ssPathScanningCandidateComponentProvider : Ignored because not matching any filter: URL [jar:file:/Users/yjayaraman/.gradle/caches/modules-2/files-2.1/org.springframework.data/spring-data-commons/1.11.0.RELEASE/935cd4ab0a1a07358d7f0c9c808f9113dc177bd8/spring-data-commons-1.11.0.RELEASE.jar!/org/springframework/data/repository/Repository.class]
2016-04-27 17:58:10.951 TRACE 37359 --- [    Test worker] ssPathScanningCandidateComponentProvider : Scanning URL [jar:file:/Users/yjayaraman/.gradle/caches/modules-2/files-2.1/org.springframework.data/spring-data-commons/1.11.0.RELEASE/935cd4ab0a1a07358d7f0c9c808f9113dc177bd8/spring-data-commons-1.11.0.RELEASE.jar!/org/springframework/data/repository/cdi/CdiRepositoryExtensionSupport$AnyAnnotationLiteral.class]
2016-04-27 17:58:10.951 TRACE 37359 --- [    Test worker] ssPathScanningCandidateComponentProvider : Ignored because not matching any filter: URL [jar:file:/Users/yjayaraman/.gradle/caches/modules-2/files-2.1/org.springframework.data/spring-data-commons/1.11.0.RELEASE/935cd4ab0a1a07358d7f0c9c808f9113dc177bd8/spring-data-commons-1.11.0.RELEASE.jar!/org/springframework/data/repository/cdi/CdiRepositoryExtensionSupport$AnyAnnotationLiteral.class]
2016-04-27 17:58:10.951 TRACE 37359 --- [    Test worker] ssPathScanningCandidateComponentProvider : Scanning URL [jar:file:/Users/yjayaraman/.gradle/caches/modules-2/files-2.1/org.springframework.data/spring-data-commons/1.11.0.RELEASE/935cd4ab0a1a07358d7f0c9c808f9113dc177bd8/spring-data-commons-1.11.0.RELEASE.jar!/org/springframework/data/repository/cdi/CdiRepositoryBean$DefaultCdiRepositoryConfiguration.class]
2016-04-27 17:58:10.951 TRACE 37359 --- [    Test worker] ssPathScanningCandidateComponentProvider : Ignored because not matching any filter: URL [jar:file:/Users/yjayaraman/.gradle/caches/modules-2/files-2.1/org.springframework.data/spring-data-commons/1.11.0.RELEASE/935cd4ab0a1a07358d7f0c9c808f9113dc177bd8/spring-data-commons-1.11.0.RELEASE.jar!/org/springframework/data/repository/cdi/CdiRepositoryBean$DefaultCdiRepositoryConfiguration.class]
2016-04-27 17:58:10.951 TRACE 37359 --- [    Test worker] ssPathScanningCandidateComponentProvider : Scanning URL [jar:file:/Users/yjayaraman/.gradle/caches/modules-2/files-2.1/org.springframework.data/spring-data-commons/1.11.0.RELEASE/935cd4ab0a1a07358d7f0c9c808f9113dc177bd8/spring-data-commons-1.11.0.RELEASE.jar!/org/springframework/data/repository/cdi/Eager.class]
2016-04-27 17:58:10.951 TRACE 37359 --- [    Test worker] ssPathScanningCandidateComponentProvider : Ignored because not matching any filter: URL [jar:file:/Users/yjayaraman/.gradle/caches/modules-2/files-2.1/org.springframework.data/spring-data-commons/1.11.0.RELEASE/935cd4ab0a1a07358d7f0c9c808f9113dc177bd8/spring-data-commons-1.11.0.RELEASE.jar!/org/springframework/data/repository/cdi/Eager.class]
2016-04-27 17:58:10.951 TRACE 37359 --- [    Test worker] ssPathScanningCandidateComponentProvider : Scanning URL [jar:file:/Users/yjayaraman/.gradle/caches/modules-2/files-2.1/org.springframework.data/spring-data-commons/1.11.0.RELEASE/935cd4ab0a1a07358d7f0c9c808f9113dc177bd8/spring-data-commons-1.11.0.RELEASE.jar!/org/springframework/data/repository/cdi/CdiRepositoryExtensionSupport.class]
2016-04-27 17:58:10.951 TRACE 37359 --- [    Test worker] ssPathScanningCandidateComponentProvider : Ignored because not matching any filter: URL [jar:file:/Users/yjayaraman/.gradle/caches/modules-2/files-2.1/org.springframework.data/spring-data-commons/1.11.0.RELEASE/935cd4ab0a1a07358d7f0c9c808f9113dc177bd8/spring-data-commons-1.11.0.RELEASE.jar!/org/springframework/data/repository/cdi/CdiRepositoryExtensionSupport.class]
2016-04-27 17:58:10.951 TRACE 37359 --- [    Test worker] ssPathScanningCandidateComponentProvider : Scanning URL [jar:file:/Users/yjayaraman/.gradle/caches/modules-2/files-2.1/org.springframework.data/spring-data-commons/1.11.0.RELEASE/935cd4ab0a1a07358d7f0c9c808f9113dc177bd8/spring-data-commons-1.11.0.RELEASE.jar!/org/springframework/data/repository/cdi/CdiRepositoryConfiguration.class]
2016-04-27 17:58:10.951 TRACE 37359 --- [    Test worker] ssPathScanningCandidateComponentProvider : Ignored because not matching any filter: URL [jar:file:/Users/yjayaraman/.gradle/caches/modules-2/files-2.1/org.springframework.data/spring-data-commons/1.11.0.RELEASE/935cd4ab0a1a07358d7f0c9c808f9113dc177bd8/spring-data-commons-1.11.0.RELEASE.jar!/org/springframework/data/repository/cdi/CdiRepositoryConfiguration.class]
2016-04-27 17:58:10.951 TRACE 37359 --- [    Test worker] ssPathScanningCandidateComponentProvider : Scanning URL [jar:file:/Users/yjayaraman/.gradle/caches/modules-2/files-2.1/org.springframework.data/spring-data-commons/1.11.0.RELEASE/935cd4ab0a1a07358d7f0c9c808f9113dc177bd8/spring-data-commons-1.11.0.RELEASE.jar!/org/springframework/data/repository/cdi/CdiRepositoryBean.class]
2016-04-27 17:58:10.952 TRACE 37359 --- [    Test worker] ssPathScanningCandidateComponentProvider : Ignored because not matching any filter: URL [jar:file:/Users/yjayaraman/.gradle/caches/modules-2/files-2.1/org.springframework.data/spring-data-commons/1.11.0.RELEASE/935cd4ab0a1a07358d7f0c9c808f9113dc177bd8/spring-data-commons-1.11.0.RELEASE.jar!/org/springframework/data/repository/cdi/CdiRepositoryBean.class]
2016-04-27 17:58:10.952 TRACE 37359 --- [    Test worker] ssPathScanningCandidateComponentProvider : Scanning URL [jar:file:/Users/yjayaraman/.gradle/caches/modules-2/files-2.1/org.springframework.data/spring-data-commons/1.11.0.RELEASE/935cd4ab0a1a07358d7f0c9c808f9113dc177bd8/spring-data-commons-1.11.0.RELEASE.jar!/org/springframework/data/repository/cdi/CdiRepositoryExtensionSupport$DefaultAnnotationLiteral.class]
2016-04-27 17:58:10.952 TRACE 37359 --- [    Test worker] ssPathScanningCandidateComponentProvider : Ignored because not matching any filter: URL [jar:file:/Users/yjayaraman/.gradle/caches/modules-2/files-2.1/org.springframework.data/spring-data-commons/1.11.0.RELEASE/935cd4ab0a1a07358d7f0c9c808f9113dc177bd8/spring-data-commons-1.11.0.RELEASE.jar!/org/springframework/data/repository/cdi/CdiRepositoryExtensionSupport$DefaultAnnotationLiteral.class]
2016-04-27 17:58:10.952 TRACE 37359 --- [    Test worker] ssPathScanningCandidateComponentProvider : Scanning URL [jar:file:/Users/yjayaraman/.gradle/caches/modules-2/files-2.1/org.springframework.data/spring-data-commons/1.11.0.RELEASE/935cd4ab0a1a07358d7f0c9c808f9113dc177bd8/spring-data-commons-1.11.0.RELEASE.jar!/org/springframework/data/repository/config/RepositoryBeanDefinitionRegistrarSupport.class]
2016-04-27 17:58:10.952 TRACE 37359 --- [    Test worker] ssPathScanningCandidateComponentProvider : Ignored because not matching any filter: URL [jar:file:/Users/yjayaraman/.gradle/caches/modules-2/files-2.1/org.springframework.data/spring-data-commons/1.11.0.RELEASE/935cd4ab0a1a07358d7f0c9c808f9113dc177bd8/spring-data-commons-1.11.0.RELEASE.jar!/org/springframework/data/repository/config/RepositoryBeanDefinitionRegistrarSupport.class]
2016-04-27 17:58:10.952 TRACE 37359 --- [    Test worker] ssPathScanningCandidateComponentProvider : Scanning URL [jar:file:/Users/yjayaraman/.gradle/caches/modules-2/files-2.1/org.springframework.data/spring-data-commons/1.11.0.RELEASE/935cd4ab0a1a07358d7f0c9c808f9113dc177bd8/spring-data-commons-1.11.0.RELEASE.jar!/org/springframework/data/repository/config/RepositoryComponentProvider.class]
2016-04-27 17:58:10.952 TRACE 37359 --- [    Test worker] ssPathScanningCandidateComponentProvider : Ignored because not matching any filter: URL [jar:file:/Users/yjayaraman/.gradle/caches/modules-2/files-2.1/org.springframework.data/spring-data-commons/1.11.0.RELEASE/935cd4ab0a1a07358d7f0c9c808f9113dc177bd8/spring-data-commons-1.11.0.RELEASE.jar!/org/springframework/data/repository/config/RepositoryComponentProvider.class]
2016-04-27 17:58:10.952 TRACE 37359 --- [    Test worker] ssPathScanningCandidateComponentProvider : Scanning URL [jar:file:/Users/yjayaraman/.gradle/caches/modules-2/files-2.1/org.springframework.data/spring-data-commons/1.11.0.RELEASE/935cd4ab0a1a07358d7f0c9c808f9113dc177bd8/spring-data-commons-1.11.0.RELEASE.jar!/org/springframework/data/repository/config/ResourceReaderRepositoryPopulatorBeanDefinitionParser.class]
2016-04-27 17:58:10.952 TRACE 37359 --- [    Test worker] ssPathScanningCandidateComponentProvider : Ignored because not matching any filter: URL [jar:file:/Users/yjayaraman/.gradle/caches/modules-2/files-2.1/org.springframework.data/spring-data-commons/1.11.0.RELEASE/935cd4ab0a1a07358d7f0c9c808f9113dc177bd8/spring-data-commons-1.11.0.RELEASE.jar!/org/springframework/data/repository/config/ResourceReaderRepositoryPopulatorBeanDefinitionParser.class]
2016-04-27 17:58:10.952 TRACE 37359 --- [    Test worker] ssPathScanningCandidateComponentProvider : Scanning URL [jar:file:/Users/yjayaraman/.gradle/caches/modules-2/files-2.1/org.springframework.data/spring-data-commons/1.11.0.RELEASE/935cd4ab0a1a07358d7f0c9c808f9113dc177bd8/spring-data-commons-1.11.0.RELEASE.jar!/org/springframework/data/repository/config/RepositoryConfiguration.class]
2016-04-27 17:58:10.952 TRACE 37359 --- [    Test worker] ssPathScanningCandidateComponentProvider : Ignored because not matching any filter: URL [jar:file:/Users/yjayaraman/.gradle/caches/modules-2/files-2.1/org.springframework.data/spring-data-commons/1.11.0.RELEASE/935cd4ab0a1a07358d7f0c9c808f9113dc177bd8/spring-data-commons-1.11.0.RELEASE.jar!/org/springframework/data/repository/config/RepositoryConfiguration.class]
2016-04-27 17:58:10.952 TRACE 37359 --- [    Test worker] ssPathScanningCandidateComponentProvider : Scanning URL [jar:file:/Users/yjayaraman/.gradle/caches/modules-2/files-2.1/org.springframework.data/spring-data-commons/1.11.0.RELEASE/935cd4ab0a1a07358d7f0c9c808f9113dc177bd8/spring-data-commons-1.11.0.RELEASE.jar!/org/springframework/data/repository/config/DefaultRepositoryConfiguration.class]
2016-04-27 17:58:10.953 TRACE 37359 --- [    Test worker] ssPathScanningCandidateComponentProvider : Ignored because not matching any filter: URL [jar:file:/Users/yjayaraman/.gradle/caches/modules-2/files-2.1/org.springframework.data/spring-data-commons/1.11.0.RELEASE/935cd4ab0a1a07358d7f0c9c808f9113dc177bd8/spring-data-commons-1.11.0.RELEASE.jar!/org/springframework/data/repository/config/DefaultRepositoryConfiguration.class]
2016-04-27 17:58:10.953 TRACE 37359 --- [    Test worker] ssPathScanningCandidateComponentProvider : Scanning URL [jar:file:/Users/yjayaraman/.gradle/caches/modules-2/files-2.1/org.springframework.data/spring-data-commons/1.11.0.RELEASE/935cd4ab0a1a07358d7f0c9c808f9113dc177bd8/spring-data-commons-1.11.0.RELEASE.jar!/org/springframework/data/repository/config/XmlRepositoryConfigurationSource.class]
2016-04-27 17:58:10.953 TRACE 37359 --- [    Test worker] ssPathScanningCandidateComponentProvider : Ignored because not matching any filter: URL [jar:file:/Users/yjayaraman/.gradle/caches/modules-2/files-2.1/org.springframework.data/spring-data-commons/1.11.0.RELEASE/935cd4ab0a1a07358d7f0c9c808f9113dc177bd8/spring-data-commons-1.11.0.RELEASE.jar!/org/springframework/data/repository/config/XmlRepositoryConfigurationSource.class]
2016-04-27 17:58:10.953 TRACE 37359 --- [    Test worker] ssPathScanningCandidateComponentProvider : Scanning URL [jar:file:/Users/yjayaraman/.gradle/caches/modules-2/files-2.1/org.springframework.data/spring-data-commons/1.11.0.RELEASE/935cd4ab0a1a07358d7f0c9c808f9113dc177bd8/spring-data-commons-1.11.0.RELEASE.jar!/org/springframework/data/repository/config/RepositoryNameSpaceHandler.class]
2016-04-27 17:58:10.953 TRACE 37359 --- [    Test worker] ssPathScanningCandidateComponentProvider : Ignored because not matching any filter: URL [jar:file:/Users/yjayaraman/.gradle/caches/modules-2/files-2.1/org.springframework.data/spring-data-commons/1.11.0.RELEASE/935cd4ab0a1a07358d7f0c9c808f9113dc177bd8/spring-data-commons-1.11.0.RELEASE.jar!/org/springframework/data/repository/config/RepositoryNameSpaceHandler.class]
2016-04-27 17:58:10.953 TRACE 37359 --- [    Test worker] ssPathScanningCandidateComponentProvider : Scanning URL [jar:file:/Users/yjayaraman/.gradle/caches/modules-2/files-2.1/org.springframework.data/spring-data-commons/1.11.0.RELEASE/935cd4ab0a1a07358d7f0c9c808f9113dc177bd8/spring-data-commons-1.11.0.RELEASE.jar!/org/springframework/data/repository/config/NamedQueriesBeanDefinitionParser.class]
2016-04-27 17:58:10.953 TRACE 37359 --- [    Test worker] ssPathScanningCandidateComponentProvider : Ignored because not matching any filter: URL [jar:file:/Users/yjayaraman/.gradle/caches/modules-2/files-2.1/org.springframework.data/spring-data-commons/1.11.0.RELEASE/935cd4ab0a1a07358d7f0c9c808f9113dc177bd8/spring-data-commons-1.11.0.RELEASE.jar!/org/springframework/data/repository/config/NamedQueriesBeanDefinitionParser.class]
2016-04-27 17:58:10.953 TRACE 37359 --- [    Test worker] ssPathScanningCandidateComponentProvider : Scanning URL [jar:file:/Users/yjayaraman/.gradle/caches/modules-2/files-2.1/org.springframework.data/spring-data-commons/1.11.0.RELEASE/935cd4ab0a1a07358d7f0c9c808f9113dc177bd8/spring-data-commons-1.11.0.RELEASE.jar!/org/springframework/data/repository/config/RepositoryComponentProvider$InterfaceTypeFilter.class]
2016-04-27 17:58:10.953 TRACE 37359 --- [    Test worker] ssPathScanningCandidateComponentProvider : Ignored because not matching any filter: URL [jar:file:/Users/yjayaraman/.gradle/caches/modules-2/files-2.1/org.springframework.data/spring-data-commons/1.11.0.RELEASE/935cd4ab0a1a07358d7f0c9c808f9113dc177bd8/spring-data-commons-1.11.0.RELEASE.jar!/org/springframework/data/repository/config/RepositoryComponentProvider$InterfaceTypeFilter.class]
2016-04-27 17:58:10.953 TRACE 37359 --- [    Test worker] ssPathScanningCandidateComponentProvider : Scanning URL [jar:file:/Users/yjayaraman/.gradle/caches/modules-2/files-2.1/org.springframework.data/spring-data-commons/1.11.0.RELEASE/935cd4ab0a1a07358d7f0c9c808f9113dc177bd8/spring-data-commons-1.11.0.RELEASE.jar!/org/springframework/data/repository/config/RepositoryBeanDefinitionParser.class]
2016-04-27 17:58:10.953 TRACE 37359 --- [    Test worker] ssPathScanningCandidateComponentProvider : Ignored because not matching any filter: URL [jar:file:/Users/yjayaraman/.gradle/caches/modules-2/files-2.1/org.springframework.data/spring-data-commons/1.11.0.RELEASE/935cd4ab0a1a07358d7f0c9c808f9113dc177bd8/spring-data-commons-1.11.0.RELEASE.jar!/org/springframework/data/repository/config/RepositoryBeanDefinitionParser.class]
2016-04-27 17:58:10.953 TRACE 37359 --- [    Test worker] ssPathScanningCandidateComponentProvider : Scanning URL [jar:file:/Users/yjayaraman/.gradle/caches/modules-2/files-2.1/org.springframework.data/spring-data-commons/1.11.0.RELEASE/935cd4ab0a1a07358d7f0c9c808f9113dc177bd8/spring-data-commons-1.11.0.RELEASE.jar!/org/springframework/data/repository/config/NamedQueriesBeanDefinitionBuilder.class]
2016-04-27 17:58:10.953 TRACE 37359 --- [    Test worker] ssPathScanningCandidateComponentProvider : Ignored because not matching any filter: URL [jar:file:/Users/yjayaraman/.gradle/caches/modules-2/files-2.1/org.springframework.data/spring-data-commons/1.11.0.RELEASE/935cd4ab0a1a07358d7f0c9c808f9113dc177bd8/spring-data-commons-1.11.0.RELEASE.jar!/org/springframework/data/repository/config/NamedQueriesBeanDefinitionBuilder.class]
2016-04-27 17:58:10.953 TRACE 37359 --- [    Test worker] ssPathScanningCandidateComponentProvider : Scanning URL [jar:file:/Users/yjayaraman/.gradle/caches/modules-2/files-2.1/org.springframework.data/spring-data-commons/1.11.0.RELEASE/935cd4ab0a1a07358d7f0c9c808f9113dc177bd8/spring-data-commons-1.11.0.RELEASE.jar!/org/springframework/data/repository/config/RepositoryConfigurationSourceSupport.class]
2016-04-27 17:58:10.953 TRACE 37359 --- [    Test worker] ssPathScanningCandidateComponentProvider : Ignored because not matching any filter: URL [jar:file:/Users/yjayaraman/.gradle/caches/modules-2/files-2.1/org.springframework.data/spring-data-commons/1.11.0.RELEASE/935cd4ab0a1a07358d7f0c9c808f9113dc177bd8/spring-data-commons-1.11.0.RELEASE.jar!/org/springframework/data/repository/config/RepositoryConfigurationSourceSupport.class]
2016-04-27 17:58:10.953 TRACE 37359 --- [    Test worker] ssPathScanningCandidateComponentProvider : Scanning URL [jar:file:/Users/yjayaraman/.gradle/caches/modules-2/files-2.1/org.springframework.data/spring-data-commons/1.11.0.RELEASE/935cd4ab0a1a07358d7f0c9c808f9113dc177bd8/spring-data-commons-1.11.0.RELEASE.jar!/org/springframework/data/repository/config/RepositoryConfigurationUtils.class]
2016-04-27 17:58:10.954 TRACE 37359 --- [    Test worker] ssPathScanningCandidateComponentProvider : Ignored because not matching any filter: URL [jar:file:/Users/yjayaraman/.gradle/caches/modules-2/files-2.1/org.springframework.data/spring-data-commons/1.11.0.RELEASE/935cd4ab0a1a07358d7f0c9c808f9113dc177bd8/spring-data-commons-1.11.0.RELEASE.jar!/org/springframework/data/repository/config/RepositoryConfigurationUtils.class]
2016-04-27 17:58:10.954 TRACE 37359 --- [    Test worker] ssPathScanningCandidateComponentProvider : Scanning URL [jar:file:/Users/yjayaraman/.gradle/caches/modules-2/files-2.1/org.springframework.data/spring-data-commons/1.11.0.RELEASE/935cd4ab0a1a07358d7f0c9c808f9113dc177bd8/spring-data-commons-1.11.0.RELEASE.jar!/org/springframework/data/repository/config/RepositoryConfigurationExtension.class]
2016-04-27 17:58:10.954 TRACE 37359 --- [    Test worker] ssPathScanningCandidateComponentProvider : Ignored because not matching any filter: URL [jar:file:/Users/yjayaraman/.gradle/caches/modules-2/files-2.1/org.springframework.data/spring-data-commons/1.11.0.RELEASE/935cd4ab0a1a07358d7f0c9c808f9113dc177bd8/spring-data-commons-1.11.0.RELEASE.jar!/org/springframework/data/repository/config/RepositoryConfigurationExtension.class]
2016-04-27 17:58:10.954 TRACE 37359 --- [    Test worker] ssPathScanningCandidateComponentProvider : Scanning URL [jar:file:/Users/yjayaraman/.gradle/caches/modules-2/files-2.1/org.springframework.data/spring-data-commons/1.11.0.RELEASE/935cd4ab0a1a07358d7f0c9c808f9113dc177bd8/spring-data-commons-1.11.0.RELEASE.jar!/org/springframework/data/repository/config/RepositoryConfigurationDelegate.class]
2016-04-27 17:58:10.954 TRACE 37359 --- [    Test worker] ssPathScanningCandidateComponentProvider : Ignored because not matching any filter: URL [jar:file:/Users/yjayaraman/.gradle/caches/modules-2/files-2.1/org.springframework.data/spring-data-commons/1.11.0.RELEASE/935cd4ab0a1a07358d7f0c9c808f9113dc177bd8/spring-data-commons-1.11.0.RELEASE.jar!/org/springframework/data/repository/config/RepositoryConfigurationDelegate.class]
2016-04-27 17:58:10.954 TRACE 37359 --- [    Test worker] ssPathScanningCandidateComponentProvider : Scanning URL [jar:file:/Users/yjayaraman/.gradle/caches/modules-2/files-2.1/org.springframework.data/spring-data-commons/1.11.0.RELEASE/935cd4ab0a1a07358d7f0c9c808f9113dc177bd8/spring-data-commons-1.11.0.RELEASE.jar!/org/springframework/data/repository/config/RepositoryConfigurationSource.class]
2016-04-27 17:58:10.954 TRACE 37359 --- [    Test worker] ssPathScanningCandidateComponentProvider : Ignored because not matching any filter: URL [jar:file:/Users/yjayaraman/.gradle/caches/modules-2/files-2.1/org.springframework.data/spring-data-commons/1.11.0.RELEASE/935cd4ab0a1a07358d7f0c9c808f9113dc177bd8/spring-data-commons-1.11.0.RELEASE.jar!/org/springframework/data/repository/config/RepositoryConfigurationSource.class]
2016-04-27 17:58:10.954 TRACE 37359 --- [    Test worker] ssPathScanningCandidateComponentProvider : Scanning URL [jar:file:/Users/yjayaraman/.gradle/caches/modules-2/files-2.1/org.springframework.data/spring-data-commons/1.11.0.RELEASE/935cd4ab0a1a07358d7f0c9c808f9113dc177bd8/spring-data-commons-1.11.0.RELEASE.jar!/org/springframework/data/repository/config/DefaultRepositoryBaseClass.class]
2016-04-27 17:58:10.954 TRACE 37359 --- [    Test worker] ssPathScanningCandidateComponentProvider : Ignored because not matching any filter: URL [jar:file:/Users/yjayaraman/.gradle/caches/modules-2/files-2.1/org.springframework.data/spring-data-commons/1.11.0.RELEASE/935cd4ab0a1a07358d7f0c9c808f9113dc177bd8/spring-data-commons-1.11.0.RELEASE.jar!/org/springframework/data/repository/config/DefaultRepositoryBaseClass.class]
2016-04-27 17:58:10.954 TRACE 37359 --- [    Test worker] ssPathScanningCandidateComponentProvider : Scanning URL [jar:file:/Users/yjayaraman/.gradle/caches/modules-2/files-2.1/org.springframework.data/spring-data-commons/1.11.0.RELEASE/935cd4ab0a1a07358d7f0c9c808f9113dc177bd8/spring-data-commons-1.11.0.RELEASE.jar!/org/springframework/data/repository/config/RepositoryBeanNameGenerator.class]
2016-04-27 17:58:10.954 TRACE 37359 --- [    Test worker] ssPathScanningCandidateComponentProvider : Ignored because not matching any filter: URL [jar:file:/Users/yjayaraman/.gradle/caches/modules-2/files-2.1/org.springframework.data/spring-data-commons/1.11.0.RELEASE/935cd4ab0a1a07358d7f0c9c808f9113dc177bd8/spring-data-commons-1.11.0.RELEASE.jar!/org/springframework/data/repository/config/RepositoryBeanNameGenerator.class]
2016-04-27 17:58:10.954 TRACE 37359 --- [    Test worker] ssPathScanningCandidateComponentProvider : Scanning URL [jar:file:/Users/yjayaraman/.gradle/caches/modules-2/files-2.1/org.springframework.data/spring-data-commons/1.11.0.RELEASE/935cd4ab0a1a07358d7f0c9c808f9113dc177bd8/spring-data-commons-1.11.0.RELEASE.jar!/org/springframework/data/repository/config/AnnotationRepositoryConfigurationSource$1.class]
2016-04-27 17:58:10.954 TRACE 37359 --- [    Test worker] ssPathScanningCandidateComponentProvider : Ignored because not matching any filter: URL [jar:file:/Users/yjayaraman/.gradle/caches/modules-2/files-2.1/org.springframework.data/spring-data-commons/1.11.0.RELEASE/935cd4ab0a1a07358d7f0c9c808f9113dc177bd8/spring-data-commons-1.11.0.RELEASE.jar!/org/springframework/data/repository/config/AnnotationRepositoryConfigurationSource$1.class]
2016-04-27 17:58:10.954 TRACE 37359 --- [    Test worker] ssPathScanningCandidateComponentProvider : Scanning URL [jar:file:/Users/yjayaraman/.gradle/caches/modules-2/files-2.1/org.springframework.data/spring-data-commons/1.11.0.RELEASE/935cd4ab0a1a07358d7f0c9c808f9113dc177bd8/spring-data-commons-1.11.0.RELEASE.jar!/org/springframework/data/repository/config/AnnotationRepositoryConfigurationSource.class]
2016-04-27 17:58:10.955 TRACE 37359 --- [    Test worker] ssPathScanningCandidateComponentProvider : Ignored because not matching any filter: URL [jar:file:/Users/yjayaraman/.gradle/caches/modules-2/files-2.1/org.springframework.data/spring-data-commons/1.11.0.RELEASE/935cd4ab0a1a07358d7f0c9c808f9113dc177bd8/spring-data-commons-1.11.0.RELEASE.jar!/org/springframework/data/repository/config/AnnotationRepositoryConfigurationSource.class]
2016-04-27 17:58:10.955 TRACE 37359 --- [    Test worker] ssPathScanningCandidateComponentProvider : Scanning URL [jar:file:/Users/yjayaraman/.gradle/caches/modules-2/files-2.1/org.springframework.data/spring-data-commons/1.11.0.RELEASE/935cd4ab0a1a07358d7f0c9c808f9113dc177bd8/spring-data-commons-1.11.0.RELEASE.jar!/org/springframework/data/repository/config/RepositoryBeanDefinitionBuilder.class]
2016-04-27 17:58:10.955 TRACE 37359 --- [    Test worker] ssPathScanningCandidateComponentProvider : Ignored because not matching any filter: URL [jar:file:/Users/yjayaraman/.gradle/caches/modules-2/files-2.1/org.springframework.data/spring-data-commons/1.11.0.RELEASE/935cd4ab0a1a07358d7f0c9c808f9113dc177bd8/spring-data-commons-1.11.0.RELEASE.jar!/org/springframework/data/repository/config/RepositoryBeanDefinitionBuilder.class]
2016-04-27 17:58:10.955 TRACE 37359 --- [    Test worker] ssPathScanningCandidateComponentProvider : Scanning URL [jar:file:/Users/yjayaraman/.gradle/caches/modules-2/files-2.1/org.springframework.data/spring-data-commons/1.11.0.RELEASE/935cd4ab0a1a07358d7f0c9c808f9113dc177bd8/spring-data-commons-1.11.0.RELEASE.jar!/org/springframework/data/repository/config/CustomRepositoryImplementationDetector.class]
2016-04-27 17:58:10.955 TRACE 37359 --- [    Test worker] ssPathScanningCandidateComponentProvider : Ignored because not matching any filter: URL [jar:file:/Users/yjayaraman/.gradle/caches/modules-2/files-2.1/org.springframework.data/spring-data-commons/1.11.0.RELEASE/935cd4ab0a1a07358d7f0c9c808f9113dc177bd8/spring-data-commons-1.11.0.RELEASE.jar!/org/springframework/data/repository/config/CustomRepositoryImplementationDetector.class]
2016-04-27 17:58:10.955 TRACE 37359 --- [    Test worker] ssPathScanningCandidateComponentProvider : Scanning URL [jar:file:/Users/yjayaraman/.gradle/caches/modules-2/files-2.1/org.springframework.data/spring-data-commons/1.11.0.RELEASE/935cd4ab0a1a07358d7f0c9c808f9113dc177bd8/spring-data-commons-1.11.0.RELEASE.jar!/org/springframework/data/repository/config/RepositoryComponentProvider$AllTypeFilter.class]
2016-04-27 17:58:10.955 TRACE 37359 --- [    Test worker] ssPathScanningCandidateComponentProvider : Ignored because not matching any filter: URL [jar:file:/Users/yjayaraman/.gradle/caches/modules-2/files-2.1/org.springframework.data/spring-data-commons/1.11.0.RELEASE/935cd4ab0a1a07358d7f0c9c808f9113dc177bd8/spring-data-commons-1.11.0.RELEASE.jar!/org/springframework/data/repository/config/RepositoryComponentProvider$AllTypeFilter.class]
2016-04-27 17:58:10.955 TRACE 37359 --- [    Test worker] ssPathScanningCandidateComponentProvider : Scanning URL [jar:file:/Users/yjayaraman/.gradle/caches/modules-2/files-2.1/org.springframework.data/spring-data-commons/1.11.0.RELEASE/935cd4ab0a1a07358d7f0c9c808f9113dc177bd8/spring-data-commons-1.11.0.RELEASE.jar!/org/springframework/data/repository/config/RepositoryConfigurationDelegate$LenientAssignableTypeFilter.class]
2016-04-27 17:58:10.956 TRACE 37359 --- [    Test worker] ssPathScanningCandidateComponentProvider : Ignored because not matching any filter: URL [jar:file:/Users/yjayaraman/.gradle/caches/modules-2/files-2.1/org.springframework.data/spring-data-commons/1.11.0.RELEASE/935cd4ab0a1a07358d7f0c9c808f9113dc177bd8/spring-data-commons-1.11.0.RELEASE.jar!/org/springframework/data/repository/config/RepositoryConfigurationDelegate$LenientAssignableTypeFilter.class]
2016-04-27 17:58:10.956 TRACE 37359 --- [    Test worker] ssPathScanningCandidateComponentProvider : Scanning URL [jar:file:/Users/yjayaraman/.gradle/caches/modules-2/files-2.1/org.springframework.data/spring-data-commons/1.11.0.RELEASE/935cd4ab0a1a07358d7f0c9c808f9113dc177bd8/spring-data-commons-1.11.0.RELEASE.jar!/org/springframework/data/repository/config/RepositoryConfigurationExtensionSupport.class]
2016-04-27 17:58:10.956 TRACE 37359 --- [    Test worker] ssPathScanningCandidateComponentProvider : Ignored because not matching any filter: URL [jar:file:/Users/yjayaraman/.gradle/caches/modules-2/files-2.1/org.springframework.data/spring-data-commons/1.11.0.RELEASE/935cd4ab0a1a07358d7f0c9c808f9113dc177bd8/spring-data-commons-1.11.0.RELEASE.jar!/org/springframework/data/repository/config/RepositoryConfigurationExtensionSupport.class]
2016-04-27 17:58:10.956 TRACE 37359 --- [    Test worker] ssPathScanningCandidateComponentProvider : Scanning URL [jar:file:/Users/yjayaraman/.gradle/caches/modules-2/files-2.1/org.springframework.data/spring-data-commons/1.11.0.RELEASE/935cd4ab0a1a07358d7f0c9c808f9113dc177bd8/spring-data-commons-1.11.0.RELEASE.jar!/org/springframework/data/repository/support/DomainClassConverter$ConversionMatchAbbreviationException.class]
2016-04-27 17:58:10.956 TRACE 37359 --- [    Test worker] ssPathScanningCandidateComponentProvider : Ignored because not matching any filter: URL [jar:file:/Users/yjayaraman/.gradle/caches/modules-2/files-2.1/org.springframework.data/spring-data-commons/1.11.0.RELEASE/935cd4ab0a1a07358d7f0c9c808f9113dc177bd8/spring-data-commons-1.11.0.RELEASE.jar!/org/springframework/data/repository/support/DomainClassConverter$ConversionMatchAbbreviationException.class]
2016-04-27 17:58:10.956 TRACE 37359 --- [    Test worker] ssPathScanningCandidateComponentProvider : Scanning URL [jar:file:/Users/yjayaraman/.gradle/caches/modules-2/files-2.1/org.springframework.data/spring-data-commons/1.11.0.RELEASE/935cd4ab0a1a07358d7f0c9c808f9113dc177bd8/spring-data-commons-1.11.0.RELEASE.jar!/org/springframework/data/repository/support/DomainClassConverter$ToIdConverter.class]
2016-04-27 17:58:10.956 TRACE 37359 --- [    Test worker] ssPathScanningCandidateComponentProvider : Ignored because not matching any filter: URL [jar:file:/Users/yjayaraman/.gradle/caches/modules-2/files-2.1/org.springframework.data/spring-data-commons/1.11.0.RELEASE/935cd4ab0a1a07358d7f0c9c808f9113dc177bd8/spring-data-commons-1.11.0.RELEASE.jar!/org/springframework/data/repository/support/DomainClassConverter$ToIdConverter.class]
2016-04-27 17:58:10.956 TRACE 37359 --- [    Test worker] ssPathScanningCandidateComponentProvider : Scanning URL [jar:file:/Users/yjayaraman/.gradle/caches/modules-2/files-2.1/org.springframework.data/spring-data-commons/1.11.0.RELEASE/935cd4ab0a1a07358d7f0c9c808f9113dc177bd8/spring-data-commons-1.11.0.RELEASE.jar!/org/springframework/data/repository/support/Repositories$EmptyRepositoryFactoryInformation.class]
2016-04-27 17:58:10.956 TRACE 37359 --- [    Test worker] ssPathScanningCandidateComponentProvider : Ignored because not matching any filter: URL [jar:file:/Users/yjayaraman/.gradle/caches/modules-2/files-2.1/org.springframework.data/spring-data-commons/1.11.0.RELEASE/935cd4ab0a1a07358d7f0c9c808f9113dc177bd8/spring-data-commons-1.11.0.RELEASE.jar!/org/springframework/data/repository/support/Repositories$EmptyRepositoryFactoryInformation.class]
2016-04-27 17:58:10.956 TRACE 37359 --- [    Test worker] ssPathScanningCandidateComponentProvider : Scanning URL [jar:file:/Users/yjayaraman/.gradle/caches/modules-2/files-2.1/org.springframework.data/spring-data-commons/1.11.0.RELEASE/935cd4ab0a1a07358d7f0c9c808f9113dc177bd8/spring-data-commons-1.11.0.RELEASE.jar!/org/springframework/data/repository/support/PagingAndSortingRepositoryInvoker.class]
2016-04-27 17:58:10.957 TRACE 37359 --- [    Test worker] ssPathScanningCandidateComponentProvider : Ignored because not matching any filter: URL [jar:file:/Users/yjayaraman/.gradle/caches/modules-2/files-2.1/org.springframework.data/spring-data-commons/1.11.0.RELEASE/935cd4ab0a1a07358d7f0c9c808f9113dc177bd8/spring-data-commons-1.11.0.RELEASE.jar!/org/springframework/data/repository/support/PagingAndSortingRepositoryInvoker.class]
2016-04-27 17:58:10.957 TRACE 37359 --- [    Test worker] ssPathScanningCandidateComponentProvider : Scanning URL [jar:file:/Users/yjayaraman/.gradle/caches/modules-2/files-2.1/org.springframework.data/spring-data-commons/1.11.0.RELEASE/935cd4ab0a1a07358d7f0c9c808f9113dc177bd8/spring-data-commons-1.11.0.RELEASE.jar!/org/springframework/data/repository/support/QueryMethodParameterConversionException.class]
2016-04-27 17:58:10.957 TRACE 37359 --- [    Test worker] ssPathScanningCandidateComponentProvider : Ignored because not matching any filter: URL [jar:file:/Users/yjayaraman/.gradle/caches/modules-2/files-2.1/org.springframework.data/spring-data-commons/1.11.0.RELEASE/935cd4ab0a1a07358d7f0c9c808f9113dc177bd8/spring-data-commons-1.11.0.RELEASE.jar!/org/springframework/data/repository/support/QueryMethodParameterConversionException.class]
2016-04-27 17:58:10.957 TRACE 37359 --- [    Test worker] ssPathScanningCandidateComponentProvider : Scanning URL [jar:file:/Users/yjayaraman/.gradle/caches/modules-2/files-2.1/org.springframework.data/spring-data-commons/1.11.0.RELEASE/935cd4ab0a1a07358d7f0c9c808f9113dc177bd8/spring-data-commons-1.11.0.RELEASE.jar!/org/springframework/data/repository/support/MethodParameters.class]
2016-04-27 17:58:10.957 TRACE 37359 --- [    Test worker] ssPathScanningCandidateComponentProvider : Ignored because not matching any filter: URL [jar:file:/Users/yjayaraman/.gradle/caches/modules-2/files-2.1/org.springframework.data/spring-data-commons/1.11.0.RELEASE/935cd4ab0a1a07358d7f0c9c808f9113dc177bd8/spring-data-commons-1.11.0.RELEASE.jar!/org/springframework/data/repository/support/MethodParameters.class]
2016-04-27 17:58:10.957 TRACE 37359 --- [    Test worker] ssPathScanningCandidateComponentProvider : Scanning URL [jar:file:/Users/yjayaraman/.gradle/caches/modules-2/files-2.1/org.springframework.data/spring-data-commons/1.11.0.RELEASE/935cd4ab0a1a07358d7f0c9c808f9113dc177bd8/spring-data-commons-1.11.0.RELEASE.jar!/org/springframework/data/repository/support/RepositoryInvoker.class]
2016-04-27 17:58:10.957 TRACE 37359 --- [    Test worker] ssPathScanningCandidateComponentProvider : Ignored because not matching any filter: URL [jar:file:/Users/yjayaraman/.gradle/caches/modules-2/files-2.1/org.springframework.data/spring-data-commons/1.11.0.RELEASE/935cd4ab0a1a07358d7f0c9c808f9113dc177bd8/spring-data-commons-1.11.0.RELEASE.jar!/org/springframework/data/repository/support/RepositoryInvoker.class]
2016-04-27 17:58:10.957 TRACE 37359 --- [    Test worker] ssPathScanningCandidateComponentProvider : Scanning URL [jar:file:/Users/yjayaraman/.gradle/caches/modules-2/files-2.1/org.springframework.data/spring-data-commons/1.11.0.RELEASE/935cd4ab0a1a07358d7f0c9c808f9113dc177bd8/spring-data-commons-1.11.0.RELEASE.jar!/org/springframework/data/repository/support/RepositoryInvokerFactory.class]
2016-04-27 17:58:10.957 TRACE 37359 --- [    Test worker] ssPathScanningCandidateComponentProvider : Ignored because not matching any filter: URL [jar:file:/Users/yjayaraman/.gradle/caches/modules-2/files-2.1/org.springframework.data/spring-data-commons/1.11.0.RELEASE/935cd4ab0a1a07358d7f0c9c808f9113dc177bd8/spring-data-commons-1.11.0.RELEASE.jar!/org/springframework/data/repository/support/RepositoryInvokerFactory.class]
2016-04-27 17:58:10.957 TRACE 37359 --- [    Test worker] ssPathScanningCandidateComponentProvider : Scanning URL [jar:file:/Users/yjayaraman/.gradle/caches/modules-2/files-2.1/org.springframework.data/spring-data-commons/1.11.0.RELEASE/935cd4ab0a1a07358d7f0c9c808f9113dc177bd8/spring-data-commons-1.11.0.RELEASE.jar!/org/springframework/data/repository/support/DomainClassPropertyEditorRegistrar.class]
2016-04-27 17:58:10.957 TRACE 37359 --- [    Test worker] ssPathScanningCandidateComponentProvider : Ignored because not matching any filter: URL [jar:file:/Users/yjayaraman/.gradle/caches/modules-2/files-2.1/org.springframework.data/spring-data-commons/1.11.0.RELEASE/935cd4ab0a1a07358d7f0c9c808f9113dc177bd8/spring-data-commons-1.11.0.RELEASE.jar!/org/springframework/data/repository/support/DomainClassPropertyEditorRegistrar.class]
2016-04-27 17:58:10.957 TRACE 37359 --- [    Test worker] ssPathScanningCandidateComponentProvider : Scanning URL [jar:file:/Users/yjayaraman/.gradle/caches/modules-2/files-2.1/org.springframework.data/spring-data-commons/1.11.0.RELEASE/935cd4ab0a1a07358d7f0c9c808f9113dc177bd8/spring-data-commons-1.11.0.RELEASE.jar!/org/springframework/data/repository/support/AnnotationAttribute.class]
2016-04-27 17:58:10.957 TRACE 37359 --- [    Test worker] ssPathScanningCandidateComponentProvider : Ignored because not matching any filter: URL [jar:file:/Users/yjayaraman/.gradle/caches/modules-2/files-2.1/org.springframework.data/spring-data-commons/1.11.0.RELEASE/935cd4ab0a1a07358d7f0c9c808f9113dc177bd8/spring-data-commons-1.11.0.RELEASE.jar!/org/springframework/data/repository/support/AnnotationAttribute.class]
2016-04-27 17:58:10.957 TRACE 37359 --- [    Test worker] ssPathScanningCandidateComponentProvider : Scanning URL [jar:file:/Users/yjayaraman/.gradle/caches/modules-2/files-2.1/org.springframework.data/spring-data-commons/1.11.0.RELEASE/935cd4ab0a1a07358d7f0c9c808f9113dc177bd8/spring-data-commons-1.11.0.RELEASE.jar!/org/springframework/data/repository/support/DefaultRepositoryInvokerFactory.class]
2016-04-27 17:58:10.958 TRACE 37359 --- [    Test worker] ssPathScanningCandidateComponentProvider : Ignored because not matching any filter: URL [jar:file:/Users/yjayaraman/.gradle/caches/modules-2/files-2.1/org.springframework.data/spring-data-commons/1.11.0.RELEASE/935cd4ab0a1a07358d7f0c9c808f9113dc177bd8/spring-data-commons-1.11.0.RELEASE.jar!/org/springframework/data/repository/support/DefaultRepositoryInvokerFactory.class]
2016-04-27 17:58:10.958 TRACE 37359 --- [    Test worker] ssPathScanningCandidateComponentProvider : Scanning URL [jar:file:/Users/yjayaraman/.gradle/caches/modules-2/files-2.1/org.springframework.data/spring-data-commons/1.11.0.RELEASE/935cd4ab0a1a07358d7f0c9c808f9113dc177bd8/spring-data-commons-1.11.0.RELEASE.jar!/org/springframework/data/repository/support/MethodParameters$AnnotationNamingMethodParameter.class]
2016-04-27 17:58:10.958 TRACE 37359 --- [    Test worker] ssPathScanningCandidateComponentProvider : Ignored because not matching any filter: URL [jar:file:/Users/yjayaraman/.gradle/caches/modules-2/files-2.1/org.springframework.data/spring-data-commons/1.11.0.RELEASE/935cd4ab0a1a07358d7f0c9c808f9113dc177bd8/spring-data-commons-1.11.0.RELEASE.jar!/org/springframework/data/repository/support/MethodParameters$AnnotationNamingMethodParameter.class]
2016-04-27 17:58:10.958 TRACE 37359 --- [    Test worker] ssPathScanningCandidateComponentProvider : Scanning URL [jar:file:/Users/yjayaraman/.gradle/caches/modules-2/files-2.1/org.springframework.data/spring-data-commons/1.11.0.RELEASE/935cd4ab0a1a07358d7f0c9c808f9113dc177bd8/spring-data-commons-1.11.0.RELEASE.jar!/org/springframework/data/repository/support/CrudRepositoryInvoker.class]
2016-04-27 17:58:10.958 TRACE 37359 --- [    Test worker] ssPathScanningCandidateComponentProvider : Ignored because not matching any filter: URL [jar:file:/Users/yjayaraman/.gradle/caches/modules-2/files-2.1/org.springframework.data/spring-data-commons/1.11.0.RELEASE/935cd4ab0a1a07358d7f0c9c808f9113dc177bd8/spring-data-commons-1.11.0.RELEASE.jar!/org/springframework/data/repository/support/CrudRepositoryInvoker.class]
2016-04-27 17:58:10.958 TRACE 37359 --- [    Test worker] ssPathScanningCandidateComponentProvider : Scanning URL [jar:file:/Users/yjayaraman/.gradle/caches/modules-2/files-2.1/org.springframework.data/spring-data-commons/1.11.0.RELEASE/935cd4ab0a1a07358d7f0c9c808f9113dc177bd8/spring-data-commons-1.11.0.RELEASE.jar!/org/springframework/data/repository/support/Repositories.class]
2016-04-27 17:58:10.958 TRACE 37359 --- [    Test worker] ssPathScanningCandidateComponentProvider : Ignored because not matching any filter: URL [jar:file:/Users/yjayaraman/.gradle/caches/modules-2/files-2.1/org.springframework.data/spring-data-commons/1.11.0.RELEASE/935cd4ab0a1a07358d7f0c9c808f9113dc177bd8/spring-data-commons-1.11.0.RELEASE.jar!/org/springframework/data/repository/support/Repositories.class]
2016-04-27 17:58:10.958 TRACE 37359 --- [    Test worker] ssPathScanningCandidateComponentProvider : Scanning URL [jar:file:/Users/yjayaraman/.gradle/caches/modules-2/files-2.1/org.springframework.data/spring-data-commons/1.11.0.RELEASE/935cd4ab0a1a07358d7f0c9c808f9113dc177bd8/spring-data-commons-1.11.0.RELEASE.jar!/org/springframework/data/repository/support/DomainClassConverter$ToEntityConverter.class]
2016-04-27 17:58:10.958 TRACE 37359 --- [    Test worker] ssPathScanningCandidateComponentProvider : Ignored because not matching any filter: URL [jar:file:/Users/yjayaraman/.gradle/caches/modules-2/files-2.1/org.springframework.data/spring-data-commons/1.11.0.RELEASE/935cd4ab0a1a07358d7f0c9c808f9113dc177bd8/spring-data-commons-1.11.0.RELEASE.jar!/org/springframework/data/repository/support/DomainClassConverter$ToEntityConverter.class]
2016-04-27 17:58:10.958 TRACE 37359 --- [    Test worker] ssPathScanningCandidateComponentProvider : Scanning URL [jar:file:/Users/yjayaraman/.gradle/caches/modules-2/files-2.1/org.springframework.data/spring-data-commons/1.11.0.RELEASE/935cd4ab0a1a07358d7f0c9c808f9113dc177bd8/spring-data-commons-1.11.0.RELEASE.jar!/org/springframework/data/repository/support/ReflectionRepositoryInvoker.class]
2016-04-27 17:58:10.958 TRACE 37359 --- [    Test worker] ssPathScanningCandidateComponentProvider : Ignored because not matching any filter: URL [jar:file:/Users/yjayaraman/.gradle/caches/modules-2/files-2.1/org.springframework.data/spring-data-commons/1.11.0.RELEASE/935cd4ab0a1a07358d7f0c9c808f9113dc177bd8/spring-data-commons-1.11.0.RELEASE.jar!/org/springframework/data/repository/support/ReflectionRepositoryInvoker.class]
2016-04-27 17:58:10.958 TRACE 37359 --- [    Test worker] ssPathScanningCandidateComponentProvider : Scanning URL [jar:file:/Users/yjayaraman/.gradle/caches/modules-2/files-2.1/org.springframework.data/spring-data-commons/1.11.0.RELEASE/935cd4ab0a1a07358d7f0c9c808f9113dc177bd8/spring-data-commons-1.11.0.RELEASE.jar!/org/springframework/data/repository/support/DomainClassPropertyEditor.class]
2016-04-27 17:58:10.958 TRACE 37359 --- [    Test worker] ssPathScanningCandidateComponentProvider : Ignored because not matching any filter: URL [jar:file:/Users/yjayaraman/.gradle/caches/modules-2/files-2.1/org.springframework.data/spring-data-commons/1.11.0.RELEASE/935cd4ab0a1a07358d7f0c9c808f9113dc177bd8/spring-data-commons-1.11.0.RELEASE.jar!/org/springframework/data/repository/support/DomainClassPropertyEditor.class]
2016-04-27 17:58:10.958 TRACE 37359 --- [    Test worker] ssPathScanningCandidateComponentProvider : Scanning URL [jar:file:/Users/yjayaraman/.gradle/caches/modules-2/files-2.1/org.springframework.data/spring-data-commons/1.11.0.RELEASE/935cd4ab0a1a07358d7f0c9c808f9113dc177bd8/spring-data-commons-1.11.0.RELEASE.jar!/org/springframework/data/repository/support/DomainClassConverter.class]
2016-04-27 17:58:10.959 TRACE 37359 --- [    Test worker] ssPathScanningCandidateComponentProvider : Ignored because not matching any filter: URL [jar:file:/Users/yjayaraman/.gradle/caches/modules-2/files-2.1/org.springframework.data/spring-data-commons/1.11.0.RELEASE/935cd4ab0a1a07358d7f0c9c808f9113dc177bd8/spring-data-commons-1.11.0.RELEASE.jar!/org/springframework/data/repository/support/DomainClassConverter.class]
2016-04-27 17:58:10.959 TRACE 37359 --- [    Test worker] ssPathScanningCandidateComponentProvider : Scanning URL [jar:file:/Users/yjayaraman/.gradle/caches/modules-2/files-2.1/org.springframework.data/spring-data-commons/1.11.0.RELEASE/935cd4ab0a1a07358d7f0c9c808f9113dc177bd8/spring-data-commons-1.11.0.RELEASE.jar!/org/springframework/data/repository/support/DomainClassConverter$1.class]
2016-04-27 17:58:10.959 TRACE 37359 --- [    Test worker] ssPathScanningCandidateComponentProvider : Ignored because not matching any filter: URL [jar:file:/Users/yjayaraman/.gradle/caches/modules-2/files-2.1/org.springframework.data/spring-data-commons/1.11.0.RELEASE/935cd4ab0a1a07358d7f0c9c808f9113dc177bd8/spring-data-commons-1.11.0.RELEASE.jar!/org/springframework/data/repository/support/DomainClassConverter$1.class]
2016-04-27 17:58:10.959 TRACE 37359 --- [    Test worker] ssPathScanningCandidateComponentProvider : Scanning URL [jar:file:/Users/yjayaraman/.gradle/caches/modules-2/files-2.1/org.springframework.data/spring-data-commons/1.11.0.RELEASE/935cd4ab0a1a07358d7f0c9c808f9113dc177bd8/spring-data-commons-1.11.0.RELEASE.jar!/org/springframework/data/repository/support/RepositoryInvocationInformation.class]
2016-04-27 17:58:10.959 TRACE 37359 --- [    Test worker] ssPathScanningCandidateComponentProvider : Ignored because not matching any filter: URL [jar:file:/Users/yjayaraman/.gradle/caches/modules-2/files-2.1/org.springframework.data/spring-data-commons/1.11.0.RELEASE/935cd4ab0a1a07358d7f0c9c808f9113dc177bd8/spring-data-commons-1.11.0.RELEASE.jar!/org/springframework/data/repository/support/RepositoryInvocationInformation.class]
2016-04-27 17:58:10.959 TRACE 37359 --- [    Test worker] ssPathScanningCandidateComponentProvider : Scanning URL [jar:file:/Users/yjayaraman/.gradle/caches/modules-2/files-2.1/org.springframework.data/spring-data-commons/1.11.0.RELEASE/935cd4ab0a1a07358d7f0c9c808f9113dc177bd8/spring-data-commons-1.11.0.RELEASE.jar!/org/springframework/data/repository/core/NamedQueries.class]
2016-04-27 17:58:10.959 TRACE 37359 --- [    Test worker] ssPathScanningCandidateComponentProvider : Ignored because not matching any filter: URL [jar:file:/Users/yjayaraman/.gradle/caches/modules-2/files-2.1/org.springframework.data/spring-data-commons/1.11.0.RELEASE/935cd4ab0a1a07358d7f0c9c808f9113dc177bd8/spring-data-commons-1.11.0.RELEASE.jar!/org/springframework/data/repository/core/NamedQueries.class]
2016-04-27 17:58:10.959 TRACE 37359 --- [    Test worker] ssPathScanningCandidateComponentProvider : Scanning URL [jar:file:/Users/yjayaraman/.gradle/caches/modules-2/files-2.1/org.springframework.data/spring-data-commons/1.11.0.RELEASE/935cd4ab0a1a07358d7f0c9c808f9113dc177bd8/spring-data-commons-1.11.0.RELEASE.jar!/org/springframework/data/repository/core/RepositoryInformation.class]
2016-04-27 17:58:10.959 TRACE 37359 --- [    Test worker] ssPathScanningCandidateComponentProvider : Ignored because not matching any filter: URL [jar:file:/Users/yjayaraman/.gradle/caches/modules-2/files-2.1/org.springframework.data/spring-data-commons/1.11.0.RELEASE/935cd4ab0a1a07358d7f0c9c808f9113dc177bd8/spring-data-commons-1.11.0.RELEASE.jar!/org/springframework/data/repository/core/RepositoryInformation.class]
2016-04-27 17:58:10.959 TRACE 37359 --- [    Test worker] ssPathScanningCandidateComponentProvider : Scanning URL [jar:file:/Users/yjayaraman/.gradle/caches/modules-2/files-2.1/org.springframework.data/spring-data-commons/1.11.0.RELEASE/935cd4ab0a1a07358d7f0c9c808f9113dc177bd8/spring-data-commons-1.11.0.RELEASE.jar!/org/springframework/data/repository/core/EntityMetadata.class]
2016-04-27 17:58:10.959 TRACE 37359 --- [    Test worker] ssPathScanningCandidateComponentProvider : Ignored because not matching any filter: URL [jar:file:/Users/yjayaraman/.gradle/caches/modules-2/files-2.1/org.springframework.data/spring-data-commons/1.11.0.RELEASE/935cd4ab0a1a07358d7f0c9c808f9113dc177bd8/spring-data-commons-1.11.0.RELEASE.jar!/org/springframework/data/repository/core/EntityMetadata.class]
2016-04-27 17:58:10.959 TRACE 37359 --- [    Test worker] ssPathScanningCandidateComponentProvider : Scanning URL [jar:file:/Users/yjayaraman/.gradle/caches/modules-2/files-2.1/org.springframework.data/spring-data-commons/1.11.0.RELEASE/935cd4ab0a1a07358d7f0c9c808f9113dc177bd8/spring-data-commons-1.11.0.RELEASE.jar!/org/springframework/data/repository/core/EntityInformation.class]
2016-04-27 17:58:10.959 TRACE 37359 --- [    Test worker] ssPathScanningCandidateComponentProvider : Ignored because not matching any filter: URL [jar:file:/Users/yjayaraman/.gradle/caches/modules-2/files-2.1/org.springframework.data/spring-data-commons/1.11.0.RELEASE/935cd4ab0a1a07358d7f0c9c808f9113dc177bd8/spring-data-commons-1.11.0.RELEASE.jar!/org/springframework/data/repository/core/EntityInformation.class]
2016-04-27 17:58:10.959 TRACE 37359 --- [    Test worker] ssPathScanningCandidateComponentProvider : Scanning URL [jar:file:/Users/yjayaraman/.gradle/caches/modules-2/files-2.1/org.springframework.data/spring-data-commons/1.11.0.RELEASE/935cd4ab0a1a07358d7f0c9c808f9113dc177bd8/spring-data-commons-1.11.0.RELEASE.jar!/org/springframework/data/repository/core/support/DefaultCrudMethods.class]
2016-04-27 17:58:10.959 TRACE 37359 --- [    Test worker] ssPathScanningCandidateComponentProvider : Ignored because not matching any filter: URL [jar:file:/Users/yjayaraman/.gradle/caches/modules-2/files-2.1/org.springframework.data/spring-data-commons/1.11.0.RELEASE/935cd4ab0a1a07358d7f0c9c808f9113dc177bd8/spring-data-commons-1.11.0.RELEASE.jar!/org/springframework/data/repository/core/support/DefaultCrudMethods.class]
2016-04-27 17:58:10.960 TRACE 37359 --- [    Test worker] ssPathScanningCandidateComponentProvider : Scanning URL [jar:file:/Users/yjayaraman/.gradle/caches/modules-2/files-2.1/org.springframework.data/spring-data-commons/1.11.0.RELEASE/935cd4ab0a1a07358d7f0c9c808f9113dc177bd8/spring-data-commons-1.11.0.RELEASE.jar!/org/springframework/data/repository/core/support/TransactionalRepositoryProxyPostProcessor$AbstractFallbackTransactionAttributeSource.class]
2016-04-27 17:58:10.960 TRACE 37359 --- [    Test worker] ssPathScanningCandidateComponentProvider : Ignored because not matching any filter: URL [jar:file:/Users/yjayaraman/.gradle/caches/modules-2/files-2.1/org.springframework.data/spring-data-commons/1.11.0.RELEASE/935cd4ab0a1a07358d7f0c9c808f9113dc177bd8/spring-data-commons-1.11.0.RELEASE.jar!/org/springframework/data/repository/core/support/TransactionalRepositoryProxyPostProcessor$AbstractFallbackTransactionAttributeSource.class]
2016-04-27 17:58:10.960 TRACE 37359 --- [    Test worker] ssPathScanningCandidateComponentProvider : Scanning URL [jar:file:/Users/yjayaraman/.gradle/caches/modules-2/files-2.1/org.springframework.data/spring-data-commons/1.11.0.RELEASE/935cd4ab0a1a07358d7f0c9c808f9113dc177bd8/spring-data-commons-1.11.0.RELEASE.jar!/org/springframework/data/repository/core/support/PersistentEntityInformation.class]
2016-04-27 17:58:10.960 TRACE 37359 --- [    Test worker] ssPathScanningCandidateComponentProvider : Ignored because not matching any filter: URL [jar:file:/Users/yjayaraman/.gradle/caches/modules-2/files-2.1/org.springframework.data/spring-data-commons/1.11.0.RELEASE/935cd4ab0a1a07358d7f0c9c808f9113dc177bd8/spring-data-commons-1.11.0.RELEASE.jar!/org/springframework/data/repository/core/support/PersistentEntityInformation.class]
2016-04-27 17:58:10.960 TRACE 37359 --- [    Test worker] ssPathScanningCandidateComponentProvider : Scanning URL [jar:file:/Users/yjayaraman/.gradle/caches/modules-2/files-2.1/org.springframework.data/spring-data-commons/1.11.0.RELEASE/935cd4ab0a1a07358d7f0c9c808f9113dc177bd8/spring-data-commons-1.11.0.RELEASE.jar!/org/springframework/data/repository/core/support/RepositoryFactorySupport$QueryExecutorMethodInterceptor.class]
2016-04-27 17:58:10.960 TRACE 37359 --- [    Test worker] ssPathScanningCandidateComponentProvider : Ignored because not matching any filter: URL [jar:file:/Users/yjayaraman/.gradle/caches/modules-2/files-2.1/org.springframework.data/spring-data-commons/1.11.0.RELEASE/935cd4ab0a1a07358d7f0c9c808f9113dc177bd8/spring-data-commons-1.11.0.RELEASE.jar!/org/springframework/data/repository/core/support/RepositoryFactorySupport$QueryExecutorMethodInterceptor.class]
2016-04-27 17:58:10.960 TRACE 37359 --- [    Test worker] ssPathScanningCandidateComponentProvider : Scanning URL [jar:file:/Users/yjayaraman/.gradle/caches/modules-2/files-2.1/org.springframework.data/spring-data-commons/1.11.0.RELEASE/935cd4ab0a1a07358d7f0c9c808f9113dc177bd8/spring-data-commons-1.11.0.RELEASE.jar!/org/springframework/data/repository/core/support/DefaultRepositoryMetadata.class]
2016-04-27 17:58:10.960 TRACE 37359 --- [    Test worker] ssPathScanningCandidateComponentProvider : Ignored because not matching any filter: URL [jar:file:/Users/yjayaraman/.gradle/caches/modules-2/files-2.1/org.springframework.data/spring-data-commons/1.11.0.RELEASE/935cd4ab0a1a07358d7f0c9c808f9113dc177bd8/spring-data-commons-1.11.0.RELEASE.jar!/org/springframework/data/repository/core/support/DefaultRepositoryMetadata.class]
2016-04-27 17:58:10.960 TRACE 37359 --- [    Test worker] ssPathScanningCandidateComponentProvider : Scanning URL [jar:file:/Users/yjayaraman/.gradle/caches/modules-2/files-2.1/org.springframework.data/spring-data-commons/1.11.0.RELEASE/935cd4ab0a1a07358d7f0c9c808f9113dc177bd8/spring-data-commons-1.11.0.RELEASE.jar!/org/springframework/data/repository/core/support/QueryExecutionResultHandler.class]
2016-04-27 17:58:10.960 TRACE 37359 --- [    Test worker] ssPathScanningCandidateComponentProvider : Ignored because not matching any filter: URL [jar:file:/Users/yjayaraman/.gradle/caches/modules-2/files-2.1/org.springframework.data/spring-data-commons/1.11.0.RELEASE/935cd4ab0a1a07358d7f0c9c808f9113dc177bd8/spring-data-commons-1.11.0.RELEASE.jar!/org/springframework/data/repository/core/support/QueryExecutionResultHandler.class]
2016-04-27 17:58:10.960 TRACE 37359 --- [    Test worker] ssPathScanningCandidateComponentProvider : Scanning URL [jar:file:/Users/yjayaraman/.gradle/caches/modules-2/files-2.1/org.springframework.data/spring-data-commons/1.11.0.RELEASE/935cd4ab0a1a07358d7f0c9c808f9113dc177bd8/spring-data-commons-1.11.0.RELEASE.jar!/org/springframework/data/repository/core/support/ReflectionEntityInformation.class]
2016-04-27 17:58:10.960 TRACE 37359 --- [    Test worker] ssPathScanningCandidateComponentProvider : Ignored because not matching any filter: URL [jar:file:/Users/yjayaraman/.gradle/caches/modules-2/files-2.1/org.springframework.data/spring-data-commons/1.11.0.RELEASE/935cd4ab0a1a07358d7f0c9c808f9113dc177bd8/spring-data-commons-1.11.0.RELEASE.jar!/org/springframework/data/repository/core/support/ReflectionEntityInformation.class]
2016-04-27 17:58:10.960 TRACE 37359 --- [    Test worker] ssPathScanningCandidateComponentProvider : Scanning URL [jar:file:/Users/yjayaraman/.gradle/caches/modules-2/files-2.1/org.springframework.data/spring-data-commons/1.11.0.RELEASE/935cd4ab0a1a07358d7f0c9c808f9113dc177bd8/spring-data-commons-1.11.0.RELEASE.jar!/org/springframework/data/repository/core/support/RepositoryFactorySupport$1.class]
2016-04-27 17:58:10.961 TRACE 37359 --- [    Test worker] ssPathScanningCandidateComponentProvider : Ignored because not matching any filter: URL [jar:file:/Users/yjayaraman/.gradle/caches/modules-2/files-2.1/org.springframework.data/spring-data-commons/1.11.0.RELEASE/935cd4ab0a1a07358d7f0c9c808f9113dc177bd8/spring-data-commons-1.11.0.RELEASE.jar!/org/springframework/data/repository/core/support/RepositoryFactorySupport$1.class]
2016-04-27 17:58:10.961 TRACE 37359 --- [    Test worker] ssPathScanningCandidateComponentProvider : Scanning URL [jar:file:/Users/yjayaraman/.gradle/caches/modules-2/files-2.1/org.springframework.data/spring-data-commons/1.11.0.RELEASE/935cd4ab0a1a07358d7f0c9c808f9113dc177bd8/spring-data-commons-1.11.0.RELEASE.jar!/org/springframework/data/repository/core/support/RepositoryFactorySupport$QueryCollectingQueryCreationListener.class]
2016-04-27 17:58:10.961 TRACE 37359 --- [    Test worker] ssPathScanningCandidateComponentProvider : Ignored because not matching any filter: URL [jar:file:/Users/yjayaraman/.gradle/caches/modules-2/files-2.1/org.springframework.data/spring-data-commons/1.11.0.RELEASE/935cd4ab0a1a07358d7f0c9c808f9113dc177bd8/spring-data-commons-1.11.0.RELEASE.jar!/org/springframework/data/repository/core/support/RepositoryFactorySupport$QueryCollectingQueryCreationListener.class]
2016-04-27 17:58:10.961 TRACE 37359 --- [    Test worker] ssPathScanningCandidateComponentProvider : Scanning URL [jar:file:/Users/yjayaraman/.gradle/caches/modules-2/files-2.1/org.springframework.data/spring-data-commons/1.11.0.RELEASE/935cd4ab0a1a07358d7f0c9c808f9113dc177bd8/spring-data-commons-1.11.0.RELEASE.jar!/org/springframework/data/repository/core/support/QueryCreationListener.class]
2016-04-27 17:58:10.961 TRACE 37359 --- [    Test worker] ssPathScanningCandidateComponentProvider : Ignored because not matching any filter: URL [jar:file:/Users/yjayaraman/.gradle/caches/modules-2/files-2.1/org.springframework.data/spring-data-commons/1.11.0.RELEASE/935cd4ab0a1a07358d7f0c9c808f9113dc177bd8/spring-data-commons-1.11.0.RELEASE.jar!/org/springframework/data/repository/core/support/QueryCreationListener.class]
2016-04-27 17:58:10.961 TRACE 37359 --- [    Test worker] ssPathScanningCandidateComponentProvider : Scanning URL [jar:file:/Users/yjayaraman/.gradle/caches/modules-2/files-2.1/org.springframework.data/spring-data-commons/1.11.0.RELEASE/935cd4ab0a1a07358d7f0c9c808f9113dc177bd8/spring-data-commons-1.11.0.RELEASE.jar!/org/springframework/data/repository/core/support/PropertiesBasedNamedQueries.class]
2016-04-27 17:58:10.961 TRACE 37359 --- [    Test worker] ssPathScanningCandidateComponentProvider : Ignored because not matching any filter: URL [jar:file:/Users/yjayaraman/.gradle/caches/modules-2/files-2.1/org.springframework.data/spring-data-commons/1.11.0.RELEASE/935cd4ab0a1a07358d7f0c9c808f9113dc177bd8/spring-data-commons-1.11.0.RELEASE.jar!/org/springframework/data/repository/core/support/PropertiesBasedNamedQueries.class]
2016-04-27 17:58:10.961 TRACE 37359 --- [    Test worker] ssPathScanningCandidateComponentProvider : Scanning URL [jar:file:/Users/yjayaraman/.gradle/caches/modules-2/files-2.1/org.springframework.data/spring-data-commons/1.11.0.RELEASE/935cd4ab0a1a07358d7f0c9c808f9113dc177bd8/spring-data-commons-1.11.0.RELEASE.jar!/org/springframework/data/repository/core/support/TransactionalRepositoryProxyPostProcessor$AbstractFallbackTransactionAttributeSource$DefaultCacheKey.class]
2016-04-27 17:58:10.961 TRACE 37359 --- [    Test worker] ssPathScanningCandidateComponentProvider : Ignored because not matching any filter: URL [jar:file:/Users/yjayaraman/.gradle/caches/modules-2/files-2.1/org.springframework.data/spring-data-commons/1.11.0.RELEASE/935cd4ab0a1a07358d7f0c9c808f9113dc177bd8/spring-data-commons-1.11.0.RELEASE.jar!/org/springframework/data/repository/core/support/TransactionalRepositoryProxyPostProcessor$AbstractFallbackTransactionAttributeSource$DefaultCacheKey.class]
2016-04-27 17:58:10.961 TRACE 37359 --- [    Test worker] ssPathScanningCandidateComponentProvider : Scanning URL [jar:file:/Users/yjayaraman/.gradle/caches/modules-2/files-2.1/org.springframework.data/spring-data-commons/1.11.0.RELEASE/935cd4ab0a1a07358d7f0c9c808f9113dc177bd8/spring-data-commons-1.11.0.RELEASE.jar!/org/springframework/data/repository/core/support/AbstractRepositoryMetadata.class]
2016-04-27 17:58:10.961 TRACE 37359 --- [    Test worker] ssPathScanningCandidateComponentProvider : Ignored because not matching any filter: URL [jar:file:/Users/yjayaraman/.gradle/caches/modules-2/files-2.1/org.springframework.data/spring-data-commons/1.11.0.RELEASE/935cd4ab0a1a07358d7f0c9c808f9113dc177bd8/spring-data-commons-1.11.0.RELEASE.jar!/org/springframework/data/repository/core/support/AbstractRepositoryMetadata.class]
2016-04-27 17:58:10.961 TRACE 37359 --- [    Test worker] ssPathScanningCandidateComponentProvider : Scanning URL [jar:file:/Users/yjayaraman/.gradle/caches/modules-2/files-2.1/org.springframework.data/spring-data-commons/1.11.0.RELEASE/935cd4ab0a1a07358d7f0c9c808f9113dc177bd8/spring-data-commons-1.11.0.RELEASE.jar!/org/springframework/data/repository/core/support/DefaultRepositoryInformation.class]
2016-04-27 17:58:10.961 TRACE 37359 --- [    Test worker] ssPathScanningCandidateComponentProvider : Ignored because not matching any filter: URL [jar:file:/Users/yjayaraman/.gradle/caches/modules-2/files-2.1/org.springframework.data/spring-data-commons/1.11.0.RELEASE/935cd4ab0a1a07358d7f0c9c808f9113dc177bd8/spring-data-commons-1.11.0.RELEASE.jar!/org/springframework/data/repository/core/support/DefaultRepositoryInformation.class]
2016-04-27 17:58:10.961 TRACE 37359 --- [    Test worker] ssPathScanningCandidateComponentProvider : Scanning URL [jar:file:/Users/yjayaraman/.gradle/caches/modules-2/files-2.1/org.springframework.data/spring-data-commons/1.11.0.RELEASE/935cd4ab0a1a07358d7f0c9c808f9113dc177bd8/spring-data-commons-1.11.0.RELEASE.jar!/org/springframework/data/repository/core/support/TransactionalRepositoryProxyPostProcessor$CustomAnnotationTransactionAttributeSource.class]
2016-04-27 17:58:10.962 TRACE 37359 --- [    Test worker] ssPathScanningCandidateComponentProvider : Ignored because not matching any filter: URL [jar:file:/Users/yjayaraman/.gradle/caches/modules-2/files-2.1/org.springframework.data/spring-data-commons/1.11.0.RELEASE/935cd4ab0a1a07358d7f0c9c808f9113dc177bd8/spring-data-commons-1.11.0.RELEASE.jar!/org/springframework/data/repository/core/support/TransactionalRepositoryProxyPostProcessor$CustomAnnotationTransactionAttributeSource.class]
2016-04-27 17:58:10.962 TRACE 37359 --- [    Test worker] ssPathScanningCandidateComponentProvider : Scanning URL [jar:file:/Users/yjayaraman/.gradle/caches/modules-2/files-2.1/org.springframework.data/spring-data-commons/1.11.0.RELEASE/935cd4ab0a1a07358d7f0c9c808f9113dc177bd8/spring-data-commons-1.11.0.RELEASE.jar!/org/springframework/data/repository/core/support/RepositoryFactorySupport.class]
2016-04-27 17:58:10.962 TRACE 37359 --- [    Test worker] ssPathScanningCandidateComponentProvider : Ignored because not matching any filter: URL [jar:file:/Users/yjayaraman/.gradle/caches/modules-2/files-2.1/org.springframework.data/spring-data-commons/1.11.0.RELEASE/935cd4ab0a1a07358d7f0c9c808f9113dc177bd8/spring-data-commons-1.11.0.RELEASE.jar!/org/springframework/data/repository/core/support/RepositoryFactorySupport.class]
2016-04-27 17:58:10.962 TRACE 37359 --- [    Test worker] ssPathScanningCandidateComponentProvider : Scanning URL [jar:file:/Users/yjayaraman/.gradle/caches/modules-2/files-2.1/org.springframework.data/spring-data-commons/1.11.0.RELEASE/935cd4ab0a1a07358d7f0c9c808f9113dc177bd8/spring-data-commons-1.11.0.RELEASE.jar!/org/springframework/data/repository/core/support/RepositoryInterfaceAwareBeanPostProcessor.class]
2016-04-27 17:58:10.962 TRACE 37359 --- [    Test worker] ssPathScanningCandidateComponentProvider : Ignored because not matching any filter: URL [jar:file:/Users/yjayaraman/.gradle/caches/modules-2/files-2.1/org.springframework.data/spring-data-commons/1.11.0.RELEASE/935cd4ab0a1a07358d7f0c9c808f9113dc177bd8/spring-data-commons-1.11.0.RELEASE.jar!/org/springframework/data/repository/core/support/RepositoryInterfaceAwareBeanPostProcessor.class]
2016-04-27 17:58:10.962 TRACE 37359 --- [    Test worker] ssPathScanningCandidateComponentProvider : Scanning URL [jar:file:/Users/yjayaraman/.gradle/caches/modules-2/files-2.1/org.springframework.data/spring-data-commons/1.11.0.RELEASE/935cd4ab0a1a07358d7f0c9c808f9113dc177bd8/spring-data-commons-1.11.0.RELEASE.jar!/org/springframework/data/repository/core/support/PersistableEntityInformation.class]
2016-04-27 17:58:10.962 TRACE 37359 --- [    Test worker] ssPathScanningCandidateComponentProvider : Ignored because not matching any filter: URL [jar:file:/Users/yjayaraman/.gradle/caches/modules-2/files-2.1/org.springframework.data/spring-data-commons/1.11.0.RELEASE/935cd4ab0a1a07358d7f0c9c808f9113dc177bd8/spring-data-commons-1.11.0.RELEASE.jar!/org/springframework/data/repository/core/support/PersistableEntityInformation.class]
2016-04-27 17:58:10.962 TRACE 37359 --- [    Test worker] ssPathScanningCandidateComponentProvider : Scanning URL [jar:file:/Users/yjayaraman/.gradle/caches/modules-2/files-2.1/org.springframework.data/spring-data-commons/1.11.0.RELEASE/935cd4ab0a1a07358d7f0c9c808f9113dc177bd8/spring-data-commons-1.11.0.RELEASE.jar!/org/springframework/data/repository/core/support/PersistenceExceptionTranslationRepositoryProxyPostProcessor.class]
2016-04-27 17:58:10.962 TRACE 37359 --- [    Test worker] ssPathScanningCandidateComponentProvider : Ignored because not matching any filter: URL [jar:file:/Users/yjayaraman/.gradle/caches/modules-2/files-2.1/org.springframework.data/spring-data-commons/1.11.0.RELEASE/935cd4ab0a1a07358d7f0c9c808f9113dc177bd8/spring-data-commons-1.11.0.RELEASE.jar!/org/springframework/data/repository/core/support/PersistenceExceptionTranslationRepositoryProxyPostProcessor.class]
2016-04-27 17:58:10.962 TRACE 37359 --- [    Test worker] ssPathScanningCandidateComponentProvider : Scanning URL [jar:file:/Users/yjayaraman/.gradle/caches/modules-2/files-2.1/org.springframework.data/spring-data-commons/1.11.0.RELEASE/935cd4ab0a1a07358d7f0c9c808f9113dc177bd8/spring-data-commons-1.11.0.RELEASE.jar!/org/springframework/data/repository/core/support/TransactionalRepositoryFactoryBeanSupport.class]
2016-04-27 17:58:10.962 TRACE 37359 --- [    Test worker] ssPathScanningCandidateComponentProvider : Ignored because not matching any filter: URL [jar:file:/Users/yjayaraman/.gradle/caches/modules-2/files-2.1/org.springframework.data/spring-data-commons/1.11.0.RELEASE/935cd4ab0a1a07358d7f0c9c808f9113dc177bd8/spring-data-commons-1.11.0.RELEASE.jar!/org/springframework/data/repository/core/support/TransactionalRepositoryFactoryBeanSupport.class]
2016-04-27 17:58:10.962 TRACE 37359 --- [    Test worker] ssPathScanningCandidateComponentProvider : Scanning URL [jar:file:/Users/yjayaraman/.gradle/caches/modules-2/files-2.1/org.springframework.data/spring-data-commons/1.11.0.RELEASE/935cd4ab0a1a07358d7f0c9c808f9113dc177bd8/spring-data-commons-1.11.0.RELEASE.jar!/org/springframework/data/repository/core/support/RepositoryFactoryBeanSupport.class]
2016-04-27 17:58:10.963 TRACE 37359 --- [    Test worker] ssPathScanningCandidateComponentProvider : Ignored because not matching any filter: URL [jar:file:/Users/yjayaraman/.gradle/caches/modules-2/files-2.1/org.springframework.data/spring-data-commons/1.11.0.RELEASE/935cd4ab0a1a07358d7f0c9c808f9113dc177bd8/spring-data-commons-1.11.0.RELEASE.jar!/org/springframework/data/repository/core/support/RepositoryFactoryBeanSupport.class]
2016-04-27 17:58:10.963 TRACE 37359 --- [    Test worker] ssPathScanningCandidateComponentProvider : Scanning URL [jar:file:/Users/yjayaraman/.gradle/caches/modules-2/files-2.1/org.springframework.data/spring-data-commons/1.11.0.RELEASE/935cd4ab0a1a07358d7f0c9c808f9113dc177bd8/spring-data-commons-1.11.0.RELEASE.jar!/org/springframework/data/repository/core/support/RepositoryFactorySupport$RepositoryInformationCacheKey.class]
2016-04-27 17:58:10.963 TRACE 37359 --- [    Test worker] ssPathScanningCandidateComponentProvider : Ignored because not matching any filter: URL [jar:file:/Users/yjayaraman/.gradle/caches/modules-2/files-2.1/org.springframework.data/spring-data-commons/1.11.0.RELEASE/935cd4ab0a1a07358d7f0c9c808f9113dc177bd8/spring-data-commons-1.11.0.RELEASE.jar!/org/springframework/data/repository/core/support/RepositoryFactorySupport$RepositoryInformationCacheKey.class]
2016-04-27 17:58:10.963 TRACE 37359 --- [    Test worker] ssPathScanningCandidateComponentProvider : Scanning URL [jar:file:/Users/yjayaraman/.gradle/caches/modules-2/files-2.1/org.springframework.data/spring-data-commons/1.11.0.RELEASE/935cd4ab0a1a07358d7f0c9c808f9113dc177bd8/spring-data-commons-1.11.0.RELEASE.jar!/org/springframework/data/repository/core/support/DelegatingEntityInformation.class]
2016-04-27 17:58:10.963 TRACE 37359 --- [    Test worker] ssPathScanningCandidateComponentProvider : Ignored because not matching any filter: URL [jar:file:/Users/yjayaraman/.gradle/caches/modules-2/files-2.1/org.springframework.data/spring-data-commons/1.11.0.RELEASE/935cd4ab0a1a07358d7f0c9c808f9113dc177bd8/spring-data-commons-1.11.0.RELEASE.jar!/org/springframework/data/repository/core/support/DelegatingEntityInformation.class]
2016-04-27 17:58:10.963 TRACE 37359 --- [    Test worker] ssPathScanningCandidateComponentProvider : Scanning URL [jar:file:/Users/yjayaraman/.gradle/caches/modules-2/files-2.1/org.springframework.data/spring-data-commons/1.11.0.RELEASE/935cd4ab0a1a07358d7f0c9c808f9113dc177bd8/spring-data-commons-1.11.0.RELEASE.jar!/org/springframework/data/repository/core/support/ReflectionEntityInformation$1.class]
2016-04-27 17:58:10.963 TRACE 37359 --- [    Test worker] ssPathScanningCandidateComponentProvider : Ignored because not matching any filter: URL [jar:file:/Users/yjayaraman/.gradle/caches/modules-2/files-2.1/org.springframework.data/spring-data-commons/1.11.0.RELEASE/935cd4ab0a1a07358d7f0c9c808f9113dc177bd8/spring-data-commons-1.11.0.RELEASE.jar!/org/springframework/data/repository/core/support/ReflectionEntityInformation$1.class]
2016-04-27 17:58:10.963 TRACE 37359 --- [    Test worker] ssPathScanningCandidateComponentProvider : Scanning URL [jar:file:/Users/yjayaraman/.gradle/caches/modules-2/files-2.1/org.springframework.data/spring-data-commons/1.11.0.RELEASE/935cd4ab0a1a07358d7f0c9c808f9113dc177bd8/spring-data-commons-1.11.0.RELEASE.jar!/org/springframework/data/repository/core/support/RepositoryFactoryInformation.class]
2016-04-27 17:58:10.963 TRACE 37359 --- [    Test worker] ssPathScanningCandidateComponentProvider : Ignored because not matching any filter: URL [jar:file:/Users/yjayaraman/.gradle/caches/modules-2/files-2.1/org.springframework.data/spring-data-commons/1.11.0.RELEASE/935cd4ab0a1a07358d7f0c9c808f9113dc177bd8/spring-data-commons-1.11.0.RELEASE.jar!/org/springframework/data/repository/core/support/RepositoryFactoryInformation.class]
2016-04-27 17:58:10.963 TRACE 37359 --- [    Test worker] ssPathScanningCandidateComponentProvider : Scanning URL [jar:file:/Users/yjayaraman/.gradle/caches/modules-2/files-2.1/org.springframework.data/spring-data-commons/1.11.0.RELEASE/935cd4ab0a1a07358d7f0c9c808f9113dc177bd8/spring-data-commons-1.11.0.RELEASE.jar!/org/springframework/data/repository/core/support/RepositoryProxyPostProcessor.class]
2016-04-27 17:58:10.963 TRACE 37359 --- [    Test worker] ssPathScanningCandidateComponentProvider : Ignored because not matching any filter: URL [jar:file:/Users/yjayaraman/.gradle/caches/modules-2/files-2.1/org.springframework.data/spring-data-commons/1.11.0.RELEASE/935cd4ab0a1a07358d7f0c9c808f9113dc177bd8/spring-data-commons-1.11.0.RELEASE.jar!/org/springframework/data/repository/core/support/RepositoryProxyPostProcessor.class]
2016-04-27 17:58:10.963 TRACE 37359 --- [    Test worker] ssPathScanningCandidateComponentProvider : Scanning URL [jar:file:/Users/yjayaraman/.gradle/caches/modules-2/files-2.1/org.springframework.data/spring-data-commons/1.11.0.RELEASE/935cd4ab0a1a07358d7f0c9c808f9113dc177bd8/spring-data-commons-1.11.0.RELEASE.jar!/org/springframework/data/repository/core/support/AbstractEntityInformation.class]
2016-04-27 17:58:10.963 TRACE 37359 --- [    Test worker] ssPathScanningCandidateComponentProvider : Ignored because not matching any filter: URL [jar:file:/Users/yjayaraman/.gradle/caches/modules-2/files-2.1/org.springframework.data/spring-data-commons/1.11.0.RELEASE/935cd4ab0a1a07358d7f0c9c808f9113dc177bd8/spring-data-commons-1.11.0.RELEASE.jar!/org/springframework/data/repository/core/support/AbstractEntityInformation.class]
2016-04-27 17:58:10.964 TRACE 37359 --- [    Test worker] ssPathScanningCandidateComponentProvider : Scanning URL [jar:file:/Users/yjayaraman/.gradle/caches/modules-2/files-2.1/org.springframework.data/spring-data-commons/1.11.0.RELEASE/935cd4ab0a1a07358d7f0c9c808f9113dc177bd8/spring-data-commons-1.11.0.RELEASE.jar!/org/springframework/data/repository/core/support/AnnotationRepositoryMetadata.class]
2016-04-27 17:58:10.964 TRACE 37359 --- [    Test worker] ssPathScanningCandidateComponentProvider : Ignored because not matching any filter: URL [jar:file:/Users/yjayaraman/.gradle/caches/modules-2/files-2.1/org.springframework.data/spring-data-commons/1.11.0.RELEASE/935cd4ab0a1a07358d7f0c9c808f9113dc177bd8/spring-data-commons-1.11.0.RELEASE.jar!/org/springframework/data/repository/core/support/AnnotationRepositoryMetadata.class]
2016-04-27 17:58:10.964 TRACE 37359 --- [    Test worker] ssPathScanningCandidateComponentProvider : Scanning URL [jar:file:/Users/yjayaraman/.gradle/caches/modules-2/files-2.1/org.springframework.data/spring-data-commons/1.11.0.RELEASE/935cd4ab0a1a07358d7f0c9c808f9113dc177bd8/spring-data-commons-1.11.0.RELEASE.jar!/org/springframework/data/repository/core/support/TransactionalRepositoryProxyPostProcessor.class]
2016-04-27 17:58:10.964 TRACE 37359 --- [    Test worker] ssPathScanningCandidateComponentProvider : Ignored because not matching any filter: URL [jar:file:/Users/yjayaraman/.gradle/caches/modules-2/files-2.1/org.springframework.data/spring-data-commons/1.11.0.RELEASE/935cd4ab0a1a07358d7f0c9c808f9113dc177bd8/spring-data-commons-1.11.0.RELEASE.jar!/org/springframework/data/repository/core/support/TransactionalRepositoryProxyPostProcessor.class]
2016-04-27 17:58:10.964 TRACE 37359 --- [    Test worker] ssPathScanningCandidateComponentProvider : Scanning URL [jar:file:/Users/yjayaraman/.gradle/caches/modules-2/files-2.1/org.springframework.data/spring-data-commons/1.11.0.RELEASE/935cd4ab0a1a07358d7f0c9c808f9113dc177bd8/spring-data-commons-1.11.0.RELEASE.jar!/org/springframework/data/repository/core/CrudMethods.class]
2016-04-27 17:58:10.964 TRACE 37359 --- [    Test worker] ssPathScanningCandidateComponentProvider : Ignored because not matching any filter: URL [jar:file:/Users/yjayaraman/.gradle/caches/modules-2/files-2.1/org.springframework.data/spring-data-commons/1.11.0.RELEASE/935cd4ab0a1a07358d7f0c9c808f9113dc177bd8/spring-data-commons-1.11.0.RELEASE.jar!/org/springframework/data/repository/core/CrudMethods.class]
2016-04-27 17:58:10.964 TRACE 37359 --- [    Test worker] ssPathScanningCandidateComponentProvider : Scanning URL [jar:file:/Users/yjayaraman/.gradle/caches/modules-2/files-2.1/org.springframework.data/spring-data-commons/1.11.0.RELEASE/935cd4ab0a1a07358d7f0c9c808f9113dc177bd8/spring-data-commons-1.11.0.RELEASE.jar!/org/springframework/data/repository/core/RepositoryMetadata.class]
2016-04-27 17:58:10.964 TRACE 37359 --- [    Test worker] ssPathScanningCandidateComponentProvider : Ignored because not matching any filter: URL [jar:file:/Users/yjayaraman/.gradle/caches/modules-2/files-2.1/org.springframework.data/spring-data-commons/1.11.0.RELEASE/935cd4ab0a1a07358d7f0c9c808f9113dc177bd8/spring-data-commons-1.11.0.RELEASE.jar!/org/springframework/data/repository/core/RepositoryMetadata.class]
2016-04-27 17:58:10.964 TRACE 37359 --- [    Test worker] ssPathScanningCandidateComponentProvider : Scanning URL [jar:file:/Users/yjayaraman/.gradle/caches/modules-2/files-2.1/org.springframework.data/spring-data-commons/1.11.0.RELEASE/935cd4ab0a1a07358d7f0c9c808f9113dc177bd8/spring-data-commons-1.11.0.RELEASE.jar!/org/springframework/data/querydsl/EntityPathResolver.class]
2016-04-27 17:58:10.964 TRACE 37359 --- [    Test worker] ssPathScanningCandidateComponentProvider : Ignored because not matching any filter: URL [jar:file:/Users/yjayaraman/.gradle/caches/modules-2/files-2.1/org.springframework.data/spring-data-commons/1.11.0.RELEASE/935cd4ab0a1a07358d7f0c9c808f9113dc177bd8/spring-data-commons-1.11.0.RELEASE.jar!/org/springframework/data/querydsl/EntityPathResolver.class]
2016-04-27 17:58:10.964 TRACE 37359 --- [    Test worker] ssPathScanningCandidateComponentProvider : Scanning URL [jar:file:/Users/yjayaraman/.gradle/caches/modules-2/files-2.1/org.springframework.data/spring-data-commons/1.11.0.RELEASE/935cd4ab0a1a07358d7f0c9c808f9113dc177bd8/spring-data-commons-1.11.0.RELEASE.jar!/org/springframework/data/querydsl/SimpleEntityPathResolver.class]
2016-04-27 17:58:10.964 TRACE 37359 --- [    Test worker] ssPathScanningCandidateComponentProvider : Ignored because not matching any filter: URL [jar:file:/Users/yjayaraman/.gradle/caches/modules-2/files-2.1/org.springframework.data/spring-data-commons/1.11.0.RELEASE/935cd4ab0a1a07358d7f0c9c808f9113dc177bd8/spring-data-commons-1.11.0.RELEASE.jar!/org/springframework/data/querydsl/SimpleEntityPathResolver.class]
2016-04-27 17:58:10.964 TRACE 37359 --- [    Test worker] ssPathScanningCandidateComponentProvider : Scanning URL [jar:file:/Users/yjayaraman/.gradle/caches/modules-2/files-2.1/org.springframework.data/spring-data-commons/1.11.0.RELEASE/935cd4ab0a1a07358d7f0c9c808f9113dc177bd8/spring-data-commons-1.11.0.RELEASE.jar!/org/springframework/data/querydsl/QueryDslUtils.class]
2016-04-27 17:58:10.964 TRACE 37359 --- [    Test worker] ssPathScanningCandidateComponentProvider : Ignored because not matching any filter: URL [jar:file:/Users/yjayaraman/.gradle/caches/modules-2/files-2.1/org.springframework.data/spring-data-commons/1.11.0.RELEASE/935cd4ab0a1a07358d7f0c9c808f9113dc177bd8/spring-data-commons-1.11.0.RELEASE.jar!/org/springframework/data/querydsl/QueryDslUtils.class]
2016-04-27 17:58:10.964 TRACE 37359 --- [    Test worker] ssPathScanningCandidateComponentProvider : Scanning URL [jar:file:/Users/yjayaraman/.gradle/caches/modules-2/files-2.1/org.springframework.data/spring-data-commons/1.11.0.RELEASE/935cd4ab0a1a07358d7f0c9c808f9113dc177bd8/spring-data-commons-1.11.0.RELEASE.jar!/org/springframework/data/querydsl/QueryDslPredicateExecutor.class]
2016-04-27 17:58:10.965 TRACE 37359 --- [    Test worker] ssPathScanningCandidateComponentProvider : Ignored because not matching any filter: URL [jar:file:/Users/yjayaraman/.gradle/caches/modules-2/files-2.1/org.springframework.data/spring-data-commons/1.11.0.RELEASE/935cd4ab0a1a07358d7f0c9c808f9113dc177bd8/spring-data-commons-1.11.0.RELEASE.jar!/org/springframework/data/querydsl/QueryDslPredicateExecutor.class]
2016-04-27 17:58:10.965 TRACE 37359 --- [    Test worker] ssPathScanningCandidateComponentProvider : Scanning URL [jar:file:/Users/yjayaraman/.gradle/caches/modules-2/files-2.1/org.springframework.data/spring-data-commons/1.11.0.RELEASE/935cd4ab0a1a07358d7f0c9c808f9113dc177bd8/spring-data-commons-1.11.0.RELEASE.jar!/org/springframework/data/querydsl/binding/QuerydslBindings$PathBinder.class]
2016-04-27 17:58:10.965 TRACE 37359 --- [    Test worker] ssPathScanningCandidateComponentProvider : Ignored because not matching any filter: URL [jar:file:/Users/yjayaraman/.gradle/caches/modules-2/files-2.1/org.springframework.data/spring-data-commons/1.11.0.RELEASE/935cd4ab0a1a07358d7f0c9c808f9113dc177bd8/spring-data-commons-1.11.0.RELEASE.jar!/org/springframework/data/querydsl/binding/QuerydslBindings$PathBinder.class]
2016-04-27 17:58:10.965 TRACE 37359 --- [    Test worker] ssPathScanningCandidateComponentProvider : Scanning URL [jar:file:/Users/yjayaraman/.gradle/caches/modules-2/files-2.1/org.springframework.data/spring-data-commons/1.11.0.RELEASE/935cd4ab0a1a07358d7f0c9c808f9113dc177bd8/spring-data-commons-1.11.0.RELEASE.jar!/org/springframework/data/querydsl/binding/MultiValueBinding.class]
2016-04-27 17:58:10.965 TRACE 37359 --- [    Test worker] ssPathScanningCandidateComponentProvider : Ignored because not matching any filter: URL [jar:file:/Users/yjayaraman/.gradle/caches/modules-2/files-2.1/org.springframework.data/spring-data-commons/1.11.0.RELEASE/935cd4ab0a1a07358d7f0c9c808f9113dc177bd8/spring-data-commons-1.11.0.RELEASE.jar!/org/springframework/data/querydsl/binding/MultiValueBinding.class]
2016-04-27 17:58:10.965 TRACE 37359 --- [    Test worker] ssPathScanningCandidateComponentProvider : Scanning URL [jar:file:/Users/yjayaraman/.gradle/caches/modules-2/files-2.1/org.springframework.data/spring-data-commons/1.11.0.RELEASE/935cd4ab0a1a07358d7f0c9c808f9113dc177bd8/spring-data-commons-1.11.0.RELEASE.jar!/org/springframework/data/querydsl/binding/QuerydslBinderCustomizer.class]
2016-04-27 17:58:10.965 TRACE 37359 --- [    Test worker] ssPathScanningCandidateComponentProvider : Ignored because not matching any filter: URL [jar:file:/Users/yjayaraman/.gradle/caches/modules-2/files-2.1/org.springframework.data/spring-data-commons/1.11.0.RELEASE/935cd4ab0a1a07358d7f0c9c808f9113dc177bd8/spring-data-commons-1.11.0.RELEASE.jar!/org/springframework/data/querydsl/binding/QuerydslBinderCustomizer.class]
2016-04-27 17:58:10.965 TRACE 37359 --- [    Test worker] ssPathScanningCandidateComponentProvider : Scanning URL [jar:file:/Users/yjayaraman/.gradle/caches/modules-2/files-2.1/org.springframework.data/spring-data-commons/1.11.0.RELEASE/935cd4ab0a1a07358d7f0c9c808f9113dc177bd8/spring-data-commons-1.11.0.RELEASE.jar!/org/springframework/data/querydsl/binding/QuerydslDefaultBinding.class]
2016-04-27 17:58:10.965 TRACE 37359 --- [    Test worker] ssPathScanningCandidateComponentProvider : Ignored because not matching any filter: URL [jar:file:/Users/yjayaraman/.gradle/caches/modules-2/files-2.1/org.springframework.data/spring-data-commons/1.11.0.RELEASE/935cd4ab0a1a07358d7f0c9c808f9113dc177bd8/spring-data-commons-1.11.0.RELEASE.jar!/org/springframework/data/querydsl/binding/QuerydslDefaultBinding.class]
2016-04-27 17:58:10.965 TRACE 37359 --- [    Test worker] ssPathScanningCandidateComponentProvider : Scanning URL [jar:file:/Users/yjayaraman/.gradle/caches/modules-2/files-2.1/org.springframework.data/spring-data-commons/1.11.0.RELEASE/935cd4ab0a1a07358d7f0c9c808f9113dc177bd8/spring-data-commons-1.11.0.RELEASE.jar!/org/springframework/data/querydsl/binding/QuerydslBindings$1.class]
2016-04-27 17:58:10.965 TRACE 37359 --- [    Test worker] ssPathScanningCandidateComponentProvider : Ignored because not matching any filter: URL [jar:file:/Users/yjayaraman/.gradle/caches/modules-2/files-2.1/org.springframework.data/spring-data-commons/1.11.0.RELEASE/935cd4ab0a1a07358d7f0c9c808f9113dc177bd8/spring-data-commons-1.11.0.RELEASE.jar!/org/springframework/data/querydsl/binding/QuerydslBindings$1.class]
2016-04-27 17:58:10.965 TRACE 37359 --- [    Test worker] ssPathScanningCandidateComponentProvider : Scanning URL [jar:file:/Users/yjayaraman/.gradle/caches/modules-2/files-2.1/org.springframework.data/spring-data-commons/1.11.0.RELEASE/935cd4ab0a1a07358d7f0c9c808f9113dc177bd8/spring-data-commons-1.11.0.RELEASE.jar!/org/springframework/data/querydsl/binding/QuerydslBindings.class]
2016-04-27 17:58:10.965 TRACE 37359 --- [    Test worker] ssPathScanningCandidateComponentProvider : Ignored because not matching any filter: URL [jar:file:/Users/yjayaraman/.gradle/caches/modules-2/files-2.1/org.springframework.data/spring-data-commons/1.11.0.RELEASE/935cd4ab0a1a07358d7f0c9c808f9113dc177bd8/spring-data-commons-1.11.0.RELEASE.jar!/org/springframework/data/querydsl/binding/QuerydslBindings.class]
2016-04-27 17:58:10.965 TRACE 37359 --- [    Test worker] ssPathScanningCandidateComponentProvider : Scanning URL [jar:file:/Users/yjayaraman/.gradle/caches/modules-2/files-2.1/org.springframework.data/spring-data-commons/1.11.0.RELEASE/935cd4ab0a1a07358d7f0c9c808f9113dc177bd8/spring-data-commons-1.11.0.RELEASE.jar!/org/springframework/data/querydsl/binding/QuerydslPredicate.class]
2016-04-27 17:58:10.966 TRACE 37359 --- [    Test worker] ssPathScanningCandidateComponentProvider : Ignored because not matching any filter: URL [jar:file:/Users/yjayaraman/.gradle/caches/modules-2/files-2.1/org.springframework.data/spring-data-commons/1.11.0.RELEASE/935cd4ab0a1a07358d7f0c9c808f9113dc177bd8/spring-data-commons-1.11.0.RELEASE.jar!/org/springframework/data/querydsl/binding/QuerydslPredicate.class]
2016-04-27 17:58:10.966 TRACE 37359 --- [    Test worker] ssPathScanningCandidateComponentProvider : Scanning URL [jar:file:/Users/yjayaraman/.gradle/caches/modules-2/files-2.1/org.springframework.data/spring-data-commons/1.11.0.RELEASE/935cd4ab0a1a07358d7f0c9c808f9113dc177bd8/spring-data-commons-1.11.0.RELEASE.jar!/org/springframework/data/querydsl/binding/QuerydslPredicateBuilder.class]
2016-04-27 17:58:10.966 TRACE 37359 --- [    Test worker] ssPathScanningCandidateComponentProvider : Ignored because not matching any filter: URL [jar:file:/Users/yjayaraman/.gradle/caches/modules-2/files-2.1/org.springframework.data/spring-data-commons/1.11.0.RELEASE/935cd4ab0a1a07358d7f0c9c808f9113dc177bd8/spring-data-commons-1.11.0.RELEASE.jar!/org/springframework/data/querydsl/binding/QuerydslPredicateBuilder.class]
2016-04-27 17:58:10.966 TRACE 37359 --- [    Test worker] ssPathScanningCandidateComponentProvider : Scanning URL [jar:file:/Users/yjayaraman/.gradle/caches/modules-2/files-2.1/org.springframework.data/spring-data-commons/1.11.0.RELEASE/935cd4ab0a1a07358d7f0c9c808f9113dc177bd8/spring-data-commons-1.11.0.RELEASE.jar!/org/springframework/data/querydsl/binding/QuerydslBindingsFactory$NoOpCustomizer.class]
2016-04-27 17:58:10.966 TRACE 37359 --- [    Test worker] ssPathScanningCandidateComponentProvider : Ignored because not matching any filter: URL [jar:file:/Users/yjayaraman/.gradle/caches/modules-2/files-2.1/org.springframework.data/spring-data-commons/1.11.0.RELEASE/935cd4ab0a1a07358d7f0c9c808f9113dc177bd8/spring-data-commons-1.11.0.RELEASE.jar!/org/springframework/data/querydsl/binding/QuerydslBindingsFactory$NoOpCustomizer.class]
2016-04-27 17:58:10.966 TRACE 37359 --- [    Test worker] ssPathScanningCandidateComponentProvider : Scanning URL [jar:file:/Users/yjayaraman/.gradle/caches/modules-2/files-2.1/org.springframework.data/spring-data-commons/1.11.0.RELEASE/935cd4ab0a1a07358d7f0c9c808f9113dc177bd8/spring-data-commons-1.11.0.RELEASE.jar!/org/springframework/data/querydsl/binding/SingleValueBinding.class]
2016-04-27 17:58:10.966 TRACE 37359 --- [    Test worker] ssPathScanningCandidateComponentProvider : Ignored because not matching any filter: URL [jar:file:/Users/yjayaraman/.gradle/caches/modules-2/files-2.1/org.springframework.data/spring-data-commons/1.11.0.RELEASE/935cd4ab0a1a07358d7f0c9c808f9113dc177bd8/spring-data-commons-1.11.0.RELEASE.jar!/org/springframework/data/querydsl/binding/SingleValueBinding.class]
2016-04-27 17:58:10.966 TRACE 37359 --- [    Test worker] ssPathScanningCandidateComponentProvider : Scanning URL [jar:file:/Users/yjayaraman/.gradle/caches/modules-2/files-2.1/org.springframework.data/spring-data-commons/1.11.0.RELEASE/935cd4ab0a1a07358d7f0c9c808f9113dc177bd8/spring-data-commons-1.11.0.RELEASE.jar!/org/springframework/data/querydsl/binding/QuerydslBindings$PathAndBinding.class]
2016-04-27 17:58:10.966 TRACE 37359 --- [    Test worker] ssPathScanningCandidateComponentProvider : Ignored because not matching any filter: URL [jar:file:/Users/yjayaraman/.gradle/caches/modules-2/files-2.1/org.springframework.data/spring-data-commons/1.11.0.RELEASE/935cd4ab0a1a07358d7f0c9c808f9113dc177bd8/spring-data-commons-1.11.0.RELEASE.jar!/org/springframework/data/querydsl/binding/QuerydslBindings$PathAndBinding.class]
2016-04-27 17:58:10.966 TRACE 37359 --- [    Test worker] ssPathScanningCandidateComponentProvider : Scanning URL [jar:file:/Users/yjayaraman/.gradle/caches/modules-2/files-2.1/org.springframework.data/spring-data-commons/1.11.0.RELEASE/935cd4ab0a1a07358d7f0c9c808f9113dc177bd8/spring-data-commons-1.11.0.RELEASE.jar!/org/springframework/data/querydsl/binding/QuerydslBindings$MultiValueBindingAdapter.class]
2016-04-27 17:58:10.967 TRACE 37359 --- [    Test worker] ssPathScanningCandidateComponentProvider : Ignored because not matching any filter: URL [jar:file:/Users/yjayaraman/.gradle/caches/modules-2/files-2.1/org.springframework.data/spring-data-commons/1.11.0.RELEASE/935cd4ab0a1a07358d7f0c9c808f9113dc177bd8/spring-data-commons-1.11.0.RELEASE.jar!/org/springframework/data/querydsl/binding/QuerydslBindings$MultiValueBindingAdapter.class]
2016-04-27 17:58:10.967 TRACE 37359 --- [    Test worker] ssPathScanningCandidateComponentProvider : Scanning URL [jar:file:/Users/yjayaraman/.gradle/caches/modules-2/files-2.1/org.springframework.data/spring-data-commons/1.11.0.RELEASE/935cd4ab0a1a07358d7f0c9c808f9113dc177bd8/spring-data-commons-1.11.0.RELEASE.jar!/org/springframework/data/querydsl/binding/QuerydslBindingsFactory.class]
2016-04-27 17:58:10.967 TRACE 37359 --- [    Test worker] ssPathScanningCandidateComponentProvider : Ignored because not matching any filter: URL [jar:file:/Users/yjayaraman/.gradle/caches/modules-2/files-2.1/org.springframework.data/spring-data-commons/1.11.0.RELEASE/935cd4ab0a1a07358d7f0c9c808f9113dc177bd8/spring-data-commons-1.11.0.RELEASE.jar!/org/springframework/data/querydsl/binding/QuerydslBindingsFactory.class]
2016-04-27 17:58:10.967 TRACE 37359 --- [    Test worker] ssPathScanningCandidateComponentProvider : Scanning URL [jar:file:/Users/yjayaraman/.gradle/caches/modules-2/files-2.1/org.springframework.data/spring-data-commons/1.11.0.RELEASE/935cd4ab0a1a07358d7f0c9c808f9113dc177bd8/spring-data-commons-1.11.0.RELEASE.jar!/org/springframework/data/querydsl/binding/QuerydslBindings$TypeBinder.class]
2016-04-27 17:58:10.967 TRACE 37359 --- [    Test worker] ssPathScanningCandidateComponentProvider : Ignored because not matching any filter: URL [jar:file:/Users/yjayaraman/.gradle/caches/modules-2/files-2.1/org.springframework.data/spring-data-commons/1.11.0.RELEASE/935cd4ab0a1a07358d7f0c9c808f9113dc177bd8/spring-data-commons-1.11.0.RELEASE.jar!/org/springframework/data/querydsl/binding/QuerydslBindings$TypeBinder.class]
2016-04-27 17:58:10.967 TRACE 37359 --- [    Test worker] ssPathScanningCandidateComponentProvider : Scanning URL [jar:file:/Users/yjayaraman/.gradle/caches/modules-2/files-2.1/org.springframework.data/spring-data-commons/1.11.0.RELEASE/935cd4ab0a1a07358d7f0c9c808f9113dc177bd8/spring-data-commons-1.11.0.RELEASE.jar!/org/springframework/data/querydsl/QSort.class]
2016-04-27 17:58:10.967 TRACE 37359 --- [    Test worker] ssPathScanningCandidateComponentProvider : Ignored because not matching any filter: URL [jar:file:/Users/yjayaraman/.gradle/caches/modules-2/files-2.1/org.springframework.data/spring-data-commons/1.11.0.RELEASE/935cd4ab0a1a07358d7f0c9c808f9113dc177bd8/spring-data-commons-1.11.0.RELEASE.jar!/org/springframework/data/querydsl/QSort.class]
2016-04-27 17:58:10.967 TRACE 37359 --- [    Test worker] ssPathScanningCandidateComponentProvider : Scanning URL [jar:file:/Users/yjayaraman/.gradle/caches/modules-2/files-2.1/org.springframework.data/spring-data-commons/1.11.0.RELEASE/935cd4ab0a1a07358d7f0c9c808f9113dc177bd8/spring-data-commons-1.11.0.RELEASE.jar!/org/springframework/data/querydsl/QPageRequest.class]
2016-04-27 17:58:10.967 TRACE 37359 --- [    Test worker] ssPathScanningCandidateComponentProvider : Ignored because not matching any filter: URL [jar:file:/Users/yjayaraman/.gradle/caches/modules-2/files-2.1/org.springframework.data/spring-data-commons/1.11.0.RELEASE/935cd4ab0a1a07358d7f0c9c808f9113dc177bd8/spring-data-commons-1.11.0.RELEASE.jar!/org/springframework/data/querydsl/QPageRequest.class]
2016-04-27 17:58:10.967 TRACE 37359 --- [    Test worker] ssPathScanningCandidateComponentProvider : Scanning URL [jar:file:/Users/yjayaraman/.gradle/caches/modules-2/files-2.1/org.springframework.data/spring-data-commons/1.11.0.RELEASE/935cd4ab0a1a07358d7f0c9c808f9113dc177bd8/spring-data-commons-1.11.0.RELEASE.jar!/org/springframework/data/querydsl/QuerydslRepositoryInvokerAdapter.class]
2016-04-27 17:58:10.968 TRACE 37359 --- [    Test worker] ssPathScanningCandidateComponentProvider : Ignored because not matching any filter: URL [jar:file:/Users/yjayaraman/.gradle/caches/modules-2/files-2.1/org.springframework.data/spring-data-commons/1.11.0.RELEASE/935cd4ab0a1a07358d7f0c9c808f9113dc177bd8/spring-data-commons-1.11.0.RELEASE.jar!/org/springframework/data/querydsl/QuerydslRepositoryInvokerAdapter.class]
2016-04-27 17:58:10.968 TRACE 37359 --- [    Test worker] ssPathScanningCandidateComponentProvider : Scanning URL [jar:file:/Users/yjayaraman/.gradle/caches/modules-2/files-2.1/org.springframework.data/spring-data-commons/1.11.0.RELEASE/935cd4ab0a1a07358d7f0c9c808f9113dc177bd8/spring-data-commons-1.11.0.RELEASE.jar!/org/springframework/data/annotation/Persistent.class]
2016-04-27 17:58:10.968 TRACE 37359 --- [    Test worker] ssPathScanningCandidateComponentProvider : Ignored because not matching any filter: URL [jar:file:/Users/yjayaraman/.gradle/caches/modules-2/files-2.1/org.springframework.data/spring-data-commons/1.11.0.RELEASE/935cd4ab0a1a07358d7f0c9c808f9113dc177bd8/spring-data-commons-1.11.0.RELEASE.jar!/org/springframework/data/annotation/Persistent.class]
2016-04-27 17:58:10.968 TRACE 37359 --- [    Test worker] ssPathScanningCandidateComponentProvider : Scanning URL [jar:file:/Users/yjayaraman/.gradle/caches/modules-2/files-2.1/org.springframework.data/spring-data-commons/1.11.0.RELEASE/935cd4ab0a1a07358d7f0c9c808f9113dc177bd8/spring-data-commons-1.11.0.RELEASE.jar!/org/springframework/data/annotation/ReadOnlyProperty.class]
2016-04-27 17:58:10.968 TRACE 37359 --- [    Test worker] ssPathScanningCandidateComponentProvider : Ignored because not matching any filter: URL [jar:file:/Users/yjayaraman/.gradle/caches/modules-2/files-2.1/org.springframework.data/spring-data-commons/1.11.0.RELEASE/935cd4ab0a1a07358d7f0c9c808f9113dc177bd8/spring-data-commons-1.11.0.RELEASE.jar!/org/springframework/data/annotation/ReadOnlyProperty.class]
2016-04-27 17:58:10.968 TRACE 37359 --- [    Test worker] ssPathScanningCandidateComponentProvider : Scanning URL [jar:file:/Users/yjayaraman/.gradle/caches/modules-2/files-2.1/org.springframework.data/spring-data-commons/1.11.0.RELEASE/935cd4ab0a1a07358d7f0c9c808f9113dc177bd8/spring-data-commons-1.11.0.RELEASE.jar!/org/springframework/data/annotation/Transient.class]
2016-04-27 17:58:10.968 TRACE 37359 --- [    Test worker] ssPathScanningCandidateComponentProvider : Ignored because not matching any filter: URL [jar:file:/Users/yjayaraman/.gradle/caches/modules-2/files-2.1/org.springframework.data/spring-data-commons/1.11.0.RELEASE/935cd4ab0a1a07358d7f0c9c808f9113dc177bd8/spring-data-commons-1.11.0.RELEASE.jar!/org/springframework/data/annotation/Transient.class]
2016-04-27 17:58:10.968 TRACE 37359 --- [    Test worker] ssPathScanningCandidateComponentProvider : Scanning URL [jar:file:/Users/yjayaraman/.gradle/caches/modules-2/files-2.1/org.springframework.data/spring-data-commons/1.11.0.RELEASE/935cd4ab0a1a07358d7f0c9c808f9113dc177bd8/spring-data-commons-1.11.0.RELEASE.jar!/org/springframework/data/annotation/AccessType.class]
2016-04-27 17:58:10.968 TRACE 37359 --- [    Test worker] ssPathScanningCandidateComponentProvider : Ignored because not matching any filter: URL [jar:file:/Users/yjayaraman/.gradle/caches/modules-2/files-2.1/org.springframework.data/spring-data-commons/1.11.0.RELEASE/935cd4ab0a1a07358d7f0c9c808f9113dc177bd8/spring-data-commons-1.11.0.RELEASE.jar!/org/springframework/data/annotation/AccessType.class]
2016-04-27 17:58:10.968 TRACE 37359 --- [    Test worker] ssPathScanningCandidateComponentProvider : Scanning URL [jar:file:/Users/yjayaraman/.gradle/caches/modules-2/files-2.1/org.springframework.data/spring-data-commons/1.11.0.RELEASE/935cd4ab0a1a07358d7f0c9c808f9113dc177bd8/spring-data-commons-1.11.0.RELEASE.jar!/org/springframework/data/annotation/Id.class]
2016-04-27 17:58:10.969 TRACE 37359 --- [    Test worker] ssPathScanningCandidateComponentProvider : Ignored because not matching any filter: URL [jar:file:/Users/yjayaraman/.gradle/caches/modules-2/files-2.1/org.springframework.data/spring-data-commons/1.11.0.RELEASE/935cd4ab0a1a07358d7f0c9c808f9113dc177bd8/spring-data-commons-1.11.0.RELEASE.jar!/org/springframework/data/annotation/Id.class]
2016-04-27 17:58:10.969 TRACE 37359 --- [    Test worker] ssPathScanningCandidateComponentProvider : Scanning URL [jar:file:/Users/yjayaraman/.gradle/caches/modules-2/files-2.1/org.springframework.data/spring-data-commons/1.11.0.RELEASE/935cd4ab0a1a07358d7f0c9c808f9113dc177bd8/spring-data-commons-1.11.0.RELEASE.jar!/org/springframework/data/annotation/CreatedDate.class]
2016-04-27 17:58:10.969 TRACE 37359 --- [    Test worker] ssPathScanningCandidateComponentProvider : Ignored because not matching any filter: URL [jar:file:/Users/yjayaraman/.gradle/caches/modules-2/files-2.1/org.springframework.data/spring-data-commons/1.11.0.RELEASE/935cd4ab0a1a07358d7f0c9c808f9113dc177bd8/spring-data-commons-1.11.0.RELEASE.jar!/org/springframework/data/annotation/CreatedDate.class]
2016-04-27 17:58:10.969 TRACE 37359 --- [    Test worker] ssPathScanningCandidateComponentProvider : Scanning URL [jar:file:/Users/yjayaraman/.gradle/caches/modules-2/files-2.1/org.springframework.data/spring-data-commons/1.11.0.RELEASE/935cd4ab0a1a07358d7f0c9c808f9113dc177bd8/spring-data-commons-1.11.0.RELEASE.jar!/org/springframework/data/annotation/CreatedBy.class]
2016-04-27 17:58:10.969 TRACE 37359 --- [    Test worker] ssPathScanningCandidateComponentProvider : Ignored because not matching any filter: URL [jar:file:/Users/yjayaraman/.gradle/caches/modules-2/files-2.1/org.springframework.data/spring-data-commons/1.11.0.RELEASE/935cd4ab0a1a07358d7f0c9c808f9113dc177bd8/spring-data-commons-1.11.0.RELEASE.jar!/org/springframework/data/annotation/CreatedBy.class]
2016-04-27 17:58:10.969 TRACE 37359 --- [    Test worker] ssPathScanningCandidateComponentProvider : Scanning URL [jar:file:/Users/yjayaraman/.gradle/caches/modules-2/files-2.1/org.springframework.data/spring-data-commons/1.11.0.RELEASE/935cd4ab0a1a07358d7f0c9c808f9113dc177bd8/spring-data-commons-1.11.0.RELEASE.jar!/org/springframework/data/annotation/PersistenceConstructor.class]
2016-04-27 17:58:10.969 TRACE 37359 --- [    Test worker] ssPathScanningCandidateComponentProvider : Ignored because not matching any filter: URL [jar:file:/Users/yjayaraman/.gradle/caches/modules-2/files-2.1/org.springframework.data/spring-data-commons/1.11.0.RELEASE/935cd4ab0a1a07358d7f0c9c808f9113dc177bd8/spring-data-commons-1.11.0.RELEASE.jar!/org/springframework/data/annotation/PersistenceConstructor.class]
2016-04-27 17:58:10.969 TRACE 37359 --- [    Test worker] ssPathScanningCandidateComponentProvider : Scanning URL [jar:file:/Users/yjayaraman/.gradle/caches/modules-2/files-2.1/org.springframework.data/spring-data-commons/1.11.0.RELEASE/935cd4ab0a1a07358d7f0c9c808f9113dc177bd8/spring-data-commons-1.11.0.RELEASE.jar!/org/springframework/data/annotation/LastModifiedDate.class]
2016-04-27 17:58:10.969 TRACE 37359 --- [    Test worker] ssPathScanningCandidateComponentProvider : Ignored because not matching any filter: URL [jar:file:/Users/yjayaraman/.gradle/caches/modules-2/files-2.1/org.springframework.data/spring-data-commons/1.11.0.RELEASE/935cd4ab0a1a07358d7f0c9c808f9113dc177bd8/spring-data-commons-1.11.0.RELEASE.jar!/org/springframework/data/annotation/LastModifiedDate.class]
2016-04-27 17:58:10.969 TRACE 37359 --- [    Test worker] ssPathScanningCandidateComponentProvider : Scanning URL [jar:file:/Users/yjayaraman/.gradle/caches/modules-2/files-2.1/org.springframework.data/spring-data-commons/1.11.0.RELEASE/935cd4ab0a1a07358d7f0c9c808f9113dc177bd8/spring-data-commons-1.11.0.RELEASE.jar!/org/springframework/data/annotation/AccessType$Type.class]
2016-04-27 17:58:10.969 TRACE 37359 --- [    Test worker] ssPathScanningCandidateComponentProvider : Ignored because not matching any filter: URL [jar:file:/Users/yjayaraman/.gradle/caches/modules-2/files-2.1/org.springframework.data/spring-data-commons/1.11.0.RELEASE/935cd4ab0a1a07358d7f0c9c808f9113dc177bd8/spring-data-commons-1.11.0.RELEASE.jar!/org/springframework/data/annotation/AccessType$Type.class]
2016-04-27 17:58:10.969 TRACE 37359 --- [    Test worker] ssPathScanningCandidateComponentProvider : Scanning URL [jar:file:/Users/yjayaraman/.gradle/caches/modules-2/files-2.1/org.springframework.data/spring-data-commons/1.11.0.RELEASE/935cd4ab0a1a07358d7f0c9c808f9113dc177bd8/spring-data-commons-1.11.0.RELEASE.jar!/org/springframework/data/annotation/LastModifiedBy.class]
2016-04-27 17:58:10.969 TRACE 37359 --- [    Test worker] ssPathScanningCandidateComponentProvider : Ignored because not matching any filter: URL [jar:file:/Users/yjayaraman/.gradle/caches/modules-2/files-2.1/org.springframework.data/spring-data-commons/1.11.0.RELEASE/935cd4ab0a1a07358d7f0c9c808f9113dc177bd8/spring-data-commons-1.11.0.RELEASE.jar!/org/springframework/data/annotation/LastModifiedBy.class]
2016-04-27 17:58:10.969 TRACE 37359 --- [    Test worker] ssPathScanningCandidateComponentProvider : Scanning URL [jar:file:/Users/yjayaraman/.gradle/caches/modules-2/files-2.1/org.springframework.data/spring-data-commons/1.11.0.RELEASE/935cd4ab0a1a07358d7f0c9c808f9113dc177bd8/spring-data-commons-1.11.0.RELEASE.jar!/org/springframework/data/annotation/TypeAlias.class]
2016-04-27 17:58:10.970 TRACE 37359 --- [    Test worker] ssPathScanningCandidateComponentProvider : Ignored because not matching any filter: URL [jar:file:/Users/yjayaraman/.gradle/caches/modules-2/files-2.1/org.springframework.data/spring-data-commons/1.11.0.RELEASE/935cd4ab0a1a07358d7f0c9c808f9113dc177bd8/spring-data-commons-1.11.0.RELEASE.jar!/org/springframework/data/annotation/TypeAlias.class]
2016-04-27 17:58:10.970 TRACE 37359 --- [    Test worker] ssPathScanningCandidateComponentProvider : Scanning URL [jar:file:/Users/yjayaraman/.gradle/caches/modules-2/files-2.1/org.springframework.data/spring-data-commons/1.11.0.RELEASE/935cd4ab0a1a07358d7f0c9c808f9113dc177bd8/spring-data-commons-1.11.0.RELEASE.jar!/org/springframework/data/annotation/Version.class]
2016-04-27 17:58:10.970 TRACE 37359 --- [    Test worker] ssPathScanningCandidateComponentProvider : Ignored because not matching any filter: URL [jar:file:/Users/yjayaraman/.gradle/caches/modules-2/files-2.1/org.springframework.data/spring-data-commons/1.11.0.RELEASE/935cd4ab0a1a07358d7f0c9c808f9113dc177bd8/spring-data-commons-1.11.0.RELEASE.jar!/org/springframework/data/annotation/Version.class]
2016-04-27 17:58:10.970 TRACE 37359 --- [    Test worker] ssPathScanningCandidateComponentProvider : Scanning URL [jar:file:/Users/yjayaraman/.gradle/caches/modules-2/files-2.1/org.springframework.data/spring-data-commons/1.11.0.RELEASE/935cd4ab0a1a07358d7f0c9c808f9113dc177bd8/spring-data-commons-1.11.0.RELEASE.jar!/org/springframework/data/annotation/Reference.class]
2016-04-27 17:58:10.970 TRACE 37359 --- [    Test worker] ssPathScanningCandidateComponentProvider : Ignored because not matching any filter: URL [jar:file:/Users/yjayaraman/.gradle/caches/modules-2/files-2.1/org.springframework.data/spring-data-commons/1.11.0.RELEASE/935cd4ab0a1a07358d7f0c9c808f9113dc177bd8/spring-data-commons-1.11.0.RELEASE.jar!/org/springframework/data/annotation/Reference.class]
2016-04-27 17:58:10.970 TRACE 37359 --- [    Test worker] ssPathScanningCandidateComponentProvider : Scanning URL [jar:file:/Users/yjayaraman/.gradle/caches/modules-2/files-2.1/org.springframework.data/spring-data-commons/1.11.0.RELEASE/935cd4ab0a1a07358d7f0c9c808f9113dc177bd8/spring-data-commons-1.11.0.RELEASE.jar!/org/springframework/data/annotation/QueryAnnotation.class]
2016-04-27 17:58:10.970 TRACE 37359 --- [    Test worker] ssPathScanningCandidateComponentProvider : Ignored because not matching any filter: URL [jar:file:/Users/yjayaraman/.gradle/caches/modules-2/files-2.1/org.springframework.data/spring-data-commons/1.11.0.RELEASE/935cd4ab0a1a07358d7f0c9c808f9113dc177bd8/spring-data-commons-1.11.0.RELEASE.jar!/org/springframework/data/annotation/QueryAnnotation.class]
2016-04-27 17:58:10.970 TRACE 37359 --- [    Test worker] ssPathScanningCandidateComponentProvider : Scanning URL [jar:file:/Users/yjayaraman/.gradle/caches/modules-2/files-2.1/org.springframework.data/spring-data-commons/1.11.0.RELEASE/935cd4ab0a1a07358d7f0c9c808f9113dc177bd8/spring-data-commons-1.11.0.RELEASE.jar!/org/springframework/data/domain/Persistable.class]
2016-04-27 17:58:10.970 TRACE 37359 --- [    Test worker] ssPathScanningCandidateComponentProvider : Ignored because not matching any filter: URL [jar:file:/Users/yjayaraman/.gradle/caches/modules-2/files-2.1/org.springframework.data/spring-data-commons/1.11.0.RELEASE/935cd4ab0a1a07358d7f0c9c808f9113dc177bd8/spring-data-commons-1.11.0.RELEASE.jar!/org/springframework/data/domain/Persistable.class]
2016-04-27 17:58:10.970 TRACE 37359 --- [    Test worker] ssPathScanningCandidateComponentProvider : Scanning URL [jar:file:/Users/yjayaraman/.gradle/caches/modules-2/files-2.1/org.springframework.data/spring-data-commons/1.11.0.RELEASE/935cd4ab0a1a07358d7f0c9c808f9113dc177bd8/spring-data-commons-1.11.0.RELEASE.jar!/org/springframework/data/domain/AuditorAware.class]
2016-04-27 17:58:10.970 TRACE 37359 --- [    Test worker] ssPathScanningCandidateComponentProvider : Ignored because not matching any filter: URL [jar:file:/Users/yjayaraman/.gradle/caches/modules-2/files-2.1/org.springframework.data/spring-data-commons/1.11.0.RELEASE/935cd4ab0a1a07358d7f0c9c808f9113dc177bd8/spring-data-commons-1.11.0.RELEASE.jar!/org/springframework/data/domain/AuditorAware.class]
2016-04-27 17:58:10.970 TRACE 37359 --- [    Test worker] ssPathScanningCandidateComponentProvider : Scanning URL [jar:file:/Users/yjayaraman/.gradle/caches/modules-2/files-2.1/org.springframework.data/spring-data-commons/1.11.0.RELEASE/935cd4ab0a1a07358d7f0c9c808f9113dc177bd8/spring-data-commons-1.11.0.RELEASE.jar!/org/springframework/data/domain/Sort.class]
2016-04-27 17:58:10.971 TRACE 37359 --- [    Test worker] ssPathScanningCandidateComponentProvider : Ignored because not matching any filter: URL [jar:file:/Users/yjayaraman/.gradle/caches/modules-2/files-2.1/org.springframework.data/spring-data-commons/1.11.0.RELEASE/935cd4ab0a1a07358d7f0c9c808f9113dc177bd8/spring-data-commons-1.11.0.RELEASE.jar!/org/springframework/data/domain/Sort.class]
2016-04-27 17:58:10.971 TRACE 37359 --- [    Test worker] ssPathScanningCandidateComponentProvider : Scanning URL [jar:file:/Users/yjayaraman/.gradle/caches/modules-2/files-2.1/org.springframework.data/spring-data-commons/1.11.0.RELEASE/935cd4ab0a1a07358d7f0c9c808f9113dc177bd8/spring-data-commons-1.11.0.RELEASE.jar!/org/springframework/data/domain/Sort$NullHandling.class]
2016-04-27 17:58:10.971 TRACE 37359 --- [    Test worker] ssPathScanningCandidateComponentProvider : Ignored because not matching any filter: URL [jar:file:/Users/yjayaraman/.gradle/caches/modules-2/files-2.1/org.springframework.data/spring-data-commons/1.11.0.RELEASE/935cd4ab0a1a07358d7f0c9c808f9113dc177bd8/spring-data-commons-1.11.0.RELEASE.jar!/org/springframework/data/domain/Sort$NullHandling.class]
2016-04-27 17:58:10.971 TRACE 37359 --- [    Test worker] ssPathScanningCandidateComponentProvider : Scanning URL [jar:file:/Users/yjayaraman/.gradle/caches/modules-2/files-2.1/org.springframework.data/spring-data-commons/1.11.0.RELEASE/935cd4ab0a1a07358d7f0c9c808f9113dc177bd8/spring-data-commons-1.11.0.RELEASE.jar!/org/springframework/data/domain/SliceImpl.class]
2016-04-27 17:58:10.971 TRACE 37359 --- [    Test worker] ssPathScanningCandidateComponentProvider : Ignored because not matching any filter: URL [jar:file:/Users/yjayaraman/.gradle/caches/modules-2/files-2.1/org.springframework.data/spring-data-commons/1.11.0.RELEASE/935cd4ab0a1a07358d7f0c9c808f9113dc177bd8/spring-data-commons-1.11.0.RELEASE.jar!/org/springframework/data/domain/SliceImpl.class]
2016-04-27 17:58:10.971 TRACE 37359 --- [    Test worker] ssPathScanningCandidateComponentProvider : Scanning URL [jar:file:/Users/yjayaraman/.gradle/caches/modules-2/files-2.1/org.springframework.data/spring-data-commons/1.11.0.RELEASE/935cd4ab0a1a07358d7f0c9c808f9113dc177bd8/spring-data-commons-1.11.0.RELEASE.jar!/org/springframework/data/domain/Page.class]
2016-04-27 17:58:10.971 TRACE 37359 --- [    Test worker] ssPathScanningCandidateComponentProvider : Ignored because not matching any filter: URL [jar:file:/Users/yjayaraman/.gradle/caches/modules-2/files-2.1/org.springframework.data/spring-data-commons/1.11.0.RELEASE/935cd4ab0a1a07358d7f0c9c808f9113dc177bd8/spring-data-commons-1.11.0.RELEASE.jar!/org/springframework/data/domain/Page.class]
2016-04-27 17:58:10.971 TRACE 37359 --- [    Test worker] ssPathScanningCandidateComponentProvider : Scanning URL [jar:file:/Users/yjayaraman/.gradle/caches/modules-2/files-2.1/org.springframework.data/spring-data-commons/1.11.0.RELEASE/935cd4ab0a1a07358d7f0c9c808f9113dc177bd8/spring-data-commons-1.11.0.RELEASE.jar!/org/springframework/data/domain/Pageable.class]
2016-04-27 17:58:10.971 TRACE 37359 --- [    Test worker] ssPathScanningCandidateComponentProvider : Ignored because not matching any filter: URL [jar:file:/Users/yjayaraman/.gradle/caches/modules-2/files-2.1/org.springframework.data/spring-data-commons/1.11.0.RELEASE/935cd4ab0a1a07358d7f0c9c808f9113dc177bd8/spring-data-commons-1.11.0.RELEASE.jar!/org/springframework/data/domain/Pageable.class]
2016-04-27 17:58:10.971 TRACE 37359 --- [    Test worker] ssPathScanningCandidateComponentProvider : Scanning URL [jar:file:/Users/yjayaraman/.gradle/caches/modules-2/files-2.1/org.springframework.data/spring-data-commons/1.11.0.RELEASE/935cd4ab0a1a07358d7f0c9c808f9113dc177bd8/spring-data-commons-1.11.0.RELEASE.jar!/org/springframework/data/domain/PageImpl.class]
2016-04-27 17:58:10.971 TRACE 37359 --- [    Test worker] ssPathScanningCandidateComponentProvider : Ignored because not matching any filter: URL [jar:file:/Users/yjayaraman/.gradle/caches/modules-2/files-2.1/org.springframework.data/spring-data-commons/1.11.0.RELEASE/935cd4ab0a1a07358d7f0c9c808f9113dc177bd8/spring-data-commons-1.11.0.RELEASE.jar!/org/springframework/data/domain/PageImpl.class]
2016-04-27 17:58:10.971 TRACE 37359 --- [    Test worker] ssPathScanningCandidateComponentProvider : Scanning URL [jar:file:/Users/yjayaraman/.gradle/caches/modules-2/files-2.1/org.springframework.data/spring-data-commons/1.11.0.RELEASE/935cd4ab0a1a07358d7f0c9c808f9113dc177bd8/spring-data-commons-1.11.0.RELEASE.jar!/org/springframework/data/domain/Chunk.class]
2016-04-27 17:58:10.971 TRACE 37359 --- [    Test worker] ssPathScanningCandidateComponentProvider : Ignored because not matching any filter: URL [jar:file:/Users/yjayaraman/.gradle/caches/modules-2/files-2.1/org.springframework.data/spring-data-commons/1.11.0.RELEASE/935cd4ab0a1a07358d7f0c9c808f9113dc177bd8/spring-data-commons-1.11.0.RELEASE.jar!/org/springframework/data/domain/Chunk.class]
2016-04-27 17:58:10.971 TRACE 37359 --- [    Test worker] ssPathScanningCandidateComponentProvider : Scanning URL [jar:file:/Users/yjayaraman/.gradle/caches/modules-2/files-2.1/org.springframework.data/spring-data-commons/1.11.0.RELEASE/935cd4ab0a1a07358d7f0c9c808f9113dc177bd8/spring-data-commons-1.11.0.RELEASE.jar!/org/springframework/data/domain/PageRequest.class]
2016-04-27 17:58:10.971 TRACE 37359 --- [    Test worker] ssPathScanningCandidateComponentProvider : Ignored because not matching any filter: URL [jar:file:/Users/yjayaraman/.gradle/caches/modules-2/files-2.1/org.springframework.data/spring-data-commons/1.11.0.RELEASE/935cd4ab0a1a07358d7f0c9c808f9113dc177bd8/spring-data-commons-1.11.0.RELEASE.jar!/org/springframework/data/domain/PageRequest.class]
2016-04-27 17:58:10.972 TRACE 37359 --- [    Test worker] ssPathScanningCandidateComponentProvider : Scanning URL [jar:file:/Users/yjayaraman/.gradle/caches/modules-2/files-2.1/org.springframework.data/spring-data-commons/1.11.0.RELEASE/935cd4ab0a1a07358d7f0c9c808f9113dc177bd8/spring-data-commons-1.11.0.RELEASE.jar!/org/springframework/data/domain/Sort$Direction.class]
2016-04-27 17:58:10.972 TRACE 37359 --- [    Test worker] ssPathScanningCandidateComponentProvider : Ignored because not matching any filter: URL [jar:file:/Users/yjayaraman/.gradle/caches/modules-2/files-2.1/org.springframework.data/spring-data-commons/1.11.0.RELEASE/935cd4ab0a1a07358d7f0c9c808f9113dc177bd8/spring-data-commons-1.11.0.RELEASE.jar!/org/springframework/data/domain/Sort$Direction.class]
2016-04-27 17:58:10.972 TRACE 37359 --- [    Test worker] ssPathScanningCandidateComponentProvider : Scanning URL [jar:file:/Users/yjayaraman/.gradle/caches/modules-2/files-2.1/org.springframework.data/spring-data-commons/1.11.0.RELEASE/935cd4ab0a1a07358d7f0c9c808f9113dc177bd8/spring-data-commons-1.11.0.RELEASE.jar!/org/springframework/data/domain/Range.class]
2016-04-27 17:58:10.972 TRACE 37359 --- [    Test worker] ssPathScanningCandidateComponentProvider : Ignored because not matching any filter: URL [jar:file:/Users/yjayaraman/.gradle/caches/modules-2/files-2.1/org.springframework.data/spring-data-commons/1.11.0.RELEASE/935cd4ab0a1a07358d7f0c9c808f9113dc177bd8/spring-data-commons-1.11.0.RELEASE.jar!/org/springframework/data/domain/Range.class]
2016-04-27 17:58:10.972 TRACE 37359 --- [    Test worker] ssPathScanningCandidateComponentProvider : Scanning URL [jar:file:/Users/yjayaraman/.gradle/caches/modules-2/files-2.1/org.springframework.data/spring-data-commons/1.11.0.RELEASE/935cd4ab0a1a07358d7f0c9c808f9113dc177bd8/spring-data-commons-1.11.0.RELEASE.jar!/org/springframework/data/domain/jaxb/SpringDataJaxb$OrderDto.class]
2016-04-27 17:58:10.972 TRACE 37359 --- [    Test worker] ssPathScanningCandidateComponentProvider : Ignored because not matching any filter: URL [jar:file:/Users/yjayaraman/.gradle/caches/modules-2/files-2.1/org.springframework.data/spring-data-commons/1.11.0.RELEASE/935cd4ab0a1a07358d7f0c9c808f9113dc177bd8/spring-data-commons-1.11.0.RELEASE.jar!/org/springframework/data/domain/jaxb/SpringDataJaxb$OrderDto.class]
2016-04-27 17:58:10.972 TRACE 37359 --- [    Test worker] ssPathScanningCandidateComponentProvider : Scanning URL [jar:file:/Users/yjayaraman/.gradle/caches/modules-2/files-2.1/org.springframework.data/spring-data-commons/1.11.0.RELEASE/935cd4ab0a1a07358d7f0c9c808f9113dc177bd8/spring-data-commons-1.11.0.RELEASE.jar!/org/springframework/data/domain/jaxb/PageAdapter.class]
2016-04-27 17:58:10.972 TRACE 37359 --- [    Test worker] ssPathScanningCandidateComponentProvider : Ignored because not matching any filter: URL [jar:file:/Users/yjayaraman/.gradle/caches/modules-2/files-2.1/org.springframework.data/spring-data-commons/1.11.0.RELEASE/935cd4ab0a1a07358d7f0c9c808f9113dc177bd8/spring-data-commons-1.11.0.RELEASE.jar!/org/springframework/data/domain/jaxb/PageAdapter.class]
2016-04-27 17:58:10.973 TRACE 37359 --- [    Test worker] ssPathScanningCandidateComponentProvider : Scanning URL [jar:file:/Users/yjayaraman/.gradle/caches/modules-2/files-2.1/org.springframework.data/spring-data-commons/1.11.0.RELEASE/935cd4ab0a1a07358d7f0c9c808f9113dc177bd8/spring-data-commons-1.11.0.RELEASE.jar!/org/springframework/data/domain/jaxb/OrderAdapter.class]
2016-04-27 17:58:10.973 TRACE 37359 --- [    Test worker] ssPathScanningCandidateComponentProvider : Ignored because not matching any filter: URL [jar:file:/Users/yjayaraman/.gradle/caches/modules-2/files-2.1/org.springframework.data/spring-data-commons/1.11.0.RELEASE/935cd4ab0a1a07358d7f0c9c808f9113dc177bd8/spring-data-commons-1.11.0.RELEASE.jar!/org/springframework/data/domain/jaxb/OrderAdapter.class]
2016-04-27 17:58:10.973 TRACE 37359 --- [    Test worker] ssPathScanningCandidateComponentProvider : Scanning URL [jar:file:/Users/yjayaraman/.gradle/caches/modules-2/files-2.1/org.springframework.data/spring-data-commons/1.11.0.RELEASE/935cd4ab0a1a07358d7f0c9c808f9113dc177bd8/spring-data-commons-1.11.0.RELEASE.jar!/org/springframework/data/domain/jaxb/SpringDataJaxb$SortDto.class]
2016-04-27 17:58:10.973 TRACE 37359 --- [    Test worker] ssPathScanningCandidateComponentProvider : Ignored because not matching any filter: URL [jar:file:/Users/yjayaraman/.gradle/caches/modules-2/files-2.1/org.springframework.data/spring-data-commons/1.11.0.RELEASE/935cd4ab0a1a07358d7f0c9c808f9113dc177bd8/spring-data-commons-1.11.0.RELEASE.jar!/org/springframework/data/domain/jaxb/SpringDataJaxb$SortDto.class]
2016-04-27 17:58:10.973 TRACE 37359 --- [    Test worker] ssPathScanningCandidateComponentProvider : Scanning URL [jar:file:/Users/yjayaraman/.gradle/caches/modules-2/files-2.1/org.springframework.data/spring-data-commons/1.11.0.RELEASE/935cd4ab0a1a07358d7f0c9c808f9113dc177bd8/spring-data-commons-1.11.0.RELEASE.jar!/org/springframework/data/domain/jaxb/SpringDataJaxb$PageRequestDto.class]
2016-04-27 17:58:10.973 TRACE 37359 --- [    Test worker] ssPathScanningCandidateComponentProvider : Ignored because not matching any filter: URL [jar:file:/Users/yjayaraman/.gradle/caches/modules-2/files-2.1/org.springframework.data/spring-data-commons/1.11.0.RELEASE/935cd4ab0a1a07358d7f0c9c808f9113dc177bd8/spring-data-commons-1.11.0.RELEASE.jar!/org/springframework/data/domain/jaxb/SpringDataJaxb$PageRequestDto.class]
2016-04-27 17:58:10.973 TRACE 37359 --- [    Test worker] ssPathScanningCandidateComponentProvider : Scanning URL [jar:file:/Users/yjayaraman/.gradle/caches/modules-2/files-2.1/org.springframework.data/spring-data-commons/1.11.0.RELEASE/935cd4ab0a1a07358d7f0c9c808f9113dc177bd8/spring-data-commons-1.11.0.RELEASE.jar!/org/springframework/data/domain/jaxb/SpringDataJaxb$PageDto.class]
2016-04-27 17:58:10.973 TRACE 37359 --- [    Test worker] ssPathScanningCandidateComponentProvider : Ignored because not matching any filter: URL [jar:file:/Users/yjayaraman/.gradle/caches/modules-2/files-2.1/org.springframework.data/spring-data-commons/1.11.0.RELEASE/935cd4ab0a1a07358d7f0c9c808f9113dc177bd8/spring-data-commons-1.11.0.RELEASE.jar!/org/springframework/data/domain/jaxb/SpringDataJaxb$PageDto.class]
2016-04-27 17:58:10.973 TRACE 37359 --- [    Test worker] ssPathScanningCandidateComponentProvider : Scanning URL [jar:file:/Users/yjayaraman/.gradle/caches/modules-2/files-2.1/org.springframework.data/spring-data-commons/1.11.0.RELEASE/935cd4ab0a1a07358d7f0c9c808f9113dc177bd8/spring-data-commons-1.11.0.RELEASE.jar!/org/springframework/data/domain/jaxb/SpringDataJaxb.class]
2016-04-27 17:58:10.973 TRACE 37359 --- [    Test worker] ssPathScanningCandidateComponentProvider : Ignored because not matching any filter: URL [jar:file:/Users/yjayaraman/.gradle/caches/modules-2/files-2.1/org.springframework.data/spring-data-commons/1.11.0.RELEASE/935cd4ab0a1a07358d7f0c9c808f9113dc177bd8/spring-data-commons-1.11.0.RELEASE.jar!/org/springframework/data/domain/jaxb/SpringDataJaxb.class]
2016-04-27 17:58:10.973 TRACE 37359 --- [    Test worker] ssPathScanningCandidateComponentProvider : Scanning URL [jar:file:/Users/yjayaraman/.gradle/caches/modules-2/files-2.1/org.springframework.data/spring-data-commons/1.11.0.RELEASE/935cd4ab0a1a07358d7f0c9c808f9113dc177bd8/spring-data-commons-1.11.0.RELEASE.jar!/org/springframework/data/domain/jaxb/PageableAdapter.class]
2016-04-27 17:58:10.973 TRACE 37359 --- [    Test worker] ssPathScanningCandidateComponentProvider : Ignored because not matching any filter: URL [jar:file:/Users/yjayaraman/.gradle/caches/modules-2/files-2.1/org.springframework.data/spring-data-commons/1.11.0.RELEASE/935cd4ab0a1a07358d7f0c9c808f9113dc177bd8/spring-data-commons-1.11.0.RELEASE.jar!/org/springframework/data/domain/jaxb/PageableAdapter.class]
2016-04-27 17:58:10.973 TRACE 37359 --- [    Test worker] ssPathScanningCandidateComponentProvider : Scanning URL [jar:file:/Users/yjayaraman/.gradle/caches/modules-2/files-2.1/org.springframework.data/spring-data-commons/1.11.0.RELEASE/935cd4ab0a1a07358d7f0c9c808f9113dc177bd8/spring-data-commons-1.11.0.RELEASE.jar!/org/springframework/data/domain/jaxb/SortAdapter.class]
2016-04-27 17:58:10.974 TRACE 37359 --- [    Test worker] ssPathScanningCandidateComponentProvider : Ignored because not matching any filter: URL [jar:file:/Users/yjayaraman/.gradle/caches/modules-2/files-2.1/org.springframework.data/spring-data-commons/1.11.0.RELEASE/935cd4ab0a1a07358d7f0c9c808f9113dc177bd8/spring-data-commons-1.11.0.RELEASE.jar!/org/springframework/data/domain/jaxb/SortAdapter.class]
2016-04-27 17:58:10.974 TRACE 37359 --- [    Test worker] ssPathScanningCandidateComponentProvider : Scanning URL [jar:file:/Users/yjayaraman/.gradle/caches/modules-2/files-2.1/org.springframework.data/spring-data-commons/1.11.0.RELEASE/935cd4ab0a1a07358d7f0c9c808f9113dc177bd8/spring-data-commons-1.11.0.RELEASE.jar!/org/springframework/data/domain/jaxb/package-info.class]
2016-04-27 17:58:10.974 TRACE 37359 --- [    Test worker] ssPathScanningCandidateComponentProvider : Ignored because not matching any filter: URL [jar:file:/Users/yjayaraman/.gradle/caches/modules-2/files-2.1/org.springframework.data/spring-data-commons/1.11.0.RELEASE/935cd4ab0a1a07358d7f0c9c808f9113dc177bd8/spring-data-commons-1.11.0.RELEASE.jar!/org/springframework/data/domain/jaxb/package-info.class]
2016-04-27 17:58:10.974 TRACE 37359 --- [    Test worker] ssPathScanningCandidateComponentProvider : Scanning URL [jar:file:/Users/yjayaraman/.gradle/caches/modules-2/files-2.1/org.springframework.data/spring-data-commons/1.11.0.RELEASE/935cd4ab0a1a07358d7f0c9c808f9113dc177bd8/spring-data-commons-1.11.0.RELEASE.jar!/org/springframework/data/domain/Sort$Order.class]
2016-04-27 17:58:10.975 TRACE 37359 --- [    Test worker] ssPathScanningCandidateComponentProvider : Ignored because not matching any filter: URL [jar:file:/Users/yjayaraman/.gradle/caches/modules-2/files-2.1/org.springframework.data/spring-data-commons/1.11.0.RELEASE/935cd4ab0a1a07358d7f0c9c808f9113dc177bd8/spring-data-commons-1.11.0.RELEASE.jar!/org/springframework/data/domain/Sort$Order.class]
2016-04-27 17:58:10.975 TRACE 37359 --- [    Test worker] ssPathScanningCandidateComponentProvider : Scanning URL [jar:file:/Users/yjayaraman/.gradle/caches/modules-2/files-2.1/org.springframework.data/spring-data-commons/1.11.0.RELEASE/935cd4ab0a1a07358d7f0c9c808f9113dc177bd8/spring-data-commons-1.11.0.RELEASE.jar!/org/springframework/data/domain/Slice.class]
2016-04-27 17:58:10.975 TRACE 37359 --- [    Test worker] ssPathScanningCandidateComponentProvider : Ignored because not matching any filter: URL [jar:file:/Users/yjayaraman/.gradle/caches/modules-2/files-2.1/org.springframework.data/spring-data-commons/1.11.0.RELEASE/935cd4ab0a1a07358d7f0c9c808f9113dc177bd8/spring-data-commons-1.11.0.RELEASE.jar!/org/springframework/data/domain/Slice.class]
2016-04-27 17:58:10.975 TRACE 37359 --- [    Test worker] ssPathScanningCandidateComponentProvider : Scanning URL [jar:file:/Users/yjayaraman/.gradle/caches/modules-2/files-2.1/org.springframework.data/spring-data-commons/1.11.0.RELEASE/935cd4ab0a1a07358d7f0c9c808f9113dc177bd8/spring-data-commons-1.11.0.RELEASE.jar!/org/springframework/data/domain/Auditable.class]
2016-04-27 17:58:10.975 TRACE 37359 --- [    Test worker] ssPathScanningCandidateComponentProvider : Ignored because not matching any filter: URL [jar:file:/Users/yjayaraman/.gradle/caches/modules-2/files-2.1/org.springframework.data/spring-data-commons/1.11.0.RELEASE/935cd4ab0a1a07358d7f0c9c808f9113dc177bd8/spring-data-commons-1.11.0.RELEASE.jar!/org/springframework/data/domain/Auditable.class]
2016-04-27 17:58:10.975 TRACE 37359 --- [    Test worker] ssPathScanningCandidateComponentProvider : Scanning URL [jar:file:/Users/yjayaraman/.gradle/caches/modules-2/files-2.1/org.springframework.data/spring-data-commons/1.11.0.RELEASE/935cd4ab0a1a07358d7f0c9c808f9113dc177bd8/spring-data-commons-1.11.0.RELEASE.jar!/org/springframework/data/domain/AbstractPageRequest.class]
2016-04-27 17:58:10.975 TRACE 37359 --- [    Test worker] ssPathScanningCandidateComponentProvider : Ignored because not matching any filter: URL [jar:file:/Users/yjayaraman/.gradle/caches/modules-2/files-2.1/org.springframework.data/spring-data-commons/1.11.0.RELEASE/935cd4ab0a1a07358d7f0c9c808f9113dc177bd8/spring-data-commons-1.11.0.RELEASE.jar!/org/springframework/data/domain/AbstractPageRequest.class]
2016-04-27 17:58:10.975 TRACE 37359 --- [    Test worker] ssPathScanningCandidateComponentProvider : Scanning URL [jar:file:/Users/yjayaraman/.gradle/caches/modules-2/files-2.1/org.springframework.data/spring-data-commons/1.11.0.RELEASE/935cd4ab0a1a07358d7f0c9c808f9113dc177bd8/spring-data-commons-1.11.0.RELEASE.jar!/org/springframework/data/config/TypeFilterParser$1.class]
2016-04-27 17:58:10.975 TRACE 37359 --- [    Test worker] ssPathScanningCandidateComponentProvider : Ignored because not matching any filter: URL [jar:file:/Users/yjayaraman/.gradle/caches/modules-2/files-2.1/org.springframework.data/spring-data-commons/1.11.0.RELEASE/935cd4ab0a1a07358d7f0c9c808f9113dc177bd8/spring-data-commons-1.11.0.RELEASE.jar!/org/springframework/data/config/TypeFilterParser$1.class]
2016-04-27 17:58:10.975 TRACE 37359 --- [    Test worker] ssPathScanningCandidateComponentProvider : Scanning URL [jar:file:/Users/yjayaraman/.gradle/caches/modules-2/files-2.1/org.springframework.data/spring-data-commons/1.11.0.RELEASE/935cd4ab0a1a07358d7f0c9c808f9113dc177bd8/spring-data-commons-1.11.0.RELEASE.jar!/org/springframework/data/config/BeanComponentDefinitionBuilder.class]
2016-04-27 17:58:10.975 TRACE 37359 --- [    Test worker] ssPathScanningCandidateComponentProvider : Ignored because not matching any filter: URL [jar:file:/Users/yjayaraman/.gradle/caches/modules-2/files-2.1/org.springframework.data/spring-data-commons/1.11.0.RELEASE/935cd4ab0a1a07358d7f0c9c808f9113dc177bd8/spring-data-commons-1.11.0.RELEASE.jar!/org/springframework/data/config/BeanComponentDefinitionBuilder.class]
2016-04-27 17:58:10.975 TRACE 37359 --- [    Test worker] ssPathScanningCandidateComponentProvider : Scanning URL [jar:file:/Users/yjayaraman/.gradle/caches/modules-2/files-2.1/org.springframework.data/spring-data-commons/1.11.0.RELEASE/935cd4ab0a1a07358d7f0c9c808f9113dc177bd8/spring-data-commons-1.11.0.RELEASE.jar!/org/springframework/data/config/TypeFilterParser$FilterType$2.class]
2016-04-27 17:58:10.975 TRACE 37359 --- [    Test worker] ssPathScanningCandidateComponentProvider : Ignored because not matching any filter: URL [jar:file:/Users/yjayaraman/.gradle/caches/modules-2/files-2.1/org.springframework.data/spring-data-commons/1.11.0.RELEASE/935cd4ab0a1a07358d7f0c9c808f9113dc177bd8/spring-data-commons-1.11.0.RELEASE.jar!/org/springframework/data/config/TypeFilterParser$FilterType$2.class]
2016-04-27 17:58:10.975 TRACE 37359 --- [    Test worker] ssPathScanningCandidateComponentProvider : Scanning URL [jar:file:/Users/yjayaraman/.gradle/caches/modules-2/files-2.1/org.springframework.data/spring-data-commons/1.11.0.RELEASE/935cd4ab0a1a07358d7f0c9c808f9113dc177bd8/spring-data-commons-1.11.0.RELEASE.jar!/org/springframework/data/config/TypeFilterParser$FilterType$1.class]
2016-04-27 17:58:10.975 TRACE 37359 --- [    Test worker] ssPathScanningCandidateComponentProvider : Ignored because not matching any filter: URL [jar:file:/Users/yjayaraman/.gradle/caches/modules-2/files-2.1/org.springframework.data/spring-data-commons/1.11.0.RELEASE/935cd4ab0a1a07358d7f0c9c808f9113dc177bd8/spring-data-commons-1.11.0.RELEASE.jar!/org/springframework/data/config/TypeFilterParser$FilterType$1.class]
2016-04-27 17:58:10.975 TRACE 37359 --- [    Test worker] ssPathScanningCandidateComponentProvider : Scanning URL [jar:file:/Users/yjayaraman/.gradle/caches/modules-2/files-2.1/org.springframework.data/spring-data-commons/1.11.0.RELEASE/935cd4ab0a1a07358d7f0c9c808f9113dc177bd8/spring-data-commons-1.11.0.RELEASE.jar!/org/springframework/data/config/TypeFilterParser$FilterType.class]
2016-04-27 17:58:10.976 TRACE 37359 --- [    Test worker] ssPathScanningCandidateComponentProvider : Ignored because not matching any filter: URL [jar:file:/Users/yjayaraman/.gradle/caches/modules-2/files-2.1/org.springframework.data/spring-data-commons/1.11.0.RELEASE/935cd4ab0a1a07358d7f0c9c808f9113dc177bd8/spring-data-commons-1.11.0.RELEASE.jar!/org/springframework/data/config/TypeFilterParser$FilterType.class]
2016-04-27 17:58:10.976 TRACE 37359 --- [    Test worker] ssPathScanningCandidateComponentProvider : Scanning URL [jar:file:/Users/yjayaraman/.gradle/caches/modules-2/files-2.1/org.springframework.data/spring-data-commons/1.11.0.RELEASE/935cd4ab0a1a07358d7f0c9c808f9113dc177bd8/spring-data-commons-1.11.0.RELEASE.jar!/org/springframework/data/config/ParsingUtils.class]
2016-04-27 17:58:10.976 TRACE 37359 --- [    Test worker] ssPathScanningCandidateComponentProvider : Ignored because not matching any filter: URL [jar:file:/Users/yjayaraman/.gradle/caches/modules-2/files-2.1/org.springframework.data/spring-data-commons/1.11.0.RELEASE/935cd4ab0a1a07358d7f0c9c808f9113dc177bd8/spring-data-commons-1.11.0.RELEASE.jar!/org/springframework/data/config/ParsingUtils.class]
2016-04-27 17:58:10.976 TRACE 37359 --- [    Test worker] ssPathScanningCandidateComponentProvider : Scanning URL [jar:file:/Users/yjayaraman/.gradle/caches/modules-2/files-2.1/org.springframework.data/spring-data-commons/1.11.0.RELEASE/935cd4ab0a1a07358d7f0c9c808f9113dc177bd8/spring-data-commons-1.11.0.RELEASE.jar!/org/springframework/data/config/TypeFilterParser$Type.class]
2016-04-27 17:58:10.976 TRACE 37359 --- [    Test worker] ssPathScanningCandidateComponentProvider : Ignored because not matching any filter: URL [jar:file:/Users/yjayaraman/.gradle/caches/modules-2/files-2.1/org.springframework.data/spring-data-commons/1.11.0.RELEASE/935cd4ab0a1a07358d7f0c9c808f9113dc177bd8/spring-data-commons-1.11.0.RELEASE.jar!/org/springframework/data/config/TypeFilterParser$Type.class]
2016-04-27 17:58:10.976 TRACE 37359 --- [    Test worker] ssPathScanningCandidateComponentProvider : Scanning URL [jar:file:/Users/yjayaraman/.gradle/caches/modules-2/files-2.1/org.springframework.data/spring-data-commons/1.11.0.RELEASE/935cd4ab0a1a07358d7f0c9c808f9113dc177bd8/spring-data-commons-1.11.0.RELEASE.jar!/org/springframework/data/config/TypeFilterParser$FilterType$3.class]
2016-04-27 17:58:10.976 TRACE 37359 --- [    Test worker] ssPathScanningCandidateComponentProvider : Ignored because not matching any filter: URL [jar:file:/Users/yjayaraman/.gradle/caches/modules-2/files-2.1/org.springframework.data/spring-data-commons/1.11.0.RELEASE/935cd4ab0a1a07358d7f0c9c808f9113dc177bd8/spring-data-commons-1.11.0.RELEASE.jar!/org/springframework/data/config/TypeFilterParser$FilterType$3.class]
2016-04-27 17:58:10.976 TRACE 37359 --- [    Test worker] ssPathScanningCandidateComponentProvider : Scanning URL [jar:file:/Users/yjayaraman/.gradle/caches/modules-2/files-2.1/org.springframework.data/spring-data-commons/1.11.0.RELEASE/935cd4ab0a1a07358d7f0c9c808f9113dc177bd8/spring-data-commons-1.11.0.RELEASE.jar!/org/springframework/data/config/TypeFilterParser$FilterType$5.class]
2016-04-27 17:58:10.976 TRACE 37359 --- [    Test worker] ssPathScanningCandidateComponentProvider : Ignored because not matching any filter: URL [jar:file:/Users/yjayaraman/.gradle/caches/modules-2/files-2.1/org.springframework.data/spring-data-commons/1.11.0.RELEASE/935cd4ab0a1a07358d7f0c9c808f9113dc177bd8/spring-data-commons-1.11.0.RELEASE.jar!/org/springframework/data/config/TypeFilterParser$FilterType$5.class]
2016-04-27 17:58:10.976 TRACE 37359 --- [    Test worker] ssPathScanningCandidateComponentProvider : Scanning URL [jar:file:/Users/yjayaraman/.gradle/caches/modules-2/files-2.1/org.springframework.data/spring-data-commons/1.11.0.RELEASE/935cd4ab0a1a07358d7f0c9c808f9113dc177bd8/spring-data-commons-1.11.0.RELEASE.jar!/org/springframework/data/config/TypeFilterParser.class]
2016-04-27 17:58:10.976 TRACE 37359 --- [    Test worker] ssPathScanningCandidateComponentProvider : Ignored because not matching any filter: URL [jar:file:/Users/yjayaraman/.gradle/caches/modules-2/files-2.1/org.springframework.data/spring-data-commons/1.11.0.RELEASE/935cd4ab0a1a07358d7f0c9c808f9113dc177bd8/spring-data-commons-1.11.0.RELEASE.jar!/org/springframework/data/config/TypeFilterParser.class]
2016-04-27 17:58:10.976 TRACE 37359 --- [    Test worker] ssPathScanningCandidateComponentProvider : Scanning URL [jar:file:/Users/yjayaraman/.gradle/caches/modules-2/files-2.1/org.springframework.data/spring-data-commons/1.11.0.RELEASE/935cd4ab0a1a07358d7f0c9c808f9113dc177bd8/spring-data-commons-1.11.0.RELEASE.jar!/org/springframework/data/config/TypeFilterParser$FilterType$4.class]
2016-04-27 17:58:10.976 TRACE 37359 --- [    Test worker] ssPathScanningCandidateComponentProvider : Ignored because not matching any filter: URL [jar:file:/Users/yjayaraman/.gradle/caches/modules-2/files-2.1/org.springframework.data/spring-data-commons/1.11.0.RELEASE/935cd4ab0a1a07358d7f0c9c808f9113dc177bd8/spring-data-commons-1.11.0.RELEASE.jar!/org/springframework/data/config/TypeFilterParser$FilterType$4.class]
2016-04-27 17:58:10.976 TRACE 37359 --- [    Test worker] ssPathScanningCandidateComponentProvider : Scanning URL [jar:file:/Users/yjayaraman/.gradle/caches/modules-2/files-2.1/org.springframework.data/spring-data-commons/1.11.0.RELEASE/935cd4ab0a1a07358d7f0c9c808f9113dc177bd8/spring-data-commons-1.11.0.RELEASE.jar!/org/springframework/data/auditing/CurrentDateTimeProvider.class]
2016-04-27 17:58:10.977 TRACE 37359 --- [    Test worker] ssPathScanningCandidateComponentProvider : Ignored because not matching any filter: URL [jar:file:/Users/yjayaraman/.gradle/caches/modules-2/files-2.1/org.springframework.data/spring-data-commons/1.11.0.RELEASE/935cd4ab0a1a07358d7f0c9c808f9113dc177bd8/spring-data-commons-1.11.0.RELEASE.jar!/org/springframework/data/auditing/CurrentDateTimeProvider.class]
2016-04-27 17:58:10.977 TRACE 37359 --- [    Test worker] ssPathScanningCandidateComponentProvider : Scanning URL [jar:file:/Users/yjayaraman/.gradle/caches/modules-2/files-2.1/org.springframework.data/spring-data-commons/1.11.0.RELEASE/935cd4ab0a1a07358d7f0c9c808f9113dc177bd8/spring-data-commons-1.11.0.RELEASE.jar!/org/springframework/data/auditing/MappingAuditableBeanWrapperFactory.class]
2016-04-27 17:58:10.977 TRACE 37359 --- [    Test worker] ssPathScanningCandidateComponentProvider : Ignored because not matching any filter: URL [jar:file:/Users/yjayaraman/.gradle/caches/modules-2/files-2.1/org.springframework.data/spring-data-commons/1.11.0.RELEASE/935cd4ab0a1a07358d7f0c9c808f9113dc177bd8/spring-data-commons-1.11.0.RELEASE.jar!/org/springframework/data/auditing/MappingAuditableBeanWrapperFactory.class]
2016-04-27 17:58:10.977 TRACE 37359 --- [    Test worker] ssPathScanningCandidateComponentProvider : Scanning URL [jar:file:/Users/yjayaraman/.gradle/caches/modules-2/files-2.1/org.springframework.data/spring-data-commons/1.11.0.RELEASE/935cd4ab0a1a07358d7f0c9c808f9113dc177bd8/spring-data-commons-1.11.0.RELEASE.jar!/org/springframework/data/auditing/AuditingHandler.class]
2016-04-27 17:58:10.977 TRACE 37359 --- [    Test worker] ssPathScanningCandidateComponentProvider : Ignored because not matching any filter: URL [jar:file:/Users/yjayaraman/.gradle/caches/modules-2/files-2.1/org.springframework.data/spring-data-commons/1.11.0.RELEASE/935cd4ab0a1a07358d7f0c9c808f9113dc177bd8/spring-data-commons-1.11.0.RELEASE.jar!/org/springframework/data/auditing/AuditingHandler.class]
2016-04-27 17:58:10.977 TRACE 37359 --- [    Test worker] ssPathScanningCandidateComponentProvider : Scanning URL [jar:file:/Users/yjayaraman/.gradle/caches/modules-2/files-2.1/org.springframework.data/spring-data-commons/1.11.0.RELEASE/935cd4ab0a1a07358d7f0c9c808f9113dc177bd8/spring-data-commons-1.11.0.RELEASE.jar!/org/springframework/data/auditing/MappingAuditableBeanWrapperFactory$MappingAuditingMetadata.class]
2016-04-27 17:58:10.977 TRACE 37359 --- [    Test worker] ssPathScanningCandidateComponentProvider : Ignored because not matching any filter: URL [jar:file:/Users/yjayaraman/.gradle/caches/modules-2/files-2.1/org.springframework.data/spring-data-commons/1.11.0.RELEASE/935cd4ab0a1a07358d7f0c9c808f9113dc177bd8/spring-data-commons-1.11.0.RELEASE.jar!/org/springframework/data/auditing/MappingAuditableBeanWrapperFactory$MappingAuditingMetadata.class]
2016-04-27 17:58:10.977 TRACE 37359 --- [    Test worker] ssPathScanningCandidateComponentProvider : Scanning URL [jar:file:/Users/yjayaraman/.gradle/caches/modules-2/files-2.1/org.springframework.data/spring-data-commons/1.11.0.RELEASE/935cd4ab0a1a07358d7f0c9c808f9113dc177bd8/spring-data-commons-1.11.0.RELEASE.jar!/org/springframework/data/auditing/AnnotationAuditingMetadata.class]
2016-04-27 17:58:10.977 TRACE 37359 --- [    Test worker] ssPathScanningCandidateComponentProvider : Ignored because not matching any filter: URL [jar:file:/Users/yjayaraman/.gradle/caches/modules-2/files-2.1/org.springframework.data/spring-data-commons/1.11.0.RELEASE/935cd4ab0a1a07358d7f0c9c808f9113dc177bd8/spring-data-commons-1.11.0.RELEASE.jar!/org/springframework/data/auditing/AnnotationAuditingMetadata.class]
2016-04-27 17:58:10.977 TRACE 37359 --- [    Test worker] ssPathScanningCandidateComponentProvider : Scanning URL [jar:file:/Users/yjayaraman/.gradle/caches/modules-2/files-2.1/org.springframework.data/spring-data-commons/1.11.0.RELEASE/935cd4ab0a1a07358d7f0c9c808f9113dc177bd8/spring-data-commons-1.11.0.RELEASE.jar!/org/springframework/data/auditing/MappingAuditableBeanWrapperFactory$MappingMetadataAuditableBeanWrapper.class]
2016-04-27 17:58:10.978 TRACE 37359 --- [    Test worker] ssPathScanningCandidateComponentProvider : Ignored because not matching any filter: URL [jar:file:/Users/yjayaraman/.gradle/caches/modules-2/files-2.1/org.springframework.data/spring-data-commons/1.11.0.RELEASE/935cd4ab0a1a07358d7f0c9c808f9113dc177bd8/spring-data-commons-1.11.0.RELEASE.jar!/org/springframework/data/auditing/MappingAuditableBeanWrapperFactory$MappingMetadataAuditableBeanWrapper.class]
2016-04-27 17:58:10.978 TRACE 37359 --- [    Test worker] ssPathScanningCandidateComponentProvider : Scanning URL [jar:file:/Users/yjayaraman/.gradle/caches/modules-2/files-2.1/org.springframework.data/spring-data-commons/1.11.0.RELEASE/935cd4ab0a1a07358d7f0c9c808f9113dc177bd8/spring-data-commons-1.11.0.RELEASE.jar!/org/springframework/data/auditing/DefaultAuditableBeanWrapperFactory.class]
2016-04-27 17:58:10.978 TRACE 37359 --- [    Test worker] ssPathScanningCandidateComponentProvider : Ignored because not matching any filter: URL [jar:file:/Users/yjayaraman/.gradle/caches/modules-2/files-2.1/org.springframework.data/spring-data-commons/1.11.0.RELEASE/935cd4ab0a1a07358d7f0c9c808f9113dc177bd8/spring-data-commons-1.11.0.RELEASE.jar!/org/springframework/data/auditing/DefaultAuditableBeanWrapperFactory.class]
2016-04-27 17:58:10.978 TRACE 37359 --- [    Test worker] ssPathScanningCandidateComponentProvider : Scanning URL [jar:file:/Users/yjayaraman/.gradle/caches/modules-2/files-2.1/org.springframework.data/spring-data-commons/1.11.0.RELEASE/935cd4ab0a1a07358d7f0c9c808f9113dc177bd8/spring-data-commons-1.11.0.RELEASE.jar!/org/springframework/data/auditing/DateTimeProvider.class]
2016-04-27 17:58:10.978 TRACE 37359 --- [    Test worker] ssPathScanningCandidateComponentProvider : Ignored because not matching any filter: URL [jar:file:/Users/yjayaraman/.gradle/caches/modules-2/files-2.1/org.springframework.data/spring-data-commons/1.11.0.RELEASE/935cd4ab0a1a07358d7f0c9c808f9113dc177bd8/spring-data-commons-1.11.0.RELEASE.jar!/org/springframework/data/auditing/DateTimeProvider.class]
2016-04-27 17:58:10.978 TRACE 37359 --- [    Test worker] ssPathScanningCandidateComponentProvider : Scanning URL [jar:file:/Users/yjayaraman/.gradle/caches/modules-2/files-2.1/org.springframework.data/spring-data-commons/1.11.0.RELEASE/935cd4ab0a1a07358d7f0c9c808f9113dc177bd8/spring-data-commons-1.11.0.RELEASE.jar!/org/springframework/data/auditing/DefaultAuditableBeanWrapperFactory$AuditableInterfaceBeanWrapper.class]
2016-04-27 17:58:10.978 TRACE 37359 --- [    Test worker] ssPathScanningCandidateComponentProvider : Ignored because not matching any filter: URL [jar:file:/Users/yjayaraman/.gradle/caches/modules-2/files-2.1/org.springframework.data/spring-data-commons/1.11.0.RELEASE/935cd4ab0a1a07358d7f0c9c808f9113dc177bd8/spring-data-commons-1.11.0.RELEASE.jar!/org/springframework/data/auditing/DefaultAuditableBeanWrapperFactory$AuditableInterfaceBeanWrapper.class]
2016-04-27 17:58:10.978 TRACE 37359 --- [    Test worker] ssPathScanningCandidateComponentProvider : Scanning URL [jar:file:/Users/yjayaraman/.gradle/caches/modules-2/files-2.1/org.springframework.data/spring-data-commons/1.11.0.RELEASE/935cd4ab0a1a07358d7f0c9c808f9113dc177bd8/spring-data-commons-1.11.0.RELEASE.jar!/org/springframework/data/auditing/AuditableBeanWrapper.class]
2016-04-27 17:58:10.978 TRACE 37359 --- [    Test worker] ssPathScanningCandidateComponentProvider : Ignored because not matching any filter: URL [jar:file:/Users/yjayaraman/.gradle/caches/modules-2/files-2.1/org.springframework.data/spring-data-commons/1.11.0.RELEASE/935cd4ab0a1a07358d7f0c9c808f9113dc177bd8/spring-data-commons-1.11.0.RELEASE.jar!/org/springframework/data/auditing/AuditableBeanWrapper.class]
2016-04-27 17:58:10.978 TRACE 37359 --- [    Test worker] ssPathScanningCandidateComponentProvider : Scanning URL [jar:file:/Users/yjayaraman/.gradle/caches/modules-2/files-2.1/org.springframework.data/spring-data-commons/1.11.0.RELEASE/935cd4ab0a1a07358d7f0c9c808f9113dc177bd8/spring-data-commons-1.11.0.RELEASE.jar!/org/springframework/data/auditing/DefaultAuditableBeanWrapperFactory$CalendarToDateTimeConverter.class]
2016-04-27 17:58:10.978 TRACE 37359 --- [    Test worker] ssPathScanningCandidateComponentProvider : Ignored because not matching any filter: URL [jar:file:/Users/yjayaraman/.gradle/caches/modules-2/files-2.1/org.springframework.data/spring-data-commons/1.11.0.RELEASE/935cd4ab0a1a07358d7f0c9c808f9113dc177bd8/spring-data-commons-1.11.0.RELEASE.jar!/org/springframework/data/auditing/DefaultAuditableBeanWrapperFactory$CalendarToDateTimeConverter.class]
2016-04-27 17:58:10.978 TRACE 37359 --- [    Test worker] ssPathScanningCandidateComponentProvider : Scanning URL [jar:file:/Users/yjayaraman/.gradle/caches/modules-2/files-2.1/org.springframework.data/spring-data-commons/1.11.0.RELEASE/935cd4ab0a1a07358d7f0c9c808f9113dc177bd8/spring-data-commons-1.11.0.RELEASE.jar!/org/springframework/data/auditing/AuditableBeanWrapperFactory.class]
2016-04-27 17:58:10.978 TRACE 37359 --- [    Test worker] ssPathScanningCandidateComponentProvider : Ignored because not matching any filter: URL [jar:file:/Users/yjayaraman/.gradle/caches/modules-2/files-2.1/org.springframework.data/spring-data-commons/1.11.0.RELEASE/935cd4ab0a1a07358d7f0c9c808f9113dc177bd8/spring-data-commons-1.11.0.RELEASE.jar!/org/springframework/data/auditing/AuditableBeanWrapperFactory.class]
2016-04-27 17:58:10.978 TRACE 37359 --- [    Test worker] ssPathScanningCandidateComponentProvider : Scanning URL [jar:file:/Users/yjayaraman/.gradle/caches/modules-2/files-2.1/org.springframework.data/spring-data-commons/1.11.0.RELEASE/935cd4ab0a1a07358d7f0c9c808f9113dc177bd8/spring-data-commons-1.11.0.RELEASE.jar!/org/springframework/data/auditing/DefaultAuditableBeanWrapperFactory$CalendarToLocalDateTimeConverter.class]
2016-04-27 17:58:10.979 TRACE 37359 --- [    Test worker] ssPathScanningCandidateComponentProvider : Ignored because not matching any filter: URL [jar:file:/Users/yjayaraman/.gradle/caches/modules-2/files-2.1/org.springframework.data/spring-data-commons/1.11.0.RELEASE/935cd4ab0a1a07358d7f0c9c808f9113dc177bd8/spring-data-commons-1.11.0.RELEASE.jar!/org/springframework/data/auditing/DefaultAuditableBeanWrapperFactory$CalendarToLocalDateTimeConverter.class]
2016-04-27 17:58:10.979 TRACE 37359 --- [    Test worker] ssPathScanningCandidateComponentProvider : Scanning URL [jar:file:/Users/yjayaraman/.gradle/caches/modules-2/files-2.1/org.springframework.data/spring-data-commons/1.11.0.RELEASE/935cd4ab0a1a07358d7f0c9c808f9113dc177bd8/spring-data-commons-1.11.0.RELEASE.jar!/org/springframework/data/auditing/DefaultAuditableBeanWrapperFactory$DateConvertingAuditableBeanWrapper.class]
2016-04-27 17:58:10.979 TRACE 37359 --- [    Test worker] ssPathScanningCandidateComponentProvider : Ignored because not matching any filter: URL [jar:file:/Users/yjayaraman/.gradle/caches/modules-2/files-2.1/org.springframework.data/spring-data-commons/1.11.0.RELEASE/935cd4ab0a1a07358d7f0c9c808f9113dc177bd8/spring-data-commons-1.11.0.RELEASE.jar!/org/springframework/data/auditing/DefaultAuditableBeanWrapperFactory$DateConvertingAuditableBeanWrapper.class]
2016-04-27 17:58:10.979 TRACE 37359 --- [    Test worker] ssPathScanningCandidateComponentProvider : Scanning URL [jar:file:/Users/yjayaraman/.gradle/caches/modules-2/files-2.1/org.springframework.data/spring-data-commons/1.11.0.RELEASE/935cd4ab0a1a07358d7f0c9c808f9113dc177bd8/spring-data-commons-1.11.0.RELEASE.jar!/org/springframework/data/auditing/DefaultAuditableBeanWrapperFactory$ReflectionAuditingBeanWrapper.class]
2016-04-27 17:58:10.979 TRACE 37359 --- [    Test worker] ssPathScanningCandidateComponentProvider : Ignored because not matching any filter: URL [jar:file:/Users/yjayaraman/.gradle/caches/modules-2/files-2.1/org.springframework.data/spring-data-commons/1.11.0.RELEASE/935cd4ab0a1a07358d7f0c9c808f9113dc177bd8/spring-data-commons-1.11.0.RELEASE.jar!/org/springframework/data/auditing/DefaultAuditableBeanWrapperFactory$ReflectionAuditingBeanWrapper.class]
2016-04-27 17:58:10.979 TRACE 37359 --- [    Test worker] ssPathScanningCandidateComponentProvider : Scanning URL [jar:file:/Users/yjayaraman/.gradle/caches/modules-2/files-2.1/org.springframework.data/spring-data-commons/1.11.0.RELEASE/935cd4ab0a1a07358d7f0c9c808f9113dc177bd8/spring-data-commons-1.11.0.RELEASE.jar!/org/springframework/data/auditing/config/IsNewAwareAuditingHandlerBeanDefinitionParser.class]
2016-04-27 17:58:10.979 TRACE 37359 --- [    Test worker] ssPathScanningCandidateComponentProvider : Ignored because not matching any filter: URL [jar:file:/Users/yjayaraman/.gradle/caches/modules-2/files-2.1/org.springframework.data/spring-data-commons/1.11.0.RELEASE/935cd4ab0a1a07358d7f0c9c808f9113dc177bd8/spring-data-commons-1.11.0.RELEASE.jar!/org/springframework/data/auditing/config/IsNewAwareAuditingHandlerBeanDefinitionParser.class]
2016-04-27 17:58:10.979 TRACE 37359 --- [    Test worker] ssPathScanningCandidateComponentProvider : Scanning URL [jar:file:/Users/yjayaraman/.gradle/caches/modules-2/files-2.1/org.springframework.data/spring-data-commons/1.11.0.RELEASE/935cd4ab0a1a07358d7f0c9c808f9113dc177bd8/spring-data-commons-1.11.0.RELEASE.jar!/org/springframework/data/auditing/config/AuditingConfiguration.class]
2016-04-27 17:58:10.979 TRACE 37359 --- [    Test worker] ssPathScanningCandidateComponentProvider : Ignored because not matching any filter: URL [jar:file:/Users/yjayaraman/.gradle/caches/modules-2/files-2.1/org.springframework.data/spring-data-commons/1.11.0.RELEASE/935cd4ab0a1a07358d7f0c9c808f9113dc177bd8/spring-data-commons-1.11.0.RELEASE.jar!/org/springframework/data/auditing/config/AuditingConfiguration.class]
2016-04-27 17:58:10.979 TRACE 37359 --- [    Test worker] ssPathScanningCandidateComponentProvider : Scanning URL [jar:file:/Users/yjayaraman/.gradle/caches/modules-2/files-2.1/org.springframework.data/spring-data-commons/1.11.0.RELEASE/935cd4ab0a1a07358d7f0c9c808f9113dc177bd8/spring-data-commons-1.11.0.RELEASE.jar!/org/springframework/data/auditing/config/AuditingHandlerBeanDefinitionParser.class]
2016-04-27 17:58:10.979 TRACE 37359 --- [    Test worker] ssPathScanningCandidateComponentProvider : Ignored because not matching any filter: URL [jar:file:/Users/yjayaraman/.gradle/caches/modules-2/files-2.1/org.springframework.data/spring-data-commons/1.11.0.RELEASE/935cd4ab0a1a07358d7f0c9c808f9113dc177bd8/spring-data-commons-1.11.0.RELEASE.jar!/org/springframework/data/auditing/config/AuditingHandlerBeanDefinitionParser.class]
2016-04-27 17:58:10.979 TRACE 37359 --- [    Test worker] ssPathScanningCandidateComponentProvider : Scanning URL [jar:file:/Users/yjayaraman/.gradle/caches/modules-2/files-2.1/org.springframework.data/spring-data-commons/1.11.0.RELEASE/935cd4ab0a1a07358d7f0c9c808f9113dc177bd8/spring-data-commons-1.11.0.RELEASE.jar!/org/springframework/data/auditing/config/AuditingBeanDefinitionRegistrarSupport.class]
2016-04-27 17:58:10.979 TRACE 37359 --- [    Test worker] ssPathScanningCandidateComponentProvider : Ignored because not matching any filter: URL [jar:file:/Users/yjayaraman/.gradle/caches/modules-2/files-2.1/org.springframework.data/spring-data-commons/1.11.0.RELEASE/935cd4ab0a1a07358d7f0c9c808f9113dc177bd8/spring-data-commons-1.11.0.RELEASE.jar!/org/springframework/data/auditing/config/AuditingBeanDefinitionRegistrarSupport.class]
2016-04-27 17:58:10.979 TRACE 37359 --- [    Test worker] ssPathScanningCandidateComponentProvider : Scanning URL [jar:file:/Users/yjayaraman/.gradle/caches/modules-2/files-2.1/org.springframework.data/spring-data-commons/1.11.0.RELEASE/935cd4ab0a1a07358d7f0c9c808f9113dc177bd8/spring-data-commons-1.11.0.RELEASE.jar!/org/springframework/data/auditing/config/AnnotationAuditingConfiguration.class]
2016-04-27 17:58:10.980 TRACE 37359 --- [    Test worker] ssPathScanningCandidateComponentProvider : Ignored because not matching any filter: URL [jar:file:/Users/yjayaraman/.gradle/caches/modules-2/files-2.1/org.springframework.data/spring-data-commons/1.11.0.RELEASE/935cd4ab0a1a07358d7f0c9c808f9113dc177bd8/spring-data-commons-1.11.0.RELEASE.jar!/org/springframework/data/auditing/config/AnnotationAuditingConfiguration.class]
2016-04-27 17:58:10.980 TRACE 37359 --- [    Test worker] ssPathScanningCandidateComponentProvider : Scanning URL [jar:file:/Users/yjayaraman/.gradle/caches/modules-2/files-2.1/org.springframework.data/spring-data-commons/1.11.0.RELEASE/935cd4ab0a1a07358d7f0c9c808f9113dc177bd8/spring-data-commons-1.11.0.RELEASE.jar!/org/springframework/data/auditing/IsNewAwareAuditingHandler.class]
2016-04-27 17:58:10.980 TRACE 37359 --- [    Test worker] ssPathScanningCandidateComponentProvider : Ignored because not matching any filter: URL [jar:file:/Users/yjayaraman/.gradle/caches/modules-2/files-2.1/org.springframework.data/spring-data-commons/1.11.0.RELEASE/935cd4ab0a1a07358d7f0c9c808f9113dc177bd8/spring-data-commons-1.11.0.RELEASE.jar!/org/springframework/data/auditing/IsNewAwareAuditingHandler.class]
2016-04-27 17:58:10.980 TRACE 37359 --- [    Test worker] ssPathScanningCandidateComponentProvider : Scanning URL [jar:file:/Users/yjayaraman/.gradle/caches/modules-2/files-2.1/org.springframework.data/spring-data-commons/1.11.0.RELEASE/935cd4ab0a1a07358d7f0c9c808f9113dc177bd8/spring-data-commons-1.11.0.RELEASE.jar!/org/springframework/data/authentication/UserCredentials.class]
2016-04-27 17:58:10.980 TRACE 37359 --- [    Test worker] ssPathScanningCandidateComponentProvider : Ignored because not matching any filter: URL [jar:file:/Users/yjayaraman/.gradle/caches/modules-2/files-2.1/org.springframework.data/spring-data-commons/1.11.0.RELEASE/935cd4ab0a1a07358d7f0c9c808f9113dc177bd8/spring-data-commons-1.11.0.RELEASE.jar!/org/springframework/data/authentication/UserCredentials.class]
2016-04-27 17:58:10.980 TRACE 37359 --- [    Test worker] ssPathScanningCandidateComponentProvider : Scanning URL [jar:file:/Users/yjayaraman/.gradle/caches/modules-2/files-2.1/org.springframework.data/spring-data-commons/1.11.0.RELEASE/935cd4ab0a1a07358d7f0c9c808f9113dc177bd8/spring-data-commons-1.11.0.RELEASE.jar!/org/springframework/data/support/PersistableIsNewStrategy.class]
2016-04-27 17:58:10.980 TRACE 37359 --- [    Test worker] ssPathScanningCandidateComponentProvider : Ignored because not matching any filter: URL [jar:file:/Users/yjayaraman/.gradle/caches/modules-2/files-2.1/org.springframework.data/spring-data-commons/1.11.0.RELEASE/935cd4ab0a1a07358d7f0c9c808f9113dc177bd8/spring-data-commons-1.11.0.RELEASE.jar!/org/springframework/data/support/PersistableIsNewStrategy.class]
2016-04-27 17:58:10.980 TRACE 37359 --- [    Test worker] ssPathScanningCandidateComponentProvider : Scanning URL [jar:file:/Users/yjayaraman/.gradle/caches/modules-2/files-2.1/org.springframework.data/spring-data-commons/1.11.0.RELEASE/935cd4ab0a1a07358d7f0c9c808f9113dc177bd8/spring-data-commons-1.11.0.RELEASE.jar!/org/springframework/data/support/CachingIsNewStrategyFactory.class]
2016-04-27 17:58:10.980 TRACE 37359 --- [    Test worker] ssPathScanningCandidateComponentProvider : Ignored because not matching any filter: URL [jar:file:/Users/yjayaraman/.gradle/caches/modules-2/files-2.1/org.springframework.data/spring-data-commons/1.11.0.RELEASE/935cd4ab0a1a07358d7f0c9c808f9113dc177bd8/spring-data-commons-1.11.0.RELEASE.jar!/org/springframework/data/support/CachingIsNewStrategyFactory.class]
2016-04-27 17:58:10.980 TRACE 37359 --- [    Test worker] ssPathScanningCandidateComponentProvider : Scanning URL [jar:file:/Users/yjayaraman/.gradle/caches/modules-2/files-2.1/org.springframework.data/spring-data-commons/1.11.0.RELEASE/935cd4ab0a1a07358d7f0c9c808f9113dc177bd8/spring-data-commons-1.11.0.RELEASE.jar!/org/springframework/data/support/IsNewStrategy.class]
2016-04-27 17:58:10.980 TRACE 37359 --- [    Test worker] ssPathScanningCandidateComponentProvider : Ignored because not matching any filter: URL [jar:file:/Users/yjayaraman/.gradle/caches/modules-2/files-2.1/org.springframework.data/spring-data-commons/1.11.0.RELEASE/935cd4ab0a1a07358d7f0c9c808f9113dc177bd8/spring-data-commons-1.11.0.RELEASE.jar!/org/springframework/data/support/IsNewStrategy.class]
2016-04-27 17:58:10.980 TRACE 37359 --- [    Test worker] ssPathScanningCandidateComponentProvider : Scanning URL [jar:file:/Users/yjayaraman/.gradle/caches/modules-2/files-2.1/org.springframework.data/spring-data-commons/1.11.0.RELEASE/935cd4ab0a1a07358d7f0c9c808f9113dc177bd8/spring-data-commons-1.11.0.RELEASE.jar!/org/springframework/data/support/IsNewStrategyFactorySupport.class]
2016-04-27 17:58:10.980 TRACE 37359 --- [    Test worker] ssPathScanningCandidateComponentProvider : Ignored because not matching any filter: URL [jar:file:/Users/yjayaraman/.gradle/caches/modules-2/files-2.1/org.springframework.data/spring-data-commons/1.11.0.RELEASE/935cd4ab0a1a07358d7f0c9c808f9113dc177bd8/spring-data-commons-1.11.0.RELEASE.jar!/org/springframework/data/support/IsNewStrategyFactorySupport.class]
2016-04-27 17:58:10.980 TRACE 37359 --- [    Test worker] ssPathScanningCandidateComponentProvider : Scanning URL [jar:file:/Users/yjayaraman/.gradle/caches/modules-2/files-2.1/org.springframework.data/spring-data-commons/1.11.0.RELEASE/935cd4ab0a1a07358d7f0c9c808f9113dc177bd8/spring-data-commons-1.11.0.RELEASE.jar!/org/springframework/data/support/IsNewStrategyFactory.class]
2016-04-27 17:58:10.981 TRACE 37359 --- [    Test worker] ssPathScanningCandidateComponentProvider : Ignored because not matching any filter: URL [jar:file:/Users/yjayaraman/.gradle/caches/modules-2/files-2.1/org.springframework.data/spring-data-commons/1.11.0.RELEASE/935cd4ab0a1a07358d7f0c9c808f9113dc177bd8/spring-data-commons-1.11.0.RELEASE.jar!/org/springframework/data/support/IsNewStrategyFactory.class]
2016-04-27 17:58:10.981 TRACE 37359 --- [    Test worker] ssPathScanningCandidateComponentProvider : Scanning URL [jar:file:/Users/yjayaraman/.gradle/caches/modules-2/files-2.1/org.springframework.data/spring-data-commons/1.11.0.RELEASE/935cd4ab0a1a07358d7f0c9c808f9113dc177bd8/spring-data-commons-1.11.0.RELEASE.jar!/org/springframework/data/projection/DefaultMethodInvokingMethodInterceptor.class]
2016-04-27 17:58:10.981 TRACE 37359 --- [    Test worker] ssPathScanningCandidateComponentProvider : Ignored because not matching any filter: URL [jar:file:/Users/yjayaraman/.gradle/caches/modules-2/files-2.1/org.springframework.data/spring-data-commons/1.11.0.RELEASE/935cd4ab0a1a07358d7f0c9c808f9113dc177bd8/spring-data-commons-1.11.0.RELEASE.jar!/org/springframework/data/projection/DefaultMethodInvokingMethodInterceptor.class]
2016-04-27 17:58:10.981 TRACE 37359 --- [    Test worker] ssPathScanningCandidateComponentProvider : Scanning URL [jar:file:/Users/yjayaraman/.gradle/caches/modules-2/files-2.1/org.springframework.data/spring-data-commons/1.11.0.RELEASE/935cd4ab0a1a07358d7f0c9c808f9113dc177bd8/spring-data-commons-1.11.0.RELEASE.jar!/org/springframework/data/projection/ProjectingMethodInterceptor.class]
2016-04-27 17:58:10.981 TRACE 37359 --- [    Test worker] ssPathScanningCandidateComponentProvider : Ignored because not matching any filter: URL [jar:file:/Users/yjayaraman/.gradle/caches/modules-2/files-2.1/org.springframework.data/spring-data-commons/1.11.0.RELEASE/935cd4ab0a1a07358d7f0c9c808f9113dc177bd8/spring-data-commons-1.11.0.RELEASE.jar!/org/springframework/data/projection/ProjectingMethodInterceptor.class]
2016-04-27 17:58:10.981 TRACE 37359 --- [    Test worker] ssPathScanningCandidateComponentProvider : Scanning URL [jar:file:/Users/yjayaraman/.gradle/caches/modules-2/files-2.1/org.springframework.data/spring-data-commons/1.11.0.RELEASE/935cd4ab0a1a07358d7f0c9c808f9113dc177bd8/spring-data-commons-1.11.0.RELEASE.jar!/org/springframework/data/projection/TargetAware.class]
2016-04-27 17:58:10.981 TRACE 37359 --- [    Test worker] ssPathScanningCandidateComponentProvider : Ignored because not matching any filter: URL [jar:file:/Users/yjayaraman/.gradle/caches/modules-2/files-2.1/org.springframework.data/spring-data-commons/1.11.0.RELEASE/935cd4ab0a1a07358d7f0c9c808f9113dc177bd8/spring-data-commons-1.11.0.RELEASE.jar!/org/springframework/data/projection/TargetAware.class]
2016-04-27 17:58:10.981 TRACE 37359 --- [    Test worker] ssPathScanningCandidateComponentProvider : Scanning URL [jar:file:/Users/yjayaraman/.gradle/caches/modules-2/files-2.1/org.springframework.data/spring-data-commons/1.11.0.RELEASE/935cd4ab0a1a07358d7f0c9c808f9113dc177bd8/spring-data-commons-1.11.0.RELEASE.jar!/org/springframework/data/projection/SpelEvaluatingMethodInterceptor$TargetWrapper.class]
2016-04-27 17:58:10.981 TRACE 37359 --- [    Test worker] ssPathScanningCandidateComponentProvider : Ignored because not matching any filter: URL [jar:file:/Users/yjayaraman/.gradle/caches/modules-2/files-2.1/org.springframework.data/spring-data-commons/1.11.0.RELEASE/935cd4ab0a1a07358d7f0c9c808f9113dc177bd8/spring-data-commons-1.11.0.RELEASE.jar!/org/springframework/data/projection/SpelEvaluatingMethodInterceptor$TargetWrapper.class]
2016-04-27 17:58:10.981 TRACE 37359 --- [    Test worker] ssPathScanningCandidateComponentProvider : Scanning URL [jar:file:/Users/yjayaraman/.gradle/caches/modules-2/files-2.1/org.springframework.data/spring-data-commons/1.11.0.RELEASE/935cd4ab0a1a07358d7f0c9c808f9113dc177bd8/spring-data-commons-1.11.0.RELEASE.jar!/org/springframework/data/projection/SpelEvaluatingMethodInterceptor.class]
2016-04-27 17:58:10.982 TRACE 37359 --- [    Test worker] ssPathScanningCandidateComponentProvider : Ignored because not matching any filter: URL [jar:file:/Users/yjayaraman/.gradle/caches/modules-2/files-2.1/org.springframework.data/spring-data-commons/1.11.0.RELEASE/935cd4ab0a1a07358d7f0c9c808f9113dc177bd8/spring-data-commons-1.11.0.RELEASE.jar!/org/springframework/data/projection/SpelEvaluatingMethodInterceptor.class]
2016-04-27 17:58:10.982 TRACE 37359 --- [    Test worker] ssPathScanningCandidateComponentProvider : Scanning URL [jar:file:/Users/yjayaraman/.gradle/caches/modules-2/files-2.1/org.springframework.data/spring-data-commons/1.11.0.RELEASE/935cd4ab0a1a07358d7f0c9c808f9113dc177bd8/spring-data-commons-1.11.0.RELEASE.jar!/org/springframework/data/projection/MapAccessingMethodInterceptor.class]
2016-04-27 17:58:10.982 TRACE 37359 --- [    Test worker] ssPathScanningCandidateComponentProvider : Ignored because not matching any filter: URL [jar:file:/Users/yjayaraman/.gradle/caches/modules-2/files-2.1/org.springframework.data/spring-data-commons/1.11.0.RELEASE/935cd4ab0a1a07358d7f0c9c808f9113dc177bd8/spring-data-commons-1.11.0.RELEASE.jar!/org/springframework/data/projection/MapAccessingMethodInterceptor.class]
2016-04-27 17:58:10.982 TRACE 37359 --- [    Test worker] ssPathScanningCandidateComponentProvider : Scanning URL [jar:file:/Users/yjayaraman/.gradle/caches/modules-2/files-2.1/org.springframework.data/spring-data-commons/1.11.0.RELEASE/935cd4ab0a1a07358d7f0c9c808f9113dc177bd8/spring-data-commons-1.11.0.RELEASE.jar!/org/springframework/data/projection/SpelAwareProxyProjectionFactory.class]
2016-04-27 17:58:10.982 TRACE 37359 --- [    Test worker] ssPathScanningCandidateComponentProvider : Ignored because not matching any filter: URL [jar:file:/Users/yjayaraman/.gradle/caches/modules-2/files-2.1/org.springframework.data/spring-data-commons/1.11.0.RELEASE/935cd4ab0a1a07358d7f0c9c808f9113dc177bd8/spring-data-commons-1.11.0.RELEASE.jar!/org/springframework/data/projection/SpelAwareProxyProjectionFactory.class]
2016-04-27 17:58:10.982 TRACE 37359 --- [    Test worker] ssPathScanningCandidateComponentProvider : Scanning URL [jar:file:/Users/yjayaraman/.gradle/caches/modules-2/files-2.1/org.springframework.data/spring-data-commons/1.11.0.RELEASE/935cd4ab0a1a07358d7f0c9c808f9113dc177bd8/spring-data-commons-1.11.0.RELEASE.jar!/org/springframework/data/projection/ProxyProjectionFactory.class]
2016-04-27 17:58:10.982 TRACE 37359 --- [    Test worker] ssPathScanningCandidateComponentProvider : Ignored because not matching any filter: URL [jar:file:/Users/yjayaraman/.gradle/caches/modules-2/files-2.1/org.springframework.data/spring-data-commons/1.11.0.RELEASE/935cd4ab0a1a07358d7f0c9c808f9113dc177bd8/spring-data-commons-1.11.0.RELEASE.jar!/org/springframework/data/projection/ProxyProjectionFactory.class]
2016-04-27 17:58:10.982 TRACE 37359 --- [    Test worker] ssPathScanningCandidateComponentProvider : Scanning URL [jar:file:/Users/yjayaraman/.gradle/caches/modules-2/files-2.1/org.springframework.data/spring-data-commons/1.11.0.RELEASE/935cd4ab0a1a07358d7f0c9c808f9113dc177bd8/spring-data-commons-1.11.0.RELEASE.jar!/org/springframework/data/projection/ProjectionFactory.class]
2016-04-27 17:58:10.982 TRACE 37359 --- [    Test worker] ssPathScanningCandidateComponentProvider : Ignored because not matching any filter: URL [jar:file:/Users/yjayaraman/.gradle/caches/modules-2/files-2.1/org.springframework.data/spring-data-commons/1.11.0.RELEASE/935cd4ab0a1a07358d7f0c9c808f9113dc177bd8/spring-data-commons-1.11.0.RELEASE.jar!/org/springframework/data/projection/ProjectionFactory.class]
2016-04-27 17:58:10.982 TRACE 37359 --- [    Test worker] ssPathScanningCandidateComponentProvider : Scanning URL [jar:file:/Users/yjayaraman/.gradle/caches/modules-2/files-2.1/org.springframework.data/spring-data-commons/1.11.0.RELEASE/935cd4ab0a1a07358d7f0c9c808f9113dc177bd8/spring-data-commons-1.11.0.RELEASE.jar!/org/springframework/data/projection/PropertyAccessingMethodInterceptor.class]
2016-04-27 17:58:10.983 TRACE 37359 --- [    Test worker] ssPathScanningCandidateComponentProvider : Ignored because not matching any filter: URL [jar:file:/Users/yjayaraman/.gradle/caches/modules-2/files-2.1/org.springframework.data/spring-data-commons/1.11.0.RELEASE/935cd4ab0a1a07358d7f0c9c808f9113dc177bd8/spring-data-commons-1.11.0.RELEASE.jar!/org/springframework/data/projection/PropertyAccessingMethodInterceptor.class]
2016-04-27 17:58:10.983 TRACE 37359 --- [    Test worker] ssPathScanningCandidateComponentProvider : Scanning URL [jar:file:/Users/yjayaraman/.gradle/caches/modules-2/files-2.1/org.springframework.data/spring-data-commons/1.11.0.RELEASE/935cd4ab0a1a07358d7f0c9c808f9113dc177bd8/spring-data-commons-1.11.0.RELEASE.jar!/org/springframework/data/projection/ProxyProjectionFactory$TargetAwareMethodInterceptor.class]
2016-04-27 17:58:10.983 TRACE 37359 --- [    Test worker] ssPathScanningCandidateComponentProvider : Ignored because not matching any filter: URL [jar:file:/Users/yjayaraman/.gradle/caches/modules-2/files-2.1/org.springframework.data/spring-data-commons/1.11.0.RELEASE/935cd4ab0a1a07358d7f0c9c808f9113dc177bd8/spring-data-commons-1.11.0.RELEASE.jar!/org/springframework/data/projection/ProxyProjectionFactory$TargetAwareMethodInterceptor.class]
2016-04-27 17:58:10.983 TRACE 37359 --- [    Test worker] ssPathScanningCandidateComponentProvider : Scanning URL [jar:file:/Users/yjayaraman/.gradle/caches/modules-2/files-2.1/org.springframework.data/spring-data-commons/1.11.0.RELEASE/935cd4ab0a1a07358d7f0c9c808f9113dc177bd8/spring-data-commons-1.11.0.RELEASE.jar!/org/springframework/data/projection/MapAccessingMethodInterceptor$Accessor.class]
2016-04-27 17:58:10.983 TRACE 37359 --- [    Test worker] ssPathScanningCandidateComponentProvider : Ignored because not matching any filter: URL [jar:file:/Users/yjayaraman/.gradle/caches/modules-2/files-2.1/org.springframework.data/spring-data-commons/1.11.0.RELEASE/935cd4ab0a1a07358d7f0c9c808f9113dc177bd8/spring-data-commons-1.11.0.RELEASE.jar!/org/springframework/data/projection/MapAccessingMethodInterceptor$Accessor.class]
2016-04-27 17:58:10.983 TRACE 37359 --- [    Test worker] ssPathScanningCandidateComponentProvider : Scanning URL [jar:file:/Users/yjayaraman/.gradle/caches/modules-2/files-2.1/org.springframework.data/spring-data-commons/1.11.0.RELEASE/935cd4ab0a1a07358d7f0c9c808f9113dc177bd8/spring-data-commons-1.11.0.RELEASE.jar!/org/springframework/data/transaction/MultiTransactionStatus$SavePoints.class]
2016-04-27 17:58:10.983 TRACE 37359 --- [    Test worker] ssPathScanningCandidateComponentProvider : Ignored because not matching any filter: URL [jar:file:/Users/yjayaraman/.gradle/caches/modules-2/files-2.1/org.springframework.data/spring-data-commons/1.11.0.RELEASE/935cd4ab0a1a07358d7f0c9c808f9113dc177bd8/spring-data-commons-1.11.0.RELEASE.jar!/org/springframework/data/transaction/MultiTransactionStatus$SavePoints.class]
2016-04-27 17:58:10.983 TRACE 37359 --- [    Test worker] ssPathScanningCandidateComponentProvider : Scanning URL [jar:file:/Users/yjayaraman/.gradle/caches/modules-2/files-2.1/org.springframework.data/spring-data-commons/1.11.0.RELEASE/935cd4ab0a1a07358d7f0c9c808f9113dc177bd8/spring-data-commons-1.11.0.RELEASE.jar!/org/springframework/data/transaction/ChainedTransactionManager.class]
2016-04-27 17:58:10.983 TRACE 37359 --- [    Test worker] ssPathScanningCandidateComponentProvider : Ignored because not matching any filter: URL [jar:file:/Users/yjayaraman/.gradle/caches/modules-2/files-2.1/org.springframework.data/spring-data-commons/1.11.0.RELEASE/935cd4ab0a1a07358d7f0c9c808f9113dc177bd8/spring-data-commons-1.11.0.RELEASE.jar!/org/springframework/data/transaction/ChainedTransactionManager.class]
2016-04-27 17:58:10.983 TRACE 37359 --- [    Test worker] ssPathScanningCandidateComponentProvider : Scanning URL [jar:file:/Users/yjayaraman/.gradle/caches/modules-2/files-2.1/org.springframework.data/spring-data-commons/1.11.0.RELEASE/935cd4ab0a1a07358d7f0c9c808f9113dc177bd8/spring-data-commons-1.11.0.RELEASE.jar!/org/springframework/data/transaction/SpringTransactionSynchronizationManager.class]
2016-04-27 17:58:10.983 TRACE 37359 --- [    Test worker] ssPathScanningCandidateComponentProvider : Ignored because not matching any filter: URL [jar:file:/Users/yjayaraman/.gradle/caches/modules-2/files-2.1/org.springframework.data/spring-data-commons/1.11.0.RELEASE/935cd4ab0a1a07358d7f0c9c808f9113dc177bd8/spring-data-commons-1.11.0.RELEASE.jar!/org/springframework/data/transaction/SpringTransactionSynchronizationManager.class]
2016-04-27 17:58:10.984 TRACE 37359 --- [    Test worker] ssPathScanningCandidateComponentProvider : Scanning URL [jar:file:/Users/yjayaraman/.gradle/caches/modules-2/files-2.1/org.springframework.data/spring-data-commons/1.11.0.RELEASE/935cd4ab0a1a07358d7f0c9c808f9113dc177bd8/spring-data-commons-1.11.0.RELEASE.jar!/org/springframework/data/transaction/MultiTransactionStatus$1.class]
2016-04-27 17:58:10.984 TRACE 37359 --- [    Test worker] ssPathScanningCandidateComponentProvider : Ignored because not matching any filter: URL [jar:file:/Users/yjayaraman/.gradle/caches/modules-2/files-2.1/org.springframework.data/spring-data-commons/1.11.0.RELEASE/935cd4ab0a1a07358d7f0c9c808f9113dc177bd8/spring-data-commons-1.11.0.RELEASE.jar!/org/springframework/data/transaction/MultiTransactionStatus$1.class]
2016-04-27 17:58:10.984 TRACE 37359 --- [    Test worker] ssPathScanningCandidateComponentProvider : Scanning URL [jar:file:/Users/yjayaraman/.gradle/caches/modules-2/files-2.1/org.springframework.data/spring-data-commons/1.11.0.RELEASE/935cd4ab0a1a07358d7f0c9c808f9113dc177bd8/spring-data-commons-1.11.0.RELEASE.jar!/org/springframework/data/transaction/MultiTransactionStatus.class]
2016-04-27 17:58:10.984 TRACE 37359 --- [    Test worker] ssPathScanningCandidateComponentProvider : Ignored because not matching any filter: URL [jar:file:/Users/yjayaraman/.gradle/caches/modules-2/files-2.1/org.springframework.data/spring-data-commons/1.11.0.RELEASE/935cd4ab0a1a07358d7f0c9c808f9113dc177bd8/spring-data-commons-1.11.0.RELEASE.jar!/org/springframework/data/transaction/MultiTransactionStatus.class]
2016-04-27 17:58:10.984 TRACE 37359 --- [    Test worker] ssPathScanningCandidateComponentProvider : Scanning URL [jar:file:/Users/yjayaraman/.gradle/caches/modules-2/files-2.1/org.springframework.data/spring-data-commons/1.11.0.RELEASE/935cd4ab0a1a07358d7f0c9c808f9113dc177bd8/spring-data-commons-1.11.0.RELEASE.jar!/org/springframework/data/transaction/SynchronizationManager.class]
2016-04-27 17:58:10.984 TRACE 37359 --- [    Test worker] ssPathScanningCandidateComponentProvider : Ignored because not matching any filter: URL [jar:file:/Users/yjayaraman/.gradle/caches/modules-2/files-2.1/org.springframework.data/spring-data-commons/1.11.0.RELEASE/935cd4ab0a1a07358d7f0c9c808f9113dc177bd8/spring-data-commons-1.11.0.RELEASE.jar!/org/springframework/data/transaction/SynchronizationManager.class]
2016-04-27 17:58:10.986 TRACE 37359 --- [    Test worker] o.s.b.a.condition.OnClassCondition       : Condition OnClassCondition on org.springframework.boot.autoconfigure.elasticsearch.ElasticsearchAutoConfiguration did not match due to required @ConditionalOnClass classes not found: org.elasticsearch.client.Client,org.springframework.data.elasticsearch.client.TransportClientFactoryBean,org.springframework.data.elasticsearch.client.NodeClientFactoryBean
2016-04-27 17:58:10.986 DEBUG 37359 --- [    Test worker] o.s.b.f.s.DefaultListableBeanFactory     : Returning cached instance of singleton bean 'autoConfigurationReport'
2016-04-27 17:58:10.987 TRACE 37359 --- [    Test worker] o.s.b.a.condition.OnClassCondition       : Condition OnClassCondition on org.springframework.boot.autoconfigure.elasticsearch.ElasticsearchDataAutoConfiguration did not match due to required @ConditionalOnClass classes not found: org.elasticsearch.client.Client,org.springframework.data.elasticsearch.core.ElasticsearchTemplate
2016-04-27 17:58:10.987 DEBUG 37359 --- [    Test worker] o.s.b.f.s.DefaultListableBeanFactory     : Returning cached instance of singleton bean 'autoConfigurationReport'
2016-04-27 17:58:10.987 TRACE 37359 --- [    Test worker] o.s.b.a.condition.OnClassCondition       : Condition OnClassCondition on org.springframework.boot.autoconfigure.flyway.FlywayAutoConfiguration did not match due to required @ConditionalOnClass classes not found: org.flywaydb.core.Flyway
2016-04-27 17:58:10.987 DEBUG 37359 --- [    Test worker] o.s.b.f.s.DefaultListableBeanFactory     : Returning cached instance of singleton bean 'autoConfigurationReport'
2016-04-27 17:58:10.987 TRACE 37359 --- [    Test worker] o.s.b.a.condition.OnClassCondition       : Condition OnClassCondition on org.springframework.boot.autoconfigure.freemarker.FreeMarkerAutoConfiguration did not match due to required @ConditionalOnClass classes not found: freemarker.template.Configuration,org.springframework.ui.freemarker.FreeMarkerConfigurationFactory
2016-04-27 17:58:10.987 DEBUG 37359 --- [    Test worker] o.s.b.f.s.DefaultListableBeanFactory     : Returning cached instance of singleton bean 'autoConfigurationReport'
2016-04-27 17:58:10.988 TRACE 37359 --- [    Test worker] o.s.b.a.condition.OnClassCondition       : Condition OnClassCondition on org.springframework.boot.autoconfigure.groovy.template.GroovyTemplateAutoConfiguration did not match due to required @ConditionalOnClass classes not found: groovy.text.markup.MarkupTemplateEngine
2016-04-27 17:58:10.988 DEBUG 37359 --- [    Test worker] o.s.b.f.s.DefaultListableBeanFactory     : Returning cached instance of singleton bean 'autoConfigurationReport'
2016-04-27 17:58:10.988 TRACE 37359 --- [    Test worker] o.s.b.a.condition.OnClassCondition       : Condition OnClassCondition on org.springframework.boot.autoconfigure.security.SecurityAutoConfiguration did not match due to required @ConditionalOnClass classes not found: org.springframework.security.authentication.AuthenticationManager,org.springframework.security.config.annotation.authentication.configurers.GlobalAuthenticationConfigurerAdapter
2016-04-27 17:58:10.988 DEBUG 37359 --- [    Test worker] o.s.b.f.s.DefaultListableBeanFactory     : Returning cached instance of singleton bean 'autoConfigurationReport'
2016-04-27 17:58:10.989 TRACE 37359 --- [    Test worker] o.s.b.a.condition.OnClassCondition       : Condition OnClassCondition on org.springframework.boot.autoconfigure.h2.H2ConsoleAutoConfiguration did not match due to required @ConditionalOnClass classes not found: org.h2.server.web.WebServlet
2016-04-27 17:58:10.989 DEBUG 37359 --- [    Test worker] o.s.b.f.s.DefaultListableBeanFactory     : Returning cached instance of singleton bean 'autoConfigurationReport'
2016-04-27 17:58:10.990 TRACE 37359 --- [    Test worker] o.s.b.a.condition.OnClassCondition       : Condition OnClassCondition on org.springframework.boot.autoconfigure.hateoas.HypermediaAutoConfiguration matched due to @ConditionalOnClass classes found: org.springframework.hateoas.Resource,org.springframework.web.bind.annotation.RequestMapping,org.springframework.plugin.core.Plugin
2016-04-27 17:58:10.990 DEBUG 37359 --- [    Test worker] o.s.b.f.s.DefaultListableBeanFactory     : Returning cached instance of singleton bean 'autoConfigurationReport'
2016-04-27 17:58:10.990 TRACE 37359 --- [    Test worker] o.s.b.a.c.OnWebApplicationCondition      : Condition OnWebApplicationCondition on org.springframework.boot.autoconfigure.hateoas.HypermediaAutoConfiguration matched due to found web application 'session' scope
2016-04-27 17:58:10.990 DEBUG 37359 --- [    Test worker] o.s.b.f.s.DefaultListableBeanFactory     : Returning cached instance of singleton bean 'autoConfigurationReport'
2016-04-27 17:58:10.993 TRACE 37359 --- [    Test worker] o.s.b.a.condition.OnClassCondition       : Condition OnClassCondition on org.springframework.boot.autoconfigure.hateoas.HypermediaAutoConfiguration$HypermediaConfiguration$HalObjectMapperConfiguration matched due to @ConditionalOnClass classes found: org.springframework.http.converter.json.Jackson2ObjectMapperBuilder,com.fasterxml.jackson.databind.ObjectMapper
2016-04-27 17:58:10.993 DEBUG 37359 --- [    Test worker] o.s.b.f.s.DefaultListableBeanFactory     : Returning cached instance of singleton bean 'autoConfigurationReport'
2016-04-27 17:58:10.996 TRACE 37359 --- [    Test worker] o.s.b.a.condition.OnClassCondition       : Condition OnClassCondition on org.springframework.boot.autoconfigure.hazelcast.HazelcastAutoConfiguration did not match due to required @ConditionalOnClass classes not found: com.hazelcast.core.HazelcastInstance
2016-04-27 17:58:10.998 DEBUG 37359 --- [    Test worker] o.s.b.f.s.DefaultListableBeanFactory     : Returning cached instance of singleton bean 'autoConfigurationReport'
2016-04-27 17:58:10.998 TRACE 37359 --- [    Test worker] o.s.b.a.condition.OnClassCondition       : Condition OnClassCondition on org.springframework.boot.autoconfigure.integration.IntegrationAutoConfiguration did not match due to required @ConditionalOnClass classes not found: org.springframework.integration.config.EnableIntegration
2016-04-27 17:58:10.998 DEBUG 37359 --- [    Test worker] o.s.b.f.s.DefaultListableBeanFactory     : Returning cached instance of singleton bean 'autoConfigurationReport'
2016-04-27 17:58:10.999 TRACE 37359 --- [    Test worker] o.s.b.a.condition.OnClassCondition       : Condition OnClassCondition on org.springframework.boot.autoconfigure.jdbc.DataSourceTransactionManagerAutoConfiguration matched due to @ConditionalOnClass classes found: org.springframework.jdbc.core.JdbcTemplate,org.springframework.transaction.PlatformTransactionManager
2016-04-27 17:58:10.999 DEBUG 37359 --- [    Test worker] o.s.b.f.s.DefaultListableBeanFactory     : Returning cached instance of singleton bean 'autoConfigurationReport'
2016-04-27 17:58:11.005 TRACE 37359 --- [    Test worker] o.s.b.a.condition.OnClassCondition       : Condition OnClassCondition on org.springframework.boot.autoconfigure.jms.JndiConnectionFactoryAutoConfiguration did not match due to required @ConditionalOnClass classes not found: org.springframework.jms.core.JmsTemplate
2016-04-27 17:58:11.005 DEBUG 37359 --- [    Test worker] o.s.b.f.s.DefaultListableBeanFactory     : Returning cached instance of singleton bean 'autoConfigurationReport'
2016-04-27 17:58:11.006 TRACE 37359 --- [    Test worker] o.s.b.a.condition.OnClassCondition       : Condition OnClassCondition on org.springframework.boot.autoconfigure.jms.artemis.ArtemisAutoConfiguration did not match due to required @ConditionalOnClass classes not found: javax.jms.ConnectionFactory,org.apache.activemq.artemis.jms.client.ActiveMQConnectionFactory
2016-04-27 17:58:11.006 DEBUG 37359 --- [    Test worker] o.s.b.f.s.DefaultListableBeanFactory     : Returning cached instance of singleton bean 'autoConfigurationReport'
2016-04-27 17:58:11.006 TRACE 37359 --- [    Test worker] o.s.b.a.condition.OnClassCondition       : Condition OnClassCondition on org.springframework.boot.autoconfigure.jms.hornetq.HornetQAutoConfiguration did not match due to required @ConditionalOnClass classes not found: javax.jms.ConnectionFactory,org.hornetq.api.jms.HornetQJMSClient
2016-04-27 17:58:11.006 DEBUG 37359 --- [    Test worker] o.s.b.f.s.DefaultListableBeanFactory     : Returning cached instance of singleton bean 'autoConfigurationReport'
2016-04-27 17:58:11.007 TRACE 37359 --- [    Test worker] o.s.b.a.condition.OnClassCondition       : Condition OnClassCondition on org.springframework.boot.autoconfigure.jms.activemq.ActiveMQAutoConfiguration did not match due to required @ConditionalOnClass classes not found: javax.jms.ConnectionFactory,org.apache.activemq.ActiveMQConnectionFactory
2016-04-27 17:58:11.007 DEBUG 37359 --- [    Test worker] o.s.b.f.s.DefaultListableBeanFactory     : Returning cached instance of singleton bean 'autoConfigurationReport'
2016-04-27 17:58:11.007 TRACE 37359 --- [    Test worker] o.s.b.a.condition.OnClassCondition       : Condition OnClassCondition on org.springframework.boot.autoconfigure.jms.JmsAutoConfiguration did not match due to required @ConditionalOnClass classes not found: org.springframework.jms.core.JmsTemplate
2016-04-27 17:58:11.007 DEBUG 37359 --- [    Test worker] o.s.b.f.s.DefaultListableBeanFactory     : Returning cached instance of singleton bean 'autoConfigurationReport'
2016-04-27 17:58:11.008 TRACE 37359 --- [    Test worker] o.s.b.a.condition.OnClassCondition       : Condition OnClassCondition on org.springframework.boot.autoconfigure.jooq.JooqAutoConfiguration did not match due to required @ConditionalOnClass classes not found: org.jooq.DSLContext
2016-04-27 17:58:11.008 DEBUG 37359 --- [    Test worker] o.s.b.f.s.DefaultListableBeanFactory     : Returning cached instance of singleton bean 'autoConfigurationReport'
2016-04-27 17:58:11.008 TRACE 37359 --- [    Test worker] o.s.b.a.condition.OnClassCondition       : Condition OnClassCondition on org.springframework.boot.autoconfigure.liquibase.LiquibaseAutoConfiguration did not match due to required @ConditionalOnClass classes not found: liquibase.integration.spring.SpringLiquibase
2016-04-27 17:58:11.008 DEBUG 37359 --- [    Test worker] o.s.b.f.s.DefaultListableBeanFactory     : Returning cached instance of singleton bean 'autoConfigurationReport'
2016-04-27 17:58:11.009 TRACE 37359 --- [    Test worker] o.s.b.a.condition.OnClassCondition       : Condition OnClassCondition on org.springframework.boot.autoconfigure.mail.MailSenderAutoConfiguration did not match due to required @ConditionalOnClass classes not found: javax.mail.internet.MimeMessage
2016-04-27 17:58:11.009 DEBUG 37359 --- [    Test worker] o.s.b.f.s.DefaultListableBeanFactory     : Returning cached instance of singleton bean 'autoConfigurationReport'
2016-04-27 17:58:11.009 TRACE 37359 --- [    Test worker] o.s.b.a.condition.OnPropertyCondition    : Condition OnPropertyCondition on org.springframework.boot.autoconfigure.mail.MailSenderValidatorAutoConfiguration did not match due to @ConditionalOnProperty missing required properties spring.mail.test-connection 
2016-04-27 17:58:11.009 DEBUG 37359 --- [    Test worker] o.s.b.f.s.DefaultListableBeanFactory     : Returning cached instance of singleton bean 'autoConfigurationReport'
2016-04-27 17:58:11.010 TRACE 37359 --- [    Test worker] o.s.b.a.condition.OnClassCondition       : Condition OnClassCondition on org.springframework.boot.autoconfigure.social.TwitterAutoConfiguration did not match due to required @ConditionalOnClass classes not found: org.springframework.social.config.annotation.SocialConfigurerAdapter,org.springframework.social.twitter.connect.TwitterConnectionFactory
2016-04-27 17:58:11.010 DEBUG 37359 --- [    Test worker] o.s.b.f.s.DefaultListableBeanFactory     : Returning cached instance of singleton bean 'autoConfigurationReport'
2016-04-27 17:58:11.010 TRACE 37359 --- [    Test worker] o.s.b.a.condition.OnClassCondition       : Condition OnClassCondition on org.springframework.boot.autoconfigure.social.LinkedInAutoConfiguration did not match due to required @ConditionalOnClass classes not found: org.springframework.social.config.annotation.SocialConfigurerAdapter,org.springframework.social.linkedin.connect.LinkedInConnectionFactory
2016-04-27 17:58:11.010 DEBUG 37359 --- [    Test worker] o.s.b.f.s.DefaultListableBeanFactory     : Returning cached instance of singleton bean 'autoConfigurationReport'
2016-04-27 17:58:11.011 TRACE 37359 --- [    Test worker] o.s.b.a.condition.OnClassCondition       : Condition OnClassCondition on org.springframework.boot.autoconfigure.social.FacebookAutoConfiguration did not match due to required @ConditionalOnClass classes not found: org.springframework.social.config.annotation.SocialConfigurerAdapter,org.springframework.social.facebook.connect.FacebookConnectionFactory
2016-04-27 17:58:11.011 DEBUG 37359 --- [    Test worker] o.s.b.f.s.DefaultListableBeanFactory     : Returning cached instance of singleton bean 'autoConfigurationReport'
2016-04-27 17:58:11.011 TRACE 37359 --- [    Test worker] o.s.b.a.condition.OnClassCondition       : Condition OnClassCondition on org.springframework.boot.autoconfigure.social.SocialWebAutoConfiguration did not match due to required @ConditionalOnClass classes not found: org.springframework.social.connect.web.ConnectController,org.springframework.social.config.annotation.SocialConfigurerAdapter
2016-04-27 17:58:11.011 DEBUG 37359 --- [    Test worker] o.s.b.f.s.DefaultListableBeanFactory     : Returning cached instance of singleton bean 'autoConfigurationReport'
2016-04-27 17:58:11.012 TRACE 37359 --- [    Test worker] o.s.b.a.condition.OnClassCondition       : Condition OnClassCondition on org.springframework.boot.autoconfigure.thymeleaf.ThymeleafAutoConfiguration did not match due to required @ConditionalOnClass classes not found: org.thymeleaf.spring4.SpringTemplateEngine
2016-04-27 17:58:11.012 DEBUG 37359 --- [    Test worker] o.s.b.f.s.DefaultListableBeanFactory     : Returning cached instance of singleton bean 'autoConfigurationReport'
2016-04-27 17:58:11.012 TRACE 37359 --- [    Test worker] o.s.b.a.condition.OnClassCondition       : Condition OnClassCondition on org.springframework.boot.autoconfigure.mobile.DeviceDelegatingViewResolverAutoConfiguration did not match due to required @ConditionalOnClass classes not found: org.springframework.mobile.device.view.LiteDeviceDelegatingViewResolver
2016-04-27 17:58:11.012 DEBUG 37359 --- [    Test worker] o.s.b.f.s.DefaultListableBeanFactory     : Returning cached instance of singleton bean 'autoConfigurationReport'
2016-04-27 17:58:11.013 TRACE 37359 --- [    Test worker] o.s.b.a.condition.OnClassCondition       : Condition OnClassCondition on org.springframework.boot.autoconfigure.mobile.DeviceResolverAutoConfiguration did not match due to required @ConditionalOnClass classes not found: org.springframework.mobile.device.DeviceResolverHandlerInterceptor,org.springframework.mobile.device.DeviceHandlerMethodArgumentResolver
2016-04-27 17:58:11.013 DEBUG 37359 --- [    Test worker] o.s.b.f.s.DefaultListableBeanFactory     : Returning cached instance of singleton bean 'autoConfigurationReport'
2016-04-27 17:58:11.013 TRACE 37359 --- [    Test worker] o.s.b.a.condition.OnClassCondition       : Condition OnClassCondition on org.springframework.boot.autoconfigure.mobile.SitePreferenceAutoConfiguration did not match due to required @ConditionalOnClass classes not found: org.springframework.mobile.device.site.SitePreferenceHandlerInterceptor,org.springframework.mobile.device.site.SitePreferenceHandlerMethodArgumentResolver
2016-04-27 17:58:11.013 DEBUG 37359 --- [    Test worker] o.s.b.f.s.DefaultListableBeanFactory     : Returning cached instance of singleton bean 'autoConfigurationReport'
2016-04-27 17:58:11.014 TRACE 37359 --- [    Test worker] o.s.b.a.condition.OnClassCondition       : Condition OnClassCondition on org.springframework.boot.autoconfigure.mustache.MustacheAutoConfiguration did not match due to required @ConditionalOnClass classes not found: com.samskivert.mustache.Mustache
2016-04-27 17:58:11.014 DEBUG 37359 --- [    Test worker] o.s.b.f.s.DefaultListableBeanFactory     : Returning cached instance of singleton bean 'autoConfigurationReport'
2016-04-27 17:58:11.014 TRACE 37359 --- [    Test worker] o.s.b.a.condition.OnClassCondition       : Condition OnClassCondition on org.springframework.boot.autoconfigure.reactor.ReactorAutoConfiguration did not match due to required @ConditionalOnClass classes not found: reactor.spring.context.config.EnableReactor,reactor.Environment
2016-04-27 17:58:11.014 DEBUG 37359 --- [    Test worker] o.s.b.f.s.DefaultListableBeanFactory     : Returning cached instance of singleton bean 'autoConfigurationReport'
2016-04-27 17:58:11.015 TRACE 37359 --- [    Test worker] o.s.b.a.condition.OnClassCondition       : Condition OnClassCondition on org.springframework.boot.autoconfigure.security.FallbackWebSecurityAutoConfiguration did not match due to required @ConditionalOnClass classes not found: org.springframework.security.config.annotation.web.configuration.EnableWebSecurity
2016-04-27 17:58:11.015 DEBUG 37359 --- [    Test worker] o.s.b.f.s.DefaultListableBeanFactory     : Returning cached instance of singleton bean 'autoConfigurationReport'
2016-04-27 17:58:11.015 TRACE 37359 --- [    Test worker] o.s.b.a.c.OnWebApplicationCondition      : Condition OnWebApplicationCondition on org.springframework.boot.autoconfigure.security.SecurityFilterAutoConfiguration matched due to found web application 'session' scope
2016-04-27 17:58:11.015 DEBUG 37359 --- [    Test worker] o.s.b.f.s.DefaultListableBeanFactory     : Returning cached instance of singleton bean 'autoConfigurationReport'
2016-04-27 17:58:11.017 TRACE 37359 --- [    Test worker] o.s.b.a.condition.OnClassCondition       : Condition OnClassCondition on org.springframework.boot.autoconfigure.sendgrid.SendGridAutoConfiguration did not match due to required @ConditionalOnClass classes not found: com.sendgrid.SendGrid
2016-04-27 17:58:11.017 DEBUG 37359 --- [    Test worker] o.s.b.f.s.DefaultListableBeanFactory     : Returning cached instance of singleton bean 'autoConfigurationReport'
2016-04-27 17:58:11.017 TRACE 37359 --- [    Test worker] o.s.b.a.condition.OnClassCondition       : Condition OnClassCondition on org.springframework.boot.autoconfigure.session.SessionAutoConfiguration did not match due to required @ConditionalOnClass classes not found: org.springframework.session.Session
2016-04-27 17:58:11.017 DEBUG 37359 --- [    Test worker] o.s.b.f.s.DefaultListableBeanFactory     : Returning cached instance of singleton bean 'autoConfigurationReport'
2016-04-27 17:58:11.018 TRACE 37359 --- [    Test worker] o.s.b.a.condition.OnClassCondition       : Condition OnClassCondition on org.springframework.boot.autoconfigure.solr.SolrAutoConfiguration did not match due to required @ConditionalOnClass classes not found: org.apache.solr.client.solrj.impl.HttpSolrServer,org.apache.solr.client.solrj.impl.CloudSolrServer
2016-04-27 17:58:11.018 DEBUG 37359 --- [    Test worker] o.s.b.f.s.DefaultListableBeanFactory     : Returning cached instance of singleton bean 'autoConfigurationReport'
2016-04-27 17:58:11.018 TRACE 37359 --- [    Test worker] o.s.b.a.condition.OnClassCondition       : Condition OnClassCondition on org.springframework.boot.autoconfigure.transaction.TransactionAutoConfiguration matched due to @ConditionalOnClass classes found: org.springframework.transaction.support.TransactionTemplate,org.springframework.transaction.PlatformTransactionManager
2016-04-27 17:58:11.018 DEBUG 37359 --- [    Test worker] o.s.b.f.s.DefaultListableBeanFactory     : Returning cached instance of singleton bean 'autoConfigurationReport'
2016-04-27 17:58:11.020 TRACE 37359 --- [    Test worker] o.s.b.a.condition.OnClassCondition       : Condition OnClassCondition on org.springframework.boot.autoconfigure.velocity.VelocityAutoConfiguration did not match due to required @ConditionalOnClass classes not found: org.apache.velocity.app.VelocityEngine,org.springframework.ui.velocity.VelocityEngineFactory
2016-04-27 17:58:11.020 DEBUG 37359 --- [    Test worker] o.s.b.f.s.DefaultListableBeanFactory     : Returning cached instance of singleton bean 'autoConfigurationReport'
2016-04-27 17:58:11.021 TRACE 37359 --- [    Test worker] o.s.b.a.condition.OnClassCondition       : Condition OnClassCondition on org.springframework.boot.autoconfigure.web.HttpEncodingAutoConfiguration matched due to @ConditionalOnClass classes found: org.springframework.web.filter.CharacterEncodingFilter
2016-04-27 17:58:11.021 DEBUG 37359 --- [    Test worker] o.s.b.f.s.DefaultListableBeanFactory     : Returning cached instance of singleton bean 'autoConfigurationReport'
2016-04-27 17:58:11.021 TRACE 37359 --- [    Test worker] o.s.b.a.condition.OnPropertyCondition    : Condition OnPropertyCondition on org.springframework.boot.autoconfigure.web.HttpEncodingAutoConfiguration matched
2016-04-27 17:58:11.021 DEBUG 37359 --- [    Test worker] o.s.b.f.s.DefaultListableBeanFactory     : Returning cached instance of singleton bean 'autoConfigurationReport'
2016-04-27 17:58:11.024 TRACE 37359 --- [    Test worker] o.s.b.a.condition.OnClassCondition       : Condition OnClassCondition on org.springframework.boot.autoconfigure.web.MultipartAutoConfiguration matched due to @ConditionalOnClass classes found: javax.servlet.Servlet,org.springframework.web.multipart.support.StandardServletMultipartResolver,javax.servlet.MultipartConfigElement
2016-04-27 17:58:11.024 DEBUG 37359 --- [    Test worker] o.s.b.f.s.DefaultListableBeanFactory     : Returning cached instance of singleton bean 'autoConfigurationReport'
2016-04-27 17:58:11.024 TRACE 37359 --- [    Test worker] o.s.b.a.condition.OnPropertyCondition    : Condition OnPropertyCondition on org.springframework.boot.autoconfigure.web.MultipartAutoConfiguration matched
2016-04-27 17:58:11.024 DEBUG 37359 --- [    Test worker] o.s.b.f.s.DefaultListableBeanFactory     : Returning cached instance of singleton bean 'autoConfigurationReport'
2016-04-27 17:58:11.026 TRACE 37359 --- [    Test worker] o.s.b.a.c.OnWebApplicationCondition      : Condition OnWebApplicationCondition on org.springframework.boot.autoconfigure.web.ServerPropertiesAutoConfiguration matched due to found web application 'session' scope
2016-04-27 17:58:11.026 DEBUG 37359 --- [    Test worker] o.s.b.f.s.DefaultListableBeanFactory     : Returning cached instance of singleton bean 'autoConfigurationReport'
2016-04-27 17:58:11.033 DEBUG 37359 --- [    Test worker] o.s.core.env.StandardEnvironment         : Adding [systemProperties] PropertySource with lowest search precedence
2016-04-27 17:58:11.033 DEBUG 37359 --- [    Test worker] o.s.core.env.StandardEnvironment         : Adding [systemEnvironment] PropertySource with lowest search precedence
2016-04-27 17:58:11.034 DEBUG 37359 --- [    Test worker] o.s.core.env.StandardEnvironment         : Initialized StandardEnvironment with PropertySources [systemProperties,systemEnvironment]
2016-04-27 17:58:11.035 DEBUG 37359 --- [    Test worker] .i.s.PathMatchingResourcePatternResolver : Looking for matching resources in jar file [file:/Users/yjayaraman/.gradle/caches/modules-2/files-2.1/org.springframework.data/spring-data-jpa/1.9.0.RELEASE/54eb2e41ceba320dcbd67c19e8a50cb9af4160a5/spring-data-jpa-1.9.0.RELEASE.jar]
2016-04-27 17:58:11.037 DEBUG 37359 --- [    Test worker] .i.s.PathMatchingResourcePatternResolver : Looking for matching resources in jar file [file:/Users/yjayaraman/.gradle/caches/modules-2/files-2.1/org.springframework.data/spring-data-rest-core/2.4.0.RELEASE/523750a61feff856001699359e6375f9253b469a/spring-data-rest-core-2.4.0.RELEASE.jar]
2016-04-27 17:58:11.037 DEBUG 37359 --- [    Test worker] .i.s.PathMatchingResourcePatternResolver : Looking for matching resources in jar file [file:/Users/yjayaraman/.gradle/caches/modules-2/files-2.1/org.springframework.data/spring-data-rest-webmvc/2.4.0.RELEASE/834db763dd30c31bb330d981169860e7cd5cbeee/spring-data-rest-webmvc-2.4.0.RELEASE.jar]
2016-04-27 17:58:11.038 DEBUG 37359 --- [    Test worker] .i.s.PathMatchingResourcePatternResolver : Looking for matching resources in jar file [file:/Users/yjayaraman/.gradle/caches/modules-2/files-2.1/org.springframework.data/spring-data-commons/1.11.0.RELEASE/935cd4ab0a1a07358d7f0c9c808f9113dc177bd8/spring-data-commons-1.11.0.RELEASE.jar]
2016-04-27 17:58:11.041 DEBUG 37359 --- [    Test worker] .i.s.PathMatchingResourcePatternResolver : Resolved location pattern [classpath*:org/springframework/data/**/repository/support/**/*.class] to resources [URL [jar:file:/Users/yjayaraman/.gradle/caches/modules-2/files-2.1/org.springframework.data/spring-data-jpa/1.9.0.RELEASE/54eb2e41ceba320dcbd67c19e8a50cb9af4160a5/spring-data-jpa-1.9.0.RELEASE.jar!/org/springframework/data/jpa/repository/support/Querydsl$1.class], URL [jar:file:/Users/yjayaraman/.gradle/caches/modules-2/files-2.1/org.springframework.data/spring-data-jpa/1.9.0.RELEASE/54eb2e41ceba320dcbd67c19e8a50cb9af4160a5/spring-data-jpa-1.9.0.RELEASE.jar!/org/springframework/data/jpa/repository/support/CrudMethodMetadataPostProcessor$ThreadBoundTargetSource.class], URL [jar:file:/Users/yjayaraman/.gradle/caches/modules-2/files-2.1/org.springframework.data/spring-data-jpa/1.9.0.RELEASE/54eb2e41ceba320dcbd67c19e8a50cb9af4160a5/spring-data-jpa-1.9.0.RELEASE.jar!/org/springframework/data/jpa/repository/support/JpaPersistableEntityInformation.class], URL [jar:file:/Users/yjayaraman/.gradle/caches/modules-2/files-2.1/org.springframework.data/spring-data-jpa/1.9.0.RELEASE/54eb2e41ceba320dcbd67c19e8a50cb9af4160a5/spring-data-jpa-1.9.0.RELEASE.jar!/org/springframework/data/jpa/repository/support/CrudMethodMetadataPostProcessor.class], URL [jar:file:/Users/yjayaraman/.gradle/caches/modules-2/files-2.1/org.springframework.data/spring-data-jpa/1.9.0.RELEASE/54eb2e41ceba320dcbd67c19e8a50cb9af4160a5/spring-data-jpa-1.9.0.RELEASE.jar!/org/springframework/data/jpa/repository/support/CrudMethodMetadataPostProcessor$1.class], URL [jar:file:/Users/yjayaraman/.gradle/caches/modules-2/files-2.1/org.springframework.data/spring-data-jpa/1.9.0.RELEASE/54eb2e41ceba320dcbd67c19e8a50cb9af4160a5/spring-data-jpa-1.9.0.RELEASE.jar!/org/springframework/data/jpa/repository/support/JpaEntityInformation.class], URL [jar:file:/Users/yjayaraman/.gradle/caches/modules-2/files-2.1/org.springframework.data/spring-data-jpa/1.9.0.RELEASE/54eb2e41ceba320dcbd67c19e8a50cb9af4160a5/spring-data-jpa-1.9.0.RELEASE.jar!/org/springframework/data/jpa/repository/support/JpaMetamodelEntityInformation.class], URL [jar:file:/Users/yjayaraman/.gradle/caches/modules-2/files-2.1/org.springframework.data/spring-data-jpa/1.9.0.RELEASE/54eb2e41ceba320dcbd67c19e8a50cb9af4160a5/spring-data-jpa-1.9.0.RELEASE.jar!/org/springframework/data/jpa/repository/support/JpaMetamodelEntityInformation$IdMetadata.class], URL [jar:file:/Users/yjayaraman/.gradle/caches/modules-2/files-2.1/org.springframework.data/spring-data-jpa/1.9.0.RELEASE/54eb2e41ceba320dcbd67c19e8a50cb9af4160a5/spring-data-jpa-1.9.0.RELEASE.jar!/org/springframework/data/jpa/repository/support/JpaEntityInformationSupport.class], URL [jar:file:/Users/yjayaraman/.gradle/caches/modules-2/files-2.1/org.springframework.data/spring-data-jpa/1.9.0.RELEASE/54eb2e41ceba320dcbd67c19e8a50cb9af4160a5/spring-data-jpa-1.9.0.RELEASE.jar!/org/springframework/data/jpa/repository/support/QueryDslRepositorySupport.class], URL [jar:file:/Users/yjayaraman/.gradle/caches/modules-2/files-2.1/org.springframework.data/spring-data-jpa/1.9.0.RELEASE/54eb2e41ceba320dcbd67c19e8a50cb9af4160a5/spring-data-jpa-1.9.0.RELEASE.jar!/org/springframework/data/jpa/repository/support/JpaRepositoryFactory.class], URL [jar:file:/Users/yjayaraman/.gradle/caches/modules-2/files-2.1/org.springframework.data/spring-data-jpa/1.9.0.RELEASE/54eb2e41ceba320dcbd67c19e8a50cb9af4160a5/spring-data-jpa-1.9.0.RELEASE.jar!/org/springframework/data/jpa/repository/support/CrudMethodMetadataPostProcessor$DefaultCrudMethodMetadata.class], URL [jar:file:/Users/yjayaraman/.gradle/caches/modules-2/files-2.1/org.springframework.data/spring-data-jpa/1.9.0.RELEASE/54eb2e41ceba320dcbd67c19e8a50cb9af4160a5/spring-data-jpa-1.9.0.RELEASE.jar!/org/springframework/data/jpa/repository/support/SimpleJpaRepository.class], URL [jar:file:/Users/yjayaraman/.gradle/caches/modules-2/files-2.1/org.springframework.data/spring-data-jpa/1.9.0.RELEASE/54eb2e41ceba320dcbd67c19e8a50cb9af4160a5/spring-data-jpa-1.9.0.RELEASE.jar!/org/springframework/data/jpa/repository/support/Querydsl.class], URL [jar:file:/Users/yjayaraman/.gradle/caches/modules-2/files-2.1/org.springframework.data/spring-data-jpa/1.9.0.RELEASE/54eb2e41ceba320dcbd67c19e8a50cb9af4160a5/spring-data-jpa-1.9.0.RELEASE.jar!/org/springframework/data/jpa/repository/support/CrudMethodMetadata.class], URL [jar:file:/Users/yjayaraman/.gradle/caches/modules-2/files-2.1/org.springframework.data/spring-data-jpa/1.9.0.RELEASE/54eb2e41ceba320dcbd67c19e8a50cb9af4160a5/spring-data-jpa-1.9.0.RELEASE.jar!/org/springframework/data/jpa/repository/support/CrudMethodMetadataPostProcessor$CrudMethodMetadataPopulatingMethodInterceptor.class], URL [jar:file:/Users/yjayaraman/.gradle/caches/modules-2/files-2.1/org.springframework.data/spring-data-jpa/1.9.0.RELEASE/54eb2e41ceba320dcbd67c19e8a50cb9af4160a5/spring-data-jpa-1.9.0.RELEASE.jar!/org/springframework/data/jpa/repository/support/EntityManagerBeanDefinitionRegistrarPostProcessor.class], URL [jar:file:/Users/yjayaraman/.gradle/caches/modules-2/files-2.1/org.springframework.data/spring-data-jpa/1.9.0.RELEASE/54eb2e41ceba320dcbd67c19e8a50cb9af4160a5/spring-data-jpa-1.9.0.RELEASE.jar!/org/springframework/data/jpa/repository/support/JpaMetamodelEntityInformation$IdentifierDerivingDirectFieldAccessFallbackBeanWrapper.class], URL [jar:file:/Users/yjayaraman/.gradle/caches/modules-2/files-2.1/org.springframework.data/spring-data-jpa/1.9.0.RELEASE/54eb2e41ceba320dcbd67c19e8a50cb9af4160a5/spring-data-jpa-1.9.0.RELEASE.jar!/org/springframework/data/jpa/repository/support/QueryDslJpaRepository.class], URL [jar:file:/Users/yjayaraman/.gradle/caches/modules-2/files-2.1/org.springframework.data/spring-data-jpa/1.9.0.RELEASE/54eb2e41ceba320dcbd67c19e8a50cb9af4160a5/spring-data-jpa-1.9.0.RELEASE.jar!/org/springframework/data/jpa/repository/support/JpaRepositoryFactoryBean.class], URL [jar:file:/Users/yjayaraman/.gradle/caches/modules-2/files-2.1/org.springframework.data/spring-data-jpa/1.9.0.RELEASE/54eb2e41ceba320dcbd67c19e8a50cb9af4160a5/spring-data-jpa-1.9.0.RELEASE.jar!/org/springframework/data/jpa/repository/support/DefaultJpaContext.class], URL [jar:file:/Users/yjayaraman/.gradle/caches/modules-2/files-2.1/org.springframework.data/spring-data-jpa/1.9.0.RELEASE/54eb2e41ceba320dcbd67c19e8a50cb9af4160a5/spring-data-jpa-1.9.0.RELEASE.jar!/org/springframework/data/jpa/repository/support/SimpleJpaRepository$ByIdsSpecification.class], URL [jar:file:/Users/yjayaraman/.gradle/caches/modules-2/files-2.1/org.springframework.data/spring-data-commons/1.11.0.RELEASE/935cd4ab0a1a07358d7f0c9c808f9113dc177bd8/spring-data-commons-1.11.0.RELEASE.jar!/org/springframework/data/repository/support/DomainClassConverter$ConversionMatchAbbreviationException.class], URL [jar:file:/Users/yjayaraman/.gradle/caches/modules-2/files-2.1/org.springframework.data/spring-data-commons/1.11.0.RELEASE/935cd4ab0a1a07358d7f0c9c808f9113dc177bd8/spring-data-commons-1.11.0.RELEASE.jar!/org/springframework/data/repository/support/DomainClassConverter$ToIdConverter.class], URL [jar:file:/Users/yjayaraman/.gradle/caches/modules-2/files-2.1/org.springframework.data/spring-data-commons/1.11.0.RELEASE/935cd4ab0a1a07358d7f0c9c808f9113dc177bd8/spring-data-commons-1.11.0.RELEASE.jar!/org/springframework/data/repository/support/Repositories$EmptyRepositoryFactoryInformation.class], URL [jar:file:/Users/yjayaraman/.gradle/caches/modules-2/files-2.1/org.springframework.data/spring-data-commons/1.11.0.RELEASE/935cd4ab0a1a07358d7f0c9c808f9113dc177bd8/spring-data-commons-1.11.0.RELEASE.jar!/org/springframework/data/repository/support/PagingAndSortingRepositoryInvoker.class], URL [jar:file:/Users/yjayaraman/.gradle/caches/modules-2/files-2.1/org.springframework.data/spring-data-commons/1.11.0.RELEASE/935cd4ab0a1a07358d7f0c9c808f9113dc177bd8/spring-data-commons-1.11.0.RELEASE.jar!/org/springframework/data/repository/support/QueryMethodParameterConversionException.class], URL [jar:file:/Users/yjayaraman/.gradle/caches/modules-2/files-2.1/org.springframework.data/spring-data-commons/1.11.0.RELEASE/935cd4ab0a1a07358d7f0c9c808f9113dc177bd8/spring-data-commons-1.11.0.RELEASE.jar!/org/springframework/data/repository/support/MethodParameters.class], URL [jar:file:/Users/yjayaraman/.gradle/caches/modules-2/files-2.1/org.springframework.data/spring-data-commons/1.11.0.RELEASE/935cd4ab0a1a07358d7f0c9c808f9113dc177bd8/spring-data-commons-1.11.0.RELEASE.jar!/org/springframework/data/repository/support/RepositoryInvoker.class], URL [jar:file:/Users/yjayaraman/.gradle/caches/modules-2/files-2.1/org.springframework.data/spring-data-commons/1.11.0.RELEASE/935cd4ab0a1a07358d7f0c9c808f9113dc177bd8/spring-data-commons-1.11.0.RELEASE.jar!/org/springframework/data/repository/support/RepositoryInvokerFactory.class], URL [jar:file:/Users/yjayaraman/.gradle/caches/modules-2/files-2.1/org.springframework.data/spring-data-commons/1.11.0.RELEASE/935cd4ab0a1a07358d7f0c9c808f9113dc177bd8/spring-data-commons-1.11.0.RELEASE.jar!/org/springframework/data/repository/support/DomainClassPropertyEditorRegistrar.class], URL [jar:file:/Users/yjayaraman/.gradle/caches/modules-2/files-2.1/org.springframework.data/spring-data-commons/1.11.0.RELEASE/935cd4ab0a1a07358d7f0c9c808f9113dc177bd8/spring-data-commons-1.11.0.RELEASE.jar!/org/springframework/data/repository/support/AnnotationAttribute.class], URL [jar:file:/Users/yjayaraman/.gradle/caches/modules-2/files-2.1/org.springframework.data/spring-data-commons/1.11.0.RELEASE/935cd4ab0a1a07358d7f0c9c808f9113dc177bd8/spring-data-commons-1.11.0.RELEASE.jar!/org/springframework/data/repository/support/DefaultRepositoryInvokerFactory.class], URL [jar:file:/Users/yjayaraman/.gradle/caches/modules-2/files-2.1/org.springframework.data/spring-data-commons/1.11.0.RELEASE/935cd4ab0a1a07358d7f0c9c808f9113dc177bd8/spring-data-commons-1.11.0.RELEASE.jar!/org/springframework/data/repository/support/MethodParameters$AnnotationNamingMethodParameter.class], URL [jar:file:/Users/yjayaraman/.gradle/caches/modules-2/files-2.1/org.springframework.data/spring-data-commons/1.11.0.RELEASE/935cd4ab0a1a07358d7f0c9c808f9113dc177bd8/spring-data-commons-1.11.0.RELEASE.jar!/org/springframework/data/repository/support/CrudRepositoryInvoker.class], URL [jar:file:/Users/yjayaraman/.gradle/caches/modules-2/files-2.1/org.springframework.data/spring-data-commons/1.11.0.RELEASE/935cd4ab0a1a07358d7f0c9c808f9113dc177bd8/spring-data-commons-1.11.0.RELEASE.jar!/org/springframework/data/repository/support/Repositories.class], URL [jar:file:/Users/yjayaraman/.gradle/caches/modules-2/files-2.1/org.springframework.data/spring-data-commons/1.11.0.RELEASE/935cd4ab0a1a07358d7f0c9c808f9113dc177bd8/spring-data-commons-1.11.0.RELEASE.jar!/org/springframework/data/repository/support/DomainClassConverter$ToEntityConverter.class], URL [jar:file:/Users/yjayaraman/.gradle/caches/modules-2/files-2.1/org.springframework.data/spring-data-commons/1.11.0.RELEASE/935cd4ab0a1a07358d7f0c9c808f9113dc177bd8/spring-data-commons-1.11.0.RELEASE.jar!/org/springframework/data/repository/support/ReflectionRepositoryInvoker.class], URL [jar:file:/Users/yjayaraman/.gradle/caches/modules-2/files-2.1/org.springframework.data/spring-data-commons/1.11.0.RELEASE/935cd4ab0a1a07358d7f0c9c808f9113dc177bd8/spring-data-commons-1.11.0.RELEASE.jar!/org/springframework/data/repository/support/DomainClassPropertyEditor.class], URL [jar:file:/Users/yjayaraman/.gradle/caches/modules-2/files-2.1/org.springframework.data/spring-data-commons/1.11.0.RELEASE/935cd4ab0a1a07358d7f0c9c808f9113dc177bd8/spring-data-commons-1.11.0.RELEASE.jar!/org/springframework/data/repository/support/DomainClassConverter.class], URL [jar:file:/Users/yjayaraman/.gradle/caches/modules-2/files-2.1/org.springframework.data/spring-data-commons/1.11.0.RELEASE/935cd4ab0a1a07358d7f0c9c808f9113dc177bd8/spring-data-commons-1.11.0.RELEASE.jar!/org/springframework/data/repository/support/DomainClassConverter$1.class], URL [jar:file:/Users/yjayaraman/.gradle/caches/modules-2/files-2.1/org.springframework.data/spring-data-commons/1.11.0.RELEASE/935cd4ab0a1a07358d7f0c9c808f9113dc177bd8/spring-data-commons-1.11.0.RELEASE.jar!/org/springframework/data/repository/support/RepositoryInvocationInformation.class]]
2016-04-27 17:58:11.041 TRACE 37359 --- [    Test worker] ssPathScanningCandidateComponentProvider : Scanning URL [jar:file:/Users/yjayaraman/.gradle/caches/modules-2/files-2.1/org.springframework.data/spring-data-jpa/1.9.0.RELEASE/54eb2e41ceba320dcbd67c19e8a50cb9af4160a5/spring-data-jpa-1.9.0.RELEASE.jar!/org/springframework/data/jpa/repository/support/Querydsl$1.class]
2016-04-27 17:58:11.041 TRACE 37359 --- [    Test worker] ssPathScanningCandidateComponentProvider : Ignored because not matching any filter: URL [jar:file:/Users/yjayaraman/.gradle/caches/modules-2/files-2.1/org.springframework.data/spring-data-jpa/1.9.0.RELEASE/54eb2e41ceba320dcbd67c19e8a50cb9af4160a5/spring-data-jpa-1.9.0.RELEASE.jar!/org/springframework/data/jpa/repository/support/Querydsl$1.class]
2016-04-27 17:58:11.041 TRACE 37359 --- [    Test worker] ssPathScanningCandidateComponentProvider : Scanning URL [jar:file:/Users/yjayaraman/.gradle/caches/modules-2/files-2.1/org.springframework.data/spring-data-jpa/1.9.0.RELEASE/54eb2e41ceba320dcbd67c19e8a50cb9af4160a5/spring-data-jpa-1.9.0.RELEASE.jar!/org/springframework/data/jpa/repository/support/CrudMethodMetadataPostProcessor$ThreadBoundTargetSource.class]
2016-04-27 17:58:11.042 TRACE 37359 --- [    Test worker] ssPathScanningCandidateComponentProvider : Ignored because not matching any filter: URL [jar:file:/Users/yjayaraman/.gradle/caches/modules-2/files-2.1/org.springframework.data/spring-data-jpa/1.9.0.RELEASE/54eb2e41ceba320dcbd67c19e8a50cb9af4160a5/spring-data-jpa-1.9.0.RELEASE.jar!/org/springframework/data/jpa/repository/support/CrudMethodMetadataPostProcessor$ThreadBoundTargetSource.class]
2016-04-27 17:58:11.042 TRACE 37359 --- [    Test worker] ssPathScanningCandidateComponentProvider : Scanning URL [jar:file:/Users/yjayaraman/.gradle/caches/modules-2/files-2.1/org.springframework.data/spring-data-jpa/1.9.0.RELEASE/54eb2e41ceba320dcbd67c19e8a50cb9af4160a5/spring-data-jpa-1.9.0.RELEASE.jar!/org/springframework/data/jpa/repository/support/JpaPersistableEntityInformation.class]
2016-04-27 17:58:11.043 TRACE 37359 --- [    Test worker] ssPathScanningCandidateComponentProvider : Ignored because not matching any filter: URL [jar:file:/Users/yjayaraman/.gradle/caches/modules-2/files-2.1/org.springframework.data/spring-data-jpa/1.9.0.RELEASE/54eb2e41ceba320dcbd67c19e8a50cb9af4160a5/spring-data-jpa-1.9.0.RELEASE.jar!/org/springframework/data/jpa/repository/support/JpaPersistableEntityInformation.class]
2016-04-27 17:58:11.043 TRACE 37359 --- [    Test worker] ssPathScanningCandidateComponentProvider : Scanning URL [jar:file:/Users/yjayaraman/.gradle/caches/modules-2/files-2.1/org.springframework.data/spring-data-jpa/1.9.0.RELEASE/54eb2e41ceba320dcbd67c19e8a50cb9af4160a5/spring-data-jpa-1.9.0.RELEASE.jar!/org/springframework/data/jpa/repository/support/CrudMethodMetadataPostProcessor.class]
2016-04-27 17:58:11.044 TRACE 37359 --- [    Test worker] ssPathScanningCandidateComponentProvider : Ignored because not matching any filter: URL [jar:file:/Users/yjayaraman/.gradle/caches/modules-2/files-2.1/org.springframework.data/spring-data-jpa/1.9.0.RELEASE/54eb2e41ceba320dcbd67c19e8a50cb9af4160a5/spring-data-jpa-1.9.0.RELEASE.jar!/org/springframework/data/jpa/repository/support/CrudMethodMetadataPostProcessor.class]
2016-04-27 17:58:11.044 TRACE 37359 --- [    Test worker] ssPathScanningCandidateComponentProvider : Scanning URL [jar:file:/Users/yjayaraman/.gradle/caches/modules-2/files-2.1/org.springframework.data/spring-data-jpa/1.9.0.RELEASE/54eb2e41ceba320dcbd67c19e8a50cb9af4160a5/spring-data-jpa-1.9.0.RELEASE.jar!/org/springframework/data/jpa/repository/support/CrudMethodMetadataPostProcessor$1.class]
2016-04-27 17:58:11.044 TRACE 37359 --- [    Test worker] ssPathScanningCandidateComponentProvider : Ignored because not matching any filter: URL [jar:file:/Users/yjayaraman/.gradle/caches/modules-2/files-2.1/org.springframework.data/spring-data-jpa/1.9.0.RELEASE/54eb2e41ceba320dcbd67c19e8a50cb9af4160a5/spring-data-jpa-1.9.0.RELEASE.jar!/org/springframework/data/jpa/repository/support/CrudMethodMetadataPostProcessor$1.class]
2016-04-27 17:58:11.044 TRACE 37359 --- [    Test worker] ssPathScanningCandidateComponentProvider : Scanning URL [jar:file:/Users/yjayaraman/.gradle/caches/modules-2/files-2.1/org.springframework.data/spring-data-jpa/1.9.0.RELEASE/54eb2e41ceba320dcbd67c19e8a50cb9af4160a5/spring-data-jpa-1.9.0.RELEASE.jar!/org/springframework/data/jpa/repository/support/JpaEntityInformation.class]
2016-04-27 17:58:11.044 TRACE 37359 --- [    Test worker] ssPathScanningCandidateComponentProvider : Ignored because not matching any filter: URL [jar:file:/Users/yjayaraman/.gradle/caches/modules-2/files-2.1/org.springframework.data/spring-data-jpa/1.9.0.RELEASE/54eb2e41ceba320dcbd67c19e8a50cb9af4160a5/spring-data-jpa-1.9.0.RELEASE.jar!/org/springframework/data/jpa/repository/support/JpaEntityInformation.class]
2016-04-27 17:58:11.044 TRACE 37359 --- [    Test worker] ssPathScanningCandidateComponentProvider : Scanning URL [jar:file:/Users/yjayaraman/.gradle/caches/modules-2/files-2.1/org.springframework.data/spring-data-jpa/1.9.0.RELEASE/54eb2e41ceba320dcbd67c19e8a50cb9af4160a5/spring-data-jpa-1.9.0.RELEASE.jar!/org/springframework/data/jpa/repository/support/JpaMetamodelEntityInformation.class]
2016-04-27 17:58:11.045 TRACE 37359 --- [    Test worker] ssPathScanningCandidateComponentProvider : Ignored because not matching any filter: URL [jar:file:/Users/yjayaraman/.gradle/caches/modules-2/files-2.1/org.springframework.data/spring-data-jpa/1.9.0.RELEASE/54eb2e41ceba320dcbd67c19e8a50cb9af4160a5/spring-data-jpa-1.9.0.RELEASE.jar!/org/springframework/data/jpa/repository/support/JpaMetamodelEntityInformation.class]
2016-04-27 17:58:11.045 TRACE 37359 --- [    Test worker] ssPathScanningCandidateComponentProvider : Scanning URL [jar:file:/Users/yjayaraman/.gradle/caches/modules-2/files-2.1/org.springframework.data/spring-data-jpa/1.9.0.RELEASE/54eb2e41ceba320dcbd67c19e8a50cb9af4160a5/spring-data-jpa-1.9.0.RELEASE.jar!/org/springframework/data/jpa/repository/support/JpaMetamodelEntityInformation$IdMetadata.class]
2016-04-27 17:58:11.045 TRACE 37359 --- [    Test worker] ssPathScanningCandidateComponentProvider : Ignored because not matching any filter: URL [jar:file:/Users/yjayaraman/.gradle/caches/modules-2/files-2.1/org.springframework.data/spring-data-jpa/1.9.0.RELEASE/54eb2e41ceba320dcbd67c19e8a50cb9af4160a5/spring-data-jpa-1.9.0.RELEASE.jar!/org/springframework/data/jpa/repository/support/JpaMetamodelEntityInformation$IdMetadata.class]
2016-04-27 17:58:11.045 TRACE 37359 --- [    Test worker] ssPathScanningCandidateComponentProvider : Scanning URL [jar:file:/Users/yjayaraman/.gradle/caches/modules-2/files-2.1/org.springframework.data/spring-data-jpa/1.9.0.RELEASE/54eb2e41ceba320dcbd67c19e8a50cb9af4160a5/spring-data-jpa-1.9.0.RELEASE.jar!/org/springframework/data/jpa/repository/support/JpaEntityInformationSupport.class]
2016-04-27 17:58:11.046 TRACE 37359 --- [    Test worker] ssPathScanningCandidateComponentProvider : Ignored because not matching any filter: URL [jar:file:/Users/yjayaraman/.gradle/caches/modules-2/files-2.1/org.springframework.data/spring-data-jpa/1.9.0.RELEASE/54eb2e41ceba320dcbd67c19e8a50cb9af4160a5/spring-data-jpa-1.9.0.RELEASE.jar!/org/springframework/data/jpa/repository/support/JpaEntityInformationSupport.class]
2016-04-27 17:58:11.046 TRACE 37359 --- [    Test worker] ssPathScanningCandidateComponentProvider : Scanning URL [jar:file:/Users/yjayaraman/.gradle/caches/modules-2/files-2.1/org.springframework.data/spring-data-jpa/1.9.0.RELEASE/54eb2e41ceba320dcbd67c19e8a50cb9af4160a5/spring-data-jpa-1.9.0.RELEASE.jar!/org/springframework/data/jpa/repository/support/QueryDslRepositorySupport.class]
2016-04-27 17:58:11.046 TRACE 37359 --- [    Test worker] ssPathScanningCandidateComponentProvider : Ignored because not matching any filter: URL [jar:file:/Users/yjayaraman/.gradle/caches/modules-2/files-2.1/org.springframework.data/spring-data-jpa/1.9.0.RELEASE/54eb2e41ceba320dcbd67c19e8a50cb9af4160a5/spring-data-jpa-1.9.0.RELEASE.jar!/org/springframework/data/jpa/repository/support/QueryDslRepositorySupport.class]
2016-04-27 17:58:11.046 TRACE 37359 --- [    Test worker] ssPathScanningCandidateComponentProvider : Scanning URL [jar:file:/Users/yjayaraman/.gradle/caches/modules-2/files-2.1/org.springframework.data/spring-data-jpa/1.9.0.RELEASE/54eb2e41ceba320dcbd67c19e8a50cb9af4160a5/spring-data-jpa-1.9.0.RELEASE.jar!/org/springframework/data/jpa/repository/support/JpaRepositoryFactory.class]
2016-04-27 17:58:11.047 DEBUG 37359 --- [    Test worker] ssPathScanningCandidateComponentProvider : Identified candidate component class: URL [jar:file:/Users/yjayaraman/.gradle/caches/modules-2/files-2.1/org.springframework.data/spring-data-jpa/1.9.0.RELEASE/54eb2e41ceba320dcbd67c19e8a50cb9af4160a5/spring-data-jpa-1.9.0.RELEASE.jar!/org/springframework/data/jpa/repository/support/JpaRepositoryFactory.class]
2016-04-27 17:58:11.047 TRACE 37359 --- [    Test worker] ssPathScanningCandidateComponentProvider : Scanning URL [jar:file:/Users/yjayaraman/.gradle/caches/modules-2/files-2.1/org.springframework.data/spring-data-jpa/1.9.0.RELEASE/54eb2e41ceba320dcbd67c19e8a50cb9af4160a5/spring-data-jpa-1.9.0.RELEASE.jar!/org/springframework/data/jpa/repository/support/CrudMethodMetadataPostProcessor$DefaultCrudMethodMetadata.class]
2016-04-27 17:58:11.047 TRACE 37359 --- [    Test worker] ssPathScanningCandidateComponentProvider : Ignored because not matching any filter: URL [jar:file:/Users/yjayaraman/.gradle/caches/modules-2/files-2.1/org.springframework.data/spring-data-jpa/1.9.0.RELEASE/54eb2e41ceba320dcbd67c19e8a50cb9af4160a5/spring-data-jpa-1.9.0.RELEASE.jar!/org/springframework/data/jpa/repository/support/CrudMethodMetadataPostProcessor$DefaultCrudMethodMetadata.class]
2016-04-27 17:58:11.047 TRACE 37359 --- [    Test worker] ssPathScanningCandidateComponentProvider : Scanning URL [jar:file:/Users/yjayaraman/.gradle/caches/modules-2/files-2.1/org.springframework.data/spring-data-jpa/1.9.0.RELEASE/54eb2e41ceba320dcbd67c19e8a50cb9af4160a5/spring-data-jpa-1.9.0.RELEASE.jar!/org/springframework/data/jpa/repository/support/SimpleJpaRepository.class]
2016-04-27 17:58:11.048 TRACE 37359 --- [    Test worker] ssPathScanningCandidateComponentProvider : Ignored because not matching any filter: URL [jar:file:/Users/yjayaraman/.gradle/caches/modules-2/files-2.1/org.springframework.data/spring-data-jpa/1.9.0.RELEASE/54eb2e41ceba320dcbd67c19e8a50cb9af4160a5/spring-data-jpa-1.9.0.RELEASE.jar!/org/springframework/data/jpa/repository/support/SimpleJpaRepository.class]
2016-04-27 17:58:11.049 TRACE 37359 --- [    Test worker] ssPathScanningCandidateComponentProvider : Scanning URL [jar:file:/Users/yjayaraman/.gradle/caches/modules-2/files-2.1/org.springframework.data/spring-data-jpa/1.9.0.RELEASE/54eb2e41ceba320dcbd67c19e8a50cb9af4160a5/spring-data-jpa-1.9.0.RELEASE.jar!/org/springframework/data/jpa/repository/support/Querydsl.class]
2016-04-27 17:58:11.049 TRACE 37359 --- [    Test worker] ssPathScanningCandidateComponentProvider : Ignored because not matching any filter: URL [jar:file:/Users/yjayaraman/.gradle/caches/modules-2/files-2.1/org.springframework.data/spring-data-jpa/1.9.0.RELEASE/54eb2e41ceba320dcbd67c19e8a50cb9af4160a5/spring-data-jpa-1.9.0.RELEASE.jar!/org/springframework/data/jpa/repository/support/Querydsl.class]
2016-04-27 17:58:11.049 TRACE 37359 --- [    Test worker] ssPathScanningCandidateComponentProvider : Scanning URL [jar:file:/Users/yjayaraman/.gradle/caches/modules-2/files-2.1/org.springframework.data/spring-data-jpa/1.9.0.RELEASE/54eb2e41ceba320dcbd67c19e8a50cb9af4160a5/spring-data-jpa-1.9.0.RELEASE.jar!/org/springframework/data/jpa/repository/support/CrudMethodMetadata.class]
2016-04-27 17:58:11.049 TRACE 37359 --- [    Test worker] ssPathScanningCandidateComponentProvider : Ignored because not matching any filter: URL [jar:file:/Users/yjayaraman/.gradle/caches/modules-2/files-2.1/org.springframework.data/spring-data-jpa/1.9.0.RELEASE/54eb2e41ceba320dcbd67c19e8a50cb9af4160a5/spring-data-jpa-1.9.0.RELEASE.jar!/org/springframework/data/jpa/repository/support/CrudMethodMetadata.class]
2016-04-27 17:58:11.049 TRACE 37359 --- [    Test worker] ssPathScanningCandidateComponentProvider : Scanning URL [jar:file:/Users/yjayaraman/.gradle/caches/modules-2/files-2.1/org.springframework.data/spring-data-jpa/1.9.0.RELEASE/54eb2e41ceba320dcbd67c19e8a50cb9af4160a5/spring-data-jpa-1.9.0.RELEASE.jar!/org/springframework/data/jpa/repository/support/CrudMethodMetadataPostProcessor$CrudMethodMetadataPopulatingMethodInterceptor.class]
2016-04-27 17:58:11.050 TRACE 37359 --- [    Test worker] ssPathScanningCandidateComponentProvider : Ignored because not matching any filter: URL [jar:file:/Users/yjayaraman/.gradle/caches/modules-2/files-2.1/org.springframework.data/spring-data-jpa/1.9.0.RELEASE/54eb2e41ceba320dcbd67c19e8a50cb9af4160a5/spring-data-jpa-1.9.0.RELEASE.jar!/org/springframework/data/jpa/repository/support/CrudMethodMetadataPostProcessor$CrudMethodMetadataPopulatingMethodInterceptor.class]
2016-04-27 17:58:11.050 TRACE 37359 --- [    Test worker] ssPathScanningCandidateComponentProvider : Scanning URL [jar:file:/Users/yjayaraman/.gradle/caches/modules-2/files-2.1/org.springframework.data/spring-data-jpa/1.9.0.RELEASE/54eb2e41ceba320dcbd67c19e8a50cb9af4160a5/spring-data-jpa-1.9.0.RELEASE.jar!/org/springframework/data/jpa/repository/support/EntityManagerBeanDefinitionRegistrarPostProcessor.class]
2016-04-27 17:58:11.050 TRACE 37359 --- [    Test worker] ssPathScanningCandidateComponentProvider : Ignored because not matching any filter: URL [jar:file:/Users/yjayaraman/.gradle/caches/modules-2/files-2.1/org.springframework.data/spring-data-jpa/1.9.0.RELEASE/54eb2e41ceba320dcbd67c19e8a50cb9af4160a5/spring-data-jpa-1.9.0.RELEASE.jar!/org/springframework/data/jpa/repository/support/EntityManagerBeanDefinitionRegistrarPostProcessor.class]
2016-04-27 17:58:11.050 TRACE 37359 --- [    Test worker] ssPathScanningCandidateComponentProvider : Scanning URL [jar:file:/Users/yjayaraman/.gradle/caches/modules-2/files-2.1/org.springframework.data/spring-data-jpa/1.9.0.RELEASE/54eb2e41ceba320dcbd67c19e8a50cb9af4160a5/spring-data-jpa-1.9.0.RELEASE.jar!/org/springframework/data/jpa/repository/support/JpaMetamodelEntityInformation$IdentifierDerivingDirectFieldAccessFallbackBeanWrapper.class]
2016-04-27 17:58:11.052 TRACE 37359 --- [    Test worker] ssPathScanningCandidateComponentProvider : Ignored because not matching any filter: URL [jar:file:/Users/yjayaraman/.gradle/caches/modules-2/files-2.1/org.springframework.data/spring-data-jpa/1.9.0.RELEASE/54eb2e41ceba320dcbd67c19e8a50cb9af4160a5/spring-data-jpa-1.9.0.RELEASE.jar!/org/springframework/data/jpa/repository/support/JpaMetamodelEntityInformation$IdentifierDerivingDirectFieldAccessFallbackBeanWrapper.class]
2016-04-27 17:58:11.052 TRACE 37359 --- [    Test worker] ssPathScanningCandidateComponentProvider : Scanning URL [jar:file:/Users/yjayaraman/.gradle/caches/modules-2/files-2.1/org.springframework.data/spring-data-jpa/1.9.0.RELEASE/54eb2e41ceba320dcbd67c19e8a50cb9af4160a5/spring-data-jpa-1.9.0.RELEASE.jar!/org/springframework/data/jpa/repository/support/QueryDslJpaRepository.class]
2016-04-27 17:58:11.054 TRACE 37359 --- [    Test worker] ssPathScanningCandidateComponentProvider : Ignored because not matching any filter: URL [jar:file:/Users/yjayaraman/.gradle/caches/modules-2/files-2.1/org.springframework.data/spring-data-jpa/1.9.0.RELEASE/54eb2e41ceba320dcbd67c19e8a50cb9af4160a5/spring-data-jpa-1.9.0.RELEASE.jar!/org/springframework/data/jpa/repository/support/QueryDslJpaRepository.class]
2016-04-27 17:58:11.054 TRACE 37359 --- [    Test worker] ssPathScanningCandidateComponentProvider : Scanning URL [jar:file:/Users/yjayaraman/.gradle/caches/modules-2/files-2.1/org.springframework.data/spring-data-jpa/1.9.0.RELEASE/54eb2e41ceba320dcbd67c19e8a50cb9af4160a5/spring-data-jpa-1.9.0.RELEASE.jar!/org/springframework/data/jpa/repository/support/JpaRepositoryFactoryBean.class]
2016-04-27 17:58:11.055 TRACE 37359 --- [    Test worker] ssPathScanningCandidateComponentProvider : Ignored because not matching any filter: URL [jar:file:/Users/yjayaraman/.gradle/caches/modules-2/files-2.1/org.springframework.data/spring-data-jpa/1.9.0.RELEASE/54eb2e41ceba320dcbd67c19e8a50cb9af4160a5/spring-data-jpa-1.9.0.RELEASE.jar!/org/springframework/data/jpa/repository/support/JpaRepositoryFactoryBean.class]
2016-04-27 17:58:11.055 TRACE 37359 --- [    Test worker] ssPathScanningCandidateComponentProvider : Scanning URL [jar:file:/Users/yjayaraman/.gradle/caches/modules-2/files-2.1/org.springframework.data/spring-data-jpa/1.9.0.RELEASE/54eb2e41ceba320dcbd67c19e8a50cb9af4160a5/spring-data-jpa-1.9.0.RELEASE.jar!/org/springframework/data/jpa/repository/support/DefaultJpaContext.class]
2016-04-27 17:58:11.055 TRACE 37359 --- [    Test worker] ssPathScanningCandidateComponentProvider : Ignored because not matching any filter: URL [jar:file:/Users/yjayaraman/.gradle/caches/modules-2/files-2.1/org.springframework.data/spring-data-jpa/1.9.0.RELEASE/54eb2e41ceba320dcbd67c19e8a50cb9af4160a5/spring-data-jpa-1.9.0.RELEASE.jar!/org/springframework/data/jpa/repository/support/DefaultJpaContext.class]
2016-04-27 17:58:11.055 TRACE 37359 --- [    Test worker] ssPathScanningCandidateComponentProvider : Scanning URL [jar:file:/Users/yjayaraman/.gradle/caches/modules-2/files-2.1/org.springframework.data/spring-data-jpa/1.9.0.RELEASE/54eb2e41ceba320dcbd67c19e8a50cb9af4160a5/spring-data-jpa-1.9.0.RELEASE.jar!/org/springframework/data/jpa/repository/support/SimpleJpaRepository$ByIdsSpecification.class]
2016-04-27 17:58:11.056 TRACE 37359 --- [    Test worker] ssPathScanningCandidateComponentProvider : Ignored because not matching any filter: URL [jar:file:/Users/yjayaraman/.gradle/caches/modules-2/files-2.1/org.springframework.data/spring-data-jpa/1.9.0.RELEASE/54eb2e41ceba320dcbd67c19e8a50cb9af4160a5/spring-data-jpa-1.9.0.RELEASE.jar!/org/springframework/data/jpa/repository/support/SimpleJpaRepository$ByIdsSpecification.class]
2016-04-27 17:58:11.056 TRACE 37359 --- [    Test worker] ssPathScanningCandidateComponentProvider : Scanning URL [jar:file:/Users/yjayaraman/.gradle/caches/modules-2/files-2.1/org.springframework.data/spring-data-commons/1.11.0.RELEASE/935cd4ab0a1a07358d7f0c9c808f9113dc177bd8/spring-data-commons-1.11.0.RELEASE.jar!/org/springframework/data/repository/support/DomainClassConverter$ConversionMatchAbbreviationException.class]
2016-04-27 17:58:11.056 TRACE 37359 --- [    Test worker] ssPathScanningCandidateComponentProvider : Ignored because not matching any filter: URL [jar:file:/Users/yjayaraman/.gradle/caches/modules-2/files-2.1/org.springframework.data/spring-data-commons/1.11.0.RELEASE/935cd4ab0a1a07358d7f0c9c808f9113dc177bd8/spring-data-commons-1.11.0.RELEASE.jar!/org/springframework/data/repository/support/DomainClassConverter$ConversionMatchAbbreviationException.class]
2016-04-27 17:58:11.056 TRACE 37359 --- [    Test worker] ssPathScanningCandidateComponentProvider : Scanning URL [jar:file:/Users/yjayaraman/.gradle/caches/modules-2/files-2.1/org.springframework.data/spring-data-commons/1.11.0.RELEASE/935cd4ab0a1a07358d7f0c9c808f9113dc177bd8/spring-data-commons-1.11.0.RELEASE.jar!/org/springframework/data/repository/support/DomainClassConverter$ToIdConverter.class]
2016-04-27 17:58:11.056 TRACE 37359 --- [    Test worker] ssPathScanningCandidateComponentProvider : Ignored because not matching any filter: URL [jar:file:/Users/yjayaraman/.gradle/caches/modules-2/files-2.1/org.springframework.data/spring-data-commons/1.11.0.RELEASE/935cd4ab0a1a07358d7f0c9c808f9113dc177bd8/spring-data-commons-1.11.0.RELEASE.jar!/org/springframework/data/repository/support/DomainClassConverter$ToIdConverter.class]
2016-04-27 17:58:11.056 TRACE 37359 --- [    Test worker] ssPathScanningCandidateComponentProvider : Scanning URL [jar:file:/Users/yjayaraman/.gradle/caches/modules-2/files-2.1/org.springframework.data/spring-data-commons/1.11.0.RELEASE/935cd4ab0a1a07358d7f0c9c808f9113dc177bd8/spring-data-commons-1.11.0.RELEASE.jar!/org/springframework/data/repository/support/Repositories$EmptyRepositoryFactoryInformation.class]
2016-04-27 17:58:11.057 TRACE 37359 --- [    Test worker] ssPathScanningCandidateComponentProvider : Ignored because not matching any filter: URL [jar:file:/Users/yjayaraman/.gradle/caches/modules-2/files-2.1/org.springframework.data/spring-data-commons/1.11.0.RELEASE/935cd4ab0a1a07358d7f0c9c808f9113dc177bd8/spring-data-commons-1.11.0.RELEASE.jar!/org/springframework/data/repository/support/Repositories$EmptyRepositoryFactoryInformation.class]
2016-04-27 17:58:11.057 TRACE 37359 --- [    Test worker] ssPathScanningCandidateComponentProvider : Scanning URL [jar:file:/Users/yjayaraman/.gradle/caches/modules-2/files-2.1/org.springframework.data/spring-data-commons/1.11.0.RELEASE/935cd4ab0a1a07358d7f0c9c808f9113dc177bd8/spring-data-commons-1.11.0.RELEASE.jar!/org/springframework/data/repository/support/PagingAndSortingRepositoryInvoker.class]
2016-04-27 17:58:11.058 TRACE 37359 --- [    Test worker] ssPathScanningCandidateComponentProvider : Ignored because not matching any filter: URL [jar:file:/Users/yjayaraman/.gradle/caches/modules-2/files-2.1/org.springframework.data/spring-data-commons/1.11.0.RELEASE/935cd4ab0a1a07358d7f0c9c808f9113dc177bd8/spring-data-commons-1.11.0.RELEASE.jar!/org/springframework/data/repository/support/PagingAndSortingRepositoryInvoker.class]
2016-04-27 17:58:11.058 TRACE 37359 --- [    Test worker] ssPathScanningCandidateComponentProvider : Scanning URL [jar:file:/Users/yjayaraman/.gradle/caches/modules-2/files-2.1/org.springframework.data/spring-data-commons/1.11.0.RELEASE/935cd4ab0a1a07358d7f0c9c808f9113dc177bd8/spring-data-commons-1.11.0.RELEASE.jar!/org/springframework/data/repository/support/QueryMethodParameterConversionException.class]
2016-04-27 17:58:11.058 TRACE 37359 --- [    Test worker] ssPathScanningCandidateComponentProvider : Ignored because not matching any filter: URL [jar:file:/Users/yjayaraman/.gradle/caches/modules-2/files-2.1/org.springframework.data/spring-data-commons/1.11.0.RELEASE/935cd4ab0a1a07358d7f0c9c808f9113dc177bd8/spring-data-commons-1.11.0.RELEASE.jar!/org/springframework/data/repository/support/QueryMethodParameterConversionException.class]
2016-04-27 17:58:11.058 TRACE 37359 --- [    Test worker] ssPathScanningCandidateComponentProvider : Scanning URL [jar:file:/Users/yjayaraman/.gradle/caches/modules-2/files-2.1/org.springframework.data/spring-data-commons/1.11.0.RELEASE/935cd4ab0a1a07358d7f0c9c808f9113dc177bd8/spring-data-commons-1.11.0.RELEASE.jar!/org/springframework/data/repository/support/MethodParameters.class]
2016-04-27 17:58:11.058 TRACE 37359 --- [    Test worker] ssPathScanningCandidateComponentProvider : Ignored because not matching any filter: URL [jar:file:/Users/yjayaraman/.gradle/caches/modules-2/files-2.1/org.springframework.data/spring-data-commons/1.11.0.RELEASE/935cd4ab0a1a07358d7f0c9c808f9113dc177bd8/spring-data-commons-1.11.0.RELEASE.jar!/org/springframework/data/repository/support/MethodParameters.class]
2016-04-27 17:58:11.058 TRACE 37359 --- [    Test worker] ssPathScanningCandidateComponentProvider : Scanning URL [jar:file:/Users/yjayaraman/.gradle/caches/modules-2/files-2.1/org.springframework.data/spring-data-commons/1.11.0.RELEASE/935cd4ab0a1a07358d7f0c9c808f9113dc177bd8/spring-data-commons-1.11.0.RELEASE.jar!/org/springframework/data/repository/support/RepositoryInvoker.class]
2016-04-27 17:58:11.058 TRACE 37359 --- [    Test worker] ssPathScanningCandidateComponentProvider : Ignored because not matching any filter: URL [jar:file:/Users/yjayaraman/.gradle/caches/modules-2/files-2.1/org.springframework.data/spring-data-commons/1.11.0.RELEASE/935cd4ab0a1a07358d7f0c9c808f9113dc177bd8/spring-data-commons-1.11.0.RELEASE.jar!/org/springframework/data/repository/support/RepositoryInvoker.class]
2016-04-27 17:58:11.059 TRACE 37359 --- [    Test worker] ssPathScanningCandidateComponentProvider : Scanning URL [jar:file:/Users/yjayaraman/.gradle/caches/modules-2/files-2.1/org.springframework.data/spring-data-commons/1.11.0.RELEASE/935cd4ab0a1a07358d7f0c9c808f9113dc177bd8/spring-data-commons-1.11.0.RELEASE.jar!/org/springframework/data/repository/support/RepositoryInvokerFactory.class]
2016-04-27 17:58:11.059 TRACE 37359 --- [    Test worker] ssPathScanningCandidateComponentProvider : Ignored because not matching any filter: URL [jar:file:/Users/yjayaraman/.gradle/caches/modules-2/files-2.1/org.springframework.data/spring-data-commons/1.11.0.RELEASE/935cd4ab0a1a07358d7f0c9c808f9113dc177bd8/spring-data-commons-1.11.0.RELEASE.jar!/org/springframework/data/repository/support/RepositoryInvokerFactory.class]
2016-04-27 17:58:11.059 TRACE 37359 --- [    Test worker] ssPathScanningCandidateComponentProvider : Scanning URL [jar:file:/Users/yjayaraman/.gradle/caches/modules-2/files-2.1/org.springframework.data/spring-data-commons/1.11.0.RELEASE/935cd4ab0a1a07358d7f0c9c808f9113dc177bd8/spring-data-commons-1.11.0.RELEASE.jar!/org/springframework/data/repository/support/DomainClassPropertyEditorRegistrar.class]
2016-04-27 17:58:11.059 TRACE 37359 --- [    Test worker] ssPathScanningCandidateComponentProvider : Ignored because not matching any filter: URL [jar:file:/Users/yjayaraman/.gradle/caches/modules-2/files-2.1/org.springframework.data/spring-data-commons/1.11.0.RELEASE/935cd4ab0a1a07358d7f0c9c808f9113dc177bd8/spring-data-commons-1.11.0.RELEASE.jar!/org/springframework/data/repository/support/DomainClassPropertyEditorRegistrar.class]
2016-04-27 17:58:11.060 TRACE 37359 --- [    Test worker] ssPathScanningCandidateComponentProvider : Scanning URL [jar:file:/Users/yjayaraman/.gradle/caches/modules-2/files-2.1/org.springframework.data/spring-data-commons/1.11.0.RELEASE/935cd4ab0a1a07358d7f0c9c808f9113dc177bd8/spring-data-commons-1.11.0.RELEASE.jar!/org/springframework/data/repository/support/AnnotationAttribute.class]
2016-04-27 17:58:11.060 TRACE 37359 --- [    Test worker] ssPathScanningCandidateComponentProvider : Ignored because not matching any filter: URL [jar:file:/Users/yjayaraman/.gradle/caches/modules-2/files-2.1/org.springframework.data/spring-data-commons/1.11.0.RELEASE/935cd4ab0a1a07358d7f0c9c808f9113dc177bd8/spring-data-commons-1.11.0.RELEASE.jar!/org/springframework/data/repository/support/AnnotationAttribute.class]
2016-04-27 17:58:11.060 TRACE 37359 --- [    Test worker] ssPathScanningCandidateComponentProvider : Scanning URL [jar:file:/Users/yjayaraman/.gradle/caches/modules-2/files-2.1/org.springframework.data/spring-data-commons/1.11.0.RELEASE/935cd4ab0a1a07358d7f0c9c808f9113dc177bd8/spring-data-commons-1.11.0.RELEASE.jar!/org/springframework/data/repository/support/DefaultRepositoryInvokerFactory.class]
2016-04-27 17:58:11.060 TRACE 37359 --- [    Test worker] ssPathScanningCandidateComponentProvider : Ignored because not matching any filter: URL [jar:file:/Users/yjayaraman/.gradle/caches/modules-2/files-2.1/org.springframework.data/spring-data-commons/1.11.0.RELEASE/935cd4ab0a1a07358d7f0c9c808f9113dc177bd8/spring-data-commons-1.11.0.RELEASE.jar!/org/springframework/data/repository/support/DefaultRepositoryInvokerFactory.class]
2016-04-27 17:58:11.060 TRACE 37359 --- [    Test worker] ssPathScanningCandidateComponentProvider : Scanning URL [jar:file:/Users/yjayaraman/.gradle/caches/modules-2/files-2.1/org.springframework.data/spring-data-commons/1.11.0.RELEASE/935cd4ab0a1a07358d7f0c9c808f9113dc177bd8/spring-data-commons-1.11.0.RELEASE.jar!/org/springframework/data/repository/support/MethodParameters$AnnotationNamingMethodParameter.class]
2016-04-27 17:58:11.061 TRACE 37359 --- [    Test worker] ssPathScanningCandidateComponentProvider : Ignored because not matching any filter: URL [jar:file:/Users/yjayaraman/.gradle/caches/modules-2/files-2.1/org.springframework.data/spring-data-commons/1.11.0.RELEASE/935cd4ab0a1a07358d7f0c9c808f9113dc177bd8/spring-data-commons-1.11.0.RELEASE.jar!/org/springframework/data/repository/support/MethodParameters$AnnotationNamingMethodParameter.class]
2016-04-27 17:58:11.061 TRACE 37359 --- [    Test worker] ssPathScanningCandidateComponentProvider : Scanning URL [jar:file:/Users/yjayaraman/.gradle/caches/modules-2/files-2.1/org.springframework.data/spring-data-commons/1.11.0.RELEASE/935cd4ab0a1a07358d7f0c9c808f9113dc177bd8/spring-data-commons-1.11.0.RELEASE.jar!/org/springframework/data/repository/support/CrudRepositoryInvoker.class]
2016-04-27 17:58:11.061 TRACE 37359 --- [    Test worker] ssPathScanningCandidateComponentProvider : Ignored because not matching any filter: URL [jar:file:/Users/yjayaraman/.gradle/caches/modules-2/files-2.1/org.springframework.data/spring-data-commons/1.11.0.RELEASE/935cd4ab0a1a07358d7f0c9c808f9113dc177bd8/spring-data-commons-1.11.0.RELEASE.jar!/org/springframework/data/repository/support/CrudRepositoryInvoker.class]
2016-04-27 17:58:11.061 TRACE 37359 --- [    Test worker] ssPathScanningCandidateComponentProvider : Scanning URL [jar:file:/Users/yjayaraman/.gradle/caches/modules-2/files-2.1/org.springframework.data/spring-data-commons/1.11.0.RELEASE/935cd4ab0a1a07358d7f0c9c808f9113dc177bd8/spring-data-commons-1.11.0.RELEASE.jar!/org/springframework/data/repository/support/Repositories.class]
2016-04-27 17:58:11.062 TRACE 37359 --- [    Test worker] ssPathScanningCandidateComponentProvider : Ignored because not matching any filter: URL [jar:file:/Users/yjayaraman/.gradle/caches/modules-2/files-2.1/org.springframework.data/spring-data-commons/1.11.0.RELEASE/935cd4ab0a1a07358d7f0c9c808f9113dc177bd8/spring-data-commons-1.11.0.RELEASE.jar!/org/springframework/data/repository/support/Repositories.class]
2016-04-27 17:58:11.062 TRACE 37359 --- [    Test worker] ssPathScanningCandidateComponentProvider : Scanning URL [jar:file:/Users/yjayaraman/.gradle/caches/modules-2/files-2.1/org.springframework.data/spring-data-commons/1.11.0.RELEASE/935cd4ab0a1a07358d7f0c9c808f9113dc177bd8/spring-data-commons-1.11.0.RELEASE.jar!/org/springframework/data/repository/support/DomainClassConverter$ToEntityConverter.class]
2016-04-27 17:58:11.062 TRACE 37359 --- [    Test worker] ssPathScanningCandidateComponentProvider : Ignored because not matching any filter: URL [jar:file:/Users/yjayaraman/.gradle/caches/modules-2/files-2.1/org.springframework.data/spring-data-commons/1.11.0.RELEASE/935cd4ab0a1a07358d7f0c9c808f9113dc177bd8/spring-data-commons-1.11.0.RELEASE.jar!/org/springframework/data/repository/support/DomainClassConverter$ToEntityConverter.class]
2016-04-27 17:58:11.062 TRACE 37359 --- [    Test worker] ssPathScanningCandidateComponentProvider : Scanning URL [jar:file:/Users/yjayaraman/.gradle/caches/modules-2/files-2.1/org.springframework.data/spring-data-commons/1.11.0.RELEASE/935cd4ab0a1a07358d7f0c9c808f9113dc177bd8/spring-data-commons-1.11.0.RELEASE.jar!/org/springframework/data/repository/support/ReflectionRepositoryInvoker.class]
2016-04-27 17:58:11.063 TRACE 37359 --- [    Test worker] ssPathScanningCandidateComponentProvider : Ignored because not matching any filter: URL [jar:file:/Users/yjayaraman/.gradle/caches/modules-2/files-2.1/org.springframework.data/spring-data-commons/1.11.0.RELEASE/935cd4ab0a1a07358d7f0c9c808f9113dc177bd8/spring-data-commons-1.11.0.RELEASE.jar!/org/springframework/data/repository/support/ReflectionRepositoryInvoker.class]
2016-04-27 17:58:11.063 TRACE 37359 --- [    Test worker] ssPathScanningCandidateComponentProvider : Scanning URL [jar:file:/Users/yjayaraman/.gradle/caches/modules-2/files-2.1/org.springframework.data/spring-data-commons/1.11.0.RELEASE/935cd4ab0a1a07358d7f0c9c808f9113dc177bd8/spring-data-commons-1.11.0.RELEASE.jar!/org/springframework/data/repository/support/DomainClassPropertyEditor.class]
2016-04-27 17:58:11.063 TRACE 37359 --- [    Test worker] ssPathScanningCandidateComponentProvider : Ignored because not matching any filter: URL [jar:file:/Users/yjayaraman/.gradle/caches/modules-2/files-2.1/org.springframework.data/spring-data-commons/1.11.0.RELEASE/935cd4ab0a1a07358d7f0c9c808f9113dc177bd8/spring-data-commons-1.11.0.RELEASE.jar!/org/springframework/data/repository/support/DomainClassPropertyEditor.class]
2016-04-27 17:58:11.063 TRACE 37359 --- [    Test worker] ssPathScanningCandidateComponentProvider : Scanning URL [jar:file:/Users/yjayaraman/.gradle/caches/modules-2/files-2.1/org.springframework.data/spring-data-commons/1.11.0.RELEASE/935cd4ab0a1a07358d7f0c9c808f9113dc177bd8/spring-data-commons-1.11.0.RELEASE.jar!/org/springframework/data/repository/support/DomainClassConverter.class]
2016-04-27 17:58:11.064 TRACE 37359 --- [    Test worker] ssPathScanningCandidateComponentProvider : Ignored because not matching any filter: URL [jar:file:/Users/yjayaraman/.gradle/caches/modules-2/files-2.1/org.springframework.data/spring-data-commons/1.11.0.RELEASE/935cd4ab0a1a07358d7f0c9c808f9113dc177bd8/spring-data-commons-1.11.0.RELEASE.jar!/org/springframework/data/repository/support/DomainClassConverter.class]
2016-04-27 17:58:11.064 TRACE 37359 --- [    Test worker] ssPathScanningCandidateComponentProvider : Scanning URL [jar:file:/Users/yjayaraman/.gradle/caches/modules-2/files-2.1/org.springframework.data/spring-data-commons/1.11.0.RELEASE/935cd4ab0a1a07358d7f0c9c808f9113dc177bd8/spring-data-commons-1.11.0.RELEASE.jar!/org/springframework/data/repository/support/DomainClassConverter$1.class]
2016-04-27 17:58:11.064 TRACE 37359 --- [    Test worker] ssPathScanningCandidateComponentProvider : Ignored because not matching any filter: URL [jar:file:/Users/yjayaraman/.gradle/caches/modules-2/files-2.1/org.springframework.data/spring-data-commons/1.11.0.RELEASE/935cd4ab0a1a07358d7f0c9c808f9113dc177bd8/spring-data-commons-1.11.0.RELEASE.jar!/org/springframework/data/repository/support/DomainClassConverter$1.class]
2016-04-27 17:58:11.064 TRACE 37359 --- [    Test worker] ssPathScanningCandidateComponentProvider : Scanning URL [jar:file:/Users/yjayaraman/.gradle/caches/modules-2/files-2.1/org.springframework.data/spring-data-commons/1.11.0.RELEASE/935cd4ab0a1a07358d7f0c9c808f9113dc177bd8/spring-data-commons-1.11.0.RELEASE.jar!/org/springframework/data/repository/support/RepositoryInvocationInformation.class]
2016-04-27 17:58:11.064 TRACE 37359 --- [    Test worker] ssPathScanningCandidateComponentProvider : Ignored because not matching any filter: URL [jar:file:/Users/yjayaraman/.gradle/caches/modules-2/files-2.1/org.springframework.data/spring-data-commons/1.11.0.RELEASE/935cd4ab0a1a07358d7f0c9c808f9113dc177bd8/spring-data-commons-1.11.0.RELEASE.jar!/org/springframework/data/repository/support/RepositoryInvocationInformation.class]
2016-04-27 17:58:11.066 DEBUG 37359 --- [    Test worker] o.s.core.env.StandardEnvironment         : Adding [systemProperties] PropertySource with lowest search precedence
2016-04-27 17:58:11.066 DEBUG 37359 --- [    Test worker] o.s.core.env.StandardEnvironment         : Adding [systemEnvironment] PropertySource with lowest search precedence
2016-04-27 17:58:11.066 DEBUG 37359 --- [    Test worker] o.s.core.env.StandardEnvironment         : Initialized StandardEnvironment with PropertySources [systemProperties,systemEnvironment]
2016-04-27 17:58:11.068 DEBUG 37359 --- [    Test worker] .i.s.PathMatchingResourcePatternResolver : Looking for matching resources in directory tree [/Users/yjayaraman/projects/biogen-labs/spring-restdocs/final/cities/build/classes/test/demo]
2016-04-27 17:58:11.068 DEBUG 37359 --- [    Test worker] .i.s.PathMatchingResourcePatternResolver : Searching directory [/Users/yjayaraman/projects/biogen-labs/spring-restdocs/final/cities/build/classes/test/demo] for files matching pattern [/Users/yjayaraman/projects/biogen-labs/spring-restdocs/final/cities/build/classes/test/demo/**/*.class]
2016-04-27 17:58:11.068 DEBUG 37359 --- [    Test worker] .i.s.PathMatchingResourcePatternResolver : Looking for matching resources in directory tree [/Users/yjayaraman/projects/biogen-labs/spring-restdocs/final/cities/build/classes/main/demo]
2016-04-27 17:58:11.068 DEBUG 37359 --- [    Test worker] .i.s.PathMatchingResourcePatternResolver : Searching directory [/Users/yjayaraman/projects/biogen-labs/spring-restdocs/final/cities/build/classes/main/demo] for files matching pattern [/Users/yjayaraman/projects/biogen-labs/spring-restdocs/final/cities/build/classes/main/demo/**/*.class]
2016-04-27 17:58:11.068 DEBUG 37359 --- [    Test worker] .i.s.PathMatchingResourcePatternResolver : Searching directory [/Users/yjayaraman/projects/biogen-labs/spring-restdocs/final/cities/build/classes/main/demo/repositories] for files matching pattern [/Users/yjayaraman/projects/biogen-labs/spring-restdocs/final/cities/build/classes/main/demo/**/*.class]
2016-04-27 17:58:11.068 DEBUG 37359 --- [    Test worker] .i.s.PathMatchingResourcePatternResolver : Resolved location pattern [classpath*:demo/**/*.class] to resources [file [/Users/yjayaraman/projects/biogen-labs/spring-restdocs/final/cities/build/classes/test/demo/CitiesApplicationTests.class], file [/Users/yjayaraman/projects/biogen-labs/spring-restdocs/final/cities/build/classes/main/demo/CitiesApplication.class], file [/Users/yjayaraman/projects/biogen-labs/spring-restdocs/final/cities/build/classes/main/demo/City.class], file [/Users/yjayaraman/projects/biogen-labs/spring-restdocs/final/cities/build/classes/main/demo/repositories/CityRepository.class]]
2016-04-27 17:58:11.068 TRACE 37359 --- [    Test worker] o.s.d.r.c.RepositoryComponentProvider    : Scanning file [/Users/yjayaraman/projects/biogen-labs/spring-restdocs/final/cities/build/classes/test/demo/CitiesApplicationTests.class]
2016-04-27 17:58:11.069 TRACE 37359 --- [    Test worker] o.s.d.r.c.RepositoryComponentProvider    : Ignored because not matching any filter: file [/Users/yjayaraman/projects/biogen-labs/spring-restdocs/final/cities/build/classes/test/demo/CitiesApplicationTests.class]
2016-04-27 17:58:11.069 TRACE 37359 --- [    Test worker] o.s.d.r.c.RepositoryComponentProvider    : Scanning file [/Users/yjayaraman/projects/biogen-labs/spring-restdocs/final/cities/build/classes/main/demo/CitiesApplication.class]
2016-04-27 17:58:11.070 TRACE 37359 --- [    Test worker] o.s.d.r.c.RepositoryComponentProvider    : Ignored because not matching any filter: file [/Users/yjayaraman/projects/biogen-labs/spring-restdocs/final/cities/build/classes/main/demo/CitiesApplication.class]
2016-04-27 17:58:11.070 TRACE 37359 --- [    Test worker] o.s.d.r.c.RepositoryComponentProvider    : Scanning file [/Users/yjayaraman/projects/biogen-labs/spring-restdocs/final/cities/build/classes/main/demo/City.class]
2016-04-27 17:58:11.070 TRACE 37359 --- [    Test worker] o.s.d.r.c.RepositoryComponentProvider    : Ignored because not matching any filter: file [/Users/yjayaraman/projects/biogen-labs/spring-restdocs/final/cities/build/classes/main/demo/City.class]
2016-04-27 17:58:11.070 TRACE 37359 --- [    Test worker] o.s.d.r.c.RepositoryComponentProvider    : Scanning file [/Users/yjayaraman/projects/biogen-labs/spring-restdocs/final/cities/build/classes/main/demo/repositories/CityRepository.class]
2016-04-27 17:58:11.071 DEBUG 37359 --- [    Test worker] o.s.d.r.c.RepositoryComponentProvider    : Identified candidate component class: file [/Users/yjayaraman/projects/biogen-labs/spring-restdocs/final/cities/build/classes/main/demo/repositories/CityRepository.class]
2016-04-27 17:58:11.074 DEBUG 37359 --- [    Test worker] o.s.core.env.StandardEnvironment         : Adding [systemProperties] PropertySource with lowest search precedence
2016-04-27 17:58:11.074 DEBUG 37359 --- [    Test worker] o.s.core.env.StandardEnvironment         : Adding [systemEnvironment] PropertySource with lowest search precedence
2016-04-27 17:58:11.074 DEBUG 37359 --- [    Test worker] o.s.core.env.StandardEnvironment         : Initialized StandardEnvironment with PropertySources [systemProperties,systemEnvironment]
2016-04-27 17:58:11.075 DEBUG 37359 --- [    Test worker] .i.s.PathMatchingResourcePatternResolver : Looking for matching resources in directory tree [/Users/yjayaraman/projects/biogen-labs/spring-restdocs/final/cities/build/classes/test/demo]
2016-04-27 17:58:11.075 DEBUG 37359 --- [    Test worker] .i.s.PathMatchingResourcePatternResolver : Searching directory [/Users/yjayaraman/projects/biogen-labs/spring-restdocs/final/cities/build/classes/test/demo] for files matching pattern [/Users/yjayaraman/projects/biogen-labs/spring-restdocs/final/cities/build/classes/test/demo/**/*CityRepositoryImpl.class]
2016-04-27 17:58:11.075 DEBUG 37359 --- [    Test worker] .i.s.PathMatchingResourcePatternResolver : Looking for matching resources in directory tree [/Users/yjayaraman/projects/biogen-labs/spring-restdocs/final/cities/build/classes/main/demo]
2016-04-27 17:58:11.075 DEBUG 37359 --- [    Test worker] .i.s.PathMatchingResourcePatternResolver : Searching directory [/Users/yjayaraman/projects/biogen-labs/spring-restdocs/final/cities/build/classes/main/demo] for files matching pattern [/Users/yjayaraman/projects/biogen-labs/spring-restdocs/final/cities/build/classes/main/demo/**/*CityRepositoryImpl.class]
2016-04-27 17:58:11.075 DEBUG 37359 --- [    Test worker] .i.s.PathMatchingResourcePatternResolver : Searching directory [/Users/yjayaraman/projects/biogen-labs/spring-restdocs/final/cities/build/classes/main/demo/repositories] for files matching pattern [/Users/yjayaraman/projects/biogen-labs/spring-restdocs/final/cities/build/classes/main/demo/**/*CityRepositoryImpl.class]
2016-04-27 17:58:11.075 DEBUG 37359 --- [    Test worker] .i.s.PathMatchingResourcePatternResolver : Resolved location pattern [classpath*:demo/**/*CityRepositoryImpl.class] to resources []
2016-04-27 17:58:11.078 DEBUG 37359 --- [    Test worker] .s.d.r.c.RepositoryConfigurationDelegate : Spring Data JPA - Registering repository: cityRepository - Interface: demo.repositories.CityRepository - Factory: org.springframework.data.jpa.repository.support.JpaRepositoryFactoryBean
2016-04-27 17:58:11.080 DEBUG 37359 --- [    Test worker] a.ConfigurationClassBeanDefinitionReader : Registered bean definition for imported class 'org.springframework.boot.autoconfigure.PropertyPlaceholderAutoConfiguration'
2016-04-27 17:58:11.082 DEBUG 37359 --- [    Test worker] o.s.b.f.s.DefaultListableBeanFactory     : Creating shared instance of singleton bean 'org.springframework.boot.autoconfigure.condition.BeanTypeRegistry'
2016-04-27 17:58:11.083 DEBUG 37359 --- [    Test worker] o.s.b.f.s.DefaultListableBeanFactory     : Creating instance of bean 'org.springframework.boot.autoconfigure.condition.BeanTypeRegistry'
2016-04-27 17:58:11.090 DEBUG 37359 --- [    Test worker] o.s.b.f.s.DefaultListableBeanFactory     : Eagerly caching bean 'org.springframework.boot.autoconfigure.condition.BeanTypeRegistry' to allow for resolving potential circular references
2016-04-27 17:58:11.090 DEBUG 37359 --- [    Test worker] o.s.b.f.s.DefaultListableBeanFactory     : Finished creating instance of bean 'org.springframework.boot.autoconfigure.condition.BeanTypeRegistry'
2016-04-27 17:58:11.104 TRACE 37359 --- [    Test worker] o.s.b.a.condition.OnBeanCondition        : Condition OnBeanCondition on org.springframework.boot.autoconfigure.PropertyPlaceholderAutoConfiguration#propertySourcesPlaceholderConfigurer matched due to @ConditionalOnMissingBean (types: org.springframework.context.support.PropertySourcesPlaceholderConfigurer; SearchStrategy: current) found no beans
2016-04-27 17:58:11.104 DEBUG 37359 --- [    Test worker] o.s.b.f.s.DefaultListableBeanFactory     : Returning cached instance of singleton bean 'autoConfigurationReport'
2016-04-27 17:58:11.105 DEBUG 37359 --- [    Test worker] a.ConfigurationClassBeanDefinitionReader : Registering bean definition for @Bean method org.springframework.boot.autoconfigure.PropertyPlaceholderAutoConfiguration.propertySourcesPlaceholderConfigurer()
2016-04-27 17:58:11.106 TRACE 37359 --- [    Test worker] o.s.b.a.condition.OnClassCondition       : Condition OnClassCondition on org.springframework.boot.autoconfigure.websocket.WebSocketAutoConfiguration matched due to @ConditionalOnClass classes found: javax.servlet.Servlet,javax.websocket.server.ServerContainer
2016-04-27 17:58:11.106 DEBUG 37359 --- [    Test worker] o.s.b.f.s.DefaultListableBeanFactory     : Returning cached instance of singleton bean 'autoConfigurationReport'
2016-04-27 17:58:11.106 TRACE 37359 --- [    Test worker] o.s.b.a.c.OnWebApplicationCondition      : Condition OnWebApplicationCondition on org.springframework.boot.autoconfigure.websocket.WebSocketAutoConfiguration matched due to found web application 'session' scope
2016-04-27 17:58:11.106 DEBUG 37359 --- [    Test worker] o.s.b.f.s.DefaultListableBeanFactory     : Returning cached instance of singleton bean 'autoConfigurationReport'
2016-04-27 17:58:11.106 TRACE 37359 --- [    Test worker] o.s.b.a.condition.OnClassCondition       : Condition OnClassCondition on org.springframework.boot.autoconfigure.websocket.WebSocketAutoConfiguration$TomcatWebSocketConfiguration matched due to @ConditionalOnClass classes found: org.apache.catalina.startup.Tomcat,org.apache.tomcat.websocket.server.WsSci
2016-04-27 17:58:11.106 DEBUG 37359 --- [    Test worker] o.s.b.f.s.DefaultListableBeanFactory     : Returning cached instance of singleton bean 'autoConfigurationReport'
2016-04-27 17:58:11.106 DEBUG 37359 --- [    Test worker] a.ConfigurationClassBeanDefinitionReader : Registered bean definition for imported class 'org.springframework.boot.autoconfigure.websocket.WebSocketAutoConfiguration$TomcatWebSocketConfiguration'
2016-04-27 17:58:11.106 TRACE 37359 --- [    Test worker] o.s.b.a.condition.OnBeanCondition        : Condition OnBeanCondition on org.springframework.boot.autoconfigure.websocket.WebSocketAutoConfiguration$TomcatWebSocketConfiguration#websocketContainerCustomizer matched due to @ConditionalOnMissingBean (names: websocketContainerCustomizer; SearchStrategy: all) found no beans
2016-04-27 17:58:11.106 DEBUG 37359 --- [    Test worker] o.s.b.f.s.DefaultListableBeanFactory     : Returning cached instance of singleton bean 'autoConfigurationReport'
2016-04-27 17:58:11.106 DEBUG 37359 --- [    Test worker] a.ConfigurationClassBeanDefinitionReader : Registering bean definition for @Bean method org.springframework.boot.autoconfigure.websocket.WebSocketAutoConfiguration$TomcatWebSocketConfiguration.websocketContainerCustomizer()
2016-04-27 17:58:11.107 DEBUG 37359 --- [    Test worker] a.ConfigurationClassBeanDefinitionReader : Registered bean definition for imported class 'org.springframework.boot.autoconfigure.websocket.WebSocketAutoConfiguration'
2016-04-27 17:58:11.107 TRACE 37359 --- [    Test worker] o.s.b.a.c.OnWebApplicationCondition      : Condition OnWebApplicationCondition on org.springframework.boot.autoconfigure.web.EmbeddedServletContainerAutoConfiguration matched due to found web application 'session' scope
2016-04-27 17:58:11.107 DEBUG 37359 --- [    Test worker] o.s.b.f.s.DefaultListableBeanFactory     : Returning cached instance of singleton bean 'autoConfigurationReport'
2016-04-27 17:58:11.107 TRACE 37359 --- [    Test worker] o.s.b.a.condition.OnClassCondition       : Condition OnClassCondition on org.springframework.boot.autoconfigure.web.EmbeddedServletContainerAutoConfiguration$EmbeddedTomcat matched due to @ConditionalOnClass classes found: javax.servlet.Servlet,org.apache.catalina.startup.Tomcat
2016-04-27 17:58:11.107 DEBUG 37359 --- [    Test worker] o.s.b.f.s.DefaultListableBeanFactory     : Returning cached instance of singleton bean 'autoConfigurationReport'
2016-04-27 17:58:11.107 DEBUG 37359 --- [    Test worker] o.s.b.f.s.DefaultListableBeanFactory     : Returning cached instance of singleton bean 'org.springframework.boot.autoconfigure.condition.BeanTypeRegistry'
2016-04-27 17:58:11.109 TRACE 37359 --- [    Test worker] o.s.b.a.condition.OnBeanCondition        : Condition OnBeanCondition on org.springframework.boot.autoconfigure.web.EmbeddedServletContainerAutoConfiguration$EmbeddedTomcat matched due to @ConditionalOnMissingBean (types: org.springframework.boot.context.embedded.EmbeddedServletContainerFactory; SearchStrategy: current) found no beans
2016-04-27 17:58:11.109 DEBUG 37359 --- [    Test worker] o.s.b.f.s.DefaultListableBeanFactory     : Returning cached instance of singleton bean 'autoConfigurationReport'
2016-04-27 17:58:11.110 DEBUG 37359 --- [    Test worker] a.ConfigurationClassBeanDefinitionReader : Registered bean definition for imported class 'org.springframework.boot.autoconfigure.web.EmbeddedServletContainerAutoConfiguration$EmbeddedTomcat'
2016-04-27 17:58:11.110 DEBUG 37359 --- [    Test worker] a.ConfigurationClassBeanDefinitionReader : Registering bean definition for @Bean method org.springframework.boot.autoconfigure.web.EmbeddedServletContainerAutoConfiguration$EmbeddedTomcat.tomcatEmbeddedServletContainerFactory()
2016-04-27 17:58:11.110 DEBUG 37359 --- [    Test worker] a.ConfigurationClassBeanDefinitionReader : Registered bean definition for imported class 'org.springframework.boot.autoconfigure.web.EmbeddedServletContainerAutoConfiguration'
2016-04-27 17:58:11.112 TRACE 37359 --- [    Test worker] o.s.b.a.condition.OnClassCondition       : Condition OnClassCondition on org.springframework.boot.autoconfigure.web.DispatcherServletAutoConfiguration matched due to @ConditionalOnClass classes found: org.springframework.web.servlet.DispatcherServlet
2016-04-27 17:58:11.112 DEBUG 37359 --- [    Test worker] o.s.b.f.s.DefaultListableBeanFactory     : Returning cached instance of singleton bean 'autoConfigurationReport'
2016-04-27 17:58:11.113 TRACE 37359 --- [    Test worker] o.s.b.a.c.OnWebApplicationCondition      : Condition OnWebApplicationCondition on org.springframework.boot.autoconfigure.web.DispatcherServletAutoConfiguration matched due to found web application 'session' scope
2016-04-27 17:58:11.113 DEBUG 37359 --- [    Test worker] o.s.b.f.s.DefaultListableBeanFactory     : Returning cached instance of singleton bean 'autoConfigurationReport'
2016-04-27 17:58:11.113 TRACE 37359 --- [    Test worker] o.s.b.a.condition.OnClassCondition       : Condition OnClassCondition on org.springframework.boot.autoconfigure.web.DispatcherServletAutoConfiguration$DispatcherServletConfiguration matched due to @ConditionalOnClass classes found: javax.servlet.ServletRegistration
2016-04-27 17:58:11.113 DEBUG 37359 --- [    Test worker] o.s.b.f.s.DefaultListableBeanFactory     : Returning cached instance of singleton bean 'autoConfigurationReport'
2016-04-27 17:58:11.113 TRACE 37359 --- [    Test worker] ration$DefaultDispatcherServletCondition : Condition DispatcherServletAutoConfiguration.DefaultDispatcherServletCondition on org.springframework.boot.autoconfigure.web.DispatcherServletAutoConfiguration$DispatcherServletConfiguration matched due to no ServletRegistrationBean found
2016-04-27 17:58:11.113 DEBUG 37359 --- [    Test worker] o.s.b.f.s.DefaultListableBeanFactory     : Returning cached instance of singleton bean 'autoConfigurationReport'
2016-04-27 17:58:11.113 DEBUG 37359 --- [    Test worker] a.ConfigurationClassBeanDefinitionReader : Registered bean definition for imported class 'org.springframework.boot.autoconfigure.web.DispatcherServletAutoConfiguration$DispatcherServletConfiguration'
2016-04-27 17:58:11.114 DEBUG 37359 --- [    Test worker] a.ConfigurationClassBeanDefinitionReader : Registering bean definition for @Bean method org.springframework.boot.autoconfigure.web.DispatcherServletAutoConfiguration$DispatcherServletConfiguration.dispatcherServlet()
2016-04-27 17:58:11.114 DEBUG 37359 --- [    Test worker] a.ConfigurationClassBeanDefinitionReader : Registering bean definition for @Bean method org.springframework.boot.autoconfigure.web.DispatcherServletAutoConfiguration$DispatcherServletConfiguration.dispatcherServletRegistration()
2016-04-27 17:58:11.114 DEBUG 37359 --- [    Test worker] o.s.b.f.s.DefaultListableBeanFactory     : Returning cached instance of singleton bean 'org.springframework.boot.autoconfigure.condition.BeanTypeRegistry'
2016-04-27 17:58:11.115 TRACE 37359 --- [    Test worker] o.s.b.a.condition.OnBeanCondition        : Condition OnBeanCondition on org.springframework.boot.autoconfigure.web.DispatcherServletAutoConfiguration$DispatcherServletConfiguration#multipartResolver did not match due to @ConditionalOnBean (types: org.springframework.web.multipart.MultipartResolver; SearchStrategy: all) found no beans
2016-04-27 17:58:11.115 DEBUG 37359 --- [    Test worker] o.s.b.f.s.DefaultListableBeanFactory     : Returning cached instance of singleton bean 'autoConfigurationReport'
2016-04-27 17:58:11.115 DEBUG 37359 --- [    Test worker] a.ConfigurationClassBeanDefinitionReader : Registered bean definition for imported class 'org.springframework.boot.autoconfigure.web.DispatcherServletAutoConfiguration'
2016-04-27 17:58:11.115 TRACE 37359 --- [    Test worker] o.s.b.a.condition.OnClassCondition       : Condition OnClassCondition on org.springframework.boot.autoconfigure.web.ErrorMvcAutoConfiguration matched due to @ConditionalOnClass classes found: javax.servlet.Servlet,org.springframework.web.servlet.DispatcherServlet
2016-04-27 17:58:11.115 DEBUG 37359 --- [    Test worker] o.s.b.f.s.DefaultListableBeanFactory     : Returning cached instance of singleton bean 'autoConfigurationReport'
2016-04-27 17:58:11.115 TRACE 37359 --- [    Test worker] o.s.b.a.c.OnWebApplicationCondition      : Condition OnWebApplicationCondition on org.springframework.boot.autoconfigure.web.ErrorMvcAutoConfiguration matched due to found web application 'session' scope
2016-04-27 17:58:11.115 DEBUG 37359 --- [    Test worker] o.s.b.f.s.DefaultListableBeanFactory     : Returning cached instance of singleton bean 'autoConfigurationReport'
2016-04-27 17:58:11.116 TRACE 37359 --- [    Test worker] o.s.c.io.support.SpringFactoriesLoader   : Loaded [org.springframework.boot.autoconfigure.template.TemplateAvailabilityProvider] names: [org.springframework.boot.autoconfigure.freemarker.FreeMarkerTemplateAvailabilityProvider, org.springframework.boot.autoconfigure.mustache.MustacheTemplateAvailabilityProvider, org.springframework.boot.autoconfigure.groovy.template.GroovyTemplateAvailabilityProvider, org.springframework.boot.autoconfigure.thymeleaf.ThymeleafTemplateAvailabilityProvider, org.springframework.boot.autoconfigure.velocity.VelocityTemplateAvailabilityProvider, org.springframework.boot.autoconfigure.web.JspTemplateAvailabilityProvider]
2016-04-27 17:58:11.117 TRACE 37359 --- [    Test worker] figuration$ErrorTemplateMissingCondition : Condition ErrorMvcAutoConfiguration.ErrorTemplateMissingCondition on org.springframework.boot.autoconfigure.web.ErrorMvcAutoConfiguration$WhitelabelErrorViewConfiguration matched due to No error template view detected
2016-04-27 17:58:11.118 DEBUG 37359 --- [    Test worker] o.s.b.f.s.DefaultListableBeanFactory     : Returning cached instance of singleton bean 'autoConfigurationReport'
2016-04-27 17:58:11.118 TRACE 37359 --- [    Test worker] o.s.b.a.condition.OnPropertyCondition    : Condition OnPropertyCondition on org.springframework.boot.autoconfigure.web.ErrorMvcAutoConfiguration$WhitelabelErrorViewConfiguration matched
2016-04-27 17:58:11.118 DEBUG 37359 --- [    Test worker] o.s.b.f.s.DefaultListableBeanFactory     : Returning cached instance of singleton bean 'autoConfigurationReport'
2016-04-27 17:58:11.118 DEBUG 37359 --- [    Test worker] a.ConfigurationClassBeanDefinitionReader : Registered bean definition for imported class 'org.springframework.boot.autoconfigure.web.ErrorMvcAutoConfiguration$WhitelabelErrorViewConfiguration'
2016-04-27 17:58:11.118 TRACE 37359 --- [    Test worker] o.s.b.a.condition.OnBeanCondition        : Condition OnBeanCondition on org.springframework.boot.autoconfigure.web.ErrorMvcAutoConfiguration$WhitelabelErrorViewConfiguration#defaultErrorView matched due to @ConditionalOnMissingBean (names: error; SearchStrategy: all) found no beans
2016-04-27 17:58:11.118 DEBUG 37359 --- [    Test worker] o.s.b.f.s.DefaultListableBeanFactory     : Returning cached instance of singleton bean 'autoConfigurationReport'
2016-04-27 17:58:11.118 DEBUG 37359 --- [    Test worker] a.ConfigurationClassBeanDefinitionReader : Registering bean definition for @Bean method org.springframework.boot.autoconfigure.web.ErrorMvcAutoConfiguration$WhitelabelErrorViewConfiguration.error()
2016-04-27 17:58:11.119 DEBUG 37359 --- [    Test worker] o.s.b.f.s.DefaultListableBeanFactory     : Returning cached instance of singleton bean 'org.springframework.boot.autoconfigure.condition.BeanTypeRegistry'
2016-04-27 17:58:11.120 TRACE 37359 --- [    Test worker] o.s.b.a.condition.OnBeanCondition        : Condition OnBeanCondition on org.springframework.boot.autoconfigure.web.ErrorMvcAutoConfiguration$WhitelabelErrorViewConfiguration#beanNameViewResolver matched due to @ConditionalOnMissingBean (types: org.springframework.web.servlet.view.BeanNameViewResolver; SearchStrategy: all) found no beans
2016-04-27 17:58:11.120 DEBUG 37359 --- [    Test worker] o.s.b.f.s.DefaultListableBeanFactory     : Returning cached instance of singleton bean 'autoConfigurationReport'
2016-04-27 17:58:11.121 DEBUG 37359 --- [    Test worker] a.ConfigurationClassBeanDefinitionReader : Registering bean definition for @Bean method org.springframework.boot.autoconfigure.web.ErrorMvcAutoConfiguration$WhitelabelErrorViewConfiguration.beanNameViewResolver()
2016-04-27 17:58:11.121 DEBUG 37359 --- [    Test worker] a.ConfigurationClassBeanDefinitionReader : Registered bean definition for imported class 'org.springframework.boot.autoconfigure.web.ErrorMvcAutoConfiguration'
2016-04-27 17:58:11.121 DEBUG 37359 --- [    Test worker] o.s.b.f.s.DefaultListableBeanFactory     : Returning cached instance of singleton bean 'org.springframework.boot.autoconfigure.condition.BeanTypeRegistry'
2016-04-27 17:58:11.122 TRACE 37359 --- [    Test worker] o.s.b.a.condition.OnBeanCondition        : Condition OnBeanCondition on org.springframework.boot.autoconfigure.web.ErrorMvcAutoConfiguration#errorAttributes matched due to @ConditionalOnMissingBean (types: org.springframework.boot.autoconfigure.web.ErrorAttributes; SearchStrategy: current) found no beans
2016-04-27 17:58:11.122 DEBUG 37359 --- [    Test worker] o.s.b.f.s.DefaultListableBeanFactory     : Returning cached instance of singleton bean 'autoConfigurationReport'
2016-04-27 17:58:11.122 DEBUG 37359 --- [    Test worker] a.ConfigurationClassBeanDefinitionReader : Registering bean definition for @Bean method org.springframework.boot.autoconfigure.web.ErrorMvcAutoConfiguration.errorAttributes()
2016-04-27 17:58:11.122 DEBUG 37359 --- [    Test worker] o.s.b.f.s.DefaultListableBeanFactory     : Returning cached instance of singleton bean 'org.springframework.boot.autoconfigure.condition.BeanTypeRegistry'
2016-04-27 17:58:11.124 TRACE 37359 --- [    Test worker] o.s.b.a.condition.OnBeanCondition        : Condition OnBeanCondition on org.springframework.boot.autoconfigure.web.ErrorMvcAutoConfiguration#basicErrorController matched due to @ConditionalOnMissingBean (types: org.springframework.boot.autoconfigure.web.ErrorController; SearchStrategy: current) found no beans
2016-04-27 17:58:11.124 DEBUG 37359 --- [    Test worker] o.s.b.f.s.DefaultListableBeanFactory     : Returning cached instance of singleton bean 'autoConfigurationReport'
2016-04-27 17:58:11.124 DEBUG 37359 --- [    Test worker] a.ConfigurationClassBeanDefinitionReader : Registering bean definition for @Bean method org.springframework.boot.autoconfigure.web.ErrorMvcAutoConfiguration.basicErrorController()
2016-04-27 17:58:11.124 TRACE 37359 --- [    Test worker] o.s.b.a.condition.OnClassCondition       : Condition OnClassCondition on org.springframework.boot.autoconfigure.web.WebMvcAutoConfiguration matched due to @ConditionalOnClass classes found: javax.servlet.Servlet,org.springframework.web.servlet.DispatcherServlet,org.springframework.web.servlet.config.annotation.WebMvcConfigurerAdapter
2016-04-27 17:58:11.124 DEBUG 37359 --- [    Test worker] o.s.b.f.s.DefaultListableBeanFactory     : Returning cached instance of singleton bean 'autoConfigurationReport'
2016-04-27 17:58:11.124 TRACE 37359 --- [    Test worker] o.s.b.a.c.OnWebApplicationCondition      : Condition OnWebApplicationCondition on org.springframework.boot.autoconfigure.web.WebMvcAutoConfiguration matched due to found web application 'session' scope
2016-04-27 17:58:11.124 DEBUG 37359 --- [    Test worker] o.s.b.f.s.DefaultListableBeanFactory     : Returning cached instance of singleton bean 'autoConfigurationReport'
2016-04-27 17:58:11.125 DEBUG 37359 --- [    Test worker] o.s.b.f.s.DefaultListableBeanFactory     : Returning cached instance of singleton bean 'org.springframework.boot.autoconfigure.condition.BeanTypeRegistry'
2016-04-27 17:58:11.125 TRACE 37359 --- [    Test worker] o.s.b.a.condition.OnBeanCondition        : Condition OnBeanCondition on org.springframework.boot.autoconfigure.web.WebMvcAutoConfiguration matched due to @ConditionalOnMissingBean (types: org.springframework.web.servlet.config.annotation.WebMvcConfigurationSupport; SearchStrategy: all) found no beans
2016-04-27 17:58:11.125 DEBUG 37359 --- [    Test worker] o.s.b.f.s.DefaultListableBeanFactory     : Returning cached instance of singleton bean 'autoConfigurationReport'
2016-04-27 17:58:11.125 DEBUG 37359 --- [    Test worker] a.ConfigurationClassBeanDefinitionReader : Registered bean definition for imported class 'org.springframework.boot.autoconfigure.web.WebMvcAutoConfiguration$EnableWebMvcConfiguration'
2016-04-27 17:58:11.125 DEBUG 37359 --- [    Test worker] a.ConfigurationClassBeanDefinitionReader : Registering bean definition for @Bean method org.springframework.boot.autoconfigure.web.WebMvcAutoConfiguration$EnableWebMvcConfiguration.requestMappingHandlerAdapter()
2016-04-27 17:58:11.125 DEBUG 37359 --- [    Test worker] a.ConfigurationClassBeanDefinitionReader : Registering bean definition for @Bean method org.springframework.boot.autoconfigure.web.WebMvcAutoConfiguration$EnableWebMvcConfiguration.requestMappingHandlerMapping()
2016-04-27 17:58:11.125 DEBUG 37359 --- [    Test worker] a.ConfigurationClassBeanDefinitionReader : Registering bean definition for @Bean method org.springframework.boot.autoconfigure.web.WebMvcAutoConfiguration$EnableWebMvcConfiguration.mvcContentNegotiationManager()
2016-04-27 17:58:11.125 DEBUG 37359 --- [    Test worker] a.ConfigurationClassBeanDefinitionReader : Registering bean definition for @Bean method org.springframework.boot.autoconfigure.web.WebMvcAutoConfiguration$EnableWebMvcConfiguration.viewControllerHandlerMapping()
2016-04-27 17:58:11.126 DEBUG 37359 --- [    Test worker] a.ConfigurationClassBeanDefinitionReader : Registering bean definition for @Bean method org.springframework.boot.autoconfigure.web.WebMvcAutoConfiguration$EnableWebMvcConfiguration.beanNameHandlerMapping()
2016-04-27 17:58:11.126 DEBUG 37359 --- [    Test worker] a.ConfigurationClassBeanDefinitionReader : Registering bean definition for @Bean method org.springframework.boot.autoconfigure.web.WebMvcAutoConfiguration$EnableWebMvcConfiguration.resourceHandlerMapping()
2016-04-27 17:58:11.126 DEBUG 37359 --- [    Test worker] a.ConfigurationClassBeanDefinitionReader : Registering bean definition for @Bean method org.springframework.boot.autoconfigure.web.WebMvcAutoConfiguration$EnableWebMvcConfiguration.mvcResourceUrlProvider()
2016-04-27 17:58:11.126 DEBUG 37359 --- [    Test worker] a.ConfigurationClassBeanDefinitionReader : Registering bean definition for @Bean method org.springframework.boot.autoconfigure.web.WebMvcAutoConfiguration$EnableWebMvcConfiguration.defaultServletHandlerMapping()
2016-04-27 17:58:11.126 DEBUG 37359 --- [    Test worker] a.ConfigurationClassBeanDefinitionReader : Registering bean definition for @Bean method org.springframework.boot.autoconfigure.web.WebMvcAutoConfiguration$EnableWebMvcConfiguration.mvcConversionService()
2016-04-27 17:58:11.126 DEBUG 37359 --- [    Test worker] a.ConfigurationClassBeanDefinitionReader : Registering bean definition for @Bean method org.springframework.boot.autoconfigure.web.WebMvcAutoConfiguration$EnableWebMvcConfiguration.mvcValidator()
2016-04-27 17:58:11.126 DEBUG 37359 --- [    Test worker] a.ConfigurationClassBeanDefinitionReader : Registering bean definition for @Bean method org.springframework.boot.autoconfigure.web.WebMvcAutoConfiguration$EnableWebMvcConfiguration.mvcPathMatcher()
2016-04-27 17:58:11.126 DEBUG 37359 --- [    Test worker] a.ConfigurationClassBeanDefinitionReader : Registering bean definition for @Bean method org.springframework.boot.autoconfigure.web.WebMvcAutoConfiguration$EnableWebMvcConfiguration.mvcUrlPathHelper()
2016-04-27 17:58:11.126 DEBUG 37359 --- [    Test worker] a.ConfigurationClassBeanDefinitionReader : Registering bean definition for @Bean method org.springframework.boot.autoconfigure.web.WebMvcAutoConfiguration$EnableWebMvcConfiguration.mvcUriComponentsContributor()
2016-04-27 17:58:11.126 DEBUG 37359 --- [    Test worker] a.ConfigurationClassBeanDefinitionReader : Registering bean definition for @Bean method org.springframework.boot.autoconfigure.web.WebMvcAutoConfiguration$EnableWebMvcConfiguration.httpRequestHandlerAdapter()
2016-04-27 17:58:11.126 DEBUG 37359 --- [    Test worker] a.ConfigurationClassBeanDefinitionReader : Registering bean definition for @Bean method org.springframework.boot.autoconfigure.web.WebMvcAutoConfiguration$EnableWebMvcConfiguration.simpleControllerHandlerAdapter()
2016-04-27 17:58:11.126 DEBUG 37359 --- [    Test worker] a.ConfigurationClassBeanDefinitionReader : Registering bean definition for @Bean method org.springframework.boot.autoconfigure.web.WebMvcAutoConfiguration$EnableWebMvcConfiguration.handlerExceptionResolver()
2016-04-27 17:58:11.126 DEBUG 37359 --- [    Test worker] a.ConfigurationClassBeanDefinitionReader : Registering bean definition for @Bean method org.springframework.boot.autoconfigure.web.WebMvcAutoConfiguration$EnableWebMvcConfiguration.mvcViewResolver()
2016-04-27 17:58:11.127 TRACE 37359 --- [    Test worker] o.s.b.a.condition.OnPropertyCondition    : Condition OnPropertyCondition on org.springframework.boot.autoconfigure.web.WebMvcAutoConfiguration$WebMvcAutoConfigurationAdapter$FaviconConfiguration matched
2016-04-27 17:58:11.127 DEBUG 37359 --- [    Test worker] o.s.b.f.s.DefaultListableBeanFactory     : Returning cached instance of singleton bean 'autoConfigurationReport'
2016-04-27 17:58:11.127 DEBUG 37359 --- [    Test worker] a.ConfigurationClassBeanDefinitionReader : Registered bean definition for imported class 'org.springframework.boot.autoconfigure.web.WebMvcAutoConfiguration$WebMvcAutoConfigurationAdapter$FaviconConfiguration'
2016-04-27 17:58:11.127 DEBUG 37359 --- [    Test worker] a.ConfigurationClassBeanDefinitionReader : Registering bean definition for @Bean method org.springframework.boot.autoconfigure.web.WebMvcAutoConfiguration$WebMvcAutoConfigurationAdapter$FaviconConfiguration.faviconHandlerMapping()
2016-04-27 17:58:11.127 DEBUG 37359 --- [    Test worker] a.ConfigurationClassBeanDefinitionReader : Registering bean definition for @Bean method org.springframework.boot.autoconfigure.web.WebMvcAutoConfiguration$WebMvcAutoConfigurationAdapter$FaviconConfiguration.faviconRequestHandler()
2016-04-27 17:58:11.127 DEBUG 37359 --- [    Test worker] a.ConfigurationClassBeanDefinitionReader : Registered bean definition for imported class 'org.springframework.boot.autoconfigure.web.WebMvcAutoConfiguration$WebMvcAutoConfigurationAdapter'
2016-04-27 17:58:11.134 DEBUG 37359 --- [    Test worker] o.s.b.f.s.DefaultListableBeanFactory     : Returning cached instance of singleton bean 'org.springframework.boot.autoconfigure.condition.BeanTypeRegistry'
2016-04-27 17:58:11.144 TRACE 37359 --- [    Test worker] o.s.b.a.condition.OnBeanCondition        : Condition OnBeanCondition on org.springframework.boot.autoconfigure.web.WebMvcAutoConfiguration$WebMvcAutoConfigurationAdapter#defaultViewResolver matched due to @ConditionalOnMissingBean (types: org.springframework.web.servlet.view.InternalResourceViewResolver; SearchStrategy: all) found no beans
2016-04-27 17:58:11.144 DEBUG 37359 --- [    Test worker] o.s.b.f.s.DefaultListableBeanFactory     : Returning cached instance of singleton bean 'autoConfigurationReport'
2016-04-27 17:58:11.144 DEBUG 37359 --- [    Test worker] a.ConfigurationClassBeanDefinitionReader : Registering bean definition for @Bean method org.springframework.boot.autoconfigure.web.WebMvcAutoConfiguration$WebMvcAutoConfigurationAdapter.defaultViewResolver()
2016-04-27 17:58:11.144 DEBUG 37359 --- [    Test worker] o.s.b.f.s.DefaultListableBeanFactory     : Returning cached instance of singleton bean 'org.springframework.boot.autoconfigure.condition.BeanTypeRegistry'
2016-04-27 17:58:11.144 TRACE 37359 --- [    Test worker] o.s.b.a.condition.OnBeanCondition        : Condition OnBeanCondition on org.springframework.boot.autoconfigure.web.WebMvcAutoConfiguration$WebMvcAutoConfigurationAdapter#requestContextListener matched due to @ConditionalOnMissingBean (types: org.springframework.web.context.request.RequestContextListener; SearchStrategy: all) found no beans
2016-04-27 17:58:11.144 DEBUG 37359 --- [    Test worker] o.s.b.f.s.DefaultListableBeanFactory     : Returning cached instance of singleton bean 'autoConfigurationReport'
2016-04-27 17:58:11.144 DEBUG 37359 --- [    Test worker] a.ConfigurationClassBeanDefinitionReader : Registering bean definition for @Bean method org.springframework.boot.autoconfigure.web.WebMvcAutoConfiguration$WebMvcAutoConfigurationAdapter.requestContextListener()
2016-04-27 17:58:11.145 DEBUG 37359 --- [    Test worker] o.s.b.f.s.DefaultListableBeanFactory     : Returning cached instance of singleton bean 'org.springframework.boot.autoconfigure.condition.BeanTypeRegistry'
2016-04-27 17:58:11.145 TRACE 37359 --- [    Test worker] o.s.b.a.condition.OnBeanCondition        : Condition OnBeanCondition on org.springframework.boot.autoconfigure.web.WebMvcAutoConfiguration$WebMvcAutoConfigurationAdapter#beanNameViewResolver matched due to @ConditionalOnBean (types: org.springframework.web.servlet.View; SearchStrategy: all) found the following [error]
2016-04-27 17:58:11.145 DEBUG 37359 --- [    Test worker] o.s.b.f.s.DefaultListableBeanFactory     : Returning cached instance of singleton bean 'autoConfigurationReport'
2016-04-27 17:58:11.145 DEBUG 37359 --- [    Test worker] a.ConfigurationClassBeanDefinitionReader : Registering bean definition for @Bean method org.springframework.boot.autoconfigure.web.WebMvcAutoConfiguration$WebMvcAutoConfigurationAdapter.beanNameViewResolver()
2016-04-27 17:58:11.145  INFO 37359 --- [    Test worker] o.s.b.f.s.DefaultListableBeanFactory     : Overriding bean definition for bean 'beanNameViewResolver' with a different definition: replacing [Root bean: class [null]; scope=; abstract=false; lazyInit=false; autowireMode=3; dependencyCheck=0; autowireCandidate=true; primary=false; factoryBeanName=org.springframework.boot.autoconfigure.web.ErrorMvcAutoConfiguration$WhitelabelErrorViewConfiguration; factoryMethodName=beanNameViewResolver; initMethodName=null; destroyMethodName=(inferred); defined in class path resource [org/springframework/boot/autoconfigure/web/ErrorMvcAutoConfiguration$WhitelabelErrorViewConfiguration.class]] with [Root bean: class [null]; scope=; abstract=false; lazyInit=false; autowireMode=3; dependencyCheck=0; autowireCandidate=true; primary=false; factoryBeanName=org.springframework.boot.autoconfigure.web.WebMvcAutoConfiguration$WebMvcAutoConfigurationAdapter; factoryMethodName=beanNameViewResolver; initMethodName=null; destroyMethodName=(inferred); defined in class path resource [org/springframework/boot/autoconfigure/web/WebMvcAutoConfiguration$WebMvcAutoConfigurationAdapter.class]]
2016-04-27 17:58:11.146 DEBUG 37359 --- [    Test worker] o.s.b.f.s.DefaultListableBeanFactory     : Returning cached instance of singleton bean 'org.springframework.boot.autoconfigure.condition.BeanTypeRegistry'
2016-04-27 17:58:11.146 DEBUG 37359 --- [    Test worker] o.s.b.f.s.DefaultListableBeanFactory     : Returning cached instance of singleton bean 'org.springframework.boot.autoconfigure.condition.BeanTypeRegistry'
2016-04-27 17:58:11.146 TRACE 37359 --- [    Test worker] o.s.b.a.condition.OnBeanCondition        : Condition OnBeanCondition on org.springframework.boot.autoconfigure.web.WebMvcAutoConfiguration$WebMvcAutoConfigurationAdapter#viewResolver matched due to @ConditionalOnBean (types: org.springframework.web.servlet.ViewResolver; SearchStrategy: all) found the following [defaultViewResolver, beanNameViewResolver, mvcViewResolver] @ConditionalOnMissingBean (names: viewResolver; types: org.springframework.web.servlet.view.ContentNegotiatingViewResolver; SearchStrategy: all) found no beans
2016-04-27 17:58:11.146 DEBUG 37359 --- [    Test worker] o.s.b.f.s.DefaultListableBeanFactory     : Returning cached instance of singleton bean 'autoConfigurationReport'
2016-04-27 17:58:11.146 DEBUG 37359 --- [    Test worker] o.s.b.f.s.DefaultListableBeanFactory     : Returning cached instance of singleton bean 'org.springframework.boot.autoconfigure.condition.BeanTypeRegistry'
2016-04-27 17:58:11.146 DEBUG 37359 --- [    Test worker] o.s.b.f.s.DefaultListableBeanFactory     : Returning cached instance of singleton bean 'org.springframework.boot.autoconfigure.condition.BeanTypeRegistry'
2016-04-27 17:58:11.146 TRACE 37359 --- [    Test worker] o.s.b.a.condition.OnBeanCondition        : Condition OnBeanCondition on org.springframework.boot.autoconfigure.web.WebMvcAutoConfiguration$WebMvcAutoConfigurationAdapter#viewResolver matched due to @ConditionalOnBean (types: org.springframework.web.servlet.ViewResolver; SearchStrategy: all) found the following [defaultViewResolver, beanNameViewResolver, mvcViewResolver] @ConditionalOnMissingBean (names: viewResolver; types: org.springframework.web.servlet.view.ContentNegotiatingViewResolver; SearchStrategy: all) found no beans
2016-04-27 17:58:11.146 DEBUG 37359 --- [    Test worker] o.s.b.f.s.DefaultListableBeanFactory     : Returning cached instance of singleton bean 'autoConfigurationReport'
2016-04-27 17:58:11.147 DEBUG 37359 --- [    Test worker] a.ConfigurationClassBeanDefinitionReader : Registering bean definition for @Bean method org.springframework.boot.autoconfigure.web.WebMvcAutoConfiguration$WebMvcAutoConfigurationAdapter.viewResolver()
2016-04-27 17:58:11.147 DEBUG 37359 --- [    Test worker] o.s.b.f.s.DefaultListableBeanFactory     : Returning cached instance of singleton bean 'org.springframework.boot.autoconfigure.condition.BeanTypeRegistry'
2016-04-27 17:58:11.147 TRACE 37359 --- [    Test worker] o.s.b.a.condition.OnBeanCondition        : Condition OnBeanCondition on org.springframework.boot.autoconfigure.web.WebMvcAutoConfiguration$WebMvcAutoConfigurationAdapter#localeResolver matched due to @ConditionalOnMissingBean (types: org.springframework.web.servlet.LocaleResolver; SearchStrategy: all) found no beans
2016-04-27 17:58:11.147 DEBUG 37359 --- [    Test worker] o.s.b.f.s.DefaultListableBeanFactory     : Returning cached instance of singleton bean 'autoConfigurationReport'
2016-04-27 17:58:11.147 TRACE 37359 --- [    Test worker] o.s.b.a.condition.OnPropertyCondition    : Condition OnPropertyCondition on org.springframework.boot.autoconfigure.web.WebMvcAutoConfiguration$WebMvcAutoConfigurationAdapter#localeResolver did not match due to @ConditionalOnProperty missing required properties spring.mvc.locale 
2016-04-27 17:58:11.147 DEBUG 37359 --- [    Test worker] o.s.b.f.s.DefaultListableBeanFactory     : Returning cached instance of singleton bean 'autoConfigurationReport'
2016-04-27 17:58:11.148 TRACE 37359 --- [    Test worker] o.s.b.a.condition.OnPropertyCondition    : Condition OnPropertyCondition on org.springframework.boot.autoconfigure.web.WebMvcAutoConfiguration$WebMvcAutoConfigurationAdapter#dateFormatter did not match due to @ConditionalOnProperty missing required properties spring.mvc.date-format 
2016-04-27 17:58:11.148 DEBUG 37359 --- [    Test worker] o.s.b.f.s.DefaultListableBeanFactory     : Returning cached instance of singleton bean 'autoConfigurationReport'
2016-04-27 17:58:11.149 DEBUG 37359 --- [    Test worker] a.ConfigurationClassBeanDefinitionReader : Registered bean definition for imported class 'org.springframework.boot.autoconfigure.web.WebMvcAutoConfiguration'
2016-04-27 17:58:11.150 DEBUG 37359 --- [    Test worker] o.s.b.f.s.DefaultListableBeanFactory     : Returning cached instance of singleton bean 'org.springframework.boot.autoconfigure.condition.BeanTypeRegistry'
2016-04-27 17:58:11.150 TRACE 37359 --- [    Test worker] o.s.b.a.condition.OnBeanCondition        : Condition OnBeanCondition on org.springframework.boot.autoconfigure.web.WebMvcAutoConfiguration#hiddenHttpMethodFilter matched due to @ConditionalOnMissingBean (types: org.springframework.web.filter.HiddenHttpMethodFilter; SearchStrategy: all) found no beans
2016-04-27 17:58:11.150 DEBUG 37359 --- [    Test worker] o.s.b.f.s.DefaultListableBeanFactory     : Returning cached instance of singleton bean 'autoConfigurationReport'
2016-04-27 17:58:11.150 DEBUG 37359 --- [    Test worker] a.ConfigurationClassBeanDefinitionReader : Registering bean definition for @Bean method org.springframework.boot.autoconfigure.web.WebMvcAutoConfiguration.hiddenHttpMethodFilter()
2016-04-27 17:58:11.151 DEBUG 37359 --- [    Test worker] o.s.b.f.s.DefaultListableBeanFactory     : Returning cached instance of singleton bean 'org.springframework.boot.autoconfigure.condition.BeanTypeRegistry'
2016-04-27 17:58:11.151 TRACE 37359 --- [    Test worker] o.s.b.a.condition.OnBeanCondition        : Condition OnBeanCondition on org.springframework.boot.autoconfigure.web.WebMvcAutoConfiguration#httpPutFormContentFilter matched due to @ConditionalOnMissingBean (types: org.springframework.web.filter.HttpPutFormContentFilter; SearchStrategy: all) found no beans
2016-04-27 17:58:11.151 DEBUG 37359 --- [    Test worker] o.s.b.f.s.DefaultListableBeanFactory     : Returning cached instance of singleton bean 'autoConfigurationReport'
2016-04-27 17:58:11.151 DEBUG 37359 --- [    Test worker] a.ConfigurationClassBeanDefinitionReader : Registering bean definition for @Bean method org.springframework.boot.autoconfigure.web.WebMvcAutoConfiguration.httpPutFormContentFilter()
2016-04-27 17:58:11.152 TRACE 37359 --- [    Test worker] o.s.b.a.condition.OnClassCondition       : Condition OnClassCondition on org.springframework.boot.autoconfigure.aop.AopAutoConfiguration matched due to @ConditionalOnClass classes found: org.springframework.context.annotation.EnableAspectJAutoProxy,org.aspectj.lang.annotation.Aspect,org.aspectj.lang.reflect.Advice
2016-04-27 17:58:11.152 DEBUG 37359 --- [    Test worker] o.s.b.f.s.DefaultListableBeanFactory     : Returning cached instance of singleton bean 'autoConfigurationReport'
2016-04-27 17:58:11.152 TRACE 37359 --- [    Test worker] o.s.b.a.condition.OnPropertyCondition    : Condition OnPropertyCondition on org.springframework.boot.autoconfigure.aop.AopAutoConfiguration matched
2016-04-27 17:58:11.152 DEBUG 37359 --- [    Test worker] o.s.b.f.s.DefaultListableBeanFactory     : Returning cached instance of singleton bean 'autoConfigurationReport'
2016-04-27 17:58:11.152 TRACE 37359 --- [    Test worker] o.s.b.a.condition.OnPropertyCondition    : Condition OnPropertyCondition on org.springframework.boot.autoconfigure.aop.AopAutoConfiguration$JdkDynamicAutoProxyConfiguration matched
2016-04-27 17:58:11.152 DEBUG 37359 --- [    Test worker] o.s.b.f.s.DefaultListableBeanFactory     : Returning cached instance of singleton bean 'autoConfigurationReport'
2016-04-27 17:58:11.152 DEBUG 37359 --- [    Test worker] a.ConfigurationClassBeanDefinitionReader : Registered bean definition for imported class 'org.springframework.boot.autoconfigure.aop.AopAutoConfiguration$JdkDynamicAutoProxyConfiguration'
2016-04-27 17:58:11.154 DEBUG 37359 --- [    Test worker] a.ConfigurationClassBeanDefinitionReader : Registered bean definition for imported class 'org.springframework.boot.autoconfigure.aop.AopAutoConfiguration'
2016-04-27 17:58:11.154 TRACE 37359 --- [    Test worker] o.s.b.a.condition.OnClassCondition       : Condition OnClassCondition on org.springframework.boot.autoconfigure.transaction.jta.JtaAutoConfiguration matched due to @ConditionalOnClass classes found: javax.transaction.Transaction
2016-04-27 17:58:11.154 DEBUG 37359 --- [    Test worker] o.s.b.f.s.DefaultListableBeanFactory     : Returning cached instance of singleton bean 'autoConfigurationReport'
2016-04-27 17:58:11.155 TRACE 37359 --- [    Test worker] o.s.b.a.condition.OnPropertyCondition    : Condition OnPropertyCondition on org.springframework.boot.autoconfigure.transaction.jta.JtaAutoConfiguration matched
2016-04-27 17:58:11.155 DEBUG 37359 --- [    Test worker] o.s.b.f.s.DefaultListableBeanFactory     : Returning cached instance of singleton bean 'autoConfigurationReport'
2016-04-27 17:58:11.157 DEBUG 37359 --- [    Test worker] a.ConfigurationClassBeanDefinitionReader : Registered bean definition for imported class 'org.springframework.boot.autoconfigure.transaction.jta.JtaAutoConfiguration'
2016-04-27 17:58:11.157 TRACE 37359 --- [    Test worker] o.s.b.a.condition.OnClassCondition       : Condition OnClassCondition on org.springframework.boot.autoconfigure.jdbc.XADataSourceAutoConfiguration matched due to @ConditionalOnClass classes found: javax.sql.DataSource,javax.transaction.TransactionManager,org.springframework.jdbc.datasource.embedded.EmbeddedDatabaseType
2016-04-27 17:58:11.157 DEBUG 37359 --- [    Test worker] o.s.b.f.s.DefaultListableBeanFactory     : Returning cached instance of singleton bean 'autoConfigurationReport'
2016-04-27 17:58:11.158 DEBUG 37359 --- [    Test worker] o.s.b.f.s.DefaultListableBeanFactory     : Returning cached instance of singleton bean 'org.springframework.boot.autoconfigure.condition.BeanTypeRegistry'
2016-04-27 17:58:11.158 TRACE 37359 --- [    Test worker] o.s.b.a.condition.OnBeanCondition        : Condition OnBeanCondition on org.springframework.boot.autoconfigure.jdbc.XADataSourceAutoConfiguration did not match due to @ConditionalOnBean (types: org.springframework.boot.jta.XADataSourceWrapper; SearchStrategy: all) found no beans
2016-04-27 17:58:11.158 DEBUG 37359 --- [    Test worker] o.s.b.f.s.DefaultListableBeanFactory     : Returning cached instance of singleton bean 'autoConfigurationReport'
2016-04-27 17:58:11.159 TRACE 37359 --- [    Test worker] o.s.b.a.condition.OnClassCondition       : Condition OnClassCondition on org.springframework.boot.autoconfigure.jdbc.DataSourceAutoConfiguration matched due to @ConditionalOnClass classes found: javax.sql.DataSource,org.springframework.jdbc.datasource.embedded.EmbeddedDatabaseType
2016-04-27 17:58:11.159 DEBUG 37359 --- [    Test worker] o.s.b.f.s.DefaultListableBeanFactory     : Returning cached instance of singleton bean 'autoConfigurationReport'
2016-04-27 17:58:11.160 TRACE 37359 --- [    Test worker] nfiguration$DataSourceAvailableCondition : Condition DataSourceAutoConfiguration.DataSourceAvailableCondition on org.springframework.boot.autoconfigure.jdbc.DataSourceAutoConfiguration$JdbcTemplateConfiguration matched due to existing auto database detected
2016-04-27 17:58:11.160 DEBUG 37359 --- [    Test worker] o.s.b.f.s.DefaultListableBeanFactory     : Returning cached instance of singleton bean 'autoConfigurationReport'
2016-04-27 17:58:11.160 DEBUG 37359 --- [    Test worker] a.ConfigurationClassBeanDefinitionReader : Registered bean definition for imported class 'org.springframework.boot.autoconfigure.jdbc.DataSourceAutoConfiguration$JdbcTemplateConfiguration'
2016-04-27 17:58:11.160 DEBUG 37359 --- [    Test worker] o.s.b.f.s.DefaultListableBeanFactory     : Returning cached instance of singleton bean 'org.springframework.boot.autoconfigure.condition.BeanTypeRegistry'
2016-04-27 17:58:11.160 TRACE 37359 --- [    Test worker] o.s.b.a.condition.OnBeanCondition        : Condition OnBeanCondition on org.springframework.boot.autoconfigure.jdbc.DataSourceAutoConfiguration$JdbcTemplateConfiguration#jdbcTemplate matched due to @ConditionalOnMissingBean (types: org.springframework.jdbc.core.JdbcOperations; SearchStrategy: all) found no beans
2016-04-27 17:58:11.160 DEBUG 37359 --- [    Test worker] o.s.b.f.s.DefaultListableBeanFactory     : Returning cached instance of singleton bean 'autoConfigurationReport'
2016-04-27 17:58:11.161 DEBUG 37359 --- [    Test worker] a.ConfigurationClassBeanDefinitionReader : Registering bean definition for @Bean method org.springframework.boot.autoconfigure.jdbc.DataSourceAutoConfiguration$JdbcTemplateConfiguration.jdbcTemplate()
2016-04-27 17:58:11.161 DEBUG 37359 --- [    Test worker] o.s.b.f.s.DefaultListableBeanFactory     : Returning cached instance of singleton bean 'org.springframework.boot.autoconfigure.condition.BeanTypeRegistry'
2016-04-27 17:58:11.162 TRACE 37359 --- [    Test worker] o.s.b.a.condition.OnBeanCondition        : Condition OnBeanCondition on org.springframework.boot.autoconfigure.jdbc.DataSourceAutoConfiguration$JdbcTemplateConfiguration#namedParameterJdbcTemplate matched due to @ConditionalOnMissingBean (types: org.springframework.jdbc.core.namedparam.NamedParameterJdbcOperations; SearchStrategy: all) found no beans
2016-04-27 17:58:11.162 DEBUG 37359 --- [    Test worker] o.s.b.f.s.DefaultListableBeanFactory     : Returning cached instance of singleton bean 'autoConfigurationReport'
2016-04-27 17:58:11.162 DEBUG 37359 --- [    Test worker] a.ConfigurationClassBeanDefinitionReader : Registering bean definition for @Bean method org.springframework.boot.autoconfigure.jdbc.DataSourceAutoConfiguration$JdbcTemplateConfiguration.namedParameterJdbcTemplate()
2016-04-27 17:58:11.162 TRACE 37359 --- [    Test worker] iguration$NonEmbeddedDataSourceCondition : Condition DataSourceAutoConfiguration.NonEmbeddedDataSourceCondition on org.springframework.boot.autoconfigure.jdbc.DataSourceAutoConfiguration$NonEmbeddedConfiguration matched due to supported DataSource class found
2016-04-27 17:58:11.162 DEBUG 37359 --- [    Test worker] o.s.b.f.s.DefaultListableBeanFactory     : Returning cached instance of singleton bean 'autoConfigurationReport'
2016-04-27 17:58:11.162 DEBUG 37359 --- [    Test worker] o.s.b.f.s.DefaultListableBeanFactory     : Returning cached instance of singleton bean 'org.springframework.boot.autoconfigure.condition.BeanTypeRegistry'
2016-04-27 17:58:11.162 DEBUG 37359 --- [    Test worker] o.s.b.f.s.DefaultListableBeanFactory     : Returning cached instance of singleton bean 'org.springframework.boot.autoconfigure.condition.BeanTypeRegistry'
2016-04-27 17:58:11.162 TRACE 37359 --- [    Test worker] o.s.b.a.condition.OnBeanCondition        : Condition OnBeanCondition on org.springframework.boot.autoconfigure.jdbc.DataSourceAutoConfiguration$NonEmbeddedConfiguration matched due to @ConditionalOnMissingBean (types: javax.sql.DataSource,javax.sql.XADataSource; SearchStrategy: all) found no beans
2016-04-27 17:58:11.163 DEBUG 37359 --- [    Test worker] o.s.b.f.s.DefaultListableBeanFactory     : Returning cached instance of singleton bean 'autoConfigurationReport'
2016-04-27 17:58:11.163 DEBUG 37359 --- [    Test worker] a.ConfigurationClassBeanDefinitionReader : Registered bean definition for imported class 'org.springframework.boot.autoconfigure.jdbc.DataSourceAutoConfiguration$NonEmbeddedConfiguration'
2016-04-27 17:58:11.163 DEBUG 37359 --- [    Test worker] a.ConfigurationClassBeanDefinitionReader : Registering bean definition for @Bean method org.springframework.boot.autoconfigure.jdbc.DataSourceAutoConfiguration$NonEmbeddedConfiguration.dataSource()
2016-04-27 17:58:11.163 DEBUG 37359 --- [    Test worker] o.s.b.f.s.DefaultListableBeanFactory     : Returning cached instance of singleton bean 'org.springframework.boot.autoconfigure.condition.BeanTypeRegistry'
2016-04-27 17:58:11.164 TRACE 37359 --- [    Test worker] o.s.b.a.condition.OnBeanCondition        : Condition OnBeanCondition on org.springframework.boot.autoconfigure.jdbc.DataSourceAutoConfiguration$DataSourceInitializerConfiguration matched due to @ConditionalOnMissingBean (types: org.springframework.boot.autoconfigure.jdbc.DataSourceInitializer; SearchStrategy: all) found no beans
2016-04-27 17:58:11.164 DEBUG 37359 --- [    Test worker] o.s.b.f.s.DefaultListableBeanFactory     : Returning cached instance of singleton bean 'autoConfigurationReport'
2016-04-27 17:58:11.164 DEBUG 37359 --- [    Test worker] a.ConfigurationClassBeanDefinitionReader : Registered bean definition for imported class 'org.springframework.boot.autoconfigure.jdbc.DataSourceAutoConfiguration$DataSourceInitializerConfiguration'
2016-04-27 17:58:11.164 DEBUG 37359 --- [    Test worker] a.ConfigurationClassBeanDefinitionReader : Registering bean definition for @Bean method org.springframework.boot.autoconfigure.jdbc.DataSourceAutoConfiguration$DataSourceInitializerConfiguration.dataSourceInitializer()
2016-04-27 17:58:11.164 TRACE 37359 --- [    Test worker] o.s.b.a.condition.OnClassCondition       : Condition OnClassCondition on org.springframework.boot.autoconfigure.jdbc.metadata.DataSourcePoolMetadataProvidersConfiguration$TomcatDataSourcePoolMetadataProviderConfiguration matched due to @ConditionalOnClass classes found: org.apache.tomcat.jdbc.pool.DataSource
2016-04-27 17:58:11.164 DEBUG 37359 --- [    Test worker] o.s.b.f.s.DefaultListableBeanFactory     : Returning cached instance of singleton bean 'autoConfigurationReport'
2016-04-27 17:58:11.164 DEBUG 37359 --- [    Test worker] a.ConfigurationClassBeanDefinitionReader : Registered bean definition for imported class 'org.springframework.boot.autoconfigure.jdbc.metadata.DataSourcePoolMetadataProvidersConfiguration$TomcatDataSourcePoolMetadataProviderConfiguration'
2016-04-27 17:58:11.164 DEBUG 37359 --- [    Test worker] a.ConfigurationClassBeanDefinitionReader : Registering bean definition for @Bean method org.springframework.boot.autoconfigure.jdbc.metadata.DataSourcePoolMetadataProvidersConfiguration$TomcatDataSourcePoolMetadataProviderConfiguration.tomcatPoolDataSourceMetadataProvider()
2016-04-27 17:58:11.164 DEBUG 37359 --- [    Test worker] a.ConfigurationClassBeanDefinitionReader : Registered bean definition for imported class 'org.springframework.boot.autoconfigure.jdbc.metadata.DataSourcePoolMetadataProvidersConfiguration'
2016-04-27 17:58:11.164 DEBUG 37359 --- [    Test worker] a.ConfigurationClassBeanDefinitionReader : Registered bean definition for imported class 'org.springframework.boot.autoconfigure.jdbc.DataSourceAutoConfiguration'
2016-04-27 17:58:11.165 TRACE 37359 --- [    Test worker] o.s.b.a.condition.OnClassCondition       : Condition OnClassCondition on org.springframework.boot.autoconfigure.orm.jpa.HibernateJpaAutoConfiguration matched due to @ConditionalOnClass classes found: org.springframework.orm.jpa.LocalContainerEntityManagerFactoryBean,org.springframework.transaction.annotation.EnableTransactionManagement,javax.persistence.EntityManager
2016-04-27 17:58:11.165 DEBUG 37359 --- [    Test worker] o.s.b.f.s.DefaultListableBeanFactory     : Returning cached instance of singleton bean 'autoConfigurationReport'
2016-04-27 17:58:11.165 TRACE 37359 --- [    Test worker] guration$HibernateEntityManagerCondition : Condition HibernateJpaAutoConfiguration.HibernateEntityManagerCondition on org.springframework.boot.autoconfigure.orm.jpa.HibernateJpaAutoConfiguration matched due to found HibernateEntityManager class
2016-04-27 17:58:11.165 DEBUG 37359 --- [    Test worker] o.s.b.f.s.DefaultListableBeanFactory     : Returning cached instance of singleton bean 'autoConfigurationReport'
2016-04-27 17:58:11.165 TRACE 37359 --- [    Test worker] o.s.b.a.condition.OnClassCondition       : Condition OnClassCondition on org.springframework.boot.autoconfigure.orm.jpa.JpaBaseConfiguration$JpaWebConfiguration matched due to @ConditionalOnClass classes found: org.springframework.web.servlet.config.annotation.WebMvcConfigurerAdapter
2016-04-27 17:58:11.165 DEBUG 37359 --- [    Test worker] o.s.b.f.s.DefaultListableBeanFactory     : Returning cached instance of singleton bean 'autoConfigurationReport'
2016-04-27 17:58:11.165 TRACE 37359 --- [    Test worker] o.s.b.a.c.OnWebApplicationCondition      : Condition OnWebApplicationCondition on org.springframework.boot.autoconfigure.orm.jpa.JpaBaseConfiguration$JpaWebConfiguration matched due to found web application 'session' scope
2016-04-27 17:58:11.165 DEBUG 37359 --- [    Test worker] o.s.b.f.s.DefaultListableBeanFactory     : Returning cached instance of singleton bean 'autoConfigurationReport'
2016-04-27 17:58:11.166 DEBUG 37359 --- [    Test worker] o.s.b.f.s.DefaultListableBeanFactory     : Returning cached instance of singleton bean 'org.springframework.boot.autoconfigure.condition.BeanTypeRegistry'
2016-04-27 17:58:11.168 DEBUG 37359 --- [    Test worker] o.s.b.f.s.DefaultListableBeanFactory     : Returning cached instance of singleton bean 'org.springframework.boot.autoconfigure.condition.BeanTypeRegistry'
2016-04-27 17:58:11.168 TRACE 37359 --- [    Test worker] o.s.b.a.condition.OnBeanCondition        : Condition OnBeanCondition on org.springframework.boot.autoconfigure.orm.jpa.JpaBaseConfiguration$JpaWebConfiguration matched due to @ConditionalOnMissingBean (types: org.springframework.orm.jpa.support.OpenEntityManagerInViewInterceptor,org.springframework.orm.jpa.support.OpenEntityManagerInViewFilter; SearchStrategy: all) found no beans
2016-04-27 17:58:11.168 DEBUG 37359 --- [    Test worker] o.s.b.f.s.DefaultListableBeanFactory     : Returning cached instance of singleton bean 'autoConfigurationReport'
2016-04-27 17:58:11.168 TRACE 37359 --- [    Test worker] o.s.b.a.condition.OnPropertyCondition    : Condition OnPropertyCondition on org.springframework.boot.autoconfigure.orm.jpa.JpaBaseConfiguration$JpaWebConfiguration matched
2016-04-27 17:58:11.168 DEBUG 37359 --- [    Test worker] o.s.b.f.s.DefaultListableBeanFactory     : Returning cached instance of singleton bean 'autoConfigurationReport'
2016-04-27 17:58:11.168 DEBUG 37359 --- [    Test worker] a.ConfigurationClassBeanDefinitionReader : Registered bean definition for imported class 'org.springframework.boot.autoconfigure.orm.jpa.JpaBaseConfiguration$JpaWebConfiguration$JpaWebMvcConfiguration'
2016-04-27 17:58:11.168 DEBUG 37359 --- [    Test worker] a.ConfigurationClassBeanDefinitionReader : Registering bean definition for @Bean method org.springframework.boot.autoconfigure.orm.jpa.JpaBaseConfiguration$JpaWebConfiguration$JpaWebMvcConfiguration.openEntityManagerInViewInterceptor()
2016-04-27 17:58:11.168 DEBUG 37359 --- [    Test worker] a.ConfigurationClassBeanDefinitionReader : Registered bean definition for imported class 'org.springframework.boot.autoconfigure.orm.jpa.JpaBaseConfiguration$JpaWebConfiguration'
2016-04-27 17:58:11.169 DEBUG 37359 --- [    Test worker] a.ConfigurationClassBeanDefinitionReader : Registered bean definition for imported class 'org.springframework.boot.autoconfigure.orm.jpa.HibernateJpaAutoConfiguration'
2016-04-27 17:58:11.169 DEBUG 37359 --- [    Test worker] o.s.b.f.s.DefaultListableBeanFactory     : Returning cached instance of singleton bean 'org.springframework.boot.autoconfigure.condition.BeanTypeRegistry'
2016-04-27 17:58:11.169 TRACE 37359 --- [    Test worker] o.s.b.a.condition.OnBeanCondition        : Condition OnBeanCondition on org.springframework.boot.autoconfigure.orm.jpa.JpaBaseConfiguration#transactionManager matched due to @ConditionalOnMissingBean (types: org.springframework.transaction.PlatformTransactionManager; SearchStrategy: all) found no beans
2016-04-27 17:58:11.170 DEBUG 37359 --- [    Test worker] o.s.b.f.s.DefaultListableBeanFactory     : Returning cached instance of singleton bean 'autoConfigurationReport'
2016-04-27 17:58:11.170 DEBUG 37359 --- [    Test worker] a.ConfigurationClassBeanDefinitionReader : Registering bean definition for @Bean method org.springframework.boot.autoconfigure.orm.jpa.HibernateJpaAutoConfiguration.transactionManager()
2016-04-27 17:58:11.171 DEBUG 37359 --- [    Test worker] o.s.b.f.s.DefaultListableBeanFactory     : Returning cached instance of singleton bean 'org.springframework.boot.autoconfigure.condition.BeanTypeRegistry'
2016-04-27 17:58:11.171 TRACE 37359 --- [    Test worker] o.s.b.a.condition.OnBeanCondition        : Condition OnBeanCondition on org.springframework.boot.autoconfigure.orm.jpa.JpaBaseConfiguration#jpaVendorAdapter matched due to @ConditionalOnMissingBean (types: org.springframework.orm.jpa.JpaVendorAdapter; SearchStrategy: all) found no beans
2016-04-27 17:58:11.171 DEBUG 37359 --- [    Test worker] o.s.b.f.s.DefaultListableBeanFactory     : Returning cached instance of singleton bean 'autoConfigurationReport'
2016-04-27 17:58:11.171 DEBUG 37359 --- [    Test worker] a.ConfigurationClassBeanDefinitionReader : Registering bean definition for @Bean method org.springframework.boot.autoconfigure.orm.jpa.HibernateJpaAutoConfiguration.jpaVendorAdapter()
2016-04-27 17:58:11.172 DEBUG 37359 --- [    Test worker] o.s.b.f.s.DefaultListableBeanFactory     : Returning cached instance of singleton bean 'org.springframework.boot.autoconfigure.condition.BeanTypeRegistry'
2016-04-27 17:58:11.172 TRACE 37359 --- [    Test worker] o.s.b.a.condition.OnBeanCondition        : Condition OnBeanCondition on org.springframework.boot.autoconfigure.orm.jpa.JpaBaseConfiguration#entityManagerFactoryBuilder matched due to @ConditionalOnMissingBean (types: org.springframework.boot.autoconfigure.orm.jpa.EntityManagerFactoryBuilder; SearchStrategy: all) found no beans
2016-04-27 17:58:11.172 DEBUG 37359 --- [    Test worker] o.s.b.f.s.DefaultListableBeanFactory     : Returning cached instance of singleton bean 'autoConfigurationReport'
2016-04-27 17:58:11.172 DEBUG 37359 --- [    Test worker] a.ConfigurationClassBeanDefinitionReader : Registering bean definition for @Bean method org.springframework.boot.autoconfigure.orm.jpa.HibernateJpaAutoConfiguration.entityManagerFactoryBuilder()
2016-04-27 17:58:11.172 DEBUG 37359 --- [    Test worker] o.s.b.f.s.DefaultListableBeanFactory     : Returning cached instance of singleton bean 'org.springframework.boot.autoconfigure.condition.BeanTypeRegistry'
2016-04-27 17:58:11.172 DEBUG 37359 --- [    Test worker] o.s.b.f.s.DefaultListableBeanFactory     : Returning cached instance of singleton bean 'org.springframework.boot.autoconfigure.condition.BeanTypeRegistry'
2016-04-27 17:58:11.172 TRACE 37359 --- [    Test worker] o.s.b.a.condition.OnBeanCondition        : Condition OnBeanCondition on org.springframework.boot.autoconfigure.orm.jpa.JpaBaseConfiguration#entityManagerFactory matched due to @ConditionalOnMissingBean (types: org.springframework.orm.jpa.LocalContainerEntityManagerFactoryBean,javax.persistence.EntityManagerFactory; SearchStrategy: all) found no beans
2016-04-27 17:58:11.172 DEBUG 37359 --- [    Test worker] o.s.b.f.s.DefaultListableBeanFactory     : Returning cached instance of singleton bean 'autoConfigurationReport'
2016-04-27 17:58:11.172 DEBUG 37359 --- [    Test worker] a.ConfigurationClassBeanDefinitionReader : Registering bean definition for @Bean method org.springframework.boot.autoconfigure.orm.jpa.HibernateJpaAutoConfiguration.entityManagerFactory()
2016-04-27 17:58:11.173 TRACE 37359 --- [    Test worker] o.s.b.a.condition.OnClassCondition       : Condition OnClassCondition on org.springframework.boot.autoconfigure.cache.CacheAutoConfiguration matched due to @ConditionalOnClass classes found: org.springframework.cache.CacheManager
2016-04-27 17:58:11.173 DEBUG 37359 --- [    Test worker] o.s.b.f.s.DefaultListableBeanFactory     : Returning cached instance of singleton bean 'autoConfigurationReport'
2016-04-27 17:58:11.174 DEBUG 37359 --- [    Test worker] o.s.b.f.s.DefaultListableBeanFactory     : Returning cached instance of singleton bean 'org.springframework.boot.autoconfigure.condition.BeanTypeRegistry'
2016-04-27 17:58:11.175 TRACE 37359 --- [    Test worker] o.s.b.a.condition.OnBeanCondition        : Condition OnBeanCondition on org.springframework.boot.autoconfigure.cache.CacheAutoConfiguration did not match due to @ConditionalOnBean (types: org.springframework.cache.interceptor.CacheAspectSupport; SearchStrategy: all) found no beans
2016-04-27 17:58:11.175 DEBUG 37359 --- [    Test worker] o.s.b.f.s.DefaultListableBeanFactory     : Returning cached instance of singleton bean 'autoConfigurationReport'
2016-04-27 17:58:11.175 DEBUG 37359 --- [    Test worker] a.ConfigurationClassBeanDefinitionReader : Registered bean definition for imported class 'org.springframework.boot.autoconfigure.context.ConfigurationPropertiesAutoConfiguration'
2016-04-27 17:58:11.175 TRACE 37359 --- [    Test worker] o.s.b.a.condition.OnClassCondition       : Condition OnClassCondition on org.springframework.boot.autoconfigure.dao.PersistenceExceptionTranslationAutoConfiguration matched due to @ConditionalOnClass classes found: org.springframework.dao.annotation.PersistenceExceptionTranslationPostProcessor
2016-04-27 17:58:11.175 DEBUG 37359 --- [    Test worker] o.s.b.f.s.DefaultListableBeanFactory     : Returning cached instance of singleton bean 'autoConfigurationReport'
2016-04-27 17:58:11.175 DEBUG 37359 --- [    Test worker] a.ConfigurationClassBeanDefinitionReader : Registered bean definition for imported class 'org.springframework.boot.autoconfigure.dao.PersistenceExceptionTranslationAutoConfiguration'
2016-04-27 17:58:11.175 DEBUG 37359 --- [    Test worker] o.s.b.f.s.DefaultListableBeanFactory     : Returning cached instance of singleton bean 'org.springframework.boot.autoconfigure.condition.BeanTypeRegistry'
2016-04-27 17:58:11.176 TRACE 37359 --- [    Test worker] o.s.b.a.condition.OnBeanCondition        : Condition OnBeanCondition on org.springframework.boot.autoconfigure.dao.PersistenceExceptionTranslationAutoConfiguration#persistenceExceptionTranslationPostProcessor matched due to @ConditionalOnMissingBean (types: org.springframework.dao.annotation.PersistenceExceptionTranslationPostProcessor; SearchStrategy: all) found no beans
2016-04-27 17:58:11.176 DEBUG 37359 --- [    Test worker] o.s.b.f.s.DefaultListableBeanFactory     : Returning cached instance of singleton bean 'autoConfigurationReport'
2016-04-27 17:58:11.176 TRACE 37359 --- [    Test worker] o.s.b.a.condition.OnPropertyCondition    : Condition OnPropertyCondition on org.springframework.boot.autoconfigure.dao.PersistenceExceptionTranslationAutoConfiguration#persistenceExceptionTranslationPostProcessor matched
2016-04-27 17:58:11.176 DEBUG 37359 --- [    Test worker] o.s.b.f.s.DefaultListableBeanFactory     : Returning cached instance of singleton bean 'autoConfigurationReport'
2016-04-27 17:58:11.176 DEBUG 37359 --- [    Test worker] a.ConfigurationClassBeanDefinitionReader : Registering bean definition for @Bean method org.springframework.boot.autoconfigure.dao.PersistenceExceptionTranslationAutoConfiguration.persistenceExceptionTranslationPostProcessor()
2016-04-27 17:58:11.176 TRACE 37359 --- [    Test worker] o.s.b.a.condition.OnClassCondition       : Condition OnClassCondition on org.springframework.boot.autoconfigure.data.jpa.JpaRepositoriesAutoConfiguration matched due to @ConditionalOnClass classes found: org.springframework.data.jpa.repository.JpaRepository
2016-04-27 17:58:11.176 DEBUG 37359 --- [    Test worker] o.s.b.f.s.DefaultListableBeanFactory     : Returning cached instance of singleton bean 'autoConfigurationReport'
2016-04-27 17:58:11.177 DEBUG 37359 --- [    Test worker] o.s.b.f.s.DefaultListableBeanFactory     : Returning cached instance of singleton bean 'org.springframework.boot.autoconfigure.condition.BeanTypeRegistry'
2016-04-27 17:58:11.177 DEBUG 37359 --- [    Test worker] o.s.b.f.s.DefaultListableBeanFactory     : Returning cached instance of singleton bean 'org.springframework.boot.autoconfigure.condition.BeanTypeRegistry'
2016-04-27 17:58:11.177 DEBUG 37359 --- [    Test worker] o.s.b.f.s.DefaultListableBeanFactory     : Returning cached instance of singleton bean 'org.springframework.boot.autoconfigure.condition.BeanTypeRegistry'
2016-04-27 17:58:11.177 TRACE 37359 --- [    Test worker] o.s.b.a.condition.OnBeanCondition        : Condition OnBeanCondition on org.springframework.boot.autoconfigure.data.jpa.JpaRepositoriesAutoConfiguration did not match due to @ConditionalOnMissingBean (types: org.springframework.data.jpa.repository.support.JpaRepositoryFactoryBean,org.springframework.data.jpa.repository.config.JpaRepositoryConfigExtension; SearchStrategy: all) found the following [&cityRepository, org.springframework.data.jpa.repository.config.JpaRepositoryConfigExtension#0]
2016-04-27 17:58:11.177 DEBUG 37359 --- [    Test worker] o.s.b.f.s.DefaultListableBeanFactory     : Returning cached instance of singleton bean 'autoConfigurationReport'
2016-04-27 17:58:11.177 TRACE 37359 --- [    Test worker] o.s.b.a.condition.OnClassCondition       : Condition OnClassCondition on org.springframework.boot.autoconfigure.jackson.JacksonAutoConfiguration matched due to @ConditionalOnClass classes found: com.fasterxml.jackson.databind.ObjectMapper
2016-04-27 17:58:11.177 DEBUG 37359 --- [    Test worker] o.s.b.f.s.DefaultListableBeanFactory     : Returning cached instance of singleton bean 'autoConfigurationReport'
2016-04-27 17:58:11.177 TRACE 37359 --- [    Test worker] o.s.b.a.condition.OnClassCondition       : Condition OnClassCondition on org.springframework.boot.autoconfigure.jackson.JacksonAutoConfiguration$JacksonObjectMapperBuilderConfiguration matched due to @ConditionalOnClass classes found: com.fasterxml.jackson.databind.ObjectMapper,org.springframework.http.converter.json.Jackson2ObjectMapperBuilder
2016-04-27 17:58:11.177 DEBUG 37359 --- [    Test worker] o.s.b.f.s.DefaultListableBeanFactory     : Returning cached instance of singleton bean 'autoConfigurationReport'
2016-04-27 17:58:11.177 DEBUG 37359 --- [    Test worker] a.ConfigurationClassBeanDefinitionReader : Registered bean definition for imported class 'org.springframework.boot.autoconfigure.jackson.JacksonAutoConfiguration$JacksonObjectMapperBuilderConfiguration'
2016-04-27 17:58:11.178 DEBUG 37359 --- [    Test worker] o.s.b.f.s.DefaultListableBeanFactory     : Returning cached instance of singleton bean 'org.springframework.boot.autoconfigure.condition.BeanTypeRegistry'
2016-04-27 17:58:11.178 TRACE 37359 --- [    Test worker] o.s.b.a.condition.OnBeanCondition        : Condition OnBeanCondition on org.springframework.boot.autoconfigure.jackson.JacksonAutoConfiguration$JacksonObjectMapperBuilderConfiguration#jacksonObjectMapperBuilder matched due to @ConditionalOnMissingBean (types: org.springframework.http.converter.json.Jackson2ObjectMapperBuilder; SearchStrategy: all) found no beans
2016-04-27 17:58:11.178 DEBUG 37359 --- [    Test worker] o.s.b.f.s.DefaultListableBeanFactory     : Returning cached instance of singleton bean 'autoConfigurationReport'
2016-04-27 17:58:11.178 DEBUG 37359 --- [    Test worker] a.ConfigurationClassBeanDefinitionReader : Registering bean definition for @Bean method org.springframework.boot.autoconfigure.jackson.JacksonAutoConfiguration$JacksonObjectMapperBuilderConfiguration.jacksonObjectMapperBuilder()
2016-04-27 17:58:11.179 TRACE 37359 --- [    Test worker] o.s.b.a.condition.OnClassCondition       : Condition OnClassCondition on org.springframework.boot.autoconfigure.jackson.JacksonAutoConfiguration$JacksonObjectMapperConfiguration matched due to @ConditionalOnClass classes found: com.fasterxml.jackson.databind.ObjectMapper,org.springframework.http.converter.json.Jackson2ObjectMapperBuilder
2016-04-27 17:58:11.179 DEBUG 37359 --- [    Test worker] o.s.b.f.s.DefaultListableBeanFactory     : Returning cached instance of singleton bean 'autoConfigurationReport'
2016-04-27 17:58:11.179 DEBUG 37359 --- [    Test worker] a.ConfigurationClassBeanDefinitionReader : Registered bean definition for imported class 'org.springframework.boot.autoconfigure.jackson.JacksonAutoConfiguration$JacksonObjectMapperConfiguration'
2016-04-27 17:58:11.179 DEBUG 37359 --- [    Test worker] o.s.b.f.s.DefaultListableBeanFactory     : Returning cached instance of singleton bean 'org.springframework.boot.autoconfigure.condition.BeanTypeRegistry'
2016-04-27 17:58:11.179 TRACE 37359 --- [    Test worker] o.s.b.a.condition.OnBeanCondition        : Condition OnBeanCondition on org.springframework.boot.autoconfigure.jackson.JacksonAutoConfiguration$JacksonObjectMapperConfiguration#jacksonObjectMapper matched due to @ConditionalOnMissingBean (types: com.fasterxml.jackson.databind.ObjectMapper; SearchStrategy: all) found no beans
2016-04-27 17:58:11.179 DEBUG 37359 --- [    Test worker] o.s.b.f.s.DefaultListableBeanFactory     : Returning cached instance of singleton bean 'autoConfigurationReport'
2016-04-27 17:58:11.179 DEBUG 37359 --- [    Test worker] a.ConfigurationClassBeanDefinitionReader : Registering bean definition for @Bean method org.springframework.boot.autoconfigure.jackson.JacksonAutoConfiguration$JacksonObjectMapperConfiguration.jacksonObjectMapper()
2016-04-27 17:58:11.179 DEBUG 37359 --- [    Test worker] a.ConfigurationClassBeanDefinitionReader : Registered bean definition for imported class 'org.springframework.boot.autoconfigure.jackson.JacksonAutoConfiguration'
2016-04-27 17:58:11.180 TRACE 37359 --- [    Test worker] o.s.b.a.condition.OnClassCondition       : Condition OnClassCondition on org.springframework.boot.autoconfigure.web.HttpMessageConvertersAutoConfiguration matched due to @ConditionalOnClass classes found: org.springframework.http.converter.HttpMessageConverter
2016-04-27 17:58:11.180 DEBUG 37359 --- [    Test worker] o.s.b.f.s.DefaultListableBeanFactory     : Returning cached instance of singleton bean 'autoConfigurationReport'
2016-04-27 17:58:11.180 TRACE 37359 --- [    Test worker] o.s.b.a.condition.OnClassCondition       : Condition OnClassCondition on org.springframework.boot.autoconfigure.web.HttpMessageConvertersAutoConfiguration$StringHttpMessageConverterConfiguration matched due to @ConditionalOnClass classes found: org.springframework.http.converter.StringHttpMessageConverter
2016-04-27 17:58:11.180 DEBUG 37359 --- [    Test worker] o.s.b.f.s.DefaultListableBeanFactory     : Returning cached instance of singleton bean 'autoConfigurationReport'
2016-04-27 17:58:11.180 DEBUG 37359 --- [    Test worker] a.ConfigurationClassBeanDefinitionReader : Registered bean definition for imported class 'org.springframework.boot.autoconfigure.web.HttpMessageConvertersAutoConfiguration$StringHttpMessageConverterConfiguration'
2016-04-27 17:58:11.180 DEBUG 37359 --- [    Test worker] o.s.b.f.s.DefaultListableBeanFactory     : Returning cached instance of singleton bean 'org.springframework.boot.autoconfigure.condition.BeanTypeRegistry'
2016-04-27 17:58:11.181 TRACE 37359 --- [    Test worker] o.s.b.a.condition.OnBeanCondition        : Condition OnBeanCondition on org.springframework.boot.autoconfigure.web.HttpMessageConvertersAutoConfiguration$StringHttpMessageConverterConfiguration#stringHttpMessageConverter matched due to @ConditionalOnMissingBean (types: org.springframework.http.converter.StringHttpMessageConverter; SearchStrategy: all) found no beans
2016-04-27 17:58:11.181 DEBUG 37359 --- [    Test worker] o.s.b.f.s.DefaultListableBeanFactory     : Returning cached instance of singleton bean 'autoConfigurationReport'
2016-04-27 17:58:11.181 DEBUG 37359 --- [    Test worker] a.ConfigurationClassBeanDefinitionReader : Registering bean definition for @Bean method org.springframework.boot.autoconfigure.web.HttpMessageConvertersAutoConfiguration$StringHttpMessageConverterConfiguration.stringHttpMessageConverter()
2016-04-27 17:58:11.181 TRACE 37359 --- [    Test worker] o.s.b.a.condition.OnClassCondition       : Condition OnClassCondition on org.springframework.boot.autoconfigure.web.JacksonHttpMessageConvertersConfiguration$MappingJackson2HttpMessageConverterConfiguration matched due to @ConditionalOnClass classes found: com.fasterxml.jackson.databind.ObjectMapper
2016-04-27 17:58:11.181 DEBUG 37359 --- [    Test worker] o.s.b.f.s.DefaultListableBeanFactory     : Returning cached instance of singleton bean 'autoConfigurationReport'
2016-04-27 17:58:11.181 DEBUG 37359 --- [    Test worker] o.s.b.f.s.DefaultListableBeanFactory     : Returning cached instance of singleton bean 'org.springframework.boot.autoconfigure.condition.BeanTypeRegistry'
2016-04-27 17:58:11.181 TRACE 37359 --- [    Test worker] o.s.b.a.condition.OnBeanCondition        : Condition OnBeanCondition on org.springframework.boot.autoconfigure.web.JacksonHttpMessageConvertersConfiguration$MappingJackson2HttpMessageConverterConfiguration matched due to @ConditionalOnBean (types: com.fasterxml.jackson.databind.ObjectMapper; SearchStrategy: all) found the following [jacksonObjectMapper]
2016-04-27 17:58:11.181 DEBUG 37359 --- [    Test worker] o.s.b.f.s.DefaultListableBeanFactory     : Returning cached instance of singleton bean 'autoConfigurationReport'
2016-04-27 17:58:11.181 TRACE 37359 --- [    Test worker] o.s.b.a.condition.OnPropertyCondition    : Condition OnPropertyCondition on org.springframework.boot.autoconfigure.web.JacksonHttpMessageConvertersConfiguration$MappingJackson2HttpMessageConverterConfiguration matched
2016-04-27 17:58:11.181 DEBUG 37359 --- [    Test worker] o.s.b.f.s.DefaultListableBeanFactory     : Returning cached instance of singleton bean 'autoConfigurationReport'
2016-04-27 17:58:11.182 DEBUG 37359 --- [    Test worker] a.ConfigurationClassBeanDefinitionReader : Registered bean definition for imported class 'org.springframework.boot.autoconfigure.web.JacksonHttpMessageConvertersConfiguration$MappingJackson2HttpMessageConverterConfiguration'
2016-04-27 17:58:11.182 DEBUG 37359 --- [    Test worker] o.s.b.f.s.DefaultListableBeanFactory     : Returning cached instance of singleton bean 'org.springframework.boot.autoconfigure.condition.BeanTypeRegistry'
2016-04-27 17:58:11.183 DEBUG 37359 --- [    Test worker] o.s.b.f.s.DefaultListableBeanFactory     : Returning cached instance of singleton bean 'org.springframework.boot.autoconfigure.condition.BeanTypeRegistry'
2016-04-27 17:58:11.184 DEBUG 37359 --- [    Test worker] o.s.b.f.s.DefaultListableBeanFactory     : Returning cached instance of singleton bean 'org.springframework.boot.autoconfigure.condition.BeanTypeRegistry'
2016-04-27 17:58:11.184 TRACE 37359 --- [    Test worker] o.s.b.a.condition.OnBeanCondition        : Condition OnBeanCondition on org.springframework.boot.autoconfigure.web.JacksonHttpMessageConvertersConfiguration$MappingJackson2HttpMessageConverterConfiguration#mappingJackson2HttpMessageConverter matched due to @ConditionalOnMissingBean (types: org.springframework.http.converter.json.MappingJackson2HttpMessageConverter; SearchStrategy: all) found no beans
2016-04-27 17:58:11.184 DEBUG 37359 --- [    Test worker] o.s.b.f.s.DefaultListableBeanFactory     : Returning cached instance of singleton bean 'autoConfigurationReport'
2016-04-27 17:58:11.184 DEBUG 37359 --- [    Test worker] a.ConfigurationClassBeanDefinitionReader : Registering bean definition for @Bean method org.springframework.boot.autoconfigure.web.JacksonHttpMessageConvertersConfiguration$MappingJackson2HttpMessageConverterConfiguration.mappingJackson2HttpMessageConverter()
2016-04-27 17:58:11.184 DEBUG 37359 --- [    Test worker] a.ConfigurationClassBeanDefinitionReader : Registered bean definition for imported class 'org.springframework.boot.autoconfigure.web.JacksonHttpMessageConvertersConfiguration'
2016-04-27 17:58:11.185 DEBUG 37359 --- [    Test worker] a.ConfigurationClassBeanDefinitionReader : Registered bean definition for imported class 'org.springframework.boot.autoconfigure.web.HttpMessageConvertersAutoConfiguration'
2016-04-27 17:58:11.185 DEBUG 37359 --- [    Test worker] o.s.b.f.s.DefaultListableBeanFactory     : Returning cached instance of singleton bean 'org.springframework.boot.autoconfigure.condition.BeanTypeRegistry'
2016-04-27 17:58:11.186 TRACE 37359 --- [    Test worker] o.s.b.a.condition.OnBeanCondition        : Condition OnBeanCondition on org.springframework.boot.autoconfigure.web.HttpMessageConvertersAutoConfiguration#messageConverters matched due to @ConditionalOnMissingBean (types: org.springframework.boot.autoconfigure.web.HttpMessageConverters; SearchStrategy: all) found no beans
2016-04-27 17:58:11.186 DEBUG 37359 --- [    Test worker] o.s.b.f.s.DefaultListableBeanFactory     : Returning cached instance of singleton bean 'autoConfigurationReport'
2016-04-27 17:58:11.186 DEBUG 37359 --- [    Test worker] a.ConfigurationClassBeanDefinitionReader : Registering bean definition for @Bean method org.springframework.boot.autoconfigure.web.HttpMessageConvertersAutoConfiguration.messageConverters()
2016-04-27 17:58:11.186 TRACE 37359 --- [    Test worker] o.s.b.a.condition.OnClassCondition       : Condition OnClassCondition on org.springframework.boot.autoconfigure.data.rest.RepositoryRestMvcAutoConfiguration matched due to @ConditionalOnClass classes found: org.springframework.data.rest.webmvc.config.RepositoryRestMvcConfiguration
2016-04-27 17:58:11.186 DEBUG 37359 --- [    Test worker] o.s.b.f.s.DefaultListableBeanFactory     : Returning cached instance of singleton bean 'autoConfigurationReport'
2016-04-27 17:58:11.186 TRACE 37359 --- [    Test worker] o.s.b.a.c.OnWebApplicationCondition      : Condition OnWebApplicationCondition on org.springframework.boot.autoconfigure.data.rest.RepositoryRestMvcAutoConfiguration matched due to found web application 'session' scope
2016-04-27 17:58:11.186 DEBUG 37359 --- [    Test worker] o.s.b.f.s.DefaultListableBeanFactory     : Returning cached instance of singleton bean 'autoConfigurationReport'
2016-04-27 17:58:11.186 DEBUG 37359 --- [    Test worker] o.s.b.f.s.DefaultListableBeanFactory     : Returning cached instance of singleton bean 'org.springframework.boot.autoconfigure.condition.BeanTypeRegistry'
2016-04-27 17:58:11.186 TRACE 37359 --- [    Test worker] o.s.b.a.condition.OnBeanCondition        : Condition OnBeanCondition on org.springframework.boot.autoconfigure.data.rest.RepositoryRestMvcAutoConfiguration matched due to @ConditionalOnMissingBean (types: org.springframework.data.rest.webmvc.config.RepositoryRestMvcConfiguration; SearchStrategy: all) found no beans
2016-04-27 17:58:11.186 DEBUG 37359 --- [    Test worker] o.s.b.f.s.DefaultListableBeanFactory     : Returning cached instance of singleton bean 'autoConfigurationReport'
2016-04-27 17:58:11.187 DEBUG 37359 --- [    Test worker] a.ConfigurationClassBeanDefinitionReader : Registered bean definition for imported class 'org.springframework.hateoas.config.HateoasConfiguration'
2016-04-27 17:58:11.187 DEBUG 37359 --- [    Test worker] a.ConfigurationClassBeanDefinitionReader : Registering bean definition for @Bean method org.springframework.hateoas.config.HateoasConfiguration.linkRelationMessageSource()
2016-04-27 17:58:11.187 DEBUG 37359 --- [    Test worker] a.ConfigurationClassBeanDefinitionReader : Registered bean definition for imported class 'org.springframework.data.web.config.SpringDataJacksonConfiguration'
2016-04-27 17:58:11.187 DEBUG 37359 --- [    Test worker] a.ConfigurationClassBeanDefinitionReader : Registering bean definition for @Bean method org.springframework.data.web.config.SpringDataJacksonConfiguration.jacksonGeoModule()
2016-04-27 17:58:11.187 DEBUG 37359 --- [    Test worker] a.ConfigurationClassBeanDefinitionReader : Registered bean definition for imported class 'org.springframework.boot.autoconfigure.data.rest.SpringBootRepositoryRestMvcConfiguration'
2016-04-27 17:58:11.187 DEBUG 37359 --- [    Test worker] a.ConfigurationClassBeanDefinitionReader : Registering bean definition for @Bean method org.springframework.boot.autoconfigure.data.rest.SpringBootRepositoryRestMvcConfiguration.config()
2016-04-27 17:58:11.187 DEBUG 37359 --- [    Test worker] a.ConfigurationClassBeanDefinitionReader : Registering bean definition for @Bean method org.springframework.boot.autoconfigure.data.rest.SpringBootRepositoryRestMvcConfiguration.repositories()
2016-04-27 17:58:11.187 DEBUG 37359 --- [    Test worker] a.ConfigurationClassBeanDefinitionReader : Registering bean definition for @Bean method org.springframework.boot.autoconfigure.data.rest.SpringBootRepositoryRestMvcConfiguration.repositoryRelProvider()
2016-04-27 17:58:11.187 DEBUG 37359 --- [    Test worker] a.ConfigurationClassBeanDefinitionReader : Registering bean definition for @Bean method org.springframework.boot.autoconfigure.data.rest.SpringBootRepositoryRestMvcConfiguration.persistentEntities()
2016-04-27 17:58:11.187 DEBUG 37359 --- [    Test worker] a.ConfigurationClassBeanDefinitionReader : Registering bean definition for @Bean method org.springframework.boot.autoconfigure.data.rest.SpringBootRepositoryRestMvcConfiguration.defaultConversionService()
2016-04-27 17:58:11.187 DEBUG 37359 --- [    Test worker] a.ConfigurationClassBeanDefinitionReader : Registering bean definition for @Bean method org.springframework.boot.autoconfigure.data.rest.SpringBootRepositoryRestMvcConfiguration.validatingRepositoryEventListener()
2016-04-27 17:58:11.187 DEBUG 37359 --- [    Test worker] a.ConfigurationClassBeanDefinitionReader : Registering bean definition for @Bean method org.springframework.boot.autoconfigure.data.rest.SpringBootRepositoryRestMvcConfiguration.jpaHelper()
2016-04-27 17:58:11.187 DEBUG 37359 --- [    Test worker] a.ConfigurationClassBeanDefinitionReader : Registering bean definition for @Bean method org.springframework.boot.autoconfigure.data.rest.SpringBootRepositoryRestMvcConfiguration.metadataConfiguration()
2016-04-27 17:58:11.187 DEBUG 37359 --- [    Test worker] a.ConfigurationClassBeanDefinitionReader : Registering bean definition for @Bean method org.springframework.boot.autoconfigure.data.rest.SpringBootRepositoryRestMvcConfiguration.baseUri()
2016-04-27 17:58:11.188 DEBUG 37359 --- [    Test worker] a.ConfigurationClassBeanDefinitionReader : Registering bean definition for @Bean method org.springframework.boot.autoconfigure.data.rest.SpringBootRepositoryRestMvcConfiguration.annotatedEventHandlerInvoker()
2016-04-27 17:58:11.188 DEBUG 37359 --- [    Test worker] a.ConfigurationClassBeanDefinitionReader : Registering bean definition for @Bean method org.springframework.boot.autoconfigure.data.rest.SpringBootRepositoryRestMvcConfiguration.domainObjectMerger()
2016-04-27 17:58:11.188 DEBUG 37359 --- [    Test worker] a.ConfigurationClassBeanDefinitionReader : Registering bean definition for @Bean method org.springframework.boot.autoconfigure.data.rest.SpringBootRepositoryRestMvcConfiguration.serverHttpRequestMethodArgumentResolver()
2016-04-27 17:58:11.188 DEBUG 37359 --- [    Test worker] a.ConfigurationClassBeanDefinitionReader : Registering bean definition for @Bean method org.springframework.boot.autoconfigure.data.rest.SpringBootRepositoryRestMvcConfiguration.repoRequestArgumentResolver()
2016-04-27 17:58:11.188 DEBUG 37359 --- [    Test worker] a.ConfigurationClassBeanDefinitionReader : Registering bean definition for @Bean method org.springframework.boot.autoconfigure.data.rest.SpringBootRepositoryRestMvcConfiguration.resourceMetadataHandlerMethodArgumentResolver()
2016-04-27 17:58:11.188 DEBUG 37359 --- [    Test worker] a.ConfigurationClassBeanDefinitionReader : Registering bean definition for @Bean method org.springframework.boot.autoconfigure.data.rest.SpringBootRepositoryRestMvcConfiguration.backendIdHandlerMethodArgumentResolver()
2016-04-27 17:58:11.188 DEBUG 37359 --- [    Test worker] a.ConfigurationClassBeanDefinitionReader : Registering bean definition for @Bean method org.springframework.boot.autoconfigure.data.rest.SpringBootRepositoryRestMvcConfiguration.eTagArgumentResolver()
2016-04-27 17:58:11.188 DEBUG 37359 --- [    Test worker] a.ConfigurationClassBeanDefinitionReader : Registering bean definition for @Bean method org.springframework.boot.autoconfigure.data.rest.SpringBootRepositoryRestMvcConfiguration.entityLinks()
2016-04-27 17:58:11.188 DEBUG 37359 --- [    Test worker] a.ConfigurationClassBeanDefinitionReader : Registering bean definition for @Bean method org.springframework.boot.autoconfigure.data.rest.SpringBootRepositoryRestMvcConfiguration.persistentEntityArgumentResolver()
2016-04-27 17:58:11.188 DEBUG 37359 --- [    Test worker] a.ConfigurationClassBeanDefinitionReader : Registering bean definition for @Bean method org.springframework.boot.autoconfigure.data.rest.SpringBootRepositoryRestMvcConfiguration.jsonSchemaConverter()
2016-04-27 17:58:11.188 DEBUG 37359 --- [    Test worker] a.ConfigurationClassBeanDefinitionReader : Registering bean definition for @Bean method org.springframework.boot.autoconfigure.data.rest.SpringBootRepositoryRestMvcConfiguration.resourceDescriptionMessageSourceAccessor()
2016-04-27 17:58:11.188 DEBUG 37359 --- [    Test worker] a.ConfigurationClassBeanDefinitionReader : Registering bean definition for @Bean method org.springframework.boot.autoconfigure.data.rest.SpringBootRepositoryRestMvcConfiguration.objectMapper()
2016-04-27 17:58:11.189 DEBUG 37359 --- [    Test worker] a.ConfigurationClassBeanDefinitionReader : Registering bean definition for @Bean method org.springframework.boot.autoconfigure.data.rest.SpringBootRepositoryRestMvcConfiguration.jacksonHttpMessageConverter()
2016-04-27 17:58:11.189 DEBUG 37359 --- [    Test worker] a.ConfigurationClassBeanDefinitionReader : Registering bean definition for @Bean method org.springframework.boot.autoconfigure.data.rest.SpringBootRepositoryRestMvcConfiguration.halJacksonHttpMessageConverter()
2016-04-27 17:58:11.189 DEBUG 37359 --- [    Test worker] a.ConfigurationClassBeanDefinitionReader : Registering bean definition for @Bean method org.springframework.boot.autoconfigure.data.rest.SpringBootRepositoryRestMvcConfiguration.halObjectMapper()
2016-04-27 17:58:11.189 DEBUG 37359 --- [    Test worker] a.ConfigurationClassBeanDefinitionReader : Registering bean definition for @Bean method org.springframework.boot.autoconfigure.data.rest.SpringBootRepositoryRestMvcConfiguration.uriListHttpMessageConverter()
2016-04-27 17:58:11.189 DEBUG 37359 --- [    Test worker] a.ConfigurationClassBeanDefinitionReader : Registering bean definition for @Bean method org.springframework.boot.autoconfigure.data.rest.SpringBootRepositoryRestMvcConfiguration.repositoryExporterHandlerAdapter()
2016-04-27 17:58:11.189 DEBUG 37359 --- [    Test worker] a.ConfigurationClassBeanDefinitionReader : Registering bean definition for @Bean method org.springframework.boot.autoconfigure.data.rest.SpringBootRepositoryRestMvcConfiguration.restHandlerMapping()
2016-04-27 17:58:11.189 DEBUG 37359 --- [    Test worker] a.ConfigurationClassBeanDefinitionReader : Registering bean definition for @Bean method org.springframework.boot.autoconfigure.data.rest.SpringBootRepositoryRestMvcConfiguration.resourceMappings()
2016-04-27 17:58:11.189 DEBUG 37359 --- [    Test worker] a.ConfigurationClassBeanDefinitionReader : Registering bean definition for @Bean method org.springframework.boot.autoconfigure.data.rest.SpringBootRepositoryRestMvcConfiguration.exceptionHandlerExceptionResolver()
2016-04-27 17:58:11.189 DEBUG 37359 --- [    Test worker] a.ConfigurationClassBeanDefinitionReader : Registering bean definition for @Bean method org.springframework.boot.autoconfigure.data.rest.SpringBootRepositoryRestMvcConfiguration.repositoryRestExceptionHandler()
2016-04-27 17:58:11.189 DEBUG 37359 --- [    Test worker] a.ConfigurationClassBeanDefinitionReader : Registering bean definition for @Bean method org.springframework.boot.autoconfigure.data.rest.SpringBootRepositoryRestMvcConfiguration.repositoryInvokerFactory()
2016-04-27 17:58:11.189 DEBUG 37359 --- [    Test worker] a.ConfigurationClassBeanDefinitionReader : Registering bean definition for @Bean method org.springframework.boot.autoconfigure.data.rest.SpringBootRepositoryRestMvcConfiguration.defaultMessageConverters()
2016-04-27 17:58:11.189 DEBUG 37359 --- [    Test worker] a.ConfigurationClassBeanDefinitionReader : Registering bean definition for @Bean method org.springframework.boot.autoconfigure.data.rest.SpringBootRepositoryRestMvcConfiguration.alpsJsonHttpMessageConverter()
2016-04-27 17:58:11.189 DEBUG 37359 --- [    Test worker] a.ConfigurationClassBeanDefinitionReader : Registering bean definition for @Bean method org.springframework.boot.autoconfigure.data.rest.SpringBootRepositoryRestMvcConfiguration.pageableResolver()
2016-04-27 17:58:11.189 DEBUG 37359 --- [    Test worker] a.ConfigurationClassBeanDefinitionReader : Registering bean definition for @Bean method org.springframework.boot.autoconfigure.data.rest.SpringBootRepositoryRestMvcConfiguration.sortResolver()
2016-04-27 17:58:11.189 DEBUG 37359 --- [    Test worker] a.ConfigurationClassBeanDefinitionReader : Registering bean definition for @Bean method org.springframework.boot.autoconfigure.data.rest.SpringBootRepositoryRestMvcConfiguration.backendIdConverterRegistry()
2016-04-27 17:58:11.189 DEBUG 37359 --- [    Test worker] a.ConfigurationClassBeanDefinitionReader : Registering bean definition for @Bean method org.springframework.boot.autoconfigure.data.rest.SpringBootRepositoryRestMvcConfiguration.auditableBeanWrapperFactory()
2016-04-27 17:58:11.190 DEBUG 37359 --- [    Test worker] a.ConfigurationClassBeanDefinitionReader : Registering bean definition for @Bean method org.springframework.boot.autoconfigure.data.rest.SpringBootRepositoryRestMvcConfiguration.enumTranslator()
2016-04-27 17:58:11.190 DEBUG 37359 --- [    Test worker] a.ConfigurationClassBeanDefinitionReader : Registering bean definition for @Bean method org.springframework.boot.autoconfigure.data.rest.SpringBootRepositoryRestMvcConfiguration.alpsConverter()
2016-04-27 17:58:11.190 DEBUG 37359 --- [    Test worker] a.ConfigurationClassBeanDefinitionReader : Registering bean definition for @Bean method org.springframework.boot.autoconfigure.data.rest.SpringBootRepositoryRestMvcConfiguration.profileResourceProcessor()
2016-04-27 17:58:11.190 DEBUG 37359 --- [    Test worker] a.ConfigurationClassBeanDefinitionReader : Registering bean definition for @Bean method org.springframework.boot.autoconfigure.data.rest.SpringBootRepositoryRestMvcConfiguration.pagedResourcesAssembler()
2016-04-27 17:58:11.190 DEBUG 37359 --- [    Test worker] a.ConfigurationClassBeanDefinitionReader : Registering bean definition for @Bean method org.springframework.boot.autoconfigure.data.rest.SpringBootRepositoryRestMvcConfiguration.pagedResourcesAssemblerArgumentResolver()
2016-04-27 17:58:11.190 DEBUG 37359 --- [    Test worker] o.s.core.env.StandardEnvironment         : Adding [systemProperties] PropertySource with lowest search precedence
2016-04-27 17:58:11.190 DEBUG 37359 --- [    Test worker] o.s.core.env.StandardEnvironment         : Adding [systemEnvironment] PropertySource with lowest search precedence
2016-04-27 17:58:11.190 DEBUG 37359 --- [    Test worker] o.s.core.env.StandardEnvironment         : Initialized StandardEnvironment with PropertySources [systemProperties,systemEnvironment]
2016-04-27 17:58:11.191 DEBUG 37359 --- [    Test worker] .i.s.PathMatchingResourcePatternResolver : Resolved location pattern [classpath*:META-INF/spring-data-rest/**/*.xml] to resources []
2016-04-27 17:58:11.191 DEBUG 37359 --- [    Test worker] o.s.b.f.xml.XmlBeanDefinitionReader      : Loaded 0 bean definitions from location pattern [classpath*:META-INF/spring-data-rest/**/*.xml]
2016-04-27 17:58:11.195 DEBUG 37359 --- [    Test worker] a.ConfigurationClassBeanDefinitionReader : Registered bean definition for imported class 'org.springframework.boot.autoconfigure.data.rest.RepositoryRestMvcAutoConfiguration'
2016-04-27 17:58:11.195 DEBUG 37359 --- [    Test worker] a.ConfigurationClassBeanDefinitionReader : Registering bean definition for @Bean method org.springframework.boot.autoconfigure.data.rest.RepositoryRestMvcAutoConfiguration.springBootRepositoryRestConfigurer()
2016-04-27 17:58:11.195 TRACE 37359 --- [    Test worker] o.s.b.a.condition.OnClassCondition       : Condition OnClassCondition on org.springframework.boot.autoconfigure.data.web.SpringDataWebAutoConfiguration matched due to @ConditionalOnClass classes found: org.springframework.data.web.PageableHandlerMethodArgumentResolver,org.springframework.web.servlet.config.annotation.WebMvcConfigurerAdapter
2016-04-27 17:58:11.195 DEBUG 37359 --- [    Test worker] o.s.b.f.s.DefaultListableBeanFactory     : Returning cached instance of singleton bean 'autoConfigurationReport'
2016-04-27 17:58:11.195 TRACE 37359 --- [    Test worker] o.s.b.a.c.OnWebApplicationCondition      : Condition OnWebApplicationCondition on org.springframework.boot.autoconfigure.data.web.SpringDataWebAutoConfiguration matched due to found web application 'session' scope
2016-04-27 17:58:11.195 DEBUG 37359 --- [    Test worker] o.s.b.f.s.DefaultListableBeanFactory     : Returning cached instance of singleton bean 'autoConfigurationReport'
2016-04-27 17:58:11.195 DEBUG 37359 --- [    Test worker] o.s.b.f.s.DefaultListableBeanFactory     : Returning cached instance of singleton bean 'org.springframework.boot.autoconfigure.condition.BeanTypeRegistry'
2016-04-27 17:58:11.228 TRACE 37359 --- [    Test worker] o.s.b.a.condition.OnBeanCondition        : Condition OnBeanCondition on org.springframework.boot.autoconfigure.data.web.SpringDataWebAutoConfiguration did not match due to @ConditionalOnMissingBean (types: org.springframework.data.web.PageableHandlerMethodArgumentResolver; SearchStrategy: all) found the following [pageableResolver]
2016-04-27 17:58:11.228 DEBUG 37359 --- [    Test worker] o.s.b.f.s.DefaultListableBeanFactory     : Returning cached instance of singleton bean 'autoConfigurationReport'
2016-04-27 17:58:11.229 TRACE 37359 --- [    Test worker] o.s.b.a.condition.OnClassCondition       : Condition OnClassCondition on org.springframework.boot.autoconfigure.hateoas.HypermediaAutoConfiguration matched due to @ConditionalOnClass classes found: org.springframework.hateoas.Resource,org.springframework.web.bind.annotation.RequestMapping,org.springframework.plugin.core.Plugin
2016-04-27 17:58:11.229 DEBUG 37359 --- [    Test worker] o.s.b.f.s.DefaultListableBeanFactory     : Returning cached instance of singleton bean 'autoConfigurationReport'
2016-04-27 17:58:11.229 TRACE 37359 --- [    Test worker] o.s.b.a.c.OnWebApplicationCondition      : Condition OnWebApplicationCondition on org.springframework.boot.autoconfigure.hateoas.HypermediaAutoConfiguration matched due to found web application 'session' scope
2016-04-27 17:58:11.229 DEBUG 37359 --- [    Test worker] o.s.b.f.s.DefaultListableBeanFactory     : Returning cached instance of singleton bean 'autoConfigurationReport'
2016-04-27 17:58:11.229 DEBUG 37359 --- [    Test worker] o.s.b.f.s.DefaultListableBeanFactory     : Returning cached instance of singleton bean 'org.springframework.boot.autoconfigure.condition.BeanTypeRegistry'
2016-04-27 17:58:11.229 TRACE 37359 --- [    Test worker] o.s.b.a.condition.OnBeanCondition        : Condition OnBeanCondition on org.springframework.boot.autoconfigure.hateoas.HypermediaAutoConfiguration$EntityLinksConfiguration did not match due to @ConditionalOnMissingBean (types: org.springframework.hateoas.EntityLinks; SearchStrategy: all) found the following [delegatingEntityLinks, entityLinks, controllerEntityLinks]
2016-04-27 17:58:11.229 DEBUG 37359 --- [    Test worker] o.s.b.f.s.DefaultListableBeanFactory     : Returning cached instance of singleton bean 'autoConfigurationReport'
2016-04-27 17:58:11.229 DEBUG 37359 --- [    Test worker] o.s.b.f.s.DefaultListableBeanFactory     : Returning cached instance of singleton bean 'org.springframework.boot.autoconfigure.condition.BeanTypeRegistry'
2016-04-27 17:58:11.229 TRACE 37359 --- [    Test worker] o.s.b.a.condition.OnBeanCondition        : Condition OnBeanCondition on org.springframework.boot.autoconfigure.hateoas.HypermediaAutoConfiguration$HypermediaConfiguration did not match due to @ConditionalOnMissingBean (types: org.springframework.hateoas.LinkDiscoverers; SearchStrategy: all) found the following [org.springframework.hateoas.LinkDiscoverers#0]
2016-04-27 17:58:11.229 DEBUG 37359 --- [    Test worker] o.s.b.f.s.DefaultListableBeanFactory     : Returning cached instance of singleton bean 'autoConfigurationReport'
2016-04-27 17:58:11.229 DEBUG 37359 --- [    Test worker] a.ConfigurationClassBeanDefinitionReader : Registered bean definition for imported class 'org.springframework.boot.autoconfigure.hateoas.HypermediaAutoConfiguration'
2016-04-27 17:58:11.229 TRACE 37359 --- [    Test worker] o.s.b.a.condition.OnClassCondition       : Condition OnClassCondition on org.springframework.boot.autoconfigure.jdbc.DataSourceTransactionManagerAutoConfiguration matched due to @ConditionalOnClass classes found: org.springframework.jdbc.core.JdbcTemplate,org.springframework.transaction.PlatformTransactionManager
2016-04-27 17:58:11.229 DEBUG 37359 --- [    Test worker] o.s.b.f.s.DefaultListableBeanFactory     : Returning cached instance of singleton bean 'autoConfigurationReport'
2016-04-27 17:58:11.230 DEBUG 37359 --- [    Test worker] o.s.b.f.s.DefaultListableBeanFactory     : Returning cached instance of singleton bean 'org.springframework.boot.autoconfigure.condition.BeanTypeRegistry'
2016-04-27 17:58:11.230 TRACE 37359 --- [    Test worker] o.s.b.a.condition.OnBeanCondition        : Condition OnBeanCondition on org.springframework.boot.autoconfigure.jdbc.DataSourceTransactionManagerAutoConfiguration$TransactionManagementConfiguration matched due to @ConditionalOnMissingBean (types: org.springframework.transaction.annotation.AbstractTransactionManagementConfiguration; SearchStrategy: all) found no beans
2016-04-27 17:58:11.230 DEBUG 37359 --- [    Test worker] o.s.b.f.s.DefaultListableBeanFactory     : Returning cached instance of singleton bean 'autoConfigurationReport'
2016-04-27 17:58:11.230 DEBUG 37359 --- [    Test worker] a.ConfigurationClassBeanDefinitionReader : Registered bean definition for imported class 'org.springframework.transaction.annotation.ProxyTransactionManagementConfiguration'
2016-04-27 17:58:11.230 DEBUG 37359 --- [    Test worker] a.ConfigurationClassBeanDefinitionReader : Registering bean definition for @Bean method org.springframework.transaction.annotation.ProxyTransactionManagementConfiguration.org.springframework.transaction.config.internalTransactionAdvisor()
2016-04-27 17:58:11.230 DEBUG 37359 --- [    Test worker] a.ConfigurationClassBeanDefinitionReader : Registering bean definition for @Bean method org.springframework.transaction.annotation.ProxyTransactionManagementConfiguration.transactionAttributeSource()
2016-04-27 17:58:11.230 DEBUG 37359 --- [    Test worker] a.ConfigurationClassBeanDefinitionReader : Registering bean definition for @Bean method org.springframework.transaction.annotation.ProxyTransactionManagementConfiguration.transactionInterceptor()
2016-04-27 17:58:11.230 DEBUG 37359 --- [    Test worker] a.ConfigurationClassBeanDefinitionReader : Registering bean definition for @Bean method org.springframework.transaction.annotation.ProxyTransactionManagementConfiguration.org.springframework.transaction.config.internalTransactionalEventListenerFactory()
2016-04-27 17:58:11.230 DEBUG 37359 --- [    Test worker] a.ConfigurationClassBeanDefinitionReader : Registered bean definition for imported class 'org.springframework.boot.autoconfigure.jdbc.DataSourceTransactionManagerAutoConfiguration$TransactionManagementConfiguration'
2016-04-27 17:58:11.231 DEBUG 37359 --- [    Test worker] a.ConfigurationClassBeanDefinitionReader : Registered bean definition for imported class 'org.springframework.boot.autoconfigure.jdbc.DataSourceTransactionManagerAutoConfiguration'
2016-04-27 17:58:11.231 DEBUG 37359 --- [    Test worker] o.s.b.f.s.DefaultListableBeanFactory     : Returning cached instance of singleton bean 'org.springframework.boot.autoconfigure.condition.BeanTypeRegistry'
2016-04-27 17:58:11.234 DEBUG 37359 --- [    Test worker] o.s.b.f.s.DefaultListableBeanFactory     : Returning cached instance of singleton bean 'org.springframework.boot.autoconfigure.condition.BeanTypeRegistry'
2016-04-27 17:58:11.234 TRACE 37359 --- [    Test worker] o.s.b.a.condition.OnBeanCondition        : Condition OnBeanCondition on org.springframework.boot.autoconfigure.jdbc.DataSourceTransactionManagerAutoConfiguration#transactionManager did not match due to @ConditionalOnMissingBean (types: org.springframework.transaction.PlatformTransactionManager; SearchStrategy: all) found the following [transactionManager]
2016-04-27 17:58:11.234 DEBUG 37359 --- [    Test worker] o.s.b.f.s.DefaultListableBeanFactory     : Returning cached instance of singleton bean 'autoConfigurationReport'
2016-04-27 17:58:11.234 TRACE 37359 --- [    Test worker] o.s.b.a.c.OnWebApplicationCondition      : Condition OnWebApplicationCondition on org.springframework.boot.autoconfigure.security.SecurityFilterAutoConfiguration matched due to found web application 'session' scope
2016-04-27 17:58:11.234 DEBUG 37359 --- [    Test worker] o.s.b.f.s.DefaultListableBeanFactory     : Returning cached instance of singleton bean 'autoConfigurationReport'
2016-04-27 17:58:11.234 DEBUG 37359 --- [    Test worker] a.ConfigurationClassBeanDefinitionReader : Registered bean definition for imported class 'org.springframework.boot.autoconfigure.security.SecurityFilterAutoConfiguration'
2016-04-27 17:58:11.234 TRACE 37359 --- [    Test worker] o.s.b.a.condition.OnBeanCondition        : Condition OnBeanCondition on org.springframework.boot.autoconfigure.security.SecurityFilterAutoConfiguration#securityFilterChainRegistration did not match due to @ConditionalOnBean (names: springSecurityFilterChain; SearchStrategy: all) found no beans
2016-04-27 17:58:11.235 DEBUG 37359 --- [    Test worker] o.s.b.f.s.DefaultListableBeanFactory     : Returning cached instance of singleton bean 'autoConfigurationReport'
2016-04-27 17:58:11.235 TRACE 37359 --- [    Test worker] o.s.b.a.condition.OnClassCondition       : Condition OnClassCondition on org.springframework.boot.autoconfigure.transaction.TransactionAutoConfiguration matched due to @ConditionalOnClass classes found: org.springframework.transaction.support.TransactionTemplate,org.springframework.transaction.PlatformTransactionManager
2016-04-27 17:58:11.235 DEBUG 37359 --- [    Test worker] o.s.b.f.s.DefaultListableBeanFactory     : Returning cached instance of singleton bean 'autoConfigurationReport'
2016-04-27 17:58:11.235 DEBUG 37359 --- [    Test worker] o.s.b.f.s.DefaultListableBeanFactory     : Returning cached instance of singleton bean 'org.springframework.boot.autoconfigure.condition.BeanTypeRegistry'
2016-04-27 17:58:11.235 TRACE 37359 --- [    Test worker] o.s.b.a.condition.OnBeanCondition        : Condition OnBeanCondition on org.springframework.boot.autoconfigure.transaction.TransactionAutoConfiguration matched due to @ConditionalOnSingleCandidate (types: org.springframework.transaction.PlatformTransactionManager; SearchStrategy: all) found a primary candidate amongst the following [transactionManager]
2016-04-27 17:58:11.235 DEBUG 37359 --- [    Test worker] o.s.b.f.s.DefaultListableBeanFactory     : Returning cached instance of singleton bean 'autoConfigurationReport'
2016-04-27 17:58:11.235 DEBUG 37359 --- [    Test worker] a.ConfigurationClassBeanDefinitionReader : Registered bean definition for imported class 'org.springframework.boot.autoconfigure.transaction.TransactionAutoConfiguration'
2016-04-27 17:58:11.236 DEBUG 37359 --- [    Test worker] o.s.b.f.s.DefaultListableBeanFactory     : Returning cached instance of singleton bean 'org.springframework.boot.autoconfigure.condition.BeanTypeRegistry'
2016-04-27 17:58:11.236 TRACE 37359 --- [    Test worker] o.s.b.a.condition.OnBeanCondition        : Condition OnBeanCondition on org.springframework.boot.autoconfigure.transaction.TransactionAutoConfiguration#transactionTemplate matched due to @ConditionalOnMissingBean (types: org.springframework.transaction.support.TransactionTemplate; SearchStrategy: all) found no beans
2016-04-27 17:58:11.236 DEBUG 37359 --- [    Test worker] o.s.b.f.s.DefaultListableBeanFactory     : Returning cached instance of singleton bean 'autoConfigurationReport'
2016-04-27 17:58:11.236 DEBUG 37359 --- [    Test worker] a.ConfigurationClassBeanDefinitionReader : Registering bean definition for @Bean method org.springframework.boot.autoconfigure.transaction.TransactionAutoConfiguration.transactionTemplate()
2016-04-27 17:58:11.236 TRACE 37359 --- [    Test worker] o.s.b.a.condition.OnClassCondition       : Condition OnClassCondition on org.springframework.boot.autoconfigure.web.HttpEncodingAutoConfiguration matched due to @ConditionalOnClass classes found: org.springframework.web.filter.CharacterEncodingFilter
2016-04-27 17:58:11.236 DEBUG 37359 --- [    Test worker] o.s.b.f.s.DefaultListableBeanFactory     : Returning cached instance of singleton bean 'autoConfigurationReport'
2016-04-27 17:58:11.236 TRACE 37359 --- [    Test worker] o.s.b.a.condition.OnPropertyCondition    : Condition OnPropertyCondition on org.springframework.boot.autoconfigure.web.HttpEncodingAutoConfiguration matched
2016-04-27 17:58:11.237 DEBUG 37359 --- [    Test worker] o.s.b.f.s.DefaultListableBeanFactory     : Returning cached instance of singleton bean 'autoConfigurationReport'
2016-04-27 17:58:11.237 DEBUG 37359 --- [    Test worker] a.ConfigurationClassBeanDefinitionReader : Registered bean definition for imported class 'org.springframework.boot.autoconfigure.web.HttpEncodingAutoConfiguration'
2016-04-27 17:58:11.237 DEBUG 37359 --- [    Test worker] o.s.b.f.s.DefaultListableBeanFactory     : Returning cached instance of singleton bean 'org.springframework.boot.autoconfigure.condition.BeanTypeRegistry'
2016-04-27 17:58:11.237 TRACE 37359 --- [    Test worker] o.s.b.a.condition.OnBeanCondition        : Condition OnBeanCondition on org.springframework.boot.autoconfigure.web.HttpEncodingAutoConfiguration#characterEncodingFilter matched due to @ConditionalOnMissingBean (types: org.springframework.web.filter.CharacterEncodingFilter; SearchStrategy: all) found no beans
2016-04-27 17:58:11.237 DEBUG 37359 --- [    Test worker] o.s.b.f.s.DefaultListableBeanFactory     : Returning cached instance of singleton bean 'autoConfigurationReport'
2016-04-27 17:58:11.237 DEBUG 37359 --- [    Test worker] a.ConfigurationClassBeanDefinitionReader : Registering bean definition for @Bean method org.springframework.boot.autoconfigure.web.HttpEncodingAutoConfiguration.characterEncodingFilter()
2016-04-27 17:58:11.237 TRACE 37359 --- [    Test worker] o.s.b.a.condition.OnClassCondition       : Condition OnClassCondition on org.springframework.boot.autoconfigure.web.MultipartAutoConfiguration matched due to @ConditionalOnClass classes found: javax.servlet.Servlet,org.springframework.web.multipart.support.StandardServletMultipartResolver,javax.servlet.MultipartConfigElement
2016-04-27 17:58:11.237 DEBUG 37359 --- [    Test worker] o.s.b.f.s.DefaultListableBeanFactory     : Returning cached instance of singleton bean 'autoConfigurationReport'
2016-04-27 17:58:11.237 TRACE 37359 --- [    Test worker] o.s.b.a.condition.OnPropertyCondition    : Condition OnPropertyCondition on org.springframework.boot.autoconfigure.web.MultipartAutoConfiguration matched
2016-04-27 17:58:11.238 DEBUG 37359 --- [    Test worker] o.s.b.f.s.DefaultListableBeanFactory     : Returning cached instance of singleton bean 'autoConfigurationReport'
2016-04-27 17:58:11.238 DEBUG 37359 --- [    Test worker] a.ConfigurationClassBeanDefinitionReader : Registered bean definition for imported class 'org.springframework.boot.autoconfigure.web.MultipartAutoConfiguration'
2016-04-27 17:58:11.238 DEBUG 37359 --- [    Test worker] o.s.b.f.s.DefaultListableBeanFactory     : Returning cached instance of singleton bean 'org.springframework.boot.autoconfigure.condition.BeanTypeRegistry'
2016-04-27 17:58:11.238 TRACE 37359 --- [    Test worker] o.s.b.a.condition.OnBeanCondition        : Condition OnBeanCondition on org.springframework.boot.autoconfigure.web.MultipartAutoConfiguration#multipartConfigElement matched due to @ConditionalOnMissingBean (types: javax.servlet.MultipartConfigElement; SearchStrategy: all) found no beans
2016-04-27 17:58:11.238 DEBUG 37359 --- [    Test worker] o.s.b.f.s.DefaultListableBeanFactory     : Returning cached instance of singleton bean 'autoConfigurationReport'
2016-04-27 17:58:11.238 DEBUG 37359 --- [    Test worker] a.ConfigurationClassBeanDefinitionReader : Registering bean definition for @Bean method org.springframework.boot.autoconfigure.web.MultipartAutoConfiguration.multipartConfigElement()
2016-04-27 17:58:11.239 DEBUG 37359 --- [    Test worker] o.s.b.f.s.DefaultListableBeanFactory     : Returning cached instance of singleton bean 'org.springframework.boot.autoconfigure.condition.BeanTypeRegistry'
2016-04-27 17:58:11.239 TRACE 37359 --- [    Test worker] o.s.b.a.condition.OnBeanCondition        : Condition OnBeanCondition on org.springframework.boot.autoconfigure.web.MultipartAutoConfiguration#multipartResolver matched due to @ConditionalOnMissingBean (types: org.springframework.web.multipart.MultipartResolver; SearchStrategy: all) found no beans
2016-04-27 17:58:11.239 DEBUG 37359 --- [    Test worker] o.s.b.f.s.DefaultListableBeanFactory     : Returning cached instance of singleton bean 'autoConfigurationReport'
2016-04-27 17:58:11.239 DEBUG 37359 --- [    Test worker] a.ConfigurationClassBeanDefinitionReader : Registering bean definition for @Bean method org.springframework.boot.autoconfigure.web.MultipartAutoConfiguration.multipartResolver()
2016-04-27 17:58:11.239 TRACE 37359 --- [    Test worker] o.s.b.a.c.OnWebApplicationCondition      : Condition OnWebApplicationCondition on org.springframework.boot.autoconfigure.web.ServerPropertiesAutoConfiguration matched due to found web application 'session' scope
2016-04-27 17:58:11.239 DEBUG 37359 --- [    Test worker] o.s.b.f.s.DefaultListableBeanFactory     : Returning cached instance of singleton bean 'autoConfigurationReport'
2016-04-27 17:58:11.239 DEBUG 37359 --- [    Test worker] a.ConfigurationClassBeanDefinitionReader : Registered bean definition for imported class 'org.springframework.boot.autoconfigure.web.ServerPropertiesAutoConfiguration'
2016-04-27 17:58:11.240 DEBUG 37359 --- [    Test worker] o.s.b.f.s.DefaultListableBeanFactory     : Returning cached instance of singleton bean 'org.springframework.boot.autoconfigure.condition.BeanTypeRegistry'
2016-04-27 17:58:11.241 TRACE 37359 --- [    Test worker] o.s.b.a.condition.OnBeanCondition        : Condition OnBeanCondition on org.springframework.boot.autoconfigure.web.ServerPropertiesAutoConfiguration#serverProperties matched due to @ConditionalOnMissingBean (types: org.springframework.boot.autoconfigure.web.ServerProperties; SearchStrategy: current) found no beans
2016-04-27 17:58:11.241 DEBUG 37359 --- [    Test worker] o.s.b.f.s.DefaultListableBeanFactory     : Returning cached instance of singleton bean 'autoConfigurationReport'
2016-04-27 17:58:11.241 DEBUG 37359 --- [    Test worker] a.ConfigurationClassBeanDefinitionReader : Registering bean definition for @Bean method org.springframework.boot.autoconfigure.web.ServerPropertiesAutoConfiguration.serverProperties()
2016-04-27 17:58:11.313 DEBUG 37359 --- [    Test worker] o.s.c.a.ConfigurationClassEnhancer       : Successfully enhanced demo.CitiesApplication; enhanced class name is: demo.CitiesApplication$$EnhancerBySpringCGLIB$$4f9f8d2f
2016-04-27 17:58:11.313 DEBUG 37359 --- [    Test worker] o.s.c.a.ConfigurationClassPostProcessor  : Replacing bean definition 'citiesApplication' existing class name 'demo.CitiesApplication' with enhanced class name 'demo.CitiesApplication$$EnhancerBySpringCGLIB$$4f9f8d2f'
2016-04-27 17:58:11.314 DEBUG 37359 --- [    Test worker] o.s.c.a.ConfigurationClassEnhancer       : Successfully enhanced org.springframework.boot.autoconfigure.PropertyPlaceholderAutoConfiguration; enhanced class name is: org.springframework.boot.autoconfigure.PropertyPlaceholderAutoConfiguration$$EnhancerBySpringCGLIB$$9246ccc8
2016-04-27 17:58:11.314 DEBUG 37359 --- [    Test worker] o.s.c.a.ConfigurationClassPostProcessor  : Replacing bean definition 'org.springframework.boot.autoconfigure.PropertyPlaceholderAutoConfiguration' existing class name 'org.springframework.boot.autoconfigure.PropertyPlaceholderAutoConfiguration' with enhanced class name 'org.springframework.boot.autoconfigure.PropertyPlaceholderAutoConfiguration$$EnhancerBySpringCGLIB$$9246ccc8'
2016-04-27 17:58:11.314 DEBUG 37359 --- [    Test worker] o.s.c.a.ConfigurationClassEnhancer       : Successfully enhanced org.springframework.boot.autoconfigure.PropertyPlaceholderAutoConfiguration; enhanced class name is: org.springframework.boot.autoconfigure.PropertyPlaceholderAutoConfiguration$$EnhancerBySpringCGLIB$$9246ccc8
2016-04-27 17:58:11.314 DEBUG 37359 --- [    Test worker] o.s.c.a.ConfigurationClassPostProcessor  : Replacing bean definition 'propertySourcesPlaceholderConfigurer' existing class name 'org.springframework.boot.autoconfigure.PropertyPlaceholderAutoConfiguration' with enhanced class name 'org.springframework.boot.autoconfigure.PropertyPlaceholderAutoConfiguration$$EnhancerBySpringCGLIB$$9246ccc8'
2016-04-27 17:58:11.317 DEBUG 37359 --- [    Test worker] o.s.c.a.ConfigurationClassEnhancer       : Successfully enhanced org.springframework.boot.autoconfigure.websocket.WebSocketAutoConfiguration$TomcatWebSocketConfiguration; enhanced class name is: org.springframework.boot.autoconfigure.websocket.WebSocketAutoConfiguration$TomcatWebSocketConfiguration$$EnhancerBySpringCGLIB$$e6075a97
2016-04-27 17:58:11.317 DEBUG 37359 --- [    Test worker] o.s.c.a.ConfigurationClassPostProcessor  : Replacing bean definition 'org.springframework.boot.autoconfigure.websocket.WebSocketAutoConfiguration$TomcatWebSocketConfiguration' existing class name 'org.springframework.boot.autoconfigure.websocket.WebSocketAutoConfiguration$TomcatWebSocketConfiguration' with enhanced class name 'org.springframework.boot.autoconfigure.websocket.WebSocketAutoConfiguration$TomcatWebSocketConfiguration$$EnhancerBySpringCGLIB$$e6075a97'
2016-04-27 17:58:11.318 DEBUG 37359 --- [    Test worker] o.s.c.a.ConfigurationClassEnhancer       : Successfully enhanced org.springframework.boot.autoconfigure.websocket.WebSocketAutoConfiguration; enhanced class name is: org.springframework.boot.autoconfigure.websocket.WebSocketAutoConfiguration$$EnhancerBySpringCGLIB$$686294e6
2016-04-27 17:58:11.318 DEBUG 37359 --- [    Test worker] o.s.c.a.ConfigurationClassPostProcessor  : Replacing bean definition 'org.springframework.boot.autoconfigure.websocket.WebSocketAutoConfiguration' existing class name 'org.springframework.boot.autoconfigure.websocket.WebSocketAutoConfiguration' with enhanced class name 'org.springframework.boot.autoconfigure.websocket.WebSocketAutoConfiguration$$EnhancerBySpringCGLIB$$686294e6'
2016-04-27 17:58:11.319 DEBUG 37359 --- [    Test worker] o.s.c.a.ConfigurationClassEnhancer       : Successfully enhanced org.springframework.boot.autoconfigure.web.EmbeddedServletContainerAutoConfiguration$EmbeddedTomcat; enhanced class name is: org.springframework.boot.autoconfigure.web.EmbeddedServletContainerAutoConfiguration$EmbeddedTomcat$$EnhancerBySpringCGLIB$$d7d6bb2a
2016-04-27 17:58:11.319 DEBUG 37359 --- [    Test worker] o.s.c.a.ConfigurationClassPostProcessor  : Replacing bean definition 'org.springframework.boot.autoconfigure.web.EmbeddedServletContainerAutoConfiguration$EmbeddedTomcat' existing class name 'org.springframework.boot.autoconfigure.web.EmbeddedServletContainerAutoConfiguration$EmbeddedTomcat' with enhanced class name 'org.springframework.boot.autoconfigure.web.EmbeddedServletContainerAutoConfiguration$EmbeddedTomcat$$EnhancerBySpringCGLIB$$d7d6bb2a'
2016-04-27 17:58:11.320 DEBUG 37359 --- [    Test worker] o.s.c.a.ConfigurationClassEnhancer       : Successfully enhanced org.springframework.boot.autoconfigure.web.EmbeddedServletContainerAutoConfiguration; enhanced class name is: org.springframework.boot.autoconfigure.web.EmbeddedServletContainerAutoConfiguration$$EnhancerBySpringCGLIB$$a56573ce
2016-04-27 17:58:11.320 DEBUG 37359 --- [    Test worker] o.s.c.a.ConfigurationClassPostProcessor  : Replacing bean definition 'org.springframework.boot.autoconfigure.web.EmbeddedServletContainerAutoConfiguration' existing class name 'org.springframework.boot.autoconfigure.web.EmbeddedServletContainerAutoConfiguration' with enhanced class name 'org.springframework.boot.autoconfigure.web.EmbeddedServletContainerAutoConfiguration$$EnhancerBySpringCGLIB$$a56573ce'
2016-04-27 17:58:11.322 DEBUG 37359 --- [    Test worker] o.s.c.a.ConfigurationClassEnhancer       : Successfully enhanced org.springframework.boot.autoconfigure.web.DispatcherServletAutoConfiguration$DispatcherServletConfiguration; enhanced class name is: org.springframework.boot.autoconfigure.web.DispatcherServletAutoConfiguration$DispatcherServletConfiguration$$EnhancerBySpringCGLIB$$7517d8a0
2016-04-27 17:58:11.322 DEBUG 37359 --- [    Test worker] o.s.c.a.ConfigurationClassPostProcessor  : Replacing bean definition 'org.springframework.boot.autoconfigure.web.DispatcherServletAutoConfiguration$DispatcherServletConfiguration' existing class name 'org.springframework.boot.autoconfigure.web.DispatcherServletAutoConfiguration$DispatcherServletConfiguration' with enhanced class name 'org.springframework.boot.autoconfigure.web.DispatcherServletAutoConfiguration$DispatcherServletConfiguration$$EnhancerBySpringCGLIB$$7517d8a0'
2016-04-27 17:58:11.323 DEBUG 37359 --- [    Test worker] o.s.c.a.ConfigurationClassEnhancer       : Successfully enhanced org.springframework.boot.autoconfigure.web.DispatcherServletAutoConfiguration; enhanced class name is: org.springframework.boot.autoconfigure.web.DispatcherServletAutoConfiguration$$EnhancerBySpringCGLIB$$47f83362
2016-04-27 17:58:11.323 DEBUG 37359 --- [    Test worker] o.s.c.a.ConfigurationClassPostProcessor  : Replacing bean definition 'org.springframework.boot.autoconfigure.web.DispatcherServletAutoConfiguration' existing class name 'org.springframework.boot.autoconfigure.web.DispatcherServletAutoConfiguration' with enhanced class name 'org.springframework.boot.autoconfigure.web.DispatcherServletAutoConfiguration$$EnhancerBySpringCGLIB$$47f83362'
2016-04-27 17:58:11.325 DEBUG 37359 --- [    Test worker] o.s.c.a.ConfigurationClassEnhancer       : Successfully enhanced org.springframework.boot.autoconfigure.web.ErrorMvcAutoConfiguration$WhitelabelErrorViewConfiguration; enhanced class name is: org.springframework.boot.autoconfigure.web.ErrorMvcAutoConfiguration$WhitelabelErrorViewConfiguration$$EnhancerBySpringCGLIB$$ba1b873c
2016-04-27 17:58:11.325 DEBUG 37359 --- [    Test worker] o.s.c.a.ConfigurationClassPostProcessor  : Replacing bean definition 'org.springframework.boot.autoconfigure.web.ErrorMvcAutoConfiguration$WhitelabelErrorViewConfiguration' existing class name 'org.springframework.boot.autoconfigure.web.ErrorMvcAutoConfiguration$WhitelabelErrorViewConfiguration' with enhanced class name 'org.springframework.boot.autoconfigure.web.ErrorMvcAutoConfiguration$WhitelabelErrorViewConfiguration$$EnhancerBySpringCGLIB$$ba1b873c'
2016-04-27 17:58:11.327 DEBUG 37359 --- [    Test worker] o.s.c.a.ConfigurationClassEnhancer       : Successfully enhanced org.springframework.boot.autoconfigure.web.ErrorMvcAutoConfiguration; enhanced class name is: org.springframework.boot.autoconfigure.web.ErrorMvcAutoConfiguration$$EnhancerBySpringCGLIB$$f7be8702
2016-04-27 17:58:11.327 DEBUG 37359 --- [    Test worker] o.s.c.a.ConfigurationClassPostProcessor  : Replacing bean definition 'org.springframework.boot.autoconfigure.web.ErrorMvcAutoConfiguration' existing class name 'org.springframework.boot.autoconfigure.web.ErrorMvcAutoConfiguration' with enhanced class name 'org.springframework.boot.autoconfigure.web.ErrorMvcAutoConfiguration$$EnhancerBySpringCGLIB$$f7be8702'
2016-04-27 17:58:11.332 DEBUG 37359 --- [    Test worker] o.s.c.a.ConfigurationClassEnhancer       : Successfully enhanced org.springframework.boot.autoconfigure.web.WebMvcAutoConfiguration$EnableWebMvcConfiguration; enhanced class name is: org.springframework.boot.autoconfigure.web.WebMvcAutoConfiguration$EnableWebMvcConfiguration$$EnhancerBySpringCGLIB$$6723c077
2016-04-27 17:58:11.332 DEBUG 37359 --- [    Test worker] o.s.c.a.ConfigurationClassPostProcessor  : Replacing bean definition 'org.springframework.boot.autoconfigure.web.WebMvcAutoConfiguration$EnableWebMvcConfiguration' existing class name 'org.springframework.boot.autoconfigure.web.WebMvcAutoConfiguration$EnableWebMvcConfiguration' with enhanced class name 'org.springframework.boot.autoconfigure.web.WebMvcAutoConfiguration$EnableWebMvcConfiguration$$EnhancerBySpringCGLIB$$6723c077'
2016-04-27 17:58:11.334 DEBUG 37359 --- [    Test worker] o.s.c.a.ConfigurationClassEnhancer       : Successfully enhanced org.springframework.boot.autoconfigure.web.WebMvcAutoConfiguration$WebMvcAutoConfigurationAdapter$FaviconConfiguration; enhanced class name is: org.springframework.boot.autoconfigure.web.WebMvcAutoConfiguration$WebMvcAutoConfigurationAdapter$FaviconConfiguration$$EnhancerBySpringCGLIB$$88446902
2016-04-27 17:58:11.334 DEBUG 37359 --- [    Test worker] o.s.c.a.ConfigurationClassPostProcessor  : Replacing bean definition 'org.springframework.boot.autoconfigure.web.WebMvcAutoConfiguration$WebMvcAutoConfigurationAdapter$FaviconConfiguration' existing class name 'org.springframework.boot.autoconfigure.web.WebMvcAutoConfiguration$WebMvcAutoConfigurationAdapter$FaviconConfiguration' with enhanced class name 'org.springframework.boot.autoconfigure.web.WebMvcAutoConfiguration$WebMvcAutoConfigurationAdapter$FaviconConfiguration$$EnhancerBySpringCGLIB$$88446902'
2016-04-27 17:58:11.337 DEBUG 37359 --- [    Test worker] o.s.c.a.ConfigurationClassEnhancer       : Successfully enhanced org.springframework.boot.autoconfigure.web.WebMvcAutoConfiguration$WebMvcAutoConfigurationAdapter; enhanced class name is: org.springframework.boot.autoconfigure.web.WebMvcAutoConfiguration$WebMvcAutoConfigurationAdapter$$EnhancerBySpringCGLIB$$d86bc38a
2016-04-27 17:58:11.337 DEBUG 37359 --- [    Test worker] o.s.c.a.ConfigurationClassPostProcessor  : Replacing bean definition 'org.springframework.boot.autoconfigure.web.WebMvcAutoConfiguration$WebMvcAutoConfigurationAdapter' existing class name 'org.springframework.boot.autoconfigure.web.WebMvcAutoConfiguration$WebMvcAutoConfigurationAdapter' with enhanced class name 'org.springframework.boot.autoconfigure.web.WebMvcAutoConfiguration$WebMvcAutoConfigurationAdapter$$EnhancerBySpringCGLIB$$d86bc38a'
2016-04-27 17:58:11.339 DEBUG 37359 --- [    Test worker] o.s.c.a.ConfigurationClassEnhancer       : Successfully enhanced org.springframework.boot.autoconfigure.web.WebMvcAutoConfiguration; enhanced class name is: org.springframework.boot.autoconfigure.web.WebMvcAutoConfiguration$$EnhancerBySpringCGLIB$$84266cce
2016-04-27 17:58:11.339 DEBUG 37359 --- [    Test worker] o.s.c.a.ConfigurationClassPostProcessor  : Replacing bean definition 'org.springframework.boot.autoconfigure.web.WebMvcAutoConfiguration' existing class name 'org.springframework.boot.autoconfigure.web.WebMvcAutoConfiguration' with enhanced class name 'org.springframework.boot.autoconfigure.web.WebMvcAutoConfiguration$$EnhancerBySpringCGLIB$$84266cce'
2016-04-27 17:58:11.340 DEBUG 37359 --- [    Test worker] o.s.c.a.ConfigurationClassEnhancer       : Successfully enhanced org.springframework.boot.autoconfigure.aop.AopAutoConfiguration$JdkDynamicAutoProxyConfiguration; enhanced class name is: org.springframework.boot.autoconfigure.aop.AopAutoConfiguration$JdkDynamicAutoProxyConfiguration$$EnhancerBySpringCGLIB$$3fed8df
2016-04-27 17:58:11.340 DEBUG 37359 --- [    Test worker] o.s.c.a.ConfigurationClassPostProcessor  : Replacing bean definition 'org.springframework.boot.autoconfigure.aop.AopAutoConfiguration$JdkDynamicAutoProxyConfiguration' existing class name 'org.springframework.boot.autoconfigure.aop.AopAutoConfiguration$JdkDynamicAutoProxyConfiguration' with enhanced class name 'org.springframework.boot.autoconfigure.aop.AopAutoConfiguration$JdkDynamicAutoProxyConfiguration$$EnhancerBySpringCGLIB$$3fed8df'
2016-04-27 17:58:11.340 DEBUG 37359 --- [    Test worker] o.s.c.a.ConfigurationClassEnhancer       : Successfully enhanced org.springframework.boot.autoconfigure.aop.AopAutoConfiguration; enhanced class name is: org.springframework.boot.autoconfigure.aop.AopAutoConfiguration$$EnhancerBySpringCGLIB$$d0e37a10
2016-04-27 17:58:11.340 DEBUG 37359 --- [    Test worker] o.s.c.a.ConfigurationClassPostProcessor  : Replacing bean definition 'org.springframework.boot.autoconfigure.aop.AopAutoConfiguration' existing class name 'org.springframework.boot.autoconfigure.aop.AopAutoConfiguration' with enhanced class name 'org.springframework.boot.autoconfigure.aop.AopAutoConfiguration$$EnhancerBySpringCGLIB$$d0e37a10'
2016-04-27 17:58:11.342 DEBUG 37359 --- [    Test worker] o.s.c.a.ConfigurationClassEnhancer       : Successfully enhanced org.springframework.boot.autoconfigure.jdbc.DataSourceAutoConfiguration$JdbcTemplateConfiguration; enhanced class name is: org.springframework.boot.autoconfigure.jdbc.DataSourceAutoConfiguration$JdbcTemplateConfiguration$$EnhancerBySpringCGLIB$$505944cb
2016-04-27 17:58:11.342 DEBUG 37359 --- [    Test worker] o.s.c.a.ConfigurationClassPostProcessor  : Replacing bean definition 'org.springframework.boot.autoconfigure.jdbc.DataSourceAutoConfiguration$JdbcTemplateConfiguration' existing class name 'org.springframework.boot.autoconfigure.jdbc.DataSourceAutoConfiguration$JdbcTemplateConfiguration' with enhanced class name 'org.springframework.boot.autoconfigure.jdbc.DataSourceAutoConfiguration$JdbcTemplateConfiguration$$EnhancerBySpringCGLIB$$505944cb'
2016-04-27 17:58:11.343 DEBUG 37359 --- [    Test worker] o.s.c.a.ConfigurationClassEnhancer       : Successfully enhanced org.springframework.boot.autoconfigure.jdbc.DataSourceAutoConfiguration$DataSourceInitializerConfiguration; enhanced class name is: org.springframework.boot.autoconfigure.jdbc.DataSourceAutoConfiguration$DataSourceInitializerConfiguration$$EnhancerBySpringCGLIB$$9c11bcd5
2016-04-27 17:58:11.343 DEBUG 37359 --- [    Test worker] o.s.c.a.ConfigurationClassPostProcessor  : Replacing bean definition 'org.springframework.boot.autoconfigure.jdbc.DataSourceAutoConfiguration$DataSourceInitializerConfiguration' existing class name 'org.springframework.boot.autoconfigure.jdbc.DataSourceAutoConfiguration$DataSourceInitializerConfiguration' with enhanced class name 'org.springframework.boot.autoconfigure.jdbc.DataSourceAutoConfiguration$DataSourceInitializerConfiguration$$EnhancerBySpringCGLIB$$9c11bcd5'
2016-04-27 17:58:11.345 DEBUG 37359 --- [    Test worker] o.s.c.a.ConfigurationClassEnhancer       : Successfully enhanced org.springframework.boot.autoconfigure.jdbc.metadata.DataSourcePoolMetadataProvidersConfiguration$TomcatDataSourcePoolMetadataProviderConfiguration; enhanced class name is: org.springframework.boot.autoconfigure.jdbc.metadata.DataSourcePoolMetadataProvidersConfiguration$TomcatDataSourcePoolMetadataProviderConfiguration$$EnhancerBySpringCGLIB$$10296bfc
2016-04-27 17:58:11.345 DEBUG 37359 --- [    Test worker] o.s.c.a.ConfigurationClassPostProcessor  : Replacing bean definition 'org.springframework.boot.autoconfigure.jdbc.metadata.DataSourcePoolMetadataProvidersConfiguration$TomcatDataSourcePoolMetadataProviderConfiguration' existing class name 'org.springframework.boot.autoconfigure.jdbc.metadata.DataSourcePoolMetadataProvidersConfiguration$TomcatDataSourcePoolMetadataProviderConfiguration' with enhanced class name 'org.springframework.boot.autoconfigure.jdbc.metadata.DataSourcePoolMetadataProvidersConfiguration$TomcatDataSourcePoolMetadataProviderConfiguration$$EnhancerBySpringCGLIB$$10296bfc'
2016-04-27 17:58:11.346 DEBUG 37359 --- [    Test worker] o.s.c.a.ConfigurationClassEnhancer       : Successfully enhanced org.springframework.boot.autoconfigure.jdbc.metadata.DataSourcePoolMetadataProvidersConfiguration; enhanced class name is: org.springframework.boot.autoconfigure.jdbc.metadata.DataSourcePoolMetadataProvidersConfiguration$$EnhancerBySpringCGLIB$$9a5a9faf
2016-04-27 17:58:11.346 DEBUG 37359 --- [    Test worker] o.s.c.a.ConfigurationClassPostProcessor  : Replacing bean definition 'org.springframework.boot.autoconfigure.jdbc.metadata.DataSourcePoolMetadataProvidersConfiguration' existing class name 'org.springframework.boot.autoconfigure.jdbc.metadata.DataSourcePoolMetadataProvidersConfiguration' with enhanced class name 'org.springframework.boot.autoconfigure.jdbc.metadata.DataSourcePoolMetadataProvidersConfiguration$$EnhancerBySpringCGLIB$$9a5a9faf'
2016-04-27 17:58:11.346 DEBUG 37359 --- [    Test worker] o.s.c.a.ConfigurationClassEnhancer       : Successfully enhanced org.springframework.boot.autoconfigure.jdbc.DataSourceAutoConfiguration; enhanced class name is: org.springframework.boot.autoconfigure.jdbc.DataSourceAutoConfiguration$$EnhancerBySpringCGLIB$$d11062ee
2016-04-27 17:58:11.346 DEBUG 37359 --- [    Test worker] o.s.c.a.ConfigurationClassPostProcessor  : Replacing bean definition 'org.springframework.boot.autoconfigure.jdbc.DataSourceAutoConfiguration' existing class name 'org.springframework.boot.autoconfigure.jdbc.DataSourceAutoConfiguration' with enhanced class name 'org.springframework.boot.autoconfigure.jdbc.DataSourceAutoConfiguration$$EnhancerBySpringCGLIB$$d11062ee'
2016-04-27 17:58:11.348 DEBUG 37359 --- [    Test worker] o.s.c.a.ConfigurationClassEnhancer       : Successfully enhanced org.springframework.boot.autoconfigure.orm.jpa.JpaBaseConfiguration$JpaWebConfiguration$JpaWebMvcConfiguration; enhanced class name is: org.springframework.boot.autoconfigure.orm.jpa.JpaBaseConfiguration$JpaWebConfiguration$JpaWebMvcConfiguration$$EnhancerBySpringCGLIB$$eb8a7986
2016-04-27 17:58:11.348 DEBUG 37359 --- [    Test worker] o.s.c.a.ConfigurationClassPostProcessor  : Replacing bean definition 'org.springframework.boot.autoconfigure.orm.jpa.JpaBaseConfiguration$JpaWebConfiguration$JpaWebMvcConfiguration' existing class name 'org.springframework.boot.autoconfigure.orm.jpa.JpaBaseConfiguration$JpaWebConfiguration$JpaWebMvcConfiguration' with enhanced class name 'org.springframework.boot.autoconfigure.orm.jpa.JpaBaseConfiguration$JpaWebConfiguration$JpaWebMvcConfiguration$$EnhancerBySpringCGLIB$$eb8a7986'
2016-04-27 17:58:11.349 DEBUG 37359 --- [    Test worker] o.s.c.a.ConfigurationClassEnhancer       : Successfully enhanced org.springframework.boot.autoconfigure.orm.jpa.JpaBaseConfiguration$JpaWebConfiguration; enhanced class name is: org.springframework.boot.autoconfigure.orm.jpa.JpaBaseConfiguration$JpaWebConfiguration$$EnhancerBySpringCGLIB$$72fc7b79
2016-04-27 17:58:11.349 DEBUG 37359 --- [    Test worker] o.s.c.a.ConfigurationClassPostProcessor  : Replacing bean definition 'org.springframework.boot.autoconfigure.orm.jpa.JpaBaseConfiguration$JpaWebConfiguration' existing class name 'org.springframework.boot.autoconfigure.orm.jpa.JpaBaseConfiguration$JpaWebConfiguration' with enhanced class name 'org.springframework.boot.autoconfigure.orm.jpa.JpaBaseConfiguration$JpaWebConfiguration$$EnhancerBySpringCGLIB$$72fc7b79'
2016-04-27 17:58:11.351 DEBUG 37359 --- [    Test worker] o.s.c.a.ConfigurationClassEnhancer       : Successfully enhanced org.springframework.boot.autoconfigure.orm.jpa.HibernateJpaAutoConfiguration; enhanced class name is: org.springframework.boot.autoconfigure.orm.jpa.HibernateJpaAutoConfiguration$$EnhancerBySpringCGLIB$$2c5a0bae
2016-04-27 17:58:11.351 DEBUG 37359 --- [    Test worker] o.s.c.a.ConfigurationClassPostProcessor  : Replacing bean definition 'org.springframework.boot.autoconfigure.orm.jpa.HibernateJpaAutoConfiguration' existing class name 'org.springframework.boot.autoconfigure.orm.jpa.HibernateJpaAutoConfiguration' with enhanced class name 'org.springframework.boot.autoconfigure.orm.jpa.HibernateJpaAutoConfiguration$$EnhancerBySpringCGLIB$$2c5a0bae'
2016-04-27 17:58:11.352 DEBUG 37359 --- [    Test worker] o.s.c.a.ConfigurationClassEnhancer       : Successfully enhanced org.springframework.boot.autoconfigure.context.ConfigurationPropertiesAutoConfiguration; enhanced class name is: org.springframework.boot.autoconfigure.context.ConfigurationPropertiesAutoConfiguration$$EnhancerBySpringCGLIB$$a9fe51c
2016-04-27 17:58:11.352 DEBUG 37359 --- [    Test worker] o.s.c.a.ConfigurationClassPostProcessor  : Replacing bean definition 'org.springframework.boot.autoconfigure.context.ConfigurationPropertiesAutoConfiguration' existing class name 'org.springframework.boot.autoconfigure.context.ConfigurationPropertiesAutoConfiguration' with enhanced class name 'org.springframework.boot.autoconfigure.context.ConfigurationPropertiesAutoConfiguration$$EnhancerBySpringCGLIB$$a9fe51c'
2016-04-27 17:58:11.352 DEBUG 37359 --- [    Test worker] o.s.c.a.ConfigurationClassEnhancer       : Successfully enhanced org.springframework.boot.autoconfigure.jackson.JacksonAutoConfiguration$JacksonObjectMapperBuilderConfiguration; enhanced class name is: org.springframework.boot.autoconfigure.jackson.JacksonAutoConfiguration$JacksonObjectMapperBuilderConfiguration$$EnhancerBySpringCGLIB$$f78efff8
2016-04-27 17:58:11.353 DEBUG 37359 --- [    Test worker] o.s.c.a.ConfigurationClassPostProcessor  : Replacing bean definition 'org.springframework.boot.autoconfigure.jackson.JacksonAutoConfiguration$JacksonObjectMapperBuilderConfiguration' existing class name 'org.springframework.boot.autoconfigure.jackson.JacksonAutoConfiguration$JacksonObjectMapperBuilderConfiguration' with enhanced class name 'org.springframework.boot.autoconfigure.jackson.JacksonAutoConfiguration$JacksonObjectMapperBuilderConfiguration$$EnhancerBySpringCGLIB$$f78efff8'
2016-04-27 17:58:11.353 DEBUG 37359 --- [    Test worker] o.s.c.a.ConfigurationClassEnhancer       : Successfully enhanced org.springframework.boot.autoconfigure.jackson.JacksonAutoConfiguration$JacksonObjectMapperConfiguration; enhanced class name is: org.springframework.boot.autoconfigure.jackson.JacksonAutoConfiguration$JacksonObjectMapperConfiguration$$EnhancerBySpringCGLIB$$babc8cff
2016-04-27 17:58:11.353 DEBUG 37359 --- [    Test worker] o.s.c.a.ConfigurationClassPostProcessor  : Replacing bean definition 'org.springframework.boot.autoconfigure.jackson.JacksonAutoConfiguration$JacksonObjectMapperConfiguration' existing class name 'org.springframework.boot.autoconfigure.jackson.JacksonAutoConfiguration$JacksonObjectMapperConfiguration' with enhanced class name 'org.springframework.boot.autoconfigure.jackson.JacksonAutoConfiguration$JacksonObjectMapperConfiguration$$EnhancerBySpringCGLIB$$babc8cff'
2016-04-27 17:58:11.354 DEBUG 37359 --- [    Test worker] o.s.c.a.ConfigurationClassEnhancer       : Successfully enhanced org.springframework.boot.autoconfigure.jackson.JacksonAutoConfiguration; enhanced class name is: org.springframework.boot.autoconfigure.jackson.JacksonAutoConfiguration$$EnhancerBySpringCGLIB$$dfcfa4ae
2016-04-27 17:58:11.354 DEBUG 37359 --- [    Test worker] o.s.c.a.ConfigurationClassPostProcessor  : Replacing bean definition 'org.springframework.boot.autoconfigure.jackson.JacksonAutoConfiguration' existing class name 'org.springframework.boot.autoconfigure.jackson.JacksonAutoConfiguration' with enhanced class name 'org.springframework.boot.autoconfigure.jackson.JacksonAutoConfiguration$$EnhancerBySpringCGLIB$$dfcfa4ae'
2016-04-27 17:58:11.355 DEBUG 37359 --- [    Test worker] o.s.c.a.ConfigurationClassEnhancer       : Successfully enhanced org.springframework.boot.autoconfigure.web.HttpMessageConvertersAutoConfiguration$StringHttpMessageConverterConfiguration; enhanced class name is: org.springframework.boot.autoconfigure.web.HttpMessageConvertersAutoConfiguration$StringHttpMessageConverterConfiguration$$EnhancerBySpringCGLIB$$b7eab48e
2016-04-27 17:58:11.355 DEBUG 37359 --- [    Test worker] o.s.c.a.ConfigurationClassPostProcessor  : Replacing bean definition 'org.springframework.boot.autoconfigure.web.HttpMessageConvertersAutoConfiguration$StringHttpMessageConverterConfiguration' existing class name 'org.springframework.boot.autoconfigure.web.HttpMessageConvertersAutoConfiguration$StringHttpMessageConverterConfiguration' with enhanced class name 'org.springframework.boot.autoconfigure.web.HttpMessageConvertersAutoConfiguration$StringHttpMessageConverterConfiguration$$EnhancerBySpringCGLIB$$b7eab48e'
2016-04-27 17:58:11.356 DEBUG 37359 --- [    Test worker] o.s.c.a.ConfigurationClassEnhancer       : Successfully enhanced org.springframework.boot.autoconfigure.web.JacksonHttpMessageConvertersConfiguration$MappingJackson2HttpMessageConverterConfiguration; enhanced class name is: org.springframework.boot.autoconfigure.web.JacksonHttpMessageConvertersConfiguration$MappingJackson2HttpMessageConverterConfiguration$$EnhancerBySpringCGLIB$$e77b9e8e
2016-04-27 17:58:11.356 DEBUG 37359 --- [    Test worker] o.s.c.a.ConfigurationClassPostProcessor  : Replacing bean definition 'org.springframework.boot.autoconfigure.web.JacksonHttpMessageConvertersConfiguration$MappingJackson2HttpMessageConverterConfiguration' existing class name 'org.springframework.boot.autoconfigure.web.JacksonHttpMessageConvertersConfiguration$MappingJackson2HttpMessageConverterConfiguration' with enhanced class name 'org.springframework.boot.autoconfigure.web.JacksonHttpMessageConvertersConfiguration$MappingJackson2HttpMessageConverterConfiguration$$EnhancerBySpringCGLIB$$e77b9e8e'
2016-04-27 17:58:11.357 DEBUG 37359 --- [    Test worker] o.s.c.a.ConfigurationClassEnhancer       : Successfully enhanced org.springframework.boot.autoconfigure.web.JacksonHttpMessageConvertersConfiguration; enhanced class name is: org.springframework.boot.autoconfigure.web.JacksonHttpMessageConvertersConfiguration$$EnhancerBySpringCGLIB$$37d76044
2016-04-27 17:58:11.357 DEBUG 37359 --- [    Test worker] o.s.c.a.ConfigurationClassPostProcessor  : Replacing bean definition 'org.springframework.boot.autoconfigure.web.JacksonHttpMessageConvertersConfiguration' existing class name 'org.springframework.boot.autoconfigure.web.JacksonHttpMessageConvertersConfiguration' with enhanced class name 'org.springframework.boot.autoconfigure.web.JacksonHttpMessageConvertersConfiguration$$EnhancerBySpringCGLIB$$37d76044'
2016-04-27 17:58:11.358 DEBUG 37359 --- [    Test worker] o.s.c.a.ConfigurationClassEnhancer       : Successfully enhanced org.springframework.boot.autoconfigure.web.HttpMessageConvertersAutoConfiguration; enhanced class name is: org.springframework.boot.autoconfigure.web.HttpMessageConvertersAutoConfiguration$$EnhancerBySpringCGLIB$$9ce17dee
2016-04-27 17:58:11.358 DEBUG 37359 --- [    Test worker] o.s.c.a.ConfigurationClassPostProcessor  : Replacing bean definition 'org.springframework.boot.autoconfigure.web.HttpMessageConvertersAutoConfiguration' existing class name 'org.springframework.boot.autoconfigure.web.HttpMessageConvertersAutoConfiguration' with enhanced class name 'org.springframework.boot.autoconfigure.web.HttpMessageConvertersAutoConfiguration$$EnhancerBySpringCGLIB$$9ce17dee'
2016-04-27 17:58:11.359 DEBUG 37359 --- [    Test worker] o.s.c.a.ConfigurationClassEnhancer       : Successfully enhanced org.springframework.hateoas.config.HateoasConfiguration; enhanced class name is: org.springframework.hateoas.config.HateoasConfiguration$$EnhancerBySpringCGLIB$$34b43a80
2016-04-27 17:58:11.359 DEBUG 37359 --- [    Test worker] o.s.c.a.ConfigurationClassPostProcessor  : Replacing bean definition 'org.springframework.hateoas.config.HateoasConfiguration' existing class name 'org.springframework.hateoas.config.HateoasConfiguration' with enhanced class name 'org.springframework.hateoas.config.HateoasConfiguration$$EnhancerBySpringCGLIB$$34b43a80'
2016-04-27 17:58:11.360 DEBUG 37359 --- [    Test worker] o.s.c.a.ConfigurationClassEnhancer       : Successfully enhanced org.springframework.data.web.config.SpringDataJacksonConfiguration; enhanced class name is: org.springframework.data.web.config.SpringDataJacksonConfiguration$$EnhancerBySpringCGLIB$$6ec234e2
2016-04-27 17:58:11.360 DEBUG 37359 --- [    Test worker] o.s.c.a.ConfigurationClassPostProcessor  : Replacing bean definition 'org.springframework.data.web.config.SpringDataJacksonConfiguration' existing class name 'org.springframework.data.web.config.SpringDataJacksonConfiguration' with enhanced class name 'org.springframework.data.web.config.SpringDataJacksonConfiguration$$EnhancerBySpringCGLIB$$6ec234e2'
2016-04-27 17:58:11.369 DEBUG 37359 --- [    Test worker] o.s.c.a.ConfigurationClassEnhancer       : Successfully enhanced org.springframework.boot.autoconfigure.data.rest.SpringBootRepositoryRestMvcConfiguration; enhanced class name is: org.springframework.boot.autoconfigure.data.rest.SpringBootRepositoryRestMvcConfiguration$$EnhancerBySpringCGLIB$$ca06d0ae
2016-04-27 17:58:11.369 DEBUG 37359 --- [    Test worker] o.s.c.a.ConfigurationClassPostProcessor  : Replacing bean definition 'org.springframework.boot.autoconfigure.data.rest.SpringBootRepositoryRestMvcConfiguration' existing class name 'org.springframework.boot.autoconfigure.data.rest.SpringBootRepositoryRestMvcConfiguration' with enhanced class name 'org.springframework.boot.autoconfigure.data.rest.SpringBootRepositoryRestMvcConfiguration$$EnhancerBySpringCGLIB$$ca06d0ae'
2016-04-27 17:58:11.369 DEBUG 37359 --- [    Test worker] o.s.c.a.ConfigurationClassEnhancer       : Successfully enhanced org.springframework.boot.autoconfigure.data.rest.SpringBootRepositoryRestMvcConfiguration; enhanced class name is: org.springframework.boot.autoconfigure.data.rest.SpringBootRepositoryRestMvcConfiguration$$EnhancerBySpringCGLIB$$ca06d0ae
2016-04-27 17:58:11.369 DEBUG 37359 --- [    Test worker] o.s.c.a.ConfigurationClassPostProcessor  : Replacing bean definition 'annotatedEventHandlerInvoker' existing class name 'org.springframework.boot.autoconfigure.data.rest.SpringBootRepositoryRestMvcConfiguration' with enhanced class name 'org.springframework.boot.autoconfigure.data.rest.SpringBootRepositoryRestMvcConfiguration$$EnhancerBySpringCGLIB$$ca06d0ae'
2016-04-27 17:58:11.370 DEBUG 37359 --- [    Test worker] o.s.c.a.ConfigurationClassEnhancer       : Successfully enhanced org.springframework.boot.autoconfigure.data.rest.RepositoryRestMvcAutoConfiguration; enhanced class name is: org.springframework.boot.autoconfigure.data.rest.RepositoryRestMvcAutoConfiguration$$EnhancerBySpringCGLIB$$c4ccc640
2016-04-27 17:58:11.370 DEBUG 37359 --- [    Test worker] o.s.c.a.ConfigurationClassPostProcessor  : Replacing bean definition 'org.springframework.boot.autoconfigure.data.rest.RepositoryRestMvcAutoConfiguration' existing class name 'org.springframework.boot.autoconfigure.data.rest.RepositoryRestMvcAutoConfiguration' with enhanced class name 'org.springframework.boot.autoconfigure.data.rest.RepositoryRestMvcAutoConfiguration$$EnhancerBySpringCGLIB$$c4ccc640'
2016-04-27 17:58:11.371 DEBUG 37359 --- [    Test worker] o.s.c.a.ConfigurationClassEnhancer       : Successfully enhanced org.springframework.boot.autoconfigure.hateoas.HypermediaAutoConfiguration; enhanced class name is: org.springframework.boot.autoconfigure.hateoas.HypermediaAutoConfiguration$$EnhancerBySpringCGLIB$$9ba6a39f
2016-04-27 17:58:11.371 DEBUG 37359 --- [    Test worker] o.s.c.a.ConfigurationClassPostProcessor  : Replacing bean definition 'org.springframework.boot.autoconfigure.hateoas.HypermediaAutoConfiguration' existing class name 'org.springframework.boot.autoconfigure.hateoas.HypermediaAutoConfiguration' with enhanced class name 'org.springframework.boot.autoconfigure.hateoas.HypermediaAutoConfiguration$$EnhancerBySpringCGLIB$$9ba6a39f'
2016-04-27 17:58:11.373 DEBUG 37359 --- [    Test worker] o.s.c.a.ConfigurationClassEnhancer       : Successfully enhanced org.springframework.transaction.annotation.ProxyTransactionManagementConfiguration; enhanced class name is: org.springframework.transaction.annotation.ProxyTransactionManagementConfiguration$$EnhancerBySpringCGLIB$$414dab8e
2016-04-27 17:58:11.373 DEBUG 37359 --- [    Test worker] o.s.c.a.ConfigurationClassPostProcessor  : Replacing bean definition 'org.springframework.transaction.annotation.ProxyTransactionManagementConfiguration' existing class name 'org.springframework.transaction.annotation.ProxyTransactionManagementConfiguration' with enhanced class name 'org.springframework.transaction.annotation.ProxyTransactionManagementConfiguration$$EnhancerBySpringCGLIB$$414dab8e'
2016-04-27 17:58:11.374 DEBUG 37359 --- [    Test worker] o.s.c.a.ConfigurationClassEnhancer       : Successfully enhanced org.springframework.boot.autoconfigure.jdbc.DataSourceTransactionManagerAutoConfiguration$TransactionManagementConfiguration; enhanced class name is: org.springframework.boot.autoconfigure.jdbc.DataSourceTransactionManagerAutoConfiguration$TransactionManagementConfiguration$$EnhancerBySpringCGLIB$$e2aab260
2016-04-27 17:58:11.374 DEBUG 37359 --- [    Test worker] o.s.c.a.ConfigurationClassPostProcessor  : Replacing bean definition 'org.springframework.boot.autoconfigure.jdbc.DataSourceTransactionManagerAutoConfiguration$TransactionManagementConfiguration' existing class name 'org.springframework.boot.autoconfigure.jdbc.DataSourceTransactionManagerAutoConfiguration$TransactionManagementConfiguration' with enhanced class name 'org.springframework.boot.autoconfigure.jdbc.DataSourceTransactionManagerAutoConfiguration$TransactionManagementConfiguration$$EnhancerBySpringCGLIB$$e2aab260'
2016-04-27 17:58:11.375 DEBUG 37359 --- [    Test worker] o.s.c.a.ConfigurationClassEnhancer       : Successfully enhanced org.springframework.boot.autoconfigure.jdbc.DataSourceTransactionManagerAutoConfiguration; enhanced class name is: org.springframework.boot.autoconfigure.jdbc.DataSourceTransactionManagerAutoConfiguration$$EnhancerBySpringCGLIB$$1b60e5bf
2016-04-27 17:58:11.375 DEBUG 37359 --- [    Test worker] o.s.c.a.ConfigurationClassPostProcessor  : Replacing bean definition 'org.springframework.boot.autoconfigure.jdbc.DataSourceTransactionManagerAutoConfiguration' existing class name 'org.springframework.boot.autoconfigure.jdbc.DataSourceTransactionManagerAutoConfiguration' with enhanced class name 'org.springframework.boot.autoconfigure.jdbc.DataSourceTransactionManagerAutoConfiguration$$EnhancerBySpringCGLIB$$1b60e5bf'
2016-04-27 17:58:11.377 DEBUG 37359 --- [    Test worker] o.s.c.a.ConfigurationClassEnhancer       : Successfully enhanced org.springframework.boot.autoconfigure.security.SecurityFilterAutoConfiguration; enhanced class name is: org.springframework.boot.autoconfigure.security.SecurityFilterAutoConfiguration$$EnhancerBySpringCGLIB$$b89d30a0
2016-04-27 17:58:11.377 DEBUG 37359 --- [    Test worker] o.s.c.a.ConfigurationClassPostProcessor  : Replacing bean definition 'org.springframework.boot.autoconfigure.security.SecurityFilterAutoConfiguration' existing class name 'org.springframework.boot.autoconfigure.security.SecurityFilterAutoConfiguration' with enhanced class name 'org.springframework.boot.autoconfigure.security.SecurityFilterAutoConfiguration$$EnhancerBySpringCGLIB$$b89d30a0'
2016-04-27 17:58:11.377 DEBUG 37359 --- [    Test worker] o.s.c.a.ConfigurationClassEnhancer       : Successfully enhanced org.springframework.boot.autoconfigure.transaction.TransactionAutoConfiguration; enhanced class name is: org.springframework.boot.autoconfigure.transaction.TransactionAutoConfiguration$$EnhancerBySpringCGLIB$$d1a70d58
2016-04-27 17:58:11.378 DEBUG 37359 --- [    Test worker] o.s.c.a.ConfigurationClassPostProcessor  : Replacing bean definition 'org.springframework.boot.autoconfigure.transaction.TransactionAutoConfiguration' existing class name 'org.springframework.boot.autoconfigure.transaction.TransactionAutoConfiguration' with enhanced class name 'org.springframework.boot.autoconfigure.transaction.TransactionAutoConfiguration$$EnhancerBySpringCGLIB$$d1a70d58'
2016-04-27 17:58:11.378 DEBUG 37359 --- [    Test worker] o.s.c.a.ConfigurationClassEnhancer       : Successfully enhanced org.springframework.boot.autoconfigure.web.HttpEncodingAutoConfiguration; enhanced class name is: org.springframework.boot.autoconfigure.web.HttpEncodingAutoConfiguration$$EnhancerBySpringCGLIB$$d90e98d9
2016-04-27 17:58:11.378 DEBUG 37359 --- [    Test worker] o.s.c.a.ConfigurationClassPostProcessor  : Replacing bean definition 'org.springframework.boot.autoconfigure.web.HttpEncodingAutoConfiguration' existing class name 'org.springframework.boot.autoconfigure.web.HttpEncodingAutoConfiguration' with enhanced class name 'org.springframework.boot.autoconfigure.web.HttpEncodingAutoConfiguration$$EnhancerBySpringCGLIB$$d90e98d9'
2016-04-27 17:58:11.379 DEBUG 37359 --- [    Test worker] o.s.c.a.ConfigurationClassEnhancer       : Successfully enhanced org.springframework.boot.autoconfigure.web.MultipartAutoConfiguration; enhanced class name is: org.springframework.boot.autoconfigure.web.MultipartAutoConfiguration$$EnhancerBySpringCGLIB$$4bbe6e14
2016-04-27 17:58:11.379 DEBUG 37359 --- [    Test worker] o.s.c.a.ConfigurationClassPostProcessor  : Replacing bean definition 'org.springframework.boot.autoconfigure.web.MultipartAutoConfiguration' existing class name 'org.springframework.boot.autoconfigure.web.MultipartAutoConfiguration' with enhanced class name 'org.springframework.boot.autoconfigure.web.MultipartAutoConfiguration$$EnhancerBySpringCGLIB$$4bbe6e14'
2016-04-27 17:58:11.380 DEBUG 37359 --- [    Test worker] o.s.c.a.ConfigurationClassEnhancer       : Successfully enhanced org.springframework.boot.autoconfigure.web.ServerPropertiesAutoConfiguration; enhanced class name is: org.springframework.boot.autoconfigure.web.ServerPropertiesAutoConfiguration$$EnhancerBySpringCGLIB$$f6dfed5e
2016-04-27 17:58:11.380 DEBUG 37359 --- [    Test worker] o.s.c.a.ConfigurationClassPostProcessor  : Replacing bean definition 'org.springframework.boot.autoconfigure.web.ServerPropertiesAutoConfiguration' existing class name 'org.springframework.boot.autoconfigure.web.ServerPropertiesAutoConfiguration' with enhanced class name 'org.springframework.boot.autoconfigure.web.ServerPropertiesAutoConfiguration$$EnhancerBySpringCGLIB$$f6dfed5e'
2016-04-27 17:58:11.380 DEBUG 37359 --- [    Test worker] o.s.core.env.StandardEnvironment         : Adding [applicationConfig: [classpath:/application.yml]] PropertySource with search precedence immediately lower than [applicationConfigurationProperties]
2016-04-27 17:58:11.380 DEBUG 37359 --- [    Test worker] o.s.core.env.StandardEnvironment         : Removing [applicationConfigurationProperties] PropertySource
2016-04-27 17:58:11.380 DEBUG 37359 --- [    Test worker] o.s.core.env.StandardEnvironment         : Removing [defaultProperties] PropertySource
2016-04-27 17:58:11.381 DEBUG 37359 --- [    Test worker] o.s.b.f.s.DefaultListableBeanFactory     : Creating shared instance of singleton bean 'propertySourcesPlaceholderConfigurer'
2016-04-27 17:58:11.381 DEBUG 37359 --- [    Test worker] o.s.b.f.s.DefaultListableBeanFactory     : Creating instance of bean 'propertySourcesPlaceholderConfigurer'
2016-04-27 17:58:11.382 DEBUG 37359 --- [    Test worker] o.s.b.f.s.DefaultListableBeanFactory     : Eagerly caching bean 'propertySourcesPlaceholderConfigurer' to allow for resolving potential circular references
2016-04-27 17:58:11.382 DEBUG 37359 --- [    Test worker] o.s.b.f.s.DefaultListableBeanFactory     : Finished creating instance of bean 'propertySourcesPlaceholderConfigurer'
2016-04-27 17:58:11.382 DEBUG 37359 --- [    Test worker] o.s.core.env.MutablePropertySources      : Adding [environmentProperties] PropertySource with lowest search precedence
2016-04-27 17:58:11.382 DEBUG 37359 --- [    Test worker] o.s.core.env.MutablePropertySources      : Adding [localProperties] PropertySource with lowest search precedence
2016-04-27 17:58:11.385 DEBUG 37359 --- [    Test worker] o.s.b.f.s.DefaultListableBeanFactory     : Creating shared instance of singleton bean 'foo'
2016-04-27 17:58:11.385 DEBUG 37359 --- [    Test worker] o.s.b.f.s.DefaultListableBeanFactory     : Creating instance of bean 'foo'
2016-04-27 17:58:11.385 DEBUG 37359 --- [    Test worker] o.s.b.f.s.DefaultListableBeanFactory     : Eagerly caching bean 'foo' to allow for resolving potential circular references
2016-04-27 17:58:11.385 DEBUG 37359 --- [    Test worker] o.s.b.f.s.DefaultListableBeanFactory     : Finished creating instance of bean 'foo'
2016-04-27 17:58:11.385 DEBUG 37359 --- [    Test worker] o.s.b.f.s.DefaultListableBeanFactory     : Creating shared instance of singleton bean 'org.springframework.boot.context.properties.ConfigurationPropertiesBindingPostProcessor.store'
2016-04-27 17:58:11.385 DEBUG 37359 --- [    Test worker] o.s.b.f.s.DefaultListableBeanFactory     : Creating instance of bean 'org.springframework.boot.context.properties.ConfigurationPropertiesBindingPostProcessor.store'
2016-04-27 17:58:11.385 DEBUG 37359 --- [    Test worker] o.s.b.f.s.DefaultListableBeanFactory     : Eagerly caching bean 'org.springframework.boot.context.properties.ConfigurationPropertiesBindingPostProcessor.store' to allow for resolving potential circular references
2016-04-27 17:58:11.385 DEBUG 37359 --- [    Test worker] o.s.b.f.s.DefaultListableBeanFactory     : Finished creating instance of bean 'org.springframework.boot.context.properties.ConfigurationPropertiesBindingPostProcessor.store'
2016-04-27 17:58:11.401 DEBUG 37359 --- [    Test worker] o.s.b.f.s.DefaultListableBeanFactory     : Creating shared instance of singleton bean 'org.springframework.context.annotation.internalAutowiredAnnotationProcessor'
2016-04-27 17:58:11.401 DEBUG 37359 --- [    Test worker] o.s.b.f.s.DefaultListableBeanFactory     : Creating instance of bean 'org.springframework.context.annotation.internalAutowiredAnnotationProcessor'
2016-04-27 17:58:11.401 DEBUG 37359 --- [    Test worker] o.s.b.f.s.DefaultListableBeanFactory     : Eagerly caching bean 'org.springframework.context.annotation.internalAutowiredAnnotationProcessor' to allow for resolving potential circular references
2016-04-27 17:58:11.401 DEBUG 37359 --- [    Test worker] o.s.b.f.s.DefaultListableBeanFactory     : Finished creating instance of bean 'org.springframework.context.annotation.internalAutowiredAnnotationProcessor'
2016-04-27 17:58:11.401 DEBUG 37359 --- [    Test worker] o.s.b.f.s.DefaultListableBeanFactory     : Creating shared instance of singleton bean 'org.springframework.context.annotation.internalRequiredAnnotationProcessor'
2016-04-27 17:58:11.401 DEBUG 37359 --- [    Test worker] o.s.b.f.s.DefaultListableBeanFactory     : Creating instance of bean 'org.springframework.context.annotation.internalRequiredAnnotationProcessor'
2016-04-27 17:58:11.401 DEBUG 37359 --- [    Test worker] o.s.b.f.s.DefaultListableBeanFactory     : Eagerly caching bean 'org.springframework.context.annotation.internalRequiredAnnotationProcessor' to allow for resolving potential circular references
2016-04-27 17:58:11.401 DEBUG 37359 --- [    Test worker] o.s.b.f.s.DefaultListableBeanFactory     : Finished creating instance of bean 'org.springframework.context.annotation.internalRequiredAnnotationProcessor'
2016-04-27 17:58:11.401 DEBUG 37359 --- [    Test worker] o.s.b.f.s.DefaultListableBeanFactory     : Creating shared instance of singleton bean 'org.springframework.context.annotation.internalCommonAnnotationProcessor'
2016-04-27 17:58:11.401 DEBUG 37359 --- [    Test worker] o.s.b.f.s.DefaultListableBeanFactory     : Creating instance of bean 'org.springframework.context.annotation.internalCommonAnnotationProcessor'
2016-04-27 17:58:11.403 DEBUG 37359 --- [    Test worker] o.s.b.f.s.DefaultListableBeanFactory     : Eagerly caching bean 'org.springframework.context.annotation.internalCommonAnnotationProcessor' to allow for resolving potential circular references
2016-04-27 17:58:11.403 DEBUG 37359 --- [    Test worker] o.s.b.f.s.DefaultListableBeanFactory     : Finished creating instance of bean 'org.springframework.context.annotation.internalCommonAnnotationProcessor'
2016-04-27 17:58:11.403 DEBUG 37359 --- [    Test worker] o.s.b.f.s.DefaultListableBeanFactory     : Creating shared instance of singleton bean 'org.springframework.context.annotation.internalPersistenceAnnotationProcessor'
2016-04-27 17:58:11.403 DEBUG 37359 --- [    Test worker] o.s.b.f.s.DefaultListableBeanFactory     : Creating instance of bean 'org.springframework.context.annotation.internalPersistenceAnnotationProcessor'
2016-04-27 17:58:11.403 DEBUG 37359 --- [    Test worker] o.s.b.f.s.DefaultListableBeanFactory     : Eagerly caching bean 'org.springframework.context.annotation.internalPersistenceAnnotationProcessor' to allow for resolving potential circular references
2016-04-27 17:58:11.403 DEBUG 37359 --- [    Test worker] o.s.b.f.s.DefaultListableBeanFactory     : Finished creating instance of bean 'org.springframework.context.annotation.internalPersistenceAnnotationProcessor'
2016-04-27 17:58:11.403 DEBUG 37359 --- [    Test worker] o.s.b.f.s.DefaultListableBeanFactory     : Creating shared instance of singleton bean 'org.springframework.context.annotation.ConfigurationClassPostProcessor.importAwareProcessor'
2016-04-27 17:58:11.403 DEBUG 37359 --- [    Test worker] o.s.b.f.s.DefaultListableBeanFactory     : Creating instance of bean 'org.springframework.context.annotation.ConfigurationClassPostProcessor.importAwareProcessor'
2016-04-27 17:58:11.403 DEBUG 37359 --- [    Test worker] o.s.b.f.s.DefaultListableBeanFactory     : Eagerly caching bean 'org.springframework.context.annotation.ConfigurationClassPostProcessor.importAwareProcessor' to allow for resolving potential circular references
2016-04-27 17:58:11.403 DEBUG 37359 --- [    Test worker] o.s.b.f.s.DefaultListableBeanFactory     : Finished creating instance of bean 'org.springframework.context.annotation.ConfigurationClassPostProcessor.importAwareProcessor'
2016-04-27 17:58:11.403 DEBUG 37359 --- [    Test worker] o.s.b.f.s.DefaultListableBeanFactory     : Creating shared instance of singleton bean 'org.springframework.context.annotation.ConfigurationClassPostProcessor.enhancedConfigurationProcessor'
2016-04-27 17:58:11.403 DEBUG 37359 --- [    Test worker] o.s.b.f.s.DefaultListableBeanFactory     : Creating instance of bean 'org.springframework.context.annotation.ConfigurationClassPostProcessor.enhancedConfigurationProcessor'
2016-04-27 17:58:11.404 DEBUG 37359 --- [    Test worker] o.s.b.f.s.DefaultListableBeanFactory     : Eagerly caching bean 'org.springframework.context.annotation.ConfigurationClassPostProcessor.enhancedConfigurationProcessor' to allow for resolving potential circular references
2016-04-27 17:58:11.404 DEBUG 37359 --- [    Test worker] o.s.b.f.s.DefaultListableBeanFactory     : Finished creating instance of bean 'org.springframework.context.annotation.ConfigurationClassPostProcessor.enhancedConfigurationProcessor'
2016-04-27 17:58:11.404 DEBUG 37359 --- [    Test worker] o.s.b.f.s.DefaultListableBeanFactory     : Creating shared instance of singleton bean 'org.springframework.data.repository.core.support.RepositoryInterfaceAwareBeanPostProcessor'
2016-04-27 17:58:11.404 DEBUG 37359 --- [    Test worker] o.s.b.f.s.DefaultListableBeanFactory     : Creating instance of bean 'org.springframework.data.repository.core.support.RepositoryInterfaceAwareBeanPostProcessor'
2016-04-27 17:58:11.404 DEBUG 37359 --- [    Test worker] o.s.b.f.s.DefaultListableBeanFactory     : Eagerly caching bean 'org.springframework.data.repository.core.support.RepositoryInterfaceAwareBeanPostProcessor' to allow for resolving potential circular references
2016-04-27 17:58:11.404 DEBUG 37359 --- [    Test worker] o.s.b.f.s.DefaultListableBeanFactory     : Finished creating instance of bean 'org.springframework.data.repository.core.support.RepositoryInterfaceAwareBeanPostProcessor'
2016-04-27 17:58:11.404 DEBUG 37359 --- [    Test worker] o.s.b.f.s.DefaultListableBeanFactory     : Creating shared instance of singleton bean 'org.springframework.boot.context.properties.ConfigurationPropertiesBindingPostProcessor'
2016-04-27 17:58:11.404 DEBUG 37359 --- [    Test worker] o.s.b.f.s.DefaultListableBeanFactory     : Creating instance of bean 'org.springframework.boot.context.properties.ConfigurationPropertiesBindingPostProcessor'
2016-04-27 17:58:11.404 DEBUG 37359 --- [    Test worker] o.s.core.env.StandardEnvironment         : Adding [systemProperties] PropertySource with lowest search precedence
2016-04-27 17:58:11.404 DEBUG 37359 --- [    Test worker] o.s.core.env.StandardEnvironment         : Adding [systemEnvironment] PropertySource with lowest search precedence
2016-04-27 17:58:11.404 DEBUG 37359 --- [    Test worker] o.s.core.env.StandardEnvironment         : Initialized StandardEnvironment with PropertySources [systemProperties,systemEnvironment]
2016-04-27 17:58:11.405 DEBUG 37359 --- [    Test worker] o.s.b.f.s.DefaultListableBeanFactory     : Eagerly caching bean 'org.springframework.boot.context.properties.ConfigurationPropertiesBindingPostProcessor' to allow for resolving potential circular references
2016-04-27 17:58:11.405 DEBUG 37359 --- [    Test worker] o.s.b.f.s.DefaultListableBeanFactory     : Returning cached instance of singleton bean 'org.springframework.boot.context.properties.ConfigurationPropertiesBindingPostProcessor.store'
2016-04-27 17:58:11.405 TRACE 37359 --- [    Test worker] o.s.beans.CachedIntrospectionResults     : Getting BeanInfo for class [org.springframework.boot.context.properties.ConfigurationPropertiesBindingPostProcessor]
2016-04-27 17:58:11.406 TRACE 37359 --- [    Test worker] o.s.beans.CachedIntrospectionResults     : Caching PropertyDescriptors for class [org.springframework.boot.context.properties.ConfigurationPropertiesBindingPostProcessor]
2016-04-27 17:58:11.406 TRACE 37359 --- [    Test worker] o.s.beans.CachedIntrospectionResults     : Found bean property 'applicationContext' of type [org.springframework.context.ApplicationContext]
2016-04-27 17:58:11.406 TRACE 37359 --- [    Test worker] o.s.beans.CachedIntrospectionResults     : Found bean property 'beanFactory' of type [org.springframework.beans.factory.BeanFactory]
2016-04-27 17:58:11.406 TRACE 37359 --- [    Test worker] o.s.beans.CachedIntrospectionResults     : Found bean property 'beanMetaDataStore' of type [org.springframework.boot.context.properties.ConfigurationBeanFactoryMetaData]
2016-04-27 17:58:11.406 TRACE 37359 --- [    Test worker] o.s.beans.CachedIntrospectionResults     : Found bean property 'class' of type [java.lang.Class]
2016-04-27 17:58:11.407 TRACE 37359 --- [    Test worker] o.s.beans.CachedIntrospectionResults     : Found bean property 'conversionService' of type [org.springframework.core.convert.ConversionService]
2016-04-27 17:58:11.407 TRACE 37359 --- [    Test worker] o.s.beans.CachedIntrospectionResults     : Found bean property 'converters' of type [java.util.List]
2016-04-27 17:58:11.407 TRACE 37359 --- [    Test worker] o.s.beans.CachedIntrospectionResults     : Found bean property 'environment' of type [org.springframework.core.env.Environment]
2016-04-27 17:58:11.407 TRACE 37359 --- [    Test worker] o.s.beans.CachedIntrospectionResults     : Found bean property 'order' of type [int]
2016-04-27 17:58:11.407 TRACE 37359 --- [    Test worker] o.s.beans.CachedIntrospectionResults     : Found bean property 'propertySources' of type [org.springframework.core.env.PropertySources]
2016-04-27 17:58:11.407 TRACE 37359 --- [    Test worker] o.s.beans.CachedIntrospectionResults     : Found bean property 'resourceLoader' of type [org.springframework.core.io.ResourceLoader]
2016-04-27 17:58:11.407 TRACE 37359 --- [    Test worker] o.s.beans.CachedIntrospectionResults     : Found bean property 'validator' of type [org.springframework.validation.Validator]
2016-04-27 17:58:11.408 DEBUG 37359 --- [    Test worker] o.s.b.f.s.DefaultListableBeanFactory     : Invoking afterPropertiesSet() on bean with name 'org.springframework.boot.context.properties.ConfigurationPropertiesBindingPostProcessor'
2016-04-27 17:58:11.409 DEBUG 37359 --- [    Test worker] o.s.b.f.s.DefaultListableBeanFactory     : Returning cached instance of singleton bean 'propertySourcesPlaceholderConfigurer'
2016-04-27 17:58:11.409 TRACE 37359 --- [    Test worker] o.s.b.f.s.DefaultListableBeanFactory     : No bean named 'configurationPropertiesValidator' found in org.springframework.beans.factory.support.DefaultListableBeanFactory@3872de98: defining beans [org.springframework.context.annotation.internalConfigurationAnnotationProcessor,org.springframework.context.annotation.internalAutowiredAnnotationProcessor,org.springframework.context.annotation.internalRequiredAnnotationProcessor,org.springframework.context.annotation.internalCommonAnnotationProcessor,org.springframework.context.annotation.internalPersistenceAnnotationProcessor,org.springframework.context.event.internalEventListenerProcessor,org.springframework.context.event.internalEventListenerFactory,citiesApplication,org.springframework.context.annotation.ConfigurationClassPostProcessor.importAwareProcessor,org.springframework.context.annotation.ConfigurationClassPostProcessor.enhancedConfigurationProcessor,repositoryEntityController,repositoryController,profileController,repositoryPropertyReferenceController,repositorySchemaController,repositorySearchController,alpsController,org.springframework.boot.autoconfigure.AutoConfigurationPackages,org.springframework.data.jpa.repository.config.JpaRepositoryConfigExtension#0,org.springframework.data.repository.core.support.RepositoryInterfaceAwareBeanPostProcessor,foo,jpaMappingContext,jpaContext,cityRepository,org.springframework.boot.autoconfigure.PropertyPlaceholderAutoConfiguration,org.springframework.boot.autoconfigure.condition.BeanTypeRegistry,propertySourcesPlaceholderConfigurer,org.springframework.boot.autoconfigure.websocket.WebSocketAutoConfiguration$TomcatWebSocketConfiguration,websocketContainerCustomizer,org.springframework.boot.autoconfigure.websocket.WebSocketAutoConfiguration,org.springframework.boot.autoconfigure.web.EmbeddedServletContainerAutoConfiguration$EmbeddedTomcat,tomcatEmbeddedServletContainerFactory,org.springframework.boot.autoconfigure.web.EmbeddedServletContainerAutoConfiguration,embeddedServletContainerCustomizerBeanPostProcessor,org.springframework.boot.autoconfigure.web.DispatcherServletAutoConfiguration$DispatcherServletConfiguration,dispatcherServlet,dispatcherServletRegistration,org.springframework.boot.autoconfigure.web.DispatcherServletAutoConfiguration,org.springframework.boot.autoconfigure.web.ErrorMvcAutoConfiguration$WhitelabelErrorViewConfiguration,error,beanNameViewResolver,org.springframework.boot.autoconfigure.web.ErrorMvcAutoConfiguration,errorAttributes,basicErrorController,org.springframework.boot.autoconfigure.web.WebMvcAutoConfiguration$EnableWebMvcConfiguration,requestMappingHandlerAdapter,requestMappingHandlerMapping,mvcContentNegotiationManager,viewControllerHandlerMapping,beanNameHandlerMapping,resourceHandlerMapping,mvcResourceUrlProvider,defaultServletHandlerMapping,mvcConversionService,mvcValidator,mvcPathMatcher,mvcUrlPathHelper,mvcUriComponentsContributor,httpRequestHandlerAdapter,simpleControllerHandlerAdapter,handlerExceptionResolver,mvcViewResolver,org.springframework.boot.autoconfigure.web.WebMvcAutoConfiguration$WebMvcAutoConfigurationAdapter$FaviconConfiguration,faviconHandlerMapping,faviconRequestHandler,org.springframework.boot.autoconfigure.web.WebMvcAutoConfiguration$WebMvcAutoConfigurationAdapter,defaultViewResolver,requestContextListener,viewResolver,spring.mvc.CONFIGURATION_PROPERTIES,spring.resources.CONFIGURATION_PROPERTIES,org.springframework.boot.context.properties.ConfigurationPropertiesBindingPostProcessor,org.springframework.boot.context.properties.ConfigurationPropertiesBindingPostProcessor.store,org.springframework.boot.autoconfigure.web.WebMvcAutoConfiguration,hiddenHttpMethodFilter,httpPutFormContentFilter,org.springframework.boot.autoconfigure.aop.AopAutoConfiguration$JdkDynamicAutoProxyConfiguration,org.springframework.aop.config.internalAutoProxyCreator,org.springframework.boot.autoconfigure.aop.AopAutoConfiguration,org.springframework.boot.autoconfigure.transaction.jta.JtaAutoConfiguration,spring.jta.CONFIGURATION_PROPERTIES,org.springframework.boot.autoconfigure.jdbc.DataSourceAutoConfiguration$JdbcTemplateConfiguration,jdbcTemplate,namedParameterJdbcTemplate,org.springframework.boot.autoconfigure.jdbc.DataSourceAutoConfiguration$NonEmbeddedConfiguration,dataSource,org.springframework.boot.autoconfigure.jdbc.DataSourceAutoConfiguration$DataSourceInitializerConfiguration,dataSourceInitializer,org.springframework.boot.autoconfigure.jdbc.metadata.DataSourcePoolMetadataProvidersConfiguration$TomcatDataSourcePoolMetadataProviderConfiguration,tomcatPoolDataSourceMetadataProvider,org.springframework.boot.autoconfigure.jdbc.metadata.DataSourcePoolMetadataProvidersConfiguration,org.springframework.boot.autoconfigure.jdbc.DataSourceAutoConfiguration,spring.datasource.CONFIGURATION_PROPERTIES,dataSourceInitializerPostProcessor,org.springframework.boot.autoconfigure.orm.jpa.JpaBaseConfiguration$JpaWebConfiguration$JpaWebMvcConfiguration,openEntityManagerInViewInterceptor,org.springframework.boot.autoconfigure.orm.jpa.JpaBaseConfiguration$JpaWebConfiguration,org.springframework.boot.autoconfigure.orm.jpa.HibernateJpaAutoConfiguration,transactionManager,jpaVendorAdapter,entityManagerFactoryBuilder,entityManagerFactory,spring.jpa.CONFIGURATION_PROPERTIES,dataSourceInitializedPublisher,org.springframework.boot.autoconfigure.context.ConfigurationPropertiesAutoConfiguration,org.springframework.boot.autoconfigure.dao.PersistenceExceptionTranslationAutoConfiguration,persistenceExceptionTranslationPostProcessor,org.springframework.boot.autoconfigure.jackson.JacksonAutoConfiguration$JacksonObjectMapperBuilderConfiguration,jacksonObjectMapperBuilder,spring.jackson.CONFIGURATION_PROPERTIES,org.springframework.boot.autoconfigure.jackson.JacksonAutoConfiguration$JacksonObjectMapperConfiguration,jacksonObjectMapper,org.springframework.boot.autoconfigure.jackson.JacksonAutoConfiguration,org.springframework.boot.autoconfigure.web.HttpMessageConvertersAutoConfiguration$StringHttpMessageConverterConfiguration,stringHttpMessageConverter,spring.http.encoding.CONFIGURATION_PROPERTIES,org.springframework.boot.autoconfigure.web.JacksonHttpMessageConvertersConfiguration$MappingJackson2HttpMessageConverterConfiguration,mappingJackson2HttpMessageConverter,org.springframework.boot.autoconfigure.web.JacksonHttpMessageConvertersConfiguration,org.springframework.boot.autoconfigure.web.HttpMessageConvertersAutoConfiguration,messageConverters,org.springframework.hateoas.config.HateoasConfiguration,linkRelationMessageSource,org.springframework.data.web.config.SpringDataJacksonConfiguration,jacksonGeoModule,org.springframework.boot.autoconfigure.data.rest.SpringBootRepositoryRestMvcConfiguration,config,repositories,repositoryRelProvider,persistentEntities,defaultConversionService,validatingRepositoryEventListener,jpaHelper,metadataConfiguration,baseUri,annotatedEventHandlerInvoker,domainObjectMerger,serverHttpRequestMethodArgumentResolver,repoRequestArgumentResolver,resourceMetadataHandlerMethodArgumentResolver,backendIdHandlerMethodArgumentResolver,eTagArgumentResolver,entityLinks,persistentEntityArgumentResolver,jsonSchemaConverter,resourceDescriptionMessageSourceAccessor,objectMapper,jacksonHttpMessageConverter,halJacksonHttpMessageConverter,halObjectMapper,uriListHttpMessageConverter,repositoryExporterHandlerAdapter,restHandlerMapping,resourceMappings,exceptionHandlerExceptionResolver,repositoryRestExceptionHandler,repositoryInvokerFactory,defaultMessageConverters,alpsJsonHttpMessageConverter,pageableResolver,sortResolver,backendIdConverterRegistry,auditableBeanWrapperFactory,enumTranslator,alpsConverter,profileResourceProcessor,pagedResourcesAssembler,pagedResourcesAssemblerArgumentResolver,entityLinksPluginRegistry,controllerEntityLinks,delegatingEntityLinks,_halObjectMapper,org.springframework.hateoas.config.HypermediaSupportBeanDefinitionRegistrar$DefaultObjectMapperCustomizer#0,org.springframework.hateoas.config.HypermediaSupportBeanDefinitionRegistrar$Jackson2ModuleRegisteringBeanPostProcessor#0,_linkDiscovererRegistry,org.springframework.hateoas.LinkDiscoverers#0,defaultRelProvider,annotationRelProvider,relProviderPluginRegistry,_relProvider,org.springframework.boot.autoconfigure.data.rest.RepositoryRestMvcAutoConfiguration,springBootRepositoryRestConfigurer,org.springframework.boot.autoconfigure.hateoas.HypermediaAutoConfiguration,spring.hateoas.CONFIGURATION_PROPERTIES,org.springframework.transaction.annotation.ProxyTransactionManagementConfiguration,org.springframework.transaction.config.internalTransactionAdvisor,transactionAttributeSource,transactionInterceptor,org.springframework.transaction.config.internalTransactionalEventListenerFactory,org.springframework.boot.autoconfigure.jdbc.DataSourceTransactionManagerAutoConfiguration$TransactionManagementConfiguration,org.springframework.boot.autoconfigure.jdbc.DataSourceTransactionManagerAutoConfiguration,org.springframework.boot.autoconfigure.security.SecurityFilterAutoConfiguration,org.springframework.boot.autoconfigure.transaction.TransactionAutoConfiguration,transactionTemplate,org.springframework.boot.autoconfigure.web.HttpEncodingAutoConfiguration,characterEncodingFilter,org.springframework.boot.autoconfigure.web.MultipartAutoConfiguration,multipartConfigElement,multipartResolver,multipart.CONFIGURATION_PROPERTIES,org.springframework.boot.autoconfigure.web.ServerPropertiesAutoConfiguration,serverProperties,org.springframework.orm.jpa.SharedEntityManagerCreator#0]; root of factory hierarchy
2016-04-27 17:58:11.513 TRACE 37359 --- [    Test worker] o.s.b.f.s.DefaultListableBeanFactory     : No bean named 'conversionService' found in org.springframework.beans.factory.support.DefaultListableBeanFactory@3872de98: defining beans [org.springframework.context.annotation.internalConfigurationAnnotationProcessor,org.springframework.context.annotation.internalAutowiredAnnotationProcessor,org.springframework.context.annotation.internalRequiredAnnotationProcessor,org.springframework.context.annotation.internalCommonAnnotationProcessor,org.springframework.context.annotation.internalPersistenceAnnotationProcessor,org.springframework.context.event.internalEventListenerProcessor,org.springframework.context.event.internalEventListenerFactory,citiesApplication,org.springframework.context.annotation.ConfigurationClassPostProcessor.importAwareProcessor,org.springframework.context.annotation.ConfigurationClassPostProcessor.enhancedConfigurationProcessor,repositoryEntityController,repositoryController,profileController,repositoryPropertyReferenceController,repositorySchemaController,repositorySearchController,alpsController,org.springframework.boot.autoconfigure.AutoConfigurationPackages,org.springframework.data.jpa.repository.config.JpaRepositoryConfigExtension#0,org.springframework.data.repository.core.support.RepositoryInterfaceAwareBeanPostProcessor,foo,jpaMappingContext,jpaContext,cityRepository,org.springframework.boot.autoconfigure.PropertyPlaceholderAutoConfiguration,org.springframework.boot.autoconfigure.condition.BeanTypeRegistry,propertySourcesPlaceholderConfigurer,org.springframework.boot.autoconfigure.websocket.WebSocketAutoConfiguration$TomcatWebSocketConfiguration,websocketContainerCustomizer,org.springframework.boot.autoconfigure.websocket.WebSocketAutoConfiguration,org.springframework.boot.autoconfigure.web.EmbeddedServletContainerAutoConfiguration$EmbeddedTomcat,tomcatEmbeddedServletContainerFactory,org.springframework.boot.autoconfigure.web.EmbeddedServletContainerAutoConfiguration,embeddedServletContainerCustomizerBeanPostProcessor,org.springframework.boot.autoconfigure.web.DispatcherServletAutoConfiguration$DispatcherServletConfiguration,dispatcherServlet,dispatcherServletRegistration,org.springframework.boot.autoconfigure.web.DispatcherServletAutoConfiguration,org.springframework.boot.autoconfigure.web.ErrorMvcAutoConfiguration$WhitelabelErrorViewConfiguration,error,beanNameViewResolver,org.springframework.boot.autoconfigure.web.ErrorMvcAutoConfiguration,errorAttributes,basicErrorController,org.springframework.boot.autoconfigure.web.WebMvcAutoConfiguration$EnableWebMvcConfiguration,requestMappingHandlerAdapter,requestMappingHandlerMapping,mvcContentNegotiationManager,viewControllerHandlerMapping,beanNameHandlerMapping,resourceHandlerMapping,mvcResourceUrlProvider,defaultServletHandlerMapping,mvcConversionService,mvcValidator,mvcPathMatcher,mvcUrlPathHelper,mvcUriComponentsContributor,httpRequestHandlerAdapter,simpleControllerHandlerAdapter,handlerExceptionResolver,mvcViewResolver,org.springframework.boot.autoconfigure.web.WebMvcAutoConfiguration$WebMvcAutoConfigurationAdapter$FaviconConfiguration,faviconHandlerMapping,faviconRequestHandler,org.springframework.boot.autoconfigure.web.WebMvcAutoConfiguration$WebMvcAutoConfigurationAdapter,defaultViewResolver,requestContextListener,viewResolver,spring.mvc.CONFIGURATION_PROPERTIES,spring.resources.CONFIGURATION_PROPERTIES,org.springframework.boot.context.properties.ConfigurationPropertiesBindingPostProcessor,org.springframework.boot.context.properties.ConfigurationPropertiesBindingPostProcessor.store,org.springframework.boot.autoconfigure.web.WebMvcAutoConfiguration,hiddenHttpMethodFilter,httpPutFormContentFilter,org.springframework.boot.autoconfigure.aop.AopAutoConfiguration$JdkDynamicAutoProxyConfiguration,org.springframework.aop.config.internalAutoProxyCreator,org.springframework.boot.autoconfigure.aop.AopAutoConfiguration,org.springframework.boot.autoconfigure.transaction.jta.JtaAutoConfiguration,spring.jta.CONFIGURATION_PROPERTIES,org.springframework.boot.autoconfigure.jdbc.DataSourceAutoConfiguration$JdbcTemplateConfiguration,jdbcTemplate,namedParameterJdbcTemplate,org.springframework.boot.autoconfigure.jdbc.DataSourceAutoConfiguration$NonEmbeddedConfiguration,dataSource,org.springframework.boot.autoconfigure.jdbc.DataSourceAutoConfiguration$DataSourceInitializerConfiguration,dataSourceInitializer,org.springframework.boot.autoconfigure.jdbc.metadata.DataSourcePoolMetadataProvidersConfiguration$TomcatDataSourcePoolMetadataProviderConfiguration,tomcatPoolDataSourceMetadataProvider,org.springframework.boot.autoconfigure.jdbc.metadata.DataSourcePoolMetadataProvidersConfiguration,org.springframework.boot.autoconfigure.jdbc.DataSourceAutoConfiguration,spring.datasource.CONFIGURATION_PROPERTIES,dataSourceInitializerPostProcessor,org.springframework.boot.autoconfigure.orm.jpa.JpaBaseConfiguration$JpaWebConfiguration$JpaWebMvcConfiguration,openEntityManagerInViewInterceptor,org.springframework.boot.autoconfigure.orm.jpa.JpaBaseConfiguration$JpaWebConfiguration,org.springframework.boot.autoconfigure.orm.jpa.HibernateJpaAutoConfiguration,transactionManager,jpaVendorAdapter,entityManagerFactoryBuilder,entityManagerFactory,spring.jpa.CONFIGURATION_PROPERTIES,dataSourceInitializedPublisher,org.springframework.boot.autoconfigure.context.ConfigurationPropertiesAutoConfiguration,org.springframework.boot.autoconfigure.dao.PersistenceExceptionTranslationAutoConfiguration,persistenceExceptionTranslationPostProcessor,org.springframework.boot.autoconfigure.jackson.JacksonAutoConfiguration$JacksonObjectMapperBuilderConfiguration,jacksonObjectMapperBuilder,spring.jackson.CONFIGURATION_PROPERTIES,org.springframework.boot.autoconfigure.jackson.JacksonAutoConfiguration$JacksonObjectMapperConfiguration,jacksonObjectMapper,org.springframework.boot.autoconfigure.jackson.JacksonAutoConfiguration,org.springframework.boot.autoconfigure.web.HttpMessageConvertersAutoConfiguration$StringHttpMessageConverterConfiguration,stringHttpMessageConverter,spring.http.encoding.CONFIGURATION_PROPERTIES,org.springframework.boot.autoconfigure.web.JacksonHttpMessageConvertersConfiguration$MappingJackson2HttpMessageConverterConfiguration,mappingJackson2HttpMessageConverter,org.springframework.boot.autoconfigure.web.JacksonHttpMessageConvertersConfiguration,org.springframework.boot.autoconfigure.web.HttpMessageConvertersAutoConfiguration,messageConverters,org.springframework.hateoas.config.HateoasConfiguration,linkRelationMessageSource,org.springframework.data.web.config.SpringDataJacksonConfiguration,jacksonGeoModule,org.springframework.boot.autoconfigure.data.rest.SpringBootRepositoryRestMvcConfiguration,config,repositories,repositoryRelProvider,persistentEntities,defaultConversionService,validatingRepositoryEventListener,jpaHelper,metadataConfiguration,baseUri,annotatedEventHandlerInvoker,domainObjectMerger,serverHttpRequestMethodArgumentResolver,repoRequestArgumentResolver,resourceMetadataHandlerMethodArgumentResolver,backendIdHandlerMethodArgumentResolver,eTagArgumentResolver,entityLinks,persistentEntityArgumentResolver,jsonSchemaConverter,resourceDescriptionMessageSourceAccessor,objectMapper,jacksonHttpMessageConverter,halJacksonHttpMessageConverter,halObjectMapper,uriListHttpMessageConverter,repositoryExporterHandlerAdapter,restHandlerMapping,resourceMappings,exceptionHandlerExceptionResolver,repositoryRestExceptionHandler,repositoryInvokerFactory,defaultMessageConverters,alpsJsonHttpMessageConverter,pageableResolver,sortResolver,backendIdConverterRegistry,auditableBeanWrapperFactory,enumTranslator,alpsConverter,profileResourceProcessor,pagedResourcesAssembler,pagedResourcesAssemblerArgumentResolver,entityLinksPluginRegistry,controllerEntityLinks,delegatingEntityLinks,_halObjectMapper,org.springframework.hateoas.config.HypermediaSupportBeanDefinitionRegistrar$DefaultObjectMapperCustomizer#0,org.springframework.hateoas.config.HypermediaSupportBeanDefinitionRegistrar$Jackson2ModuleRegisteringBeanPostProcessor#0,_linkDiscovererRegistry,org.springframework.hateoas.LinkDiscoverers#0,defaultRelProvider,annotationRelProvider,relProviderPluginRegistry,_relProvider,org.springframework.boot.autoconfigure.data.rest.RepositoryRestMvcAutoConfiguration,springBootRepositoryRestConfigurer,org.springframework.boot.autoconfigure.hateoas.HypermediaAutoConfiguration,spring.hateoas.CONFIGURATION_PROPERTIES,org.springframework.transaction.annotation.ProxyTransactionManagementConfiguration,org.springframework.transaction.config.internalTransactionAdvisor,transactionAttributeSource,transactionInterceptor,org.springframework.transaction.config.internalTransactionalEventListenerFactory,org.springframework.boot.autoconfigure.jdbc.DataSourceTransactionManagerAutoConfiguration$TransactionManagementConfiguration,org.springframework.boot.autoconfigure.jdbc.DataSourceTransactionManagerAutoConfiguration,org.springframework.boot.autoconfigure.security.SecurityFilterAutoConfiguration,org.springframework.boot.autoconfigure.transaction.TransactionAutoConfiguration,transactionTemplate,org.springframework.boot.autoconfigure.web.HttpEncodingAutoConfiguration,characterEncodingFilter,org.springframework.boot.autoconfigure.web.MultipartAutoConfiguration,multipartConfigElement,multipartResolver,multipart.CONFIGURATION_PROPERTIES,org.springframework.boot.autoconfigure.web.ServerPropertiesAutoConfiguration,serverProperties,org.springframework.orm.jpa.SharedEntityManagerCreator#0]; root of factory hierarchy
2016-04-27 17:58:11.514 DEBUG 37359 --- [    Test worker] o.s.b.f.s.DefaultListableBeanFactory     : Finished creating instance of bean 'org.springframework.boot.context.properties.ConfigurationPropertiesBindingPostProcessor'
2016-04-27 17:58:11.514 DEBUG 37359 --- [    Test worker] o.s.b.f.s.DefaultListableBeanFactory     : Creating shared instance of singleton bean 'org.springframework.aop.config.internalAutoProxyCreator'
2016-04-27 17:58:11.514 DEBUG 37359 --- [    Test worker] o.s.b.f.s.DefaultListableBeanFactory     : Creating instance of bean 'org.springframework.aop.config.internalAutoProxyCreator'
2016-04-27 17:58:11.526 DEBUG 37359 --- [    Test worker] o.s.b.f.s.DefaultListableBeanFactory     : Eagerly caching bean 'org.springframework.aop.config.internalAutoProxyCreator' to allow for resolving potential circular references
2016-04-27 17:58:11.526 TRACE 37359 --- [    Test worker] o.s.beans.CachedIntrospectionResults     : Getting BeanInfo for class [org.springframework.aop.aspectj.annotation.AnnotationAwareAspectJAutoProxyCreator]
2016-04-27 17:58:11.530 TRACE 37359 --- [    Test worker] o.s.beans.CachedIntrospectionResults     : Caching PropertyDescriptors for class [org.springframework.aop.aspectj.annotation.AnnotationAwareAspectJAutoProxyCreator]
2016-04-27 17:58:11.530 TRACE 37359 --- [    Test worker] o.s.beans.CachedIntrospectionResults     : Found bean property 'advisorAdapterRegistry' of type [org.springframework.aop.framework.adapter.AdvisorAdapterRegistry]
2016-04-27 17:58:11.530 TRACE 37359 --- [    Test worker] o.s.beans.CachedIntrospectionResults     : Found bean property 'applyCommonInterceptorsFirst' of type [boolean]
2016-04-27 17:58:11.530 TRACE 37359 --- [    Test worker] o.s.beans.CachedIntrospectionResults     : Found bean property 'aspectJAdvisorFactory' of type [org.springframework.aop.aspectj.annotation.AspectJAdvisorFactory]
2016-04-27 17:58:11.530 TRACE 37359 --- [    Test worker] o.s.beans.CachedIntrospectionResults     : Found bean property 'beanClassLoader' of type [java.lang.ClassLoader]
2016-04-27 17:58:11.530 TRACE 37359 --- [    Test worker] o.s.beans.CachedIntrospectionResults     : Found bean property 'beanFactory' of type [org.springframework.beans.factory.BeanFactory]
2016-04-27 17:58:11.530 TRACE 37359 --- [    Test worker] o.s.beans.CachedIntrospectionResults     : Found bean property 'class' of type [java.lang.Class]
2016-04-27 17:58:11.531 TRACE 37359 --- [    Test worker] o.s.beans.CachedIntrospectionResults     : Found bean property 'customTargetSourceCreators' of type [[Lorg.springframework.aop.framework.autoproxy.TargetSourceCreator;]
2016-04-27 17:58:11.531 TRACE 37359 --- [    Test worker] o.s.beans.CachedIntrospectionResults     : Found bean property 'exposeProxy' of type [boolean]
2016-04-27 17:58:11.531 TRACE 37359 --- [    Test worker] o.s.beans.CachedIntrospectionResults     : Found bean property 'frozen' of type [boolean]
2016-04-27 17:58:11.531 TRACE 37359 --- [    Test worker] o.s.beans.CachedIntrospectionResults     : Found bean property 'includePatterns' of type [java.util.List]
2016-04-27 17:58:11.531 TRACE 37359 --- [    Test worker] o.s.beans.CachedIntrospectionResults     : Found bean property 'interceptorNames' of type [[Ljava.lang.String;]
2016-04-27 17:58:11.531 TRACE 37359 --- [    Test worker] o.s.beans.CachedIntrospectionResults     : Found bean property 'opaque' of type [boolean]
2016-04-27 17:58:11.531 TRACE 37359 --- [    Test worker] o.s.beans.CachedIntrospectionResults     : Found bean property 'optimize' of type [boolean]
2016-04-27 17:58:11.531 TRACE 37359 --- [    Test worker] o.s.beans.CachedIntrospectionResults     : Found bean property 'order' of type [int]
2016-04-27 17:58:11.531 TRACE 37359 --- [    Test worker] o.s.beans.CachedIntrospectionResults     : Found bean property 'proxyClassLoader' of type [java.lang.ClassLoader]
2016-04-27 17:58:11.531 TRACE 37359 --- [    Test worker] o.s.beans.CachedIntrospectionResults     : Found bean property 'proxyTargetClass' of type [boolean]
2016-04-27 17:58:11.532 DEBUG 37359 --- [    Test worker] o.s.b.f.s.DefaultListableBeanFactory     : Finished creating instance of bean 'org.springframework.aop.config.internalAutoProxyCreator'
2016-04-27 17:58:11.533 DEBUG 37359 --- [    Test worker] o.s.b.f.s.DefaultListableBeanFactory     : Creating shared instance of singleton bean 'dataSourceInitializerPostProcessor'
2016-04-27 17:58:11.533 DEBUG 37359 --- [    Test worker] o.s.b.f.s.DefaultListableBeanFactory     : Creating instance of bean 'dataSourceInitializerPostProcessor'
2016-04-27 17:58:11.534 DEBUG 37359 --- [    Test worker] o.s.b.f.annotation.InjectionMetadata     : Registered injected element on class [org.springframework.boot.autoconfigure.jdbc.DataSourceInitializerPostProcessor]: AutowiredFieldElement for private org.springframework.beans.factory.BeanFactory org.springframework.boot.autoconfigure.jdbc.DataSourceInitializerPostProcessor.beanFactory
2016-04-27 17:58:11.534 DEBUG 37359 --- [    Test worker] o.s.b.f.s.DefaultListableBeanFactory     : Eagerly caching bean 'dataSourceInitializerPostProcessor' to allow for resolving potential circular references
2016-04-27 17:58:11.534 TRACE 37359 --- [    Test worker] o.s.beans.CachedIntrospectionResults     : Getting BeanInfo for class [org.springframework.boot.autoconfigure.jdbc.DataSourceInitializerPostProcessor]
2016-04-27 17:58:11.534 TRACE 37359 --- [    Test worker] o.s.beans.CachedIntrospectionResults     : Caching PropertyDescriptors for class [org.springframework.boot.autoconfigure.jdbc.DataSourceInitializerPostProcessor]
2016-04-27 17:58:11.534 TRACE 37359 --- [    Test worker] o.s.beans.CachedIntrospectionResults     : Found bean property 'class' of type [java.lang.Class]
2016-04-27 17:58:11.535 TRACE 37359 --- [    Test worker] o.s.beans.CachedIntrospectionResults     : Found bean property 'order' of type [int]
2016-04-27 17:58:11.535 DEBUG 37359 --- [    Test worker] o.s.b.f.annotation.InjectionMetadata     : Processing injected element of bean 'dataSourceInitializerPostProcessor': AutowiredFieldElement for private org.springframework.beans.factory.BeanFactory org.springframework.boot.autoconfigure.jdbc.DataSourceInitializerPostProcessor.beanFactory
2016-04-27 17:58:11.537 DEBUG 37359 --- [    Test worker] f.a.AutowiredAnnotationBeanPostProcessor : Autowiring by type from bean name 'dataSourceInitializerPostProcessor' to bean named 'org.springframework.beans.factory.support.DefaultListableBeanFactory@3872de98'
2016-04-27 17:58:11.537 DEBUG 37359 --- [    Test worker] o.s.b.f.s.DefaultListableBeanFactory     : Finished creating instance of bean 'dataSourceInitializerPostProcessor'
2016-04-27 17:58:11.537 DEBUG 37359 --- [    Test worker] o.s.b.f.s.DefaultListableBeanFactory     : Creating shared instance of singleton bean 'persistenceExceptionTranslationPostProcessor'
2016-04-27 17:58:11.537 DEBUG 37359 --- [    Test worker] o.s.b.f.s.DefaultListableBeanFactory     : Creating instance of bean 'persistenceExceptionTranslationPostProcessor'
2016-04-27 17:58:11.538 DEBUG 37359 --- [    Test worker] o.s.b.f.s.DefaultListableBeanFactory     : Eagerly caching bean 'persistenceExceptionTranslationPostProcessor' to allow for resolving potential circular references
2016-04-27 17:58:11.538 TRACE 37359 --- [    Test worker] o.s.beans.CachedIntrospectionResults     : Getting BeanInfo for class [org.springframework.dao.annotation.PersistenceExceptionTranslationPostProcessor]
2016-04-27 17:58:11.539 TRACE 37359 --- [    Test worker] o.s.beans.CachedIntrospectionResults     : Caching PropertyDescriptors for class [org.springframework.dao.annotation.PersistenceExceptionTranslationPostProcessor]
2016-04-27 17:58:11.539 TRACE 37359 --- [    Test worker] o.s.beans.CachedIntrospectionResults     : Found bean property 'beanClassLoader' of type [java.lang.ClassLoader]
2016-04-27 17:58:11.540 TRACE 37359 --- [    Test worker] o.s.beans.CachedIntrospectionResults     : Found bean property 'beanFactory' of type [org.springframework.beans.factory.BeanFactory]
2016-04-27 17:58:11.540 TRACE 37359 --- [    Test worker] o.s.beans.CachedIntrospectionResults     : Found bean property 'beforeExistingAdvisors' of type [boolean]
2016-04-27 17:58:11.540 TRACE 37359 --- [    Test worker] o.s.beans.CachedIntrospectionResults     : Found bean property 'class' of type [java.lang.Class]
2016-04-27 17:58:11.540 TRACE 37359 --- [    Test worker] o.s.beans.CachedIntrospectionResults     : Found bean property 'exposeProxy' of type [boolean]
2016-04-27 17:58:11.540 TRACE 37359 --- [    Test worker] o.s.beans.CachedIntrospectionResults     : Found bean property 'frozen' of type [boolean]
2016-04-27 17:58:11.540 TRACE 37359 --- [    Test worker] o.s.beans.CachedIntrospectionResults     : Found bean property 'opaque' of type [boolean]
2016-04-27 17:58:11.540 TRACE 37359 --- [    Test worker] o.s.beans.CachedIntrospectionResults     : Found bean property 'optimize' of type [boolean]
2016-04-27 17:58:11.540 TRACE 37359 --- [    Test worker] o.s.beans.CachedIntrospectionResults     : Found bean property 'order' of type [int]
2016-04-27 17:58:11.540 TRACE 37359 --- [    Test worker] o.s.beans.CachedIntrospectionResults     : Found bean property 'proxyClassLoader' of type [java.lang.ClassLoader]
2016-04-27 17:58:11.540 TRACE 37359 --- [    Test worker] o.s.beans.CachedIntrospectionResults     : Found bean property 'proxyTargetClass' of type [boolean]
2016-04-27 17:58:11.540 TRACE 37359 --- [    Test worker] o.s.beans.CachedIntrospectionResults     : Found bean property 'repositoryAnnotationType' of type [java.lang.Class]
2016-04-27 17:58:11.542 DEBUG 37359 --- [    Test worker] o.s.b.f.s.DefaultListableBeanFactory     : Finished creating instance of bean 'persistenceExceptionTranslationPostProcessor'
2016-04-27 17:58:11.543 DEBUG 37359 --- [    Test worker] o.s.b.f.s.DefaultListableBeanFactory     : Creating shared instance of singleton bean 'embeddedServletContainerCustomizerBeanPostProcessor'
2016-04-27 17:58:11.543 DEBUG 37359 --- [    Test worker] o.s.b.f.s.DefaultListableBeanFactory     : Creating instance of bean 'embeddedServletContainerCustomizerBeanPostProcessor'
2016-04-27 17:58:11.544 DEBUG 37359 --- [    Test worker] o.s.b.f.s.DefaultListableBeanFactory     : Creating shared instance of singleton bean 'org.springframework.transaction.config.internalTransactionAdvisor'
2016-04-27 17:58:11.544 DEBUG 37359 --- [    Test worker] o.s.b.f.s.DefaultListableBeanFactory     : Creating instance of bean 'org.springframework.transaction.config.internalTransactionAdvisor'
2016-04-27 17:58:11.544 TRACE 37359 --- [    Test worker] a.AnnotationAwareAspectJAutoProxyCreator : Did not attempt to auto-proxy infrastructure class [org.springframework.transaction.interceptor.BeanFactoryTransactionAttributeSourceAdvisor]
2016-04-27 17:58:11.544 DEBUG 37359 --- [    Test worker] o.s.b.f.s.DefaultListableBeanFactory     : Creating shared instance of singleton bean 'org.springframework.transaction.annotation.ProxyTransactionManagementConfiguration'
2016-04-27 17:58:11.544 DEBUG 37359 --- [    Test worker] o.s.b.f.s.DefaultListableBeanFactory     : Creating instance of bean 'org.springframework.transaction.annotation.ProxyTransactionManagementConfiguration'
2016-04-27 17:58:11.544 DEBUG 37359 --- [    Test worker] .a.f.a.BeanFactoryAdvisorRetrievalHelper : Skipping currently created advisor 'org.springframework.transaction.config.internalTransactionAdvisor'
2016-04-27 17:58:11.560 TRACE 37359 --- [    Test worker] o.s.beans.CachedIntrospectionResults     : Getting BeanInfo for class [org.springframework.transaction.annotation.ProxyTransactionManagementConfiguration$$EnhancerBySpringCGLIB$$414dab8e]
2016-04-27 17:58:11.562 TRACE 37359 --- [    Test worker] o.s.beans.CachedIntrospectionResults     : Caching PropertyDescriptors for class [org.springframework.transaction.annotation.ProxyTransactionManagementConfiguration$$EnhancerBySpringCGLIB$$414dab8e]
2016-04-27 17:58:11.562 TRACE 37359 --- [    Test worker] o.s.beans.CachedIntrospectionResults     : Found bean property 'beanFactory' of type [org.springframework.beans.factory.BeanFactory]
2016-04-27 17:58:11.562 TRACE 37359 --- [    Test worker] o.s.beans.CachedIntrospectionResults     : Found bean property 'class' of type [java.lang.Class]
2016-04-27 17:58:11.563 TRACE 37359 --- [    Test worker] o.s.beans.CachedIntrospectionResults     : Found bean property 'importMetadata' of type [org.springframework.core.type.AnnotationMetadata]
2016-04-27 17:58:11.563 DEBUG 37359 --- [    Test worker] o.s.b.f.annotation.InjectionMetadata     : Registered injected element on class [org.springframework.transaction.annotation.ProxyTransactionManagementConfiguration$$EnhancerBySpringCGLIB$$414dab8e]: AutowiredMethodElement for void org.springframework.transaction.annotation.AbstractTransactionManagementConfiguration.setConfigurers(java.util.Collection)
2016-04-27 17:58:11.563 DEBUG 37359 --- [    Test worker] o.s.b.f.s.DefaultListableBeanFactory     : Eagerly caching bean 'org.springframework.transaction.annotation.ProxyTransactionManagementConfiguration' to allow for resolving potential circular references
2016-04-27 17:58:11.563 DEBUG 37359 --- [    Test worker] o.s.b.f.annotation.InjectionMetadata     : Processing injected element of bean 'org.springframework.transaction.annotation.ProxyTransactionManagementConfiguration': AutowiredMethodElement for void org.springframework.transaction.annotation.AbstractTransactionManagementConfiguration.setConfigurers(java.util.Collection)
2016-04-27 17:58:11.565 DEBUG 37359 --- [    Test worker] o.s.b.f.s.DefaultListableBeanFactory     : Returning cached instance of singleton bean 'org.springframework.context.annotation.ConfigurationClassPostProcessor.importRegistry'
2016-04-27 17:58:11.565  INFO 37359 --- [    Test worker] trationDelegate$BeanPostProcessorChecker : Bean 'org.springframework.transaction.annotation.ProxyTransactionManagementConfiguration' of type [class org.springframework.transaction.annotation.ProxyTransactionManagementConfiguration$$EnhancerBySpringCGLIB$$414dab8e] is not eligible for getting processed by all BeanPostProcessors (for example: not eligible for auto-proxying)
2016-04-27 17:58:11.565 DEBUG 37359 --- [    Test worker] .a.f.a.BeanFactoryAdvisorRetrievalHelper : Skipping currently created advisor 'org.springframework.transaction.config.internalTransactionAdvisor'
2016-04-27 17:58:11.565 DEBUG 37359 --- [    Test worker] .a.f.a.BeanFactoryAdvisorRetrievalHelper : Skipping currently created advisor 'org.springframework.transaction.config.internalTransactionAdvisor'
2016-04-27 17:58:11.566 DEBUG 37359 --- [    Test worker] o.s.b.f.s.DefaultListableBeanFactory     : Finished creating instance of bean 'org.springframework.transaction.annotation.ProxyTransactionManagementConfiguration'
2016-04-27 17:58:11.574 DEBUG 37359 --- [    Test worker] o.s.b.f.s.DefaultListableBeanFactory     : Creating shared instance of singleton bean 'transactionAttributeSource'
2016-04-27 17:58:11.574 DEBUG 37359 --- [    Test worker] o.s.b.f.s.DefaultListableBeanFactory     : Creating instance of bean 'transactionAttributeSource'
2016-04-27 17:58:11.574 DEBUG 37359 --- [    Test worker] .a.f.a.BeanFactoryAdvisorRetrievalHelper : Skipping currently created advisor 'org.springframework.transaction.config.internalTransactionAdvisor'
2016-04-27 17:58:11.574 DEBUG 37359 --- [    Test worker] o.s.b.f.s.DefaultListableBeanFactory     : Returning cached instance of singleton bean 'org.springframework.transaction.annotation.ProxyTransactionManagementConfiguration'
2016-04-27 17:58:11.575 DEBUG 37359 --- [    Test worker] o.s.b.f.s.DefaultListableBeanFactory     : Eagerly caching bean 'transactionAttributeSource' to allow for resolving potential circular references
2016-04-27 17:58:11.575 TRACE 37359 --- [    Test worker] o.s.beans.CachedIntrospectionResults     : Getting BeanInfo for class [org.springframework.transaction.annotation.AnnotationTransactionAttributeSource]
2016-04-27 17:58:11.576 TRACE 37359 --- [    Test worker] o.s.beans.CachedIntrospectionResults     : Caching PropertyDescriptors for class [org.springframework.transaction.annotation.AnnotationTransactionAttributeSource]
2016-04-27 17:58:11.576 TRACE 37359 --- [    Test worker] o.s.beans.CachedIntrospectionResults     : Found bean property 'class' of type [java.lang.Class]
2016-04-27 17:58:11.576 DEBUG 37359 --- [    Test worker] .a.f.a.BeanFactoryAdvisorRetrievalHelper : Skipping currently created advisor 'org.springframework.transaction.config.internalTransactionAdvisor'
2016-04-27 17:58:11.576 DEBUG 37359 --- [    Test worker] .a.f.a.BeanFactoryAdvisorRetrievalHelper : Skipping currently created advisor 'org.springframework.transaction.config.internalTransactionAdvisor'
2016-04-27 17:58:11.576 DEBUG 37359 --- [    Test worker] o.s.b.f.s.DefaultListableBeanFactory     : Finished creating instance of bean 'transactionAttributeSource'
2016-04-27 17:58:11.576 DEBUG 37359 --- [    Test worker] o.s.b.f.s.DefaultListableBeanFactory     : Creating shared instance of singleton bean 'transactionInterceptor'
2016-04-27 17:58:11.577 DEBUG 37359 --- [    Test worker] o.s.b.f.s.DefaultListableBeanFactory     : Creating instance of bean 'transactionInterceptor'
2016-04-27 17:58:11.577 TRACE 37359 --- [    Test worker] a.AnnotationAwareAspectJAutoProxyCreator : Did not attempt to auto-proxy infrastructure class [org.springframework.transaction.interceptor.TransactionInterceptor]
2016-04-27 17:58:11.577 DEBUG 37359 --- [    Test worker] o.s.b.f.s.DefaultListableBeanFactory     : Returning cached instance of singleton bean 'org.springframework.transaction.annotation.ProxyTransactionManagementConfiguration'
2016-04-27 17:58:11.578 DEBUG 37359 --- [    Test worker] o.s.b.f.s.DefaultListableBeanFactory     : Returning cached instance of singleton bean 'transactionAttributeSource'
2016-04-27 17:58:11.579 DEBUG 37359 --- [    Test worker] o.s.b.f.s.DefaultListableBeanFactory     : Eagerly caching bean 'transactionInterceptor' to allow for resolving potential circular references
2016-04-27 17:58:11.579 TRACE 37359 --- [    Test worker] o.s.beans.CachedIntrospectionResults     : Getting BeanInfo for class [org.springframework.transaction.interceptor.TransactionInterceptor]
2016-04-27 17:58:11.580 TRACE 37359 --- [    Test worker] o.s.beans.CachedIntrospectionResults     : Caching PropertyDescriptors for class [org.springframework.transaction.interceptor.TransactionInterceptor]
2016-04-27 17:58:11.580 TRACE 37359 --- [    Test worker] o.s.beans.CachedIntrospectionResults     : Found bean property 'beanFactory' of type [org.springframework.beans.factory.BeanFactory]
2016-04-27 17:58:11.580 TRACE 37359 --- [    Test worker] o.s.beans.CachedIntrospectionResults     : Found bean property 'class' of type [java.lang.Class]
2016-04-27 17:58:11.580 TRACE 37359 --- [    Test worker] o.s.beans.CachedIntrospectionResults     : Found bean property 'transactionAttributeSource' of type [org.springframework.transaction.interceptor.TransactionAttributeSource]
2016-04-27 17:58:11.580 TRACE 37359 --- [    Test worker] o.s.beans.CachedIntrospectionResults     : Found bean property 'transactionAttributeSources' of type [[Lorg.springframework.transaction.interceptor.TransactionAttributeSource;]
2016-04-27 17:58:11.580 TRACE 37359 --- [    Test worker] o.s.beans.CachedIntrospectionResults     : Found bean property 'transactionAttributes' of type [java.util.Properties]
2016-04-27 17:58:11.580 TRACE 37359 --- [    Test worker] o.s.beans.CachedIntrospectionResults     : Found bean property 'transactionManager' of type [org.springframework.transaction.PlatformTransactionManager]
2016-04-27 17:58:11.580 TRACE 37359 --- [    Test worker] o.s.beans.CachedIntrospectionResults     : Found bean property 'transactionManagerBeanName' of type [java.lang.String]
2016-04-27 17:58:11.581 DEBUG 37359 --- [    Test worker] o.s.b.f.s.DefaultListableBeanFactory     : Invoking afterPropertiesSet() on bean with name 'transactionInterceptor'
2016-04-27 17:58:11.581 DEBUG 37359 --- [    Test worker] o.s.b.f.s.DefaultListableBeanFactory     : Finished creating instance of bean 'transactionInterceptor'
2016-04-27 17:58:11.581 DEBUG 37359 --- [    Test worker] o.s.b.f.s.DefaultListableBeanFactory     : Eagerly caching bean 'org.springframework.transaction.config.internalTransactionAdvisor' to allow for resolving potential circular references
2016-04-27 17:58:11.581 TRACE 37359 --- [    Test worker] o.s.beans.CachedIntrospectionResults     : Getting BeanInfo for class [org.springframework.transaction.interceptor.BeanFactoryTransactionAttributeSourceAdvisor]
2016-04-27 17:58:11.583 TRACE 37359 --- [    Test worker] o.s.beans.CachedIntrospectionResults     : Caching PropertyDescriptors for class [org.springframework.transaction.interceptor.BeanFactoryTransactionAttributeSourceAdvisor]
2016-04-27 17:58:11.583 TRACE 37359 --- [    Test worker] o.s.beans.CachedIntrospectionResults     : Found bean property 'advice' of type [org.aopalliance.aop.Advice]
2016-04-27 17:58:11.583 TRACE 37359 --- [    Test worker] o.s.beans.CachedIntrospectionResults     : Found bean property 'adviceBeanName' of type [java.lang.String]
2016-04-27 17:58:11.583 TRACE 37359 --- [    Test worker] o.s.beans.CachedIntrospectionResults     : Found bean property 'beanFactory' of type [org.springframework.beans.factory.BeanFactory]
2016-04-27 17:58:11.583 TRACE 37359 --- [    Test worker] o.s.beans.CachedIntrospectionResults     : Found bean property 'class' of type [java.lang.Class]
2016-04-27 17:58:11.583 TRACE 37359 --- [    Test worker] o.s.beans.CachedIntrospectionResults     : Found bean property 'classFilter' of type [org.springframework.aop.ClassFilter]
2016-04-27 17:58:11.583 TRACE 37359 --- [    Test worker] o.s.beans.CachedIntrospectionResults     : Found bean property 'order' of type [int]
2016-04-27 17:58:11.583 TRACE 37359 --- [    Test worker] o.s.beans.CachedIntrospectionResults     : Found bean property 'perInstance' of type [boolean]
2016-04-27 17:58:11.583 TRACE 37359 --- [    Test worker] o.s.beans.CachedIntrospectionResults     : Found bean property 'pointcut' of type [org.springframework.aop.Pointcut]
2016-04-27 17:58:11.583 TRACE 37359 --- [    Test worker] o.s.beans.CachedIntrospectionResults     : Found bean property 'transactionAttributeSource' of type [org.springframework.transaction.interceptor.TransactionAttributeSource]
2016-04-27 17:58:11.584 DEBUG 37359 --- [    Test worker] o.s.b.f.s.DefaultListableBeanFactory     : Finished creating instance of bean 'org.springframework.transaction.config.internalTransactionAdvisor'
2016-04-27 17:58:11.584 DEBUG 37359 --- [    Test worker] o.s.b.f.s.DefaultListableBeanFactory     : Eagerly caching bean 'embeddedServletContainerCustomizerBeanPostProcessor' to allow for resolving potential circular references
2016-04-27 17:58:11.584 TRACE 37359 --- [    Test worker] o.s.beans.CachedIntrospectionResults     : Getting BeanInfo for class [org.springframework.boot.context.embedded.EmbeddedServletContainerCustomizerBeanPostProcessor]
2016-04-27 17:58:11.585 TRACE 37359 --- [    Test worker] o.s.beans.CachedIntrospectionResults     : Caching PropertyDescriptors for class [org.springframework.boot.context.embedded.EmbeddedServletContainerCustomizerBeanPostProcessor]
2016-04-27 17:58:11.585 TRACE 37359 --- [    Test worker] o.s.beans.CachedIntrospectionResults     : Found bean property 'applicationContext' of type [org.springframework.context.ApplicationContext]
2016-04-27 17:58:11.585 TRACE 37359 --- [    Test worker] o.s.beans.CachedIntrospectionResults     : Found bean property 'class' of type [java.lang.Class]
2016-04-27 17:58:11.585 DEBUG 37359 --- [    Test worker] o.s.b.f.s.DefaultListableBeanFactory     : Returning cached instance of singleton bean 'org.springframework.transaction.config.internalTransactionAdvisor'
2016-04-27 17:58:11.585 DEBUG 37359 --- [    Test worker] o.s.b.f.s.DefaultListableBeanFactory     : Returning cached instance of singleton bean 'org.springframework.transaction.config.internalTransactionAdvisor'
2016-04-27 17:58:11.586 DEBUG 37359 --- [    Test worker] o.s.b.f.s.DefaultListableBeanFactory     : Finished creating instance of bean 'embeddedServletContainerCustomizerBeanPostProcessor'
2016-04-27 17:58:11.587 DEBUG 37359 --- [    Test worker] o.s.b.f.s.DefaultListableBeanFactory     : Creating shared instance of singleton bean 'dataSourceInitializedPublisher'
2016-04-27 17:58:11.587 DEBUG 37359 --- [    Test worker] o.s.b.f.s.DefaultListableBeanFactory     : Creating instance of bean 'dataSourceInitializedPublisher'
2016-04-27 17:58:11.587 DEBUG 37359 --- [    Test worker] o.s.b.f.annotation.InjectionMetadata     : Registered injected element on class [org.springframework.boot.autoconfigure.orm.jpa.DataSourceInitializedPublisher]: AutowiredFieldElement for private org.springframework.context.ApplicationContext org.springframework.boot.autoconfigure.orm.jpa.DataSourceInitializedPublisher.applicationContext
2016-04-27 17:58:11.587 DEBUG 37359 --- [    Test worker] o.s.b.f.s.DefaultListableBeanFactory     : Eagerly caching bean 'dataSourceInitializedPublisher' to allow for resolving potential circular references
2016-04-27 17:58:11.587 TRACE 37359 --- [    Test worker] o.s.beans.CachedIntrospectionResults     : Getting BeanInfo for class [org.springframework.boot.autoconfigure.orm.jpa.DataSourceInitializedPublisher]
2016-04-27 17:58:11.588 TRACE 37359 --- [    Test worker] o.s.beans.CachedIntrospectionResults     : Caching PropertyDescriptors for class [org.springframework.boot.autoconfigure.orm.jpa.DataSourceInitializedPublisher]
2016-04-27 17:58:11.588 TRACE 37359 --- [    Test worker] o.s.beans.CachedIntrospectionResults     : Found bean property 'class' of type [java.lang.Class]
2016-04-27 17:58:11.588 DEBUG 37359 --- [    Test worker] o.s.b.f.annotation.InjectionMetadata     : Processing injected element of bean 'dataSourceInitializedPublisher': AutowiredFieldElement for private org.springframework.context.ApplicationContext org.springframework.boot.autoconfigure.orm.jpa.DataSourceInitializedPublisher.applicationContext
2016-04-27 17:58:11.589 DEBUG 37359 --- [    Test worker] f.a.AutowiredAnnotationBeanPostProcessor : Autowiring by type from bean name 'dataSourceInitializedPublisher' to bean named 'org.springframework.web.context.support.GenericWebApplicationContext@5a677df7'
2016-04-27 17:58:11.589 DEBUG 37359 --- [    Test worker] o.s.b.f.s.DefaultListableBeanFactory     : Finished creating instance of bean 'dataSourceInitializedPublisher'
2016-04-27 17:58:11.589 DEBUG 37359 --- [    Test worker] o.s.b.f.s.DefaultListableBeanFactory     : Creating shared instance of singleton bean 'annotatedEventHandlerInvoker'
2016-04-27 17:58:11.589 DEBUG 37359 --- [    Test worker] o.s.b.f.s.DefaultListableBeanFactory     : Creating instance of bean 'annotatedEventHandlerInvoker'
2016-04-27 17:58:11.589 DEBUG 37359 --- [    Test worker] o.s.b.f.s.DefaultListableBeanFactory     : Returning cached instance of singleton bean 'org.springframework.transaction.config.internalTransactionAdvisor'
2016-04-27 17:58:11.590 DEBUG 37359 --- [    Test worker] o.s.b.f.s.DefaultListableBeanFactory     : Eagerly caching bean 'annotatedEventHandlerInvoker' to allow for resolving potential circular references
2016-04-27 17:58:11.590 TRACE 37359 --- [    Test worker] o.s.beans.CachedIntrospectionResults     : Getting BeanInfo for class [org.springframework.data.rest.core.event.AnnotatedEventHandlerInvoker]
2016-04-27 17:58:11.590 TRACE 37359 --- [    Test worker] o.s.beans.CachedIntrospectionResults     : Caching PropertyDescriptors for class [org.springframework.data.rest.core.event.AnnotatedEventHandlerInvoker]
2016-04-27 17:58:11.590 TRACE 37359 --- [    Test worker] o.s.beans.CachedIntrospectionResults     : Found bean property 'class' of type [java.lang.Class]
2016-04-27 17:58:11.591 DEBUG 37359 --- [    Test worker] o.s.b.f.s.DefaultListableBeanFactory     : Returning cached instance of singleton bean 'org.springframework.transaction.config.internalTransactionAdvisor'
2016-04-27 17:58:11.591 DEBUG 37359 --- [    Test worker] o.s.b.f.s.DefaultListableBeanFactory     : Returning cached instance of singleton bean 'org.springframework.transaction.config.internalTransactionAdvisor'
2016-04-27 17:58:11.591 DEBUG 37359 --- [    Test worker] o.s.b.f.s.DefaultListableBeanFactory     : Finished creating instance of bean 'annotatedEventHandlerInvoker'
2016-04-27 17:58:11.592 DEBUG 37359 --- [    Test worker] o.s.b.f.s.DefaultListableBeanFactory     : Creating shared instance of singleton bean 'org.springframework.hateoas.config.HypermediaSupportBeanDefinitionRegistrar$DefaultObjectMapperCustomizer#0'
2016-04-27 17:58:11.592 DEBUG 37359 --- [    Test worker] o.s.b.f.s.DefaultListableBeanFactory     : Creating instance of bean 'org.springframework.hateoas.config.HypermediaSupportBeanDefinitionRegistrar$DefaultObjectMapperCustomizer#0'
2016-04-27 17:58:11.592 DEBUG 37359 --- [    Test worker] o.s.b.f.s.DefaultListableBeanFactory     : Returning cached instance of singleton bean 'org.springframework.transaction.config.internalTransactionAdvisor'
2016-04-27 17:58:11.592 DEBUG 37359 --- [    Test worker] o.s.b.f.s.DefaultListableBeanFactory     : Eagerly caching bean 'org.springframework.hateoas.config.HypermediaSupportBeanDefinitionRegistrar$DefaultObjectMapperCustomizer#0' to allow for resolving potential circular references
2016-04-27 17:58:11.592 TRACE 37359 --- [    Test worker] o.s.beans.CachedIntrospectionResults     : Getting BeanInfo for class [org.springframework.hateoas.config.HypermediaSupportBeanDefinitionRegistrar$DefaultObjectMapperCustomizer]
2016-04-27 17:58:11.592 TRACE 37359 --- [    Test worker] o.s.beans.CachedIntrospectionResults     : Caching PropertyDescriptors for class [org.springframework.hateoas.config.HypermediaSupportBeanDefinitionRegistrar$DefaultObjectMapperCustomizer]
2016-04-27 17:58:11.592 TRACE 37359 --- [    Test worker] o.s.beans.CachedIntrospectionResults     : Found bean property 'class' of type [java.lang.Class]
2016-04-27 17:58:11.593 DEBUG 37359 --- [    Test worker] o.s.b.f.s.DefaultListableBeanFactory     : Returning cached instance of singleton bean 'org.springframework.transaction.config.internalTransactionAdvisor'
2016-04-27 17:58:11.593 DEBUG 37359 --- [    Test worker] o.s.b.f.s.DefaultListableBeanFactory     : Returning cached instance of singleton bean 'org.springframework.transaction.config.internalTransactionAdvisor'
2016-04-27 17:58:11.593 DEBUG 37359 --- [    Test worker] o.s.b.f.s.DefaultListableBeanFactory     : Finished creating instance of bean 'org.springframework.hateoas.config.HypermediaSupportBeanDefinitionRegistrar$DefaultObjectMapperCustomizer#0'
2016-04-27 17:58:11.593 DEBUG 37359 --- [    Test worker] o.s.b.f.s.DefaultListableBeanFactory     : Creating shared instance of singleton bean 'org.springframework.hateoas.config.HypermediaSupportBeanDefinitionRegistrar$Jackson2ModuleRegisteringBeanPostProcessor#0'
2016-04-27 17:58:11.593 DEBUG 37359 --- [    Test worker] o.s.b.f.s.DefaultListableBeanFactory     : Creating instance of bean 'org.springframework.hateoas.config.HypermediaSupportBeanDefinitionRegistrar$Jackson2ModuleRegisteringBeanPostProcessor#0'
2016-04-27 17:58:11.593 DEBUG 37359 --- [    Test worker] o.s.b.f.s.DefaultListableBeanFactory     : Returning cached instance of singleton bean 'org.springframework.transaction.config.internalTransactionAdvisor'
2016-04-27 17:58:11.593 DEBUG 37359 --- [    Test worker] o.s.b.f.s.DefaultListableBeanFactory     : Eagerly caching bean 'org.springframework.hateoas.config.HypermediaSupportBeanDefinitionRegistrar$Jackson2ModuleRegisteringBeanPostProcessor#0' to allow for resolving potential circular references
2016-04-27 17:58:11.593 TRACE 37359 --- [    Test worker] o.s.beans.CachedIntrospectionResults     : Getting BeanInfo for class [org.springframework.hateoas.config.HypermediaSupportBeanDefinitionRegistrar$Jackson2ModuleRegisteringBeanPostProcessor]
2016-04-27 17:58:11.594 TRACE 37359 --- [    Test worker] o.s.beans.CachedIntrospectionResults     : Caching PropertyDescriptors for class [org.springframework.hateoas.config.HypermediaSupportBeanDefinitionRegistrar$Jackson2ModuleRegisteringBeanPostProcessor]
2016-04-27 17:58:11.594 TRACE 37359 --- [    Test worker] o.s.beans.CachedIntrospectionResults     : Found bean property 'beanFactory' of type [org.springframework.beans.factory.BeanFactory]
2016-04-27 17:58:11.594 TRACE 37359 --- [    Test worker] o.s.beans.CachedIntrospectionResults     : Found bean property 'class' of type [java.lang.Class]
2016-04-27 17:58:11.594 DEBUG 37359 --- [    Test worker] o.s.b.f.s.DefaultListableBeanFactory     : Returning cached instance of singleton bean 'org.springframework.transaction.config.internalTransactionAdvisor'
2016-04-27 17:58:11.594 DEBUG 37359 --- [    Test worker] o.s.b.f.s.DefaultListableBeanFactory     : Returning cached instance of singleton bean 'org.springframework.transaction.config.internalTransactionAdvisor'
2016-04-27 17:58:11.595 DEBUG 37359 --- [    Test worker] o.s.b.f.s.DefaultListableBeanFactory     : Finished creating instance of bean 'org.springframework.hateoas.config.HypermediaSupportBeanDefinitionRegistrar$Jackson2ModuleRegisteringBeanPostProcessor#0'
2016-04-27 17:58:11.596 DEBUG 37359 --- [    Test worker] o.s.w.c.s.GenericWebApplicationContext   : Unable to locate MessageSource with name 'messageSource': using default [org.springframework.context.support.DelegatingMessageSource@3780bead]
2016-04-27 17:58:11.596 DEBUG 37359 --- [    Test worker] o.s.b.f.s.DefaultListableBeanFactory     : Returning cached instance of singleton bean 'applicationEventMulticaster'
2016-04-27 17:58:11.596 DEBUG 37359 --- [    Test worker] o.s.w.c.s.GenericWebApplicationContext   : Using ApplicationEventMulticaster [org.springframework.context.event.SimpleApplicationEventMulticaster@215d05b9]
2016-04-27 17:58:11.597 DEBUG 37359 --- [    Test worker] o.s.u.c.s.UiApplicationContextUtils      : Unable to locate ThemeSource with name 'themeSource': using default [org.springframework.ui.context.support.ResourceBundleThemeSource@5bc338e2]
2016-04-27 17:58:11.599 DEBUG 37359 --- [    Test worker] o.s.b.f.s.DefaultListableBeanFactory     : Creating shared instance of singleton bean 'entityManagerFactory'
2016-04-27 17:58:11.599 DEBUG 37359 --- [    Test worker] o.s.b.f.s.DefaultListableBeanFactory     : Creating instance of bean 'entityManagerFactory'
2016-04-27 17:58:11.600 DEBUG 37359 --- [    Test worker] o.s.b.f.s.DefaultListableBeanFactory     : Returning cached instance of singleton bean 'org.springframework.transaction.config.internalTransactionAdvisor'
2016-04-27 17:58:11.600 DEBUG 37359 --- [    Test worker] o.s.b.f.s.DefaultListableBeanFactory     : Creating shared instance of singleton bean 'org.springframework.boot.autoconfigure.orm.jpa.HibernateJpaAutoConfiguration'
2016-04-27 17:58:11.600 DEBUG 37359 --- [    Test worker] o.s.b.f.s.DefaultListableBeanFactory     : Creating instance of bean 'org.springframework.boot.autoconfigure.orm.jpa.HibernateJpaAutoConfiguration'
2016-04-27 17:58:11.600 DEBUG 37359 --- [    Test worker] o.s.b.f.s.DefaultListableBeanFactory     : Returning cached instance of singleton bean 'org.springframework.transaction.config.internalTransactionAdvisor'
2016-04-27 17:58:11.601 DEBUG 37359 --- [    Test worker] o.s.b.f.annotation.InjectionMetadata     : Registered injected element on class [org.springframework.boot.autoconfigure.orm.jpa.HibernateJpaAutoConfiguration$$EnhancerBySpringCGLIB$$2c5a0bae]: AutowiredFieldElement for private javax.sql.DataSource org.springframework.boot.autoconfigure.orm.jpa.JpaBaseConfiguration.dataSource
2016-04-27 17:58:11.601 DEBUG 37359 --- [    Test worker] o.s.b.f.annotation.InjectionMetadata     : Registered injected element on class [org.springframework.boot.autoconfigure.orm.jpa.HibernateJpaAutoConfiguration$$EnhancerBySpringCGLIB$$2c5a0bae]: AutowiredFieldElement for private org.springframework.orm.jpa.persistenceunit.PersistenceUnitManager org.springframework.boot.autoconfigure.orm.jpa.JpaBaseConfiguration.persistenceUnitManager
2016-04-27 17:58:11.601 DEBUG 37359 --- [    Test worker] o.s.b.f.annotation.InjectionMetadata     : Registered injected element on class [org.springframework.boot.autoconfigure.orm.jpa.HibernateJpaAutoConfiguration$$EnhancerBySpringCGLIB$$2c5a0bae]: AutowiredFieldElement for private org.springframework.boot.autoconfigure.orm.jpa.JpaProperties org.springframework.boot.autoconfigure.orm.jpa.JpaBaseConfiguration.jpaProperties
2016-04-27 17:58:11.601 DEBUG 37359 --- [    Test worker] o.s.b.f.annotation.InjectionMetadata     : Registered injected element on class [org.springframework.boot.autoconfigure.orm.jpa.HibernateJpaAutoConfiguration$$EnhancerBySpringCGLIB$$2c5a0bae]: AutowiredFieldElement for private org.springframework.transaction.jta.JtaTransactionManager org.springframework.boot.autoconfigure.orm.jpa.JpaBaseConfiguration.jtaTransactionManager
2016-04-27 17:58:11.601 DEBUG 37359 --- [    Test worker] o.s.b.f.annotation.InjectionMetadata     : Registered injected element on class [org.springframework.boot.autoconfigure.orm.jpa.HibernateJpaAutoConfiguration$$EnhancerBySpringCGLIB$$2c5a0bae]: AutowiredFieldElement for private org.springframework.boot.autoconfigure.orm.jpa.JpaProperties org.springframework.boot.autoconfigure.orm.jpa.HibernateJpaAutoConfiguration.properties
2016-04-27 17:58:11.601 DEBUG 37359 --- [    Test worker] o.s.b.f.annotation.InjectionMetadata     : Registered injected element on class [org.springframework.boot.autoconfigure.orm.jpa.HibernateJpaAutoConfiguration$$EnhancerBySpringCGLIB$$2c5a0bae]: AutowiredFieldElement for private javax.sql.DataSource org.springframework.boot.autoconfigure.orm.jpa.HibernateJpaAutoConfiguration.dataSource
2016-04-27 17:58:11.601 DEBUG 37359 --- [    Test worker] o.s.b.f.s.DefaultListableBeanFactory     : Eagerly caching bean 'org.springframework.boot.autoconfigure.orm.jpa.HibernateJpaAutoConfiguration' to allow for resolving potential circular references
2016-04-27 17:58:11.601 TRACE 37359 --- [    Test worker] o.s.beans.CachedIntrospectionResults     : Getting BeanInfo for class [org.springframework.boot.autoconfigure.orm.jpa.HibernateJpaAutoConfiguration$$EnhancerBySpringCGLIB$$2c5a0bae]
2016-04-27 17:58:11.603 TRACE 37359 --- [    Test worker] o.s.beans.CachedIntrospectionResults     : Caching PropertyDescriptors for class [org.springframework.boot.autoconfigure.orm.jpa.HibernateJpaAutoConfiguration$$EnhancerBySpringCGLIB$$2c5a0bae]
2016-04-27 17:58:11.603 TRACE 37359 --- [    Test worker] o.s.beans.CachedIntrospectionResults     : Found bean property 'beanFactory' of type [org.springframework.beans.factory.BeanFactory]
2016-04-27 17:58:11.603 TRACE 37359 --- [    Test worker] o.s.beans.CachedIntrospectionResults     : Found bean property 'class' of type [java.lang.Class]
2016-04-27 17:58:11.605 DEBUG 37359 --- [    Test worker] o.s.b.f.annotation.InjectionMetadata     : Processing injected element of bean 'org.springframework.boot.autoconfigure.orm.jpa.HibernateJpaAutoConfiguration': AutowiredFieldElement for private javax.sql.DataSource org.springframework.boot.autoconfigure.orm.jpa.JpaBaseConfiguration.dataSource
2016-04-27 17:58:11.607 DEBUG 37359 --- [    Test worker] o.s.b.f.s.DefaultListableBeanFactory     : Creating shared instance of singleton bean 'dataSource'
2016-04-27 17:58:11.607 DEBUG 37359 --- [    Test worker] o.s.b.f.s.DefaultListableBeanFactory     : Creating instance of bean 'dataSource'
2016-04-27 17:58:11.607 DEBUG 37359 --- [    Test worker] o.s.b.f.s.DefaultListableBeanFactory     : Returning cached instance of singleton bean 'org.springframework.transaction.config.internalTransactionAdvisor'
2016-04-27 17:58:11.607 DEBUG 37359 --- [    Test worker] o.s.b.f.s.DefaultListableBeanFactory     : Creating shared instance of singleton bean 'org.springframework.boot.autoconfigure.jdbc.DataSourceAutoConfiguration$NonEmbeddedConfiguration'
2016-04-27 17:58:11.607 DEBUG 37359 --- [    Test worker] o.s.b.f.s.DefaultListableBeanFactory     : Creating instance of bean 'org.springframework.boot.autoconfigure.jdbc.DataSourceAutoConfiguration$NonEmbeddedConfiguration'
2016-04-27 17:58:11.607 DEBUG 37359 --- [    Test worker] o.s.b.f.s.DefaultListableBeanFactory     : Returning cached instance of singleton bean 'org.springframework.transaction.config.internalTransactionAdvisor'
2016-04-27 17:58:11.607 DEBUG 37359 --- [    Test worker] o.s.b.f.annotation.InjectionMetadata     : Registered injected element on class [org.springframework.boot.autoconfigure.jdbc.DataSourceAutoConfiguration$NonEmbeddedConfiguration]: AutowiredFieldElement for private org.springframework.boot.autoconfigure.jdbc.DataSourceProperties org.springframework.boot.autoconfigure.jdbc.DataSourceAutoConfiguration$NonEmbeddedConfiguration.properties
2016-04-27 17:58:11.607 DEBUG 37359 --- [    Test worker] o.s.b.f.s.DefaultListableBeanFactory     : Eagerly caching bean 'org.springframework.boot.autoconfigure.jdbc.DataSourceAutoConfiguration$NonEmbeddedConfiguration' to allow for resolving potential circular references
2016-04-27 17:58:11.607 TRACE 37359 --- [    Test worker] o.s.beans.CachedIntrospectionResults     : Getting BeanInfo for class [org.springframework.boot.autoconfigure.jdbc.DataSourceAutoConfiguration$NonEmbeddedConfiguration]
2016-04-27 17:58:11.608 TRACE 37359 --- [    Test worker] o.s.beans.CachedIntrospectionResults     : Caching PropertyDescriptors for class [org.springframework.boot.autoconfigure.jdbc.DataSourceAutoConfiguration$NonEmbeddedConfiguration]
2016-04-27 17:58:11.608 TRACE 37359 --- [    Test worker] o.s.beans.CachedIntrospectionResults     : Found bean property 'class' of type [java.lang.Class]
2016-04-27 17:58:11.608 DEBUG 37359 --- [    Test worker] o.s.b.f.annotation.InjectionMetadata     : Processing injected element of bean 'org.springframework.boot.autoconfigure.jdbc.DataSourceAutoConfiguration$NonEmbeddedConfiguration': AutowiredFieldElement for private org.springframework.boot.autoconfigure.jdbc.DataSourceProperties org.springframework.boot.autoconfigure.jdbc.DataSourceAutoConfiguration$NonEmbeddedConfiguration.properties
2016-04-27 17:58:11.609 DEBUG 37359 --- [    Test worker] o.s.b.f.s.DefaultListableBeanFactory     : Creating shared instance of singleton bean 'spring.datasource.CONFIGURATION_PROPERTIES'
2016-04-27 17:58:11.609 DEBUG 37359 --- [    Test worker] o.s.b.f.s.DefaultListableBeanFactory     : Creating instance of bean 'spring.datasource.CONFIGURATION_PROPERTIES'
2016-04-27 17:58:11.609 DEBUG 37359 --- [    Test worker] o.s.b.f.s.DefaultListableBeanFactory     : Returning cached instance of singleton bean 'org.springframework.transaction.config.internalTransactionAdvisor'
2016-04-27 17:58:11.610 DEBUG 37359 --- [    Test worker] o.s.b.f.s.DefaultListableBeanFactory     : Eagerly caching bean 'spring.datasource.CONFIGURATION_PROPERTIES' to allow for resolving potential circular references
2016-04-27 17:58:11.610 TRACE 37359 --- [    Test worker] o.s.beans.CachedIntrospectionResults     : Getting BeanInfo for class [org.springframework.boot.autoconfigure.jdbc.DataSourceProperties]
2016-04-27 17:58:11.611 TRACE 37359 --- [    Test worker] o.s.beans.CachedIntrospectionResults     : Caching PropertyDescriptors for class [org.springframework.boot.autoconfigure.jdbc.DataSourceProperties]
2016-04-27 17:58:11.611 TRACE 37359 --- [    Test worker] o.s.beans.CachedIntrospectionResults     : Found bean property 'beanClassLoader' of type [java.lang.ClassLoader]
2016-04-27 17:58:11.611 TRACE 37359 --- [    Test worker] o.s.beans.CachedIntrospectionResults     : Found bean property 'class' of type [java.lang.Class]
2016-04-27 17:58:11.611 TRACE 37359 --- [    Test worker] o.s.beans.CachedIntrospectionResults     : Found bean property 'classLoader' of type [java.lang.ClassLoader]
2016-04-27 17:58:11.611 TRACE 37359 --- [    Test worker] o.s.beans.CachedIntrospectionResults     : Found bean property 'continueOnError' of type [boolean]
2016-04-27 17:58:11.612 TRACE 37359 --- [    Test worker] o.s.beans.CachedIntrospectionResults     : Found bean property 'data' of type [java.lang.String]
2016-04-27 17:58:11.612 TRACE 37359 --- [    Test worker] o.s.beans.CachedIntrospectionResults     : Found bean property 'driverClassName' of type [java.lang.String]
2016-04-27 17:58:11.612 TRACE 37359 --- [    Test worker] o.s.beans.CachedIntrospectionResults     : Found bean property 'initialize' of type [boolean]
2016-04-27 17:58:11.612 TRACE 37359 --- [    Test worker] o.s.beans.CachedIntrospectionResults     : Found bean property 'jndiName' of type [java.lang.String]
2016-04-27 17:58:11.612 TRACE 37359 --- [    Test worker] o.s.beans.CachedIntrospectionResults     : Found bean property 'name' of type [java.lang.String]
2016-04-27 17:58:11.612 TRACE 37359 --- [    Test worker] o.s.beans.CachedIntrospectionResults     : Found bean property 'password' of type [java.lang.String]
2016-04-27 17:58:11.612 TRACE 37359 --- [    Test worker] o.s.beans.CachedIntrospectionResults     : Found bean property 'platform' of type [java.lang.String]
2016-04-27 17:58:11.612 TRACE 37359 --- [    Test worker] o.s.beans.CachedIntrospectionResults     : Found bean property 'schema' of type [java.lang.String]
2016-04-27 17:58:11.612 TRACE 37359 --- [    Test worker] o.s.beans.CachedIntrospectionResults     : Found bean property 'separator' of type [java.lang.String]
2016-04-27 17:58:11.612 TRACE 37359 --- [    Test worker] o.s.beans.CachedIntrospectionResults     : Found bean property 'sqlScriptEncoding' of type [java.nio.charset.Charset]
2016-04-27 17:58:11.612 TRACE 37359 --- [    Test worker] o.s.beans.CachedIntrospectionResults     : Found bean property 'type' of type [java.lang.Class]
2016-04-27 17:58:11.612 TRACE 37359 --- [    Test worker] o.s.beans.CachedIntrospectionResults     : Found bean property 'url' of type [java.lang.String]
2016-04-27 17:58:11.612 TRACE 37359 --- [    Test worker] o.s.beans.CachedIntrospectionResults     : Found bean property 'username' of type [java.lang.String]
2016-04-27 17:58:11.612 TRACE 37359 --- [    Test worker] o.s.beans.CachedIntrospectionResults     : Found bean property 'xa' of type [org.springframework.boot.autoconfigure.jdbc.DataSourceProperties$Xa]
2016-04-27 17:58:11.613 DEBUG 37359 --- [    Test worker] o.s.b.f.annotation.InjectionMetadata     : Processing injected element of bean 'org.springframework.boot.context.properties.ConfigurationPropertiesBindingPostProcessor': AutowiredMethodElement for public void org.springframework.boot.context.properties.ConfigurationPropertiesBindingPostProcessor.setConverters(java.util.List)
2016-04-27 17:58:11.614 TRACE 37359 --- [    Test worker] o.s.b.b.PropertiesConfigurationFactory   : Property Sources: org.springframework.boot.context.properties.ConfigurationPropertiesBindingPostProcessor$FlatPropertySources@6794fe26
2016-04-27 17:58:11.615 DEBUG 37359 --- [    Test worker] o.s.core.env.MutablePropertySources      : Adding [systemProperties] PropertySource with lowest search precedence
2016-04-27 17:58:11.615 DEBUG 37359 --- [    Test worker] o.s.core.env.MutablePropertySources      : Adding [systemEnvironment] PropertySource with lowest search precedence
2016-04-27 17:58:11.615 DEBUG 37359 --- [    Test worker] o.s.core.env.MutablePropertySources      : Adding [random] PropertySource with lowest search precedence
2016-04-27 17:58:11.615 DEBUG 37359 --- [    Test worker] o.s.core.env.MutablePropertySources      : Adding [integrationTest] PropertySource with lowest search precedence
2016-04-27 17:58:11.615 DEBUG 37359 --- [    Test worker] o.s.core.env.MutablePropertySources      : Adding [applicationConfig: [classpath:/application.yml]] PropertySource with lowest search precedence
2016-04-27 17:58:11.615 DEBUG 37359 --- [    Test worker] o.s.core.env.MutablePropertySources      : Adding [localProperties] PropertySource with lowest search precedence
2016-04-27 17:58:11.655 DEBUG 37359 --- [    Test worker] o.s.b.f.s.DefaultListableBeanFactory     : Invoking afterPropertiesSet() on bean with name 'spring.datasource.CONFIGURATION_PROPERTIES'
2016-04-27 17:58:11.656 DEBUG 37359 --- [    Test worker] o.s.b.f.s.DefaultListableBeanFactory     : Returning cached instance of singleton bean 'org.springframework.transaction.config.internalTransactionAdvisor'
2016-04-27 17:58:11.657 DEBUG 37359 --- [    Test worker] o.s.b.f.s.DefaultListableBeanFactory     : Returning cached instance of singleton bean 'org.springframework.transaction.config.internalTransactionAdvisor'
2016-04-27 17:58:11.658 DEBUG 37359 --- [    Test worker] o.s.b.f.s.DefaultListableBeanFactory     : Finished creating instance of bean 'spring.datasource.CONFIGURATION_PROPERTIES'
2016-04-27 17:58:11.658 DEBUG 37359 --- [    Test worker] f.a.AutowiredAnnotationBeanPostProcessor : Autowiring by type from bean name 'org.springframework.boot.autoconfigure.jdbc.DataSourceAutoConfiguration$NonEmbeddedConfiguration' to bean named 'spring.datasource.CONFIGURATION_PROPERTIES'
2016-04-27 17:58:11.658 DEBUG 37359 --- [    Test worker] o.s.b.f.s.DefaultListableBeanFactory     : Returning cached instance of singleton bean 'org.springframework.transaction.config.internalTransactionAdvisor'
2016-04-27 17:58:11.658 DEBUG 37359 --- [    Test worker] o.s.b.f.s.DefaultListableBeanFactory     : Returning cached instance of singleton bean 'org.springframework.transaction.config.internalTransactionAdvisor'
2016-04-27 17:58:11.658 DEBUG 37359 --- [    Test worker] o.s.b.f.s.DefaultListableBeanFactory     : Finished creating instance of bean 'org.springframework.boot.autoconfigure.jdbc.DataSourceAutoConfiguration$NonEmbeddedConfiguration'
2016-04-27 17:58:11.663 TRACE 37359 --- [    Test worker] o.s.beans.CachedIntrospectionResults     : Getting BeanInfo for class [org.apache.tomcat.jdbc.pool.DataSource]
2016-04-27 17:58:11.670 TRACE 37359 --- [    Test worker] o.s.beans.CachedIntrospectionResults     : Caching PropertyDescriptors for class [org.apache.tomcat.jdbc.pool.DataSource]
2016-04-27 17:58:11.670 TRACE 37359 --- [    Test worker] o.s.beans.CachedIntrospectionResults     : Found bean property 'XAConnection' of type [javax.sql.XAConnection]
2016-04-27 17:58:11.670 TRACE 37359 --- [    Test worker] o.s.beans.CachedIntrospectionResults     : Found bean property 'abandonWhenPercentageFull' of type [int]
2016-04-27 17:58:11.670 TRACE 37359 --- [    Test worker] o.s.beans.CachedIntrospectionResults     : Found bean property 'accessToUnderlyingConnectionAllowed' of type [boolean]
2016-04-27 17:58:11.670 TRACE 37359 --- [    Test worker] o.s.beans.CachedIntrospectionResults     : Found bean property 'active' of type [int]
2016-04-27 17:58:11.670 TRACE 37359 --- [    Test worker] o.s.beans.CachedIntrospectionResults     : Found bean property 'alternateUsernameAllowed' of type [boolean]
2016-04-27 17:58:11.670 TRACE 37359 --- [    Test worker] o.s.beans.CachedIntrospectionResults     : Found bean property 'class' of type [java.lang.Class]
2016-04-27 17:58:11.670 TRACE 37359 --- [    Test worker] o.s.beans.CachedIntrospectionResults     : Found bean property 'commitOnReturn' of type [boolean]
2016-04-27 17:58:11.670 TRACE 37359 --- [    Test worker] o.s.beans.CachedIntrospectionResults     : Found bean property 'connection' of type [java.sql.Connection]
2016-04-27 17:58:11.670 TRACE 37359 --- [    Test worker] o.s.beans.CachedIntrospectionResults     : Found bean property 'connectionAsync' of type [java.util.concurrent.Future]
2016-04-27 17:58:11.671 TRACE 37359 --- [    Test worker] o.s.beans.CachedIntrospectionResults     : Found bean property 'connectionProperties' of type [java.lang.String]
2016-04-27 17:58:11.671 TRACE 37359 --- [    Test worker] o.s.beans.CachedIntrospectionResults     : Found bean property 'dataSource' of type [java.lang.Object]
2016-04-27 17:58:11.671 TRACE 37359 --- [    Test worker] o.s.beans.CachedIntrospectionResults     : Found bean property 'dataSourceJNDI' of type [java.lang.String]
2016-04-27 17:58:11.671 TRACE 37359 --- [    Test worker] o.s.beans.CachedIntrospectionResults     : Found bean property 'dbProperties' of type [java.util.Properties]
2016-04-27 17:58:11.671 TRACE 37359 --- [    Test worker] o.s.beans.CachedIntrospectionResults     : Found bean property 'defaultAutoCommit' of type [java.lang.Boolean]
2016-04-27 17:58:11.671 TRACE 37359 --- [    Test worker] o.s.beans.CachedIntrospectionResults     : Found bean property 'defaultCatalog' of type [java.lang.String]
2016-04-27 17:58:11.671 TRACE 37359 --- [    Test worker] o.s.beans.CachedIntrospectionResults     : Found bean property 'defaultReadOnly' of type [java.lang.Boolean]
2016-04-27 17:58:11.671 TRACE 37359 --- [    Test worker] o.s.beans.CachedIntrospectionResults     : Found bean property 'defaultTransactionIsolation' of type [int]
2016-04-27 17:58:11.671 TRACE 37359 --- [    Test worker] o.s.beans.CachedIntrospectionResults     : Found bean property 'driverClassName' of type [java.lang.String]
2016-04-27 17:58:11.671 TRACE 37359 --- [    Test worker] o.s.beans.CachedIntrospectionResults     : Found bean property 'fairQueue' of type [boolean]
2016-04-27 17:58:11.671 TRACE 37359 --- [    Test worker] o.s.beans.CachedIntrospectionResults     : Found bean property 'idle' of type [int]
2016-04-27 17:58:11.671 TRACE 37359 --- [    Test worker] o.s.beans.CachedIntrospectionResults     : Found bean property 'ignoreExceptionOnPreLoad' of type [boolean]
2016-04-27 17:58:11.671 TRACE 37359 --- [    Test worker] o.s.beans.CachedIntrospectionResults     : Found bean property 'initSQL' of type [java.lang.String]
2016-04-27 17:58:11.671 TRACE 37359 --- [    Test worker] o.s.beans.CachedIntrospectionResults     : Found bean property 'initialSize' of type [int]
2016-04-27 17:58:11.671 TRACE 37359 --- [    Test worker] o.s.beans.CachedIntrospectionResults     : Found bean property 'jdbcInterceptors' of type [java.lang.String]
2016-04-27 17:58:11.671 TRACE 37359 --- [    Test worker] o.s.beans.CachedIntrospectionResults     : Found bean property 'jdbcInterceptorsAsArray' of type [[Lorg.apache.tomcat.jdbc.pool.PoolProperties$InterceptorDefinition;]
2016-04-27 17:58:11.671 TRACE 37359 --- [    Test worker] o.s.beans.CachedIntrospectionResults     : Found bean property 'jmxEnabled' of type [boolean]
2016-04-27 17:58:11.671 TRACE 37359 --- [    Test worker] o.s.beans.CachedIntrospectionResults     : Found bean property 'logAbandoned' of type [boolean]
2016-04-27 17:58:11.671 TRACE 37359 --- [    Test worker] o.s.beans.CachedIntrospectionResults     : Found bean property 'logValidationErrors' of type [boolean]
2016-04-27 17:58:11.671 TRACE 37359 --- [    Test worker] o.s.beans.CachedIntrospectionResults     : Found bean property 'logWriter' of type [java.io.PrintWriter]
2016-04-27 17:58:11.671 TRACE 37359 --- [    Test worker] o.s.beans.CachedIntrospectionResults     : Found bean property 'loginTimeout' of type [int]
2016-04-27 17:58:11.671 TRACE 37359 --- [    Test worker] o.s.beans.CachedIntrospectionResults     : Found bean property 'maxActive' of type [int]
2016-04-27 17:58:11.672 TRACE 37359 --- [    Test worker] o.s.beans.CachedIntrospectionResults     : Found bean property 'maxAge' of type [long]
2016-04-27 17:58:11.672 TRACE 37359 --- [    Test worker] o.s.beans.CachedIntrospectionResults     : Found bean property 'maxIdle' of type [int]
2016-04-27 17:58:11.672 TRACE 37359 --- [    Test worker] o.s.beans.CachedIntrospectionResults     : Found bean property 'maxWait' of type [int]
2016-04-27 17:58:11.672 TRACE 37359 --- [    Test worker] o.s.beans.CachedIntrospectionResults     : Found bean property 'minEvictableIdleTimeMillis' of type [int]
2016-04-27 17:58:11.672 TRACE 37359 --- [    Test worker] o.s.beans.CachedIntrospectionResults     : Found bean property 'minIdle' of type [int]
2016-04-27 17:58:11.672 TRACE 37359 --- [    Test worker] o.s.beans.CachedIntrospectionResults     : Found bean property 'name' of type [java.lang.String]
2016-04-27 17:58:11.672 TRACE 37359 --- [    Test worker] o.s.beans.CachedIntrospectionResults     : Found bean property 'numActive' of type [int]
2016-04-27 17:58:11.672 TRACE 37359 --- [    Test worker] o.s.beans.CachedIntrospectionResults     : Found bean property 'numIdle' of type [int]
2016-04-27 17:58:11.672 TRACE 37359 --- [    Test worker] o.s.beans.CachedIntrospectionResults     : Found bean property 'numTestsPerEvictionRun' of type [int]
2016-04-27 17:58:11.672 TRACE 37359 --- [    Test worker] o.s.beans.CachedIntrospectionResults     : Found bean property 'parentLogger' of type [java.util.logging.Logger]
2016-04-27 17:58:11.672 TRACE 37359 --- [    Test worker] o.s.beans.CachedIntrospectionResults     : Found bean property 'password' of type [java.lang.String]
2016-04-27 17:58:11.672 TRACE 37359 --- [    Test worker] o.s.beans.CachedIntrospectionResults     : Found bean property 'pool' of type [org.apache.tomcat.jdbc.pool.ConnectionPool]
2016-04-27 17:58:11.672 TRACE 37359 --- [    Test worker] o.s.beans.CachedIntrospectionResults     : Found bean property 'poolName' of type [java.lang.String]
2016-04-27 17:58:11.672 TRACE 37359 --- [    Test worker] o.s.beans.CachedIntrospectionResults     : Found bean property 'poolProperties' of type [org.apache.tomcat.jdbc.pool.PoolConfiguration]
2016-04-27 17:58:11.672 TRACE 37359 --- [    Test worker] o.s.beans.CachedIntrospectionResults     : Found bean property 'poolSize' of type [int]
2016-04-27 17:58:11.672 TRACE 37359 --- [    Test worker] o.s.beans.CachedIntrospectionResults     : Found bean property 'poolSweeperEnabled' of type [boolean]
2016-04-27 17:58:11.672 TRACE 37359 --- [    Test worker] o.s.beans.CachedIntrospectionResults     : Found bean property 'pooledConnection' of type [javax.sql.PooledConnection]
2016-04-27 17:58:11.672 TRACE 37359 --- [    Test worker] o.s.beans.CachedIntrospectionResults     : Found bean property 'propagateInterruptState' of type [boolean]
2016-04-27 17:58:11.672 TRACE 37359 --- [    Test worker] o.s.beans.CachedIntrospectionResults     : Found bean property 'removeAbandoned' of type [boolean]
2016-04-27 17:58:11.672 TRACE 37359 --- [    Test worker] o.s.beans.CachedIntrospectionResults     : Found bean property 'removeAbandonedTimeout' of type [int]
2016-04-27 17:58:11.672 TRACE 37359 --- [    Test worker] o.s.beans.CachedIntrospectionResults     : Found bean property 'rollbackOnReturn' of type [boolean]
2016-04-27 17:58:11.673 TRACE 37359 --- [    Test worker] o.s.beans.CachedIntrospectionResults     : Found bean property 'size' of type [int]
2016-04-27 17:58:11.673 TRACE 37359 --- [    Test worker] o.s.beans.CachedIntrospectionResults     : Found bean property 'suspectTimeout' of type [int]
2016-04-27 17:58:11.673 TRACE 37359 --- [    Test worker] o.s.beans.CachedIntrospectionResults     : Found bean property 'testOnBorrow' of type [boolean]
2016-04-27 17:58:11.673 TRACE 37359 --- [    Test worker] o.s.beans.CachedIntrospectionResults     : Found bean property 'testOnConnect' of type [boolean]
2016-04-27 17:58:11.673 TRACE 37359 --- [    Test worker] o.s.beans.CachedIntrospectionResults     : Found bean property 'testOnReturn' of type [boolean]
2016-04-27 17:58:11.673 TRACE 37359 --- [    Test worker] o.s.beans.CachedIntrospectionResults     : Found bean property 'testWhileIdle' of type [boolean]
2016-04-27 17:58:11.673 TRACE 37359 --- [    Test worker] o.s.beans.CachedIntrospectionResults     : Found bean property 'timeBetweenEvictionRunsMillis' of type [int]
2016-04-27 17:58:11.673 TRACE 37359 --- [    Test worker] o.s.beans.CachedIntrospectionResults     : Found bean property 'url' of type [java.lang.String]
2016-04-27 17:58:11.673 TRACE 37359 --- [    Test worker] o.s.beans.CachedIntrospectionResults     : Found bean property 'useDisposableConnectionFacade' of type [boolean]
2016-04-27 17:58:11.673 TRACE 37359 --- [    Test worker] o.s.beans.CachedIntrospectionResults     : Found bean property 'useEquals' of type [boolean]
2016-04-27 17:58:11.673 TRACE 37359 --- [    Test worker] o.s.beans.CachedIntrospectionResults     : Found bean property 'useLock' of type [boolean]
2016-04-27 17:58:11.673 TRACE 37359 --- [    Test worker] o.s.beans.CachedIntrospectionResults     : Found bean property 'username' of type [java.lang.String]
2016-04-27 17:58:11.673 TRACE 37359 --- [    Test worker] o.s.beans.CachedIntrospectionResults     : Found bean property 'validationInterval' of type [long]
2016-04-27 17:58:11.673 TRACE 37359 --- [    Test worker] o.s.beans.CachedIntrospectionResults     : Found bean property 'validationQuery' of type [java.lang.String]
2016-04-27 17:58:11.673 TRACE 37359 --- [    Test worker] o.s.beans.CachedIntrospectionResults     : Found bean property 'validationQueryTimeout' of type [int]
2016-04-27 17:58:11.673 TRACE 37359 --- [    Test worker] o.s.beans.CachedIntrospectionResults     : Found bean property 'validator' of type [org.apache.tomcat.jdbc.pool.Validator]
2016-04-27 17:58:11.673 TRACE 37359 --- [    Test worker] o.s.beans.CachedIntrospectionResults     : Found bean property 'validatorClassName' of type [java.lang.String]
2016-04-27 17:58:11.673 TRACE 37359 --- [    Test worker] o.s.beans.CachedIntrospectionResults     : Found bean property 'waitCount' of type [int]
2016-04-27 17:58:11.675 DEBUG 37359 --- [    Test worker] o.s.b.f.s.DefaultListableBeanFactory     : Eagerly caching bean 'dataSource' to allow for resolving potential circular references
2016-04-27 17:58:11.675 TRACE 37359 --- [    Test worker] o.s.b.b.PropertiesConfigurationFactory   : Property Sources: org.springframework.boot.context.properties.ConfigurationPropertiesBindingPostProcessor$FlatPropertySources@6794fe26
2016-04-27 17:58:11.681 DEBUG 37359 --- [    Test worker] o.s.core.env.MutablePropertySources      : Adding [systemProperties] PropertySource with lowest search precedence
2016-04-27 17:58:11.681 DEBUG 37359 --- [    Test worker] o.s.core.env.MutablePropertySources      : Adding [systemEnvironment] PropertySource with lowest search precedence
2016-04-27 17:58:11.681 DEBUG 37359 --- [    Test worker] o.s.core.env.MutablePropertySources      : Adding [random] PropertySource with lowest search precedence
2016-04-27 17:58:11.681 DEBUG 37359 --- [    Test worker] o.s.core.env.MutablePropertySources      : Adding [integrationTest] PropertySource with lowest search precedence
2016-04-27 17:58:11.681 DEBUG 37359 --- [    Test worker] o.s.core.env.MutablePropertySources      : Adding [applicationConfig: [classpath:/application.yml]] PropertySource with lowest search precedence
2016-04-27 17:58:11.681 DEBUG 37359 --- [    Test worker] o.s.core.env.MutablePropertySources      : Adding [localProperties] PropertySource with lowest search precedence
2016-04-27 17:58:11.719 DEBUG 37359 --- [    Test worker] o.s.b.f.s.DefaultListableBeanFactory     : Returning cached instance of singleton bean 'org.springframework.transaction.config.internalTransactionAdvisor'
2016-04-27 17:58:11.719 DEBUG 37359 --- [    Test worker] o.s.b.f.s.DefaultListableBeanFactory     : Returning cached instance of singleton bean 'org.springframework.transaction.config.internalTransactionAdvisor'
2016-04-27 17:58:11.723 DEBUG 37359 --- [    Test worker] o.s.b.f.s.DefaultListableBeanFactory     : Creating shared instance of singleton bean 'dataSourceInitializer'
2016-04-27 17:58:11.723 DEBUG 37359 --- [    Test worker] o.s.b.f.s.DefaultListableBeanFactory     : Creating instance of bean 'dataSourceInitializer'
2016-04-27 17:58:11.723 DEBUG 37359 --- [    Test worker] o.s.b.f.s.DefaultListableBeanFactory     : Returning cached instance of singleton bean 'org.springframework.transaction.config.internalTransactionAdvisor'
2016-04-27 17:58:11.723 DEBUG 37359 --- [    Test worker] o.s.b.f.s.DefaultListableBeanFactory     : Creating shared instance of singleton bean 'org.springframework.boot.autoconfigure.jdbc.DataSourceAutoConfiguration$DataSourceInitializerConfiguration'
2016-04-27 17:58:11.724 DEBUG 37359 --- [    Test worker] o.s.b.f.s.DefaultListableBeanFactory     : Creating instance of bean 'org.springframework.boot.autoconfigure.jdbc.DataSourceAutoConfiguration$DataSourceInitializerConfiguration'
2016-04-27 17:58:11.724 DEBUG 37359 --- [    Test worker] o.s.b.f.s.DefaultListableBeanFactory     : Returning cached instance of singleton bean 'org.springframework.transaction.config.internalTransactionAdvisor'
2016-04-27 17:58:11.724 DEBUG 37359 --- [    Test worker] o.s.b.f.s.DefaultListableBeanFactory     : Eagerly caching bean 'org.springframework.boot.autoconfigure.jdbc.DataSourceAutoConfiguration$DataSourceInitializerConfiguration' to allow for resolving potential circular references
2016-04-27 17:58:11.724 TRACE 37359 --- [    Test worker] o.s.beans.CachedIntrospectionResults     : Getting BeanInfo for class [org.springframework.boot.autoconfigure.jdbc.DataSourceAutoConfiguration$DataSourceInitializerConfiguration$$EnhancerBySpringCGLIB$$9c11bcd5]
2016-04-27 17:58:11.726 TRACE 37359 --- [    Test worker] o.s.beans.CachedIntrospectionResults     : Caching PropertyDescriptors for class [org.springframework.boot.autoconfigure.jdbc.DataSourceAutoConfiguration$DataSourceInitializerConfiguration$$EnhancerBySpringCGLIB$$9c11bcd5]
2016-04-27 17:58:11.726 TRACE 37359 --- [    Test worker] o.s.beans.CachedIntrospectionResults     : Found bean property 'beanFactory' of type [org.springframework.beans.factory.BeanFactory]
2016-04-27 17:58:11.726 TRACE 37359 --- [    Test worker] o.s.beans.CachedIntrospectionResults     : Found bean property 'class' of type [java.lang.Class]
2016-04-27 17:58:11.726 DEBUG 37359 --- [    Test worker] o.s.b.f.s.DefaultListableBeanFactory     : Returning cached instance of singleton bean 'org.springframework.transaction.config.internalTransactionAdvisor'
2016-04-27 17:58:11.726 DEBUG 37359 --- [    Test worker] o.s.b.f.s.DefaultListableBeanFactory     : Returning cached instance of singleton bean 'org.springframework.transaction.config.internalTransactionAdvisor'
2016-04-27 17:58:11.728 DEBUG 37359 --- [    Test worker] o.s.b.f.s.DefaultListableBeanFactory     : Finished creating instance of bean 'org.springframework.boot.autoconfigure.jdbc.DataSourceAutoConfiguration$DataSourceInitializerConfiguration'
2016-04-27 17:58:11.731 DEBUG 37359 --- [    Test worker] .s.c.a.CommonAnnotationBeanPostProcessor : Found init method on class [org.springframework.boot.autoconfigure.jdbc.DataSourceInitializer]: public void org.springframework.boot.autoconfigure.jdbc.DataSourceInitializer.init()
2016-04-27 17:58:11.731 DEBUG 37359 --- [    Test worker] .s.c.a.CommonAnnotationBeanPostProcessor : Registered init method on class [org.springframework.boot.autoconfigure.jdbc.DataSourceInitializer]: org.springframework.beans.factory.annotation.InitDestroyAnnotationBeanPostProcessor$LifecycleElement@316510
2016-04-27 17:58:11.731 DEBUG 37359 --- [    Test worker] o.s.b.f.annotation.InjectionMetadata     : Registered injected element on class [org.springframework.boot.autoconfigure.jdbc.DataSourceInitializer]: AutowiredFieldElement for private org.springframework.context.ConfigurableApplicationContext org.springframework.boot.autoconfigure.jdbc.DataSourceInitializer.applicationContext
2016-04-27 17:58:11.731 DEBUG 37359 --- [    Test worker] o.s.b.f.annotation.InjectionMetadata     : Registered injected element on class [org.springframework.boot.autoconfigure.jdbc.DataSourceInitializer]: AutowiredFieldElement for private org.springframework.boot.autoconfigure.jdbc.DataSourceProperties org.springframework.boot.autoconfigure.jdbc.DataSourceInitializer.properties
2016-04-27 17:58:11.731 DEBUG 37359 --- [    Test worker] o.s.b.f.s.DefaultListableBeanFactory     : Eagerly caching bean 'dataSourceInitializer' to allow for resolving potential circular references
2016-04-27 17:58:11.731 TRACE 37359 --- [    Test worker] o.s.beans.CachedIntrospectionResults     : Getting BeanInfo for class [org.springframework.boot.autoconfigure.jdbc.DataSourceInitializer]
2016-04-27 17:58:11.732 TRACE 37359 --- [    Test worker] o.s.beans.CachedIntrospectionResults     : Caching PropertyDescriptors for class [org.springframework.boot.autoconfigure.jdbc.DataSourceInitializer]
2016-04-27 17:58:11.732 TRACE 37359 --- [    Test worker] o.s.beans.CachedIntrospectionResults     : Found bean property 'class' of type [java.lang.Class]
2016-04-27 17:58:11.732 DEBUG 37359 --- [    Test worker] o.s.b.f.annotation.InjectionMetadata     : Processing injected element of bean 'dataSourceInitializer': AutowiredFieldElement for private org.springframework.context.ConfigurableApplicationContext org.springframework.boot.autoconfigure.jdbc.DataSourceInitializer.applicationContext
2016-04-27 17:58:11.733 DEBUG 37359 --- [    Test worker] f.a.AutowiredAnnotationBeanPostProcessor : Autowiring by type from bean name 'dataSourceInitializer' to bean named 'org.springframework.web.context.support.GenericWebApplicationContext@5a677df7'
2016-04-27 17:58:11.733 DEBUG 37359 --- [    Test worker] o.s.b.f.annotation.InjectionMetadata     : Processing injected element of bean 'dataSourceInitializer': AutowiredFieldElement for private org.springframework.boot.autoconfigure.jdbc.DataSourceProperties org.springframework.boot.autoconfigure.jdbc.DataSourceInitializer.properties
2016-04-27 17:58:11.734 DEBUG 37359 --- [    Test worker] o.s.b.f.s.DefaultListableBeanFactory     : Returning cached instance of singleton bean 'spring.datasource.CONFIGURATION_PROPERTIES'
2016-04-27 17:58:11.734 DEBUG 37359 --- [    Test worker] f.a.AutowiredAnnotationBeanPostProcessor : Autowiring by type from bean name 'dataSourceInitializer' to bean named 'spring.datasource.CONFIGURATION_PROPERTIES'
2016-04-27 17:58:11.734 DEBUG 37359 --- [    Test worker] .s.c.a.CommonAnnotationBeanPostProcessor : Invoking init method on bean 'dataSourceInitializer': public void org.springframework.boot.autoconfigure.jdbc.DataSourceInitializer.init()
2016-04-27 17:58:11.736 DEBUG 37359 --- [    Test worker] o.s.b.f.s.DefaultListableBeanFactory     : Returning eagerly cached instance of singleton bean 'dataSource' that is not fully initialized yet - a consequence of a circular reference
2016-04-27 17:58:11.736 DEBUG 37359 --- [    Test worker] o.s.b.f.s.DefaultListableBeanFactory     : Returning cached instance of singleton bean 'org.springframework.transaction.config.internalTransactionAdvisor'
2016-04-27 17:58:11.736 DEBUG 37359 --- [    Test worker] o.s.b.f.s.DefaultListableBeanFactory     : Returning cached instance of singleton bean 'org.springframework.transaction.config.internalTransactionAdvisor'
2016-04-27 17:58:11.736 DEBUG 37359 --- [    Test worker] o.s.b.f.s.DefaultListableBeanFactory     : Finished creating instance of bean 'dataSourceInitializer'
2016-04-27 17:58:11.737 DEBUG 37359 --- [    Test worker] o.s.b.f.s.DefaultListableBeanFactory     : Finished creating instance of bean 'dataSource'
2016-04-27 17:58:11.737 DEBUG 37359 --- [    Test worker] f.a.AutowiredAnnotationBeanPostProcessor : Autowiring by type from bean name 'org.springframework.boot.autoconfigure.orm.jpa.HibernateJpaAutoConfiguration' to bean named 'dataSource'
2016-04-27 17:58:11.737 DEBUG 37359 --- [    Test worker] o.s.b.f.annotation.InjectionMetadata     : Processing injected element of bean 'org.springframework.boot.autoconfigure.orm.jpa.HibernateJpaAutoConfiguration': AutowiredFieldElement for private org.springframework.orm.jpa.persistenceunit.PersistenceUnitManager org.springframework.boot.autoconfigure.orm.jpa.JpaBaseConfiguration.persistenceUnitManager
2016-04-27 17:58:11.738 DEBUG 37359 --- [    Test worker] o.s.b.f.annotation.InjectionMetadata     : Processing injected element of bean 'org.springframework.boot.autoconfigure.orm.jpa.HibernateJpaAutoConfiguration': AutowiredFieldElement for private org.springframework.boot.autoconfigure.orm.jpa.JpaProperties org.springframework.boot.autoconfigure.orm.jpa.JpaBaseConfiguration.jpaProperties
2016-04-27 17:58:11.738 DEBUG 37359 --- [    Test worker] o.s.b.f.s.DefaultListableBeanFactory     : Creating shared instance of singleton bean 'spring.jpa.CONFIGURATION_PROPERTIES'
2016-04-27 17:58:11.738 DEBUG 37359 --- [    Test worker] o.s.b.f.s.DefaultListableBeanFactory     : Creating instance of bean 'spring.jpa.CONFIGURATION_PROPERTIES'
2016-04-27 17:58:11.738 DEBUG 37359 --- [    Test worker] o.s.b.f.s.DefaultListableBeanFactory     : Returning cached instance of singleton bean 'org.springframework.transaction.config.internalTransactionAdvisor'
2016-04-27 17:58:11.739 DEBUG 37359 --- [    Test worker] o.s.b.f.s.DefaultListableBeanFactory     : Eagerly caching bean 'spring.jpa.CONFIGURATION_PROPERTIES' to allow for resolving potential circular references
2016-04-27 17:58:11.739 TRACE 37359 --- [    Test worker] o.s.beans.CachedIntrospectionResults     : Getting BeanInfo for class [org.springframework.boot.autoconfigure.orm.jpa.JpaProperties]
2016-04-27 17:58:11.740 TRACE 37359 --- [    Test worker] o.s.beans.CachedIntrospectionResults     : Caching PropertyDescriptors for class [org.springframework.boot.autoconfigure.orm.jpa.JpaProperties]
2016-04-27 17:58:11.740 TRACE 37359 --- [    Test worker] o.s.beans.CachedIntrospectionResults     : Found bean property 'class' of type [java.lang.Class]
2016-04-27 17:58:11.740 TRACE 37359 --- [    Test worker] o.s.beans.CachedIntrospectionResults     : Found bean property 'database' of type [org.springframework.orm.jpa.vendor.Database]
2016-04-27 17:58:11.740 TRACE 37359 --- [    Test worker] o.s.beans.CachedIntrospectionResults     : Found bean property 'databasePlatform' of type [java.lang.String]
2016-04-27 17:58:11.740 TRACE 37359 --- [    Test worker] o.s.beans.CachedIntrospectionResults     : Found bean property 'generateDdl' of type [boolean]
2016-04-27 17:58:11.740 TRACE 37359 --- [    Test worker] o.s.beans.CachedIntrospectionResults     : Found bean property 'hibernate' of type [org.springframework.boot.autoconfigure.orm.jpa.JpaProperties$Hibernate]
2016-04-27 17:58:11.740 TRACE 37359 --- [    Test worker] o.s.beans.CachedIntrospectionResults     : Found bean property 'properties' of type [java.util.Map]
2016-04-27 17:58:11.740 TRACE 37359 --- [    Test worker] o.s.beans.CachedIntrospectionResults     : Found bean property 'showSql' of type [boolean]
2016-04-27 17:58:11.740 TRACE 37359 --- [    Test worker] o.s.b.b.PropertiesConfigurationFactory   : Property Sources: org.springframework.boot.context.properties.ConfigurationPropertiesBindingPostProcessor$FlatPropertySources@6794fe26
2016-04-27 17:58:11.741 DEBUG 37359 --- [    Test worker] o.s.core.env.MutablePropertySources      : Adding [systemProperties] PropertySource with lowest search precedence
2016-04-27 17:58:11.741 DEBUG 37359 --- [    Test worker] o.s.core.env.MutablePropertySources      : Adding [systemEnvironment] PropertySource with lowest search precedence
2016-04-27 17:58:11.741 DEBUG 37359 --- [    Test worker] o.s.core.env.MutablePropertySources      : Adding [random] PropertySource with lowest search precedence
2016-04-27 17:58:11.741 DEBUG 37359 --- [    Test worker] o.s.core.env.MutablePropertySources      : Adding [integrationTest] PropertySource with lowest search precedence
2016-04-27 17:58:11.741 DEBUG 37359 --- [    Test worker] o.s.core.env.MutablePropertySources      : Adding [applicationConfig: [classpath:/application.yml]] PropertySource with lowest search precedence
2016-04-27 17:58:11.741 DEBUG 37359 --- [    Test worker] o.s.core.env.MutablePropertySources      : Adding [localProperties] PropertySource with lowest search precedence
2016-04-27 17:58:11.744 DEBUG 37359 --- [    Test worker] o.s.b.f.s.DefaultListableBeanFactory     : Returning cached instance of singleton bean 'org.springframework.transaction.config.internalTransactionAdvisor'
2016-04-27 17:58:11.744 DEBUG 37359 --- [    Test worker] o.s.b.f.s.DefaultListableBeanFactory     : Returning cached instance of singleton bean 'org.springframework.transaction.config.internalTransactionAdvisor'
2016-04-27 17:58:11.744 DEBUG 37359 --- [    Test worker] o.s.b.f.s.DefaultListableBeanFactory     : Finished creating instance of bean 'spring.jpa.CONFIGURATION_PROPERTIES'
2016-04-27 17:58:11.744 DEBUG 37359 --- [    Test worker] f.a.AutowiredAnnotationBeanPostProcessor : Autowiring by type from bean name 'org.springframework.boot.autoconfigure.orm.jpa.HibernateJpaAutoConfiguration' to bean named 'spring.jpa.CONFIGURATION_PROPERTIES'
2016-04-27 17:58:11.744 DEBUG 37359 --- [    Test worker] o.s.b.f.annotation.InjectionMetadata     : Processing injected element of bean 'org.springframework.boot.autoconfigure.orm.jpa.HibernateJpaAutoConfiguration': AutowiredFieldElement for private org.springframework.transaction.jta.JtaTransactionManager org.springframework.boot.autoconfigure.orm.jpa.JpaBaseConfiguration.jtaTransactionManager
2016-04-27 17:58:11.745 DEBUG 37359 --- [    Test worker] o.s.b.f.annotation.InjectionMetadata     : Processing injected element of bean 'org.springframework.boot.autoconfigure.orm.jpa.HibernateJpaAutoConfiguration': AutowiredFieldElement for private org.springframework.boot.autoconfigure.orm.jpa.JpaProperties org.springframework.boot.autoconfigure.orm.jpa.HibernateJpaAutoConfiguration.properties
2016-04-27 17:58:11.746 DEBUG 37359 --- [    Test worker] o.s.b.f.s.DefaultListableBeanFactory     : Returning cached instance of singleton bean 'spring.jpa.CONFIGURATION_PROPERTIES'
2016-04-27 17:58:11.746 DEBUG 37359 --- [    Test worker] f.a.AutowiredAnnotationBeanPostProcessor : Autowiring by type from bean name 'org.springframework.boot.autoconfigure.orm.jpa.HibernateJpaAutoConfiguration' to bean named 'spring.jpa.CONFIGURATION_PROPERTIES'
2016-04-27 17:58:11.746 DEBUG 37359 --- [    Test worker] o.s.b.f.annotation.InjectionMetadata     : Processing injected element of bean 'org.springframework.boot.autoconfigure.orm.jpa.HibernateJpaAutoConfiguration': AutowiredFieldElement for private javax.sql.DataSource org.springframework.boot.autoconfigure.orm.jpa.HibernateJpaAutoConfiguration.dataSource
2016-04-27 17:58:11.747 DEBUG 37359 --- [    Test worker] o.s.b.f.s.DefaultListableBeanFactory     : Returning cached instance of singleton bean 'dataSource'
2016-04-27 17:58:11.747 DEBUG 37359 --- [    Test worker] f.a.AutowiredAnnotationBeanPostProcessor : Autowiring by type from bean name 'org.springframework.boot.autoconfigure.orm.jpa.HibernateJpaAutoConfiguration' to bean named 'dataSource'
2016-04-27 17:58:11.747 DEBUG 37359 --- [    Test worker] o.s.b.f.s.DefaultListableBeanFactory     : Returning cached instance of singleton bean 'org.springframework.transaction.config.internalTransactionAdvisor'
2016-04-27 17:58:11.747 DEBUG 37359 --- [    Test worker] o.s.b.f.s.DefaultListableBeanFactory     : Returning cached instance of singleton bean 'org.springframework.transaction.config.internalTransactionAdvisor'
2016-04-27 17:58:11.748 DEBUG 37359 --- [    Test worker] o.s.b.f.s.DefaultListableBeanFactory     : Finished creating instance of bean 'org.springframework.boot.autoconfigure.orm.jpa.HibernateJpaAutoConfiguration'
2016-04-27 17:58:11.749 DEBUG 37359 --- [    Test worker] o.s.b.f.s.DefaultListableBeanFactory     : Creating shared instance of singleton bean 'entityManagerFactoryBuilder'
2016-04-27 17:58:11.749 DEBUG 37359 --- [    Test worker] o.s.b.f.s.DefaultListableBeanFactory     : Creating instance of bean 'entityManagerFactoryBuilder'
2016-04-27 17:58:11.749 DEBUG 37359 --- [    Test worker] o.s.b.f.s.DefaultListableBeanFactory     : Returning cached instance of singleton bean 'org.springframework.transaction.config.internalTransactionAdvisor'
2016-04-27 17:58:11.749 DEBUG 37359 --- [    Test worker] o.s.b.f.s.DefaultListableBeanFactory     : Returning cached instance of singleton bean 'org.springframework.boot.autoconfigure.orm.jpa.HibernateJpaAutoConfiguration'
2016-04-27 17:58:11.750 DEBUG 37359 --- [    Test worker] o.s.b.f.s.DefaultListableBeanFactory     : Creating shared instance of singleton bean 'jpaVendorAdapter'
2016-04-27 17:58:11.750 DEBUG 37359 --- [    Test worker] o.s.b.f.s.DefaultListableBeanFactory     : Creating instance of bean 'jpaVendorAdapter'
2016-04-27 17:58:11.750 DEBUG 37359 --- [    Test worker] o.s.b.f.s.DefaultListableBeanFactory     : Returning cached instance of singleton bean 'org.springframework.transaction.config.internalTransactionAdvisor'
2016-04-27 17:58:11.750 DEBUG 37359 --- [    Test worker] o.s.b.f.s.DefaultListableBeanFactory     : Returning cached instance of singleton bean 'org.springframework.boot.autoconfigure.orm.jpa.HibernateJpaAutoConfiguration'
2016-04-27 17:58:11.766 DEBUG 37359 --- [    Test worker] o.s.b.f.s.DefaultListableBeanFactory     : Eagerly caching bean 'jpaVendorAdapter' to allow for resolving potential circular references
2016-04-27 17:58:11.766 TRACE 37359 --- [    Test worker] o.s.beans.CachedIntrospectionResults     : Getting BeanInfo for class [org.springframework.orm.jpa.vendor.HibernateJpaVendorAdapter]
2016-04-27 17:58:11.768 TRACE 37359 --- [    Test worker] o.s.beans.CachedIntrospectionResults     : Caching PropertyDescriptors for class [org.springframework.orm.jpa.vendor.HibernateJpaVendorAdapter]
2016-04-27 17:58:11.768 TRACE 37359 --- [    Test worker] o.s.beans.CachedIntrospectionResults     : Found bean property 'class' of type [java.lang.Class]
2016-04-27 17:58:11.768 TRACE 37359 --- [    Test worker] o.s.beans.CachedIntrospectionResults     : Found bean property 'database' of type [org.springframework.orm.jpa.vendor.Database]
2016-04-27 17:58:11.768 TRACE 37359 --- [    Test worker] o.s.beans.CachedIntrospectionResults     : Found bean property 'databasePlatform' of type [java.lang.String]
2016-04-27 17:58:11.768 TRACE 37359 --- [    Test worker] o.s.beans.CachedIntrospectionResults     : Found bean property 'entityManagerFactoryInterface' of type [java.lang.Class]
2016-04-27 17:58:11.768 TRACE 37359 --- [    Test worker] o.s.beans.CachedIntrospectionResults     : Found bean property 'entityManagerInterface' of type [java.lang.Class]
2016-04-27 17:58:11.768 TRACE 37359 --- [    Test worker] o.s.beans.CachedIntrospectionResults     : Found bean property 'generateDdl' of type [boolean]
2016-04-27 17:58:11.768 TRACE 37359 --- [    Test worker] o.s.beans.CachedIntrospectionResults     : Found bean property 'jpaDialect' of type [org.springframework.orm.jpa.vendor.HibernateJpaDialect]
2016-04-27 17:58:11.768 TRACE 37359 --- [    Test worker] o.s.beans.CachedIntrospectionResults     : Found bean property 'jpaPropertyMap' of type [java.util.Map]
2016-04-27 17:58:11.768 TRACE 37359 --- [    Test worker] o.s.beans.CachedIntrospectionResults     : Found bean property 'persistenceProvider' of type [javax.persistence.spi.PersistenceProvider]
2016-04-27 17:58:11.768 TRACE 37359 --- [    Test worker] o.s.beans.CachedIntrospectionResults     : Found bean property 'persistenceProviderRootPackage' of type [java.lang.String]
2016-04-27 17:58:11.768 TRACE 37359 --- [    Test worker] o.s.beans.CachedIntrospectionResults     : Found bean property 'showSql' of type [boolean]
2016-04-27 17:58:11.768 DEBUG 37359 --- [    Test worker] o.s.b.f.s.DefaultListableBeanFactory     : Returning cached instance of singleton bean 'org.springframework.transaction.config.internalTransactionAdvisor'
2016-04-27 17:58:11.768 DEBUG 37359 --- [    Test worker] o.s.b.f.s.DefaultListableBeanFactory     : Returning cached instance of singleton bean 'org.springframework.transaction.config.internalTransactionAdvisor'
2016-04-27 17:58:11.769 DEBUG 37359 --- [    Test worker] o.s.b.f.s.DefaultListableBeanFactory     : Finished creating instance of bean 'jpaVendorAdapter'
2016-04-27 17:58:11.769 DEBUG 37359 --- [    Test worker] o.s.b.f.s.DefaultListableBeanFactory     : Autowiring by type from bean name 'entityManagerFactoryBuilder' via factory method to bean named 'jpaVendorAdapter'
2016-04-27 17:58:11.770 DEBUG 37359 --- [    Test worker] o.s.b.f.s.DefaultListableBeanFactory     : Eagerly caching bean 'entityManagerFactoryBuilder' to allow for resolving potential circular references
2016-04-27 17:58:11.770 TRACE 37359 --- [    Test worker] o.s.beans.CachedIntrospectionResults     : Getting BeanInfo for class [org.springframework.boot.autoconfigure.orm.jpa.EntityManagerFactoryBuilder]
2016-04-27 17:58:11.770 TRACE 37359 --- [    Test worker] o.s.beans.CachedIntrospectionResults     : Caching PropertyDescriptors for class [org.springframework.boot.autoconfigure.orm.jpa.EntityManagerFactoryBuilder]
2016-04-27 17:58:11.770 TRACE 37359 --- [    Test worker] o.s.beans.CachedIntrospectionResults     : Found bean property 'callback' of type [org.springframework.boot.autoconfigure.orm.jpa.EntityManagerFactoryBuilder$EntityManagerFactoryBeanCallback]
2016-04-27 17:58:11.770 TRACE 37359 --- [    Test worker] o.s.beans.CachedIntrospectionResults     : Found bean property 'class' of type [java.lang.Class]
2016-04-27 17:58:11.771 DEBUG 37359 --- [    Test worker] o.s.b.f.s.DefaultListableBeanFactory     : Returning cached instance of singleton bean 'org.springframework.transaction.config.internalTransactionAdvisor'
2016-04-27 17:58:11.771 DEBUG 37359 --- [    Test worker] o.s.b.f.s.DefaultListableBeanFactory     : Returning cached instance of singleton bean 'org.springframework.transaction.config.internalTransactionAdvisor'
2016-04-27 17:58:11.771 DEBUG 37359 --- [    Test worker] o.s.b.f.s.DefaultListableBeanFactory     : Finished creating instance of bean 'entityManagerFactoryBuilder'
2016-04-27 17:58:11.771 DEBUG 37359 --- [    Test worker] o.s.b.f.s.DefaultListableBeanFactory     : Autowiring by type from bean name 'entityManagerFactory' via factory method to bean named 'entityManagerFactoryBuilder'
2016-04-27 17:58:11.776 DEBUG 37359 --- [    Test worker] o.s.jdbc.datasource.DataSourceUtils      : Fetching JDBC Connection from DataSource
2016-04-27 17:58:12.005 DEBUG 37359 --- [    Test worker] o.s.jdbc.datasource.DataSourceUtils      : Returning JDBC Connection to DataSource
2016-04-27 17:58:12.006 DEBUG 37359 --- [    Test worker] o.s.b.f.s.DefaultListableBeanFactory     : Creating shared instance of singleton bean 'org.springframework.boot.autoconfigure.AutoConfigurationPackages'
2016-04-27 17:58:12.006 DEBUG 37359 --- [    Test worker] o.s.b.f.s.DefaultListableBeanFactory     : Creating instance of bean 'org.springframework.boot.autoconfigure.AutoConfigurationPackages'
2016-04-27 17:58:12.006 DEBUG 37359 --- [    Test worker] o.s.b.f.s.DefaultListableBeanFactory     : Returning cached instance of singleton bean 'org.springframework.transaction.config.internalTransactionAdvisor'
2016-04-27 17:58:12.007 DEBUG 37359 --- [    Test worker] o.s.b.f.s.DefaultListableBeanFactory     : Eagerly caching bean 'org.springframework.boot.autoconfigure.AutoConfigurationPackages' to allow for resolving potential circular references
2016-04-27 17:58:12.007 TRACE 37359 --- [    Test worker] o.s.beans.CachedIntrospectionResults     : Getting BeanInfo for class [org.springframework.boot.autoconfigure.AutoConfigurationPackages$BasePackages]
2016-04-27 17:58:12.008 TRACE 37359 --- [    Test worker] o.s.beans.CachedIntrospectionResults     : Caching PropertyDescriptors for class [org.springframework.boot.autoconfigure.AutoConfigurationPackages$BasePackages]
2016-04-27 17:58:12.008 TRACE 37359 --- [    Test worker] o.s.beans.CachedIntrospectionResults     : Found bean property 'class' of type [java.lang.Class]
2016-04-27 17:58:12.008 DEBUG 37359 --- [    Test worker] o.s.b.f.s.DefaultListableBeanFactory     : Returning cached instance of singleton bean 'org.springframework.transaction.config.internalTransactionAdvisor'
2016-04-27 17:58:12.008 DEBUG 37359 --- [    Test worker] o.s.b.f.s.DefaultListableBeanFactory     : Returning cached instance of singleton bean 'org.springframework.transaction.config.internalTransactionAdvisor'
2016-04-27 17:58:12.008 DEBUG 37359 --- [    Test worker] o.s.b.f.s.DefaultListableBeanFactory     : Finished creating instance of bean 'org.springframework.boot.autoconfigure.AutoConfigurationPackages'
2016-04-27 17:58:12.008 DEBUG 37359 --- [    Test worker] o.s.b.a.AutoConfigurationPackages        : @EnableAutoConfiguration was declared on a class in the package 'demo'. Automatic @Repository and @Entity scanning is enabled.
2016-04-27 17:58:12.009 DEBUG 37359 --- [    Test worker] o.s.b.f.s.DefaultListableBeanFactory     : Returning cached instance of singleton bean 'org.springframework.boot.autoconfigure.AutoConfigurationPackages'
2016-04-27 17:58:12.014 DEBUG 37359 --- [    Test worker] o.s.b.f.s.DefaultListableBeanFactory     : Eagerly caching bean 'entityManagerFactory' to allow for resolving potential circular references
2016-04-27 17:58:12.014 TRACE 37359 --- [    Test worker] o.s.beans.CachedIntrospectionResults     : Getting BeanInfo for class [org.springframework.orm.jpa.LocalContainerEntityManagerFactoryBean]
2016-04-27 17:58:12.016 TRACE 37359 --- [    Test worker] o.s.beans.CachedIntrospectionResults     : Caching PropertyDescriptors for class [org.springframework.orm.jpa.LocalContainerEntityManagerFactoryBean]
2016-04-27 17:58:12.016 TRACE 37359 --- [    Test worker] o.s.beans.CachedIntrospectionResults     : Found bean property 'beanClassLoader' of type [java.lang.ClassLoader]
2016-04-27 17:58:12.016 TRACE 37359 --- [    Test worker] o.s.beans.CachedIntrospectionResults     : Found bean property 'beanFactory' of type [org.springframework.beans.factory.BeanFactory]
2016-04-27 17:58:12.017 TRACE 37359 --- [    Test worker] o.s.beans.CachedIntrospectionResults     : Found bean property 'beanName' of type [java.lang.String]
2016-04-27 17:58:12.017 TRACE 37359 --- [    Test worker] o.s.beans.CachedIntrospectionResults     : Found bean property 'class' of type [java.lang.Class]
2016-04-27 17:58:12.017 TRACE 37359 --- [    Test worker] o.s.beans.CachedIntrospectionResults     : Found bean property 'dataSource' of type [javax.sql.DataSource]
2016-04-27 17:58:12.017 TRACE 37359 --- [    Test worker] o.s.beans.CachedIntrospectionResults     : Found bean property 'entityManagerFactoryInterface' of type [java.lang.Class]
2016-04-27 17:58:12.017 TRACE 37359 --- [    Test worker] o.s.beans.CachedIntrospectionResults     : Found bean property 'entityManagerInterface' of type [java.lang.Class]
2016-04-27 17:58:12.017 TRACE 37359 --- [    Test worker] o.s.beans.CachedIntrospectionResults     : Found bean property 'jpaDialect' of type [org.springframework.orm.jpa.JpaDialect]
2016-04-27 17:58:12.017 TRACE 37359 --- [    Test worker] o.s.beans.CachedIntrospectionResults     : Found bean property 'jpaProperties' of type [java.util.Properties]
2016-04-27 17:58:12.017 TRACE 37359 --- [    Test worker] o.s.beans.CachedIntrospectionResults     : Found bean property 'jpaPropertyMap' of type [java.util.Map]
2016-04-27 17:58:12.017 TRACE 37359 --- [    Test worker] o.s.beans.CachedIntrospectionResults     : Found bean property 'jpaVendorAdapter' of type [org.springframework.orm.jpa.JpaVendorAdapter]
2016-04-27 17:58:12.017 TRACE 37359 --- [    Test worker] o.s.beans.CachedIntrospectionResults     : Found bean property 'jtaDataSource' of type [javax.sql.DataSource]
2016-04-27 17:58:12.017 TRACE 37359 --- [    Test worker] o.s.beans.CachedIntrospectionResults     : Found bean property 'loadTimeWeaver' of type [org.springframework.instrument.classloading.LoadTimeWeaver]
2016-04-27 17:58:12.017 TRACE 37359 --- [    Test worker] o.s.beans.CachedIntrospectionResults     : Found bean property 'mappingResources' of type [[Ljava.lang.String;]
2016-04-27 17:58:12.017 TRACE 37359 --- [    Test worker] o.s.beans.CachedIntrospectionResults     : Found bean property 'nativeEntityManagerFactory' of type [javax.persistence.EntityManagerFactory]
2016-04-27 17:58:12.017 TRACE 37359 --- [    Test worker] o.s.beans.CachedIntrospectionResults     : Found bean property 'object' of type [javax.persistence.EntityManagerFactory]
2016-04-27 17:58:12.017 TRACE 37359 --- [    Test worker] o.s.beans.CachedIntrospectionResults     : Found bean property 'objectType' of type [java.lang.Class]
2016-04-27 17:58:12.017 TRACE 37359 --- [    Test worker] o.s.beans.CachedIntrospectionResults     : Found bean property 'packagesToScan' of type [[Ljava.lang.String;]
2016-04-27 17:58:12.017 TRACE 37359 --- [    Test worker] o.s.beans.CachedIntrospectionResults     : Found bean property 'persistenceProvider' of type [javax.persistence.spi.PersistenceProvider]
2016-04-27 17:58:12.017 TRACE 37359 --- [    Test worker] o.s.beans.CachedIntrospectionResults     : Found bean property 'persistenceProviderClass' of type [java.lang.Class]
2016-04-27 17:58:12.017 TRACE 37359 --- [    Test worker] o.s.beans.CachedIntrospectionResults     : Found bean property 'persistenceUnitInfo' of type [javax.persistence.spi.PersistenceUnitInfo]
2016-04-27 17:58:12.017 TRACE 37359 --- [    Test worker] o.s.beans.CachedIntrospectionResults     : Found bean property 'persistenceUnitManager' of type [org.springframework.orm.jpa.persistenceunit.PersistenceUnitManager]
2016-04-27 17:58:12.018 TRACE 37359 --- [    Test worker] o.s.beans.CachedIntrospectionResults     : Found bean property 'persistenceUnitName' of type [java.lang.String]
2016-04-27 17:58:12.018 TRACE 37359 --- [    Test worker] o.s.beans.CachedIntrospectionResults     : Found bean property 'persistenceUnitPostProcessors' of type [[Lorg.springframework.orm.jpa.persistenceunit.PersistenceUnitPostProcessor;]
2016-04-27 17:58:12.018 TRACE 37359 --- [    Test worker] o.s.beans.CachedIntrospectionResults     : Found bean property 'persistenceXmlLocation' of type [java.lang.String]
2016-04-27 17:58:12.018 TRACE 37359 --- [    Test worker] o.s.beans.CachedIntrospectionResults     : Found bean property 'resourceLoader' of type [org.springframework.core.io.ResourceLoader]
2016-04-27 17:58:12.018 TRACE 37359 --- [    Test worker] o.s.beans.CachedIntrospectionResults     : Found bean property 'sharedCacheMode' of type [javax.persistence.SharedCacheMode]
2016-04-27 17:58:12.018 TRACE 37359 --- [    Test worker] o.s.beans.CachedIntrospectionResults     : Found bean property 'singleton' of type [boolean]
2016-04-27 17:58:12.018 TRACE 37359 --- [    Test worker] o.s.beans.CachedIntrospectionResults     : Found bean property 'validationMode' of type [javax.persistence.ValidationMode]
2016-04-27 17:58:12.019 DEBUG 37359 --- [    Test worker] o.s.b.f.s.DefaultListableBeanFactory     : Invoking afterPropertiesSet() on bean with name 'entityManagerFactory'
2016-04-27 17:58:12.022 DEBUG 37359 --- [    Test worker] .i.s.PathMatchingResourcePatternResolver : Looking for matching resources in directory tree [/Users/yjayaraman/projects/biogen-labs/spring-restdocs/final/cities/build/classes/test/demo]
2016-04-27 17:58:12.022 DEBUG 37359 --- [    Test worker] .i.s.PathMatchingResourcePatternResolver : Searching directory [/Users/yjayaraman/projects/biogen-labs/spring-restdocs/final/cities/build/classes/test/demo] for files matching pattern [/Users/yjayaraman/projects/biogen-labs/spring-restdocs/final/cities/build/classes/test/demo/**/*.class]
2016-04-27 17:58:12.022 DEBUG 37359 --- [    Test worker] .i.s.PathMatchingResourcePatternResolver : Looking for matching resources in directory tree [/Users/yjayaraman/projects/biogen-labs/spring-restdocs/final/cities/build/classes/main/demo]
2016-04-27 17:58:12.022 DEBUG 37359 --- [    Test worker] .i.s.PathMatchingResourcePatternResolver : Searching directory [/Users/yjayaraman/projects/biogen-labs/spring-restdocs/final/cities/build/classes/main/demo] for files matching pattern [/Users/yjayaraman/projects/biogen-labs/spring-restdocs/final/cities/build/classes/main/demo/**/*.class]
2016-04-27 17:58:12.023 DEBUG 37359 --- [    Test worker] .i.s.PathMatchingResourcePatternResolver : Searching directory [/Users/yjayaraman/projects/biogen-labs/spring-restdocs/final/cities/build/classes/main/demo/repositories] for files matching pattern [/Users/yjayaraman/projects/biogen-labs/spring-restdocs/final/cities/build/classes/main/demo/**/*.class]
2016-04-27 17:58:12.023 DEBUG 37359 --- [    Test worker] .i.s.PathMatchingResourcePatternResolver : Resolved location pattern [classpath*:demo/**/*.class] to resources [file [/Users/yjayaraman/projects/biogen-labs/spring-restdocs/final/cities/build/classes/test/demo/CitiesApplicationTests.class], file [/Users/yjayaraman/projects/biogen-labs/spring-restdocs/final/cities/build/classes/main/demo/CitiesApplication.class], file [/Users/yjayaraman/projects/biogen-labs/spring-restdocs/final/cities/build/classes/main/demo/City.class], file [/Users/yjayaraman/projects/biogen-labs/spring-restdocs/final/cities/build/classes/main/demo/repositories/CityRepository.class]]
2016-04-27 17:58:12.024  INFO 37359 --- [    Test worker] j.LocalContainerEntityManagerFactoryBean : Building JPA container EntityManagerFactory for persistence unit 'default'
2016-04-27 17:58:12.038  INFO 37359 --- [    Test worker] o.hibernate.jpa.internal.util.LogHelper  : HHH000204: Processing PersistenceUnitInfo [
	name: default
	...]
2016-04-27 17:58:12.086  INFO 37359 --- [    Test worker] org.hibernate.Version                    : HHH000412: Hibernate Core {4.3.11.Final}
2016-04-27 17:58:12.087  INFO 37359 --- [    Test worker] org.hibernate.cfg.Environment            : HHH000206: hibernate.properties not found
2016-04-27 17:58:12.088  INFO 37359 --- [    Test worker] org.hibernate.cfg.Environment            : HHH000021: Bytecode provider name : javassist
2016-04-27 17:58:12.215  INFO 37359 --- [    Test worker] o.hibernate.annotations.common.Version   : HCANN000001: Hibernate Commons Annotations {4.0.5.Final}
2016-04-27 17:58:12.252  INFO 37359 --- [    Test worker] org.hibernate.dialect.Dialect            : HHH000400: Using dialect: org.hibernate.dialect.HSQLDialect
2016-04-27 17:58:12.323  INFO 37359 --- [    Test worker] o.h.h.i.ast.ASTQueryTranslatorFactory    : HHH000397: Using ASTQueryTranslatorFactory
2016-04-27 17:58:12.483  INFO 37359 --- [    Test worker] org.hibernate.tool.hbm2ddl.SchemaExport  : HHH000227: Running hbm2ddl schema export
2016-04-27 17:58:12.487  INFO 37359 --- [    Test worker] org.hibernate.tool.hbm2ddl.SchemaExport  : HHH000230: Schema export complete
2016-04-27 17:58:12.518 DEBUG 37359 --- [    Test worker] o.s.b.f.s.DefaultListableBeanFactory     : Returning cached instance of singleton bean 'org.springframework.transaction.config.internalTransactionAdvisor'
2016-04-27 17:58:12.518 DEBUG 37359 --- [    Test worker] o.s.b.f.s.DefaultListableBeanFactory     : Returning cached instance of singleton bean 'org.springframework.transaction.config.internalTransactionAdvisor'
2016-04-27 17:58:12.518 DEBUG 37359 --- [    Test worker] o.s.b.f.s.DefaultListableBeanFactory     : Finished creating instance of bean 'entityManagerFactory'
2016-04-27 17:58:12.518 DEBUG 37359 --- [    Test worker] o.s.b.f.s.DefaultListableBeanFactory     : Pre-instantiating singletons in org.springframework.beans.factory.support.DefaultListableBeanFactory@3872de98: defining beans [org.springframework.context.annotation.internalConfigurationAnnotationProcessor,org.springframework.context.annotation.internalAutowiredAnnotationProcessor,org.springframework.context.annotation.internalRequiredAnnotationProcessor,org.springframework.context.annotation.internalCommonAnnotationProcessor,org.springframework.context.annotation.internalPersistenceAnnotationProcessor,org.springframework.context.event.internalEventListenerProcessor,org.springframework.context.event.internalEventListenerFactory,citiesApplication,org.springframework.context.annotation.ConfigurationClassPostProcessor.importAwareProcessor,org.springframework.context.annotation.ConfigurationClassPostProcessor.enhancedConfigurationProcessor,repositoryEntityController,repositoryController,profileController,repositoryPropertyReferenceController,repositorySchemaController,repositorySearchController,alpsController,org.springframework.boot.autoconfigure.AutoConfigurationPackages,org.springframework.data.jpa.repository.config.JpaRepositoryConfigExtension#0,org.springframework.data.repository.core.support.RepositoryInterfaceAwareBeanPostProcessor,foo,jpaMappingContext,jpaContext,cityRepository,org.springframework.boot.autoconfigure.PropertyPlaceholderAutoConfiguration,org.springframework.boot.autoconfigure.condition.BeanTypeRegistry,propertySourcesPlaceholderConfigurer,org.springframework.boot.autoconfigure.websocket.WebSocketAutoConfiguration$TomcatWebSocketConfiguration,websocketContainerCustomizer,org.springframework.boot.autoconfigure.websocket.WebSocketAutoConfiguration,org.springframework.boot.autoconfigure.web.EmbeddedServletContainerAutoConfiguration$EmbeddedTomcat,tomcatEmbeddedServletContainerFactory,org.springframework.boot.autoconfigure.web.EmbeddedServletContainerAutoConfiguration,embeddedServletContainerCustomizerBeanPostProcessor,org.springframework.boot.autoconfigure.web.DispatcherServletAutoConfiguration$DispatcherServletConfiguration,dispatcherServlet,dispatcherServletRegistration,org.springframework.boot.autoconfigure.web.DispatcherServletAutoConfiguration,org.springframework.boot.autoconfigure.web.ErrorMvcAutoConfiguration$WhitelabelErrorViewConfiguration,error,beanNameViewResolver,org.springframework.boot.autoconfigure.web.ErrorMvcAutoConfiguration,errorAttributes,basicErrorController,org.springframework.boot.autoconfigure.web.WebMvcAutoConfiguration$EnableWebMvcConfiguration,requestMappingHandlerAdapter,requestMappingHandlerMapping,mvcContentNegotiationManager,viewControllerHandlerMapping,beanNameHandlerMapping,resourceHandlerMapping,mvcResourceUrlProvider,defaultServletHandlerMapping,mvcConversionService,mvcValidator,mvcPathMatcher,mvcUrlPathHelper,mvcUriComponentsContributor,httpRequestHandlerAdapter,simpleControllerHandlerAdapter,handlerExceptionResolver,mvcViewResolver,org.springframework.boot.autoconfigure.web.WebMvcAutoConfiguration$WebMvcAutoConfigurationAdapter$FaviconConfiguration,faviconHandlerMapping,faviconRequestHandler,org.springframework.boot.autoconfigure.web.WebMvcAutoConfiguration$WebMvcAutoConfigurationAdapter,defaultViewResolver,requestContextListener,viewResolver,spring.mvc.CONFIGURATION_PROPERTIES,spring.resources.CONFIGURATION_PROPERTIES,org.springframework.boot.context.properties.ConfigurationPropertiesBindingPostProcessor,org.springframework.boot.context.properties.ConfigurationPropertiesBindingPostProcessor.store,org.springframework.boot.autoconfigure.web.WebMvcAutoConfiguration,hiddenHttpMethodFilter,httpPutFormContentFilter,org.springframework.boot.autoconfigure.aop.AopAutoConfiguration$JdkDynamicAutoProxyConfiguration,org.springframework.aop.config.internalAutoProxyCreator,org.springframework.boot.autoconfigure.aop.AopAutoConfiguration,org.springframework.boot.autoconfigure.transaction.jta.JtaAutoConfiguration,spring.jta.CONFIGURATION_PROPERTIES,org.springframework.boot.autoconfigure.jdbc.DataSourceAutoConfiguration$JdbcTemplateConfiguration,jdbcTemplate,namedParameterJdbcTemplate,org.springframework.boot.autoconfigure.jdbc.DataSourceAutoConfiguration$NonEmbeddedConfiguration,dataSource,org.springframework.boot.autoconfigure.jdbc.DataSourceAutoConfiguration$DataSourceInitializerConfiguration,dataSourceInitializer,org.springframework.boot.autoconfigure.jdbc.metadata.DataSourcePoolMetadataProvidersConfiguration$TomcatDataSourcePoolMetadataProviderConfiguration,tomcatPoolDataSourceMetadataProvider,org.springframework.boot.autoconfigure.jdbc.metadata.DataSourcePoolMetadataProvidersConfiguration,org.springframework.boot.autoconfigure.jdbc.DataSourceAutoConfiguration,spring.datasource.CONFIGURATION_PROPERTIES,dataSourceInitializerPostProcessor,org.springframework.boot.autoconfigure.orm.jpa.JpaBaseConfiguration$JpaWebConfiguration$JpaWebMvcConfiguration,openEntityManagerInViewInterceptor,org.springframework.boot.autoconfigure.orm.jpa.JpaBaseConfiguration$JpaWebConfiguration,org.springframework.boot.autoconfigure.orm.jpa.HibernateJpaAutoConfiguration,transactionManager,jpaVendorAdapter,entityManagerFactoryBuilder,entityManagerFactory,spring.jpa.CONFIGURATION_PROPERTIES,dataSourceInitializedPublisher,org.springframework.boot.autoconfigure.context.ConfigurationPropertiesAutoConfiguration,org.springframework.boot.autoconfigure.dao.PersistenceExceptionTranslationAutoConfiguration,persistenceExceptionTranslationPostProcessor,org.springframework.boot.autoconfigure.jackson.JacksonAutoConfiguration$JacksonObjectMapperBuilderConfiguration,jacksonObjectMapperBuilder,spring.jackson.CONFIGURATION_PROPERTIES,org.springframework.boot.autoconfigure.jackson.JacksonAutoConfiguration$JacksonObjectMapperConfiguration,jacksonObjectMapper,org.springframework.boot.autoconfigure.jackson.JacksonAutoConfiguration,org.springframework.boot.autoconfigure.web.HttpMessageConvertersAutoConfiguration$StringHttpMessageConverterConfiguration,stringHttpMessageConverter,spring.http.encoding.CONFIGURATION_PROPERTIES,org.springframework.boot.autoconfigure.web.JacksonHttpMessageConvertersConfiguration$MappingJackson2HttpMessageConverterConfiguration,mappingJackson2HttpMessageConverter,org.springframework.boot.autoconfigure.web.JacksonHttpMessageConvertersConfiguration,org.springframework.boot.autoconfigure.web.HttpMessageConvertersAutoConfiguration,messageConverters,org.springframework.hateoas.config.HateoasConfiguration,linkRelationMessageSource,org.springframework.data.web.config.SpringDataJacksonConfiguration,jacksonGeoModule,org.springframework.boot.autoconfigure.data.rest.SpringBootRepositoryRestMvcConfiguration,config,repositories,repositoryRelProvider,persistentEntities,defaultConversionService,validatingRepositoryEventListener,jpaHelper,metadataConfiguration,baseUri,annotatedEventHandlerInvoker,domainObjectMerger,serverHttpRequestMethodArgumentResolver,repoRequestArgumentResolver,resourceMetadataHandlerMethodArgumentResolver,backendIdHandlerMethodArgumentResolver,eTagArgumentResolver,entityLinks,persistentEntityArgumentResolver,jsonSchemaConverter,resourceDescriptionMessageSourceAccessor,objectMapper,jacksonHttpMessageConverter,halJacksonHttpMessageConverter,halObjectMapper,uriListHttpMessageConverter,repositoryExporterHandlerAdapter,restHandlerMapping,resourceMappings,exceptionHandlerExceptionResolver,repositoryRestExceptionHandler,repositoryInvokerFactory,defaultMessageConverters,alpsJsonHttpMessageConverter,pageableResolver,sortResolver,backendIdConverterRegistry,auditableBeanWrapperFactory,enumTranslator,alpsConverter,profileResourceProcessor,pagedResourcesAssembler,pagedResourcesAssemblerArgumentResolver,entityLinksPluginRegistry,controllerEntityLinks,delegatingEntityLinks,_halObjectMapper,org.springframework.hateoas.config.HypermediaSupportBeanDefinitionRegistrar$DefaultObjectMapperCustomizer#0,org.springframework.hateoas.config.HypermediaSupportBeanDefinitionRegistrar$Jackson2ModuleRegisteringBeanPostProcessor#0,_linkDiscovererRegistry,org.springframework.hateoas.LinkDiscoverers#0,defaultRelProvider,annotationRelProvider,relProviderPluginRegistry,_relProvider,org.springframework.boot.autoconfigure.data.rest.RepositoryRestMvcAutoConfiguration,springBootRepositoryRestConfigurer,org.springframework.boot.autoconfigure.hateoas.HypermediaAutoConfiguration,spring.hateoas.CONFIGURATION_PROPERTIES,org.springframework.transaction.annotation.ProxyTransactionManagementConfiguration,org.springframework.transaction.config.internalTransactionAdvisor,transactionAttributeSource,transactionInterceptor,org.springframework.transaction.config.internalTransactionalEventListenerFactory,org.springframework.boot.autoconfigure.jdbc.DataSourceTransactionManagerAutoConfiguration$TransactionManagementConfiguration,org.springframework.boot.autoconfigure.jdbc.DataSourceTransactionManagerAutoConfiguration,org.springframework.boot.autoconfigure.security.SecurityFilterAutoConfiguration,org.springframework.boot.autoconfigure.transaction.TransactionAutoConfiguration,transactionTemplate,org.springframework.boot.autoconfigure.web.HttpEncodingAutoConfiguration,characterEncodingFilter,org.springframework.boot.autoconfigure.web.MultipartAutoConfiguration,multipartConfigElement,multipartResolver,multipart.CONFIGURATION_PROPERTIES,org.springframework.boot.autoconfigure.web.ServerPropertiesAutoConfiguration,serverProperties,org.springframework.orm.jpa.SharedEntityManagerCreator#0]; root of factory hierarchy
2016-04-27 17:58:12.519 DEBUG 37359 --- [    Test worker] o.s.b.f.s.DefaultListableBeanFactory     : Returning cached instance of singleton bean 'org.springframework.context.annotation.internalConfigurationAnnotationProcessor'
2016-04-27 17:58:12.519 DEBUG 37359 --- [    Test worker] o.s.b.f.s.DefaultListableBeanFactory     : Returning cached instance of singleton bean 'org.springframework.context.annotation.internalAutowiredAnnotationProcessor'
2016-04-27 17:58:12.519 DEBUG 37359 --- [    Test worker] o.s.b.f.s.DefaultListableBeanFactory     : Returning cached instance of singleton bean 'org.springframework.context.annotation.internalRequiredAnnotationProcessor'
2016-04-27 17:58:12.519 DEBUG 37359 --- [    Test worker] o.s.b.f.s.DefaultListableBeanFactory     : Returning cached instance of singleton bean 'org.springframework.context.annotation.internalCommonAnnotationProcessor'
2016-04-27 17:58:12.519 DEBUG 37359 --- [    Test worker] o.s.b.f.s.DefaultListableBeanFactory     : Returning cached instance of singleton bean 'org.springframework.context.annotation.internalPersistenceAnnotationProcessor'
2016-04-27 17:58:12.519 DEBUG 37359 --- [    Test worker] o.s.b.f.s.DefaultListableBeanFactory     : Creating shared instance of singleton bean 'org.springframework.context.event.internalEventListenerProcessor'
2016-04-27 17:58:12.519 DEBUG 37359 --- [    Test worker] o.s.b.f.s.DefaultListableBeanFactory     : Creating instance of bean 'org.springframework.context.event.internalEventListenerProcessor'
2016-04-27 17:58:12.519 DEBUG 37359 --- [    Test worker] o.s.b.f.s.DefaultListableBeanFactory     : Returning cached instance of singleton bean 'org.springframework.transaction.config.internalTransactionAdvisor'
2016-04-27 17:58:12.520 DEBUG 37359 --- [    Test worker] o.s.b.f.s.DefaultListableBeanFactory     : Eagerly caching bean 'org.springframework.context.event.internalEventListenerProcessor' to allow for resolving potential circular references
2016-04-27 17:58:12.520 TRACE 37359 --- [    Test worker] o.s.beans.CachedIntrospectionResults     : Getting BeanInfo for class [org.springframework.context.event.EventListenerMethodProcessor]
2016-04-27 17:58:12.521 TRACE 37359 --- [    Test worker] o.s.beans.CachedIntrospectionResults     : Caching PropertyDescriptors for class [org.springframework.context.event.EventListenerMethodProcessor]
2016-04-27 17:58:12.521 TRACE 37359 --- [    Test worker] o.s.beans.CachedIntrospectionResults     : Found bean property 'applicationContext' of type [org.springframework.context.ApplicationContext]
2016-04-27 17:58:12.521 TRACE 37359 --- [    Test worker] o.s.beans.CachedIntrospectionResults     : Found bean property 'class' of type [java.lang.Class]
2016-04-27 17:58:12.521 DEBUG 37359 --- [    Test worker] o.s.b.f.s.DefaultListableBeanFactory     : Returning cached instance of singleton bean 'org.springframework.transaction.config.internalTransactionAdvisor'
2016-04-27 17:58:12.521 DEBUG 37359 --- [    Test worker] o.s.b.f.s.DefaultListableBeanFactory     : Returning cached instance of singleton bean 'org.springframework.transaction.config.internalTransactionAdvisor'
2016-04-27 17:58:12.522 DEBUG 37359 --- [    Test worker] o.s.b.f.s.DefaultListableBeanFactory     : Finished creating instance of bean 'org.springframework.context.event.internalEventListenerProcessor'
2016-04-27 17:58:12.522 DEBUG 37359 --- [    Test worker] o.s.b.f.s.DefaultListableBeanFactory     : Creating shared instance of singleton bean 'org.springframework.context.event.internalEventListenerFactory'
2016-04-27 17:58:12.522 DEBUG 37359 --- [    Test worker] o.s.b.f.s.DefaultListableBeanFactory     : Creating instance of bean 'org.springframework.context.event.internalEventListenerFactory'
2016-04-27 17:58:12.522 DEBUG 37359 --- [    Test worker] o.s.b.f.s.DefaultListableBeanFactory     : Returning cached instance of singleton bean 'org.springframework.transaction.config.internalTransactionAdvisor'
2016-04-27 17:58:12.522 DEBUG 37359 --- [    Test worker] o.s.b.f.s.DefaultListableBeanFactory     : Eagerly caching bean 'org.springframework.context.event.internalEventListenerFactory' to allow for resolving potential circular references
2016-04-27 17:58:12.522 TRACE 37359 --- [    Test worker] o.s.beans.CachedIntrospectionResults     : Getting BeanInfo for class [org.springframework.context.event.DefaultEventListenerFactory]
2016-04-27 17:58:12.523 TRACE 37359 --- [    Test worker] o.s.beans.CachedIntrospectionResults     : Caching PropertyDescriptors for class [org.springframework.context.event.DefaultEventListenerFactory]
2016-04-27 17:58:12.523 TRACE 37359 --- [    Test worker] o.s.beans.CachedIntrospectionResults     : Found bean property 'class' of type [java.lang.Class]
2016-04-27 17:58:12.523 TRACE 37359 --- [    Test worker] o.s.beans.CachedIntrospectionResults     : Found bean property 'order' of type [int]
2016-04-27 17:58:12.523 DEBUG 37359 --- [    Test worker] o.s.b.f.s.DefaultListableBeanFactory     : Returning cached instance of singleton bean 'org.springframework.transaction.config.internalTransactionAdvisor'
2016-04-27 17:58:12.523 DEBUG 37359 --- [    Test worker] o.s.b.f.s.DefaultListableBeanFactory     : Returning cached instance of singleton bean 'org.springframework.transaction.config.internalTransactionAdvisor'
2016-04-27 17:58:12.524 DEBUG 37359 --- [    Test worker] o.s.b.f.s.DefaultListableBeanFactory     : Finished creating instance of bean 'org.springframework.context.event.internalEventListenerFactory'
2016-04-27 17:58:12.524 DEBUG 37359 --- [    Test worker] o.s.b.f.s.DefaultListableBeanFactory     : Creating shared instance of singleton bean 'citiesApplication'
2016-04-27 17:58:12.524 DEBUG 37359 --- [    Test worker] o.s.b.f.s.DefaultListableBeanFactory     : Creating instance of bean 'citiesApplication'
2016-04-27 17:58:12.524 DEBUG 37359 --- [    Test worker] o.s.b.f.s.DefaultListableBeanFactory     : Returning cached instance of singleton bean 'org.springframework.transaction.config.internalTransactionAdvisor'
2016-04-27 17:58:12.524 DEBUG 37359 --- [    Test worker] o.s.b.f.s.DefaultListableBeanFactory     : Eagerly caching bean 'citiesApplication' to allow for resolving potential circular references
2016-04-27 17:58:12.524 TRACE 37359 --- [    Test worker] o.s.beans.CachedIntrospectionResults     : Getting BeanInfo for class [demo.CitiesApplication$$EnhancerBySpringCGLIB$$4f9f8d2f]
2016-04-27 17:58:12.526 TRACE 37359 --- [    Test worker] o.s.beans.CachedIntrospectionResults     : Caching PropertyDescriptors for class [demo.CitiesApplication$$EnhancerBySpringCGLIB$$4f9f8d2f]
2016-04-27 17:58:12.526 TRACE 37359 --- [    Test worker] o.s.beans.CachedIntrospectionResults     : Found bean property 'beanFactory' of type [org.springframework.beans.factory.BeanFactory]
2016-04-27 17:58:12.526 TRACE 37359 --- [    Test worker] o.s.beans.CachedIntrospectionResults     : Found bean property 'class' of type [java.lang.Class]
2016-04-27 17:58:12.526 DEBUG 37359 --- [    Test worker] o.s.b.f.s.DefaultListableBeanFactory     : Returning cached instance of singleton bean 'org.springframework.transaction.config.internalTransactionAdvisor'
2016-04-27 17:58:12.526 DEBUG 37359 --- [    Test worker] o.s.b.f.s.DefaultListableBeanFactory     : Returning cached instance of singleton bean 'org.springframework.transaction.config.internalTransactionAdvisor'
2016-04-27 17:58:12.527 DEBUG 37359 --- [    Test worker] o.s.b.f.s.DefaultListableBeanFactory     : Finished creating instance of bean 'citiesApplication'
2016-04-27 17:58:12.527 DEBUG 37359 --- [    Test worker] o.s.b.f.s.DefaultListableBeanFactory     : Returning cached instance of singleton bean 'org.springframework.context.annotation.ConfigurationClassPostProcessor.importAwareProcessor'
2016-04-27 17:58:12.527 DEBUG 37359 --- [    Test worker] o.s.b.f.s.DefaultListableBeanFactory     : Returning cached instance of singleton bean 'org.springframework.context.annotation.ConfigurationClassPostProcessor.enhancedConfigurationProcessor'
2016-04-27 17:58:12.527 DEBUG 37359 --- [    Test worker] o.s.b.f.s.DefaultListableBeanFactory     : Creating shared instance of singleton bean 'repositoryEntityController'
2016-04-27 17:58:12.527 DEBUG 37359 --- [    Test worker] o.s.b.f.s.DefaultListableBeanFactory     : Creating instance of bean 'repositoryEntityController'
2016-04-27 17:58:12.528 DEBUG 37359 --- [    Test worker] o.s.b.f.s.DefaultListableBeanFactory     : Returning cached instance of singleton bean 'org.springframework.transaction.config.internalTransactionAdvisor'
2016-04-27 17:58:12.590 DEBUG 37359 --- [    Test worker] o.s.b.f.s.DefaultListableBeanFactory     : Creating shared instance of singleton bean 'repositories'
2016-04-27 17:58:12.591 DEBUG 37359 --- [    Test worker] o.s.b.f.s.DefaultListableBeanFactory     : Creating instance of bean 'repositories'
2016-04-27 17:58:12.591 DEBUG 37359 --- [    Test worker] o.s.b.f.s.DefaultListableBeanFactory     : Returning cached instance of singleton bean 'org.springframework.transaction.config.internalTransactionAdvisor'
2016-04-27 17:58:12.591 DEBUG 37359 --- [    Test worker] o.s.b.f.s.DefaultListableBeanFactory     : Creating shared instance of singleton bean 'org.springframework.boot.autoconfigure.data.rest.SpringBootRepositoryRestMvcConfiguration'
2016-04-27 17:58:12.591 DEBUG 37359 --- [    Test worker] o.s.b.f.s.DefaultListableBeanFactory     : Creating instance of bean 'org.springframework.boot.autoconfigure.data.rest.SpringBootRepositoryRestMvcConfiguration'
2016-04-27 17:58:12.591 DEBUG 37359 --- [    Test worker] o.s.b.f.s.DefaultListableBeanFactory     : Returning cached instance of singleton bean 'org.springframework.transaction.config.internalTransactionAdvisor'
2016-04-27 17:58:12.594 DEBUG 37359 --- [    Test worker] o.s.b.f.annotation.InjectionMetadata     : Registered injected element on class [org.springframework.boot.autoconfigure.data.rest.SpringBootRepositoryRestMvcConfiguration$$EnhancerBySpringCGLIB$$ca06d0ae]: AutowiredFieldElement for private org.springframework.context.ApplicationContext org.springframework.data.web.config.SpringDataWebConfiguration.context
2016-04-27 17:58:12.594 DEBUG 37359 --- [    Test worker] o.s.b.f.annotation.InjectionMetadata     : Registered injected element on class [org.springframework.boot.autoconfigure.data.rest.SpringBootRepositoryRestMvcConfiguration$$EnhancerBySpringCGLIB$$ca06d0ae]: AutowiredFieldElement for org.springframework.beans.factory.ObjectFactory org.springframework.data.web.config.SpringDataWebConfiguration.conversionService
2016-04-27 17:58:12.595 DEBUG 37359 --- [    Test worker] o.s.b.f.annotation.InjectionMetadata     : Registered injected element on class [org.springframework.boot.autoconfigure.data.rest.SpringBootRepositoryRestMvcConfiguration$$EnhancerBySpringCGLIB$$ca06d0ae]: AutowiredFieldElement for org.springframework.context.ApplicationContext org.springframework.data.rest.webmvc.config.RepositoryRestMvcConfiguration.applicationContext
2016-04-27 17:58:12.595 DEBUG 37359 --- [    Test worker] o.s.b.f.annotation.InjectionMetadata     : Registered injected element on class [org.springframework.boot.autoconfigure.data.rest.SpringBootRepositoryRestMvcConfiguration$$EnhancerBySpringCGLIB$$ca06d0ae]: AutowiredFieldElement for java.util.List org.springframework.data.rest.webmvc.config.RepositoryRestMvcConfiguration.idConverters
2016-04-27 17:58:12.595 DEBUG 37359 --- [    Test worker] o.s.b.f.annotation.InjectionMetadata     : Registered injected element on class [org.springframework.boot.autoconfigure.data.rest.SpringBootRepositoryRestMvcConfiguration$$EnhancerBySpringCGLIB$$ca06d0ae]: AutowiredFieldElement for java.util.List org.springframework.data.rest.webmvc.config.RepositoryRestMvcConfiguration.configurers
2016-04-27 17:58:12.595 DEBUG 37359 --- [    Test worker] o.s.b.f.annotation.InjectionMetadata     : Registered injected element on class [org.springframework.boot.autoconfigure.data.rest.SpringBootRepositoryRestMvcConfiguration$$EnhancerBySpringCGLIB$$ca06d0ae]: AutowiredFieldElement for org.springframework.hateoas.RelProvider org.springframework.data.rest.webmvc.config.RepositoryRestMvcConfiguration.relProvider
2016-04-27 17:58:12.595 DEBUG 37359 --- [    Test worker] o.s.b.f.annotation.InjectionMetadata     : Registered injected element on class [org.springframework.boot.autoconfigure.data.rest.SpringBootRepositoryRestMvcConfiguration$$EnhancerBySpringCGLIB$$ca06d0ae]: AutowiredFieldElement for org.springframework.hateoas.hal.CurieProvider org.springframework.data.rest.webmvc.config.RepositoryRestMvcConfiguration.curieProvider
2016-04-27 17:58:12.595 DEBUG 37359 --- [    Test worker] o.s.b.f.annotation.InjectionMetadata     : Registered injected element on class [org.springframework.boot.autoconfigure.data.rest.SpringBootRepositoryRestMvcConfiguration$$EnhancerBySpringCGLIB$$ca06d0ae]: AutowiredFieldElement for org.springframework.data.geo.GeoModule org.springframework.data.rest.webmvc.config.RepositoryRestMvcConfiguration.geoModule
2016-04-27 17:58:12.595 DEBUG 37359 --- [    Test worker] o.s.b.f.s.DefaultListableBeanFactory     : Eagerly caching bean 'org.springframework.boot.autoconfigure.data.rest.SpringBootRepositoryRestMvcConfiguration' to allow for resolving potential circular references
2016-04-27 17:58:12.595 TRACE 37359 --- [    Test worker] o.s.beans.CachedIntrospectionResults     : Getting BeanInfo for class [org.springframework.boot.autoconfigure.data.rest.SpringBootRepositoryRestMvcConfiguration$$EnhancerBySpringCGLIB$$ca06d0ae]
2016-04-27 17:58:12.599 TRACE 37359 --- [    Test worker] o.s.beans.CachedIntrospectionResults     : Caching PropertyDescriptors for class [org.springframework.boot.autoconfigure.data.rest.SpringBootRepositoryRestMvcConfiguration$$EnhancerBySpringCGLIB$$ca06d0ae]
2016-04-27 17:58:12.599 TRACE 37359 --- [    Test worker] o.s.beans.CachedIntrospectionResults     : Found bean property 'beanFactory' of type [org.springframework.beans.factory.BeanFactory]
2016-04-27 17:58:12.599 TRACE 37359 --- [    Test worker] o.s.beans.CachedIntrospectionResults     : Found bean property 'class' of type [java.lang.Class]
2016-04-27 17:58:12.600 TRACE 37359 --- [    Test worker] o.s.beans.CachedIntrospectionResults     : Found bean property 'messageCodesResolver' of type [org.springframework.validation.MessageCodesResolver]
2016-04-27 17:58:12.600 TRACE 37359 --- [    Test worker] o.s.beans.CachedIntrospectionResults     : Found bean property 'validator' of type [org.springframework.validation.Validator]
2016-04-27 17:58:12.600 DEBUG 37359 --- [    Test worker] o.s.b.f.annotation.InjectionMetadata     : Processing injected element of bean 'org.springframework.boot.autoconfigure.data.rest.SpringBootRepositoryRestMvcConfiguration': AutowiredFieldElement for private org.springframework.context.ApplicationContext org.springframework.data.web.config.SpringDataWebConfiguration.context
2016-04-27 17:58:12.600 DEBUG 37359 --- [    Test worker] f.a.AutowiredAnnotationBeanPostProcessor : Autowiring by type from bean name 'org.springframework.boot.autoconfigure.data.rest.SpringBootRepositoryRestMvcConfiguration' to bean named 'org.springframework.web.context.support.GenericWebApplicationContext@5a677df7'
2016-04-27 17:58:12.601 DEBUG 37359 --- [    Test worker] o.s.b.f.annotation.InjectionMetadata     : Processing injected element of bean 'org.springframework.boot.autoconfigure.data.rest.SpringBootRepositoryRestMvcConfiguration': AutowiredFieldElement for org.springframework.beans.factory.ObjectFactory org.springframework.data.web.config.SpringDataWebConfiguration.conversionService
2016-04-27 17:58:12.601 DEBUG 37359 --- [    Test worker] o.s.b.f.annotation.InjectionMetadata     : Processing injected element of bean 'org.springframework.boot.autoconfigure.data.rest.SpringBootRepositoryRestMvcConfiguration': AutowiredFieldElement for org.springframework.context.ApplicationContext org.springframework.data.rest.webmvc.config.RepositoryRestMvcConfiguration.applicationContext
2016-04-27 17:58:12.601 DEBUG 37359 --- [    Test worker] f.a.AutowiredAnnotationBeanPostProcessor : Autowiring by type from bean name 'org.springframework.boot.autoconfigure.data.rest.SpringBootRepositoryRestMvcConfiguration' to bean named 'org.springframework.web.context.support.GenericWebApplicationContext@5a677df7'
2016-04-27 17:58:12.601 DEBUG 37359 --- [    Test worker] o.s.b.f.annotation.InjectionMetadata     : Processing injected element of bean 'org.springframework.boot.autoconfigure.data.rest.SpringBootRepositoryRestMvcConfiguration': AutowiredFieldElement for java.util.List org.springframework.data.rest.webmvc.config.RepositoryRestMvcConfiguration.idConverters
2016-04-27 17:58:12.602 DEBUG 37359 --- [    Test worker] o.s.b.f.annotation.InjectionMetadata     : Processing injected element of bean 'org.springframework.boot.autoconfigure.data.rest.SpringBootRepositoryRestMvcConfiguration': AutowiredFieldElement for java.util.List org.springframework.data.rest.webmvc.config.RepositoryRestMvcConfiguration.configurers
2016-04-27 17:58:12.603 DEBUG 37359 --- [    Test worker] o.s.b.f.s.DefaultListableBeanFactory     : Creating shared instance of singleton bean 'springBootRepositoryRestConfigurer'
2016-04-27 17:58:12.603 DEBUG 37359 --- [    Test worker] o.s.b.f.s.DefaultListableBeanFactory     : Creating instance of bean 'springBootRepositoryRestConfigurer'
2016-04-27 17:58:12.603 DEBUG 37359 --- [    Test worker] o.s.b.f.s.DefaultListableBeanFactory     : Returning cached instance of singleton bean 'org.springframework.transaction.config.internalTransactionAdvisor'
2016-04-27 17:58:12.603 DEBUG 37359 --- [    Test worker] o.s.b.f.s.DefaultListableBeanFactory     : Creating shared instance of singleton bean 'org.springframework.boot.autoconfigure.data.rest.RepositoryRestMvcAutoConfiguration'
2016-04-27 17:58:12.603 DEBUG 37359 --- [    Test worker] o.s.b.f.s.DefaultListableBeanFactory     : Creating instance of bean 'org.springframework.boot.autoconfigure.data.rest.RepositoryRestMvcAutoConfiguration'
2016-04-27 17:58:12.604 DEBUG 37359 --- [    Test worker] o.s.b.f.s.DefaultListableBeanFactory     : Returning cached instance of singleton bean 'org.springframework.transaction.config.internalTransactionAdvisor'
2016-04-27 17:58:12.604 DEBUG 37359 --- [    Test worker] o.s.b.f.s.DefaultListableBeanFactory     : Eagerly caching bean 'org.springframework.boot.autoconfigure.data.rest.RepositoryRestMvcAutoConfiguration' to allow for resolving potential circular references
2016-04-27 17:58:12.604 TRACE 37359 --- [    Test worker] o.s.beans.CachedIntrospectionResults     : Getting BeanInfo for class [org.springframework.boot.autoconfigure.data.rest.RepositoryRestMvcAutoConfiguration$$EnhancerBySpringCGLIB$$c4ccc640]
2016-04-27 17:58:12.605 TRACE 37359 --- [    Test worker] o.s.beans.CachedIntrospectionResults     : Caching PropertyDescriptors for class [org.springframework.boot.autoconfigure.data.rest.RepositoryRestMvcAutoConfiguration$$EnhancerBySpringCGLIB$$c4ccc640]
2016-04-27 17:58:12.605 TRACE 37359 --- [    Test worker] o.s.beans.CachedIntrospectionResults     : Found bean property 'beanFactory' of type [org.springframework.beans.factory.BeanFactory]
2016-04-27 17:58:12.605 TRACE 37359 --- [    Test worker] o.s.beans.CachedIntrospectionResults     : Found bean property 'class' of type [java.lang.Class]
2016-04-27 17:58:12.605 DEBUG 37359 --- [    Test worker] o.s.b.f.s.DefaultListableBeanFactory     : Returning cached instance of singleton bean 'org.springframework.transaction.config.internalTransactionAdvisor'
2016-04-27 17:58:12.605 DEBUG 37359 --- [    Test worker] o.s.b.f.s.DefaultListableBeanFactory     : Returning cached instance of singleton bean 'org.springframework.transaction.config.internalTransactionAdvisor'
2016-04-27 17:58:12.606 DEBUG 37359 --- [    Test worker] o.s.b.f.s.DefaultListableBeanFactory     : Finished creating instance of bean 'org.springframework.boot.autoconfigure.data.rest.RepositoryRestMvcAutoConfiguration'
2016-04-27 17:58:12.608 DEBUG 37359 --- [    Test worker] o.s.b.f.annotation.InjectionMetadata     : Registered injected element on class [org.springframework.boot.autoconfigure.data.rest.SpringBootRepositoryRestConfigurer]: AutowiredFieldElement for private org.springframework.http.converter.json.Jackson2ObjectMapperBuilder org.springframework.boot.autoconfigure.data.rest.SpringBootRepositoryRestConfigurer.objectMapperBuilder
2016-04-27 17:58:12.608 DEBUG 37359 --- [    Test worker] o.s.b.f.s.DefaultListableBeanFactory     : Eagerly caching bean 'springBootRepositoryRestConfigurer' to allow for resolving potential circular references
2016-04-27 17:58:12.608 TRACE 37359 --- [    Test worker] o.s.beans.CachedIntrospectionResults     : Getting BeanInfo for class [org.springframework.boot.autoconfigure.data.rest.SpringBootRepositoryRestConfigurer]
2016-04-27 17:58:12.609 TRACE 37359 --- [    Test worker] o.s.beans.CachedIntrospectionResults     : Caching PropertyDescriptors for class [org.springframework.boot.autoconfigure.data.rest.SpringBootRepositoryRestConfigurer]
2016-04-27 17:58:12.609 TRACE 37359 --- [    Test worker] o.s.beans.CachedIntrospectionResults     : Found bean property 'class' of type [java.lang.Class]
2016-04-27 17:58:12.609 DEBUG 37359 --- [    Test worker] o.s.b.f.annotation.InjectionMetadata     : Processing injected element of bean 'springBootRepositoryRestConfigurer': AutowiredFieldElement for private org.springframework.http.converter.json.Jackson2ObjectMapperBuilder org.springframework.boot.autoconfigure.data.rest.SpringBootRepositoryRestConfigurer.objectMapperBuilder
2016-04-27 17:58:12.610 DEBUG 37359 --- [    Test worker] o.s.b.f.s.DefaultListableBeanFactory     : Creating shared instance of singleton bean 'jacksonObjectMapperBuilder'
2016-04-27 17:58:12.610 DEBUG 37359 --- [    Test worker] o.s.b.f.s.DefaultListableBeanFactory     : Creating instance of bean 'jacksonObjectMapperBuilder'
2016-04-27 17:58:12.610 DEBUG 37359 --- [    Test worker] o.s.b.f.s.DefaultListableBeanFactory     : Returning cached instance of singleton bean 'org.springframework.transaction.config.internalTransactionAdvisor'
2016-04-27 17:58:12.610 DEBUG 37359 --- [    Test worker] o.s.b.f.s.DefaultListableBeanFactory     : Creating shared instance of singleton bean 'org.springframework.boot.autoconfigure.jackson.JacksonAutoConfiguration$JacksonObjectMapperBuilderConfiguration'
2016-04-27 17:58:12.610 DEBUG 37359 --- [    Test worker] o.s.b.f.s.DefaultListableBeanFactory     : Creating instance of bean 'org.springframework.boot.autoconfigure.jackson.JacksonAutoConfiguration$JacksonObjectMapperBuilderConfiguration'
2016-04-27 17:58:12.610 DEBUG 37359 --- [    Test worker] o.s.b.f.s.DefaultListableBeanFactory     : Returning cached instance of singleton bean 'org.springframework.transaction.config.internalTransactionAdvisor'
2016-04-27 17:58:12.611 DEBUG 37359 --- [    Test worker] o.s.b.f.annotation.InjectionMetadata     : Registered injected element on class [org.springframework.boot.autoconfigure.jackson.JacksonAutoConfiguration$JacksonObjectMapperBuilderConfiguration$$EnhancerBySpringCGLIB$$f78efff8]: AutowiredFieldElement for private org.springframework.context.ApplicationContext org.springframework.boot.autoconfigure.jackson.JacksonAutoConfiguration$JacksonObjectMapperBuilderConfiguration.applicationContext
2016-04-27 17:58:12.611 DEBUG 37359 --- [    Test worker] o.s.b.f.annotation.InjectionMetadata     : Registered injected element on class [org.springframework.boot.autoconfigure.jackson.JacksonAutoConfiguration$JacksonObjectMapperBuilderConfiguration$$EnhancerBySpringCGLIB$$f78efff8]: AutowiredFieldElement for private org.springframework.boot.autoconfigure.jackson.JacksonProperties org.springframework.boot.autoconfigure.jackson.JacksonAutoConfiguration$JacksonObjectMapperBuilderConfiguration.jacksonProperties
2016-04-27 17:58:12.611 DEBUG 37359 --- [    Test worker] o.s.b.f.s.DefaultListableBeanFactory     : Eagerly caching bean 'org.springframework.boot.autoconfigure.jackson.JacksonAutoConfiguration$JacksonObjectMapperBuilderConfiguration' to allow for resolving potential circular references
2016-04-27 17:58:12.611 TRACE 37359 --- [    Test worker] o.s.beans.CachedIntrospectionResults     : Getting BeanInfo for class [org.springframework.boot.autoconfigure.jackson.JacksonAutoConfiguration$JacksonObjectMapperBuilderConfiguration$$EnhancerBySpringCGLIB$$f78efff8]
2016-04-27 17:58:12.612 TRACE 37359 --- [    Test worker] o.s.beans.CachedIntrospectionResults     : Caching PropertyDescriptors for class [org.springframework.boot.autoconfigure.jackson.JacksonAutoConfiguration$JacksonObjectMapperBuilderConfiguration$$EnhancerBySpringCGLIB$$f78efff8]
2016-04-27 17:58:12.612 TRACE 37359 --- [    Test worker] o.s.beans.CachedIntrospectionResults     : Found bean property 'beanFactory' of type [org.springframework.beans.factory.BeanFactory]
2016-04-27 17:58:12.612 TRACE 37359 --- [    Test worker] o.s.beans.CachedIntrospectionResults     : Found bean property 'class' of type [java.lang.Class]
2016-04-27 17:58:12.612 DEBUG 37359 --- [    Test worker] o.s.b.f.annotation.InjectionMetadata     : Processing injected element of bean 'org.springframework.boot.autoconfigure.jackson.JacksonAutoConfiguration$JacksonObjectMapperBuilderConfiguration': AutowiredFieldElement for private org.springframework.context.ApplicationContext org.springframework.boot.autoconfigure.jackson.JacksonAutoConfiguration$JacksonObjectMapperBuilderConfiguration.applicationContext
2016-04-27 17:58:12.613 DEBUG 37359 --- [    Test worker] f.a.AutowiredAnnotationBeanPostProcessor : Autowiring by type from bean name 'org.springframework.boot.autoconfigure.jackson.JacksonAutoConfiguration$JacksonObjectMapperBuilderConfiguration' to bean named 'org.springframework.web.context.support.GenericWebApplicationContext@5a677df7'
2016-04-27 17:58:12.613 DEBUG 37359 --- [    Test worker] o.s.b.f.annotation.InjectionMetadata     : Processing injected element of bean 'org.springframework.boot.autoconfigure.jackson.JacksonAutoConfiguration$JacksonObjectMapperBuilderConfiguration': AutowiredFieldElement for private org.springframework.boot.autoconfigure.jackson.JacksonProperties org.springframework.boot.autoconfigure.jackson.JacksonAutoConfiguration$JacksonObjectMapperBuilderConfiguration.jacksonProperties
2016-04-27 17:58:12.613 DEBUG 37359 --- [    Test worker] o.s.b.f.s.DefaultListableBeanFactory     : Creating shared instance of singleton bean 'spring.jackson.CONFIGURATION_PROPERTIES'
2016-04-27 17:58:12.613 DEBUG 37359 --- [    Test worker] o.s.b.f.s.DefaultListableBeanFactory     : Creating instance of bean 'spring.jackson.CONFIGURATION_PROPERTIES'
2016-04-27 17:58:12.614 DEBUG 37359 --- [    Test worker] o.s.b.f.s.DefaultListableBeanFactory     : Returning cached instance of singleton bean 'org.springframework.transaction.config.internalTransactionAdvisor'
2016-04-27 17:58:12.614 DEBUG 37359 --- [    Test worker] o.s.b.f.s.DefaultListableBeanFactory     : Eagerly caching bean 'spring.jackson.CONFIGURATION_PROPERTIES' to allow for resolving potential circular references
2016-04-27 17:58:12.614 TRACE 37359 --- [    Test worker] o.s.beans.CachedIntrospectionResults     : Getting BeanInfo for class [org.springframework.boot.autoconfigure.jackson.JacksonProperties]
2016-04-27 17:58:12.615 TRACE 37359 --- [    Test worker] o.s.beans.CachedIntrospectionResults     : Caching PropertyDescriptors for class [org.springframework.boot.autoconfigure.jackson.JacksonProperties]
2016-04-27 17:58:12.615 TRACE 37359 --- [    Test worker] o.s.beans.CachedIntrospectionResults     : Found bean property 'class' of type [java.lang.Class]
2016-04-27 17:58:12.615 TRACE 37359 --- [    Test worker] o.s.beans.CachedIntrospectionResults     : Found bean property 'dateFormat' of type [java.lang.String]
2016-04-27 17:58:12.615 TRACE 37359 --- [    Test worker] o.s.beans.CachedIntrospectionResults     : Found bean property 'deserialization' of type [java.util.Map]
2016-04-27 17:58:12.615 TRACE 37359 --- [    Test worker] o.s.beans.CachedIntrospectionResults     : Found bean property 'generator' of type [java.util.Map]
2016-04-27 17:58:12.615 TRACE 37359 --- [    Test worker] o.s.beans.CachedIntrospectionResults     : Found bean property 'jodaDateTimeFormat' of type [java.lang.String]
2016-04-27 17:58:12.615 TRACE 37359 --- [    Test worker] o.s.beans.CachedIntrospectionResults     : Found bean property 'locale' of type [java.util.Locale]
2016-04-27 17:58:12.615 TRACE 37359 --- [    Test worker] o.s.beans.CachedIntrospectionResults     : Found bean property 'mapper' of type [java.util.Map]
2016-04-27 17:58:12.615 TRACE 37359 --- [    Test worker] o.s.beans.CachedIntrospectionResults     : Found bean property 'parser' of type [java.util.Map]
2016-04-27 17:58:12.615 TRACE 37359 --- [    Test worker] o.s.beans.CachedIntrospectionResults     : Found bean property 'propertyNamingStrategy' of type [java.lang.String]
2016-04-27 17:58:12.615 TRACE 37359 --- [    Test worker] o.s.beans.CachedIntrospectionResults     : Found bean property 'serialization' of type [java.util.Map]
2016-04-27 17:58:12.615 TRACE 37359 --- [    Test worker] o.s.beans.CachedIntrospectionResults     : Found bean property 'serializationInclusion' of type [com.fasterxml.jackson.annotation.JsonInclude$Include]
2016-04-27 17:58:12.615 TRACE 37359 --- [    Test worker] o.s.beans.CachedIntrospectionResults     : Found bean property 'timeZone' of type [java.util.TimeZone]
2016-04-27 17:58:12.615 TRACE 37359 --- [    Test worker] o.s.b.b.PropertiesConfigurationFactory   : Property Sources: org.springframework.boot.context.properties.ConfigurationPropertiesBindingPostProcessor$FlatPropertySources@6794fe26
2016-04-27 17:58:12.616 DEBUG 37359 --- [    Test worker] o.s.core.env.MutablePropertySources      : Adding [systemProperties] PropertySource with lowest search precedence
2016-04-27 17:58:12.616 DEBUG 37359 --- [    Test worker] o.s.core.env.MutablePropertySources      : Adding [systemEnvironment] PropertySource with lowest search precedence
2016-04-27 17:58:12.616 DEBUG 37359 --- [    Test worker] o.s.core.env.MutablePropertySources      : Adding [random] PropertySource with lowest search precedence
2016-04-27 17:58:12.616 DEBUG 37359 --- [    Test worker] o.s.core.env.MutablePropertySources      : Adding [integrationTest] PropertySource with lowest search precedence
2016-04-27 17:58:12.616 DEBUG 37359 --- [    Test worker] o.s.core.env.MutablePropertySources      : Adding [applicationConfig: [classpath:/application.yml]] PropertySource with lowest search precedence
2016-04-27 17:58:12.617 DEBUG 37359 --- [    Test worker] o.s.core.env.MutablePropertySources      : Adding [localProperties] PropertySource with lowest search precedence
2016-04-27 17:58:12.619 DEBUG 37359 --- [    Test worker] o.s.b.f.s.DefaultListableBeanFactory     : Returning cached instance of singleton bean 'org.springframework.transaction.config.internalTransactionAdvisor'
2016-04-27 17:58:12.619 DEBUG 37359 --- [    Test worker] o.s.b.f.s.DefaultListableBeanFactory     : Returning cached instance of singleton bean 'org.springframework.transaction.config.internalTransactionAdvisor'
2016-04-27 17:58:12.620 DEBUG 37359 --- [    Test worker] o.s.b.f.s.DefaultListableBeanFactory     : Finished creating instance of bean 'spring.jackson.CONFIGURATION_PROPERTIES'
2016-04-27 17:58:12.620 DEBUG 37359 --- [    Test worker] f.a.AutowiredAnnotationBeanPostProcessor : Autowiring by type from bean name 'org.springframework.boot.autoconfigure.jackson.JacksonAutoConfiguration$JacksonObjectMapperBuilderConfiguration' to bean named 'spring.jackson.CONFIGURATION_PROPERTIES'
2016-04-27 17:58:12.620 DEBUG 37359 --- [    Test worker] o.s.b.f.s.DefaultListableBeanFactory     : Returning cached instance of singleton bean 'org.springframework.transaction.config.internalTransactionAdvisor'
2016-04-27 17:58:12.620 DEBUG 37359 --- [    Test worker] o.s.b.f.s.DefaultListableBeanFactory     : Returning cached instance of singleton bean 'org.springframework.transaction.config.internalTransactionAdvisor'
2016-04-27 17:58:12.621 DEBUG 37359 --- [    Test worker] o.s.b.f.s.DefaultListableBeanFactory     : Finished creating instance of bean 'org.springframework.boot.autoconfigure.jackson.JacksonAutoConfiguration$JacksonObjectMapperBuilderConfiguration'
2016-04-27 17:58:12.624 DEBUG 37359 --- [    Test worker] o.s.b.f.s.DefaultListableBeanFactory     : Creating shared instance of singleton bean 'jacksonGeoModule'
2016-04-27 17:58:12.624 DEBUG 37359 --- [    Test worker] o.s.b.f.s.DefaultListableBeanFactory     : Creating instance of bean 'jacksonGeoModule'
2016-04-27 17:58:12.624 DEBUG 37359 --- [    Test worker] o.s.b.f.s.DefaultListableBeanFactory     : Returning cached instance of singleton bean 'org.springframework.transaction.config.internalTransactionAdvisor'
2016-04-27 17:58:12.624 DEBUG 37359 --- [    Test worker] o.s.b.f.s.DefaultListableBeanFactory     : Creating shared instance of singleton bean 'org.springframework.data.web.config.SpringDataJacksonConfiguration'
2016-04-27 17:58:12.624 DEBUG 37359 --- [    Test worker] o.s.b.f.s.DefaultListableBeanFactory     : Creating instance of bean 'org.springframework.data.web.config.SpringDataJacksonConfiguration'
2016-04-27 17:58:12.624 DEBUG 37359 --- [    Test worker] o.s.b.f.s.DefaultListableBeanFactory     : Returning cached instance of singleton bean 'org.springframework.transaction.config.internalTransactionAdvisor'
2016-04-27 17:58:12.624 DEBUG 37359 --- [    Test worker] o.s.b.f.s.DefaultListableBeanFactory     : Eagerly caching bean 'org.springframework.data.web.config.SpringDataJacksonConfiguration' to allow for resolving potential circular references
2016-04-27 17:58:12.624 TRACE 37359 --- [    Test worker] o.s.beans.CachedIntrospectionResults     : Getting BeanInfo for class [org.springframework.data.web.config.SpringDataJacksonConfiguration$$EnhancerBySpringCGLIB$$6ec234e2]
2016-04-27 17:58:12.625 TRACE 37359 --- [    Test worker] o.s.beans.CachedIntrospectionResults     : Caching PropertyDescriptors for class [org.springframework.data.web.config.SpringDataJacksonConfiguration$$EnhancerBySpringCGLIB$$6ec234e2]
2016-04-27 17:58:12.626 TRACE 37359 --- [    Test worker] o.s.beans.CachedIntrospectionResults     : Found bean property 'beanFactory' of type [org.springframework.beans.factory.BeanFactory]
2016-04-27 17:58:12.626 TRACE 37359 --- [    Test worker] o.s.beans.CachedIntrospectionResults     : Found bean property 'class' of type [java.lang.Class]
2016-04-27 17:58:12.626 DEBUG 37359 --- [    Test worker] o.s.b.f.s.DefaultListableBeanFactory     : Returning cached instance of singleton bean 'org.springframework.transaction.config.internalTransactionAdvisor'
2016-04-27 17:58:12.626 DEBUG 37359 --- [    Test worker] o.s.b.f.s.DefaultListableBeanFactory     : Returning cached instance of singleton bean 'org.springframework.transaction.config.internalTransactionAdvisor'
2016-04-27 17:58:12.626 DEBUG 37359 --- [    Test worker] o.s.b.f.s.DefaultListableBeanFactory     : Finished creating instance of bean 'org.springframework.data.web.config.SpringDataJacksonConfiguration'
2016-04-27 17:58:12.633 DEBUG 37359 --- [    Test worker] o.s.b.f.s.DefaultListableBeanFactory     : Eagerly caching bean 'jacksonGeoModule' to allow for resolving potential circular references
2016-04-27 17:58:12.633 TRACE 37359 --- [    Test worker] o.s.beans.CachedIntrospectionResults     : Getting BeanInfo for class [org.springframework.data.geo.GeoModule]
2016-04-27 17:58:12.637 TRACE 37359 --- [    Test worker] o.s.beans.CachedIntrospectionResults     : Caching PropertyDescriptors for class [org.springframework.data.geo.GeoModule]
2016-04-27 17:58:12.637 TRACE 37359 --- [    Test worker] o.s.beans.CachedIntrospectionResults     : Found bean property 'abstractTypes' of type [com.fasterxml.jackson.databind.module.SimpleAbstractTypeResolver]
2016-04-27 17:58:12.637 TRACE 37359 --- [    Test worker] o.s.beans.CachedIntrospectionResults     : Found bean property 'class' of type [java.lang.Class]
2016-04-27 17:58:12.637 TRACE 37359 --- [    Test worker] o.s.beans.CachedIntrospectionResults     : Found bean property 'deserializerModifier' of type [com.fasterxml.jackson.databind.deser.BeanDeserializerModifier]
2016-04-27 17:58:12.637 TRACE 37359 --- [    Test worker] o.s.beans.CachedIntrospectionResults     : Found bean property 'deserializers' of type [com.fasterxml.jackson.databind.module.SimpleDeserializers]
2016-04-27 17:58:12.637 TRACE 37359 --- [    Test worker] o.s.beans.CachedIntrospectionResults     : Found bean property 'keyDeserializers' of type [com.fasterxml.jackson.databind.module.SimpleKeyDeserializers]
2016-04-27 17:58:12.637 TRACE 37359 --- [    Test worker] o.s.beans.CachedIntrospectionResults     : Found bean property 'keySerializers' of type [com.fasterxml.jackson.databind.module.SimpleSerializers]
2016-04-27 17:58:12.637 TRACE 37359 --- [    Test worker] o.s.beans.CachedIntrospectionResults     : Found bean property 'moduleName' of type [java.lang.String]
2016-04-27 17:58:12.637 TRACE 37359 --- [    Test worker] o.s.beans.CachedIntrospectionResults     : Found bean property 'serializerModifier' of type [com.fasterxml.jackson.databind.ser.BeanSerializerModifier]
2016-04-27 17:58:12.637 TRACE 37359 --- [    Test worker] o.s.beans.CachedIntrospectionResults     : Found bean property 'serializers' of type [com.fasterxml.jackson.databind.module.SimpleSerializers]
2016-04-27 17:58:12.637 TRACE 37359 --- [    Test worker] o.s.beans.CachedIntrospectionResults     : Found bean property 'typeId' of type [java.lang.Object]
2016-04-27 17:58:12.638 TRACE 37359 --- [    Test worker] o.s.beans.CachedIntrospectionResults     : Found bean property 'upModule' of type [com.fasterxml.jackson.databind.Module$SetupContext]
2016-04-27 17:58:12.638 TRACE 37359 --- [    Test worker] o.s.beans.CachedIntrospectionResults     : Found bean property 'valueInstantiators' of type [com.fasterxml.jackson.databind.module.SimpleValueInstantiators]
2016-04-27 17:58:12.638 DEBUG 37359 --- [    Test worker] o.s.b.f.s.DefaultListableBeanFactory     : Returning cached instance of singleton bean 'org.springframework.transaction.config.internalTransactionAdvisor'
2016-04-27 17:58:12.638 DEBUG 37359 --- [    Test worker] o.s.b.f.s.DefaultListableBeanFactory     : Returning cached instance of singleton bean 'org.springframework.transaction.config.internalTransactionAdvisor'
2016-04-27 17:58:12.638 DEBUG 37359 --- [    Test worker] o.s.b.f.s.DefaultListableBeanFactory     : Finished creating instance of bean 'jacksonGeoModule'
2016-04-27 17:58:12.639 DEBUG 37359 --- [    Test worker] o.s.b.f.s.DefaultListableBeanFactory     : Eagerly caching bean 'jacksonObjectMapperBuilder' to allow for resolving potential circular references
2016-04-27 17:58:12.639 TRACE 37359 --- [    Test worker] o.s.beans.CachedIntrospectionResults     : Getting BeanInfo for class [org.springframework.http.converter.json.Jackson2ObjectMapperBuilder]
2016-04-27 17:58:12.640 TRACE 37359 --- [    Test worker] o.s.beans.CachedIntrospectionResults     : Caching PropertyDescriptors for class [org.springframework.http.converter.json.Jackson2ObjectMapperBuilder]
2016-04-27 17:58:12.640 TRACE 37359 --- [    Test worker] o.s.beans.CachedIntrospectionResults     : Found bean property 'class' of type [java.lang.Class]
2016-04-27 17:58:12.640 DEBUG 37359 --- [    Test worker] o.s.b.f.s.DefaultListableBeanFactory     : Returning cached instance of singleton bean 'org.springframework.transaction.config.internalTransactionAdvisor'
2016-04-27 17:58:12.640 DEBUG 37359 --- [    Test worker] o.s.b.f.s.DefaultListableBeanFactory     : Returning cached instance of singleton bean 'org.springframework.transaction.config.internalTransactionAdvisor'
2016-04-27 17:58:12.640 DEBUG 37359 --- [    Test worker] o.s.b.f.s.DefaultListableBeanFactory     : Finished creating instance of bean 'jacksonObjectMapperBuilder'
2016-04-27 17:58:12.640 DEBUG 37359 --- [    Test worker] f.a.AutowiredAnnotationBeanPostProcessor : Autowiring by type from bean name 'springBootRepositoryRestConfigurer' to bean named 'jacksonObjectMapperBuilder'
2016-04-27 17:58:12.640 DEBUG 37359 --- [    Test worker] o.s.b.f.s.DefaultListableBeanFactory     : Returning cached instance of singleton bean 'org.springframework.transaction.config.internalTransactionAdvisor'
2016-04-27 17:58:12.640 DEBUG 37359 --- [    Test worker] o.s.b.f.s.DefaultListableBeanFactory     : Returning cached instance of singleton bean 'org.springframework.transaction.config.internalTransactionAdvisor'
2016-04-27 17:58:12.641 DEBUG 37359 --- [    Test worker] o.s.b.f.s.DefaultListableBeanFactory     : Finished creating instance of bean 'springBootRepositoryRestConfigurer'
2016-04-27 17:58:12.645 DEBUG 37359 --- [    Test worker] f.a.AutowiredAnnotationBeanPostProcessor : Autowiring by type from bean name 'org.springframework.boot.autoconfigure.data.rest.SpringBootRepositoryRestMvcConfiguration' to bean named 'springBootRepositoryRestConfigurer'
2016-04-27 17:58:12.645 DEBUG 37359 --- [    Test worker] o.s.b.f.annotation.InjectionMetadata     : Processing injected element of bean 'org.springframework.boot.autoconfigure.data.rest.SpringBootRepositoryRestMvcConfiguration': AutowiredFieldElement for org.springframework.hateoas.RelProvider org.springframework.data.rest.webmvc.config.RepositoryRestMvcConfiguration.relProvider
2016-04-27 17:58:12.646 DEBUG 37359 --- [    Test worker] o.s.b.f.s.DefaultListableBeanFactory     : Creating shared instance of singleton bean 'defaultRelProvider'
2016-04-27 17:58:12.646 DEBUG 37359 --- [    Test worker] o.s.b.f.s.DefaultListableBeanFactory     : Creating instance of bean 'defaultRelProvider'
2016-04-27 17:58:12.646 DEBUG 37359 --- [    Test worker] o.s.b.f.s.DefaultListableBeanFactory     : Returning cached instance of singleton bean 'org.springframework.transaction.config.internalTransactionAdvisor'
2016-04-27 17:58:12.646 DEBUG 37359 --- [    Test worker] o.s.b.f.s.DefaultListableBeanFactory     : Eagerly caching bean 'defaultRelProvider' to allow for resolving potential circular references
2016-04-27 17:58:12.646 TRACE 37359 --- [    Test worker] o.s.beans.CachedIntrospectionResults     : Getting BeanInfo for class [org.springframework.hateoas.core.EvoInflectorRelProvider]
2016-04-27 17:58:12.648 TRACE 37359 --- [    Test worker] o.s.beans.CachedIntrospectionResults     : Caching PropertyDescriptors for class [org.springframework.hateoas.core.EvoInflectorRelProvider]
2016-04-27 17:58:12.648 TRACE 37359 --- [    Test worker] o.s.beans.CachedIntrospectionResults     : Found bean property 'class' of type [java.lang.Class]
2016-04-27 17:58:12.648 DEBUG 37359 --- [    Test worker] o.s.b.f.s.DefaultListableBeanFactory     : Returning cached instance of singleton bean 'org.springframework.transaction.config.internalTransactionAdvisor'
2016-04-27 17:58:12.648 DEBUG 37359 --- [    Test worker] o.s.b.f.s.DefaultListableBeanFactory     : Returning cached instance of singleton bean 'org.springframework.transaction.config.internalTransactionAdvisor'
2016-04-27 17:58:12.648 DEBUG 37359 --- [    Test worker] o.s.b.f.s.DefaultListableBeanFactory     : Finished creating instance of bean 'defaultRelProvider'
2016-04-27 17:58:12.648 DEBUG 37359 --- [    Test worker] o.s.b.f.s.DefaultListableBeanFactory     : Creating shared instance of singleton bean 'annotationRelProvider'
2016-04-27 17:58:12.648 DEBUG 37359 --- [    Test worker] o.s.b.f.s.DefaultListableBeanFactory     : Creating instance of bean 'annotationRelProvider'
2016-04-27 17:58:12.648 DEBUG 37359 --- [    Test worker] o.s.b.f.s.DefaultListableBeanFactory     : Returning cached instance of singleton bean 'org.springframework.transaction.config.internalTransactionAdvisor'
2016-04-27 17:58:12.649 DEBUG 37359 --- [    Test worker] o.s.b.f.s.DefaultListableBeanFactory     : Eagerly caching bean 'annotationRelProvider' to allow for resolving potential circular references
2016-04-27 17:58:12.649 TRACE 37359 --- [    Test worker] o.s.beans.CachedIntrospectionResults     : Getting BeanInfo for class [org.springframework.hateoas.core.AnnotationRelProvider]
2016-04-27 17:58:12.649 TRACE 37359 --- [    Test worker] o.s.beans.CachedIntrospectionResults     : Caching PropertyDescriptors for class [org.springframework.hateoas.core.AnnotationRelProvider]
2016-04-27 17:58:12.649 TRACE 37359 --- [    Test worker] o.s.beans.CachedIntrospectionResults     : Found bean property 'class' of type [java.lang.Class]
2016-04-27 17:58:12.650 DEBUG 37359 --- [    Test worker] o.s.b.f.s.DefaultListableBeanFactory     : Returning cached instance of singleton bean 'org.springframework.transaction.config.internalTransactionAdvisor'
2016-04-27 17:58:12.650 DEBUG 37359 --- [    Test worker] o.s.b.f.s.DefaultListableBeanFactory     : Returning cached instance of singleton bean 'org.springframework.transaction.config.internalTransactionAdvisor'
2016-04-27 17:58:12.650 DEBUG 37359 --- [    Test worker] o.s.b.f.s.DefaultListableBeanFactory     : Finished creating instance of bean 'annotationRelProvider'
2016-04-27 17:58:12.650 DEBUG 37359 --- [    Test worker] o.s.b.f.s.DefaultListableBeanFactory     : Creating shared instance of singleton bean '_relProvider'
2016-04-27 17:58:12.650 DEBUG 37359 --- [    Test worker] o.s.b.f.s.DefaultListableBeanFactory     : Creating instance of bean '_relProvider'
2016-04-27 17:58:12.650 DEBUG 37359 --- [    Test worker] o.s.b.f.s.DefaultListableBeanFactory     : Returning cached instance of singleton bean 'org.springframework.transaction.config.internalTransactionAdvisor'
2016-04-27 17:58:12.650 DEBUG 37359 --- [    Test worker] o.s.b.f.s.DefaultListableBeanFactory     : Creating instance of bean '(inner bean)#5b4005b6'
2016-04-27 17:58:12.650 DEBUG 37359 --- [    Test worker] o.s.b.f.s.DefaultListableBeanFactory     : Returning cached instance of singleton bean 'org.springframework.transaction.config.internalTransactionAdvisor'
2016-04-27 17:58:12.651 TRACE 37359 --- [    Test worker] o.s.beans.CachedIntrospectionResults     : Getting BeanInfo for class [org.springframework.plugin.core.support.PluginRegistryFactoryBean]
2016-04-27 17:58:12.653 TRACE 37359 --- [    Test worker] o.s.beans.CachedIntrospectionResults     : Caching PropertyDescriptors for class [org.springframework.plugin.core.support.PluginRegistryFactoryBean]
2016-04-27 17:58:12.653 TRACE 37359 --- [    Test worker] o.s.beans.CachedIntrospectionResults     : Found bean property 'applicationContext' of type [org.springframework.context.ApplicationContext]
2016-04-27 17:58:12.653 TRACE 37359 --- [    Test worker] o.s.beans.CachedIntrospectionResults     : Found bean property 'class' of type [java.lang.Class]
2016-04-27 17:58:12.653 TRACE 37359 --- [    Test worker] o.s.beans.CachedIntrospectionResults     : Found bean property 'exclusions' of type [[Ljava.lang.Class;]
2016-04-27 17:58:12.654 TRACE 37359 --- [    Test worker] o.s.beans.CachedIntrospectionResults     : Found bean property 'object' of type [org.springframework.plugin.core.OrderAwarePluginRegistry]
2016-04-27 17:58:12.654 TRACE 37359 --- [    Test worker] o.s.beans.CachedIntrospectionResults     : Found bean property 'objectType' of type [java.lang.Class]
2016-04-27 17:58:12.654 TRACE 37359 --- [    Test worker] o.s.beans.CachedIntrospectionResults     : Found bean property 'singleton' of type [boolean]
2016-04-27 17:58:12.654 TRACE 37359 --- [    Test worker] o.s.beans.CachedIntrospectionResults     : Found bean property 'type' of type [java.lang.Class]
2016-04-27 17:58:12.654 DEBUG 37359 --- [    Test worker] o.s.b.f.s.DefaultListableBeanFactory     : Invoking afterPropertiesSet() on bean with name '(inner bean)#5b4005b6'
2016-04-27 17:58:12.655 DEBUG 37359 --- [    Test worker] o.s.b.f.s.DefaultListableBeanFactory     : Returning cached instance of singleton bean 'org.springframework.transaction.config.internalTransactionAdvisor'
2016-04-27 17:58:12.655 DEBUG 37359 --- [    Test worker] o.s.b.f.s.DefaultListableBeanFactory     : Returning cached instance of singleton bean 'org.springframework.transaction.config.internalTransactionAdvisor'
2016-04-27 17:58:12.655 DEBUG 37359 --- [    Test worker] o.s.b.f.s.DefaultListableBeanFactory     : Finished creating instance of bean '(inner bean)#5b4005b6'
2016-04-27 17:58:12.657 DEBUG 37359 --- [    Test worker] o.s.aop.framework.JdkDynamicAopProxy     : Creating JDK dynamic proxy: target source is org.springframework.plugin.core.support.AbstractTypeAwareSupport$BeansOfTypeTargetSource@3aec75e1
2016-04-27 17:58:12.660 DEBUG 37359 --- [    Test worker] o.s.b.f.s.DefaultListableBeanFactory     : Returning cached instance of singleton bean 'org.springframework.transaction.config.internalTransactionAdvisor'
2016-04-27 17:58:12.660 DEBUG 37359 --- [    Test worker] o.s.b.f.s.DefaultListableBeanFactory     : Returning cached instance of singleton bean 'org.springframework.transaction.config.internalTransactionAdvisor'
2016-04-27 17:58:12.661 DEBUG 37359 --- [    Test worker] o.s.b.f.s.DefaultListableBeanFactory     : Eagerly caching bean '_relProvider' to allow for resolving potential circular references
2016-04-27 17:58:12.662 TRACE 37359 --- [    Test worker] o.s.beans.CachedIntrospectionResults     : Getting BeanInfo for class [org.springframework.hateoas.core.DelegatingRelProvider]
2016-04-27 17:58:12.662 TRACE 37359 --- [    Test worker] o.s.beans.CachedIntrospectionResults     : Caching PropertyDescriptors for class [org.springframework.hateoas.core.DelegatingRelProvider]
2016-04-27 17:58:12.662 TRACE 37359 --- [    Test worker] o.s.beans.CachedIntrospectionResults     : Found bean property 'class' of type [java.lang.Class]
2016-04-27 17:58:12.662 DEBUG 37359 --- [    Test worker] o.s.b.f.s.DefaultListableBeanFactory     : Returning cached instance of singleton bean 'org.springframework.transaction.config.internalTransactionAdvisor'
2016-04-27 17:58:12.662 DEBUG 37359 --- [    Test worker] o.s.b.f.s.DefaultListableBeanFactory     : Returning cached instance of singleton bean 'org.springframework.transaction.config.internalTransactionAdvisor'
2016-04-27 17:58:12.663 DEBUG 37359 --- [    Test worker] o.s.b.f.s.DefaultListableBeanFactory     : Finished creating instance of bean '_relProvider'
2016-04-27 17:58:12.663 DEBUG 37359 --- [    Test worker] f.a.AutowiredAnnotationBeanPostProcessor : Autowiring by type from bean name 'org.springframework.boot.autoconfigure.data.rest.SpringBootRepositoryRestMvcConfiguration' to bean named '_relProvider'
2016-04-27 17:58:12.663 DEBUG 37359 --- [    Test worker] o.s.b.f.annotation.InjectionMetadata     : Processing injected element of bean 'org.springframework.boot.autoconfigure.data.rest.SpringBootRepositoryRestMvcConfiguration': AutowiredFieldElement for org.springframework.hateoas.hal.CurieProvider org.springframework.data.rest.webmvc.config.RepositoryRestMvcConfiguration.curieProvider
2016-04-27 17:58:12.663 DEBUG 37359 --- [    Test worker] o.s.b.f.annotation.InjectionMetadata     : Processing injected element of bean 'org.springframework.boot.autoconfigure.data.rest.SpringBootRepositoryRestMvcConfiguration': AutowiredFieldElement for org.springframework.data.geo.GeoModule org.springframework.data.rest.webmvc.config.RepositoryRestMvcConfiguration.geoModule
2016-04-27 17:58:12.664 DEBUG 37359 --- [    Test worker] o.s.b.f.s.DefaultListableBeanFactory     : Returning cached instance of singleton bean 'jacksonGeoModule'
2016-04-27 17:58:12.664 DEBUG 37359 --- [    Test worker] f.a.AutowiredAnnotationBeanPostProcessor : Autowiring by type from bean name 'org.springframework.boot.autoconfigure.data.rest.SpringBootRepositoryRestMvcConfiguration' to bean named 'jacksonGeoModule'
2016-04-27 17:58:12.664 DEBUG 37359 --- [    Test worker] o.s.b.f.s.DefaultListableBeanFactory     : Invoking afterPropertiesSet() on bean with name 'org.springframework.boot.autoconfigure.data.rest.SpringBootRepositoryRestMvcConfiguration'
2016-04-27 17:58:12.664 DEBUG 37359 --- [    Test worker] o.s.b.f.s.DefaultListableBeanFactory     : Returning cached instance of singleton bean 'org.springframework.transaction.config.internalTransactionAdvisor'
2016-04-27 17:58:12.664 DEBUG 37359 --- [    Test worker] o.s.b.f.s.DefaultListableBeanFactory     : Returning cached instance of singleton bean 'org.springframework.transaction.config.internalTransactionAdvisor'
2016-04-27 17:58:12.671 DEBUG 37359 --- [    Test worker] o.s.b.f.s.DefaultListableBeanFactory     : Finished creating instance of bean 'org.springframework.boot.autoconfigure.data.rest.SpringBootRepositoryRestMvcConfiguration'
2016-04-27 17:58:12.678 DEBUG 37359 --- [    Test worker] o.s.b.f.s.DefaultListableBeanFactory     : Creating shared instance of singleton bean 'cityRepository'
2016-04-27 17:58:12.678 DEBUG 37359 --- [    Test worker] o.s.b.f.s.DefaultListableBeanFactory     : Creating instance of bean 'cityRepository'
2016-04-27 17:58:12.678 DEBUG 37359 --- [    Test worker] o.s.b.f.s.DefaultListableBeanFactory     : Returning cached instance of singleton bean 'org.springframework.transaction.config.internalTransactionAdvisor'
2016-04-27 17:58:12.681 TRACE 37359 --- [    Test worker] o.s.beans.CachedIntrospectionResults     : Getting BeanInfo for class [org.springframework.data.jpa.repository.support.JpaRepositoryFactoryBean]
2016-04-27 17:58:12.684 TRACE 37359 --- [    Test worker] o.s.beans.CachedIntrospectionResults     : Caching PropertyDescriptors for class [org.springframework.data.jpa.repository.support.JpaRepositoryFactoryBean]
2016-04-27 17:58:12.684 TRACE 37359 --- [    Test worker] o.s.beans.CachedIntrospectionResults     : Found bean property 'beanClassLoader' of type [java.lang.ClassLoader]
2016-04-27 17:58:12.684 TRACE 37359 --- [    Test worker] o.s.beans.CachedIntrospectionResults     : Found bean property 'beanFactory' of type [org.springframework.beans.factory.BeanFactory]
2016-04-27 17:58:12.684 TRACE 37359 --- [    Test worker] o.s.beans.CachedIntrospectionResults     : Found bean property 'class' of type [java.lang.Class]
2016-04-27 17:58:12.684 TRACE 37359 --- [    Test worker] o.s.beans.CachedIntrospectionResults     : Found bean property 'customImplementation' of type [java.lang.Object]
2016-04-27 17:58:12.684 TRACE 37359 --- [    Test worker] o.s.beans.CachedIntrospectionResults     : Found bean property 'enableDefaultTransactions' of type [boolean]
2016-04-27 17:58:12.684 TRACE 37359 --- [    Test worker] o.s.beans.CachedIntrospectionResults     : Found bean property 'entityInformation' of type [org.springframework.data.repository.core.EntityInformation]
2016-04-27 17:58:12.685 TRACE 37359 --- [    Test worker] o.s.beans.CachedIntrospectionResults     : Found bean property 'entityManager' of type [javax.persistence.EntityManager]
2016-04-27 17:58:12.685 TRACE 37359 --- [    Test worker] o.s.beans.CachedIntrospectionResults     : Found bean property 'evaluationContextProvider' of type [org.springframework.data.repository.query.EvaluationContextProvider]
2016-04-27 17:58:12.685 TRACE 37359 --- [    Test worker] o.s.beans.CachedIntrospectionResults     : Found bean property 'lazyInit' of type [boolean]
2016-04-27 17:58:12.685 TRACE 37359 --- [    Test worker] o.s.beans.CachedIntrospectionResults     : Found bean property 'mappingContext' of type [org.springframework.data.mapping.context.MappingContext]
2016-04-27 17:58:12.685 TRACE 37359 --- [    Test worker] o.s.beans.CachedIntrospectionResults     : Found bean property 'namedQueries' of type [org.springframework.data.repository.core.NamedQueries]
2016-04-27 17:58:12.685 TRACE 37359 --- [    Test worker] o.s.beans.CachedIntrospectionResults     : Found bean property 'object' of type [org.springframework.data.repository.Repository]
2016-04-27 17:58:12.685 TRACE 37359 --- [    Test worker] o.s.beans.CachedIntrospectionResults     : Found bean property 'objectType' of type [java.lang.Class]
2016-04-27 17:58:12.685 TRACE 37359 --- [    Test worker] o.s.beans.CachedIntrospectionResults     : Found bean property 'persistentEntity' of type [org.springframework.data.mapping.PersistentEntity]
2016-04-27 17:58:12.685 TRACE 37359 --- [    Test worker] o.s.beans.CachedIntrospectionResults     : Found bean property 'queryLookupStrategyKey' of type [org.springframework.data.repository.query.QueryLookupStrategy$Key]
2016-04-27 17:58:12.685 TRACE 37359 --- [    Test worker] o.s.beans.CachedIntrospectionResults     : Found bean property 'queryMethods' of type [java.util.List]
2016-04-27 17:58:12.685 TRACE 37359 --- [    Test worker] o.s.beans.CachedIntrospectionResults     : Found bean property 'repositoryBaseClass' of type [java.lang.Class]
2016-04-27 17:58:12.685 TRACE 37359 --- [    Test worker] o.s.beans.CachedIntrospectionResults     : Found bean property 'repositoryInformation' of type [org.springframework.data.repository.core.RepositoryInformation]
2016-04-27 17:58:12.685 TRACE 37359 --- [    Test worker] o.s.beans.CachedIntrospectionResults     : Found bean property 'repositoryInterface' of type [java.lang.Class]
2016-04-27 17:58:12.685 TRACE 37359 --- [    Test worker] o.s.beans.CachedIntrospectionResults     : Found bean property 'singleton' of type [boolean]
2016-04-27 17:58:12.686 TRACE 37359 --- [    Test worker] o.s.beans.CachedIntrospectionResults     : Found bean property 'transactionManager' of type [java.lang.String]
2016-04-27 17:58:12.686 DEBUG 37359 --- [    Test worker] o.s.b.f.annotation.InjectionMetadata     : Registered injected element on class [org.springframework.data.jpa.repository.support.JpaRepositoryFactoryBean]: PersistenceElement for public void org.springframework.data.jpa.repository.support.JpaRepositoryFactoryBean.setEntityManager(javax.persistence.EntityManager)
2016-04-27 17:58:12.687 DEBUG 37359 --- [    Test worker] o.s.b.f.s.DefaultListableBeanFactory     : Eagerly caching bean 'cityRepository' to allow for resolving potential circular references
2016-04-27 17:58:12.687 DEBUG 37359 --- [    Test worker] o.s.b.f.annotation.InjectionMetadata     : Processing injected element of bean 'cityRepository': PersistenceElement for public void org.springframework.data.jpa.repository.support.JpaRepositoryFactoryBean.setEntityManager(javax.persistence.EntityManager)
2016-04-27 17:58:12.687 TRACE 37359 --- [    Test worker] o.s.beans.TypeConverterDelegate          : Converting String to [class java.lang.Class] using property editor [org.springframework.beans.propertyeditors.ClassEditor@60e3726f]
2016-04-27 17:58:12.687 DEBUG 37359 --- [    Test worker] o.s.b.f.s.DefaultListableBeanFactory     : Creating instance of bean '(inner bean)#2a6a6715'
2016-04-27 17:58:12.687 DEBUG 37359 --- [    Test worker] o.s.b.f.s.DefaultListableBeanFactory     : Returning cached instance of singleton bean 'org.springframework.transaction.config.internalTransactionAdvisor'
2016-04-27 17:58:12.688 DEBUG 37359 --- [    Test worker] o.s.b.f.s.DefaultListableBeanFactory     : Creating instance of bean '(inner bean)#2e89ebdf'
2016-04-27 17:58:12.688 DEBUG 37359 --- [    Test worker] o.s.b.f.s.DefaultListableBeanFactory     : Returning cached instance of singleton bean 'org.springframework.transaction.config.internalTransactionAdvisor'
2016-04-27 17:58:12.688 TRACE 37359 --- [    Test worker] o.s.beans.CachedIntrospectionResults     : Getting BeanInfo for class [org.springframework.beans.factory.config.PropertiesFactoryBean]
2016-04-27 17:58:12.689 TRACE 37359 --- [    Test worker] o.s.beans.CachedIntrospectionResults     : Caching PropertyDescriptors for class [org.springframework.beans.factory.config.PropertiesFactoryBean]
2016-04-27 17:58:12.689 TRACE 37359 --- [    Test worker] o.s.beans.CachedIntrospectionResults     : Found bean property 'class' of type [java.lang.Class]
2016-04-27 17:58:12.689 TRACE 37359 --- [    Test worker] o.s.beans.CachedIntrospectionResults     : Found bean property 'fileEncoding' of type [java.lang.String]
2016-04-27 17:58:12.689 TRACE 37359 --- [    Test worker] o.s.beans.CachedIntrospectionResults     : Found bean property 'ignoreResourceNotFound' of type [boolean]
2016-04-27 17:58:12.689 TRACE 37359 --- [    Test worker] o.s.beans.CachedIntrospectionResults     : Found bean property 'localOverride' of type [boolean]
2016-04-27 17:58:12.689 TRACE 37359 --- [    Test worker] o.s.beans.CachedIntrospectionResults     : Found bean property 'location' of type [org.springframework.core.io.Resource]
2016-04-27 17:58:12.690 TRACE 37359 --- [    Test worker] o.s.beans.CachedIntrospectionResults     : Found bean property 'locations' of type [[Lorg.springframework.core.io.Resource;]
2016-04-27 17:58:12.690 TRACE 37359 --- [    Test worker] o.s.beans.CachedIntrospectionResults     : Found bean property 'object' of type [java.util.Properties]
2016-04-27 17:58:12.690 TRACE 37359 --- [    Test worker] o.s.beans.CachedIntrospectionResults     : Found bean property 'objectType' of type [java.lang.Class]
2016-04-27 17:58:12.690 TRACE 37359 --- [    Test worker] o.s.beans.CachedIntrospectionResults     : Found bean property 'properties' of type [java.util.Properties]
2016-04-27 17:58:12.690 TRACE 37359 --- [    Test worker] o.s.beans.CachedIntrospectionResults     : Found bean property 'propertiesArray' of type [[Ljava.util.Properties;]
2016-04-27 17:58:12.690 TRACE 37359 --- [    Test worker] o.s.beans.CachedIntrospectionResults     : Found bean property 'propertiesPersister' of type [org.springframework.util.PropertiesPersister]
2016-04-27 17:58:12.690 TRACE 37359 --- [    Test worker] o.s.beans.CachedIntrospectionResults     : Found bean property 'singleton' of type [boolean]
2016-04-27 17:58:12.690 TRACE 37359 --- [    Test worker] o.s.beans.TypeConverterDelegate          : Converting String to [class [Lorg.springframework.core.io.Resource;] using property editor [org.springframework.core.io.support.ResourceArrayPropertyEditor@67b582aa]
2016-04-27 17:58:12.690 DEBUG 37359 --- [    Test worker] o.s.b.f.s.DefaultListableBeanFactory     : Invoking afterPropertiesSet() on bean with name '(inner bean)#2e89ebdf'
2016-04-27 17:58:12.690 DEBUG 37359 --- [    Test worker] o.s.b.f.s.DefaultListableBeanFactory     : Returning cached instance of singleton bean 'org.springframework.transaction.config.internalTransactionAdvisor'
2016-04-27 17:58:12.690 DEBUG 37359 --- [    Test worker] o.s.b.f.s.DefaultListableBeanFactory     : Returning cached instance of singleton bean 'org.springframework.transaction.config.internalTransactionAdvisor'
2016-04-27 17:58:12.691 DEBUG 37359 --- [    Test worker] o.s.b.f.s.DefaultListableBeanFactory     : Finished creating instance of bean '(inner bean)#2e89ebdf'
2016-04-27 17:58:12.691 DEBUG 37359 --- [    Test worker] o.s.b.f.s.DefaultListableBeanFactory     : Returning cached instance of singleton bean 'org.springframework.transaction.config.internalTransactionAdvisor'
2016-04-27 17:58:12.691 DEBUG 37359 --- [    Test worker] o.s.b.f.s.DefaultListableBeanFactory     : Returning cached instance of singleton bean 'org.springframework.transaction.config.internalTransactionAdvisor'
2016-04-27 17:58:12.692 TRACE 37359 --- [    Test worker] o.s.beans.CachedIntrospectionResults     : Getting BeanInfo for class [org.springframework.data.repository.core.support.PropertiesBasedNamedQueries]
2016-04-27 17:58:12.693 TRACE 37359 --- [    Test worker] o.s.beans.CachedIntrospectionResults     : Caching PropertyDescriptors for class [org.springframework.data.repository.core.support.PropertiesBasedNamedQueries]
2016-04-27 17:58:12.693 TRACE 37359 --- [    Test worker] o.s.beans.CachedIntrospectionResults     : Found bean property 'class' of type [java.lang.Class]
2016-04-27 17:58:12.693 DEBUG 37359 --- [    Test worker] o.s.b.f.s.DefaultListableBeanFactory     : Returning cached instance of singleton bean 'org.springframework.transaction.config.internalTransactionAdvisor'
2016-04-27 17:58:12.693 DEBUG 37359 --- [    Test worker] o.s.b.f.s.DefaultListableBeanFactory     : Returning cached instance of singleton bean 'org.springframework.transaction.config.internalTransactionAdvisor'
2016-04-27 17:58:12.693 DEBUG 37359 --- [    Test worker] o.s.b.f.s.DefaultListableBeanFactory     : Finished creating instance of bean '(inner bean)#2a6a6715'
2016-04-27 17:58:12.693 DEBUG 37359 --- [    Test worker] o.s.b.f.s.DefaultListableBeanFactory     : Creating instance of bean '(inner bean)#582bf450'
2016-04-27 17:58:12.693 DEBUG 37359 --- [    Test worker] o.s.b.f.s.DefaultListableBeanFactory     : Returning cached instance of singleton bean 'org.springframework.transaction.config.internalTransactionAdvisor'
2016-04-27 17:58:12.695 TRACE 37359 --- [    Test worker] o.s.beans.CachedIntrospectionResults     : Getting BeanInfo for class [org.springframework.data.repository.query.ExtensionAwareEvaluationContextProvider]
2016-04-27 17:58:12.695 TRACE 37359 --- [    Test worker] o.s.beans.CachedIntrospectionResults     : Caching PropertyDescriptors for class [org.springframework.data.repository.query.ExtensionAwareEvaluationContextProvider]
2016-04-27 17:58:12.695 TRACE 37359 --- [    Test worker] o.s.beans.CachedIntrospectionResults     : Found bean property 'applicationContext' of type [org.springframework.context.ApplicationContext]
2016-04-27 17:58:12.695 TRACE 37359 --- [    Test worker] o.s.beans.CachedIntrospectionResults     : Found bean property 'class' of type [java.lang.Class]
2016-04-27 17:58:12.695 DEBUG 37359 --- [    Test worker] o.s.b.f.s.DefaultListableBeanFactory     : Returning cached instance of singleton bean 'org.springframework.transaction.config.internalTransactionAdvisor'
2016-04-27 17:58:12.695 DEBUG 37359 --- [    Test worker] o.s.b.f.s.DefaultListableBeanFactory     : Returning cached instance of singleton bean 'org.springframework.transaction.config.internalTransactionAdvisor'
2016-04-27 17:58:12.696 DEBUG 37359 --- [    Test worker] o.s.b.f.s.DefaultListableBeanFactory     : Finished creating instance of bean '(inner bean)#582bf450'
2016-04-27 17:58:12.696 DEBUG 37359 --- [    Test worker] o.s.b.f.s.DefaultListableBeanFactory     : Creating instance of bean '(inner bean)#19e1c3f'
2016-04-27 17:58:12.696 DEBUG 37359 --- [    Test worker] o.s.b.f.s.DefaultListableBeanFactory     : Returning cached instance of singleton bean 'org.springframework.transaction.config.internalTransactionAdvisor'
2016-04-27 17:58:12.696 DEBUG 37359 --- [    Test worker] o.s.b.f.s.DefaultListableBeanFactory     : Returning cached instance of singleton bean 'entityManagerFactory'
2016-04-27 17:58:12.696 DEBUG 37359 --- [    Test worker] o.s.b.f.s.DefaultListableBeanFactory     : Returning cached instance of singleton bean 'org.springframework.transaction.config.internalTransactionAdvisor'
2016-04-27 17:58:12.696 DEBUG 37359 --- [    Test worker] o.s.b.f.s.DefaultListableBeanFactory     : Returning cached instance of singleton bean 'org.springframework.transaction.config.internalTransactionAdvisor'
2016-04-27 17:58:12.697 DEBUG 37359 --- [    Test worker] o.s.jdbc.datasource.DataSourceUtils      : Fetching JDBC Connection from DataSource
2016-04-27 17:58:12.697 DEBUG 37359 --- [    Test worker] o.s.jdbc.datasource.DataSourceUtils      : Returning JDBC Connection to DataSource
2016-04-27 17:58:12.699 TRACE 37359 --- [    Test worker] o.s.w.c.s.GenericWebApplicationContext   : Publishing event in org.springframework.web.context.support.GenericWebApplicationContext@5a677df7: org.springframework.boot.autoconfigure.jdbc.DataSourceInitializedEvent[source=org.apache.tomcat.jdbc.pool.DataSource@7c7acc21{ConnectionPool[defaultAutoCommit=null; defaultReadOnly=null; defaultTransactionIsolation=-1; defaultCatalog=null; driverClassName=org.hsqldb.jdbcDriver; maxActive=100; maxIdle=100; minIdle=10; initialSize=10; maxWait=30000; testOnBorrow=false; testOnReturn=false; timeBetweenEvictionRunsMillis=5000; numTestsPerEvictionRun=0; minEvictableIdleTimeMillis=60000; testWhileIdle=false; testOnConnect=false; password=********; url=jdbc:hsqldb:mem:testdb; username=sa; validationQuery=null; validationQueryTimeout=-1; validatorClassName=null; validationInterval=30000; accessToUnderlyingConnectionAllowed=true; removeAbandoned=false; removeAbandonedTimeout=60; logAbandoned=false; connectionProperties=null; initSQL=null; jdbcInterceptors=null; jmxEnabled=true; fairQueue=true; useEquals=true; abandonWhenPercentageFull=0; maxAge=0; useLock=false; dataSource=null; dataSourceJNDI=null; suspectTimeout=0; alternateUsernameAllowed=false; commitOnReturn=false; rollbackOnReturn=false; useDisposableConnectionFacade=true; logValidationErrors=false; propagateInterruptState=false; ignoreExceptionOnPreLoad=false; }]
2016-04-27 17:58:12.700 DEBUG 37359 --- [    Test worker] o.s.b.f.s.DefaultListableBeanFactory     : Returning cached instance of singleton bean 'dataSourceInitializer'
2016-04-27 17:58:12.701 TRACE 37359 --- [    Test worker] o.s.b.f.s.DefaultListableBeanFactory     : Ignoring factory method [public static javax.persistence.EntityManager org.springframework.orm.jpa.SharedEntityManagerCreator.createSharedEntityManager(javax.persistence.EntityManagerFactory,java.util.Map,boolean,java.lang.Class[])] of bean '(inner bean)#19e1c3f': org.springframework.beans.factory.UnsatisfiedDependencyException: Error creating bean with name '(inner bean)#19e1c3f': Unsatisfied dependency expressed through constructor argument with index 1 of type [java.util.Map]: Ambiguous factory method argument types - did you specify the correct bean references as factory method arguments?
2016-04-27 17:58:12.701 TRACE 37359 --- [    Test worker] o.s.b.f.s.DefaultListableBeanFactory     : Ignoring factory method [public static javax.persistence.EntityManager org.springframework.orm.jpa.SharedEntityManagerCreator.createSharedEntityManager(javax.persistence.EntityManagerFactory,java.util.Map,java.lang.Class[])] of bean '(inner bean)#19e1c3f': org.springframework.beans.factory.UnsatisfiedDependencyException: Error creating bean with name '(inner bean)#19e1c3f': Unsatisfied dependency expressed through constructor argument with index 1 of type [java.util.Map]: Ambiguous factory method argument types - did you specify the correct bean references as factory method arguments?
2016-04-27 17:58:12.701 TRACE 37359 --- [    Test worker] o.s.b.f.s.DefaultListableBeanFactory     : Ignoring factory method [public static javax.persistence.EntityManager org.springframework.orm.jpa.SharedEntityManagerCreator.createSharedEntityManager(javax.persistence.EntityManagerFactory,java.util.Map,boolean)] of bean '(inner bean)#19e1c3f': org.springframework.beans.factory.UnsatisfiedDependencyException: Error creating bean with name '(inner bean)#19e1c3f': Unsatisfied dependency expressed through constructor argument with index 1 of type [java.util.Map]: Ambiguous factory method argument types - did you specify the correct bean references as factory method arguments?
2016-04-27 17:58:12.701 TRACE 37359 --- [    Test worker] o.s.b.f.s.DefaultListableBeanFactory     : Ignoring factory method [public static javax.persistence.EntityManager org.springframework.orm.jpa.SharedEntityManagerCreator.createSharedEntityManager(javax.persistence.EntityManagerFactory,java.util.Map)] of bean '(inner bean)#19e1c3f': org.springframework.beans.factory.UnsatisfiedDependencyException: Error creating bean with name '(inner bean)#19e1c3f': Unsatisfied dependency expressed through constructor argument with index 1 of type [java.util.Map]: Ambiguous factory method argument types - did you specify the correct bean references as factory method arguments?
2016-04-27 17:58:12.707 TRACE 37359 --- [    Test worker] o.s.beans.CachedIntrospectionResults     : Getting BeanInfo for class [com.sun.proxy.$Proxy82]
2016-04-27 17:58:12.708 TRACE 37359 --- [    Test worker] o.s.beans.CachedIntrospectionResults     : Caching PropertyDescriptors for class [com.sun.proxy.$Proxy82]
2016-04-27 17:58:12.708 TRACE 37359 --- [    Test worker] o.s.beans.CachedIntrospectionResults     : Found bean property 'class' of type [java.lang.Class]
2016-04-27 17:58:12.708 TRACE 37359 --- [    Test worker] o.s.beans.CachedIntrospectionResults     : Found bean property 'criteriaBuilder' of type [javax.persistence.criteria.CriteriaBuilder]
2016-04-27 17:58:12.708 TRACE 37359 --- [    Test worker] o.s.beans.CachedIntrospectionResults     : Found bean property 'delegate' of type [java.lang.Object]
2016-04-27 17:58:12.708 TRACE 37359 --- [    Test worker] o.s.beans.CachedIntrospectionResults     : Found bean property 'entityManagerFactory' of type [javax.persistence.EntityManagerFactory]
2016-04-27 17:58:12.708 TRACE 37359 --- [    Test worker] o.s.beans.CachedIntrospectionResults     : Found bean property 'flushMode' of type [javax.persistence.FlushModeType]
2016-04-27 17:58:12.708 TRACE 37359 --- [    Test worker] o.s.beans.CachedIntrospectionResults     : Found bean property 'joinedToTransaction' of type [boolean]
2016-04-27 17:58:12.708 TRACE 37359 --- [    Test worker] o.s.beans.CachedIntrospectionResults     : Found bean property 'metamodel' of type [javax.persistence.metamodel.Metamodel]
2016-04-27 17:58:12.708 TRACE 37359 --- [    Test worker] o.s.beans.CachedIntrospectionResults     : Found bean property 'open' of type [boolean]
2016-04-27 17:58:12.709 TRACE 37359 --- [    Test worker] o.s.beans.CachedIntrospectionResults     : Found bean property 'properties' of type [java.util.Map]
2016-04-27 17:58:12.709 TRACE 37359 --- [    Test worker] o.s.beans.CachedIntrospectionResults     : Found bean property 'session' of type [org.hibernate.Session]
2016-04-27 17:58:12.709 TRACE 37359 --- [    Test worker] o.s.beans.CachedIntrospectionResults     : Found bean property 'targetEntityManager' of type [javax.persistence.EntityManager]
2016-04-27 17:58:12.709 TRACE 37359 --- [    Test worker] o.s.beans.CachedIntrospectionResults     : Found bean property 'transaction' of type [javax.persistence.EntityTransaction]
2016-04-27 17:58:12.709 DEBUG 37359 --- [    Test worker] o.s.b.f.s.DefaultListableBeanFactory     : Returning cached instance of singleton bean 'org.springframework.transaction.config.internalTransactionAdvisor'
2016-04-27 17:58:12.709 DEBUG 37359 --- [    Test worker] o.s.b.f.s.DefaultListableBeanFactory     : Returning cached instance of singleton bean 'org.springframework.transaction.config.internalTransactionAdvisor'
2016-04-27 17:58:12.709 DEBUG 37359 --- [    Test worker] o.s.b.f.s.DefaultListableBeanFactory     : Finished creating instance of bean '(inner bean)#19e1c3f'
2016-04-27 17:58:12.710 DEBUG 37359 --- [    Test worker] o.s.b.f.s.DefaultListableBeanFactory     : Creating shared instance of singleton bean 'jpaMappingContext'
2016-04-27 17:58:12.710 DEBUG 37359 --- [    Test worker] o.s.b.f.s.DefaultListableBeanFactory     : Creating instance of bean 'jpaMappingContext'
2016-04-27 17:58:12.710 DEBUG 37359 --- [    Test worker] o.s.b.f.s.DefaultListableBeanFactory     : Returning cached instance of singleton bean 'org.springframework.transaction.config.internalTransactionAdvisor'
2016-04-27 17:58:12.710 DEBUG 37359 --- [    Test worker] o.s.b.f.s.DefaultListableBeanFactory     : Eagerly caching bean 'jpaMappingContext' to allow for resolving potential circular references
2016-04-27 17:58:12.710 TRACE 37359 --- [    Test worker] o.s.beans.CachedIntrospectionResults     : Getting BeanInfo for class [org.springframework.data.jpa.repository.config.JpaMetamodelMappingContextFactoryBean]
2016-04-27 17:58:12.711 TRACE 37359 --- [    Test worker] o.s.beans.CachedIntrospectionResults     : Caching PropertyDescriptors for class [org.springframework.data.jpa.repository.config.JpaMetamodelMappingContextFactoryBean]
2016-04-27 17:58:12.711 TRACE 37359 --- [    Test worker] o.s.beans.CachedIntrospectionResults     : Found bean property 'applicationContext' of type [org.springframework.context.ApplicationContext]
2016-04-27 17:58:12.711 TRACE 37359 --- [    Test worker] o.s.beans.CachedIntrospectionResults     : Found bean property 'beanClassLoader' of type [java.lang.ClassLoader]
2016-04-27 17:58:12.711 TRACE 37359 --- [    Test worker] o.s.beans.CachedIntrospectionResults     : Found bean property 'beanFactory' of type [org.springframework.beans.factory.BeanFactory]
2016-04-27 17:58:12.711 TRACE 37359 --- [    Test worker] o.s.beans.CachedIntrospectionResults     : Found bean property 'class' of type [java.lang.Class]
2016-04-27 17:58:12.712 TRACE 37359 --- [    Test worker] o.s.beans.CachedIntrospectionResults     : Found bean property 'object' of type [org.springframework.data.jpa.mapping.JpaMetamodelMappingContext]
2016-04-27 17:58:12.712 TRACE 37359 --- [    Test worker] o.s.beans.CachedIntrospectionResults     : Found bean property 'objectType' of type [java.lang.Class]
2016-04-27 17:58:12.712 TRACE 37359 --- [    Test worker] o.s.beans.CachedIntrospectionResults     : Found bean property 'singleton' of type [boolean]
2016-04-27 17:58:12.712 DEBUG 37359 --- [    Test worker] o.s.b.f.s.DefaultListableBeanFactory     : Invoking afterPropertiesSet() on bean with name 'jpaMappingContext'
2016-04-27 17:58:12.712 DEBUG 37359 --- [    Test worker] o.s.b.f.s.DefaultListableBeanFactory     : Returning cached instance of singleton bean 'org.springframework.transaction.config.internalTransactionAdvisor'
2016-04-27 17:58:12.712 DEBUG 37359 --- [    Test worker] o.s.b.f.s.DefaultListableBeanFactory     : Returning cached instance of singleton bean 'org.springframework.transaction.config.internalTransactionAdvisor'
2016-04-27 17:58:12.712 DEBUG 37359 --- [    Test worker] o.s.b.f.s.DefaultListableBeanFactory     : Returning eagerly cached instance of singleton bean 'jpaMappingContext' that is not fully initialized yet - a consequence of a circular reference
2016-04-27 17:58:12.713 DEBUG 37359 --- [    Test worker] o.s.b.f.s.DefaultListableBeanFactory     : Returning cached instance of singleton bean 'entityManagerFactory'
2016-04-27 17:58:12.721 TRACE 37359 --- [    Test worker] o.s.beans.CachedIntrospectionResults     : Getting BeanInfo for class [demo.City]
2016-04-27 17:58:12.722 TRACE 37359 --- [    Test worker] o.s.beans.CachedIntrospectionResults     : Caching PropertyDescriptors for class [demo.City]
2016-04-27 17:58:12.722 TRACE 37359 --- [    Test worker] o.s.beans.CachedIntrospectionResults     : Found bean property 'class' of type [java.lang.Class]
2016-04-27 17:58:12.722 TRACE 37359 --- [    Test worker] o.s.beans.CachedIntrospectionResults     : Found bean property 'county' of type [java.lang.String]
2016-04-27 17:58:12.722 TRACE 37359 --- [    Test worker] o.s.beans.CachedIntrospectionResults     : Found bean property 'id' of type [long]
2016-04-27 17:58:12.722 TRACE 37359 --- [    Test worker] o.s.beans.CachedIntrospectionResults     : Found bean property 'latitude' of type [java.lang.String]
2016-04-27 17:58:12.722 TRACE 37359 --- [    Test worker] o.s.beans.CachedIntrospectionResults     : Found bean property 'longitude' of type [java.lang.String]
2016-04-27 17:58:12.722 TRACE 37359 --- [    Test worker] o.s.beans.CachedIntrospectionResults     : Found bean property 'name' of type [java.lang.String]
2016-04-27 17:58:12.722 TRACE 37359 --- [    Test worker] o.s.beans.CachedIntrospectionResults     : Found bean property 'postalCode' of type [java.lang.String]
2016-04-27 17:58:12.722 TRACE 37359 --- [    Test worker] o.s.beans.CachedIntrospectionResults     : Found bean property 'stateCode' of type [java.lang.String]
2016-04-27 17:58:12.726 DEBUG 37359 --- [    Test worker] o.s.b.f.s.DefaultListableBeanFactory     : Finished creating instance of bean 'jpaMappingContext'
2016-04-27 17:58:12.726 DEBUG 37359 --- [    Test worker] o.s.b.f.s.DefaultListableBeanFactory     : Returning cached instance of singleton bean 'org.springframework.transaction.config.internalTransactionAdvisor'
2016-04-27 17:58:12.726 DEBUG 37359 --- [    Test worker] o.s.b.f.s.DefaultListableBeanFactory     : Returning cached instance of singleton bean 'org.springframework.transaction.config.internalTransactionAdvisor'
2016-04-27 17:58:12.728 DEBUG 37359 --- [    Test worker] o.s.b.f.s.DefaultListableBeanFactory     : Invoking afterPropertiesSet() on bean with name 'cityRepository'
2016-04-27 17:58:12.731 DEBUG 37359 --- [    Test worker] tor$SharedEntityManagerInvocationHandler : Creating new EntityManager for shared EntityManager invocation
2016-04-27 17:58:12.761 DEBUG 37359 --- [    Test worker] o.s.orm.jpa.EntityManagerFactoryUtils    : Closing JPA EntityManager
2016-04-27 17:58:12.771 DEBUG 37359 --- [    Test worker] tor$SharedEntityManagerInvocationHandler : Creating new EntityManager for shared EntityManager invocation
2016-04-27 17:58:12.771 DEBUG 37359 --- [    Test worker] o.s.orm.jpa.EntityManagerFactoryUtils    : Closing JPA EntityManager
2016-04-27 17:58:12.771 DEBUG 37359 --- [    Test worker] o.s.aop.framework.JdkDynamicAopProxy     : Creating JDK dynamic proxy: target source is org.springframework.data.jpa.repository.support.CrudMethodMetadataPostProcessor$ThreadBoundTargetSource@4d217f3f
2016-04-27 17:58:12.783 DEBUG 37359 --- [    Test worker] o.s.aop.framework.JdkDynamicAopProxy     : Creating JDK dynamic proxy: target source is SingletonTargetSource for target object [org.springframework.data.jpa.repository.support.SimpleJpaRepository@c956c16]
2016-04-27 17:58:12.786 DEBUG 37359 --- [    Test worker] o.s.b.f.s.DefaultListableBeanFactory     : Returning cached instance of singleton bean 'org.springframework.transaction.config.internalTransactionAdvisor'
2016-04-27 17:58:12.786 DEBUG 37359 --- [    Test worker] o.s.b.f.s.DefaultListableBeanFactory     : Returning cached instance of singleton bean 'org.springframework.transaction.config.internalTransactionAdvisor'
2016-04-27 17:58:12.786 DEBUG 37359 --- [    Test worker] o.s.b.f.s.DefaultListableBeanFactory     : Finished creating instance of bean 'cityRepository'
2016-04-27 17:58:12.787 DEBUG 37359 --- [    Test worker] o.s.b.f.s.DefaultListableBeanFactory     : Eagerly caching bean 'repositories' to allow for resolving potential circular references
2016-04-27 17:58:12.787 TRACE 37359 --- [    Test worker] o.s.beans.CachedIntrospectionResults     : Getting BeanInfo for class [org.springframework.data.repository.support.Repositories]
2016-04-27 17:58:12.787 TRACE 37359 --- [    Test worker] o.s.beans.CachedIntrospectionResults     : Caching PropertyDescriptors for class [org.springframework.data.repository.support.Repositories]
2016-04-27 17:58:12.787 TRACE 37359 --- [    Test worker] o.s.beans.CachedIntrospectionResults     : Found bean property 'class' of type [java.lang.Class]
2016-04-27 17:58:12.788 DEBUG 37359 --- [    Test worker] o.s.b.f.s.DefaultListableBeanFactory     : Returning cached instance of singleton bean 'org.springframework.transaction.config.internalTransactionAdvisor'
2016-04-27 17:58:12.788 DEBUG 37359 --- [    Test worker] o.s.b.f.s.DefaultListableBeanFactory     : Returning cached instance of singleton bean 'org.springframework.transaction.config.internalTransactionAdvisor'
2016-04-27 17:58:12.788 DEBUG 37359 --- [    Test worker] o.s.b.f.s.DefaultListableBeanFactory     : Finished creating instance of bean 'repositories'
2016-04-27 17:58:12.789 DEBUG 37359 --- [    Test worker] o.s.b.f.s.DefaultListableBeanFactory     : Creating shared instance of singleton bean 'config'
2016-04-27 17:58:12.789 DEBUG 37359 --- [    Test worker] o.s.b.f.s.DefaultListableBeanFactory     : Creating instance of bean 'config'
2016-04-27 17:58:12.789 DEBUG 37359 --- [    Test worker] o.s.b.f.s.DefaultListableBeanFactory     : Returning cached instance of singleton bean 'org.springframework.transaction.config.internalTransactionAdvisor'
2016-04-27 17:58:12.789 DEBUG 37359 --- [    Test worker] o.s.b.f.s.DefaultListableBeanFactory     : Returning cached instance of singleton bean 'org.springframework.boot.autoconfigure.data.rest.SpringBootRepositoryRestMvcConfiguration'
2016-04-27 17:58:12.792 DEBUG 37359 --- [    Test worker] o.s.b.f.s.DefaultListableBeanFactory     : Creating shared instance of singleton bean 'resourceMappings'
2016-04-27 17:58:12.792 DEBUG 37359 --- [    Test worker] o.s.b.f.s.DefaultListableBeanFactory     : Creating instance of bean 'resourceMappings'
2016-04-27 17:58:12.792 DEBUG 37359 --- [    Test worker] o.s.b.f.s.DefaultListableBeanFactory     : Returning cached instance of singleton bean 'org.springframework.transaction.config.internalTransactionAdvisor'
2016-04-27 17:58:12.792 DEBUG 37359 --- [    Test worker] o.s.b.f.s.DefaultListableBeanFactory     : Returning cached instance of singleton bean 'org.springframework.boot.autoconfigure.data.rest.SpringBootRepositoryRestMvcConfiguration'
2016-04-27 17:58:12.793 DEBUG 37359 --- [    Test worker] o.s.b.f.s.DefaultListableBeanFactory     : Returning cached instance of singleton bean 'repositories'
2016-04-27 17:58:12.794 DEBUG 37359 --- [    Test worker] o.s.b.f.s.DefaultListableBeanFactory     : Creating shared instance of singleton bean 'persistentEntities'
2016-04-27 17:58:12.794 DEBUG 37359 --- [    Test worker] o.s.b.f.s.DefaultListableBeanFactory     : Creating instance of bean 'persistentEntities'
2016-04-27 17:58:12.794 DEBUG 37359 --- [    Test worker] o.s.b.f.s.DefaultListableBeanFactory     : Returning cached instance of singleton bean 'org.springframework.transaction.config.internalTransactionAdvisor'
2016-04-27 17:58:12.794 DEBUG 37359 --- [    Test worker] o.s.b.f.s.DefaultListableBeanFactory     : Returning cached instance of singleton bean 'org.springframework.boot.autoconfigure.data.rest.SpringBootRepositoryRestMvcConfiguration'
2016-04-27 17:58:12.795 DEBUG 37359 --- [    Test worker] o.s.b.f.s.DefaultListableBeanFactory     : Returning cached instance of singleton bean 'jpaMappingContext'
2016-04-27 17:58:12.795 DEBUG 37359 --- [    Test worker] o.s.b.f.s.DefaultListableBeanFactory     : Eagerly caching bean 'persistentEntities' to allow for resolving potential circular references
2016-04-27 17:58:12.795 TRACE 37359 --- [    Test worker] o.s.beans.CachedIntrospectionResults     : Getting BeanInfo for class [org.springframework.data.mapping.context.PersistentEntities]
2016-04-27 17:58:12.796 TRACE 37359 --- [    Test worker] o.s.beans.CachedIntrospectionResults     : Caching PropertyDescriptors for class [org.springframework.data.mapping.context.PersistentEntities]
2016-04-27 17:58:12.796 TRACE 37359 --- [    Test worker] o.s.beans.CachedIntrospectionResults     : Found bean property 'class' of type [java.lang.Class]
2016-04-27 17:58:12.796 TRACE 37359 --- [    Test worker] o.s.beans.CachedIntrospectionResults     : Found bean property 'managedTypes' of type [java.lang.Iterable]
2016-04-27 17:58:12.796 DEBUG 37359 --- [    Test worker] o.s.b.f.s.DefaultListableBeanFactory     : Returning cached instance of singleton bean 'org.springframework.transaction.config.internalTransactionAdvisor'
2016-04-27 17:58:12.796 DEBUG 37359 --- [    Test worker] o.s.b.f.s.DefaultListableBeanFactory     : Returning cached instance of singleton bean 'org.springframework.transaction.config.internalTransactionAdvisor'
2016-04-27 17:58:12.797 DEBUG 37359 --- [    Test worker] o.s.b.f.s.DefaultListableBeanFactory     : Finished creating instance of bean 'persistentEntities'
2016-04-27 17:58:12.803 DEBUG 37359 --- [    Test worker] o.s.b.f.s.DefaultListableBeanFactory     : Eagerly caching bean 'resourceMappings' to allow for resolving potential circular references
2016-04-27 17:58:12.803 TRACE 37359 --- [    Test worker] o.s.beans.CachedIntrospectionResults     : Getting BeanInfo for class [org.springframework.data.rest.core.mapping.RepositoryResourceMappings]
2016-04-27 17:58:12.806 TRACE 37359 --- [    Test worker] o.s.beans.CachedIntrospectionResults     : Caching PropertyDescriptors for class [org.springframework.data.rest.core.mapping.RepositoryResourceMappings]
2016-04-27 17:58:12.806 TRACE 37359 --- [    Test worker] o.s.beans.CachedIntrospectionResults     : Found bean property 'class' of type [java.lang.Class]
2016-04-27 17:58:12.806 DEBUG 37359 --- [    Test worker] o.s.b.f.s.DefaultListableBeanFactory     : Returning cached instance of singleton bean 'org.springframework.transaction.config.internalTransactionAdvisor'
2016-04-27 17:58:12.806 DEBUG 37359 --- [    Test worker] o.s.b.f.s.DefaultListableBeanFactory     : Returning cached instance of singleton bean 'org.springframework.transaction.config.internalTransactionAdvisor'
2016-04-27 17:58:12.807 DEBUG 37359 --- [    Test worker] o.s.b.f.s.DefaultListableBeanFactory     : Finished creating instance of bean 'resourceMappings'
2016-04-27 17:58:12.807 DEBUG 37359 --- [    Test worker] o.s.b.f.s.DefaultListableBeanFactory     : Returning cached instance of singleton bean 'repositories'
2016-04-27 17:58:12.808 DEBUG 37359 --- [    Test worker] o.s.core.env.StandardEnvironment         : Adding [systemProperties] PropertySource with lowest search precedence
2016-04-27 17:58:12.808 DEBUG 37359 --- [    Test worker] o.s.core.env.StandardEnvironment         : Adding [systemEnvironment] PropertySource with lowest search precedence
2016-04-27 17:58:12.808 DEBUG 37359 --- [    Test worker] o.s.core.env.StandardEnvironment         : Initialized StandardEnvironment with PropertySources [systemProperties,systemEnvironment]
2016-04-27 17:58:12.809 DEBUG 37359 --- [    Test worker] .i.s.PathMatchingResourcePatternResolver : Looking for matching resources in directory tree [/Users/yjayaraman/projects/biogen-labs/spring-restdocs/final/cities/build/classes/test/demo]
2016-04-27 17:58:12.809 DEBUG 37359 --- [    Test worker] .i.s.PathMatchingResourcePatternResolver : Searching directory [/Users/yjayaraman/projects/biogen-labs/spring-restdocs/final/cities/build/classes/test/demo] for files matching pattern [/Users/yjayaraman/projects/biogen-labs/spring-restdocs/final/cities/build/classes/test/demo/**/*.class]
2016-04-27 17:58:12.809 DEBUG 37359 --- [    Test worker] .i.s.PathMatchingResourcePatternResolver : Looking for matching resources in directory tree [/Users/yjayaraman/projects/biogen-labs/spring-restdocs/final/cities/build/classes/main/demo]
2016-04-27 17:58:12.809 DEBUG 37359 --- [    Test worker] .i.s.PathMatchingResourcePatternResolver : Searching directory [/Users/yjayaraman/projects/biogen-labs/spring-restdocs/final/cities/build/classes/main/demo] for files matching pattern [/Users/yjayaraman/projects/biogen-labs/spring-restdocs/final/cities/build/classes/main/demo/**/*.class]
2016-04-27 17:58:12.809 DEBUG 37359 --- [    Test worker] .i.s.PathMatchingResourcePatternResolver : Searching directory [/Users/yjayaraman/projects/biogen-labs/spring-restdocs/final/cities/build/classes/main/demo/repositories] for files matching pattern [/Users/yjayaraman/projects/biogen-labs/spring-restdocs/final/cities/build/classes/main/demo/**/*.class]
2016-04-27 17:58:12.809 DEBUG 37359 --- [    Test worker] .i.s.PathMatchingResourcePatternResolver : Resolved location pattern [classpath*:demo/**/*.class] to resources [file [/Users/yjayaraman/projects/biogen-labs/spring-restdocs/final/cities/build/classes/test/demo/CitiesApplicationTests.class], file [/Users/yjayaraman/projects/biogen-labs/spring-restdocs/final/cities/build/classes/main/demo/CitiesApplication.class], file [/Users/yjayaraman/projects/biogen-labs/spring-restdocs/final/cities/build/classes/main/demo/City.class], file [/Users/yjayaraman/projects/biogen-labs/spring-restdocs/final/cities/build/classes/main/demo/repositories/CityRepository.class]]
2016-04-27 17:58:12.809 TRACE 37359 --- [    Test worker] notatedTypeScanner$InterfaceAwareScanner : Scanning file [/Users/yjayaraman/projects/biogen-labs/spring-restdocs/final/cities/build/classes/test/demo/CitiesApplicationTests.class]
2016-04-27 17:58:12.810 TRACE 37359 --- [    Test worker] notatedTypeScanner$InterfaceAwareScanner : Ignored because not matching any filter: file [/Users/yjayaraman/projects/biogen-labs/spring-restdocs/final/cities/build/classes/test/demo/CitiesApplicationTests.class]
2016-04-27 17:58:12.810 TRACE 37359 --- [    Test worker] notatedTypeScanner$InterfaceAwareScanner : Scanning file [/Users/yjayaraman/projects/biogen-labs/spring-restdocs/final/cities/build/classes/main/demo/CitiesApplication.class]
2016-04-27 17:58:12.811 TRACE 37359 --- [    Test worker] notatedTypeScanner$InterfaceAwareScanner : Ignored because not matching any filter: file [/Users/yjayaraman/projects/biogen-labs/spring-restdocs/final/cities/build/classes/main/demo/CitiesApplication.class]
2016-04-27 17:58:12.811 TRACE 37359 --- [    Test worker] notatedTypeScanner$InterfaceAwareScanner : Scanning file [/Users/yjayaraman/projects/biogen-labs/spring-restdocs/final/cities/build/classes/main/demo/City.class]
2016-04-27 17:58:12.811 TRACE 37359 --- [    Test worker] notatedTypeScanner$InterfaceAwareScanner : Ignored because not matching any filter: file [/Users/yjayaraman/projects/biogen-labs/spring-restdocs/final/cities/build/classes/main/demo/City.class]
2016-04-27 17:58:12.811 TRACE 37359 --- [    Test worker] notatedTypeScanner$InterfaceAwareScanner : Scanning file [/Users/yjayaraman/projects/biogen-labs/spring-restdocs/final/cities/build/classes/main/demo/repositories/CityRepository.class]
2016-04-27 17:58:12.812 TRACE 37359 --- [    Test worker] notatedTypeScanner$InterfaceAwareScanner : Ignored because not matching any filter: file [/Users/yjayaraman/projects/biogen-labs/spring-restdocs/final/cities/build/classes/main/demo/repositories/CityRepository.class]
2016-04-27 17:58:12.812 DEBUG 37359 --- [    Test worker] o.s.b.f.s.DefaultListableBeanFactory     : Creating shared instance of singleton bean 'metadataConfiguration'
2016-04-27 17:58:12.812 DEBUG 37359 --- [    Test worker] o.s.b.f.s.DefaultListableBeanFactory     : Creating instance of bean 'metadataConfiguration'
2016-04-27 17:58:12.812 DEBUG 37359 --- [    Test worker] o.s.b.f.s.DefaultListableBeanFactory     : Returning cached instance of singleton bean 'org.springframework.transaction.config.internalTransactionAdvisor'
2016-04-27 17:58:12.812 DEBUG 37359 --- [    Test worker] o.s.b.f.s.DefaultListableBeanFactory     : Returning cached instance of singleton bean 'org.springframework.boot.autoconfigure.data.rest.SpringBootRepositoryRestMvcConfiguration'
2016-04-27 17:58:12.813 DEBUG 37359 --- [    Test worker] o.s.b.f.s.DefaultListableBeanFactory     : Eagerly caching bean 'metadataConfiguration' to allow for resolving potential circular references
2016-04-27 17:58:12.813 TRACE 37359 --- [    Test worker] o.s.beans.CachedIntrospectionResults     : Getting BeanInfo for class [org.springframework.data.rest.core.config.MetadataConfiguration]
2016-04-27 17:58:12.814 TRACE 37359 --- [    Test worker] o.s.beans.CachedIntrospectionResults     : Caching PropertyDescriptors for class [org.springframework.data.rest.core.config.MetadataConfiguration]
2016-04-27 17:58:12.814 TRACE 37359 --- [    Test worker] o.s.beans.CachedIntrospectionResults     : Found bean property 'alpsEnabled' of type [boolean]
2016-04-27 17:58:12.814 TRACE 37359 --- [    Test worker] o.s.beans.CachedIntrospectionResults     : Found bean property 'class' of type [java.lang.Class]
2016-04-27 17:58:12.814 TRACE 37359 --- [    Test worker] o.s.beans.CachedIntrospectionResults     : Found bean property 'omitUnresolvableDescriptionKeys' of type [boolean]
2016-04-27 17:58:12.814 DEBUG 37359 --- [    Test worker] o.s.b.f.s.DefaultListableBeanFactory     : Returning cached instance of singleton bean 'org.springframework.transaction.config.internalTransactionAdvisor'
2016-04-27 17:58:12.814 DEBUG 37359 --- [    Test worker] o.s.b.f.s.DefaultListableBeanFactory     : Returning cached instance of singleton bean 'org.springframework.transaction.config.internalTransactionAdvisor'
2016-04-27 17:58:12.815 DEBUG 37359 --- [    Test worker] o.s.b.f.s.DefaultListableBeanFactory     : Finished creating instance of bean 'metadataConfiguration'
2016-04-27 17:58:12.815 DEBUG 37359 --- [    Test worker] o.s.b.f.s.DefaultListableBeanFactory     : Creating shared instance of singleton bean 'enumTranslator'
2016-04-27 17:58:12.815 DEBUG 37359 --- [    Test worker] o.s.b.f.s.DefaultListableBeanFactory     : Creating instance of bean 'enumTranslator'
2016-04-27 17:58:12.815 DEBUG 37359 --- [    Test worker] o.s.b.f.s.DefaultListableBeanFactory     : Returning cached instance of singleton bean 'org.springframework.transaction.config.internalTransactionAdvisor'
2016-04-27 17:58:12.815 DEBUG 37359 --- [    Test worker] o.s.b.f.s.DefaultListableBeanFactory     : Returning cached instance of singleton bean 'org.springframework.boot.autoconfigure.data.rest.SpringBootRepositoryRestMvcConfiguration'
2016-04-27 17:58:12.815 DEBUG 37359 --- [    Test worker] o.s.b.f.s.DefaultListableBeanFactory     : Creating shared instance of singleton bean 'resourceDescriptionMessageSourceAccessor'
2016-04-27 17:58:12.815 DEBUG 37359 --- [    Test worker] o.s.b.f.s.DefaultListableBeanFactory     : Creating instance of bean 'resourceDescriptionMessageSourceAccessor'
2016-04-27 17:58:12.815 DEBUG 37359 --- [    Test worker] o.s.b.f.s.DefaultListableBeanFactory     : Returning cached instance of singleton bean 'org.springframework.transaction.config.internalTransactionAdvisor'
2016-04-27 17:58:12.815 DEBUG 37359 --- [    Test worker] o.s.b.f.s.DefaultListableBeanFactory     : Returning cached instance of singleton bean 'org.springframework.boot.autoconfigure.data.rest.SpringBootRepositoryRestMvcConfiguration'
2016-04-27 17:58:12.816  INFO 37359 --- [    Test worker] o.s.b.f.config.PropertiesFactoryBean     : Loading properties file from class path resource [rest-default-messages.properties]
2016-04-27 17:58:12.817 DEBUG 37359 --- [    Test worker] o.s.b.f.s.DefaultListableBeanFactory     : Eagerly caching bean 'resourceDescriptionMessageSourceAccessor' to allow for resolving potential circular references
2016-04-27 17:58:12.817 TRACE 37359 --- [    Test worker] o.s.beans.CachedIntrospectionResults     : Getting BeanInfo for class [org.springframework.context.support.MessageSourceAccessor]
2016-04-27 17:58:12.818 TRACE 37359 --- [    Test worker] o.s.beans.CachedIntrospectionResults     : Caching PropertyDescriptors for class [org.springframework.context.support.MessageSourceAccessor]
2016-04-27 17:58:12.818 TRACE 37359 --- [    Test worker] o.s.beans.CachedIntrospectionResults     : Found bean property 'class' of type [java.lang.Class]
2016-04-27 17:58:12.818 DEBUG 37359 --- [    Test worker] o.s.b.f.s.DefaultListableBeanFactory     : Returning cached instance of singleton bean 'org.springframework.transaction.config.internalTransactionAdvisor'
2016-04-27 17:58:12.819 DEBUG 37359 --- [    Test worker] o.s.b.f.s.DefaultListableBeanFactory     : Returning cached instance of singleton bean 'org.springframework.transaction.config.internalTransactionAdvisor'
2016-04-27 17:58:12.819 DEBUG 37359 --- [    Test worker] o.s.b.f.s.DefaultListableBeanFactory     : Finished creating instance of bean 'resourceDescriptionMessageSourceAccessor'
2016-04-27 17:58:12.819 DEBUG 37359 --- [    Test worker] o.s.b.f.s.DefaultListableBeanFactory     : Eagerly caching bean 'enumTranslator' to allow for resolving potential circular references
2016-04-27 17:58:12.819 TRACE 37359 --- [    Test worker] o.s.beans.CachedIntrospectionResults     : Getting BeanInfo for class [org.springframework.data.rest.webmvc.json.EnumTranslator]
2016-04-27 17:58:12.820 TRACE 37359 --- [    Test worker] o.s.beans.CachedIntrospectionResults     : Caching PropertyDescriptors for class [org.springframework.data.rest.webmvc.json.EnumTranslator]
2016-04-27 17:58:12.820 TRACE 37359 --- [    Test worker] o.s.beans.CachedIntrospectionResults     : Found bean property 'class' of type [java.lang.Class]
2016-04-27 17:58:12.820 TRACE 37359 --- [    Test worker] o.s.beans.CachedIntrospectionResults     : Found bean property 'enableDefaultTranslation' of type [boolean]
2016-04-27 17:58:12.820 TRACE 37359 --- [    Test worker] o.s.beans.CachedIntrospectionResults     : Found bean property 'parseEnumNameAsFallback' of type [boolean]
2016-04-27 17:58:12.820 DEBUG 37359 --- [    Test worker] o.s.b.f.s.DefaultListableBeanFactory     : Returning cached instance of singleton bean 'org.springframework.transaction.config.internalTransactionAdvisor'
2016-04-27 17:58:12.820 DEBUG 37359 --- [    Test worker] o.s.b.f.s.DefaultListableBeanFactory     : Returning cached instance of singleton bean 'org.springframework.transaction.config.internalTransactionAdvisor'
2016-04-27 17:58:12.820 DEBUG 37359 --- [    Test worker] o.s.b.f.s.DefaultListableBeanFactory     : Finished creating instance of bean 'enumTranslator'
2016-04-27 17:58:12.824 DEBUG 37359 --- [    Test worker] o.s.b.f.s.DefaultListableBeanFactory     : Eagerly caching bean 'config' to allow for resolving potential circular references
2016-04-27 17:58:12.824 TRACE 37359 --- [    Test worker] o.s.beans.CachedIntrospectionResults     : Getting BeanInfo for class [org.springframework.data.rest.core.config.RepositoryRestConfiguration]
2016-04-27 17:58:12.825 TRACE 37359 --- [    Test worker] o.s.beans.CachedIntrospectionResults     : Caching PropertyDescriptors for class [org.springframework.data.rest.core.config.RepositoryRestConfiguration]
2016-04-27 17:58:12.825 TRACE 37359 --- [    Test worker] o.s.beans.CachedIntrospectionResults     : Found bean property 'basePath' of type [java.net.URI]
2016-04-27 17:58:12.825 TRACE 37359 --- [    Test worker] o.s.beans.CachedIntrospectionResults     : Found bean property 'baseUri' of type [java.net.URI]
2016-04-27 17:58:12.825 TRACE 37359 --- [    Test worker] o.s.beans.CachedIntrospectionResults     : Found bean property 'class' of type [java.lang.Class]
2016-04-27 17:58:12.825 TRACE 37359 --- [    Test worker] o.s.beans.CachedIntrospectionResults     : Found bean property 'defaultMediaType' of type [org.springframework.http.MediaType]
2016-04-27 17:58:12.825 TRACE 37359 --- [    Test worker] o.s.beans.CachedIntrospectionResults     : Found bean property 'defaultPageSize' of type [int]
2016-04-27 17:58:12.825 TRACE 37359 --- [    Test worker] o.s.beans.CachedIntrospectionResults     : Found bean property 'domainTypesResourceMappingConfiguration' of type [org.springframework.data.rest.core.config.ResourceMappingConfiguration]
2016-04-27 17:58:12.825 TRACE 37359 --- [    Test worker] o.s.beans.CachedIntrospectionResults     : Found bean property 'enableEnumTranslation' of type [boolean]
2016-04-27 17:58:12.825 TRACE 37359 --- [    Test worker] o.s.beans.CachedIntrospectionResults     : Found bean property 'enumSerializationConfiguration' of type [org.springframework.data.rest.core.config.EnumTranslationConfiguration]
2016-04-27 17:58:12.825 TRACE 37359 --- [    Test worker] o.s.beans.CachedIntrospectionResults     : Found bean property 'limitParamName' of type [java.lang.String]
2016-04-27 17:58:12.825 TRACE 37359 --- [    Test worker] o.s.beans.CachedIntrospectionResults     : Found bean property 'maxPageSize' of type [int]
2016-04-27 17:58:12.825 TRACE 37359 --- [    Test worker] o.s.beans.CachedIntrospectionResults     : Found bean property 'metadataConfiguration' of type [org.springframework.data.rest.core.config.MetadataConfiguration]
2016-04-27 17:58:12.825 TRACE 37359 --- [    Test worker] o.s.beans.CachedIntrospectionResults     : Found bean property 'pageParamName' of type [java.lang.String]
2016-04-27 17:58:12.825 TRACE 37359 --- [    Test worker] o.s.beans.CachedIntrospectionResults     : Found bean property 'projectionConfiguration' of type [org.springframework.data.rest.core.config.ProjectionDefinitionConfiguration]
2016-04-27 17:58:12.825 TRACE 37359 --- [    Test worker] o.s.beans.CachedIntrospectionResults     : Found bean property 'resourceMappingForDomainType' of type [java.lang.Class]
2016-04-27 17:58:12.825 TRACE 37359 --- [    Test worker] o.s.beans.CachedIntrospectionResults     : Found bean property 'resourceMappingForRepository' of type [java.lang.Class]
2016-04-27 17:58:12.825 TRACE 37359 --- [    Test worker] o.s.beans.CachedIntrospectionResults     : Found bean property 'returnBodyForPutAndPost' of type [java.lang.Boolean]
2016-04-27 17:58:12.825 TRACE 37359 --- [    Test worker] o.s.beans.CachedIntrospectionResults     : Found bean property 'returnBodyOnCreate' of type [java.lang.Boolean]
2016-04-27 17:58:12.825 TRACE 37359 --- [    Test worker] o.s.beans.CachedIntrospectionResults     : Found bean property 'returnBodyOnUpdate' of type [java.lang.Boolean]
2016-04-27 17:58:12.825 TRACE 37359 --- [    Test worker] o.s.beans.CachedIntrospectionResults     : Found bean property 'sortParamName' of type [java.lang.String]
2016-04-27 17:58:12.826 TRACE 37359 --- [    Test worker] o.s.b.b.PropertiesConfigurationFactory   : Property Sources: org.springframework.boot.context.properties.ConfigurationPropertiesBindingPostProcessor$FlatPropertySources@6794fe26
2016-04-27 17:58:12.827 DEBUG 37359 --- [    Test worker] o.s.core.env.MutablePropertySources      : Adding [systemProperties] PropertySource with lowest search precedence
2016-04-27 17:58:12.827 DEBUG 37359 --- [    Test worker] o.s.core.env.MutablePropertySources      : Adding [systemEnvironment] PropertySource with lowest search precedence
2016-04-27 17:58:12.827 DEBUG 37359 --- [    Test worker] o.s.core.env.MutablePropertySources      : Adding [random] PropertySource with lowest search precedence
2016-04-27 17:58:12.827 DEBUG 37359 --- [    Test worker] o.s.core.env.MutablePropertySources      : Adding [integrationTest] PropertySource with lowest search precedence
2016-04-27 17:58:12.827 DEBUG 37359 --- [    Test worker] o.s.core.env.MutablePropertySources      : Adding [applicationConfig: [classpath:/application.yml]] PropertySource with lowest search precedence
2016-04-27 17:58:12.827 DEBUG 37359 --- [    Test worker] o.s.core.env.MutablePropertySources      : Adding [localProperties] PropertySource with lowest search precedence
2016-04-27 17:58:12.831 DEBUG 37359 --- [    Test worker] o.s.b.f.s.DefaultListableBeanFactory     : Returning cached instance of singleton bean 'org.springframework.transaction.config.internalTransactionAdvisor'
2016-04-27 17:58:12.831 DEBUG 37359 --- [    Test worker] o.s.b.f.s.DefaultListableBeanFactory     : Returning cached instance of singleton bean 'org.springframework.transaction.config.internalTransactionAdvisor'
2016-04-27 17:58:12.832 DEBUG 37359 --- [    Test worker] o.s.b.f.s.DefaultListableBeanFactory     : Finished creating instance of bean 'config'
2016-04-27 17:58:12.833 DEBUG 37359 --- [    Test worker] o.s.b.f.s.DefaultListableBeanFactory     : Creating shared instance of singleton bean 'entityLinks'
2016-04-27 17:58:12.833 DEBUG 37359 --- [    Test worker] o.s.b.f.s.DefaultListableBeanFactory     : Creating instance of bean 'entityLinks'
2016-04-27 17:58:12.834 DEBUG 37359 --- [    Test worker] o.s.b.f.s.DefaultListableBeanFactory     : Returning cached instance of singleton bean 'org.springframework.transaction.config.internalTransactionAdvisor'
2016-04-27 17:58:12.834 DEBUG 37359 --- [    Test worker] o.s.b.f.s.DefaultListableBeanFactory     : Returning cached instance of singleton bean 'org.springframework.boot.autoconfigure.data.rest.SpringBootRepositoryRestMvcConfiguration'
2016-04-27 17:58:12.834 DEBUG 37359 --- [    Test worker] o.s.b.f.s.DefaultListableBeanFactory     : Creating shared instance of singleton bean 'pageableResolver'
2016-04-27 17:58:12.834 DEBUG 37359 --- [    Test worker] o.s.b.f.s.DefaultListableBeanFactory     : Creating instance of bean 'pageableResolver'
2016-04-27 17:58:12.834 DEBUG 37359 --- [    Test worker] o.s.b.f.s.DefaultListableBeanFactory     : Returning cached instance of singleton bean 'org.springframework.transaction.config.internalTransactionAdvisor'
2016-04-27 17:58:12.835 DEBUG 37359 --- [    Test worker] o.s.b.f.s.DefaultListableBeanFactory     : Returning cached instance of singleton bean 'org.springframework.boot.autoconfigure.data.rest.SpringBootRepositoryRestMvcConfiguration'
2016-04-27 17:58:12.836 DEBUG 37359 --- [    Test worker] o.s.b.f.s.DefaultListableBeanFactory     : Creating shared instance of singleton bean 'sortResolver'
2016-04-27 17:58:12.836 DEBUG 37359 --- [    Test worker] o.s.b.f.s.DefaultListableBeanFactory     : Creating instance of bean 'sortResolver'
2016-04-27 17:58:12.836 DEBUG 37359 --- [    Test worker] o.s.b.f.s.DefaultListableBeanFactory     : Returning cached instance of singleton bean 'org.springframework.transaction.config.internalTransactionAdvisor'
2016-04-27 17:58:12.836 DEBUG 37359 --- [    Test worker] o.s.b.f.s.DefaultListableBeanFactory     : Returning cached instance of singleton bean 'org.springframework.boot.autoconfigure.data.rest.SpringBootRepositoryRestMvcConfiguration'
2016-04-27 17:58:12.837 DEBUG 37359 --- [    Test worker] o.s.b.f.s.DefaultListableBeanFactory     : Returning cached instance of singleton bean 'config'
2016-04-27 17:58:12.838 DEBUG 37359 --- [    Test worker] o.s.b.f.s.DefaultListableBeanFactory     : Eagerly caching bean 'sortResolver' to allow for resolving potential circular references
2016-04-27 17:58:12.838 TRACE 37359 --- [    Test worker] o.s.beans.CachedIntrospectionResults     : Getting BeanInfo for class [org.springframework.data.web.HateoasSortHandlerMethodArgumentResolver]
2016-04-27 17:58:12.840 TRACE 37359 --- [    Test worker] o.s.beans.CachedIntrospectionResults     : Caching PropertyDescriptors for class [org.springframework.data.web.HateoasSortHandlerMethodArgumentResolver]
2016-04-27 17:58:12.840 TRACE 37359 --- [    Test worker] o.s.beans.CachedIntrospectionResults     : Found bean property 'class' of type [java.lang.Class]
2016-04-27 17:58:12.840 TRACE 37359 --- [    Test worker] o.s.beans.CachedIntrospectionResults     : Found bean property 'fallbackSort' of type [org.springframework.data.domain.Sort]
2016-04-27 17:58:12.840 TRACE 37359 --- [    Test worker] o.s.beans.CachedIntrospectionResults     : Found bean property 'propertyDelimiter' of type [java.lang.String]
2016-04-27 17:58:12.840 TRACE 37359 --- [    Test worker] o.s.beans.CachedIntrospectionResults     : Found bean property 'qualifierDelimiter' of type [java.lang.String]
2016-04-27 17:58:12.840 TRACE 37359 --- [    Test worker] o.s.beans.CachedIntrospectionResults     : Found bean property 'sortParameter' of type [java.lang.String]
2016-04-27 17:58:12.840 DEBUG 37359 --- [    Test worker] o.s.b.f.s.DefaultListableBeanFactory     : Returning cached instance of singleton bean 'org.springframework.transaction.config.internalTransactionAdvisor'
2016-04-27 17:58:12.840 DEBUG 37359 --- [    Test worker] o.s.b.f.s.DefaultListableBeanFactory     : Returning cached instance of singleton bean 'org.springframework.transaction.config.internalTransactionAdvisor'
2016-04-27 17:58:12.840 DEBUG 37359 --- [    Test worker] o.s.b.f.s.DefaultListableBeanFactory     : Finished creating instance of bean 'sortResolver'
2016-04-27 17:58:12.840 DEBUG 37359 --- [    Test worker] o.s.b.f.s.DefaultListableBeanFactory     : Returning cached instance of singleton bean 'config'
2016-04-27 17:58:12.840 DEBUG 37359 --- [    Test worker] o.s.b.f.s.DefaultListableBeanFactory     : Returning cached instance of singleton bean 'config'
2016-04-27 17:58:12.841 DEBUG 37359 --- [    Test worker] o.s.b.f.s.DefaultListableBeanFactory     : Returning cached instance of singleton bean 'config'
2016-04-27 17:58:12.841 DEBUG 37359 --- [    Test worker] o.s.b.f.s.DefaultListableBeanFactory     : Returning cached instance of singleton bean 'config'
2016-04-27 17:58:12.841 DEBUG 37359 --- [    Test worker] o.s.b.f.s.DefaultListableBeanFactory     : Eagerly caching bean 'pageableResolver' to allow for resolving potential circular references
2016-04-27 17:58:12.841 TRACE 37359 --- [    Test worker] o.s.beans.CachedIntrospectionResults     : Getting BeanInfo for class [org.springframework.data.web.HateoasPageableHandlerMethodArgumentResolver]
2016-04-27 17:58:12.842 TRACE 37359 --- [    Test worker] o.s.beans.CachedIntrospectionResults     : Caching PropertyDescriptors for class [org.springframework.data.web.HateoasPageableHandlerMethodArgumentResolver]
2016-04-27 17:58:12.842 TRACE 37359 --- [    Test worker] o.s.beans.CachedIntrospectionResults     : Found bean property 'class' of type [java.lang.Class]
2016-04-27 17:58:12.842 TRACE 37359 --- [    Test worker] o.s.beans.CachedIntrospectionResults     : Found bean property 'fallbackPageable' of type [org.springframework.data.domain.Pageable]
2016-04-27 17:58:12.842 TRACE 37359 --- [    Test worker] o.s.beans.CachedIntrospectionResults     : Found bean property 'maxPageSize' of type [int]
2016-04-27 17:58:12.842 TRACE 37359 --- [    Test worker] o.s.beans.CachedIntrospectionResults     : Found bean property 'oneIndexedParameters' of type [boolean]
2016-04-27 17:58:12.842 TRACE 37359 --- [    Test worker] o.s.beans.CachedIntrospectionResults     : Found bean property 'pageParameterName' of type [java.lang.String]
2016-04-27 17:58:12.842 TRACE 37359 --- [    Test worker] o.s.beans.CachedIntrospectionResults     : Found bean property 'prefix' of type [java.lang.String]
2016-04-27 17:58:12.842 TRACE 37359 --- [    Test worker] o.s.beans.CachedIntrospectionResults     : Found bean property 'qualifierDelimiter' of type [java.lang.String]
2016-04-27 17:58:12.842 TRACE 37359 --- [    Test worker] o.s.beans.CachedIntrospectionResults     : Found bean property 'sizeParameterName' of type [java.lang.String]
2016-04-27 17:58:12.843 DEBUG 37359 --- [    Test worker] o.s.b.f.s.DefaultListableBeanFactory     : Returning cached instance of singleton bean 'org.springframework.transaction.config.internalTransactionAdvisor'
2016-04-27 17:58:12.843 DEBUG 37359 --- [    Test worker] o.s.b.f.s.DefaultListableBeanFactory     : Returning cached instance of singleton bean 'org.springframework.transaction.config.internalTransactionAdvisor'
2016-04-27 17:58:12.843 DEBUG 37359 --- [    Test worker] o.s.b.f.s.DefaultListableBeanFactory     : Finished creating instance of bean 'pageableResolver'
2016-04-27 17:58:12.843 DEBUG 37359 --- [    Test worker] o.s.b.f.s.DefaultListableBeanFactory     : Returning cached instance of singleton bean 'sortResolver'
2016-04-27 17:58:12.843 DEBUG 37359 --- [    Test worker] o.s.b.f.s.DefaultListableBeanFactory     : Returning cached instance of singleton bean 'repositories'
2016-04-27 17:58:12.843 DEBUG 37359 --- [    Test worker] o.s.b.f.s.DefaultListableBeanFactory     : Returning cached instance of singleton bean 'resourceMappings'
2016-04-27 17:58:12.843 DEBUG 37359 --- [    Test worker] o.s.b.f.s.DefaultListableBeanFactory     : Returning cached instance of singleton bean 'config'
2016-04-27 17:58:12.844 DEBUG 37359 --- [    Test worker] o.s.b.f.s.DefaultListableBeanFactory     : Creating shared instance of singleton bean 'backendIdConverterRegistry'
2016-04-27 17:58:12.844 DEBUG 37359 --- [    Test worker] o.s.b.f.s.DefaultListableBeanFactory     : Creating instance of bean 'backendIdConverterRegistry'
2016-04-27 17:58:12.844 DEBUG 37359 --- [    Test worker] o.s.b.f.s.DefaultListableBeanFactory     : Returning cached instance of singleton bean 'org.springframework.transaction.config.internalTransactionAdvisor'
2016-04-27 17:58:12.844 DEBUG 37359 --- [    Test worker] o.s.b.f.s.DefaultListableBeanFactory     : Returning cached instance of singleton bean 'org.springframework.boot.autoconfigure.data.rest.SpringBootRepositoryRestMvcConfiguration'
2016-04-27 17:58:12.844 DEBUG 37359 --- [    Test worker] o.s.b.f.s.DefaultListableBeanFactory     : Eagerly caching bean 'backendIdConverterRegistry' to allow for resolving potential circular references
2016-04-27 17:58:12.844 TRACE 37359 --- [    Test worker] o.s.beans.CachedIntrospectionResults     : Getting BeanInfo for class [org.springframework.plugin.core.OrderAwarePluginRegistry]
2016-04-27 17:58:12.847 TRACE 37359 --- [    Test worker] o.s.beans.CachedIntrospectionResults     : Caching PropertyDescriptors for class [org.springframework.plugin.core.OrderAwarePluginRegistry]
2016-04-27 17:58:12.847 TRACE 37359 --- [    Test worker] o.s.beans.CachedIntrospectionResults     : Found bean property 'class' of type [java.lang.Class]
2016-04-27 17:58:12.847 TRACE 37359 --- [    Test worker] o.s.beans.CachedIntrospectionResults     : Found bean property 'plugins' of type [java.util.List]
2016-04-27 17:58:12.847 DEBUG 37359 --- [    Test worker] o.s.b.f.s.DefaultListableBeanFactory     : Returning cached instance of singleton bean 'org.springframework.transaction.config.internalTransactionAdvisor'
2016-04-27 17:58:12.847 DEBUG 37359 --- [    Test worker] o.s.b.f.s.DefaultListableBeanFactory     : Returning cached instance of singleton bean 'org.springframework.transaction.config.internalTransactionAdvisor'
2016-04-27 17:58:12.847 DEBUG 37359 --- [    Test worker] o.s.b.f.s.DefaultListableBeanFactory     : Finished creating instance of bean 'backendIdConverterRegistry'
2016-04-27 17:58:12.848 DEBUG 37359 --- [    Test worker] o.s.b.f.s.DefaultListableBeanFactory     : Eagerly caching bean 'entityLinks' to allow for resolving potential circular references
2016-04-27 17:58:12.848 TRACE 37359 --- [    Test worker] o.s.beans.CachedIntrospectionResults     : Getting BeanInfo for class [org.springframework.data.rest.webmvc.support.RepositoryEntityLinks]
2016-04-27 17:58:12.849 TRACE 37359 --- [    Test worker] o.s.beans.CachedIntrospectionResults     : Caching PropertyDescriptors for class [org.springframework.data.rest.webmvc.support.RepositoryEntityLinks]
2016-04-27 17:58:12.849 TRACE 37359 --- [    Test worker] o.s.beans.CachedIntrospectionResults     : Found bean property 'class' of type [java.lang.Class]
2016-04-27 17:58:12.849 DEBUG 37359 --- [    Test worker] o.s.b.f.s.DefaultListableBeanFactory     : Returning cached instance of singleton bean 'org.springframework.transaction.config.internalTransactionAdvisor'
2016-04-27 17:58:12.850 DEBUG 37359 --- [    Test worker] o.s.b.f.s.DefaultListableBeanFactory     : Returning cached instance of singleton bean 'org.springframework.transaction.config.internalTransactionAdvisor'
2016-04-27 17:58:12.850 DEBUG 37359 --- [    Test worker] o.s.b.f.s.DefaultListableBeanFactory     : Finished creating instance of bean 'entityLinks'
2016-04-27 17:58:12.852 DEBUG 37359 --- [    Test worker] o.s.b.f.s.DefaultListableBeanFactory     : Creating shared instance of singleton bean 'pagedResourcesAssembler'
2016-04-27 17:58:12.852 DEBUG 37359 --- [    Test worker] o.s.b.f.s.DefaultListableBeanFactory     : Creating instance of bean 'pagedResourcesAssembler'
2016-04-27 17:58:12.852 DEBUG 37359 --- [    Test worker] o.s.b.f.s.DefaultListableBeanFactory     : Returning cached instance of singleton bean 'org.springframework.transaction.config.internalTransactionAdvisor'
2016-04-27 17:58:12.852 DEBUG 37359 --- [    Test worker] o.s.b.f.s.DefaultListableBeanFactory     : Returning cached instance of singleton bean 'org.springframework.boot.autoconfigure.data.rest.SpringBootRepositoryRestMvcConfiguration'
2016-04-27 17:58:12.853 DEBUG 37359 --- [    Test worker] o.s.b.f.s.DefaultListableBeanFactory     : Returning cached instance of singleton bean 'pageableResolver'
2016-04-27 17:58:12.854 DEBUG 37359 --- [    Test worker] o.s.b.f.s.DefaultListableBeanFactory     : Eagerly caching bean 'pagedResourcesAssembler' to allow for resolving potential circular references
2016-04-27 17:58:12.855 TRACE 37359 --- [    Test worker] o.s.beans.CachedIntrospectionResults     : Getting BeanInfo for class [org.springframework.data.web.PagedResourcesAssembler]
2016-04-27 17:58:12.855 TRACE 37359 --- [    Test worker] o.s.beans.CachedIntrospectionResults     : Caching PropertyDescriptors for class [org.springframework.data.web.PagedResourcesAssembler]
2016-04-27 17:58:12.855 TRACE 37359 --- [    Test worker] o.s.beans.CachedIntrospectionResults     : Found bean property 'class' of type [java.lang.Class]
2016-04-27 17:58:12.855 TRACE 37359 --- [    Test worker] o.s.beans.CachedIntrospectionResults     : Found bean property 'forceFirstAndLastRels' of type [boolean]
2016-04-27 17:58:12.856 DEBUG 37359 --- [    Test worker] o.s.b.f.s.DefaultListableBeanFactory     : Returning cached instance of singleton bean 'org.springframework.transaction.config.internalTransactionAdvisor'
2016-04-27 17:58:12.856 DEBUG 37359 --- [    Test worker] o.s.b.f.s.DefaultListableBeanFactory     : Returning cached instance of singleton bean 'org.springframework.transaction.config.internalTransactionAdvisor'
2016-04-27 17:58:12.856 DEBUG 37359 --- [    Test worker] o.s.b.f.s.DefaultListableBeanFactory     : Finished creating instance of bean 'pagedResourcesAssembler'
2016-04-27 17:58:12.857 DEBUG 37359 --- [    Test worker] o.s.b.f.s.DefaultListableBeanFactory     : Creating shared instance of singleton bean 'defaultConversionService'
2016-04-27 17:58:12.857 DEBUG 37359 --- [    Test worker] o.s.b.f.s.DefaultListableBeanFactory     : Creating instance of bean 'defaultConversionService'
2016-04-27 17:58:12.857 DEBUG 37359 --- [    Test worker] o.s.b.f.s.DefaultListableBeanFactory     : Returning cached instance of singleton bean 'org.springframework.transaction.config.internalTransactionAdvisor'
2016-04-27 17:58:12.857 DEBUG 37359 --- [    Test worker] o.s.b.f.s.DefaultListableBeanFactory     : Returning cached instance of singleton bean 'org.springframework.boot.autoconfigure.data.rest.SpringBootRepositoryRestMvcConfiguration'
2016-04-27 17:58:12.888 DEBUG 37359 --- [    Test worker] o.s.b.f.s.DefaultListableBeanFactory     : Returning cached instance of singleton bean 'persistentEntities'
2016-04-27 17:58:12.891 DEBUG 37359 --- [    Test worker] o.s.b.f.s.DefaultListableBeanFactory     : Returning cached instance of singleton bean 'cityRepository'
2016-04-27 17:58:12.892 DEBUG 37359 --- [    Test worker] o.s.b.f.s.DefaultListableBeanFactory     : Eagerly caching bean 'defaultConversionService' to allow for resolving potential circular references
2016-04-27 17:58:12.892 TRACE 37359 --- [    Test worker] o.s.beans.CachedIntrospectionResults     : Getting BeanInfo for class [org.springframework.format.support.DefaultFormattingConversionService]
2016-04-27 17:58:12.895 TRACE 37359 --- [    Test worker] o.s.beans.CachedIntrospectionResults     : Caching PropertyDescriptors for class [org.springframework.format.support.DefaultFormattingConversionService]
2016-04-27 17:58:12.895 TRACE 37359 --- [    Test worker] o.s.beans.CachedIntrospectionResults     : Found bean property 'class' of type [java.lang.Class]
2016-04-27 17:58:12.895 TRACE 37359 --- [    Test worker] o.s.beans.CachedIntrospectionResults     : Found bean property 'embeddedValueResolver' of type [org.springframework.util.StringValueResolver]
2016-04-27 17:58:12.896 DEBUG 37359 --- [    Test worker] o.s.b.f.s.DefaultListableBeanFactory     : Returning cached instance of singleton bean 'org.springframework.transaction.config.internalTransactionAdvisor'
2016-04-27 17:58:12.896 DEBUG 37359 --- [    Test worker] o.s.b.f.s.DefaultListableBeanFactory     : Returning cached instance of singleton bean 'org.springframework.transaction.config.internalTransactionAdvisor'
2016-04-27 17:58:12.896 DEBUG 37359 --- [    Test worker] o.s.b.f.s.DefaultListableBeanFactory     : Finished creating instance of bean 'defaultConversionService'
2016-04-27 17:58:12.897 DEBUG 37359 --- [    Test worker] o.s.b.f.s.DefaultListableBeanFactory     : Creating shared instance of singleton bean 'auditableBeanWrapperFactory'
2016-04-27 17:58:12.897 DEBUG 37359 --- [    Test worker] o.s.b.f.s.DefaultListableBeanFactory     : Creating instance of bean 'auditableBeanWrapperFactory'
2016-04-27 17:58:12.898 DEBUG 37359 --- [    Test worker] o.s.b.f.s.DefaultListableBeanFactory     : Returning cached instance of singleton bean 'org.springframework.transaction.config.internalTransactionAdvisor'
2016-04-27 17:58:12.898 DEBUG 37359 --- [    Test worker] o.s.b.f.s.DefaultListableBeanFactory     : Returning cached instance of singleton bean 'org.springframework.boot.autoconfigure.data.rest.SpringBootRepositoryRestMvcConfiguration'
2016-04-27 17:58:12.899 DEBUG 37359 --- [    Test worker] o.s.b.f.s.DefaultListableBeanFactory     : Returning cached instance of singleton bean 'persistentEntities'
2016-04-27 17:58:12.899 DEBUG 37359 --- [    Test worker] o.s.b.f.s.DefaultListableBeanFactory     : Eagerly caching bean 'auditableBeanWrapperFactory' to allow for resolving potential circular references
2016-04-27 17:58:12.899 TRACE 37359 --- [    Test worker] o.s.beans.CachedIntrospectionResults     : Getting BeanInfo for class [org.springframework.data.auditing.MappingAuditableBeanWrapperFactory]
2016-04-27 17:58:12.900 TRACE 37359 --- [    Test worker] o.s.beans.CachedIntrospectionResults     : Caching PropertyDescriptors for class [org.springframework.data.auditing.MappingAuditableBeanWrapperFactory]
2016-04-27 17:58:12.900 TRACE 37359 --- [    Test worker] o.s.beans.CachedIntrospectionResults     : Found bean property 'class' of type [java.lang.Class]
2016-04-27 17:58:12.900 DEBUG 37359 --- [    Test worker] o.s.b.f.s.DefaultListableBeanFactory     : Returning cached instance of singleton bean 'org.springframework.transaction.config.internalTransactionAdvisor'
2016-04-27 17:58:12.900 DEBUG 37359 --- [    Test worker] o.s.b.f.s.DefaultListableBeanFactory     : Returning cached instance of singleton bean 'org.springframework.transaction.config.internalTransactionAdvisor'
2016-04-27 17:58:12.900 DEBUG 37359 --- [    Test worker] o.s.b.f.s.DefaultListableBeanFactory     : Finished creating instance of bean 'auditableBeanWrapperFactory'
2016-04-27 17:58:12.900 DEBUG 37359 --- [    Test worker] o.s.b.f.s.DefaultListableBeanFactory     : Autowiring by type from bean name 'repositoryEntityController' via constructor to bean named 'repositories'
2016-04-27 17:58:12.900 DEBUG 37359 --- [    Test worker] o.s.b.f.s.DefaultListableBeanFactory     : Autowiring by type from bean name 'repositoryEntityController' via constructor to bean named 'config'
2016-04-27 17:58:12.900 DEBUG 37359 --- [    Test worker] o.s.b.f.s.DefaultListableBeanFactory     : Autowiring by type from bean name 'repositoryEntityController' via constructor to bean named 'entityLinks'
2016-04-27 17:58:12.900 DEBUG 37359 --- [    Test worker] o.s.b.f.s.DefaultListableBeanFactory     : Autowiring by type from bean name 'repositoryEntityController' via constructor to bean named 'pagedResourcesAssembler'
2016-04-27 17:58:12.900 DEBUG 37359 --- [    Test worker] o.s.b.f.s.DefaultListableBeanFactory     : Autowiring by type from bean name 'repositoryEntityController' via constructor to bean named 'defaultConversionService'
2016-04-27 17:58:12.900 DEBUG 37359 --- [    Test worker] o.s.b.f.s.DefaultListableBeanFactory     : Autowiring by type from bean name 'repositoryEntityController' via constructor to bean named 'auditableBeanWrapperFactory'
2016-04-27 17:58:12.901 DEBUG 37359 --- [    Test worker] o.s.b.f.s.DefaultListableBeanFactory     : Eagerly caching bean 'repositoryEntityController' to allow for resolving potential circular references
2016-04-27 17:58:12.901 TRACE 37359 --- [    Test worker] o.s.beans.CachedIntrospectionResults     : Getting BeanInfo for class [org.springframework.data.rest.webmvc.RepositoryEntityController]
2016-04-27 17:58:12.903 TRACE 37359 --- [    Test worker] o.s.beans.CachedIntrospectionResults     : Caching PropertyDescriptors for class [org.springframework.data.rest.webmvc.RepositoryEntityController]
2016-04-27 17:58:12.903 TRACE 37359 --- [    Test worker] o.s.beans.CachedIntrospectionResults     : Found bean property 'applicationEventPublisher' of type [org.springframework.context.ApplicationEventPublisher]
2016-04-27 17:58:12.903 TRACE 37359 --- [    Test worker] o.s.beans.CachedIntrospectionResults     : Found bean property 'class' of type [java.lang.Class]
2016-04-27 17:58:12.903 DEBUG 37359 --- [    Test worker] o.s.b.f.s.DefaultListableBeanFactory     : Returning cached instance of singleton bean 'org.springframework.transaction.config.internalTransactionAdvisor'
2016-04-27 17:58:12.903 DEBUG 37359 --- [    Test worker] o.s.b.f.s.DefaultListableBeanFactory     : Returning cached instance of singleton bean 'org.springframework.transaction.config.internalTransactionAdvisor'
2016-04-27 17:58:12.905 DEBUG 37359 --- [    Test worker] o.s.b.f.s.DefaultListableBeanFactory     : Finished creating instance of bean 'repositoryEntityController'
2016-04-27 17:58:12.905 DEBUG 37359 --- [    Test worker] o.s.b.f.s.DefaultListableBeanFactory     : Creating shared instance of singleton bean 'repositoryController'
2016-04-27 17:58:12.905 DEBUG 37359 --- [    Test worker] o.s.b.f.s.DefaultListableBeanFactory     : Creating instance of bean 'repositoryController'
2016-04-27 17:58:12.905 DEBUG 37359 --- [    Test worker] o.s.b.f.s.DefaultListableBeanFactory     : Returning cached instance of singleton bean 'org.springframework.transaction.config.internalTransactionAdvisor'
2016-04-27 17:58:12.906 DEBUG 37359 --- [    Test worker] o.s.b.f.s.DefaultListableBeanFactory     : Returning cached instance of singleton bean 'pagedResourcesAssembler'
2016-04-27 17:58:12.906 DEBUG 37359 --- [    Test worker] o.s.b.f.s.DefaultListableBeanFactory     : Returning cached instance of singleton bean 'repositories'
2016-04-27 17:58:12.907 DEBUG 37359 --- [    Test worker] o.s.b.f.s.DefaultListableBeanFactory     : Returning cached instance of singleton bean 'entityLinks'
2016-04-27 17:58:12.907 DEBUG 37359 --- [    Test worker] o.s.b.f.s.DefaultListableBeanFactory     : Creating shared instance of singleton bean 'controllerEntityLinks'
2016-04-27 17:58:12.907 DEBUG 37359 --- [    Test worker] o.s.b.f.s.DefaultListableBeanFactory     : Creating instance of bean 'controllerEntityLinks'
2016-04-27 17:58:12.907 DEBUG 37359 --- [    Test worker] o.s.b.f.s.DefaultListableBeanFactory     : Returning cached instance of singleton bean 'org.springframework.transaction.config.internalTransactionAdvisor'
2016-04-27 17:58:12.907 DEBUG 37359 --- [    Test worker] o.s.b.f.s.DefaultListableBeanFactory     : Eagerly caching bean 'controllerEntityLinks' to allow for resolving potential circular references
2016-04-27 17:58:12.907 TRACE 37359 --- [    Test worker] o.s.beans.CachedIntrospectionResults     : Getting BeanInfo for class [org.springframework.hateoas.core.ControllerEntityLinksFactoryBean]
2016-04-27 17:58:12.908 TRACE 37359 --- [    Test worker] o.s.beans.CachedIntrospectionResults     : Caching PropertyDescriptors for class [org.springframework.hateoas.core.ControllerEntityLinksFactoryBean]
2016-04-27 17:58:12.908 TRACE 37359 --- [    Test worker] o.s.beans.CachedIntrospectionResults     : Found bean property 'annotation' of type [java.lang.Class]
2016-04-27 17:58:12.908 TRACE 37359 --- [    Test worker] o.s.beans.CachedIntrospectionResults     : Found bean property 'applicationContext' of type [org.springframework.context.ApplicationContext]
2016-04-27 17:58:12.908 TRACE 37359 --- [    Test worker] o.s.beans.CachedIntrospectionResults     : Found bean property 'beanClassLoader' of type [java.lang.ClassLoader]
2016-04-27 17:58:12.908 TRACE 37359 --- [    Test worker] o.s.beans.CachedIntrospectionResults     : Found bean property 'beanFactory' of type [org.springframework.beans.factory.BeanFactory]
2016-04-27 17:58:12.908 TRACE 37359 --- [    Test worker] o.s.beans.CachedIntrospectionResults     : Found bean property 'class' of type [java.lang.Class]
2016-04-27 17:58:12.908 TRACE 37359 --- [    Test worker] o.s.beans.CachedIntrospectionResults     : Found bean property 'linkBuilderFactory' of type [org.springframework.hateoas.LinkBuilderFactory]
2016-04-27 17:58:12.908 TRACE 37359 --- [    Test worker] o.s.beans.CachedIntrospectionResults     : Found bean property 'object' of type [org.springframework.hateoas.core.ControllerEntityLinks]
2016-04-27 17:58:12.908 TRACE 37359 --- [    Test worker] o.s.beans.CachedIntrospectionResults     : Found bean property 'objectType' of type [java.lang.Class]
2016-04-27 17:58:12.908 TRACE 37359 --- [    Test worker] o.s.beans.CachedIntrospectionResults     : Found bean property 'singleton' of type [boolean]
2016-04-27 17:58:12.909 DEBUG 37359 --- [    Test worker] o.s.b.f.s.DefaultListableBeanFactory     : Creating instance of bean '(inner bean)#324622c'
2016-04-27 17:58:12.909 DEBUG 37359 --- [    Test worker] o.s.b.f.s.DefaultListableBeanFactory     : Returning cached instance of singleton bean 'org.springframework.transaction.config.internalTransactionAdvisor'
2016-04-27 17:58:12.912 TRACE 37359 --- [    Test worker] o.s.beans.CachedIntrospectionResults     : Getting BeanInfo for class [org.springframework.hateoas.mvc.ControllerLinkBuilderFactory]
2016-04-27 17:58:12.913 TRACE 37359 --- [    Test worker] o.s.beans.CachedIntrospectionResults     : Caching PropertyDescriptors for class [org.springframework.hateoas.mvc.ControllerLinkBuilderFactory]
2016-04-27 17:58:12.913 TRACE 37359 --- [    Test worker] o.s.beans.CachedIntrospectionResults     : Found bean property 'class' of type [java.lang.Class]
2016-04-27 17:58:12.913 TRACE 37359 --- [    Test worker] o.s.beans.CachedIntrospectionResults     : Found bean property 'uriComponentsContributors' of type [java.util.List]
2016-04-27 17:58:12.913 DEBUG 37359 --- [    Test worker] o.s.b.f.s.DefaultListableBeanFactory     : Returning cached instance of singleton bean 'org.springframework.transaction.config.internalTransactionAdvisor'
2016-04-27 17:58:12.913 DEBUG 37359 --- [    Test worker] o.s.b.f.s.DefaultListableBeanFactory     : Returning cached instance of singleton bean 'org.springframework.transaction.config.internalTransactionAdvisor'
2016-04-27 17:58:12.914 DEBUG 37359 --- [    Test worker] o.s.b.f.s.DefaultListableBeanFactory     : Returning eagerly cached instance of singleton bean 'controllerEntityLinks' that is not fully initialized yet - a consequence of a circular reference
2016-04-27 17:58:12.914 DEBUG 37359 --- [    Test worker] o.s.b.f.s.DefaultListableBeanFactory     : Returning cached instance of singleton bean 'org.springframework.transaction.config.internalTransactionAdvisor'
2016-04-27 17:58:12.914 DEBUG 37359 --- [    Test worker] o.s.b.f.s.DefaultListableBeanFactory     : Returning cached instance of singleton bean 'org.springframework.transaction.config.internalTransactionAdvisor'
2016-04-27 17:58:12.915 DEBUG 37359 --- [    Test worker] o.s.b.f.s.DefaultListableBeanFactory     : Finished creating instance of bean '(inner bean)#324622c'
2016-04-27 17:58:12.915 DEBUG 37359 --- [    Test worker] o.s.b.f.s.DefaultListableBeanFactory     : Invoking afterPropertiesSet() on bean with name 'controllerEntityLinks'
2016-04-27 17:58:12.918 DEBUG 37359 --- [    Test worker] o.s.b.f.s.DefaultListableBeanFactory     : Finished creating instance of bean 'controllerEntityLinks'
2016-04-27 17:58:12.918 DEBUG 37359 --- [    Test worker] o.s.b.f.s.DefaultListableBeanFactory     : Returning cached instance of singleton bean 'org.springframework.transaction.config.internalTransactionAdvisor'
2016-04-27 17:58:12.918 DEBUG 37359 --- [    Test worker] o.s.b.f.s.DefaultListableBeanFactory     : Returning cached instance of singleton bean 'org.springframework.transaction.config.internalTransactionAdvisor'
2016-04-27 17:58:12.919 DEBUG 37359 --- [    Test worker] o.s.b.f.s.DefaultListableBeanFactory     : Returning cached instance of singleton bean 'controllerEntityLinks'
2016-04-27 17:58:12.919 DEBUG 37359 --- [    Test worker] o.s.b.f.s.DefaultListableBeanFactory     : Creating shared instance of singleton bean 'delegatingEntityLinks'
2016-04-27 17:58:12.919 DEBUG 37359 --- [    Test worker] o.s.b.f.s.DefaultListableBeanFactory     : Creating instance of bean 'delegatingEntityLinks'
2016-04-27 17:58:12.919 DEBUG 37359 --- [    Test worker] o.s.b.f.s.DefaultListableBeanFactory     : Returning cached instance of singleton bean 'org.springframework.transaction.config.internalTransactionAdvisor'
2016-04-27 17:58:12.919 DEBUG 37359 --- [    Test worker] o.s.b.f.s.DefaultListableBeanFactory     : Creating instance of bean '(inner bean)#5a9cb921'
2016-04-27 17:58:12.919 DEBUG 37359 --- [    Test worker] o.s.b.f.s.DefaultListableBeanFactory     : Returning cached instance of singleton bean 'org.springframework.transaction.config.internalTransactionAdvisor'
2016-04-27 17:58:12.919 DEBUG 37359 --- [    Test worker] o.s.b.f.s.DefaultListableBeanFactory     : Invoking afterPropertiesSet() on bean with name '(inner bean)#5a9cb921'
2016-04-27 17:58:12.919 DEBUG 37359 --- [    Test worker] o.s.b.f.s.DefaultListableBeanFactory     : Returning cached instance of singleton bean 'org.springframework.transaction.config.internalTransactionAdvisor'
2016-04-27 17:58:12.919 DEBUG 37359 --- [    Test worker] o.s.b.f.s.DefaultListableBeanFactory     : Returning cached instance of singleton bean 'org.springframework.transaction.config.internalTransactionAdvisor'
2016-04-27 17:58:12.919 DEBUG 37359 --- [    Test worker] o.s.b.f.s.DefaultListableBeanFactory     : Finished creating instance of bean '(inner bean)#5a9cb921'
2016-04-27 17:58:12.919 DEBUG 37359 --- [    Test worker] o.s.aop.framework.JdkDynamicAopProxy     : Creating JDK dynamic proxy: target source is org.springframework.plugin.core.support.AbstractTypeAwareSupport$BeansOfTypeTargetSource@2718cc5a
2016-04-27 17:58:12.919 DEBUG 37359 --- [    Test worker] o.s.b.f.s.DefaultListableBeanFactory     : Returning cached instance of singleton bean 'org.springframework.transaction.config.internalTransactionAdvisor'
2016-04-27 17:58:12.919 DEBUG 37359 --- [    Test worker] o.s.b.f.s.DefaultListableBeanFactory     : Returning cached instance of singleton bean 'org.springframework.transaction.config.internalTransactionAdvisor'
2016-04-27 17:58:12.920 DEBUG 37359 --- [    Test worker] o.s.b.f.s.DefaultListableBeanFactory     : Eagerly caching bean 'delegatingEntityLinks' to allow for resolving potential circular references
2016-04-27 17:58:12.920 TRACE 37359 --- [    Test worker] o.s.beans.CachedIntrospectionResults     : Getting BeanInfo for class [org.springframework.hateoas.core.DelegatingEntityLinks]
2016-04-27 17:58:12.920 TRACE 37359 --- [    Test worker] o.s.beans.CachedIntrospectionResults     : Caching PropertyDescriptors for class [org.springframework.hateoas.core.DelegatingEntityLinks]
2016-04-27 17:58:12.921 TRACE 37359 --- [    Test worker] o.s.beans.CachedIntrospectionResults     : Found bean property 'class' of type [java.lang.Class]
2016-04-27 17:58:12.921 DEBUG 37359 --- [    Test worker] o.s.b.f.s.DefaultListableBeanFactory     : Returning cached instance of singleton bean 'org.springframework.transaction.config.internalTransactionAdvisor'
2016-04-27 17:58:12.921 DEBUG 37359 --- [    Test worker] o.s.b.f.s.DefaultListableBeanFactory     : Returning cached instance of singleton bean 'org.springframework.transaction.config.internalTransactionAdvisor'
2016-04-27 17:58:12.921 DEBUG 37359 --- [    Test worker] o.s.b.f.s.DefaultListableBeanFactory     : Finished creating instance of bean 'delegatingEntityLinks'
2016-04-27 17:58:12.922 DEBUG 37359 --- [    Test worker] o.s.b.f.s.DefaultListableBeanFactory     : Returning cached instance of singleton bean 'resourceMappings'
2016-04-27 17:58:12.922 DEBUG 37359 --- [    Test worker] o.s.b.f.s.DefaultListableBeanFactory     : Returning cached instance of singleton bean 'auditableBeanWrapperFactory'
2016-04-27 17:58:12.922 DEBUG 37359 --- [    Test worker] o.s.b.f.s.DefaultListableBeanFactory     : Autowiring by type from bean name 'repositoryController' via constructor to bean named 'pagedResourcesAssembler'
2016-04-27 17:58:12.922 DEBUG 37359 --- [    Test worker] o.s.b.f.s.DefaultListableBeanFactory     : Autowiring by type from bean name 'repositoryController' via constructor to bean named 'repositories'
2016-04-27 17:58:12.922 DEBUG 37359 --- [    Test worker] o.s.b.f.s.DefaultListableBeanFactory     : Autowiring by type from bean name 'repositoryController' via constructor to bean named 'delegatingEntityLinks'
2016-04-27 17:58:12.922 DEBUG 37359 --- [    Test worker] o.s.b.f.s.DefaultListableBeanFactory     : Autowiring by type from bean name 'repositoryController' via constructor to bean named 'resourceMappings'
2016-04-27 17:58:12.922 DEBUG 37359 --- [    Test worker] o.s.b.f.s.DefaultListableBeanFactory     : Autowiring by type from bean name 'repositoryController' via constructor to bean named 'auditableBeanWrapperFactory'
2016-04-27 17:58:12.922 DEBUG 37359 --- [    Test worker] o.s.b.f.s.DefaultListableBeanFactory     : Eagerly caching bean 'repositoryController' to allow for resolving potential circular references
2016-04-27 17:58:12.922 TRACE 37359 --- [    Test worker] o.s.beans.CachedIntrospectionResults     : Getting BeanInfo for class [org.springframework.data.rest.webmvc.RepositoryController]
2016-04-27 17:58:12.923 TRACE 37359 --- [    Test worker] o.s.beans.CachedIntrospectionResults     : Caching PropertyDescriptors for class [org.springframework.data.rest.webmvc.RepositoryController]
2016-04-27 17:58:12.923 TRACE 37359 --- [    Test worker] o.s.beans.CachedIntrospectionResults     : Found bean property 'class' of type [java.lang.Class]
2016-04-27 17:58:12.923 DEBUG 37359 --- [    Test worker] o.s.b.f.s.DefaultListableBeanFactory     : Returning cached instance of singleton bean 'org.springframework.transaction.config.internalTransactionAdvisor'
2016-04-27 17:58:12.923 DEBUG 37359 --- [    Test worker] o.s.b.f.s.DefaultListableBeanFactory     : Returning cached instance of singleton bean 'org.springframework.transaction.config.internalTransactionAdvisor'
2016-04-27 17:58:12.924 DEBUG 37359 --- [    Test worker] o.s.b.f.s.DefaultListableBeanFactory     : Finished creating instance of bean 'repositoryController'
2016-04-27 17:58:12.924 DEBUG 37359 --- [    Test worker] o.s.b.f.s.DefaultListableBeanFactory     : Creating shared instance of singleton bean 'profileController'
2016-04-27 17:58:12.924 DEBUG 37359 --- [    Test worker] o.s.b.f.s.DefaultListableBeanFactory     : Creating instance of bean 'profileController'
2016-04-27 17:58:12.924 DEBUG 37359 --- [    Test worker] o.s.b.f.s.DefaultListableBeanFactory     : Returning cached instance of singleton bean 'org.springframework.transaction.config.internalTransactionAdvisor'
2016-04-27 17:58:12.924 DEBUG 37359 --- [    Test worker] o.s.b.f.s.DefaultListableBeanFactory     : Returning cached instance of singleton bean 'config'
2016-04-27 17:58:12.925 DEBUG 37359 --- [    Test worker] o.s.b.f.s.DefaultListableBeanFactory     : Returning cached instance of singleton bean 'resourceMappings'
2016-04-27 17:58:12.925 DEBUG 37359 --- [    Test worker] o.s.b.f.s.DefaultListableBeanFactory     : Returning cached instance of singleton bean 'repositories'
2016-04-27 17:58:12.925 DEBUG 37359 --- [    Test worker] o.s.b.f.s.DefaultListableBeanFactory     : Autowiring by type from bean name 'profileController' via constructor to bean named 'config'
2016-04-27 17:58:12.925 DEBUG 37359 --- [    Test worker] o.s.b.f.s.DefaultListableBeanFactory     : Autowiring by type from bean name 'profileController' via constructor to bean named 'resourceMappings'
2016-04-27 17:58:12.925 DEBUG 37359 --- [    Test worker] o.s.b.f.s.DefaultListableBeanFactory     : Autowiring by type from bean name 'profileController' via constructor to bean named 'repositories'
2016-04-27 17:58:12.925 DEBUG 37359 --- [    Test worker] o.s.b.f.s.DefaultListableBeanFactory     : Eagerly caching bean 'profileController' to allow for resolving potential circular references
2016-04-27 17:58:12.925 TRACE 37359 --- [    Test worker] o.s.beans.CachedIntrospectionResults     : Getting BeanInfo for class [org.springframework.data.rest.webmvc.ProfileController]
2016-04-27 17:58:12.926 TRACE 37359 --- [    Test worker] o.s.beans.CachedIntrospectionResults     : Caching PropertyDescriptors for class [org.springframework.data.rest.webmvc.ProfileController]
2016-04-27 17:58:12.926 TRACE 37359 --- [    Test worker] o.s.beans.CachedIntrospectionResults     : Found bean property 'class' of type [java.lang.Class]
2016-04-27 17:58:12.926 DEBUG 37359 --- [    Test worker] o.s.b.f.s.DefaultListableBeanFactory     : Returning cached instance of singleton bean 'org.springframework.transaction.config.internalTransactionAdvisor'
2016-04-27 17:58:12.926 DEBUG 37359 --- [    Test worker] o.s.b.f.s.DefaultListableBeanFactory     : Returning cached instance of singleton bean 'org.springframework.transaction.config.internalTransactionAdvisor'
2016-04-27 17:58:12.927 DEBUG 37359 --- [    Test worker] o.s.b.f.s.DefaultListableBeanFactory     : Finished creating instance of bean 'profileController'
2016-04-27 17:58:12.927 DEBUG 37359 --- [    Test worker] o.s.b.f.s.DefaultListableBeanFactory     : Creating shared instance of singleton bean 'repositoryPropertyReferenceController'
2016-04-27 17:58:12.927 DEBUG 37359 --- [    Test worker] o.s.b.f.s.DefaultListableBeanFactory     : Creating instance of bean 'repositoryPropertyReferenceController'
2016-04-27 17:58:12.927 DEBUG 37359 --- [    Test worker] o.s.b.f.s.DefaultListableBeanFactory     : Returning cached instance of singleton bean 'org.springframework.transaction.config.internalTransactionAdvisor'
2016-04-27 17:58:12.928 DEBUG 37359 --- [    Test worker] o.s.b.f.s.DefaultListableBeanFactory     : Returning cached instance of singleton bean 'repositories'
2016-04-27 17:58:12.928 DEBUG 37359 --- [    Test worker] o.s.b.f.s.DefaultListableBeanFactory     : Returning cached instance of singleton bean 'defaultConversionService'
2016-04-27 17:58:12.928 DEBUG 37359 --- [    Test worker] o.s.b.f.s.DefaultListableBeanFactory     : Returning cached instance of singleton bean 'pagedResourcesAssembler'
2016-04-27 17:58:12.928 DEBUG 37359 --- [    Test worker] o.s.b.f.s.DefaultListableBeanFactory     : Returning cached instance of singleton bean 'auditableBeanWrapperFactory'
2016-04-27 17:58:12.928 DEBUG 37359 --- [    Test worker] o.s.b.f.s.DefaultListableBeanFactory     : Autowiring by type from bean name 'repositoryPropertyReferenceController' via constructor to bean named 'repositories'
2016-04-27 17:58:12.928 DEBUG 37359 --- [    Test worker] o.s.b.f.s.DefaultListableBeanFactory     : Autowiring by type from bean name 'repositoryPropertyReferenceController' via constructor to bean named 'defaultConversionService'
2016-04-27 17:58:12.928 DEBUG 37359 --- [    Test worker] o.s.b.f.s.DefaultListableBeanFactory     : Autowiring by type from bean name 'repositoryPropertyReferenceController' via constructor to bean named 'pagedResourcesAssembler'
2016-04-27 17:58:12.928 DEBUG 37359 --- [    Test worker] o.s.b.f.s.DefaultListableBeanFactory     : Autowiring by type from bean name 'repositoryPropertyReferenceController' via constructor to bean named 'auditableBeanWrapperFactory'
2016-04-27 17:58:12.929 DEBUG 37359 --- [    Test worker] o.s.b.f.s.DefaultListableBeanFactory     : Eagerly caching bean 'repositoryPropertyReferenceController' to allow for resolving potential circular references
2016-04-27 17:58:12.929 TRACE 37359 --- [    Test worker] o.s.beans.CachedIntrospectionResults     : Getting BeanInfo for class [org.springframework.data.rest.webmvc.RepositoryPropertyReferenceController]
2016-04-27 17:58:12.930 TRACE 37359 --- [    Test worker] o.s.beans.CachedIntrospectionResults     : Caching PropertyDescriptors for class [org.springframework.data.rest.webmvc.RepositoryPropertyReferenceController]
2016-04-27 17:58:12.930 TRACE 37359 --- [    Test worker] o.s.beans.CachedIntrospectionResults     : Found bean property 'applicationEventPublisher' of type [org.springframework.context.ApplicationEventPublisher]
2016-04-27 17:58:12.930 TRACE 37359 --- [    Test worker] o.s.beans.CachedIntrospectionResults     : Found bean property 'class' of type [java.lang.Class]
2016-04-27 17:58:12.930 DEBUG 37359 --- [    Test worker] o.s.b.f.s.DefaultListableBeanFactory     : Returning cached instance of singleton bean 'org.springframework.transaction.config.internalTransactionAdvisor'
2016-04-27 17:58:12.930 DEBUG 37359 --- [    Test worker] o.s.b.f.s.DefaultListableBeanFactory     : Returning cached instance of singleton bean 'org.springframework.transaction.config.internalTransactionAdvisor'
2016-04-27 17:58:12.931 DEBUG 37359 --- [    Test worker] o.s.b.f.s.DefaultListableBeanFactory     : Finished creating instance of bean 'repositoryPropertyReferenceController'
2016-04-27 17:58:12.931 DEBUG 37359 --- [    Test worker] o.s.b.f.s.DefaultListableBeanFactory     : Creating shared instance of singleton bean 'repositorySchemaController'
2016-04-27 17:58:12.931 DEBUG 37359 --- [    Test worker] o.s.b.f.s.DefaultListableBeanFactory     : Creating instance of bean 'repositorySchemaController'
2016-04-27 17:58:12.931 DEBUG 37359 --- [    Test worker] o.s.b.f.s.DefaultListableBeanFactory     : Returning cached instance of singleton bean 'org.springframework.transaction.config.internalTransactionAdvisor'
2016-04-27 17:58:12.932 DEBUG 37359 --- [    Test worker] o.s.b.f.s.DefaultListableBeanFactory     : Creating shared instance of singleton bean 'jsonSchemaConverter'
2016-04-27 17:58:12.932 DEBUG 37359 --- [    Test worker] o.s.b.f.s.DefaultListableBeanFactory     : Creating instance of bean 'jsonSchemaConverter'
2016-04-27 17:58:12.932 DEBUG 37359 --- [    Test worker] o.s.b.f.s.DefaultListableBeanFactory     : Returning cached instance of singleton bean 'org.springframework.transaction.config.internalTransactionAdvisor'
2016-04-27 17:58:12.932 DEBUG 37359 --- [    Test worker] o.s.b.f.s.DefaultListableBeanFactory     : Returning cached instance of singleton bean 'org.springframework.boot.autoconfigure.data.rest.SpringBootRepositoryRestMvcConfiguration'
2016-04-27 17:58:12.933 DEBUG 37359 --- [    Test worker] o.s.b.f.s.DefaultListableBeanFactory     : Returning cached instance of singleton bean 'persistentEntities'
2016-04-27 17:58:12.933 DEBUG 37359 --- [    Test worker] o.s.b.f.s.DefaultListableBeanFactory     : Returning cached instance of singleton bean 'resourceMappings'
2016-04-27 17:58:12.933 DEBUG 37359 --- [    Test worker] o.s.b.f.s.DefaultListableBeanFactory     : Returning cached instance of singleton bean 'resourceDescriptionMessageSourceAccessor'
2016-04-27 17:58:12.934 DEBUG 37359 --- [    Test worker] o.s.b.f.s.DefaultListableBeanFactory     : Creating shared instance of singleton bean 'objectMapper'
2016-04-27 17:58:12.934 DEBUG 37359 --- [    Test worker] o.s.b.f.s.DefaultListableBeanFactory     : Creating instance of bean 'objectMapper'
2016-04-27 17:58:12.934 DEBUG 37359 --- [    Test worker] o.s.b.f.s.DefaultListableBeanFactory     : Returning cached instance of singleton bean 'org.springframework.transaction.config.internalTransactionAdvisor'
2016-04-27 17:58:12.934 DEBUG 37359 --- [    Test worker] o.s.b.f.s.DefaultListableBeanFactory     : Returning cached instance of singleton bean 'org.springframework.boot.autoconfigure.data.rest.SpringBootRepositoryRestMvcConfiguration'
2016-04-27 17:58:12.992 DEBUG 37359 --- [    Test worker] o.s.b.f.s.DefaultListableBeanFactory     : Returning cached instance of singleton bean 'config'
2016-04-27 17:58:12.994 DEBUG 37359 --- [    Test worker] o.s.b.f.s.DefaultListableBeanFactory     : Returning cached instance of singleton bean 'persistentEntities'
2016-04-27 17:58:12.995 DEBUG 37359 --- [    Test worker] o.s.b.f.s.DefaultListableBeanFactory     : Returning cached instance of singleton bean 'resourceMappings'
2016-04-27 17:58:12.995 DEBUG 37359 --- [    Test worker] o.s.b.f.s.DefaultListableBeanFactory     : Returning cached instance of singleton bean 'config'
2016-04-27 17:58:12.995 DEBUG 37359 --- [    Test worker] o.s.b.f.s.DefaultListableBeanFactory     : Returning cached instance of singleton bean 'defaultConversionService'
2016-04-27 17:58:12.996 DEBUG 37359 --- [    Test worker] o.s.b.f.s.DefaultListableBeanFactory     : Returning cached instance of singleton bean 'persistentEntities'
2016-04-27 17:58:12.996 DEBUG 37359 --- [    Test worker] o.s.b.f.s.DefaultListableBeanFactory     : Returning cached instance of singleton bean 'entityLinks'
2016-04-27 17:58:12.999 DEBUG 37359 --- [    Test worker] o.s.b.f.s.DefaultListableBeanFactory     : Eagerly caching bean 'objectMapper' to allow for resolving potential circular references
2016-04-27 17:58:12.999 TRACE 37359 --- [    Test worker] o.s.beans.CachedIntrospectionResults     : Getting BeanInfo for class [com.fasterxml.jackson.databind.ObjectMapper]
2016-04-27 17:58:13.004 TRACE 37359 --- [    Test worker] o.s.beans.CachedIntrospectionResults     : Caching PropertyDescriptors for class [com.fasterxml.jackson.databind.ObjectMapper]
2016-04-27 17:58:13.004 TRACE 37359 --- [    Test worker] o.s.beans.CachedIntrospectionResults     : Found bean property 'annotationIntrospector' of type [com.fasterxml.jackson.databind.AnnotationIntrospector]
2016-04-27 17:58:13.004 TRACE 37359 --- [    Test worker] o.s.beans.CachedIntrospectionResults     : Found bean property 'base64Variant' of type [com.fasterxml.jackson.core.Base64Variant]
2016-04-27 17:58:13.004 TRACE 37359 --- [    Test worker] o.s.beans.CachedIntrospectionResults     : Found bean property 'class' of type [java.lang.Class]
2016-04-27 17:58:13.004 TRACE 37359 --- [    Test worker] o.s.beans.CachedIntrospectionResults     : Found bean property 'config' of type [com.fasterxml.jackson.databind.SerializationConfig]
2016-04-27 17:58:13.004 TRACE 37359 --- [    Test worker] o.s.beans.CachedIntrospectionResults     : Found bean property 'dateFormat' of type [java.text.DateFormat]
2016-04-27 17:58:13.004 TRACE 37359 --- [    Test worker] o.s.beans.CachedIntrospectionResults     : Found bean property 'defaultPrettyPrinter' of type [com.fasterxml.jackson.core.PrettyPrinter]
2016-04-27 17:58:13.005 TRACE 37359 --- [    Test worker] o.s.beans.CachedIntrospectionResults     : Found bean property 'defaultTyping' of type [com.fasterxml.jackson.databind.jsontype.TypeResolverBuilder]
2016-04-27 17:58:13.005 TRACE 37359 --- [    Test worker] o.s.beans.CachedIntrospectionResults     : Found bean property 'deserializationConfig' of type [com.fasterxml.jackson.databind.DeserializationConfig]
2016-04-27 17:58:13.005 TRACE 37359 --- [    Test worker] o.s.beans.CachedIntrospectionResults     : Found bean property 'deserializationContext' of type [com.fasterxml.jackson.databind.DeserializationContext]
2016-04-27 17:58:13.005 TRACE 37359 --- [    Test worker] o.s.beans.CachedIntrospectionResults     : Found bean property 'factory' of type [com.fasterxml.jackson.core.JsonFactory]
2016-04-27 17:58:13.005 TRACE 37359 --- [    Test worker] o.s.beans.CachedIntrospectionResults     : Found bean property 'filterProvider' of type [com.fasterxml.jackson.databind.ser.FilterProvider]
2016-04-27 17:58:13.005 TRACE 37359 --- [    Test worker] o.s.beans.CachedIntrospectionResults     : Found bean property 'filters' of type [com.fasterxml.jackson.databind.ser.FilterProvider]
2016-04-27 17:58:13.005 TRACE 37359 --- [    Test worker] o.s.beans.CachedIntrospectionResults     : Found bean property 'handlerInstantiator' of type [com.fasterxml.jackson.databind.cfg.HandlerInstantiator]
2016-04-27 17:58:13.005 TRACE 37359 --- [    Test worker] o.s.beans.CachedIntrospectionResults     : Found bean property 'injectableValues' of type [com.fasterxml.jackson.databind.InjectableValues]
2016-04-27 17:58:13.005 TRACE 37359 --- [    Test worker] o.s.beans.CachedIntrospectionResults     : Found bean property 'jsonFactory' of type [com.fasterxml.jackson.core.JsonFactory]
2016-04-27 17:58:13.005 TRACE 37359 --- [    Test worker] o.s.beans.CachedIntrospectionResults     : Found bean property 'locale' of type [java.util.Locale]
2016-04-27 17:58:13.005 TRACE 37359 --- [    Test worker] o.s.beans.CachedIntrospectionResults     : Found bean property 'mixInAnnotations' of type [java.util.Map]
2016-04-27 17:58:13.005 TRACE 37359 --- [    Test worker] o.s.beans.CachedIntrospectionResults     : Found bean property 'mixInResolver' of type [com.fasterxml.jackson.databind.introspect.ClassIntrospector$MixInResolver]
2016-04-27 17:58:13.005 TRACE 37359 --- [    Test worker] o.s.beans.CachedIntrospectionResults     : Found bean property 'mixIns' of type [java.util.Map]
2016-04-27 17:58:13.005 TRACE 37359 --- [    Test worker] o.s.beans.CachedIntrospectionResults     : Found bean property 'nodeFactory' of type [com.fasterxml.jackson.databind.node.JsonNodeFactory]
2016-04-27 17:58:13.005 TRACE 37359 --- [    Test worker] o.s.beans.CachedIntrospectionResults     : Found bean property 'propertyNamingStrategy' of type [com.fasterxml.jackson.databind.PropertyNamingStrategy]
2016-04-27 17:58:13.005 TRACE 37359 --- [    Test worker] o.s.beans.CachedIntrospectionResults     : Found bean property 'serializationConfig' of type [com.fasterxml.jackson.databind.SerializationConfig]
2016-04-27 17:58:13.005 TRACE 37359 --- [    Test worker] o.s.beans.CachedIntrospectionResults     : Found bean property 'serializationInclusion' of type [com.fasterxml.jackson.annotation.JsonInclude$Include]
2016-04-27 17:58:13.005 TRACE 37359 --- [    Test worker] o.s.beans.CachedIntrospectionResults     : Found bean property 'serializerFactory' of type [com.fasterxml.jackson.databind.ser.SerializerFactory]
2016-04-27 17:58:13.005 TRACE 37359 --- [    Test worker] o.s.beans.CachedIntrospectionResults     : Found bean property 'serializerProvider' of type [com.fasterxml.jackson.databind.SerializerProvider]
2016-04-27 17:58:13.005 TRACE 37359 --- [    Test worker] o.s.beans.CachedIntrospectionResults     : Found bean property 'subtypeResolver' of type [com.fasterxml.jackson.databind.jsontype.SubtypeResolver]
2016-04-27 17:58:13.005 TRACE 37359 --- [    Test worker] o.s.beans.CachedIntrospectionResults     : Found bean property 'timeZone' of type [java.util.TimeZone]
2016-04-27 17:58:13.005 TRACE 37359 --- [    Test worker] o.s.beans.CachedIntrospectionResults     : Found bean property 'typeFactory' of type [com.fasterxml.jackson.databind.type.TypeFactory]
2016-04-27 17:58:13.005 TRACE 37359 --- [    Test worker] o.s.beans.CachedIntrospectionResults     : Found bean property 'visibility' of type [com.fasterxml.jackson.databind.introspect.VisibilityChecker]
2016-04-27 17:58:13.006 TRACE 37359 --- [    Test worker] o.s.beans.CachedIntrospectionResults     : Found bean property 'visibilityChecker' of type [com.fasterxml.jackson.databind.introspect.VisibilityChecker]
2016-04-27 17:58:13.006 DEBUG 37359 --- [    Test worker] o.s.b.f.s.DefaultListableBeanFactory     : Returning cached instance of singleton bean 'org.springframework.transaction.config.internalTransactionAdvisor'
2016-04-27 17:58:13.006 DEBUG 37359 --- [    Test worker] o.s.b.f.s.DefaultListableBeanFactory     : Returning cached instance of singleton bean 'org.springframework.transaction.config.internalTransactionAdvisor'
2016-04-27 17:58:13.007 DEBUG 37359 --- [    Test worker] o.s.b.f.s.DefaultListableBeanFactory     : Finished creating instance of bean 'objectMapper'
2016-04-27 17:58:13.007 DEBUG 37359 --- [    Test worker] o.s.b.f.s.DefaultListableBeanFactory     : Returning cached instance of singleton bean 'config'
2016-04-27 17:58:13.008 DEBUG 37359 --- [    Test worker] o.s.b.f.s.DefaultListableBeanFactory     : Eagerly caching bean 'jsonSchemaConverter' to allow for resolving potential circular references
2016-04-27 17:58:13.008 TRACE 37359 --- [    Test worker] o.s.beans.CachedIntrospectionResults     : Getting BeanInfo for class [org.springframework.data.rest.webmvc.json.PersistentEntityToJsonSchemaConverter]
2016-04-27 17:58:13.009 TRACE 37359 --- [    Test worker] o.s.beans.CachedIntrospectionResults     : Caching PropertyDescriptors for class [org.springframework.data.rest.webmvc.json.PersistentEntityToJsonSchemaConverter]
2016-04-27 17:58:13.009 TRACE 37359 --- [    Test worker] o.s.beans.CachedIntrospectionResults     : Found bean property 'class' of type [java.lang.Class]
2016-04-27 17:58:13.009 TRACE 37359 --- [    Test worker] o.s.beans.CachedIntrospectionResults     : Found bean property 'convertibleTypes' of type [java.util.Set]
2016-04-27 17:58:13.009 DEBUG 37359 --- [    Test worker] o.s.b.f.s.DefaultListableBeanFactory     : Returning cached instance of singleton bean 'org.springframework.transaction.config.internalTransactionAdvisor'
2016-04-27 17:58:13.009 DEBUG 37359 --- [    Test worker] o.s.b.f.s.DefaultListableBeanFactory     : Returning cached instance of singleton bean 'org.springframework.transaction.config.internalTransactionAdvisor'
2016-04-27 17:58:13.009 DEBUG 37359 --- [    Test worker] o.s.b.f.s.DefaultListableBeanFactory     : Finished creating instance of bean 'jsonSchemaConverter'
2016-04-27 17:58:13.009 DEBUG 37359 --- [    Test worker] o.s.b.f.s.DefaultListableBeanFactory     : Autowiring by type from bean name 'repositorySchemaController' via constructor to bean named 'jsonSchemaConverter'
2016-04-27 17:58:13.009 DEBUG 37359 --- [    Test worker] o.s.b.f.s.DefaultListableBeanFactory     : Eagerly caching bean 'repositorySchemaController' to allow for resolving potential circular references
2016-04-27 17:58:13.009 TRACE 37359 --- [    Test worker] o.s.beans.CachedIntrospectionResults     : Getting BeanInfo for class [org.springframework.data.rest.webmvc.RepositorySchemaController]
2016-04-27 17:58:13.010 TRACE 37359 --- [    Test worker] o.s.beans.CachedIntrospectionResults     : Caching PropertyDescriptors for class [org.springframework.data.rest.webmvc.RepositorySchemaController]
2016-04-27 17:58:13.010 TRACE 37359 --- [    Test worker] o.s.beans.CachedIntrospectionResults     : Found bean property 'class' of type [java.lang.Class]
2016-04-27 17:58:13.011 DEBUG 37359 --- [    Test worker] o.s.b.f.s.DefaultListableBeanFactory     : Returning cached instance of singleton bean 'org.springframework.transaction.config.internalTransactionAdvisor'
2016-04-27 17:58:13.011 DEBUG 37359 --- [    Test worker] o.s.b.f.s.DefaultListableBeanFactory     : Returning cached instance of singleton bean 'org.springframework.transaction.config.internalTransactionAdvisor'
2016-04-27 17:58:13.011 DEBUG 37359 --- [    Test worker] o.s.b.f.s.DefaultListableBeanFactory     : Finished creating instance of bean 'repositorySchemaController'
2016-04-27 17:58:13.011 DEBUG 37359 --- [    Test worker] o.s.b.f.s.DefaultListableBeanFactory     : Creating shared instance of singleton bean 'repositorySearchController'
2016-04-27 17:58:13.011 DEBUG 37359 --- [    Test worker] o.s.b.f.s.DefaultListableBeanFactory     : Creating instance of bean 'repositorySearchController'
2016-04-27 17:58:13.011 DEBUG 37359 --- [    Test worker] o.s.b.f.s.DefaultListableBeanFactory     : Returning cached instance of singleton bean 'org.springframework.transaction.config.internalTransactionAdvisor'
2016-04-27 17:58:13.013 DEBUG 37359 --- [    Test worker] o.s.b.f.s.DefaultListableBeanFactory     : Returning cached instance of singleton bean 'pagedResourcesAssembler'
2016-04-27 17:58:13.013 DEBUG 37359 --- [    Test worker] o.s.b.f.s.DefaultListableBeanFactory     : Returning cached instance of singleton bean 'entityLinks'
2016-04-27 17:58:13.013 DEBUG 37359 --- [    Test worker] o.s.b.f.s.DefaultListableBeanFactory     : Returning cached instance of singleton bean 'resourceMappings'
2016-04-27 17:58:13.013 DEBUG 37359 --- [    Test worker] o.s.b.f.s.DefaultListableBeanFactory     : Returning cached instance of singleton bean 'auditableBeanWrapperFactory'
2016-04-27 17:58:13.013 DEBUG 37359 --- [    Test worker] o.s.b.f.s.DefaultListableBeanFactory     : Autowiring by type from bean name 'repositorySearchController' via constructor to bean named 'pagedResourcesAssembler'
2016-04-27 17:58:13.013 DEBUG 37359 --- [    Test worker] o.s.b.f.s.DefaultListableBeanFactory     : Autowiring by type from bean name 'repositorySearchController' via constructor to bean named 'entityLinks'
2016-04-27 17:58:13.013 DEBUG 37359 --- [    Test worker] o.s.b.f.s.DefaultListableBeanFactory     : Autowiring by type from bean name 'repositorySearchController' via constructor to bean named 'resourceMappings'
2016-04-27 17:58:13.013 DEBUG 37359 --- [    Test worker] o.s.b.f.s.DefaultListableBeanFactory     : Autowiring by type from bean name 'repositorySearchController' via constructor to bean named 'auditableBeanWrapperFactory'
2016-04-27 17:58:13.014 DEBUG 37359 --- [    Test worker] o.s.b.f.s.DefaultListableBeanFactory     : Eagerly caching bean 'repositorySearchController' to allow for resolving potential circular references
2016-04-27 17:58:13.014 TRACE 37359 --- [    Test worker] o.s.beans.CachedIntrospectionResults     : Getting BeanInfo for class [org.springframework.data.rest.webmvc.RepositorySearchController]
2016-04-27 17:58:13.014 TRACE 37359 --- [    Test worker] o.s.beans.CachedIntrospectionResults     : Caching PropertyDescriptors for class [org.springframework.data.rest.webmvc.RepositorySearchController]
2016-04-27 17:58:13.014 TRACE 37359 --- [    Test worker] o.s.beans.CachedIntrospectionResults     : Found bean property 'class' of type [java.lang.Class]
2016-04-27 17:58:13.015 DEBUG 37359 --- [    Test worker] o.s.b.f.s.DefaultListableBeanFactory     : Returning cached instance of singleton bean 'org.springframework.transaction.config.internalTransactionAdvisor'
2016-04-27 17:58:13.015 DEBUG 37359 --- [    Test worker] o.s.b.f.s.DefaultListableBeanFactory     : Returning cached instance of singleton bean 'org.springframework.transaction.config.internalTransactionAdvisor'
2016-04-27 17:58:13.015 DEBUG 37359 --- [    Test worker] o.s.b.f.s.DefaultListableBeanFactory     : Finished creating instance of bean 'repositorySearchController'
2016-04-27 17:58:13.015 DEBUG 37359 --- [    Test worker] o.s.b.f.s.DefaultListableBeanFactory     : Creating shared instance of singleton bean 'alpsController'
2016-04-27 17:58:13.015 DEBUG 37359 --- [    Test worker] o.s.b.f.s.DefaultListableBeanFactory     : Creating instance of bean 'alpsController'
2016-04-27 17:58:13.015 DEBUG 37359 --- [    Test worker] o.s.b.f.s.DefaultListableBeanFactory     : Returning cached instance of singleton bean 'org.springframework.transaction.config.internalTransactionAdvisor'
2016-04-27 17:58:13.016 DEBUG 37359 --- [    Test worker] o.s.b.f.s.DefaultListableBeanFactory     : Returning cached instance of singleton bean 'config'
2016-04-27 17:58:13.016 DEBUG 37359 --- [    Test worker] o.s.b.f.s.DefaultListableBeanFactory     : Autowiring by type from bean name 'alpsController' via constructor to bean named 'config'
2016-04-27 17:58:13.016 DEBUG 37359 --- [    Test worker] o.s.b.f.s.DefaultListableBeanFactory     : Eagerly caching bean 'alpsController' to allow for resolving potential circular references
2016-04-27 17:58:13.016 TRACE 37359 --- [    Test worker] o.s.beans.CachedIntrospectionResults     : Getting BeanInfo for class [org.springframework.data.rest.webmvc.alps.AlpsController]
2016-04-27 17:58:13.017 TRACE 37359 --- [    Test worker] o.s.beans.CachedIntrospectionResults     : Caching PropertyDescriptors for class [org.springframework.data.rest.webmvc.alps.AlpsController]
2016-04-27 17:58:13.017 TRACE 37359 --- [    Test worker] o.s.beans.CachedIntrospectionResults     : Found bean property 'class' of type [java.lang.Class]
2016-04-27 17:58:13.017 DEBUG 37359 --- [    Test worker] o.s.b.f.s.DefaultListableBeanFactory     : Returning cached instance of singleton bean 'org.springframework.transaction.config.internalTransactionAdvisor'
2016-04-27 17:58:13.017 DEBUG 37359 --- [    Test worker] o.s.b.f.s.DefaultListableBeanFactory     : Returning cached instance of singleton bean 'org.springframework.transaction.config.internalTransactionAdvisor'
2016-04-27 17:58:13.017 DEBUG 37359 --- [    Test worker] o.s.b.f.s.DefaultListableBeanFactory     : Finished creating instance of bean 'alpsController'
2016-04-27 17:58:13.017 DEBUG 37359 --- [    Test worker] o.s.b.f.s.DefaultListableBeanFactory     : Returning cached instance of singleton bean 'org.springframework.boot.autoconfigure.AutoConfigurationPackages'
2016-04-27 17:58:13.017 DEBUG 37359 --- [    Test worker] o.s.b.f.s.DefaultListableBeanFactory     : Returning cached instance of singleton bean 'org.springframework.data.repository.core.support.RepositoryInterfaceAwareBeanPostProcessor'
2016-04-27 17:58:13.017 DEBUG 37359 --- [    Test worker] o.s.b.f.s.DefaultListableBeanFactory     : Returning cached instance of singleton bean 'foo'
2016-04-27 17:58:13.017 DEBUG 37359 --- [    Test worker] o.s.b.f.s.DefaultListableBeanFactory     : Returning cached instance of singleton bean 'jpaMappingContext'
2016-04-27 17:58:13.017 DEBUG 37359 --- [    Test worker] o.s.b.f.s.DefaultListableBeanFactory     : Creating shared instance of singleton bean 'jpaContext'
2016-04-27 17:58:13.017 DEBUG 37359 --- [    Test worker] o.s.b.f.s.DefaultListableBeanFactory     : Creating instance of bean 'jpaContext'
2016-04-27 17:58:13.017 DEBUG 37359 --- [    Test worker] o.s.b.f.s.DefaultListableBeanFactory     : Returning cached instance of singleton bean 'org.springframework.transaction.config.internalTransactionAdvisor'
2016-04-27 17:58:13.019 DEBUG 37359 --- [    Test worker] o.s.b.f.s.DefaultListableBeanFactory     : Creating shared instance of singleton bean 'org.springframework.orm.jpa.SharedEntityManagerCreator#0'
2016-04-27 17:58:13.019 DEBUG 37359 --- [    Test worker] o.s.b.f.s.DefaultListableBeanFactory     : Creating instance of bean 'org.springframework.orm.jpa.SharedEntityManagerCreator#0'
2016-04-27 17:58:13.019 DEBUG 37359 --- [    Test worker] o.s.b.f.s.DefaultListableBeanFactory     : Returning cached instance of singleton bean 'org.springframework.transaction.config.internalTransactionAdvisor'
2016-04-27 17:58:13.019 DEBUG 37359 --- [    Test worker] o.s.b.f.s.DefaultListableBeanFactory     : Returning cached instance of singleton bean 'entityManagerFactory'
2016-04-27 17:58:13.019 TRACE 37359 --- [    Test worker] o.s.b.f.s.DefaultListableBeanFactory     : Ignoring factory method [public static javax.persistence.EntityManager org.springframework.orm.jpa.SharedEntityManagerCreator.createSharedEntityManager(javax.persistence.EntityManagerFactory,java.util.Map,boolean,java.lang.Class[])] of bean 'org.springframework.orm.jpa.SharedEntityManagerCreator#0': org.springframework.beans.factory.UnsatisfiedDependencyException: Error creating bean with name 'org.springframework.orm.jpa.SharedEntityManagerCreator#0': Unsatisfied dependency expressed through constructor argument with index 1 of type [java.util.Map]: Ambiguous factory method argument types - did you specify the correct bean references as factory method arguments?
2016-04-27 17:58:13.019 TRACE 37359 --- [    Test worker] o.s.b.f.s.DefaultListableBeanFactory     : Ignoring factory method [public static javax.persistence.EntityManager org.springframework.orm.jpa.SharedEntityManagerCreator.createSharedEntityManager(javax.persistence.EntityManagerFactory,java.util.Map,java.lang.Class[])] of bean 'org.springframework.orm.jpa.SharedEntityManagerCreator#0': org.springframework.beans.factory.UnsatisfiedDependencyException: Error creating bean with name 'org.springframework.orm.jpa.SharedEntityManagerCreator#0': Unsatisfied dependency expressed through constructor argument with index 1 of type [java.util.Map]: Ambiguous factory method argument types - did you specify the correct bean references as factory method arguments?
2016-04-27 17:58:13.019 TRACE 37359 --- [    Test worker] o.s.b.f.s.DefaultListableBeanFactory     : Ignoring factory method [public static javax.persistence.EntityManager org.springframework.orm.jpa.SharedEntityManagerCreator.createSharedEntityManager(javax.persistence.EntityManagerFactory,java.util.Map,boolean)] of bean 'org.springframework.orm.jpa.SharedEntityManagerCreator#0': org.springframework.beans.factory.UnsatisfiedDependencyException: Error creating bean with name 'org.springframework.orm.jpa.SharedEntityManagerCreator#0': Unsatisfied dependency expressed through constructor argument with index 1 of type [java.util.Map]: Ambiguous factory method argument types - did you specify the correct bean references as factory method arguments?
2016-04-27 17:58:13.019 TRACE 37359 --- [    Test worker] o.s.b.f.s.DefaultListableBeanFactory     : Ignoring factory method [public static javax.persistence.EntityManager org.springframework.orm.jpa.SharedEntityManagerCreator.createSharedEntityManager(javax.persistence.EntityManagerFactory,java.util.Map)] of bean 'org.springframework.orm.jpa.SharedEntityManagerCreator#0': org.springframework.beans.factory.UnsatisfiedDependencyException: Error creating bean with name 'org.springframework.orm.jpa.SharedEntityManagerCreator#0': Unsatisfied dependency expressed through constructor argument with index 1 of type [java.util.Map]: Ambiguous factory method argument types - did you specify the correct bean references as factory method arguments?
2016-04-27 17:58:13.020 DEBUG 37359 --- [    Test worker] o.s.b.f.s.DefaultListableBeanFactory     : Eagerly caching bean 'org.springframework.orm.jpa.SharedEntityManagerCreator#0' to allow for resolving potential circular references
2016-04-27 17:58:13.020 DEBUG 37359 --- [    Test worker] o.s.b.f.s.DefaultListableBeanFactory     : Returning cached instance of singleton bean 'org.springframework.transaction.config.internalTransactionAdvisor'
2016-04-27 17:58:13.020 DEBUG 37359 --- [    Test worker] o.s.b.f.s.DefaultListableBeanFactory     : Returning cached instance of singleton bean 'org.springframework.transaction.config.internalTransactionAdvisor'
2016-04-27 17:58:13.020 DEBUG 37359 --- [    Test worker] o.s.b.f.s.DefaultListableBeanFactory     : Finished creating instance of bean 'org.springframework.orm.jpa.SharedEntityManagerCreator#0'
2016-04-27 17:58:13.020 DEBUG 37359 --- [    Test worker] o.s.b.f.s.DefaultListableBeanFactory     : Autowiring by type from bean name 'jpaContext' via constructor to bean named 'org.springframework.orm.jpa.SharedEntityManagerCreator#0'
2016-04-27 17:58:13.020 DEBUG 37359 --- [    Test worker] o.s.b.f.s.DefaultListableBeanFactory     : Eagerly caching bean 'jpaContext' to allow for resolving potential circular references
2016-04-27 17:58:13.020 TRACE 37359 --- [    Test worker] o.s.beans.CachedIntrospectionResults     : Getting BeanInfo for class [org.springframework.data.jpa.repository.support.DefaultJpaContext]
2016-04-27 17:58:13.021 TRACE 37359 --- [    Test worker] o.s.beans.CachedIntrospectionResults     : Caching PropertyDescriptors for class [org.springframework.data.jpa.repository.support.DefaultJpaContext]
2016-04-27 17:58:13.021 TRACE 37359 --- [    Test worker] o.s.beans.CachedIntrospectionResults     : Found bean property 'class' of type [java.lang.Class]
2016-04-27 17:58:13.021 DEBUG 37359 --- [    Test worker] o.s.b.f.s.DefaultListableBeanFactory     : Returning cached instance of singleton bean 'org.springframework.transaction.config.internalTransactionAdvisor'
2016-04-27 17:58:13.021 DEBUG 37359 --- [    Test worker] o.s.b.f.s.DefaultListableBeanFactory     : Returning cached instance of singleton bean 'org.springframework.transaction.config.internalTransactionAdvisor'
2016-04-27 17:58:13.021 DEBUG 37359 --- [    Test worker] o.s.b.f.s.DefaultListableBeanFactory     : Finished creating instance of bean 'jpaContext'
2016-04-27 17:58:13.021 DEBUG 37359 --- [    Test worker] o.s.b.f.s.DefaultListableBeanFactory     : Returning cached instance of singleton bean 'cityRepository'
2016-04-27 17:58:13.021 DEBUG 37359 --- [    Test worker] o.s.b.f.s.DefaultListableBeanFactory     : Creating shared instance of singleton bean 'org.springframework.boot.autoconfigure.PropertyPlaceholderAutoConfiguration'
2016-04-27 17:58:13.021 DEBUG 37359 --- [    Test worker] o.s.b.f.s.DefaultListableBeanFactory     : Creating instance of bean 'org.springframework.boot.autoconfigure.PropertyPlaceholderAutoConfiguration'
2016-04-27 17:58:13.021 DEBUG 37359 --- [    Test worker] o.s.b.f.s.DefaultListableBeanFactory     : Returning cached instance of singleton bean 'org.springframework.transaction.config.internalTransactionAdvisor'
2016-04-27 17:58:13.021 DEBUG 37359 --- [    Test worker] o.s.b.f.s.DefaultListableBeanFactory     : Eagerly caching bean 'org.springframework.boot.autoconfigure.PropertyPlaceholderAutoConfiguration' to allow for resolving potential circular references
2016-04-27 17:58:13.022 TRACE 37359 --- [    Test worker] o.s.beans.CachedIntrospectionResults     : Getting BeanInfo for class [org.springframework.boot.autoconfigure.PropertyPlaceholderAutoConfiguration$$EnhancerBySpringCGLIB$$9246ccc8]
2016-04-27 17:58:13.023 TRACE 37359 --- [    Test worker] o.s.beans.CachedIntrospectionResults     : Caching PropertyDescriptors for class [org.springframework.boot.autoconfigure.PropertyPlaceholderAutoConfiguration$$EnhancerBySpringCGLIB$$9246ccc8]
2016-04-27 17:58:13.023 TRACE 37359 --- [    Test worker] o.s.beans.CachedIntrospectionResults     : Found bean property 'beanFactory' of type [org.springframework.beans.factory.BeanFactory]
2016-04-27 17:58:13.023 TRACE 37359 --- [    Test worker] o.s.beans.CachedIntrospectionResults     : Found bean property 'class' of type [java.lang.Class]
2016-04-27 17:58:13.023 DEBUG 37359 --- [    Test worker] o.s.b.f.s.DefaultListableBeanFactory     : Returning cached instance of singleton bean 'org.springframework.transaction.config.internalTransactionAdvisor'
2016-04-27 17:58:13.023 DEBUG 37359 --- [    Test worker] o.s.b.f.s.DefaultListableBeanFactory     : Returning cached instance of singleton bean 'org.springframework.transaction.config.internalTransactionAdvisor'
2016-04-27 17:58:13.023 DEBUG 37359 --- [    Test worker] o.s.b.f.s.DefaultListableBeanFactory     : Finished creating instance of bean 'org.springframework.boot.autoconfigure.PropertyPlaceholderAutoConfiguration'
2016-04-27 17:58:13.023 DEBUG 37359 --- [    Test worker] o.s.b.f.s.DefaultListableBeanFactory     : Returning cached instance of singleton bean 'org.springframework.boot.autoconfigure.condition.BeanTypeRegistry'
2016-04-27 17:58:13.023 DEBUG 37359 --- [    Test worker] o.s.b.f.s.DefaultListableBeanFactory     : Returning cached instance of singleton bean 'propertySourcesPlaceholderConfigurer'
2016-04-27 17:58:13.023 DEBUG 37359 --- [    Test worker] o.s.b.f.s.DefaultListableBeanFactory     : Creating shared instance of singleton bean 'org.springframework.boot.autoconfigure.websocket.WebSocketAutoConfiguration$TomcatWebSocketConfiguration'
2016-04-27 17:58:13.023 DEBUG 37359 --- [    Test worker] o.s.b.f.s.DefaultListableBeanFactory     : Creating instance of bean 'org.springframework.boot.autoconfigure.websocket.WebSocketAutoConfiguration$TomcatWebSocketConfiguration'
2016-04-27 17:58:13.023 DEBUG 37359 --- [    Test worker] o.s.b.f.s.DefaultListableBeanFactory     : Returning cached instance of singleton bean 'org.springframework.transaction.config.internalTransactionAdvisor'
2016-04-27 17:58:13.024 DEBUG 37359 --- [    Test worker] o.s.b.f.s.DefaultListableBeanFactory     : Eagerly caching bean 'org.springframework.boot.autoconfigure.websocket.WebSocketAutoConfiguration$TomcatWebSocketConfiguration' to allow for resolving potential circular references
2016-04-27 17:58:13.024 TRACE 37359 --- [    Test worker] o.s.beans.CachedIntrospectionResults     : Getting BeanInfo for class [org.springframework.boot.autoconfigure.websocket.WebSocketAutoConfiguration$TomcatWebSocketConfiguration$$EnhancerBySpringCGLIB$$e6075a97]
2016-04-27 17:58:13.025 TRACE 37359 --- [    Test worker] o.s.beans.CachedIntrospectionResults     : Caching PropertyDescriptors for class [org.springframework.boot.autoconfigure.websocket.WebSocketAutoConfiguration$TomcatWebSocketConfiguration$$EnhancerBySpringCGLIB$$e6075a97]
2016-04-27 17:58:13.025 TRACE 37359 --- [    Test worker] o.s.beans.CachedIntrospectionResults     : Found bean property 'beanFactory' of type [org.springframework.beans.factory.BeanFactory]
2016-04-27 17:58:13.025 TRACE 37359 --- [    Test worker] o.s.beans.CachedIntrospectionResults     : Found bean property 'class' of type [java.lang.Class]
2016-04-27 17:58:13.026 DEBUG 37359 --- [    Test worker] o.s.b.f.s.DefaultListableBeanFactory     : Returning cached instance of singleton bean 'org.springframework.transaction.config.internalTransactionAdvisor'
2016-04-27 17:58:13.026 DEBUG 37359 --- [    Test worker] o.s.b.f.s.DefaultListableBeanFactory     : Returning cached instance of singleton bean 'org.springframework.transaction.config.internalTransactionAdvisor'
2016-04-27 17:58:13.026 DEBUG 37359 --- [    Test worker] o.s.b.f.s.DefaultListableBeanFactory     : Finished creating instance of bean 'org.springframework.boot.autoconfigure.websocket.WebSocketAutoConfiguration$TomcatWebSocketConfiguration'
2016-04-27 17:58:13.026 DEBUG 37359 --- [    Test worker] o.s.b.f.s.DefaultListableBeanFactory     : Creating shared instance of singleton bean 'websocketContainerCustomizer'
2016-04-27 17:58:13.026 DEBUG 37359 --- [    Test worker] o.s.b.f.s.DefaultListableBeanFactory     : Creating instance of bean 'websocketContainerCustomizer'
2016-04-27 17:58:13.026 DEBUG 37359 --- [    Test worker] o.s.b.f.s.DefaultListableBeanFactory     : Returning cached instance of singleton bean 'org.springframework.transaction.config.internalTransactionAdvisor'
2016-04-27 17:58:13.026 DEBUG 37359 --- [    Test worker] o.s.b.f.s.DefaultListableBeanFactory     : Returning cached instance of singleton bean 'org.springframework.boot.autoconfigure.websocket.WebSocketAutoConfiguration$TomcatWebSocketConfiguration'
2016-04-27 17:58:13.030 DEBUG 37359 --- [    Test worker] o.s.b.f.s.DefaultListableBeanFactory     : Eagerly caching bean 'websocketContainerCustomizer' to allow for resolving potential circular references
2016-04-27 17:58:13.030 TRACE 37359 --- [    Test worker] o.s.beans.CachedIntrospectionResults     : Getting BeanInfo for class [org.springframework.boot.autoconfigure.websocket.TomcatWebSocketContainerCustomizer]
2016-04-27 17:58:13.031 TRACE 37359 --- [    Test worker] o.s.beans.CachedIntrospectionResults     : Caching PropertyDescriptors for class [org.springframework.boot.autoconfigure.websocket.TomcatWebSocketContainerCustomizer]
2016-04-27 17:58:13.032 TRACE 37359 --- [    Test worker] o.s.beans.CachedIntrospectionResults     : Found bean property 'class' of type [java.lang.Class]
2016-04-27 17:58:13.032 TRACE 37359 --- [    Test worker] o.s.beans.CachedIntrospectionResults     : Found bean property 'order' of type [int]
2016-04-27 17:58:13.032 DEBUG 37359 --- [    Test worker] o.s.b.f.s.DefaultListableBeanFactory     : Returning cached instance of singleton bean 'org.springframework.transaction.config.internalTransactionAdvisor'
2016-04-27 17:58:13.032 DEBUG 37359 --- [    Test worker] o.s.b.f.s.DefaultListableBeanFactory     : Returning cached instance of singleton bean 'org.springframework.transaction.config.internalTransactionAdvisor'
2016-04-27 17:58:13.032 DEBUG 37359 --- [    Test worker] o.s.b.f.s.DefaultListableBeanFactory     : Finished creating instance of bean 'websocketContainerCustomizer'
2016-04-27 17:58:13.032 DEBUG 37359 --- [    Test worker] o.s.b.f.s.DefaultListableBeanFactory     : Creating shared instance of singleton bean 'org.springframework.boot.autoconfigure.websocket.WebSocketAutoConfiguration'
2016-04-27 17:58:13.032 DEBUG 37359 --- [    Test worker] o.s.b.f.s.DefaultListableBeanFactory     : Creating instance of bean 'org.springframework.boot.autoconfigure.websocket.WebSocketAutoConfiguration'
2016-04-27 17:58:13.032 DEBUG 37359 --- [    Test worker] o.s.b.f.s.DefaultListableBeanFactory     : Returning cached instance of singleton bean 'org.springframework.transaction.config.internalTransactionAdvisor'
2016-04-27 17:58:13.033 DEBUG 37359 --- [    Test worker] o.s.b.f.s.DefaultListableBeanFactory     : Eagerly caching bean 'org.springframework.boot.autoconfigure.websocket.WebSocketAutoConfiguration' to allow for resolving potential circular references
2016-04-27 17:58:13.033 TRACE 37359 --- [    Test worker] o.s.beans.CachedIntrospectionResults     : Getting BeanInfo for class [org.springframework.boot.autoconfigure.websocket.WebSocketAutoConfiguration$$EnhancerBySpringCGLIB$$686294e6]
2016-04-27 17:58:13.034 TRACE 37359 --- [    Test worker] o.s.beans.CachedIntrospectionResults     : Caching PropertyDescriptors for class [org.springframework.boot.autoconfigure.websocket.WebSocketAutoConfiguration$$EnhancerBySpringCGLIB$$686294e6]
2016-04-27 17:58:13.034 TRACE 37359 --- [    Test worker] o.s.beans.CachedIntrospectionResults     : Found bean property 'beanFactory' of type [org.springframework.beans.factory.BeanFactory]
2016-04-27 17:58:13.034 TRACE 37359 --- [    Test worker] o.s.beans.CachedIntrospectionResults     : Found bean property 'class' of type [java.lang.Class]
2016-04-27 17:58:13.034 DEBUG 37359 --- [    Test worker] o.s.b.f.s.DefaultListableBeanFactory     : Returning cached instance of singleton bean 'org.springframework.transaction.config.internalTransactionAdvisor'
2016-04-27 17:58:13.034 DEBUG 37359 --- [    Test worker] o.s.b.f.s.DefaultListableBeanFactory     : Returning cached instance of singleton bean 'org.springframework.transaction.config.internalTransactionAdvisor'
2016-04-27 17:58:13.035 DEBUG 37359 --- [    Test worker] o.s.b.f.s.DefaultListableBeanFactory     : Finished creating instance of bean 'org.springframework.boot.autoconfigure.websocket.WebSocketAutoConfiguration'
2016-04-27 17:58:13.035 DEBUG 37359 --- [    Test worker] o.s.b.f.s.DefaultListableBeanFactory     : Creating shared instance of singleton bean 'org.springframework.boot.autoconfigure.web.EmbeddedServletContainerAutoConfiguration$EmbeddedTomcat'
2016-04-27 17:58:13.035 DEBUG 37359 --- [    Test worker] o.s.b.f.s.DefaultListableBeanFactory     : Creating instance of bean 'org.springframework.boot.autoconfigure.web.EmbeddedServletContainerAutoConfiguration$EmbeddedTomcat'
2016-04-27 17:58:13.035 DEBUG 37359 --- [    Test worker] o.s.b.f.s.DefaultListableBeanFactory     : Returning cached instance of singleton bean 'org.springframework.transaction.config.internalTransactionAdvisor'
2016-04-27 17:58:13.035 DEBUG 37359 --- [    Test worker] o.s.b.f.s.DefaultListableBeanFactory     : Eagerly caching bean 'org.springframework.boot.autoconfigure.web.EmbeddedServletContainerAutoConfiguration$EmbeddedTomcat' to allow for resolving potential circular references
2016-04-27 17:58:13.035 TRACE 37359 --- [    Test worker] o.s.beans.CachedIntrospectionResults     : Getting BeanInfo for class [org.springframework.boot.autoconfigure.web.EmbeddedServletContainerAutoConfiguration$EmbeddedTomcat$$EnhancerBySpringCGLIB$$d7d6bb2a]
2016-04-27 17:58:13.036 TRACE 37359 --- [    Test worker] o.s.beans.CachedIntrospectionResults     : Caching PropertyDescriptors for class [org.springframework.boot.autoconfigure.web.EmbeddedServletContainerAutoConfiguration$EmbeddedTomcat$$EnhancerBySpringCGLIB$$d7d6bb2a]
2016-04-27 17:58:13.036 TRACE 37359 --- [    Test worker] o.s.beans.CachedIntrospectionResults     : Found bean property 'beanFactory' of type [org.springframework.beans.factory.BeanFactory]
2016-04-27 17:58:13.036 TRACE 37359 --- [    Test worker] o.s.beans.CachedIntrospectionResults     : Found bean property 'class' of type [java.lang.Class]
2016-04-27 17:58:13.037 DEBUG 37359 --- [    Test worker] o.s.b.f.s.DefaultListableBeanFactory     : Returning cached instance of singleton bean 'org.springframework.transaction.config.internalTransactionAdvisor'
2016-04-27 17:58:13.037 DEBUG 37359 --- [    Test worker] o.s.b.f.s.DefaultListableBeanFactory     : Returning cached instance of singleton bean 'org.springframework.transaction.config.internalTransactionAdvisor'
2016-04-27 17:58:13.037 DEBUG 37359 --- [    Test worker] o.s.b.f.s.DefaultListableBeanFactory     : Finished creating instance of bean 'org.springframework.boot.autoconfigure.web.EmbeddedServletContainerAutoConfiguration$EmbeddedTomcat'
2016-04-27 17:58:13.037 DEBUG 37359 --- [    Test worker] o.s.b.f.s.DefaultListableBeanFactory     : Creating shared instance of singleton bean 'tomcatEmbeddedServletContainerFactory'
2016-04-27 17:58:13.037 DEBUG 37359 --- [    Test worker] o.s.b.f.s.DefaultListableBeanFactory     : Creating instance of bean 'tomcatEmbeddedServletContainerFactory'
2016-04-27 17:58:13.037 DEBUG 37359 --- [    Test worker] o.s.b.f.s.DefaultListableBeanFactory     : Returning cached instance of singleton bean 'org.springframework.transaction.config.internalTransactionAdvisor'
2016-04-27 17:58:13.037 DEBUG 37359 --- [    Test worker] o.s.b.f.s.DefaultListableBeanFactory     : Returning cached instance of singleton bean 'org.springframework.boot.autoconfigure.web.EmbeddedServletContainerAutoConfiguration$EmbeddedTomcat'
2016-04-27 17:58:13.048 DEBUG 37359 --- [    Test worker] o.s.b.f.s.DefaultListableBeanFactory     : Eagerly caching bean 'tomcatEmbeddedServletContainerFactory' to allow for resolving potential circular references
2016-04-27 17:58:13.048 TRACE 37359 --- [    Test worker] o.s.beans.CachedIntrospectionResults     : Getting BeanInfo for class [org.springframework.boot.context.embedded.tomcat.TomcatEmbeddedServletContainerFactory]
2016-04-27 17:58:13.051 TRACE 37359 --- [    Test worker] o.s.beans.CachedIntrospectionResults     : Caching PropertyDescriptors for class [org.springframework.boot.context.embedded.tomcat.TomcatEmbeddedServletContainerFactory]
2016-04-27 17:58:13.051 TRACE 37359 --- [    Test worker] o.s.beans.CachedIntrospectionResults     : Found bean property 'additionalTomcatConnectors' of type [java.util.List]
2016-04-27 17:58:13.051 TRACE 37359 --- [    Test worker] o.s.beans.CachedIntrospectionResults     : Found bean property 'address' of type [java.net.InetAddress]
2016-04-27 17:58:13.051 TRACE 37359 --- [    Test worker] o.s.beans.CachedIntrospectionResults     : Found bean property 'baseDirectory' of type [java.io.File]
2016-04-27 17:58:13.051 TRACE 37359 --- [    Test worker] o.s.beans.CachedIntrospectionResults     : Found bean property 'class' of type [java.lang.Class]
2016-04-27 17:58:13.051 TRACE 37359 --- [    Test worker] o.s.beans.CachedIntrospectionResults     : Found bean property 'compression' of type [org.springframework.boot.context.embedded.Compression]
2016-04-27 17:58:13.051 TRACE 37359 --- [    Test worker] o.s.beans.CachedIntrospectionResults     : Found bean property 'contextLifecycleListeners' of type [java.util.Collection]
2016-04-27 17:58:13.051 TRACE 37359 --- [    Test worker] o.s.beans.CachedIntrospectionResults     : Found bean property 'contextPath' of type [java.lang.String]
2016-04-27 17:58:13.051 TRACE 37359 --- [    Test worker] o.s.beans.CachedIntrospectionResults     : Found bean property 'contextValves' of type [java.util.Collection]
2016-04-27 17:58:13.051 TRACE 37359 --- [    Test worker] o.s.beans.CachedIntrospectionResults     : Found bean property 'displayName' of type [java.lang.String]
2016-04-27 17:58:13.051 TRACE 37359 --- [    Test worker] o.s.beans.CachedIntrospectionResults     : Found bean property 'documentRoot' of type [java.io.File]
2016-04-27 17:58:13.051 TRACE 37359 --- [    Test worker] o.s.beans.CachedIntrospectionResults     : Found bean property 'errorPages' of type [java.util.Set]
2016-04-27 17:58:13.051 TRACE 37359 --- [    Test worker] o.s.beans.CachedIntrospectionResults     : Found bean property 'initializers' of type [java.util.List]
2016-04-27 17:58:13.051 TRACE 37359 --- [    Test worker] o.s.beans.CachedIntrospectionResults     : Found bean property 'jspServlet' of type [org.springframework.boot.context.embedded.JspServlet]
2016-04-27 17:58:13.051 TRACE 37359 --- [    Test worker] o.s.beans.CachedIntrospectionResults     : Found bean property 'jspServletClassName' of type [java.lang.String]
2016-04-27 17:58:13.051 TRACE 37359 --- [    Test worker] o.s.beans.CachedIntrospectionResults     : Found bean property 'mimeMappings' of type [org.springframework.boot.context.embedded.MimeMappings]
2016-04-27 17:58:13.051 TRACE 37359 --- [    Test worker] o.s.beans.CachedIntrospectionResults     : Found bean property 'persistSession' of type [boolean]
2016-04-27 17:58:13.051 TRACE 37359 --- [    Test worker] o.s.beans.CachedIntrospectionResults     : Found bean property 'port' of type [int]
2016-04-27 17:58:13.051 TRACE 37359 --- [    Test worker] o.s.beans.CachedIntrospectionResults     : Found bean property 'protocol' of type [java.lang.String]
2016-04-27 17:58:13.051 TRACE 37359 --- [    Test worker] o.s.beans.CachedIntrospectionResults     : Found bean property 'registerDefaultServlet' of type [boolean]
2016-04-27 17:58:13.051 TRACE 37359 --- [    Test worker] o.s.beans.CachedIntrospectionResults     : Found bean property 'registerJspServlet' of type [boolean]
2016-04-27 17:58:13.051 TRACE 37359 --- [    Test worker] o.s.beans.CachedIntrospectionResults     : Found bean property 'resourceLoader' of type [org.springframework.core.io.ResourceLoader]
2016-04-27 17:58:13.051 TRACE 37359 --- [    Test worker] o.s.beans.CachedIntrospectionResults     : Found bean property 'sessionTimeout' of type [int]
2016-04-27 17:58:13.052 TRACE 37359 --- [    Test worker] o.s.beans.CachedIntrospectionResults     : Found bean property 'ssl' of type [org.springframework.boot.context.embedded.Ssl]
2016-04-27 17:58:13.052 TRACE 37359 --- [    Test worker] o.s.beans.CachedIntrospectionResults     : Found bean property 'tldSkip' of type [java.lang.String]
2016-04-27 17:58:13.052 TRACE 37359 --- [    Test worker] o.s.beans.CachedIntrospectionResults     : Found bean property 'tomcatConnectorCustomizers' of type [java.util.Collection]
2016-04-27 17:58:13.052 TRACE 37359 --- [    Test worker] o.s.beans.CachedIntrospectionResults     : Found bean property 'tomcatContextCustomizers' of type [java.util.Collection]
2016-04-27 17:58:13.052 TRACE 37359 --- [    Test worker] o.s.beans.CachedIntrospectionResults     : Found bean property 'uriEncoding' of type [java.nio.charset.Charset]
2016-04-27 17:58:13.052 TRACE 37359 --- [    Test worker] o.s.beans.CachedIntrospectionResults     : Found bean property 'valves' of type [java.util.Collection]
2016-04-27 17:58:13.053 DEBUG 37359 --- [    Test worker] o.s.b.f.s.DefaultListableBeanFactory     : Returning cached instance of singleton bean 'websocketContainerCustomizer'
2016-04-27 17:58:13.053 DEBUG 37359 --- [    Test worker] o.s.b.f.s.DefaultListableBeanFactory     : Creating shared instance of singleton bean 'org.springframework.boot.autoconfigure.web.ErrorMvcAutoConfiguration'
2016-04-27 17:58:13.053 DEBUG 37359 --- [    Test worker] o.s.b.f.s.DefaultListableBeanFactory     : Creating instance of bean 'org.springframework.boot.autoconfigure.web.ErrorMvcAutoConfiguration'
2016-04-27 17:58:13.053 DEBUG 37359 --- [    Test worker] o.s.b.f.s.DefaultListableBeanFactory     : Returning cached instance of singleton bean 'org.springframework.transaction.config.internalTransactionAdvisor'
2016-04-27 17:58:13.054 DEBUG 37359 --- [    Test worker] o.s.b.f.annotation.InjectionMetadata     : Registered injected element on class [org.springframework.boot.autoconfigure.web.ErrorMvcAutoConfiguration$$EnhancerBySpringCGLIB$$f7be8702]: AutowiredFieldElement for private java.lang.String org.springframework.boot.autoconfigure.web.ErrorMvcAutoConfiguration.errorPath
2016-04-27 17:58:13.054 DEBUG 37359 --- [    Test worker] o.s.b.f.annotation.InjectionMetadata     : Registered injected element on class [org.springframework.boot.autoconfigure.web.ErrorMvcAutoConfiguration$$EnhancerBySpringCGLIB$$f7be8702]: AutowiredFieldElement for private org.springframework.boot.autoconfigure.web.ServerProperties org.springframework.boot.autoconfigure.web.ErrorMvcAutoConfiguration.properties
2016-04-27 17:58:13.054 DEBUG 37359 --- [    Test worker] o.s.b.f.s.DefaultListableBeanFactory     : Eagerly caching bean 'org.springframework.boot.autoconfigure.web.ErrorMvcAutoConfiguration' to allow for resolving potential circular references
2016-04-27 17:58:13.055 TRACE 37359 --- [    Test worker] o.s.beans.CachedIntrospectionResults     : Getting BeanInfo for class [org.springframework.boot.autoconfigure.web.ErrorMvcAutoConfiguration$$EnhancerBySpringCGLIB$$f7be8702]
2016-04-27 17:58:13.056 TRACE 37359 --- [    Test worker] o.s.beans.CachedIntrospectionResults     : Caching PropertyDescriptors for class [org.springframework.boot.autoconfigure.web.ErrorMvcAutoConfiguration$$EnhancerBySpringCGLIB$$f7be8702]
2016-04-27 17:58:13.056 TRACE 37359 --- [    Test worker] o.s.beans.CachedIntrospectionResults     : Found bean property 'beanFactory' of type [org.springframework.beans.factory.BeanFactory]
2016-04-27 17:58:13.056 TRACE 37359 --- [    Test worker] o.s.beans.CachedIntrospectionResults     : Found bean property 'class' of type [java.lang.Class]
2016-04-27 17:58:13.056 TRACE 37359 --- [    Test worker] o.s.beans.CachedIntrospectionResults     : Found bean property 'order' of type [int]
2016-04-27 17:58:13.056 DEBUG 37359 --- [    Test worker] o.s.b.f.annotation.InjectionMetadata     : Processing injected element of bean 'org.springframework.boot.autoconfigure.web.ErrorMvcAutoConfiguration': AutowiredFieldElement for private java.lang.String org.springframework.boot.autoconfigure.web.ErrorMvcAutoConfiguration.errorPath
2016-04-27 17:58:13.056 TRACE 37359 --- [    Test worker] o.s.c.e.PropertySourcesPropertyResolver  : getProperty("error.path:/error", String)
2016-04-27 17:58:13.056 DEBUG 37359 --- [    Test worker] o.s.c.e.PropertySourcesPropertyResolver  : Searching for key 'error.path:/error' in [environmentProperties]
2016-04-27 17:58:13.056 TRACE 37359 --- [    Test worker] o.s.c.e.PropertySourcesPropertyResolver  : getProperty("error.path:/error", String)
2016-04-27 17:58:13.056 DEBUG 37359 --- [    Test worker] o.s.c.e.PropertySourcesPropertyResolver  : Searching for key 'error.path:/error' in [systemProperties]
2016-04-27 17:58:13.056 DEBUG 37359 --- [    Test worker] o.s.c.e.PropertySourcesPropertyResolver  : Searching for key 'error.path:/error' in [systemEnvironment]
2016-04-27 17:58:13.056 DEBUG 37359 --- [    Test worker] o.s.c.e.PropertySourcesPropertyResolver  : Searching for key 'error.path:/error' in [random]
2016-04-27 17:58:13.056 DEBUG 37359 --- [    Test worker] o.s.c.e.PropertySourcesPropertyResolver  : Searching for key 'error.path:/error' in [integrationTest]
2016-04-27 17:58:13.056 DEBUG 37359 --- [    Test worker] o.s.c.e.PropertySourcesPropertyResolver  : Searching for key 'error.path:/error' in [applicationConfig: [classpath:/application.yml]]
2016-04-27 17:58:13.056 DEBUG 37359 --- [    Test worker] o.s.c.e.PropertySourcesPropertyResolver  : Could not find key 'error.path:/error' in any property source. Returning [null]
2016-04-27 17:58:13.056 DEBUG 37359 --- [    Test worker] o.s.c.e.PropertySourcesPropertyResolver  : Searching for key 'error.path:/error' in [localProperties]
2016-04-27 17:58:13.056 DEBUG 37359 --- [    Test worker] o.s.c.e.PropertySourcesPropertyResolver  : Could not find key 'error.path:/error' in any property source. Returning [null]
2016-04-27 17:58:13.056 TRACE 37359 --- [    Test worker] o.s.c.e.PropertySourcesPropertyResolver  : getProperty("error.path", String)
2016-04-27 17:58:13.056 DEBUG 37359 --- [    Test worker] o.s.c.e.PropertySourcesPropertyResolver  : Searching for key 'error.path' in [environmentProperties]
2016-04-27 17:58:13.056 TRACE 37359 --- [    Test worker] o.s.c.e.PropertySourcesPropertyResolver  : getProperty("error.path", String)
2016-04-27 17:58:13.057 DEBUG 37359 --- [    Test worker] o.s.c.e.PropertySourcesPropertyResolver  : Searching for key 'error.path' in [systemProperties]
2016-04-27 17:58:13.057 DEBUG 37359 --- [    Test worker] o.s.c.e.PropertySourcesPropertyResolver  : Searching for key 'error.path' in [systemEnvironment]
2016-04-27 17:58:13.057 DEBUG 37359 --- [    Test worker] o.s.c.e.PropertySourcesPropertyResolver  : Searching for key 'error.path' in [random]
2016-04-27 17:58:13.057 DEBUG 37359 --- [    Test worker] o.s.c.e.PropertySourcesPropertyResolver  : Searching for key 'error.path' in [integrationTest]
2016-04-27 17:58:13.057 DEBUG 37359 --- [    Test worker] o.s.c.e.PropertySourcesPropertyResolver  : Searching for key 'error.path' in [applicationConfig: [classpath:/application.yml]]
2016-04-27 17:58:13.057 DEBUG 37359 --- [    Test worker] o.s.c.e.PropertySourcesPropertyResolver  : Could not find key 'error.path' in any property source. Returning [null]
2016-04-27 17:58:13.057 DEBUG 37359 --- [    Test worker] o.s.c.e.PropertySourcesPropertyResolver  : Searching for key 'error.path' in [localProperties]
2016-04-27 17:58:13.057 DEBUG 37359 --- [    Test worker] o.s.c.e.PropertySourcesPropertyResolver  : Could not find key 'error.path' in any property source. Returning [null]
2016-04-27 17:58:13.057 TRACE 37359 --- [    Test worker] o.s.util.PropertyPlaceholderHelper       : Resolved placeholder 'error.path:/error'
2016-04-27 17:58:13.057 DEBUG 37359 --- [    Test worker] o.s.b.f.annotation.InjectionMetadata     : Processing injected element of bean 'org.springframework.boot.autoconfigure.web.ErrorMvcAutoConfiguration': AutowiredFieldElement for private org.springframework.boot.autoconfigure.web.ServerProperties org.springframework.boot.autoconfigure.web.ErrorMvcAutoConfiguration.properties
2016-04-27 17:58:13.058 DEBUG 37359 --- [    Test worker] o.s.b.f.s.DefaultListableBeanFactory     : Creating shared instance of singleton bean 'serverProperties'
2016-04-27 17:58:13.058 DEBUG 37359 --- [    Test worker] o.s.b.f.s.DefaultListableBeanFactory     : Creating instance of bean 'serverProperties'
2016-04-27 17:58:13.058 DEBUG 37359 --- [    Test worker] o.s.b.f.s.DefaultListableBeanFactory     : Returning cached instance of singleton bean 'org.springframework.transaction.config.internalTransactionAdvisor'
2016-04-27 17:58:13.058 DEBUG 37359 --- [    Test worker] o.s.b.f.s.DefaultListableBeanFactory     : Creating shared instance of singleton bean 'org.springframework.boot.autoconfigure.web.ServerPropertiesAutoConfiguration'
2016-04-27 17:58:13.058 DEBUG 37359 --- [    Test worker] o.s.b.f.s.DefaultListableBeanFactory     : Creating instance of bean 'org.springframework.boot.autoconfigure.web.ServerPropertiesAutoConfiguration'
2016-04-27 17:58:13.058 DEBUG 37359 --- [    Test worker] o.s.b.f.s.DefaultListableBeanFactory     : Returning cached instance of singleton bean 'org.springframework.transaction.config.internalTransactionAdvisor'
2016-04-27 17:58:13.058 DEBUG 37359 --- [    Test worker] o.s.b.f.s.DefaultListableBeanFactory     : Eagerly caching bean 'org.springframework.boot.autoconfigure.web.ServerPropertiesAutoConfiguration' to allow for resolving potential circular references
2016-04-27 17:58:13.058 TRACE 37359 --- [    Test worker] o.s.beans.CachedIntrospectionResults     : Getting BeanInfo for class [org.springframework.boot.autoconfigure.web.ServerPropertiesAutoConfiguration$$EnhancerBySpringCGLIB$$f6dfed5e]
2016-04-27 17:58:13.060 TRACE 37359 --- [    Test worker] o.s.beans.CachedIntrospectionResults     : Caching PropertyDescriptors for class [org.springframework.boot.autoconfigure.web.ServerPropertiesAutoConfiguration$$EnhancerBySpringCGLIB$$f6dfed5e]
2016-04-27 17:58:13.060 TRACE 37359 --- [    Test worker] o.s.beans.CachedIntrospectionResults     : Found bean property 'applicationContext' of type [org.springframework.context.ApplicationContext]
2016-04-27 17:58:13.060 TRACE 37359 --- [    Test worker] o.s.beans.CachedIntrospectionResults     : Found bean property 'beanFactory' of type [org.springframework.beans.factory.BeanFactory]
2016-04-27 17:58:13.060 TRACE 37359 --- [    Test worker] o.s.beans.CachedIntrospectionResults     : Found bean property 'class' of type [java.lang.Class]
2016-04-27 17:58:13.060 TRACE 37359 --- [    Test worker] o.s.beans.CachedIntrospectionResults     : Found bean property 'order' of type [int]
2016-04-27 17:58:13.060 DEBUG 37359 --- [    Test worker] o.s.b.f.s.DefaultListableBeanFactory     : Returning cached instance of singleton bean 'org.springframework.transaction.config.internalTransactionAdvisor'
2016-04-27 17:58:13.060 DEBUG 37359 --- [    Test worker] o.s.b.f.s.DefaultListableBeanFactory     : Returning cached instance of singleton bean 'org.springframework.transaction.config.internalTransactionAdvisor'
2016-04-27 17:58:13.061 DEBUG 37359 --- [    Test worker] o.s.b.f.s.DefaultListableBeanFactory     : Finished creating instance of bean 'org.springframework.boot.autoconfigure.web.ServerPropertiesAutoConfiguration'
2016-04-27 17:58:13.068 DEBUG 37359 --- [    Test worker] o.s.b.f.s.DefaultListableBeanFactory     : Eagerly caching bean 'serverProperties' to allow for resolving potential circular references
2016-04-27 17:58:13.068 TRACE 37359 --- [    Test worker] o.s.beans.CachedIntrospectionResults     : Getting BeanInfo for class [org.springframework.boot.autoconfigure.web.ServerProperties]
2016-04-27 17:58:13.069 TRACE 37359 --- [    Test worker] o.s.beans.CachedIntrospectionResults     : Caching PropertyDescriptors for class [org.springframework.boot.autoconfigure.web.ServerProperties]
2016-04-27 17:58:13.069 TRACE 37359 --- [    Test worker] o.s.beans.CachedIntrospectionResults     : Found bean property 'address' of type [java.net.InetAddress]
2016-04-27 17:58:13.069 TRACE 37359 --- [    Test worker] o.s.beans.CachedIntrospectionResults     : Found bean property 'class' of type [java.lang.Class]
2016-04-27 17:58:13.069 TRACE 37359 --- [    Test worker] o.s.beans.CachedIntrospectionResults     : Found bean property 'compression' of type [org.springframework.boot.context.embedded.Compression]
2016-04-27 17:58:13.069 TRACE 37359 --- [    Test worker] o.s.beans.CachedIntrospectionResults     : Found bean property 'contextParameters' of type [java.util.Map]
2016-04-27 17:58:13.069 TRACE 37359 --- [    Test worker] o.s.beans.CachedIntrospectionResults     : Found bean property 'contextPath' of type [java.lang.String]
2016-04-27 17:58:13.069 TRACE 37359 --- [    Test worker] o.s.beans.CachedIntrospectionResults     : Found bean property 'displayName' of type [java.lang.String]
2016-04-27 17:58:13.069 TRACE 37359 --- [    Test worker] o.s.beans.CachedIntrospectionResults     : Found bean property 'jspServlet' of type [org.springframework.boot.context.embedded.JspServlet]
2016-04-27 17:58:13.069 TRACE 37359 --- [    Test worker] o.s.beans.CachedIntrospectionResults     : Found bean property 'loader' of type [java.lang.String]
2016-04-27 17:58:13.069 TRACE 37359 --- [    Test worker] o.s.beans.CachedIntrospectionResults     : Found bean property 'order' of type [int]
2016-04-27 17:58:13.069 TRACE 37359 --- [    Test worker] o.s.beans.CachedIntrospectionResults     : Found bean property 'port' of type [java.lang.Integer]
2016-04-27 17:58:13.069 TRACE 37359 --- [    Test worker] o.s.beans.CachedIntrospectionResults     : Found bean property 'servletMapping' of type [java.lang.String]
2016-04-27 17:58:13.069 TRACE 37359 --- [    Test worker] o.s.beans.CachedIntrospectionResults     : Found bean property 'servletPath' of type [java.lang.String]
2016-04-27 17:58:13.069 TRACE 37359 --- [    Test worker] o.s.beans.CachedIntrospectionResults     : Found bean property 'servletPrefix' of type [java.lang.String]
2016-04-27 17:58:13.069 TRACE 37359 --- [    Test worker] o.s.beans.CachedIntrospectionResults     : Found bean property 'session' of type [org.springframework.boot.autoconfigure.web.ServerProperties$Session]
2016-04-27 17:58:13.069 TRACE 37359 --- [    Test worker] o.s.beans.CachedIntrospectionResults     : Found bean property 'sessionTimeout' of type [java.lang.Integer]
2016-04-27 17:58:13.069 TRACE 37359 --- [    Test worker] o.s.beans.CachedIntrospectionResults     : Found bean property 'ssl' of type [org.springframework.boot.context.embedded.Ssl]
2016-04-27 17:58:13.069 TRACE 37359 --- [    Test worker] o.s.beans.CachedIntrospectionResults     : Found bean property 'tomcat' of type [org.springframework.boot.autoconfigure.web.ServerProperties$Tomcat]
2016-04-27 17:58:13.069 TRACE 37359 --- [    Test worker] o.s.beans.CachedIntrospectionResults     : Found bean property 'undertow' of type [org.springframework.boot.autoconfigure.web.ServerProperties$Undertow]
2016-04-27 17:58:13.069 TRACE 37359 --- [    Test worker] o.s.b.b.PropertiesConfigurationFactory   : Property Sources: org.springframework.boot.context.properties.ConfigurationPropertiesBindingPostProcessor$FlatPropertySources@6794fe26
2016-04-27 17:58:13.070 DEBUG 37359 --- [    Test worker] o.s.core.env.MutablePropertySources      : Adding [systemProperties] PropertySource with lowest search precedence
2016-04-27 17:58:13.070 DEBUG 37359 --- [    Test worker] o.s.core.env.MutablePropertySources      : Adding [systemEnvironment] PropertySource with lowest search precedence
2016-04-27 17:58:13.070 DEBUG 37359 --- [    Test worker] o.s.core.env.MutablePropertySources      : Adding [random] PropertySource with lowest search precedence
2016-04-27 17:58:13.070 DEBUG 37359 --- [    Test worker] o.s.core.env.MutablePropertySources      : Adding [integrationTest] PropertySource with lowest search precedence
2016-04-27 17:58:13.070 DEBUG 37359 --- [    Test worker] o.s.core.env.MutablePropertySources      : Adding [applicationConfig: [classpath:/application.yml]] PropertySource with lowest search precedence
2016-04-27 17:58:13.070 DEBUG 37359 --- [    Test worker] o.s.core.env.MutablePropertySources      : Adding [localProperties] PropertySource with lowest search precedence
2016-04-27 17:58:13.070 TRACE 37359 --- [    Test worker] o.s.c.e.PropertySourcesPropertyResolver  : getProperty("server.port", Object)
2016-04-27 17:58:13.070 DEBUG 37359 --- [    Test worker] o.s.core.env.MutablePropertySources      : Adding [systemProperties] PropertySource with lowest search precedence
2016-04-27 17:58:13.070 DEBUG 37359 --- [    Test worker] o.s.core.env.MutablePropertySources      : Adding [systemEnvironment] PropertySource with lowest search precedence
2016-04-27 17:58:13.070 DEBUG 37359 --- [    Test worker] o.s.core.env.MutablePropertySources      : Adding [random] PropertySource with lowest search precedence
2016-04-27 17:58:13.070 DEBUG 37359 --- [    Test worker] o.s.core.env.MutablePropertySources      : Adding [integrationTest] PropertySource with lowest search precedence
2016-04-27 17:58:13.070 DEBUG 37359 --- [    Test worker] o.s.core.env.MutablePropertySources      : Adding [applicationConfig: [classpath:/application.yml]] PropertySource with lowest search precedence
2016-04-27 17:58:13.070 DEBUG 37359 --- [    Test worker] o.s.core.env.MutablePropertySources      : Adding [localProperties] PropertySource with lowest search precedence
2016-04-27 17:58:13.070 DEBUG 37359 --- [    Test worker] o.s.c.e.PropertySourcesPropertyResolver  : Searching for key 'server.port' in [systemProperties]
2016-04-27 17:58:13.070 DEBUG 37359 --- [    Test worker] o.s.c.e.PropertySourcesPropertyResolver  : Searching for key 'server.port' in [systemEnvironment]
2016-04-27 17:58:13.070 DEBUG 37359 --- [    Test worker] o.s.c.e.PropertySourcesPropertyResolver  : Searching for key 'server.port' in [random]
2016-04-27 17:58:13.070 DEBUG 37359 --- [    Test worker] o.s.c.e.PropertySourcesPropertyResolver  : Searching for key 'server.port' in [integrationTest]
2016-04-27 17:58:13.071 DEBUG 37359 --- [    Test worker] o.s.c.e.PropertySourcesPropertyResolver  : Found key 'server.port' in [integrationTest] with type [String] and value '-1'
2016-04-27 17:58:13.095 DEBUG 37359 --- [    Test worker] o.s.b.f.s.DefaultListableBeanFactory     : Creating instance of bean 'org.hibernate.validator.internal.constraintvalidators.bv.NotNullValidator'
2016-04-27 17:58:13.095 DEBUG 37359 --- [    Test worker] o.s.b.f.s.DefaultListableBeanFactory     : Returning cached instance of singleton bean 'org.springframework.transaction.config.internalTransactionAdvisor'
2016-04-27 17:58:13.095 TRACE 37359 --- [    Test worker] o.s.beans.CachedIntrospectionResults     : Getting BeanInfo for class [org.hibernate.validator.internal.constraintvalidators.bv.NotNullValidator]
2016-04-27 17:58:13.096 TRACE 37359 --- [    Test worker] o.s.beans.CachedIntrospectionResults     : Caching PropertyDescriptors for class [org.hibernate.validator.internal.constraintvalidators.bv.NotNullValidator]
2016-04-27 17:58:13.096 TRACE 37359 --- [    Test worker] o.s.beans.CachedIntrospectionResults     : Found bean property 'class' of type [java.lang.Class]
2016-04-27 17:58:13.096 DEBUG 37359 --- [    Test worker] o.s.b.f.s.DefaultListableBeanFactory     : Returning cached instance of singleton bean 'org.springframework.transaction.config.internalTransactionAdvisor'
2016-04-27 17:58:13.096 DEBUG 37359 --- [    Test worker] o.s.b.f.s.DefaultListableBeanFactory     : Returning cached instance of singleton bean 'org.springframework.transaction.config.internalTransactionAdvisor'
2016-04-27 17:58:13.096 DEBUG 37359 --- [    Test worker] o.s.b.f.s.DefaultListableBeanFactory     : Finished creating instance of bean 'org.hibernate.validator.internal.constraintvalidators.bv.NotNullValidator'
2016-04-27 17:58:13.098 DEBUG 37359 --- [    Test worker] o.s.b.f.s.DefaultListableBeanFactory     : Returning cached instance of singleton bean 'org.springframework.transaction.config.internalTransactionAdvisor'
2016-04-27 17:58:13.098 DEBUG 37359 --- [    Test worker] o.s.b.f.s.DefaultListableBeanFactory     : Returning cached instance of singleton bean 'org.springframework.transaction.config.internalTransactionAdvisor'
2016-04-27 17:58:13.099 DEBUG 37359 --- [    Test worker] o.s.b.f.s.DefaultListableBeanFactory     : Finished creating instance of bean 'serverProperties'
2016-04-27 17:58:13.099 DEBUG 37359 --- [    Test worker] f.a.AutowiredAnnotationBeanPostProcessor : Autowiring by type from bean name 'org.springframework.boot.autoconfigure.web.ErrorMvcAutoConfiguration' to bean named 'serverProperties'
2016-04-27 17:58:13.099 DEBUG 37359 --- [    Test worker] o.s.b.f.s.DefaultListableBeanFactory     : Returning cached instance of singleton bean 'org.springframework.transaction.config.internalTransactionAdvisor'
2016-04-27 17:58:13.099 DEBUG 37359 --- [    Test worker] o.s.b.f.s.DefaultListableBeanFactory     : Returning cached instance of singleton bean 'org.springframework.transaction.config.internalTransactionAdvisor'
2016-04-27 17:58:13.100 DEBUG 37359 --- [    Test worker] o.s.b.f.s.DefaultListableBeanFactory     : Finished creating instance of bean 'org.springframework.boot.autoconfigure.web.ErrorMvcAutoConfiguration'
2016-04-27 17:58:13.100 DEBUG 37359 --- [    Test worker] o.s.b.f.s.DefaultListableBeanFactory     : Returning cached instance of singleton bean 'org.springframework.boot.autoconfigure.web.ServerPropertiesAutoConfiguration'
2016-04-27 17:58:13.100 DEBUG 37359 --- [    Test worker] o.s.b.f.s.DefaultListableBeanFactory     : Returning cached instance of singleton bean 'serverProperties'
2016-04-27 17:58:13.101 DEBUG 37359 --- [    Test worker] o.s.b.f.s.DefaultListableBeanFactory     : Returning cached instance of singleton bean 'org.springframework.transaction.config.internalTransactionAdvisor'
2016-04-27 17:58:13.101 DEBUG 37359 --- [    Test worker] o.s.b.f.s.DefaultListableBeanFactory     : Returning cached instance of singleton bean 'org.springframework.transaction.config.internalTransactionAdvisor'
2016-04-27 17:58:13.102 DEBUG 37359 --- [    Test worker] o.s.b.f.s.DefaultListableBeanFactory     : Finished creating instance of bean 'tomcatEmbeddedServletContainerFactory'
2016-04-27 17:58:13.102 DEBUG 37359 --- [    Test worker] o.s.b.f.s.DefaultListableBeanFactory     : Creating shared instance of singleton bean 'org.springframework.boot.autoconfigure.web.EmbeddedServletContainerAutoConfiguration'
2016-04-27 17:58:13.102 DEBUG 37359 --- [    Test worker] o.s.b.f.s.DefaultListableBeanFactory     : Creating instance of bean 'org.springframework.boot.autoconfigure.web.EmbeddedServletContainerAutoConfiguration'
2016-04-27 17:58:13.102 DEBUG 37359 --- [    Test worker] o.s.b.f.s.DefaultListableBeanFactory     : Returning cached instance of singleton bean 'org.springframework.transaction.config.internalTransactionAdvisor'
2016-04-27 17:58:13.102 DEBUG 37359 --- [    Test worker] o.s.b.f.s.DefaultListableBeanFactory     : Eagerly caching bean 'org.springframework.boot.autoconfigure.web.EmbeddedServletContainerAutoConfiguration' to allow for resolving potential circular references
2016-04-27 17:58:13.102 TRACE 37359 --- [    Test worker] o.s.beans.CachedIntrospectionResults     : Getting BeanInfo for class [org.springframework.boot.autoconfigure.web.EmbeddedServletContainerAutoConfiguration$$EnhancerBySpringCGLIB$$a56573ce]
2016-04-27 17:58:13.103 TRACE 37359 --- [    Test worker] o.s.beans.CachedIntrospectionResults     : Caching PropertyDescriptors for class [org.springframework.boot.autoconfigure.web.EmbeddedServletContainerAutoConfiguration$$EnhancerBySpringCGLIB$$a56573ce]
2016-04-27 17:58:13.104 TRACE 37359 --- [    Test worker] o.s.beans.CachedIntrospectionResults     : Found bean property 'beanFactory' of type [org.springframework.beans.factory.BeanFactory]
2016-04-27 17:58:13.104 TRACE 37359 --- [    Test worker] o.s.beans.CachedIntrospectionResults     : Found bean property 'class' of type [java.lang.Class]
2016-04-27 17:58:13.104 DEBUG 37359 --- [    Test worker] o.s.b.f.s.DefaultListableBeanFactory     : Returning cached instance of singleton bean 'org.springframework.transaction.config.internalTransactionAdvisor'
2016-04-27 17:58:13.104 DEBUG 37359 --- [    Test worker] o.s.b.f.s.DefaultListableBeanFactory     : Returning cached instance of singleton bean 'org.springframework.transaction.config.internalTransactionAdvisor'
2016-04-27 17:58:13.104 DEBUG 37359 --- [    Test worker] o.s.b.f.s.DefaultListableBeanFactory     : Finished creating instance of bean 'org.springframework.boot.autoconfigure.web.EmbeddedServletContainerAutoConfiguration'
2016-04-27 17:58:13.104 DEBUG 37359 --- [    Test worker] o.s.b.f.s.DefaultListableBeanFactory     : Returning cached instance of singleton bean 'embeddedServletContainerCustomizerBeanPostProcessor'
2016-04-27 17:58:13.104 DEBUG 37359 --- [    Test worker] o.s.b.f.s.DefaultListableBeanFactory     : Creating shared instance of singleton bean 'org.springframework.boot.autoconfigure.web.DispatcherServletAutoConfiguration$DispatcherServletConfiguration'
2016-04-27 17:58:13.104 DEBUG 37359 --- [    Test worker] o.s.b.f.s.DefaultListableBeanFactory     : Creating instance of bean 'org.springframework.boot.autoconfigure.web.DispatcherServletAutoConfiguration$DispatcherServletConfiguration'
2016-04-27 17:58:13.104 DEBUG 37359 --- [    Test worker] o.s.b.f.s.DefaultListableBeanFactory     : Returning cached instance of singleton bean 'org.springframework.transaction.config.internalTransactionAdvisor'
2016-04-27 17:58:13.104 DEBUG 37359 --- [    Test worker] o.s.b.f.annotation.InjectionMetadata     : Registered injected element on class [org.springframework.boot.autoconfigure.web.DispatcherServletAutoConfiguration$DispatcherServletConfiguration$$EnhancerBySpringCGLIB$$7517d8a0]: AutowiredFieldElement for private org.springframework.boot.autoconfigure.web.ServerProperties org.springframework.boot.autoconfigure.web.DispatcherServletAutoConfiguration$DispatcherServletConfiguration.server
2016-04-27 17:58:13.105 DEBUG 37359 --- [    Test worker] o.s.b.f.annotation.InjectionMetadata     : Registered injected element on class [org.springframework.boot.autoconfigure.web.DispatcherServletAutoConfiguration$DispatcherServletConfiguration$$EnhancerBySpringCGLIB$$7517d8a0]: AutowiredFieldElement for private javax.servlet.MultipartConfigElement org.springframework.boot.autoconfigure.web.DispatcherServletAutoConfiguration$DispatcherServletConfiguration.multipartConfig
2016-04-27 17:58:13.105 DEBUG 37359 --- [    Test worker] o.s.b.f.s.DefaultListableBeanFactory     : Eagerly caching bean 'org.springframework.boot.autoconfigure.web.DispatcherServletAutoConfiguration$DispatcherServletConfiguration' to allow for resolving potential circular references
2016-04-27 17:58:13.105 TRACE 37359 --- [    Test worker] o.s.beans.CachedIntrospectionResults     : Getting BeanInfo for class [org.springframework.boot.autoconfigure.web.DispatcherServletAutoConfiguration$DispatcherServletConfiguration$$EnhancerBySpringCGLIB$$7517d8a0]
2016-04-27 17:58:13.106 TRACE 37359 --- [    Test worker] o.s.beans.CachedIntrospectionResults     : Caching PropertyDescriptors for class [org.springframework.boot.autoconfigure.web.DispatcherServletAutoConfiguration$DispatcherServletConfiguration$$EnhancerBySpringCGLIB$$7517d8a0]
2016-04-27 17:58:13.106 TRACE 37359 --- [    Test worker] o.s.beans.CachedIntrospectionResults     : Found bean property 'beanFactory' of type [org.springframework.beans.factory.BeanFactory]
2016-04-27 17:58:13.106 TRACE 37359 --- [    Test worker] o.s.beans.CachedIntrospectionResults     : Found bean property 'class' of type [java.lang.Class]
2016-04-27 17:58:13.106 DEBUG 37359 --- [    Test worker] o.s.b.f.annotation.InjectionMetadata     : Processing injected element of bean 'org.springframework.boot.autoconfigure.web.DispatcherServletAutoConfiguration$DispatcherServletConfiguration': AutowiredFieldElement for private org.springframework.boot.autoconfigure.web.ServerProperties org.springframework.boot.autoconfigure.web.DispatcherServletAutoConfiguration$DispatcherServletConfiguration.server
2016-04-27 17:58:13.106 DEBUG 37359 --- [    Test worker] o.s.b.f.s.DefaultListableBeanFactory     : Returning cached instance of singleton bean 'serverProperties'
2016-04-27 17:58:13.106 DEBUG 37359 --- [    Test worker] f.a.AutowiredAnnotationBeanPostProcessor : Autowiring by type from bean name 'org.springframework.boot.autoconfigure.web.DispatcherServletAutoConfiguration$DispatcherServletConfiguration' to bean named 'serverProperties'
2016-04-27 17:58:13.106 DEBUG 37359 --- [    Test worker] o.s.b.f.annotation.InjectionMetadata     : Processing injected element of bean 'org.springframework.boot.autoconfigure.web.DispatcherServletAutoConfiguration$DispatcherServletConfiguration': AutowiredFieldElement for private javax.servlet.MultipartConfigElement org.springframework.boot.autoconfigure.web.DispatcherServletAutoConfiguration$DispatcherServletConfiguration.multipartConfig
2016-04-27 17:58:13.107 DEBUG 37359 --- [    Test worker] o.s.b.f.s.DefaultListableBeanFactory     : Creating shared instance of singleton bean 'multipartConfigElement'
2016-04-27 17:58:13.107 DEBUG 37359 --- [    Test worker] o.s.b.f.s.DefaultListableBeanFactory     : Creating instance of bean 'multipartConfigElement'
2016-04-27 17:58:13.107 DEBUG 37359 --- [    Test worker] o.s.b.f.s.DefaultListableBeanFactory     : Returning cached instance of singleton bean 'org.springframework.transaction.config.internalTransactionAdvisor'
2016-04-27 17:58:13.107 DEBUG 37359 --- [    Test worker] o.s.b.f.s.DefaultListableBeanFactory     : Creating shared instance of singleton bean 'org.springframework.boot.autoconfigure.web.MultipartAutoConfiguration'
2016-04-27 17:58:13.107 DEBUG 37359 --- [    Test worker] o.s.b.f.s.DefaultListableBeanFactory     : Creating instance of bean 'org.springframework.boot.autoconfigure.web.MultipartAutoConfiguration'
2016-04-27 17:58:13.107 DEBUG 37359 --- [    Test worker] o.s.b.f.s.DefaultListableBeanFactory     : Returning cached instance of singleton bean 'org.springframework.transaction.config.internalTransactionAdvisor'
2016-04-27 17:58:13.108 DEBUG 37359 --- [    Test worker] o.s.b.f.annotation.InjectionMetadata     : Registered injected element on class [org.springframework.boot.autoconfigure.web.MultipartAutoConfiguration$$EnhancerBySpringCGLIB$$4bbe6e14]: AutowiredFieldElement for private org.springframework.boot.autoconfigure.web.MultipartProperties org.springframework.boot.autoconfigure.web.MultipartAutoConfiguration.multipartProperties
2016-04-27 17:58:13.108 DEBUG 37359 --- [    Test worker] o.s.b.f.s.DefaultListableBeanFactory     : Eagerly caching bean 'org.springframework.boot.autoconfigure.web.MultipartAutoConfiguration' to allow for resolving potential circular references
2016-04-27 17:58:13.108 TRACE 37359 --- [    Test worker] o.s.beans.CachedIntrospectionResults     : Getting BeanInfo for class [org.springframework.boot.autoconfigure.web.MultipartAutoConfiguration$$EnhancerBySpringCGLIB$$4bbe6e14]
2016-04-27 17:58:13.109 TRACE 37359 --- [    Test worker] o.s.beans.CachedIntrospectionResults     : Caching PropertyDescriptors for class [org.springframework.boot.autoconfigure.web.MultipartAutoConfiguration$$EnhancerBySpringCGLIB$$4bbe6e14]
2016-04-27 17:58:13.109 TRACE 37359 --- [    Test worker] o.s.beans.CachedIntrospectionResults     : Found bean property 'beanFactory' of type [org.springframework.beans.factory.BeanFactory]
2016-04-27 17:58:13.109 TRACE 37359 --- [    Test worker] o.s.beans.CachedIntrospectionResults     : Found bean property 'class' of type [java.lang.Class]
2016-04-27 17:58:13.110 DEBUG 37359 --- [    Test worker] o.s.b.f.annotation.InjectionMetadata     : Processing injected element of bean 'org.springframework.boot.autoconfigure.web.MultipartAutoConfiguration': AutowiredFieldElement for private org.springframework.boot.autoconfigure.web.MultipartProperties org.springframework.boot.autoconfigure.web.MultipartAutoConfiguration.multipartProperties
2016-04-27 17:58:13.110 DEBUG 37359 --- [    Test worker] o.s.b.f.s.DefaultListableBeanFactory     : Creating shared instance of singleton bean 'multipart.CONFIGURATION_PROPERTIES'
2016-04-27 17:58:13.110 DEBUG 37359 --- [    Test worker] o.s.b.f.s.DefaultListableBeanFactory     : Creating instance of bean 'multipart.CONFIGURATION_PROPERTIES'
2016-04-27 17:58:13.110 DEBUG 37359 --- [    Test worker] o.s.b.f.s.DefaultListableBeanFactory     : Returning cached instance of singleton bean 'org.springframework.transaction.config.internalTransactionAdvisor'
2016-04-27 17:58:13.111 DEBUG 37359 --- [    Test worker] o.s.b.f.s.DefaultListableBeanFactory     : Eagerly caching bean 'multipart.CONFIGURATION_PROPERTIES' to allow for resolving potential circular references
2016-04-27 17:58:13.111 TRACE 37359 --- [    Test worker] o.s.beans.CachedIntrospectionResults     : Getting BeanInfo for class [org.springframework.boot.autoconfigure.web.MultipartProperties]
2016-04-27 17:58:13.111 TRACE 37359 --- [    Test worker] o.s.beans.CachedIntrospectionResults     : Caching PropertyDescriptors for class [org.springframework.boot.autoconfigure.web.MultipartProperties]
2016-04-27 17:58:13.111 TRACE 37359 --- [    Test worker] o.s.beans.CachedIntrospectionResults     : Found bean property 'class' of type [java.lang.Class]
2016-04-27 17:58:13.111 TRACE 37359 --- [    Test worker] o.s.beans.CachedIntrospectionResults     : Found bean property 'enabled' of type [boolean]
2016-04-27 17:58:13.111 TRACE 37359 --- [    Test worker] o.s.beans.CachedIntrospectionResults     : Found bean property 'fileSizeThreshold' of type [java.lang.String]
2016-04-27 17:58:13.111 TRACE 37359 --- [    Test worker] o.s.beans.CachedIntrospectionResults     : Found bean property 'location' of type [java.lang.String]
2016-04-27 17:58:13.111 TRACE 37359 --- [    Test worker] o.s.beans.CachedIntrospectionResults     : Found bean property 'maxFileSize' of type [java.lang.String]
2016-04-27 17:58:13.111 TRACE 37359 --- [    Test worker] o.s.beans.CachedIntrospectionResults     : Found bean property 'maxRequestSize' of type [java.lang.String]
2016-04-27 17:58:13.112 TRACE 37359 --- [    Test worker] o.s.b.b.PropertiesConfigurationFactory   : Property Sources: org.springframework.boot.context.properties.ConfigurationPropertiesBindingPostProcessor$FlatPropertySources@6794fe26
2016-04-27 17:58:13.112 DEBUG 37359 --- [    Test worker] o.s.core.env.MutablePropertySources      : Adding [systemProperties] PropertySource with lowest search precedence
2016-04-27 17:58:13.112 DEBUG 37359 --- [    Test worker] o.s.core.env.MutablePropertySources      : Adding [systemEnvironment] PropertySource with lowest search precedence
2016-04-27 17:58:13.112 DEBUG 37359 --- [    Test worker] o.s.core.env.MutablePropertySources      : Adding [random] PropertySource with lowest search precedence
2016-04-27 17:58:13.112 DEBUG 37359 --- [    Test worker] o.s.core.env.MutablePropertySources      : Adding [integrationTest] PropertySource with lowest search precedence
2016-04-27 17:58:13.112 DEBUG 37359 --- [    Test worker] o.s.core.env.MutablePropertySources      : Adding [applicationConfig: [classpath:/application.yml]] PropertySource with lowest search precedence
2016-04-27 17:58:13.112 DEBUG 37359 --- [    Test worker] o.s.core.env.MutablePropertySources      : Adding [localProperties] PropertySource with lowest search precedence
2016-04-27 17:58:13.114 DEBUG 37359 --- [    Test worker] o.s.b.f.s.DefaultListableBeanFactory     : Returning cached instance of singleton bean 'org.springframework.transaction.config.internalTransactionAdvisor'
2016-04-27 17:58:13.114 DEBUG 37359 --- [    Test worker] o.s.b.f.s.DefaultListableBeanFactory     : Returning cached instance of singleton bean 'org.springframework.transaction.config.internalTransactionAdvisor'
2016-04-27 17:58:13.114 DEBUG 37359 --- [    Test worker] o.s.b.f.s.DefaultListableBeanFactory     : Finished creating instance of bean 'multipart.CONFIGURATION_PROPERTIES'
2016-04-27 17:58:13.114 DEBUG 37359 --- [    Test worker] f.a.AutowiredAnnotationBeanPostProcessor : Autowiring by type from bean name 'org.springframework.boot.autoconfigure.web.MultipartAutoConfiguration' to bean named 'multipart.CONFIGURATION_PROPERTIES'
2016-04-27 17:58:13.114 DEBUG 37359 --- [    Test worker] o.s.b.f.s.DefaultListableBeanFactory     : Returning cached instance of singleton bean 'org.springframework.transaction.config.internalTransactionAdvisor'
2016-04-27 17:58:13.114 DEBUG 37359 --- [    Test worker] o.s.b.f.s.DefaultListableBeanFactory     : Returning cached instance of singleton bean 'org.springframework.transaction.config.internalTransactionAdvisor'
2016-04-27 17:58:13.115 DEBUG 37359 --- [    Test worker] o.s.b.f.s.DefaultListableBeanFactory     : Finished creating instance of bean 'org.springframework.boot.autoconfigure.web.MultipartAutoConfiguration'
2016-04-27 17:58:13.117 DEBUG 37359 --- [    Test worker] o.s.b.f.s.DefaultListableBeanFactory     : Eagerly caching bean 'multipartConfigElement' to allow for resolving potential circular references
2016-04-27 17:58:13.117 TRACE 37359 --- [    Test worker] o.s.beans.CachedIntrospectionResults     : Getting BeanInfo for class [javax.servlet.MultipartConfigElement]
2016-04-27 17:58:13.117 TRACE 37359 --- [    Test worker] o.s.beans.CachedIntrospectionResults     : Caching PropertyDescriptors for class [javax.servlet.MultipartConfigElement]
2016-04-27 17:58:13.117 TRACE 37359 --- [    Test worker] o.s.beans.CachedIntrospectionResults     : Found bean property 'class' of type [java.lang.Class]
2016-04-27 17:58:13.117 TRACE 37359 --- [    Test worker] o.s.beans.CachedIntrospectionResults     : Found bean property 'fileSizeThreshold' of type [int]
2016-04-27 17:58:13.117 TRACE 37359 --- [    Test worker] o.s.beans.CachedIntrospectionResults     : Found bean property 'location' of type [java.lang.String]
2016-04-27 17:58:13.117 TRACE 37359 --- [    Test worker] o.s.beans.CachedIntrospectionResults     : Found bean property 'maxFileSize' of type [long]
2016-04-27 17:58:13.117 TRACE 37359 --- [    Test worker] o.s.beans.CachedIntrospectionResults     : Found bean property 'maxRequestSize' of type [long]
2016-04-27 17:58:13.118 DEBUG 37359 --- [    Test worker] o.s.b.f.s.DefaultListableBeanFactory     : Returning cached instance of singleton bean 'org.springframework.transaction.config.internalTransactionAdvisor'
2016-04-27 17:58:13.118 DEBUG 37359 --- [    Test worker] o.s.b.f.s.DefaultListableBeanFactory     : Returning cached instance of singleton bean 'org.springframework.transaction.config.internalTransactionAdvisor'
2016-04-27 17:58:13.118 DEBUG 37359 --- [    Test worker] o.s.b.f.s.DefaultListableBeanFactory     : Finished creating instance of bean 'multipartConfigElement'
2016-04-27 17:58:13.118 DEBUG 37359 --- [    Test worker] f.a.AutowiredAnnotationBeanPostProcessor : Autowiring by type from bean name 'org.springframework.boot.autoconfigure.web.DispatcherServletAutoConfiguration$DispatcherServletConfiguration' to bean named 'multipartConfigElement'
2016-04-27 17:58:13.118 DEBUG 37359 --- [    Test worker] o.s.b.f.s.DefaultListableBeanFactory     : Returning cached instance of singleton bean 'org.springframework.transaction.config.internalTransactionAdvisor'
2016-04-27 17:58:13.118 DEBUG 37359 --- [    Test worker] o.s.b.f.s.DefaultListableBeanFactory     : Returning cached instance of singleton bean 'org.springframework.transaction.config.internalTransactionAdvisor'
2016-04-27 17:58:13.118 DEBUG 37359 --- [    Test worker] o.s.b.f.s.DefaultListableBeanFactory     : Finished creating instance of bean 'org.springframework.boot.autoconfigure.web.DispatcherServletAutoConfiguration$DispatcherServletConfiguration'
2016-04-27 17:58:13.118 DEBUG 37359 --- [    Test worker] o.s.b.f.s.DefaultListableBeanFactory     : Creating shared instance of singleton bean 'dispatcherServlet'
2016-04-27 17:58:13.118 DEBUG 37359 --- [    Test worker] o.s.b.f.s.DefaultListableBeanFactory     : Creating instance of bean 'dispatcherServlet'
2016-04-27 17:58:13.118 DEBUG 37359 --- [    Test worker] o.s.b.f.s.DefaultListableBeanFactory     : Returning cached instance of singleton bean 'org.springframework.transaction.config.internalTransactionAdvisor'
2016-04-27 17:58:13.119 DEBUG 37359 --- [    Test worker] o.s.b.f.s.DefaultListableBeanFactory     : Returning cached instance of singleton bean 'org.springframework.boot.autoconfigure.web.DispatcherServletAutoConfiguration$DispatcherServletConfiguration'
2016-04-27 17:58:13.128 DEBUG 37359 --- [    Test worker] o.s.b.f.s.DefaultListableBeanFactory     : Eagerly caching bean 'dispatcherServlet' to allow for resolving potential circular references
2016-04-27 17:58:13.128 TRACE 37359 --- [    Test worker] o.s.beans.CachedIntrospectionResults     : Getting BeanInfo for class [org.springframework.web.servlet.DispatcherServlet]
2016-04-27 17:58:13.130 TRACE 37359 --- [    Test worker] o.s.beans.CachedIntrospectionResults     : Caching PropertyDescriptors for class [org.springframework.web.servlet.DispatcherServlet]
2016-04-27 17:58:13.130 TRACE 37359 --- [    Test worker] o.s.beans.CachedIntrospectionResults     : Found bean property 'applicationContext' of type [org.springframework.context.ApplicationContext]
2016-04-27 17:58:13.130 TRACE 37359 --- [    Test worker] o.s.beans.CachedIntrospectionResults     : Found bean property 'class' of type [java.lang.Class]
2016-04-27 17:58:13.130 TRACE 37359 --- [    Test worker] o.s.beans.CachedIntrospectionResults     : Found bean property 'cleanupAfterInclude' of type [boolean]
2016-04-27 17:58:13.131 TRACE 37359 --- [    Test worker] o.s.beans.CachedIntrospectionResults     : Found bean property 'contextAttribute' of type [java.lang.String]
2016-04-27 17:58:13.131 TRACE 37359 --- [    Test worker] o.s.beans.CachedIntrospectionResults     : Found bean property 'contextClass' of type [java.lang.Class]
2016-04-27 17:58:13.131 TRACE 37359 --- [    Test worker] o.s.beans.CachedIntrospectionResults     : Found bean property 'contextConfigLocation' of type [java.lang.String]
2016-04-27 17:58:13.131 TRACE 37359 --- [    Test worker] o.s.beans.CachedIntrospectionResults     : Found bean property 'contextId' of type [java.lang.String]
2016-04-27 17:58:13.131 TRACE 37359 --- [    Test worker] o.s.beans.CachedIntrospectionResults     : Found bean property 'contextInitializerClasses' of type [java.lang.String]
2016-04-27 17:58:13.131 TRACE 37359 --- [    Test worker] o.s.beans.CachedIntrospectionResults     : Found bean property 'contextInitializers' of type [[Lorg.springframework.context.ApplicationContextInitializer;]
2016-04-27 17:58:13.131 TRACE 37359 --- [    Test worker] o.s.beans.CachedIntrospectionResults     : Found bean property 'detectAllHandlerAdapters' of type [boolean]
2016-04-27 17:58:13.131 TRACE 37359 --- [    Test worker] o.s.beans.CachedIntrospectionResults     : Found bean property 'detectAllHandlerExceptionResolvers' of type [boolean]
2016-04-27 17:58:13.131 TRACE 37359 --- [    Test worker] o.s.beans.CachedIntrospectionResults     : Found bean property 'detectAllHandlerMappings' of type [boolean]
2016-04-27 17:58:13.131 TRACE 37359 --- [    Test worker] o.s.beans.CachedIntrospectionResults     : Found bean property 'detectAllViewResolvers' of type [boolean]
2016-04-27 17:58:13.131 TRACE 37359 --- [    Test worker] o.s.beans.CachedIntrospectionResults     : Found bean property 'dispatchOptionsRequest' of type [boolean]
2016-04-27 17:58:13.131 TRACE 37359 --- [    Test worker] o.s.beans.CachedIntrospectionResults     : Found bean property 'dispatchTraceRequest' of type [boolean]
2016-04-27 17:58:13.131 TRACE 37359 --- [    Test worker] o.s.beans.CachedIntrospectionResults     : Found bean property 'environment' of type [org.springframework.core.env.ConfigurableEnvironment]
2016-04-27 17:58:13.131 TRACE 37359 --- [    Test worker] o.s.beans.CachedIntrospectionResults     : Found bean property 'initParameterNames' of type [java.util.Enumeration]
2016-04-27 17:58:13.131 TRACE 37359 --- [    Test worker] o.s.beans.CachedIntrospectionResults     : Found bean property 'multipartResolver' of type [org.springframework.web.multipart.MultipartResolver]
2016-04-27 17:58:13.131 TRACE 37359 --- [    Test worker] o.s.beans.CachedIntrospectionResults     : Found bean property 'namespace' of type [java.lang.String]
2016-04-27 17:58:13.131 TRACE 37359 --- [    Test worker] o.s.beans.CachedIntrospectionResults     : Found bean property 'publishContext' of type [boolean]
2016-04-27 17:58:13.131 TRACE 37359 --- [    Test worker] o.s.beans.CachedIntrospectionResults     : Found bean property 'publishEvents' of type [boolean]
2016-04-27 17:58:13.131 TRACE 37359 --- [    Test worker] o.s.beans.CachedIntrospectionResults     : Found bean property 'servletConfig' of type [javax.servlet.ServletConfig]
2016-04-27 17:58:13.131 TRACE 37359 --- [    Test worker] o.s.beans.CachedIntrospectionResults     : Found bean property 'servletContext' of type [javax.servlet.ServletContext]
2016-04-27 17:58:13.131 TRACE 37359 --- [    Test worker] o.s.beans.CachedIntrospectionResults     : Found bean property 'servletContextAttributeName' of type [java.lang.String]
2016-04-27 17:58:13.131 TRACE 37359 --- [    Test worker] o.s.beans.CachedIntrospectionResults     : Found bean property 'servletInfo' of type [java.lang.String]
2016-04-27 17:58:13.131 TRACE 37359 --- [    Test worker] o.s.beans.CachedIntrospectionResults     : Found bean property 'servletName' of type [java.lang.String]
2016-04-27 17:58:13.131 TRACE 37359 --- [    Test worker] o.s.beans.CachedIntrospectionResults     : Found bean property 'themeSource' of type [org.springframework.ui.context.ThemeSource]
2016-04-27 17:58:13.131 TRACE 37359 --- [    Test worker] o.s.beans.CachedIntrospectionResults     : Found bean property 'threadContextInheritable' of type [boolean]
2016-04-27 17:58:13.132 TRACE 37359 --- [    Test worker] o.s.beans.CachedIntrospectionResults     : Found bean property 'throwExceptionIfNoHandlerFound' of type [boolean]
2016-04-27 17:58:13.132 TRACE 37359 --- [    Test worker] o.s.beans.CachedIntrospectionResults     : Found bean property 'webApplicationContext' of type [org.springframework.web.context.WebApplicationContext]
2016-04-27 17:58:13.132 DEBUG 37359 --- [    Test worker] o.s.b.f.s.DefaultListableBeanFactory     : Returning cached instance of singleton bean 'org.springframework.transaction.config.internalTransactionAdvisor'
2016-04-27 17:58:13.132 DEBUG 37359 --- [    Test worker] o.s.b.f.s.DefaultListableBeanFactory     : Returning cached instance of singleton bean 'org.springframework.transaction.config.internalTransactionAdvisor'
2016-04-27 17:58:13.133 DEBUG 37359 --- [    Test worker] o.s.b.f.s.DefaultListableBeanFactory     : Finished creating instance of bean 'dispatcherServlet'
2016-04-27 17:58:13.133 DEBUG 37359 --- [    Test worker] o.s.b.f.s.DefaultListableBeanFactory     : Creating shared instance of singleton bean 'dispatcherServletRegistration'
2016-04-27 17:58:13.133 DEBUG 37359 --- [    Test worker] o.s.b.f.s.DefaultListableBeanFactory     : Creating instance of bean 'dispatcherServletRegistration'
2016-04-27 17:58:13.133 DEBUG 37359 --- [    Test worker] o.s.b.f.s.DefaultListableBeanFactory     : Returning cached instance of singleton bean 'org.springframework.transaction.config.internalTransactionAdvisor'
2016-04-27 17:58:13.133 DEBUG 37359 --- [    Test worker] o.s.b.f.s.DefaultListableBeanFactory     : Returning cached instance of singleton bean 'org.springframework.boot.autoconfigure.web.DispatcherServletAutoConfiguration$DispatcherServletConfiguration'
2016-04-27 17:58:13.134 DEBUG 37359 --- [    Test worker] o.s.b.f.s.DefaultListableBeanFactory     : Returning cached instance of singleton bean 'dispatcherServlet'
2016-04-27 17:58:13.134 DEBUG 37359 --- [    Test worker] o.s.b.f.s.DefaultListableBeanFactory     : Eagerly caching bean 'dispatcherServletRegistration' to allow for resolving potential circular references
2016-04-27 17:58:13.134 TRACE 37359 --- [    Test worker] o.s.beans.CachedIntrospectionResults     : Getting BeanInfo for class [org.springframework.boot.context.embedded.ServletRegistrationBean]
2016-04-27 17:58:13.135 TRACE 37359 --- [    Test worker] o.s.beans.CachedIntrospectionResults     : Caching PropertyDescriptors for class [org.springframework.boot.context.embedded.ServletRegistrationBean]
2016-04-27 17:58:13.135 TRACE 37359 --- [    Test worker] o.s.beans.CachedIntrospectionResults     : Found bean property 'asyncSupported' of type [boolean]
2016-04-27 17:58:13.135 TRACE 37359 --- [    Test worker] o.s.beans.CachedIntrospectionResults     : Found bean property 'class' of type [java.lang.Class]
2016-04-27 17:58:13.135 TRACE 37359 --- [    Test worker] o.s.beans.CachedIntrospectionResults     : Found bean property 'enabled' of type [boolean]
2016-04-27 17:58:13.136 TRACE 37359 --- [    Test worker] o.s.beans.CachedIntrospectionResults     : Found bean property 'initParameters' of type [java.util.Map]
2016-04-27 17:58:13.136 TRACE 37359 --- [    Test worker] o.s.beans.CachedIntrospectionResults     : Found bean property 'loadOnStartup' of type [int]
2016-04-27 17:58:13.136 TRACE 37359 --- [    Test worker] o.s.beans.CachedIntrospectionResults     : Found bean property 'multipartConfig' of type [javax.servlet.MultipartConfigElement]
2016-04-27 17:58:13.136 TRACE 37359 --- [    Test worker] o.s.beans.CachedIntrospectionResults     : Found bean property 'name' of type [java.lang.String]
2016-04-27 17:58:13.136 TRACE 37359 --- [    Test worker] o.s.beans.CachedIntrospectionResults     : Found bean property 'order' of type [int]
2016-04-27 17:58:13.136 TRACE 37359 --- [    Test worker] o.s.beans.CachedIntrospectionResults     : Found bean property 'servlet' of type [javax.servlet.Servlet]
2016-04-27 17:58:13.136 TRACE 37359 --- [    Test worker] o.s.beans.CachedIntrospectionResults     : Found bean property 'servletName' of type [java.lang.String]
2016-04-27 17:58:13.136 TRACE 37359 --- [    Test worker] o.s.beans.CachedIntrospectionResults     : Found bean property 'urlMappings' of type [java.util.Collection]
2016-04-27 17:58:13.136 DEBUG 37359 --- [    Test worker] o.s.b.f.s.DefaultListableBeanFactory     : Returning cached instance of singleton bean 'org.springframework.transaction.config.internalTransactionAdvisor'
2016-04-27 17:58:13.136 DEBUG 37359 --- [    Test worker] o.s.b.f.s.DefaultListableBeanFactory     : Returning cached instance of singleton bean 'org.springframework.transaction.config.internalTransactionAdvisor'
2016-04-27 17:58:13.136 DEBUG 37359 --- [    Test worker] o.s.b.f.s.DefaultListableBeanFactory     : Finished creating instance of bean 'dispatcherServletRegistration'
2016-04-27 17:58:13.136 DEBUG 37359 --- [    Test worker] o.s.b.f.s.DefaultListableBeanFactory     : Creating shared instance of singleton bean 'org.springframework.boot.autoconfigure.web.DispatcherServletAutoConfiguration'
2016-04-27 17:58:13.136 DEBUG 37359 --- [    Test worker] o.s.b.f.s.DefaultListableBeanFactory     : Creating instance of bean 'org.springframework.boot.autoconfigure.web.DispatcherServletAutoConfiguration'
2016-04-27 17:58:13.136 DEBUG 37359 --- [    Test worker] o.s.b.f.s.DefaultListableBeanFactory     : Returning cached instance of singleton bean 'org.springframework.transaction.config.internalTransactionAdvisor'
2016-04-27 17:58:13.137 DEBUG 37359 --- [    Test worker] o.s.b.f.s.DefaultListableBeanFactory     : Eagerly caching bean 'org.springframework.boot.autoconfigure.web.DispatcherServletAutoConfiguration' to allow for resolving potential circular references
2016-04-27 17:58:13.137 TRACE 37359 --- [    Test worker] o.s.beans.CachedIntrospectionResults     : Getting BeanInfo for class [org.springframework.boot.autoconfigure.web.DispatcherServletAutoConfiguration$$EnhancerBySpringCGLIB$$47f83362]
2016-04-27 17:58:13.138 TRACE 37359 --- [    Test worker] o.s.beans.CachedIntrospectionResults     : Caching PropertyDescriptors for class [org.springframework.boot.autoconfigure.web.DispatcherServletAutoConfiguration$$EnhancerBySpringCGLIB$$47f83362]
2016-04-27 17:58:13.138 TRACE 37359 --- [    Test worker] o.s.beans.CachedIntrospectionResults     : Found bean property 'beanFactory' of type [org.springframework.beans.factory.BeanFactory]
2016-04-27 17:58:13.138 TRACE 37359 --- [    Test worker] o.s.beans.CachedIntrospectionResults     : Found bean property 'class' of type [java.lang.Class]
2016-04-27 17:58:13.138 DEBUG 37359 --- [    Test worker] o.s.b.f.s.DefaultListableBeanFactory     : Returning cached instance of singleton bean 'org.springframework.transaction.config.internalTransactionAdvisor'
2016-04-27 17:58:13.138 DEBUG 37359 --- [    Test worker] o.s.b.f.s.DefaultListableBeanFactory     : Returning cached instance of singleton bean 'org.springframework.transaction.config.internalTransactionAdvisor'
2016-04-27 17:58:13.138 DEBUG 37359 --- [    Test worker] o.s.b.f.s.DefaultListableBeanFactory     : Finished creating instance of bean 'org.springframework.boot.autoconfigure.web.DispatcherServletAutoConfiguration'
2016-04-27 17:58:13.138 DEBUG 37359 --- [    Test worker] o.s.b.f.s.DefaultListableBeanFactory     : Creating shared instance of singleton bean 'org.springframework.boot.autoconfigure.web.ErrorMvcAutoConfiguration$WhitelabelErrorViewConfiguration'
2016-04-27 17:58:13.139 DEBUG 37359 --- [    Test worker] o.s.b.f.s.DefaultListableBeanFactory     : Creating instance of bean 'org.springframework.boot.autoconfigure.web.ErrorMvcAutoConfiguration$WhitelabelErrorViewConfiguration'
2016-04-27 17:58:13.139 DEBUG 37359 --- [    Test worker] o.s.b.f.s.DefaultListableBeanFactory     : Returning cached instance of singleton bean 'org.springframework.transaction.config.internalTransactionAdvisor'
2016-04-27 17:58:13.140 DEBUG 37359 --- [    Test worker] o.s.b.f.s.DefaultListableBeanFactory     : Eagerly caching bean 'org.springframework.boot.autoconfigure.web.ErrorMvcAutoConfiguration$WhitelabelErrorViewConfiguration' to allow for resolving potential circular references
2016-04-27 17:58:13.140 TRACE 37359 --- [    Test worker] o.s.beans.CachedIntrospectionResults     : Getting BeanInfo for class [org.springframework.boot.autoconfigure.web.ErrorMvcAutoConfiguration$WhitelabelErrorViewConfiguration$$EnhancerBySpringCGLIB$$ba1b873c]
2016-04-27 17:58:13.141 TRACE 37359 --- [    Test worker] o.s.beans.CachedIntrospectionResults     : Caching PropertyDescriptors for class [org.springframework.boot.autoconfigure.web.ErrorMvcAutoConfiguration$WhitelabelErrorViewConfiguration$$EnhancerBySpringCGLIB$$ba1b873c]
2016-04-27 17:58:13.141 TRACE 37359 --- [    Test worker] o.s.beans.CachedIntrospectionResults     : Found bean property 'beanFactory' of type [org.springframework.beans.factory.BeanFactory]
2016-04-27 17:58:13.141 TRACE 37359 --- [    Test worker] o.s.beans.CachedIntrospectionResults     : Found bean property 'class' of type [java.lang.Class]
2016-04-27 17:58:13.141 DEBUG 37359 --- [    Test worker] o.s.b.f.s.DefaultListableBeanFactory     : Returning cached instance of singleton bean 'org.springframework.transaction.config.internalTransactionAdvisor'
2016-04-27 17:58:13.141 DEBUG 37359 --- [    Test worker] o.s.b.f.s.DefaultListableBeanFactory     : Returning cached instance of singleton bean 'org.springframework.transaction.config.internalTransactionAdvisor'
2016-04-27 17:58:13.142 DEBUG 37359 --- [    Test worker] o.s.b.f.s.DefaultListableBeanFactory     : Finished creating instance of bean 'org.springframework.boot.autoconfigure.web.ErrorMvcAutoConfiguration$WhitelabelErrorViewConfiguration'
2016-04-27 17:58:13.142 DEBUG 37359 --- [    Test worker] o.s.b.f.s.DefaultListableBeanFactory     : Creating shared instance of singleton bean 'error'
2016-04-27 17:58:13.142 DEBUG 37359 --- [    Test worker] o.s.b.f.s.DefaultListableBeanFactory     : Creating instance of bean 'error'
2016-04-27 17:58:13.142 DEBUG 37359 --- [    Test worker] o.s.b.f.s.DefaultListableBeanFactory     : Returning cached instance of singleton bean 'org.springframework.transaction.config.internalTransactionAdvisor'
2016-04-27 17:58:13.142 DEBUG 37359 --- [    Test worker] o.s.b.f.s.DefaultListableBeanFactory     : Returning cached instance of singleton bean 'org.springframework.boot.autoconfigure.web.ErrorMvcAutoConfiguration$WhitelabelErrorViewConfiguration'
2016-04-27 17:58:13.143 DEBUG 37359 --- [    Test worker] o.s.b.f.s.DefaultListableBeanFactory     : Eagerly caching bean 'error' to allow for resolving potential circular references
2016-04-27 17:58:13.144 TRACE 37359 --- [    Test worker] o.s.beans.CachedIntrospectionResults     : Getting BeanInfo for class [org.springframework.boot.autoconfigure.web.ErrorMvcAutoConfiguration$SpelView]
2016-04-27 17:58:13.144 TRACE 37359 --- [    Test worker] o.s.beans.CachedIntrospectionResults     : Caching PropertyDescriptors for class [org.springframework.boot.autoconfigure.web.ErrorMvcAutoConfiguration$SpelView]
2016-04-27 17:58:13.144 TRACE 37359 --- [    Test worker] o.s.beans.CachedIntrospectionResults     : Found bean property 'class' of type [java.lang.Class]
2016-04-27 17:58:13.144 TRACE 37359 --- [    Test worker] o.s.beans.CachedIntrospectionResults     : Found bean property 'contentType' of type [java.lang.String]
2016-04-27 17:58:13.144 DEBUG 37359 --- [    Test worker] o.s.b.f.s.DefaultListableBeanFactory     : Returning cached instance of singleton bean 'org.springframework.transaction.config.internalTransactionAdvisor'
2016-04-27 17:58:13.144 DEBUG 37359 --- [    Test worker] o.s.b.f.s.DefaultListableBeanFactory     : Returning cached instance of singleton bean 'org.springframework.transaction.config.internalTransactionAdvisor'
2016-04-27 17:58:13.145 DEBUG 37359 --- [    Test worker] o.s.b.f.s.DefaultListableBeanFactory     : Finished creating instance of bean 'error'
2016-04-27 17:58:13.145 DEBUG 37359 --- [    Test worker] o.s.b.f.s.DefaultListableBeanFactory     : Creating shared instance of singleton bean 'beanNameViewResolver'
2016-04-27 17:58:13.145 DEBUG 37359 --- [    Test worker] o.s.b.f.s.DefaultListableBeanFactory     : Creating instance of bean 'beanNameViewResolver'
2016-04-27 17:58:13.145 DEBUG 37359 --- [    Test worker] o.s.b.f.s.DefaultListableBeanFactory     : Returning cached instance of singleton bean 'org.springframework.transaction.config.internalTransactionAdvisor'
2016-04-27 17:58:13.145 DEBUG 37359 --- [    Test worker] o.s.b.f.s.DefaultListableBeanFactory     : Creating shared instance of singleton bean 'org.springframework.boot.autoconfigure.web.WebMvcAutoConfiguration$WebMvcAutoConfigurationAdapter'
2016-04-27 17:58:13.145 DEBUG 37359 --- [    Test worker] o.s.b.f.s.DefaultListableBeanFactory     : Creating instance of bean 'org.springframework.boot.autoconfigure.web.WebMvcAutoConfiguration$WebMvcAutoConfigurationAdapter'
2016-04-27 17:58:13.145 DEBUG 37359 --- [    Test worker] o.s.b.f.s.DefaultListableBeanFactory     : Returning cached instance of singleton bean 'org.springframework.transaction.config.internalTransactionAdvisor'
2016-04-27 17:58:13.146 DEBUG 37359 --- [    Test worker] o.s.b.f.annotation.InjectionMetadata     : Registered injected element on class [org.springframework.boot.autoconfigure.web.WebMvcAutoConfiguration$WebMvcAutoConfigurationAdapter$$EnhancerBySpringCGLIB$$d86bc38a]: AutowiredFieldElement for private org.springframework.boot.autoconfigure.web.ResourceProperties org.springframework.boot.autoconfigure.web.WebMvcAutoConfiguration$WebMvcAutoConfigurationAdapter.resourceProperties
2016-04-27 17:58:13.146 DEBUG 37359 --- [    Test worker] o.s.b.f.annotation.InjectionMetadata     : Registered injected element on class [org.springframework.boot.autoconfigure.web.WebMvcAutoConfiguration$WebMvcAutoConfigurationAdapter$$EnhancerBySpringCGLIB$$d86bc38a]: AutowiredFieldElement for private org.springframework.boot.autoconfigure.web.WebMvcProperties org.springframework.boot.autoconfigure.web.WebMvcAutoConfiguration$WebMvcAutoConfigurationAdapter.mvcProperties
2016-04-27 17:58:13.146 DEBUG 37359 --- [    Test worker] o.s.b.f.annotation.InjectionMetadata     : Registered injected element on class [org.springframework.boot.autoconfigure.web.WebMvcAutoConfiguration$WebMvcAutoConfigurationAdapter$$EnhancerBySpringCGLIB$$d86bc38a]: AutowiredFieldElement for private org.springframework.beans.factory.ListableBeanFactory org.springframework.boot.autoconfigure.web.WebMvcAutoConfiguration$WebMvcAutoConfigurationAdapter.beanFactory
2016-04-27 17:58:13.146 DEBUG 37359 --- [    Test worker] o.s.b.f.annotation.InjectionMetadata     : Registered injected element on class [org.springframework.boot.autoconfigure.web.WebMvcAutoConfiguration$WebMvcAutoConfigurationAdapter$$EnhancerBySpringCGLIB$$d86bc38a]: AutowiredFieldElement for private org.springframework.boot.autoconfigure.web.HttpMessageConverters org.springframework.boot.autoconfigure.web.WebMvcAutoConfiguration$WebMvcAutoConfigurationAdapter.messageConverters
2016-04-27 17:58:13.146 DEBUG 37359 --- [    Test worker] o.s.b.f.s.DefaultListableBeanFactory     : Eagerly caching bean 'org.springframework.boot.autoconfigure.web.WebMvcAutoConfiguration$WebMvcAutoConfigurationAdapter' to allow for resolving potential circular references
2016-04-27 17:58:13.146 TRACE 37359 --- [    Test worker] o.s.beans.CachedIntrospectionResults     : Getting BeanInfo for class [org.springframework.boot.autoconfigure.web.WebMvcAutoConfiguration$WebMvcAutoConfigurationAdapter$$EnhancerBySpringCGLIB$$d86bc38a]
2016-04-27 17:58:13.148 TRACE 37359 --- [    Test worker] o.s.beans.CachedIntrospectionResults     : Caching PropertyDescriptors for class [org.springframework.boot.autoconfigure.web.WebMvcAutoConfiguration$WebMvcAutoConfigurationAdapter$$EnhancerBySpringCGLIB$$d86bc38a]
2016-04-27 17:58:13.148 TRACE 37359 --- [    Test worker] o.s.beans.CachedIntrospectionResults     : Found bean property 'beanFactory' of type [org.springframework.beans.factory.BeanFactory]
2016-04-27 17:58:13.148 TRACE 37359 --- [    Test worker] o.s.beans.CachedIntrospectionResults     : Found bean property 'class' of type [java.lang.Class]
2016-04-27 17:58:13.148 TRACE 37359 --- [    Test worker] o.s.beans.CachedIntrospectionResults     : Found bean property 'messageCodesResolver' of type [org.springframework.validation.MessageCodesResolver]
2016-04-27 17:58:13.148 TRACE 37359 --- [    Test worker] o.s.beans.CachedIntrospectionResults     : Found bean property 'validator' of type [org.springframework.validation.Validator]
2016-04-27 17:58:13.148 DEBUG 37359 --- [    Test worker] o.s.b.f.annotation.InjectionMetadata     : Processing injected element of bean 'org.springframework.boot.autoconfigure.web.WebMvcAutoConfiguration$WebMvcAutoConfigurationAdapter': AutowiredFieldElement for private org.springframework.boot.autoconfigure.web.ResourceProperties org.springframework.boot.autoconfigure.web.WebMvcAutoConfiguration$WebMvcAutoConfigurationAdapter.resourceProperties
2016-04-27 17:58:13.148 DEBUG 37359 --- [    Test worker] o.s.b.f.s.DefaultListableBeanFactory     : Creating shared instance of singleton bean 'spring.resources.CONFIGURATION_PROPERTIES'
2016-04-27 17:58:13.148 DEBUG 37359 --- [    Test worker] o.s.b.f.s.DefaultListableBeanFactory     : Creating instance of bean 'spring.resources.CONFIGURATION_PROPERTIES'
2016-04-27 17:58:13.149 DEBUG 37359 --- [    Test worker] o.s.b.f.s.DefaultListableBeanFactory     : Returning cached instance of singleton bean 'org.springframework.transaction.config.internalTransactionAdvisor'
2016-04-27 17:58:13.149 DEBUG 37359 --- [    Test worker] o.s.b.f.s.DefaultListableBeanFactory     : Eagerly caching bean 'spring.resources.CONFIGURATION_PROPERTIES' to allow for resolving potential circular references
2016-04-27 17:58:13.149 TRACE 37359 --- [    Test worker] o.s.beans.CachedIntrospectionResults     : Getting BeanInfo for class [org.springframework.boot.autoconfigure.web.ResourceProperties]
2016-04-27 17:58:13.149 TRACE 37359 --- [    Test worker] o.s.beans.CachedIntrospectionResults     : Caching PropertyDescriptors for class [org.springframework.boot.autoconfigure.web.ResourceProperties]
2016-04-27 17:58:13.150 TRACE 37359 --- [    Test worker] o.s.beans.CachedIntrospectionResults     : Found bean property 'addMappings' of type [boolean]
2016-04-27 17:58:13.150 TRACE 37359 --- [    Test worker] o.s.beans.CachedIntrospectionResults     : Found bean property 'cachePeriod' of type [java.lang.Integer]
2016-04-27 17:58:13.150 TRACE 37359 --- [    Test worker] o.s.beans.CachedIntrospectionResults     : Found bean property 'chain' of type [org.springframework.boot.autoconfigure.web.ResourceProperties$Chain]
2016-04-27 17:58:13.150 TRACE 37359 --- [    Test worker] o.s.beans.CachedIntrospectionResults     : Found bean property 'class' of type [java.lang.Class]
2016-04-27 17:58:13.150 TRACE 37359 --- [    Test worker] o.s.beans.CachedIntrospectionResults     : Found bean property 'resourceLoader' of type [org.springframework.core.io.ResourceLoader]
2016-04-27 17:58:13.150 TRACE 37359 --- [    Test worker] o.s.beans.CachedIntrospectionResults     : Found bean property 'staticLocations' of type [[Ljava.lang.String;]
2016-04-27 17:58:13.150 TRACE 37359 --- [    Test worker] o.s.beans.CachedIntrospectionResults     : Found bean property 'welcomePage' of type [org.springframework.core.io.Resource]
2016-04-27 17:58:13.150 TRACE 37359 --- [    Test worker] o.s.b.b.PropertiesConfigurationFactory   : Property Sources: org.springframework.boot.context.properties.ConfigurationPropertiesBindingPostProcessor$FlatPropertySources@6794fe26
2016-04-27 17:58:13.150 DEBUG 37359 --- [    Test worker] o.s.core.env.MutablePropertySources      : Adding [systemProperties] PropertySource with lowest search precedence
2016-04-27 17:58:13.150 DEBUG 37359 --- [    Test worker] o.s.core.env.MutablePropertySources      : Adding [systemEnvironment] PropertySource with lowest search precedence
2016-04-27 17:58:13.150 DEBUG 37359 --- [    Test worker] o.s.core.env.MutablePropertySources      : Adding [random] PropertySource with lowest search precedence
2016-04-27 17:58:13.150 DEBUG 37359 --- [    Test worker] o.s.core.env.MutablePropertySources      : Adding [integrationTest] PropertySource with lowest search precedence
2016-04-27 17:58:13.150 DEBUG 37359 --- [    Test worker] o.s.core.env.MutablePropertySources      : Adding [applicationConfig: [classpath:/application.yml]] PropertySource with lowest search precedence
2016-04-27 17:58:13.150 DEBUG 37359 --- [    Test worker] o.s.core.env.MutablePropertySources      : Adding [localProperties] PropertySource with lowest search precedence
2016-04-27 17:58:13.152 DEBUG 37359 --- [    Test worker] o.s.b.f.s.DefaultListableBeanFactory     : Returning cached instance of singleton bean 'org.springframework.transaction.config.internalTransactionAdvisor'
2016-04-27 17:58:13.152 DEBUG 37359 --- [    Test worker] o.s.b.f.s.DefaultListableBeanFactory     : Returning cached instance of singleton bean 'org.springframework.transaction.config.internalTransactionAdvisor'
2016-04-27 17:58:13.152 DEBUG 37359 --- [    Test worker] o.s.b.f.s.DefaultListableBeanFactory     : Finished creating instance of bean 'spring.resources.CONFIGURATION_PROPERTIES'
2016-04-27 17:58:13.152 DEBUG 37359 --- [    Test worker] f.a.AutowiredAnnotationBeanPostProcessor : Autowiring by type from bean name 'org.springframework.boot.autoconfigure.web.WebMvcAutoConfiguration$WebMvcAutoConfigurationAdapter' to bean named 'spring.resources.CONFIGURATION_PROPERTIES'
2016-04-27 17:58:13.152 DEBUG 37359 --- [    Test worker] o.s.b.f.annotation.InjectionMetadata     : Processing injected element of bean 'org.springframework.boot.autoconfigure.web.WebMvcAutoConfiguration$WebMvcAutoConfigurationAdapter': AutowiredFieldElement for private org.springframework.boot.autoconfigure.web.WebMvcProperties org.springframework.boot.autoconfigure.web.WebMvcAutoConfiguration$WebMvcAutoConfigurationAdapter.mvcProperties
2016-04-27 17:58:13.153 DEBUG 37359 --- [    Test worker] o.s.b.f.s.DefaultListableBeanFactory     : Creating shared instance of singleton bean 'spring.mvc.CONFIGURATION_PROPERTIES'
2016-04-27 17:58:13.153 DEBUG 37359 --- [    Test worker] o.s.b.f.s.DefaultListableBeanFactory     : Creating instance of bean 'spring.mvc.CONFIGURATION_PROPERTIES'
2016-04-27 17:58:13.153 DEBUG 37359 --- [    Test worker] o.s.b.f.s.DefaultListableBeanFactory     : Returning cached instance of singleton bean 'org.springframework.transaction.config.internalTransactionAdvisor'
2016-04-27 17:58:13.153 DEBUG 37359 --- [    Test worker] o.s.b.f.s.DefaultListableBeanFactory     : Eagerly caching bean 'spring.mvc.CONFIGURATION_PROPERTIES' to allow for resolving potential circular references
2016-04-27 17:58:13.153 TRACE 37359 --- [    Test worker] o.s.beans.CachedIntrospectionResults     : Getting BeanInfo for class [org.springframework.boot.autoconfigure.web.WebMvcProperties]
2016-04-27 17:58:13.154 TRACE 37359 --- [    Test worker] o.s.beans.CachedIntrospectionResults     : Caching PropertyDescriptors for class [org.springframework.boot.autoconfigure.web.WebMvcProperties]
2016-04-27 17:58:13.154 TRACE 37359 --- [    Test worker] o.s.beans.CachedIntrospectionResults     : Found bean property 'async' of type [org.springframework.boot.autoconfigure.web.WebMvcProperties$Async]
2016-04-27 17:58:13.154 TRACE 37359 --- [    Test worker] o.s.beans.CachedIntrospectionResults     : Found bean property 'class' of type [java.lang.Class]
2016-04-27 17:58:13.154 TRACE 37359 --- [    Test worker] o.s.beans.CachedIntrospectionResults     : Found bean property 'dateFormat' of type [java.lang.String]
2016-04-27 17:58:13.154 TRACE 37359 --- [    Test worker] o.s.beans.CachedIntrospectionResults     : Found bean property 'ignoreDefaultModelOnRedirect' of type [boolean]
2016-04-27 17:58:13.154 TRACE 37359 --- [    Test worker] o.s.beans.CachedIntrospectionResults     : Found bean property 'locale' of type [java.util.Locale]
2016-04-27 17:58:13.154 TRACE 37359 --- [    Test worker] o.s.beans.CachedIntrospectionResults     : Found bean property 'messageCodesResolverFormat' of type [org.springframework.validation.DefaultMessageCodesResolver$Format]
2016-04-27 17:58:13.154 TRACE 37359 --- [    Test worker] o.s.beans.CachedIntrospectionResults     : Found bean property 'view' of type [org.springframework.boot.autoconfigure.web.WebMvcProperties$View]
2016-04-27 17:58:13.154 TRACE 37359 --- [    Test worker] o.s.b.b.PropertiesConfigurationFactory   : Property Sources: org.springframework.boot.context.properties.ConfigurationPropertiesBindingPostProcessor$FlatPropertySources@6794fe26
2016-04-27 17:58:13.155 DEBUG 37359 --- [    Test worker] o.s.core.env.MutablePropertySources      : Adding [systemProperties] PropertySource with lowest search precedence
2016-04-27 17:58:13.155 DEBUG 37359 --- [    Test worker] o.s.core.env.MutablePropertySources      : Adding [systemEnvironment] PropertySource with lowest search precedence
2016-04-27 17:58:13.155 DEBUG 37359 --- [    Test worker] o.s.core.env.MutablePropertySources      : Adding [random] PropertySource with lowest search precedence
2016-04-27 17:58:13.155 DEBUG 37359 --- [    Test worker] o.s.core.env.MutablePropertySources      : Adding [integrationTest] PropertySource with lowest search precedence
2016-04-27 17:58:13.155 DEBUG 37359 --- [    Test worker] o.s.core.env.MutablePropertySources      : Adding [applicationConfig: [classpath:/application.yml]] PropertySource with lowest search precedence
2016-04-27 17:58:13.155 DEBUG 37359 --- [    Test worker] o.s.core.env.MutablePropertySources      : Adding [localProperties] PropertySource with lowest search precedence
2016-04-27 17:58:13.159 DEBUG 37359 --- [    Test worker] o.s.b.f.s.DefaultListableBeanFactory     : Returning cached instance of singleton bean 'org.springframework.transaction.config.internalTransactionAdvisor'
2016-04-27 17:58:13.159 DEBUG 37359 --- [    Test worker] o.s.b.f.s.DefaultListableBeanFactory     : Returning cached instance of singleton bean 'org.springframework.transaction.config.internalTransactionAdvisor'
2016-04-27 17:58:13.159 DEBUG 37359 --- [    Test worker] o.s.b.f.s.DefaultListableBeanFactory     : Finished creating instance of bean 'spring.mvc.CONFIGURATION_PROPERTIES'
2016-04-27 17:58:13.159 DEBUG 37359 --- [    Test worker] f.a.AutowiredAnnotationBeanPostProcessor : Autowiring by type from bean name 'org.springframework.boot.autoconfigure.web.WebMvcAutoConfiguration$WebMvcAutoConfigurationAdapter' to bean named 'spring.mvc.CONFIGURATION_PROPERTIES'
2016-04-27 17:58:13.159 DEBUG 37359 --- [    Test worker] o.s.b.f.annotation.InjectionMetadata     : Processing injected element of bean 'org.springframework.boot.autoconfigure.web.WebMvcAutoConfiguration$WebMvcAutoConfigurationAdapter': AutowiredFieldElement for private org.springframework.beans.factory.ListableBeanFactory org.springframework.boot.autoconfigure.web.WebMvcAutoConfiguration$WebMvcAutoConfigurationAdapter.beanFactory
2016-04-27 17:58:13.160 DEBUG 37359 --- [    Test worker] f.a.AutowiredAnnotationBeanPostProcessor : Autowiring by type from bean name 'org.springframework.boot.autoconfigure.web.WebMvcAutoConfiguration$WebMvcAutoConfigurationAdapter' to bean named 'org.springframework.beans.factory.support.DefaultListableBeanFactory@3872de98'
2016-04-27 17:58:13.160 DEBUG 37359 --- [    Test worker] o.s.b.f.annotation.InjectionMetadata     : Processing injected element of bean 'org.springframework.boot.autoconfigure.web.WebMvcAutoConfiguration$WebMvcAutoConfigurationAdapter': AutowiredFieldElement for private org.springframework.boot.autoconfigure.web.HttpMessageConverters org.springframework.boot.autoconfigure.web.WebMvcAutoConfiguration$WebMvcAutoConfigurationAdapter.messageConverters
2016-04-27 17:58:13.160 DEBUG 37359 --- [    Test worker] o.s.b.f.s.DefaultListableBeanFactory     : Creating shared instance of singleton bean 'messageConverters'
2016-04-27 17:58:13.160 DEBUG 37359 --- [    Test worker] o.s.b.f.s.DefaultListableBeanFactory     : Creating instance of bean 'messageConverters'
2016-04-27 17:58:13.161 DEBUG 37359 --- [    Test worker] o.s.b.f.s.DefaultListableBeanFactory     : Returning cached instance of singleton bean 'org.springframework.transaction.config.internalTransactionAdvisor'
2016-04-27 17:58:13.161 DEBUG 37359 --- [    Test worker] o.s.b.f.s.DefaultListableBeanFactory     : Creating shared instance of singleton bean 'org.springframework.boot.autoconfigure.web.HttpMessageConvertersAutoConfiguration'
2016-04-27 17:58:13.161 DEBUG 37359 --- [    Test worker] o.s.b.f.s.DefaultListableBeanFactory     : Creating instance of bean 'org.springframework.boot.autoconfigure.web.HttpMessageConvertersAutoConfiguration'
2016-04-27 17:58:13.161 DEBUG 37359 --- [    Test worker] o.s.b.f.s.DefaultListableBeanFactory     : Returning cached instance of singleton bean 'org.springframework.transaction.config.internalTransactionAdvisor'
2016-04-27 17:58:13.161 DEBUG 37359 --- [    Test worker] o.s.b.f.annotation.InjectionMetadata     : Registered injected element on class [org.springframework.boot.autoconfigure.web.HttpMessageConvertersAutoConfiguration$$EnhancerBySpringCGLIB$$9ce17dee]: AutowiredFieldElement for private final java.util.List org.springframework.boot.autoconfigure.web.HttpMessageConvertersAutoConfiguration.converters
2016-04-27 17:58:13.161 DEBUG 37359 --- [    Test worker] o.s.b.f.s.DefaultListableBeanFactory     : Eagerly caching bean 'org.springframework.boot.autoconfigure.web.HttpMessageConvertersAutoConfiguration' to allow for resolving potential circular references
2016-04-27 17:58:13.161 TRACE 37359 --- [    Test worker] o.s.beans.CachedIntrospectionResults     : Getting BeanInfo for class [org.springframework.boot.autoconfigure.web.HttpMessageConvertersAutoConfiguration$$EnhancerBySpringCGLIB$$9ce17dee]
2016-04-27 17:58:13.162 TRACE 37359 --- [    Test worker] o.s.beans.CachedIntrospectionResults     : Caching PropertyDescriptors for class [org.springframework.boot.autoconfigure.web.HttpMessageConvertersAutoConfiguration$$EnhancerBySpringCGLIB$$9ce17dee]
2016-04-27 17:58:13.162 TRACE 37359 --- [    Test worker] o.s.beans.CachedIntrospectionResults     : Found bean property 'beanFactory' of type [org.springframework.beans.factory.BeanFactory]
2016-04-27 17:58:13.162 TRACE 37359 --- [    Test worker] o.s.beans.CachedIntrospectionResults     : Found bean property 'class' of type [java.lang.Class]
2016-04-27 17:58:13.162 DEBUG 37359 --- [    Test worker] o.s.b.f.annotation.InjectionMetadata     : Processing injected element of bean 'org.springframework.boot.autoconfigure.web.HttpMessageConvertersAutoConfiguration': AutowiredFieldElement for private final java.util.List org.springframework.boot.autoconfigure.web.HttpMessageConvertersAutoConfiguration.converters
2016-04-27 17:58:13.164 DEBUG 37359 --- [    Test worker] o.s.b.f.s.DefaultListableBeanFactory     : Creating shared instance of singleton bean 'stringHttpMessageConverter'
2016-04-27 17:58:13.164 DEBUG 37359 --- [    Test worker] o.s.b.f.s.DefaultListableBeanFactory     : Creating instance of bean 'stringHttpMessageConverter'
2016-04-27 17:58:13.164 DEBUG 37359 --- [    Test worker] o.s.b.f.s.DefaultListableBeanFactory     : Returning cached instance of singleton bean 'org.springframework.transaction.config.internalTransactionAdvisor'
2016-04-27 17:58:13.164 DEBUG 37359 --- [    Test worker] o.s.b.f.s.DefaultListableBeanFactory     : Creating shared instance of singleton bean 'org.springframework.boot.autoconfigure.web.HttpMessageConvertersAutoConfiguration$StringHttpMessageConverterConfiguration'
2016-04-27 17:58:13.164 DEBUG 37359 --- [    Test worker] o.s.b.f.s.DefaultListableBeanFactory     : Creating instance of bean 'org.springframework.boot.autoconfigure.web.HttpMessageConvertersAutoConfiguration$StringHttpMessageConverterConfiguration'
2016-04-27 17:58:13.164 DEBUG 37359 --- [    Test worker] o.s.b.f.s.DefaultListableBeanFactory     : Returning cached instance of singleton bean 'org.springframework.transaction.config.internalTransactionAdvisor'
2016-04-27 17:58:13.164 DEBUG 37359 --- [    Test worker] o.s.b.f.annotation.InjectionMetadata     : Registered injected element on class [org.springframework.boot.autoconfigure.web.HttpMessageConvertersAutoConfiguration$StringHttpMessageConverterConfiguration$$EnhancerBySpringCGLIB$$b7eab48e]: AutowiredFieldElement for private org.springframework.boot.autoconfigure.web.HttpEncodingProperties org.springframework.boot.autoconfigure.web.HttpMessageConvertersAutoConfiguration$StringHttpMessageConverterConfiguration.encodingProperties
2016-04-27 17:58:13.164 DEBUG 37359 --- [    Test worker] o.s.b.f.s.DefaultListableBeanFactory     : Eagerly caching bean 'org.springframework.boot.autoconfigure.web.HttpMessageConvertersAutoConfiguration$StringHttpMessageConverterConfiguration' to allow for resolving potential circular references
2016-04-27 17:58:13.164 TRACE 37359 --- [    Test worker] o.s.beans.CachedIntrospectionResults     : Getting BeanInfo for class [org.springframework.boot.autoconfigure.web.HttpMessageConvertersAutoConfiguration$StringHttpMessageConverterConfiguration$$EnhancerBySpringCGLIB$$b7eab48e]
2016-04-27 17:58:13.166 TRACE 37359 --- [    Test worker] o.s.beans.CachedIntrospectionResults     : Caching PropertyDescriptors for class [org.springframework.boot.autoconfigure.web.HttpMessageConvertersAutoConfiguration$StringHttpMessageConverterConfiguration$$EnhancerBySpringCGLIB$$b7eab48e]
2016-04-27 17:58:13.166 TRACE 37359 --- [    Test worker] o.s.beans.CachedIntrospectionResults     : Found bean property 'beanFactory' of type [org.springframework.beans.factory.BeanFactory]
2016-04-27 17:58:13.166 TRACE 37359 --- [    Test worker] o.s.beans.CachedIntrospectionResults     : Found bean property 'class' of type [java.lang.Class]
2016-04-27 17:58:13.166 DEBUG 37359 --- [    Test worker] o.s.b.f.annotation.InjectionMetadata     : Processing injected element of bean 'org.springframework.boot.autoconfigure.web.HttpMessageConvertersAutoConfiguration$StringHttpMessageConverterConfiguration': AutowiredFieldElement for private org.springframework.boot.autoconfigure.web.HttpEncodingProperties org.springframework.boot.autoconfigure.web.HttpMessageConvertersAutoConfiguration$StringHttpMessageConverterConfiguration.encodingProperties
2016-04-27 17:58:13.167 DEBUG 37359 --- [    Test worker] o.s.b.f.s.DefaultListableBeanFactory     : Creating shared instance of singleton bean 'spring.http.encoding.CONFIGURATION_PROPERTIES'
2016-04-27 17:58:13.167 DEBUG 37359 --- [    Test worker] o.s.b.f.s.DefaultListableBeanFactory     : Creating instance of bean 'spring.http.encoding.CONFIGURATION_PROPERTIES'
2016-04-27 17:58:13.167 DEBUG 37359 --- [    Test worker] o.s.b.f.s.DefaultListableBeanFactory     : Returning cached instance of singleton bean 'org.springframework.transaction.config.internalTransactionAdvisor'
2016-04-27 17:58:13.167 DEBUG 37359 --- [    Test worker] o.s.b.f.s.DefaultListableBeanFactory     : Eagerly caching bean 'spring.http.encoding.CONFIGURATION_PROPERTIES' to allow for resolving potential circular references
2016-04-27 17:58:13.167 TRACE 37359 --- [    Test worker] o.s.beans.CachedIntrospectionResults     : Getting BeanInfo for class [org.springframework.boot.autoconfigure.web.HttpEncodingProperties]
2016-04-27 17:58:13.168 TRACE 37359 --- [    Test worker] o.s.beans.CachedIntrospectionResults     : Caching PropertyDescriptors for class [org.springframework.boot.autoconfigure.web.HttpEncodingProperties]
2016-04-27 17:58:13.168 TRACE 37359 --- [    Test worker] o.s.beans.CachedIntrospectionResults     : Found bean property 'charset' of type [java.nio.charset.Charset]
2016-04-27 17:58:13.168 TRACE 37359 --- [    Test worker] o.s.beans.CachedIntrospectionResults     : Found bean property 'class' of type [java.lang.Class]
2016-04-27 17:58:13.168 TRACE 37359 --- [    Test worker] o.s.beans.CachedIntrospectionResults     : Found bean property 'force' of type [boolean]
2016-04-27 17:58:13.168 TRACE 37359 --- [    Test worker] o.s.b.b.PropertiesConfigurationFactory   : Property Sources: org.springframework.boot.context.properties.ConfigurationPropertiesBindingPostProcessor$FlatPropertySources@6794fe26
2016-04-27 17:58:13.169 DEBUG 37359 --- [    Test worker] o.s.core.env.MutablePropertySources      : Adding [systemProperties] PropertySource with lowest search precedence
2016-04-27 17:58:13.169 DEBUG 37359 --- [    Test worker] o.s.core.env.MutablePropertySources      : Adding [systemEnvironment] PropertySource with lowest search precedence
2016-04-27 17:58:13.169 DEBUG 37359 --- [    Test worker] o.s.core.env.MutablePropertySources      : Adding [random] PropertySource with lowest search precedence
2016-04-27 17:58:13.169 DEBUG 37359 --- [    Test worker] o.s.core.env.MutablePropertySources      : Adding [integrationTest] PropertySource with lowest search precedence
2016-04-27 17:58:13.169 DEBUG 37359 --- [    Test worker] o.s.core.env.MutablePropertySources      : Adding [applicationConfig: [classpath:/application.yml]] PropertySource with lowest search precedence
2016-04-27 17:58:13.169 DEBUG 37359 --- [    Test worker] o.s.core.env.MutablePropertySources      : Adding [localProperties] PropertySource with lowest search precedence
2016-04-27 17:58:13.170 DEBUG 37359 --- [    Test worker] o.s.b.f.s.DefaultListableBeanFactory     : Returning cached instance of singleton bean 'org.springframework.transaction.config.internalTransactionAdvisor'
2016-04-27 17:58:13.170 DEBUG 37359 --- [    Test worker] o.s.b.f.s.DefaultListableBeanFactory     : Returning cached instance of singleton bean 'org.springframework.transaction.config.internalTransactionAdvisor'
2016-04-27 17:58:13.170 DEBUG 37359 --- [    Test worker] o.s.b.f.s.DefaultListableBeanFactory     : Finished creating instance of bean 'spring.http.encoding.CONFIGURATION_PROPERTIES'
2016-04-27 17:58:13.170 DEBUG 37359 --- [    Test worker] f.a.AutowiredAnnotationBeanPostProcessor : Autowiring by type from bean name 'org.springframework.boot.autoconfigure.web.HttpMessageConvertersAutoConfiguration$StringHttpMessageConverterConfiguration' to bean named 'spring.http.encoding.CONFIGURATION_PROPERTIES'
2016-04-27 17:58:13.170 DEBUG 37359 --- [    Test worker] o.s.b.f.s.DefaultListableBeanFactory     : Returning cached instance of singleton bean 'org.springframework.transaction.config.internalTransactionAdvisor'
2016-04-27 17:58:13.170 DEBUG 37359 --- [    Test worker] o.s.b.f.s.DefaultListableBeanFactory     : Returning cached instance of singleton bean 'org.springframework.transaction.config.internalTransactionAdvisor'
2016-04-27 17:58:13.170 DEBUG 37359 --- [    Test worker] o.s.b.f.s.DefaultListableBeanFactory     : Finished creating instance of bean 'org.springframework.boot.autoconfigure.web.HttpMessageConvertersAutoConfiguration$StringHttpMessageConverterConfiguration'
2016-04-27 17:58:13.210 DEBUG 37359 --- [    Test worker] o.s.b.f.s.DefaultListableBeanFactory     : Eagerly caching bean 'stringHttpMessageConverter' to allow for resolving potential circular references
2016-04-27 17:58:13.210 TRACE 37359 --- [    Test worker] o.s.beans.CachedIntrospectionResults     : Getting BeanInfo for class [org.springframework.http.converter.StringHttpMessageConverter]
2016-04-27 17:58:13.212 TRACE 37359 --- [    Test worker] o.s.beans.CachedIntrospectionResults     : Caching PropertyDescriptors for class [org.springframework.http.converter.StringHttpMessageConverter]
2016-04-27 17:58:13.212 TRACE 37359 --- [    Test worker] o.s.beans.CachedIntrospectionResults     : Found bean property 'class' of type [java.lang.Class]
2016-04-27 17:58:13.212 TRACE 37359 --- [    Test worker] o.s.beans.CachedIntrospectionResults     : Found bean property 'supportedMediaTypes' of type [java.util.List]
2016-04-27 17:58:13.212 TRACE 37359 --- [    Test worker] o.s.beans.CachedIntrospectionResults     : Found bean property 'writeAcceptCharset' of type [boolean]
2016-04-27 17:58:13.212 DEBUG 37359 --- [    Test worker] o.s.b.f.s.DefaultListableBeanFactory     : Returning cached instance of singleton bean 'org.springframework.transaction.config.internalTransactionAdvisor'
2016-04-27 17:58:13.212 DEBUG 37359 --- [    Test worker] o.s.b.f.s.DefaultListableBeanFactory     : Returning cached instance of singleton bean 'org.springframework.transaction.config.internalTransactionAdvisor'
2016-04-27 17:58:13.213 DEBUG 37359 --- [    Test worker] o.s.b.f.s.DefaultListableBeanFactory     : Finished creating instance of bean 'stringHttpMessageConverter'
2016-04-27 17:58:13.213 DEBUG 37359 --- [    Test worker] o.s.b.f.s.DefaultListableBeanFactory     : Creating shared instance of singleton bean 'mappingJackson2HttpMessageConverter'
2016-04-27 17:58:13.213 DEBUG 37359 --- [    Test worker] o.s.b.f.s.DefaultListableBeanFactory     : Creating instance of bean 'mappingJackson2HttpMessageConverter'
2016-04-27 17:58:13.213 DEBUG 37359 --- [    Test worker] o.s.b.f.s.DefaultListableBeanFactory     : Returning cached instance of singleton bean 'org.springframework.transaction.config.internalTransactionAdvisor'
2016-04-27 17:58:13.213 DEBUG 37359 --- [    Test worker] o.s.b.f.s.DefaultListableBeanFactory     : Creating shared instance of singleton bean 'org.springframework.boot.autoconfigure.web.JacksonHttpMessageConvertersConfiguration$MappingJackson2HttpMessageConverterConfiguration'
2016-04-27 17:58:13.213 DEBUG 37359 --- [    Test worker] o.s.b.f.s.DefaultListableBeanFactory     : Creating instance of bean 'org.springframework.boot.autoconfigure.web.JacksonHttpMessageConvertersConfiguration$MappingJackson2HttpMessageConverterConfiguration'
2016-04-27 17:58:13.213 DEBUG 37359 --- [    Test worker] o.s.b.f.s.DefaultListableBeanFactory     : Returning cached instance of singleton bean 'org.springframework.transaction.config.internalTransactionAdvisor'
2016-04-27 17:58:13.213 DEBUG 37359 --- [    Test worker] o.s.b.f.s.DefaultListableBeanFactory     : Eagerly caching bean 'org.springframework.boot.autoconfigure.web.JacksonHttpMessageConvertersConfiguration$MappingJackson2HttpMessageConverterConfiguration' to allow for resolving potential circular references
2016-04-27 17:58:13.213 TRACE 37359 --- [    Test worker] o.s.beans.CachedIntrospectionResults     : Getting BeanInfo for class [org.springframework.boot.autoconfigure.web.JacksonHttpMessageConvertersConfiguration$MappingJackson2HttpMessageConverterConfiguration$$EnhancerBySpringCGLIB$$e77b9e8e]
2016-04-27 17:58:13.215 TRACE 37359 --- [    Test worker] o.s.beans.CachedIntrospectionResults     : Caching PropertyDescriptors for class [org.springframework.boot.autoconfigure.web.JacksonHttpMessageConvertersConfiguration$MappingJackson2HttpMessageConverterConfiguration$$EnhancerBySpringCGLIB$$e77b9e8e]
2016-04-27 17:58:13.215 TRACE 37359 --- [    Test worker] o.s.beans.CachedIntrospectionResults     : Found bean property 'beanFactory' of type [org.springframework.beans.factory.BeanFactory]
2016-04-27 17:58:13.215 TRACE 37359 --- [    Test worker] o.s.beans.CachedIntrospectionResults     : Found bean property 'class' of type [java.lang.Class]
2016-04-27 17:58:13.215 DEBUG 37359 --- [    Test worker] o.s.b.f.s.DefaultListableBeanFactory     : Returning cached instance of singleton bean 'org.springframework.transaction.config.internalTransactionAdvisor'
2016-04-27 17:58:13.215 DEBUG 37359 --- [    Test worker] o.s.b.f.s.DefaultListableBeanFactory     : Returning cached instance of singleton bean 'org.springframework.transaction.config.internalTransactionAdvisor'
2016-04-27 17:58:13.216 DEBUG 37359 --- [    Test worker] o.s.b.f.s.DefaultListableBeanFactory     : Finished creating instance of bean 'org.springframework.boot.autoconfigure.web.JacksonHttpMessageConvertersConfiguration$MappingJackson2HttpMessageConverterConfiguration'
2016-04-27 17:58:13.216 DEBUG 37359 --- [    Test worker] o.s.b.f.s.DefaultListableBeanFactory     : Creating shared instance of singleton bean 'jacksonObjectMapper'
2016-04-27 17:58:13.216 DEBUG 37359 --- [    Test worker] o.s.b.f.s.DefaultListableBeanFactory     : Creating instance of bean 'jacksonObjectMapper'
2016-04-27 17:58:13.216 DEBUG 37359 --- [    Test worker] o.s.b.f.s.DefaultListableBeanFactory     : Returning cached instance of singleton bean 'org.springframework.transaction.config.internalTransactionAdvisor'
2016-04-27 17:58:13.217 DEBUG 37359 --- [    Test worker] o.s.b.f.s.DefaultListableBeanFactory     : Creating shared instance of singleton bean 'org.springframework.boot.autoconfigure.jackson.JacksonAutoConfiguration$JacksonObjectMapperConfiguration'
2016-04-27 17:58:13.217 DEBUG 37359 --- [    Test worker] o.s.b.f.s.DefaultListableBeanFactory     : Creating instance of bean 'org.springframework.boot.autoconfigure.jackson.JacksonAutoConfiguration$JacksonObjectMapperConfiguration'
2016-04-27 17:58:13.217 DEBUG 37359 --- [    Test worker] o.s.b.f.s.DefaultListableBeanFactory     : Returning cached instance of singleton bean 'org.springframework.transaction.config.internalTransactionAdvisor'
2016-04-27 17:58:13.217 DEBUG 37359 --- [    Test worker] o.s.b.f.s.DefaultListableBeanFactory     : Eagerly caching bean 'org.springframework.boot.autoconfigure.jackson.JacksonAutoConfiguration$JacksonObjectMapperConfiguration' to allow for resolving potential circular references
2016-04-27 17:58:13.217 TRACE 37359 --- [    Test worker] o.s.beans.CachedIntrospectionResults     : Getting BeanInfo for class [org.springframework.boot.autoconfigure.jackson.JacksonAutoConfiguration$JacksonObjectMapperConfiguration$$EnhancerBySpringCGLIB$$babc8cff]
2016-04-27 17:58:13.219 TRACE 37359 --- [    Test worker] o.s.beans.CachedIntrospectionResults     : Caching PropertyDescriptors for class [org.springframework.boot.autoconfigure.jackson.JacksonAutoConfiguration$JacksonObjectMapperConfiguration$$EnhancerBySpringCGLIB$$babc8cff]
2016-04-27 17:58:13.219 TRACE 37359 --- [    Test worker] o.s.beans.CachedIntrospectionResults     : Found bean property 'beanFactory' of type [org.springframework.beans.factory.BeanFactory]
2016-04-27 17:58:13.219 TRACE 37359 --- [    Test worker] o.s.beans.CachedIntrospectionResults     : Found bean property 'class' of type [java.lang.Class]
2016-04-27 17:58:13.219 DEBUG 37359 --- [    Test worker] o.s.b.f.s.DefaultListableBeanFactory     : Returning cached instance of singleton bean 'org.springframework.transaction.config.internalTransactionAdvisor'
2016-04-27 17:58:13.219 DEBUG 37359 --- [    Test worker] o.s.b.f.s.DefaultListableBeanFactory     : Returning cached instance of singleton bean 'org.springframework.transaction.config.internalTransactionAdvisor'
2016-04-27 17:58:13.220 DEBUG 37359 --- [    Test worker] o.s.b.f.s.DefaultListableBeanFactory     : Finished creating instance of bean 'org.springframework.boot.autoconfigure.jackson.JacksonAutoConfiguration$JacksonObjectMapperConfiguration'
2016-04-27 17:58:13.220 DEBUG 37359 --- [    Test worker] o.s.b.f.s.DefaultListableBeanFactory     : Returning cached instance of singleton bean 'jacksonObjectMapperBuilder'
2016-04-27 17:58:13.220 DEBUG 37359 --- [    Test worker] o.s.b.f.s.DefaultListableBeanFactory     : Autowiring by type from bean name 'jacksonObjectMapper' via factory method to bean named 'jacksonObjectMapperBuilder'
2016-04-27 17:58:13.224 DEBUG 37359 --- [    Test worker] o.s.b.f.s.DefaultListableBeanFactory     : Eagerly caching bean 'jacksonObjectMapper' to allow for resolving potential circular references
2016-04-27 17:58:13.224 DEBUG 37359 --- [    Test worker] o.s.b.f.s.DefaultListableBeanFactory     : Returning cached instance of singleton bean 'org.springframework.transaction.config.internalTransactionAdvisor'
2016-04-27 17:58:13.224 DEBUG 37359 --- [    Test worker] o.s.b.f.s.DefaultListableBeanFactory     : Returning cached instance of singleton bean 'org.springframework.transaction.config.internalTransactionAdvisor'
2016-04-27 17:58:13.224 DEBUG 37359 --- [    Test worker] o.s.b.f.s.DefaultListableBeanFactory     : Finished creating instance of bean 'jacksonObjectMapper'
2016-04-27 17:58:13.224 DEBUG 37359 --- [    Test worker] o.s.b.f.s.DefaultListableBeanFactory     : Returning cached instance of singleton bean 'objectMapper'
2016-04-27 17:58:13.224 DEBUG 37359 --- [    Test worker] o.s.b.f.s.DefaultListableBeanFactory     : Creating shared instance of singleton bean 'halObjectMapper'
2016-04-27 17:58:13.224 DEBUG 37359 --- [    Test worker] o.s.b.f.s.DefaultListableBeanFactory     : Creating instance of bean 'halObjectMapper'
2016-04-27 17:58:13.224 DEBUG 37359 --- [    Test worker] o.s.b.f.s.DefaultListableBeanFactory     : Returning cached instance of singleton bean 'org.springframework.transaction.config.internalTransactionAdvisor'
2016-04-27 17:58:13.224 DEBUG 37359 --- [    Test worker] o.s.b.f.s.DefaultListableBeanFactory     : Returning cached instance of singleton bean 'org.springframework.boot.autoconfigure.data.rest.SpringBootRepositoryRestMvcConfiguration'
2016-04-27 17:58:13.225 DEBUG 37359 --- [    Test worker] o.s.b.f.s.DefaultListableBeanFactory     : Returning cached instance of singleton bean 'resourceDescriptionMessageSourceAccessor'
2016-04-27 17:58:13.227 DEBUG 37359 --- [    Test worker] o.s.b.f.s.DefaultListableBeanFactory     : Returning cached instance of singleton bean 'config'
2016-04-27 17:58:13.228 DEBUG 37359 --- [    Test worker] o.s.b.f.s.DefaultListableBeanFactory     : Returning cached instance of singleton bean 'persistentEntities'
2016-04-27 17:58:13.228 DEBUG 37359 --- [    Test worker] o.s.b.f.s.DefaultListableBeanFactory     : Returning cached instance of singleton bean 'resourceMappings'
2016-04-27 17:58:13.228 DEBUG 37359 --- [    Test worker] o.s.b.f.s.DefaultListableBeanFactory     : Returning cached instance of singleton bean 'config'
2016-04-27 17:58:13.228 DEBUG 37359 --- [    Test worker] o.s.b.f.s.DefaultListableBeanFactory     : Returning cached instance of singleton bean 'defaultConversionService'
2016-04-27 17:58:13.228 DEBUG 37359 --- [    Test worker] o.s.b.f.s.DefaultListableBeanFactory     : Returning cached instance of singleton bean 'persistentEntities'
2016-04-27 17:58:13.228 DEBUG 37359 --- [    Test worker] o.s.b.f.s.DefaultListableBeanFactory     : Returning cached instance of singleton bean 'entityLinks'
2016-04-27 17:58:13.237 DEBUG 37359 --- [    Test worker] o.s.b.f.s.DefaultListableBeanFactory     : Eagerly caching bean 'halObjectMapper' to allow for resolving potential circular references
2016-04-27 17:58:13.237 DEBUG 37359 --- [    Test worker] o.s.b.f.s.DefaultListableBeanFactory     : Returning cached instance of singleton bean 'org.springframework.transaction.config.internalTransactionAdvisor'
2016-04-27 17:58:13.237 DEBUG 37359 --- [    Test worker] o.s.b.f.s.DefaultListableBeanFactory     : Returning cached instance of singleton bean 'org.springframework.transaction.config.internalTransactionAdvisor'
2016-04-27 17:58:13.237 DEBUG 37359 --- [    Test worker] o.s.b.f.s.DefaultListableBeanFactory     : Finished creating instance of bean 'halObjectMapper'
2016-04-27 17:58:13.237 DEBUG 37359 --- [    Test worker] o.s.b.f.s.DefaultListableBeanFactory     : Creating shared instance of singleton bean '_halObjectMapper'
2016-04-27 17:58:13.237 DEBUG 37359 --- [    Test worker] o.s.b.f.s.DefaultListableBeanFactory     : Creating instance of bean '_halObjectMapper'
2016-04-27 17:58:13.237 DEBUG 37359 --- [    Test worker] o.s.b.f.s.DefaultListableBeanFactory     : Returning cached instance of singleton bean 'org.springframework.transaction.config.internalTransactionAdvisor'
2016-04-27 17:58:13.238 DEBUG 37359 --- [    Test worker] o.s.b.f.s.DefaultListableBeanFactory     : Eagerly caching bean '_halObjectMapper' to allow for resolving potential circular references
2016-04-27 17:58:13.238 DEBUG 37359 --- [    Test worker] o.s.b.f.s.DefaultListableBeanFactory     : Returning cached instance of singleton bean 'org.springframework.transaction.config.internalTransactionAdvisor'
2016-04-27 17:58:13.238 DEBUG 37359 --- [    Test worker] o.s.b.f.s.DefaultListableBeanFactory     : Returning cached instance of singleton bean 'org.springframework.transaction.config.internalTransactionAdvisor'
2016-04-27 17:58:13.239 DEBUG 37359 --- [    Test worker] o.s.b.f.s.DefaultListableBeanFactory     : Finished creating instance of bean '_halObjectMapper'
2016-04-27 17:58:13.239 DEBUG 37359 --- [    Test worker] o.s.b.f.s.DefaultListableBeanFactory     : Autowiring by type from bean name 'mappingJackson2HttpMessageConverter' via factory method to bean named 'jacksonObjectMapper'
2016-04-27 17:58:13.242 DEBUG 37359 --- [    Test worker] o.s.b.f.s.DefaultListableBeanFactory     : Eagerly caching bean 'mappingJackson2HttpMessageConverter' to allow for resolving potential circular references
2016-04-27 17:58:13.242 TRACE 37359 --- [    Test worker] o.s.beans.CachedIntrospectionResults     : Getting BeanInfo for class [org.springframework.http.converter.json.MappingJackson2HttpMessageConverter]
2016-04-27 17:58:13.244 TRACE 37359 --- [    Test worker] o.s.beans.CachedIntrospectionResults     : Caching PropertyDescriptors for class [org.springframework.http.converter.json.MappingJackson2HttpMessageConverter]
2016-04-27 17:58:13.244 TRACE 37359 --- [    Test worker] o.s.beans.CachedIntrospectionResults     : Found bean property 'class' of type [java.lang.Class]
2016-04-27 17:58:13.244 TRACE 37359 --- [    Test worker] o.s.beans.CachedIntrospectionResults     : Found bean property 'jsonPrefix' of type [java.lang.String]
2016-04-27 17:58:13.244 TRACE 37359 --- [    Test worker] o.s.beans.CachedIntrospectionResults     : Found bean property 'objectMapper' of type [com.fasterxml.jackson.databind.ObjectMapper]
2016-04-27 17:58:13.244 TRACE 37359 --- [    Test worker] o.s.beans.CachedIntrospectionResults     : Found bean property 'prefixJson' of type [boolean]
2016-04-27 17:58:13.244 TRACE 37359 --- [    Test worker] o.s.beans.CachedIntrospectionResults     : Found bean property 'prettyPrint' of type [boolean]
2016-04-27 17:58:13.245 TRACE 37359 --- [    Test worker] o.s.beans.CachedIntrospectionResults     : Found bean property 'supportedMediaTypes' of type [java.util.List]
2016-04-27 17:58:13.245 DEBUG 37359 --- [    Test worker] o.s.b.f.s.DefaultListableBeanFactory     : Returning cached instance of singleton bean 'org.springframework.transaction.config.internalTransactionAdvisor'
2016-04-27 17:58:13.245 DEBUG 37359 --- [    Test worker] o.s.b.f.s.DefaultListableBeanFactory     : Returning cached instance of singleton bean 'org.springframework.transaction.config.internalTransactionAdvisor'
2016-04-27 17:58:13.245 DEBUG 37359 --- [    Test worker] o.s.b.f.s.DefaultListableBeanFactory     : Finished creating instance of bean 'mappingJackson2HttpMessageConverter'
2016-04-27 17:58:13.245 DEBUG 37359 --- [    Test worker] o.s.b.f.s.DefaultListableBeanFactory     : Creating shared instance of singleton bean 'jacksonHttpMessageConverter'
2016-04-27 17:58:13.245 DEBUG 37359 --- [    Test worker] o.s.b.f.s.DefaultListableBeanFactory     : Creating instance of bean 'jacksonHttpMessageConverter'
2016-04-27 17:58:13.245 DEBUG 37359 --- [    Test worker] o.s.b.f.s.DefaultListableBeanFactory     : Returning cached instance of singleton bean 'org.springframework.transaction.config.internalTransactionAdvisor'
2016-04-27 17:58:13.245 DEBUG 37359 --- [    Test worker] o.s.b.f.s.DefaultListableBeanFactory     : Returning cached instance of singleton bean 'org.springframework.boot.autoconfigure.data.rest.SpringBootRepositoryRestMvcConfiguration'
2016-04-27 17:58:13.246 DEBUG 37359 --- [    Test worker] o.s.b.f.s.DefaultListableBeanFactory     : Returning cached instance of singleton bean 'config'
2016-04-27 17:58:13.246 DEBUG 37359 --- [    Test worker] o.s.b.f.s.DefaultListableBeanFactory     : Returning cached instance of singleton bean 'config'
2016-04-27 17:58:13.247 DEBUG 37359 --- [    Test worker] o.s.b.f.s.DefaultListableBeanFactory     : Returning cached instance of singleton bean 'objectMapper'
2016-04-27 17:58:13.247 DEBUG 37359 --- [    Test worker] o.s.b.f.s.DefaultListableBeanFactory     : Eagerly caching bean 'jacksonHttpMessageConverter' to allow for resolving potential circular references
2016-04-27 17:58:13.247 TRACE 37359 --- [    Test worker] o.s.beans.CachedIntrospectionResults     : Getting BeanInfo for class [org.springframework.data.rest.webmvc.config.RepositoryRestMvcConfiguration$ResourceSupportHttpMessageConverter]
2016-04-27 17:58:13.250 TRACE 37359 --- [    Test worker] o.s.beans.CachedIntrospectionResults     : Caching PropertyDescriptors for class [org.springframework.data.rest.webmvc.config.RepositoryRestMvcConfiguration$ResourceSupportHttpMessageConverter]
2016-04-27 17:58:13.250 TRACE 37359 --- [    Test worker] o.s.beans.CachedIntrospectionResults     : Found bean property 'class' of type [java.lang.Class]
2016-04-27 17:58:13.250 TRACE 37359 --- [    Test worker] o.s.beans.CachedIntrospectionResults     : Found bean property 'jsonPrefix' of type [java.lang.String]
2016-04-27 17:58:13.250 TRACE 37359 --- [    Test worker] o.s.beans.CachedIntrospectionResults     : Found bean property 'objectMapper' of type [com.fasterxml.jackson.databind.ObjectMapper]
2016-04-27 17:58:13.250 TRACE 37359 --- [    Test worker] o.s.beans.CachedIntrospectionResults     : Found bean property 'order' of type [int]
2016-04-27 17:58:13.250 TRACE 37359 --- [    Test worker] o.s.beans.CachedIntrospectionResults     : Found bean property 'prefixJson' of type [boolean]
2016-04-27 17:58:13.250 TRACE 37359 --- [    Test worker] o.s.beans.CachedIntrospectionResults     : Found bean property 'prettyPrint' of type [boolean]
2016-04-27 17:58:13.250 TRACE 37359 --- [    Test worker] o.s.beans.CachedIntrospectionResults     : Found bean property 'supportedMediaTypes' of type [java.util.List]
2016-04-27 17:58:13.250 DEBUG 37359 --- [    Test worker] o.s.b.f.s.DefaultListableBeanFactory     : Returning cached instance of singleton bean 'org.springframework.transaction.config.internalTransactionAdvisor'
2016-04-27 17:58:13.250 DEBUG 37359 --- [    Test worker] o.s.b.f.s.DefaultListableBeanFactory     : Returning cached instance of singleton bean 'org.springframework.transaction.config.internalTransactionAdvisor'
2016-04-27 17:58:13.251 DEBUG 37359 --- [    Test worker] o.s.b.f.s.DefaultListableBeanFactory     : Finished creating instance of bean 'jacksonHttpMessageConverter'
2016-04-27 17:58:13.251 DEBUG 37359 --- [    Test worker] o.s.b.f.s.DefaultListableBeanFactory     : Creating shared instance of singleton bean 'halJacksonHttpMessageConverter'
2016-04-27 17:58:13.251 DEBUG 37359 --- [    Test worker] o.s.b.f.s.DefaultListableBeanFactory     : Creating instance of bean 'halJacksonHttpMessageConverter'
2016-04-27 17:58:13.251 DEBUG 37359 --- [    Test worker] o.s.b.f.s.DefaultListableBeanFactory     : Returning cached instance of singleton bean 'org.springframework.transaction.config.internalTransactionAdvisor'
2016-04-27 17:58:13.251 DEBUG 37359 --- [    Test worker] o.s.b.f.s.DefaultListableBeanFactory     : Returning cached instance of singleton bean 'org.springframework.boot.autoconfigure.data.rest.SpringBootRepositoryRestMvcConfiguration'
2016-04-27 17:58:13.251 DEBUG 37359 --- [    Test worker] o.s.b.f.s.DefaultListableBeanFactory     : Returning cached instance of singleton bean 'config'
2016-04-27 17:58:13.251 DEBUG 37359 --- [    Test worker] o.s.b.f.s.DefaultListableBeanFactory     : Returning cached instance of singleton bean 'config'
2016-04-27 17:58:13.253 DEBUG 37359 --- [    Test worker] o.s.b.f.s.DefaultListableBeanFactory     : Returning cached instance of singleton bean 'halObjectMapper'
2016-04-27 17:58:13.253 DEBUG 37359 --- [    Test worker] o.s.b.f.s.DefaultListableBeanFactory     : Eagerly caching bean 'halJacksonHttpMessageConverter' to allow for resolving potential circular references
2016-04-27 17:58:13.253 DEBUG 37359 --- [    Test worker] o.s.b.f.s.DefaultListableBeanFactory     : Returning cached instance of singleton bean 'org.springframework.transaction.config.internalTransactionAdvisor'
2016-04-27 17:58:13.253 DEBUG 37359 --- [    Test worker] o.s.b.f.s.DefaultListableBeanFactory     : Returning cached instance of singleton bean 'org.springframework.transaction.config.internalTransactionAdvisor'
2016-04-27 17:58:13.254 DEBUG 37359 --- [    Test worker] o.s.b.f.s.DefaultListableBeanFactory     : Finished creating instance of bean 'halJacksonHttpMessageConverter'
2016-04-27 17:58:13.254 DEBUG 37359 --- [    Test worker] o.s.b.f.s.DefaultListableBeanFactory     : Creating shared instance of singleton bean 'uriListHttpMessageConverter'
2016-04-27 17:58:13.254 DEBUG 37359 --- [    Test worker] o.s.b.f.s.DefaultListableBeanFactory     : Creating instance of bean 'uriListHttpMessageConverter'
2016-04-27 17:58:13.254 DEBUG 37359 --- [    Test worker] o.s.b.f.s.DefaultListableBeanFactory     : Returning cached instance of singleton bean 'org.springframework.transaction.config.internalTransactionAdvisor'
2016-04-27 17:58:13.254 DEBUG 37359 --- [    Test worker] o.s.b.f.s.DefaultListableBeanFactory     : Returning cached instance of singleton bean 'org.springframework.boot.autoconfigure.data.rest.SpringBootRepositoryRestMvcConfiguration'
2016-04-27 17:58:13.254 DEBUG 37359 --- [    Test worker] o.s.b.f.s.DefaultListableBeanFactory     : Eagerly caching bean 'uriListHttpMessageConverter' to allow for resolving potential circular references
2016-04-27 17:58:13.254 TRACE 37359 --- [    Test worker] o.s.beans.CachedIntrospectionResults     : Getting BeanInfo for class [org.springframework.data.rest.webmvc.convert.UriListHttpMessageConverter]
2016-04-27 17:58:13.255 TRACE 37359 --- [    Test worker] o.s.beans.CachedIntrospectionResults     : Caching PropertyDescriptors for class [org.springframework.data.rest.webmvc.convert.UriListHttpMessageConverter]
2016-04-27 17:58:13.255 TRACE 37359 --- [    Test worker] o.s.beans.CachedIntrospectionResults     : Found bean property 'class' of type [java.lang.Class]
2016-04-27 17:58:13.255 TRACE 37359 --- [    Test worker] o.s.beans.CachedIntrospectionResults     : Found bean property 'supportedMediaTypes' of type [java.util.List]
2016-04-27 17:58:13.256 DEBUG 37359 --- [    Test worker] o.s.b.f.s.DefaultListableBeanFactory     : Returning cached instance of singleton bean 'org.springframework.transaction.config.internalTransactionAdvisor'
2016-04-27 17:58:13.256 DEBUG 37359 --- [    Test worker] o.s.b.f.s.DefaultListableBeanFactory     : Returning cached instance of singleton bean 'org.springframework.transaction.config.internalTransactionAdvisor'
2016-04-27 17:58:13.256 DEBUG 37359 --- [    Test worker] o.s.b.f.s.DefaultListableBeanFactory     : Finished creating instance of bean 'uriListHttpMessageConverter'
2016-04-27 17:58:13.256 DEBUG 37359 --- [    Test worker] o.s.b.f.s.DefaultListableBeanFactory     : Creating shared instance of singleton bean 'alpsJsonHttpMessageConverter'
2016-04-27 17:58:13.256 DEBUG 37359 --- [    Test worker] o.s.b.f.s.DefaultListableBeanFactory     : Creating instance of bean 'alpsJsonHttpMessageConverter'
2016-04-27 17:58:13.256 DEBUG 37359 --- [    Test worker] o.s.b.f.s.DefaultListableBeanFactory     : Returning cached instance of singleton bean 'org.springframework.transaction.config.internalTransactionAdvisor'
2016-04-27 17:58:13.256 DEBUG 37359 --- [    Test worker] o.s.b.f.s.DefaultListableBeanFactory     : Returning cached instance of singleton bean 'org.springframework.boot.autoconfigure.data.rest.SpringBootRepositoryRestMvcConfiguration'
2016-04-27 17:58:13.257 DEBUG 37359 --- [    Test worker] o.s.b.f.s.DefaultListableBeanFactory     : Creating shared instance of singleton bean 'alpsConverter'
2016-04-27 17:58:13.257 DEBUG 37359 --- [    Test worker] o.s.b.f.s.DefaultListableBeanFactory     : Creating instance of bean 'alpsConverter'
2016-04-27 17:58:13.257 DEBUG 37359 --- [    Test worker] o.s.b.f.s.DefaultListableBeanFactory     : Returning cached instance of singleton bean 'org.springframework.transaction.config.internalTransactionAdvisor'
2016-04-27 17:58:13.257 DEBUG 37359 --- [    Test worker] o.s.b.f.s.DefaultListableBeanFactory     : Returning cached instance of singleton bean 'org.springframework.boot.autoconfigure.data.rest.SpringBootRepositoryRestMvcConfiguration'
2016-04-27 17:58:13.257 DEBUG 37359 --- [    Test worker] o.s.b.f.s.DefaultListableBeanFactory     : Returning cached instance of singleton bean 'repositories'
2016-04-27 17:58:13.257 DEBUG 37359 --- [    Test worker] o.s.b.f.s.DefaultListableBeanFactory     : Returning cached instance of singleton bean 'persistentEntities'
2016-04-27 17:58:13.257 DEBUG 37359 --- [    Test worker] o.s.b.f.s.DefaultListableBeanFactory     : Returning cached instance of singleton bean 'entityLinks'
2016-04-27 17:58:13.257 DEBUG 37359 --- [    Test worker] o.s.b.f.s.DefaultListableBeanFactory     : Returning cached instance of singleton bean 'resourceDescriptionMessageSourceAccessor'
2016-04-27 17:58:13.257 DEBUG 37359 --- [    Test worker] o.s.b.f.s.DefaultListableBeanFactory     : Returning cached instance of singleton bean 'config'
2016-04-27 17:58:13.257 DEBUG 37359 --- [    Test worker] o.s.b.f.s.DefaultListableBeanFactory     : Returning cached instance of singleton bean 'resourceMappings'
2016-04-27 17:58:13.258 DEBUG 37359 --- [    Test worker] o.s.b.f.s.DefaultListableBeanFactory     : Returning cached instance of singleton bean 'objectMapper'
2016-04-27 17:58:13.259 DEBUG 37359 --- [    Test worker] o.s.b.f.s.DefaultListableBeanFactory     : Eagerly caching bean 'alpsConverter' to allow for resolving potential circular references
2016-04-27 17:58:13.259 TRACE 37359 --- [    Test worker] o.s.beans.CachedIntrospectionResults     : Getting BeanInfo for class [org.springframework.data.rest.webmvc.alps.RootResourceInformationToAlpsDescriptorConverter]
2016-04-27 17:58:13.260 TRACE 37359 --- [    Test worker] o.s.beans.CachedIntrospectionResults     : Caching PropertyDescriptors for class [org.springframework.data.rest.webmvc.alps.RootResourceInformationToAlpsDescriptorConverter]
2016-04-27 17:58:13.260 TRACE 37359 --- [    Test worker] o.s.beans.CachedIntrospectionResults     : Found bean property 'class' of type [java.lang.Class]
2016-04-27 17:58:13.260 DEBUG 37359 --- [    Test worker] o.s.b.f.s.DefaultListableBeanFactory     : Returning cached instance of singleton bean 'org.springframework.transaction.config.internalTransactionAdvisor'
2016-04-27 17:58:13.260 DEBUG 37359 --- [    Test worker] o.s.b.f.s.DefaultListableBeanFactory     : Returning cached instance of singleton bean 'org.springframework.transaction.config.internalTransactionAdvisor'
2016-04-27 17:58:13.260 DEBUG 37359 --- [    Test worker] o.s.b.f.s.DefaultListableBeanFactory     : Finished creating instance of bean 'alpsConverter'
2016-04-27 17:58:13.262 DEBUG 37359 --- [    Test worker] o.s.b.f.s.DefaultListableBeanFactory     : Eagerly caching bean 'alpsJsonHttpMessageConverter' to allow for resolving potential circular references
2016-04-27 17:58:13.263 TRACE 37359 --- [    Test worker] o.s.beans.CachedIntrospectionResults     : Getting BeanInfo for class [org.springframework.data.rest.webmvc.alps.AlpsJsonHttpMessageConverter]
2016-04-27 17:58:13.263 TRACE 37359 --- [    Test worker] o.s.beans.CachedIntrospectionResults     : Caching PropertyDescriptors for class [org.springframework.data.rest.webmvc.alps.AlpsJsonHttpMessageConverter]
2016-04-27 17:58:13.263 TRACE 37359 --- [    Test worker] o.s.beans.CachedIntrospectionResults     : Found bean property 'class' of type [java.lang.Class]
2016-04-27 17:58:13.264 TRACE 37359 --- [    Test worker] o.s.beans.CachedIntrospectionResults     : Found bean property 'jsonPrefix' of type [java.lang.String]
2016-04-27 17:58:13.264 TRACE 37359 --- [    Test worker] o.s.beans.CachedIntrospectionResults     : Found bean property 'objectMapper' of type [com.fasterxml.jackson.databind.ObjectMapper]
2016-04-27 17:58:13.264 TRACE 37359 --- [    Test worker] o.s.beans.CachedIntrospectionResults     : Found bean property 'prefixJson' of type [boolean]
2016-04-27 17:58:13.264 TRACE 37359 --- [    Test worker] o.s.beans.CachedIntrospectionResults     : Found bean property 'prettyPrint' of type [boolean]
2016-04-27 17:58:13.264 TRACE 37359 --- [    Test worker] o.s.beans.CachedIntrospectionResults     : Found bean property 'supportedMediaTypes' of type [java.util.List]
2016-04-27 17:58:13.264 DEBUG 37359 --- [    Test worker] o.s.b.f.s.DefaultListableBeanFactory     : Returning cached instance of singleton bean 'org.springframework.transaction.config.internalTransactionAdvisor'
2016-04-27 17:58:13.264 DEBUG 37359 --- [    Test worker] o.s.b.f.s.DefaultListableBeanFactory     : Returning cached instance of singleton bean 'org.springframework.transaction.config.internalTransactionAdvisor'
2016-04-27 17:58:13.264 DEBUG 37359 --- [    Test worker] o.s.b.f.s.DefaultListableBeanFactory     : Finished creating instance of bean 'alpsJsonHttpMessageConverter'
2016-04-27 17:58:13.265 DEBUG 37359 --- [    Test worker] f.a.AutowiredAnnotationBeanPostProcessor : Autowiring by type from bean name 'org.springframework.boot.autoconfigure.web.HttpMessageConvertersAutoConfiguration' to bean named 'stringHttpMessageConverter'
2016-04-27 17:58:13.265 DEBUG 37359 --- [    Test worker] f.a.AutowiredAnnotationBeanPostProcessor : Autowiring by type from bean name 'org.springframework.boot.autoconfigure.web.HttpMessageConvertersAutoConfiguration' to bean named 'mappingJackson2HttpMessageConverter'
2016-04-27 17:58:13.265 DEBUG 37359 --- [    Test worker] f.a.AutowiredAnnotationBeanPostProcessor : Autowiring by type from bean name 'org.springframework.boot.autoconfigure.web.HttpMessageConvertersAutoConfiguration' to bean named 'jacksonHttpMessageConverter'
2016-04-27 17:58:13.265 DEBUG 37359 --- [    Test worker] f.a.AutowiredAnnotationBeanPostProcessor : Autowiring by type from bean name 'org.springframework.boot.autoconfigure.web.HttpMessageConvertersAutoConfiguration' to bean named 'halJacksonHttpMessageConverter'
2016-04-27 17:58:13.265 DEBUG 37359 --- [    Test worker] f.a.AutowiredAnnotationBeanPostProcessor : Autowiring by type from bean name 'org.springframework.boot.autoconfigure.web.HttpMessageConvertersAutoConfiguration' to bean named 'uriListHttpMessageConverter'
2016-04-27 17:58:13.265 DEBUG 37359 --- [    Test worker] f.a.AutowiredAnnotationBeanPostProcessor : Autowiring by type from bean name 'org.springframework.boot.autoconfigure.web.HttpMessageConvertersAutoConfiguration' to bean named 'alpsJsonHttpMessageConverter'
2016-04-27 17:58:13.266 DEBUG 37359 --- [    Test worker] o.s.b.f.s.DefaultListableBeanFactory     : Returning cached instance of singleton bean 'org.springframework.transaction.config.internalTransactionAdvisor'
2016-04-27 17:58:13.266 DEBUG 37359 --- [    Test worker] o.s.b.f.s.DefaultListableBeanFactory     : Returning cached instance of singleton bean 'org.springframework.transaction.config.internalTransactionAdvisor'
2016-04-27 17:58:13.266 DEBUG 37359 --- [    Test worker] o.s.b.f.s.DefaultListableBeanFactory     : Finished creating instance of bean 'org.springframework.boot.autoconfigure.web.HttpMessageConvertersAutoConfiguration'
2016-04-27 17:58:13.278 DEBUG 37359 --- [    Test worker] o.s.b.f.s.DefaultListableBeanFactory     : Eagerly caching bean 'messageConverters' to allow for resolving potential circular references
2016-04-27 17:58:13.278 TRACE 37359 --- [    Test worker] o.s.beans.CachedIntrospectionResults     : Getting BeanInfo for class [org.springframework.boot.autoconfigure.web.HttpMessageConverters]
2016-04-27 17:58:13.279 TRACE 37359 --- [    Test worker] o.s.beans.CachedIntrospectionResults     : Caching PropertyDescriptors for class [org.springframework.boot.autoconfigure.web.HttpMessageConverters]
2016-04-27 17:58:13.279 TRACE 37359 --- [    Test worker] o.s.beans.CachedIntrospectionResults     : Found bean property 'class' of type [java.lang.Class]
2016-04-27 17:58:13.279 TRACE 37359 --- [    Test worker] o.s.beans.CachedIntrospectionResults     : Found bean property 'converters' of type [java.util.List]
2016-04-27 17:58:13.279 DEBUG 37359 --- [    Test worker] o.s.b.f.s.DefaultListableBeanFactory     : Returning cached instance of singleton bean 'org.springframework.transaction.config.internalTransactionAdvisor'
2016-04-27 17:58:13.279 DEBUG 37359 --- [    Test worker] o.s.b.f.s.DefaultListableBeanFactory     : Returning cached instance of singleton bean 'org.springframework.transaction.config.internalTransactionAdvisor'
2016-04-27 17:58:13.280 DEBUG 37359 --- [    Test worker] o.s.b.f.s.DefaultListableBeanFactory     : Finished creating instance of bean 'messageConverters'
2016-04-27 17:58:13.280 DEBUG 37359 --- [    Test worker] f.a.AutowiredAnnotationBeanPostProcessor : Autowiring by type from bean name 'org.springframework.boot.autoconfigure.web.WebMvcAutoConfiguration$WebMvcAutoConfigurationAdapter' to bean named 'messageConverters'
2016-04-27 17:58:13.280 DEBUG 37359 --- [    Test worker] o.s.b.f.s.DefaultListableBeanFactory     : Returning cached instance of singleton bean 'org.springframework.transaction.config.internalTransactionAdvisor'
2016-04-27 17:58:13.280 DEBUG 37359 --- [    Test worker] o.s.b.f.s.DefaultListableBeanFactory     : Returning cached instance of singleton bean 'org.springframework.transaction.config.internalTransactionAdvisor'
2016-04-27 17:58:13.281 DEBUG 37359 --- [    Test worker] o.s.b.f.s.DefaultListableBeanFactory     : Finished creating instance of bean 'org.springframework.boot.autoconfigure.web.WebMvcAutoConfiguration$WebMvcAutoConfigurationAdapter'
2016-04-27 17:58:13.284 DEBUG 37359 --- [    Test worker] o.s.b.f.s.DefaultListableBeanFactory     : Eagerly caching bean 'beanNameViewResolver' to allow for resolving potential circular references
2016-04-27 17:58:13.284 TRACE 37359 --- [    Test worker] o.s.beans.CachedIntrospectionResults     : Getting BeanInfo for class [org.springframework.web.servlet.view.BeanNameViewResolver]
2016-04-27 17:58:13.286 TRACE 37359 --- [    Test worker] o.s.beans.CachedIntrospectionResults     : Caching PropertyDescriptors for class [org.springframework.web.servlet.view.BeanNameViewResolver]
2016-04-27 17:58:13.286 TRACE 37359 --- [    Test worker] o.s.beans.CachedIntrospectionResults     : Found bean property 'applicationContext' of type [org.springframework.context.ApplicationContext]
2016-04-27 17:58:13.286 TRACE 37359 --- [    Test worker] o.s.beans.CachedIntrospectionResults     : Found bean property 'class' of type [java.lang.Class]
2016-04-27 17:58:13.286 TRACE 37359 --- [    Test worker] o.s.beans.CachedIntrospectionResults     : Found bean property 'order' of type [int]
2016-04-27 17:58:13.286 TRACE 37359 --- [    Test worker] o.s.beans.CachedIntrospectionResults     : Found bean property 'servletContext' of type [javax.servlet.ServletContext]
2016-04-27 17:58:13.286 DEBUG 37359 --- [    Test worker] o.s.b.f.s.DefaultListableBeanFactory     : Returning cached instance of singleton bean 'org.springframework.transaction.config.internalTransactionAdvisor'
2016-04-27 17:58:13.286 DEBUG 37359 --- [    Test worker] o.s.b.f.s.DefaultListableBeanFactory     : Returning cached instance of singleton bean 'org.springframework.transaction.config.internalTransactionAdvisor'
2016-04-27 17:58:13.287 DEBUG 37359 --- [    Test worker] o.s.b.f.s.DefaultListableBeanFactory     : Finished creating instance of bean 'beanNameViewResolver'
2016-04-27 17:58:13.287 DEBUG 37359 --- [    Test worker] o.s.b.f.s.DefaultListableBeanFactory     : Returning cached instance of singleton bean 'org.springframework.boot.autoconfigure.web.ErrorMvcAutoConfiguration'
2016-04-27 17:58:13.287 DEBUG 37359 --- [    Test worker] o.s.b.f.s.DefaultListableBeanFactory     : Creating shared instance of singleton bean 'errorAttributes'
2016-04-27 17:58:13.287 DEBUG 37359 --- [    Test worker] o.s.b.f.s.DefaultListableBeanFactory     : Creating instance of bean 'errorAttributes'
2016-04-27 17:58:13.287 DEBUG 37359 --- [    Test worker] o.s.b.f.s.DefaultListableBeanFactory     : Returning cached instance of singleton bean 'org.springframework.transaction.config.internalTransactionAdvisor'
2016-04-27 17:58:13.287 DEBUG 37359 --- [    Test worker] o.s.b.f.s.DefaultListableBeanFactory     : Returning cached instance of singleton bean 'org.springframework.boot.autoconfigure.web.ErrorMvcAutoConfiguration'
2016-04-27 17:58:13.289 DEBUG 37359 --- [    Test worker] o.s.b.f.s.DefaultListableBeanFactory     : Eagerly caching bean 'errorAttributes' to allow for resolving potential circular references
2016-04-27 17:58:13.289 TRACE 37359 --- [    Test worker] o.s.beans.CachedIntrospectionResults     : Getting BeanInfo for class [org.springframework.boot.autoconfigure.web.DefaultErrorAttributes]
2016-04-27 17:58:13.290 TRACE 37359 --- [    Test worker] o.s.beans.CachedIntrospectionResults     : Caching PropertyDescriptors for class [org.springframework.boot.autoconfigure.web.DefaultErrorAttributes]
2016-04-27 17:58:13.290 TRACE 37359 --- [    Test worker] o.s.beans.CachedIntrospectionResults     : Found bean property 'class' of type [java.lang.Class]
2016-04-27 17:58:13.290 TRACE 37359 --- [    Test worker] o.s.beans.CachedIntrospectionResults     : Found bean property 'order' of type [int]
2016-04-27 17:58:13.290 DEBUG 37359 --- [    Test worker] o.s.b.f.s.DefaultListableBeanFactory     : Returning cached instance of singleton bean 'org.springframework.transaction.config.internalTransactionAdvisor'
2016-04-27 17:58:13.290 DEBUG 37359 --- [    Test worker] o.s.b.f.s.DefaultListableBeanFactory     : Returning cached instance of singleton bean 'org.springframework.transaction.config.internalTransactionAdvisor'
2016-04-27 17:58:13.290 DEBUG 37359 --- [    Test worker] o.s.b.f.s.DefaultListableBeanFactory     : Finished creating instance of bean 'errorAttributes'
2016-04-27 17:58:13.290 DEBUG 37359 --- [    Test worker] o.s.b.f.s.DefaultListableBeanFactory     : Creating shared instance of singleton bean 'basicErrorController'
2016-04-27 17:58:13.290 DEBUG 37359 --- [    Test worker] o.s.b.f.s.DefaultListableBeanFactory     : Creating instance of bean 'basicErrorController'
2016-04-27 17:58:13.291 DEBUG 37359 --- [    Test worker] o.s.b.f.s.DefaultListableBeanFactory     : Returning cached instance of singleton bean 'org.springframework.transaction.config.internalTransactionAdvisor'
2016-04-27 17:58:13.291 DEBUG 37359 --- [    Test worker] o.s.b.f.s.DefaultListableBeanFactory     : Returning cached instance of singleton bean 'org.springframework.boot.autoconfigure.web.ErrorMvcAutoConfiguration'
2016-04-27 17:58:13.292 DEBUG 37359 --- [    Test worker] o.s.b.f.s.DefaultListableBeanFactory     : Returning cached instance of singleton bean 'errorAttributes'
2016-04-27 17:58:13.292 DEBUG 37359 --- [    Test worker] o.s.b.f.s.DefaultListableBeanFactory     : Autowiring by type from bean name 'basicErrorController' via factory method to bean named 'errorAttributes'
2016-04-27 17:58:13.292 DEBUG 37359 --- [    Test worker] o.s.b.f.annotation.InjectionMetadata     : Registered injected element on class [org.springframework.boot.autoconfigure.web.BasicErrorController]: AutowiredFieldElement for private java.lang.String org.springframework.boot.autoconfigure.web.BasicErrorController.errorPath
2016-04-27 17:58:13.292 DEBUG 37359 --- [    Test worker] o.s.b.f.s.DefaultListableBeanFactory     : Eagerly caching bean 'basicErrorController' to allow for resolving potential circular references
2016-04-27 17:58:13.292 TRACE 37359 --- [    Test worker] o.s.beans.CachedIntrospectionResults     : Getting BeanInfo for class [org.springframework.boot.autoconfigure.web.BasicErrorController]
2016-04-27 17:58:13.294 TRACE 37359 --- [    Test worker] o.s.beans.CachedIntrospectionResults     : Caching PropertyDescriptors for class [org.springframework.boot.autoconfigure.web.BasicErrorController]
2016-04-27 17:58:13.294 TRACE 37359 --- [    Test worker] o.s.beans.CachedIntrospectionResults     : Found bean property 'class' of type [java.lang.Class]
2016-04-27 17:58:13.294 TRACE 37359 --- [    Test worker] o.s.beans.CachedIntrospectionResults     : Found bean property 'errorPath' of type [java.lang.String]
2016-04-27 17:58:13.294 DEBUG 37359 --- [    Test worker] o.s.b.f.annotation.InjectionMetadata     : Processing injected element of bean 'basicErrorController': AutowiredFieldElement for private java.lang.String org.springframework.boot.autoconfigure.web.BasicErrorController.errorPath
2016-04-27 17:58:13.294 TRACE 37359 --- [    Test worker] o.s.c.e.PropertySourcesPropertyResolver  : getProperty("error.path:/error", String)
2016-04-27 17:58:13.294 DEBUG 37359 --- [    Test worker] o.s.c.e.PropertySourcesPropertyResolver  : Searching for key 'error.path:/error' in [environmentProperties]
2016-04-27 17:58:13.294 TRACE 37359 --- [    Test worker] o.s.c.e.PropertySourcesPropertyResolver  : getProperty("error.path:/error", String)
2016-04-27 17:58:13.294 DEBUG 37359 --- [    Test worker] o.s.c.e.PropertySourcesPropertyResolver  : Searching for key 'error.path:/error' in [systemProperties]
2016-04-27 17:58:13.294 DEBUG 37359 --- [    Test worker] o.s.c.e.PropertySourcesPropertyResolver  : Searching for key 'error.path:/error' in [systemEnvironment]
2016-04-27 17:58:13.294 DEBUG 37359 --- [    Test worker] o.s.c.e.PropertySourcesPropertyResolver  : Searching for key 'error.path:/error' in [random]
2016-04-27 17:58:13.294 DEBUG 37359 --- [    Test worker] o.s.c.e.PropertySourcesPropertyResolver  : Searching for key 'error.path:/error' in [integrationTest]
2016-04-27 17:58:13.294 DEBUG 37359 --- [    Test worker] o.s.c.e.PropertySourcesPropertyResolver  : Searching for key 'error.path:/error' in [applicationConfig: [classpath:/application.yml]]
2016-04-27 17:58:13.294 DEBUG 37359 --- [    Test worker] o.s.c.e.PropertySourcesPropertyResolver  : Could not find key 'error.path:/error' in any property source. Returning [null]
2016-04-27 17:58:13.294 DEBUG 37359 --- [    Test worker] o.s.c.e.PropertySourcesPropertyResolver  : Searching for key 'error.path:/error' in [localProperties]
2016-04-27 17:58:13.294 DEBUG 37359 --- [    Test worker] o.s.c.e.PropertySourcesPropertyResolver  : Could not find key 'error.path:/error' in any property source. Returning [null]
2016-04-27 17:58:13.294 TRACE 37359 --- [    Test worker] o.s.c.e.PropertySourcesPropertyResolver  : getProperty("error.path", String)
2016-04-27 17:58:13.294 DEBUG 37359 --- [    Test worker] o.s.c.e.PropertySourcesPropertyResolver  : Searching for key 'error.path' in [environmentProperties]
2016-04-27 17:58:13.294 TRACE 37359 --- [    Test worker] o.s.c.e.PropertySourcesPropertyResolver  : getProperty("error.path", String)
2016-04-27 17:58:13.294 DEBUG 37359 --- [    Test worker] o.s.c.e.PropertySourcesPropertyResolver  : Searching for key 'error.path' in [systemProperties]
2016-04-27 17:58:13.294 DEBUG 37359 --- [    Test worker] o.s.c.e.PropertySourcesPropertyResolver  : Searching for key 'error.path' in [systemEnvironment]
2016-04-27 17:58:13.294 DEBUG 37359 --- [    Test worker] o.s.c.e.PropertySourcesPropertyResolver  : Searching for key 'error.path' in [random]
2016-04-27 17:58:13.295 DEBUG 37359 --- [    Test worker] o.s.c.e.PropertySourcesPropertyResolver  : Searching for key 'error.path' in [integrationTest]
2016-04-27 17:58:13.295 DEBUG 37359 --- [    Test worker] o.s.c.e.PropertySourcesPropertyResolver  : Searching for key 'error.path' in [applicationConfig: [classpath:/application.yml]]
2016-04-27 17:58:13.295 DEBUG 37359 --- [    Test worker] o.s.c.e.PropertySourcesPropertyResolver  : Could not find key 'error.path' in any property source. Returning [null]
2016-04-27 17:58:13.295 DEBUG 37359 --- [    Test worker] o.s.c.e.PropertySourcesPropertyResolver  : Searching for key 'error.path' in [localProperties]
2016-04-27 17:58:13.295 DEBUG 37359 --- [    Test worker] o.s.c.e.PropertySourcesPropertyResolver  : Could not find key 'error.path' in any property source. Returning [null]
2016-04-27 17:58:13.295 TRACE 37359 --- [    Test worker] o.s.util.PropertyPlaceholderHelper       : Resolved placeholder 'error.path:/error'
2016-04-27 17:58:13.295 DEBUG 37359 --- [    Test worker] o.s.b.f.s.DefaultListableBeanFactory     : Returning cached instance of singleton bean 'org.springframework.transaction.config.internalTransactionAdvisor'
2016-04-27 17:58:13.295 DEBUG 37359 --- [    Test worker] o.s.b.f.s.DefaultListableBeanFactory     : Returning cached instance of singleton bean 'org.springframework.transaction.config.internalTransactionAdvisor'
2016-04-27 17:58:13.295 DEBUG 37359 --- [    Test worker] o.s.b.f.s.DefaultListableBeanFactory     : Finished creating instance of bean 'basicErrorController'
2016-04-27 17:58:13.295 DEBUG 37359 --- [    Test worker] o.s.b.f.s.DefaultListableBeanFactory     : Creating shared instance of singleton bean 'org.springframework.boot.autoconfigure.web.WebMvcAutoConfiguration$EnableWebMvcConfiguration'
2016-04-27 17:58:13.295 DEBUG 37359 --- [    Test worker] o.s.b.f.s.DefaultListableBeanFactory     : Creating instance of bean 'org.springframework.boot.autoconfigure.web.WebMvcAutoConfiguration$EnableWebMvcConfiguration'
2016-04-27 17:58:13.295 DEBUG 37359 --- [    Test worker] o.s.b.f.s.DefaultListableBeanFactory     : Returning cached instance of singleton bean 'org.springframework.transaction.config.internalTransactionAdvisor'
2016-04-27 17:58:13.297 TRACE 37359 --- [    Test worker] o.s.beans.CachedIntrospectionResults     : Getting BeanInfo for class [org.springframework.boot.autoconfigure.web.WebMvcAutoConfiguration$EnableWebMvcConfiguration$$EnhancerBySpringCGLIB$$6723c077]
2016-04-27 17:58:13.300 TRACE 37359 --- [    Test worker] o.s.beans.CachedIntrospectionResults     : Caching PropertyDescriptors for class [org.springframework.boot.autoconfigure.web.WebMvcAutoConfiguration$EnableWebMvcConfiguration$$EnhancerBySpringCGLIB$$6723c077]
2016-04-27 17:58:13.300 TRACE 37359 --- [    Test worker] o.s.beans.CachedIntrospectionResults     : Found bean property 'applicationContext' of type [org.springframework.context.ApplicationContext]
2016-04-27 17:58:13.300 TRACE 37359 --- [    Test worker] o.s.beans.CachedIntrospectionResults     : Found bean property 'beanFactory' of type [org.springframework.beans.factory.BeanFactory]
2016-04-27 17:58:13.300 TRACE 37359 --- [    Test worker] o.s.beans.CachedIntrospectionResults     : Found bean property 'class' of type [java.lang.Class]
2016-04-27 17:58:13.300 TRACE 37359 --- [    Test worker] o.s.beans.CachedIntrospectionResults     : Found bean property 'configurers' of type [java.util.List]
2016-04-27 17:58:13.300 TRACE 37359 --- [    Test worker] o.s.beans.CachedIntrospectionResults     : Found bean property 'servletContext' of type [javax.servlet.ServletContext]
2016-04-27 17:58:13.300 DEBUG 37359 --- [    Test worker] o.s.b.f.annotation.InjectionMetadata     : Registered injected element on class [org.springframework.boot.autoconfigure.web.WebMvcAutoConfiguration$EnableWebMvcConfiguration$$EnhancerBySpringCGLIB$$6723c077]: AutowiredMethodElement for public void org.springframework.web.servlet.config.annotation.DelegatingWebMvcConfiguration.setConfigurers(java.util.List)
2016-04-27 17:58:13.300 DEBUG 37359 --- [    Test worker] o.s.b.f.annotation.InjectionMetadata     : Registered injected element on class [org.springframework.boot.autoconfigure.web.WebMvcAutoConfiguration$EnableWebMvcConfiguration$$EnhancerBySpringCGLIB$$6723c077]: AutowiredFieldElement for private org.springframework.boot.autoconfigure.web.WebMvcProperties org.springframework.boot.autoconfigure.web.WebMvcAutoConfiguration$EnableWebMvcConfiguration.mvcProperties
2016-04-27 17:58:13.301 DEBUG 37359 --- [    Test worker] o.s.b.f.annotation.InjectionMetadata     : Registered injected element on class [org.springframework.boot.autoconfigure.web.WebMvcAutoConfiguration$EnableWebMvcConfiguration$$EnhancerBySpringCGLIB$$6723c077]: AutowiredFieldElement for private org.springframework.beans.factory.ListableBeanFactory org.springframework.boot.autoconfigure.web.WebMvcAutoConfiguration$EnableWebMvcConfiguration.beanFactory
2016-04-27 17:58:13.301 DEBUG 37359 --- [    Test worker] o.s.b.f.s.DefaultListableBeanFactory     : Eagerly caching bean 'org.springframework.boot.autoconfigure.web.WebMvcAutoConfiguration$EnableWebMvcConfiguration' to allow for resolving potential circular references
2016-04-27 17:58:13.301 DEBUG 37359 --- [    Test worker] o.s.b.f.annotation.InjectionMetadata     : Processing injected element of bean 'org.springframework.boot.autoconfigure.web.WebMvcAutoConfiguration$EnableWebMvcConfiguration': AutowiredMethodElement for public void org.springframework.web.servlet.config.annotation.DelegatingWebMvcConfiguration.setConfigurers(java.util.List)
2016-04-27 17:58:13.302 DEBUG 37359 --- [    Test worker] o.s.b.f.s.DefaultListableBeanFactory     : Returning cached instance of singleton bean 'org.springframework.boot.autoconfigure.web.WebMvcAutoConfiguration$WebMvcAutoConfigurationAdapter'
2016-04-27 17:58:13.302 DEBUG 37359 --- [    Test worker] o.s.b.f.s.DefaultListableBeanFactory     : Creating shared instance of singleton bean 'org.springframework.boot.autoconfigure.orm.jpa.JpaBaseConfiguration$JpaWebConfiguration$JpaWebMvcConfiguration'
2016-04-27 17:58:13.302 DEBUG 37359 --- [    Test worker] o.s.b.f.s.DefaultListableBeanFactory     : Creating instance of bean 'org.springframework.boot.autoconfigure.orm.jpa.JpaBaseConfiguration$JpaWebConfiguration$JpaWebMvcConfiguration'
2016-04-27 17:58:13.302 DEBUG 37359 --- [    Test worker] o.s.b.f.s.DefaultListableBeanFactory     : Returning cached instance of singleton bean 'org.springframework.transaction.config.internalTransactionAdvisor'
2016-04-27 17:58:13.302 DEBUG 37359 --- [    Test worker] o.s.b.f.s.DefaultListableBeanFactory     : Eagerly caching bean 'org.springframework.boot.autoconfigure.orm.jpa.JpaBaseConfiguration$JpaWebConfiguration$JpaWebMvcConfiguration' to allow for resolving potential circular references
2016-04-27 17:58:13.302 TRACE 37359 --- [    Test worker] o.s.beans.CachedIntrospectionResults     : Getting BeanInfo for class [org.springframework.boot.autoconfigure.orm.jpa.JpaBaseConfiguration$JpaWebConfiguration$JpaWebMvcConfiguration$$EnhancerBySpringCGLIB$$eb8a7986]
2016-04-27 17:58:13.303 TRACE 37359 --- [    Test worker] o.s.beans.CachedIntrospectionResults     : Caching PropertyDescriptors for class [org.springframework.boot.autoconfigure.orm.jpa.JpaBaseConfiguration$JpaWebConfiguration$JpaWebMvcConfiguration$$EnhancerBySpringCGLIB$$eb8a7986]
2016-04-27 17:58:13.304 TRACE 37359 --- [    Test worker] o.s.beans.CachedIntrospectionResults     : Found bean property 'beanFactory' of type [org.springframework.beans.factory.BeanFactory]
2016-04-27 17:58:13.304 TRACE 37359 --- [    Test worker] o.s.beans.CachedIntrospectionResults     : Found bean property 'class' of type [java.lang.Class]
2016-04-27 17:58:13.304 TRACE 37359 --- [    Test worker] o.s.beans.CachedIntrospectionResults     : Found bean property 'messageCodesResolver' of type [org.springframework.validation.MessageCodesResolver]
2016-04-27 17:58:13.304 TRACE 37359 --- [    Test worker] o.s.beans.CachedIntrospectionResults     : Found bean property 'validator' of type [org.springframework.validation.Validator]
2016-04-27 17:58:13.304 DEBUG 37359 --- [    Test worker] o.s.b.f.s.DefaultListableBeanFactory     : Returning cached instance of singleton bean 'org.springframework.transaction.config.internalTransactionAdvisor'
2016-04-27 17:58:13.304 DEBUG 37359 --- [    Test worker] o.s.b.f.s.DefaultListableBeanFactory     : Returning cached instance of singleton bean 'org.springframework.transaction.config.internalTransactionAdvisor'
2016-04-27 17:58:13.304 DEBUG 37359 --- [    Test worker] o.s.b.f.s.DefaultListableBeanFactory     : Finished creating instance of bean 'org.springframework.boot.autoconfigure.orm.jpa.JpaBaseConfiguration$JpaWebConfiguration$JpaWebMvcConfiguration'
2016-04-27 17:58:13.304 DEBUG 37359 --- [    Test worker] o.s.b.f.s.DefaultListableBeanFactory     : Returning cached instance of singleton bean 'org.springframework.boot.autoconfigure.data.rest.SpringBootRepositoryRestMvcConfiguration'
2016-04-27 17:58:13.305 DEBUG 37359 --- [    Test worker] f.a.AutowiredAnnotationBeanPostProcessor : Autowiring by type from bean name 'org.springframework.boot.autoconfigure.web.WebMvcAutoConfiguration$EnableWebMvcConfiguration' to bean named 'org.springframework.boot.autoconfigure.web.WebMvcAutoConfiguration$WebMvcAutoConfigurationAdapter'
2016-04-27 17:58:13.305 DEBUG 37359 --- [    Test worker] f.a.AutowiredAnnotationBeanPostProcessor : Autowiring by type from bean name 'org.springframework.boot.autoconfigure.web.WebMvcAutoConfiguration$EnableWebMvcConfiguration' to bean named 'org.springframework.boot.autoconfigure.orm.jpa.JpaBaseConfiguration$JpaWebConfiguration$JpaWebMvcConfiguration'
2016-04-27 17:58:13.305 DEBUG 37359 --- [    Test worker] f.a.AutowiredAnnotationBeanPostProcessor : Autowiring by type from bean name 'org.springframework.boot.autoconfigure.web.WebMvcAutoConfiguration$EnableWebMvcConfiguration' to bean named 'org.springframework.boot.autoconfigure.data.rest.SpringBootRepositoryRestMvcConfiguration'
2016-04-27 17:58:13.305 DEBUG 37359 --- [    Test worker] o.s.b.f.annotation.InjectionMetadata     : Processing injected element of bean 'org.springframework.boot.autoconfigure.web.WebMvcAutoConfiguration$EnableWebMvcConfiguration': AutowiredFieldElement for private org.springframework.boot.autoconfigure.web.WebMvcProperties org.springframework.boot.autoconfigure.web.WebMvcAutoConfiguration$EnableWebMvcConfiguration.mvcProperties
2016-04-27 17:58:13.305 DEBUG 37359 --- [    Test worker] o.s.b.f.s.DefaultListableBeanFactory     : Returning cached instance of singleton bean 'spring.mvc.CONFIGURATION_PROPERTIES'
2016-04-27 17:58:13.305 DEBUG 37359 --- [    Test worker] f.a.AutowiredAnnotationBeanPostProcessor : Autowiring by type from bean name 'org.springframework.boot.autoconfigure.web.WebMvcAutoConfiguration$EnableWebMvcConfiguration' to bean named 'spring.mvc.CONFIGURATION_PROPERTIES'
2016-04-27 17:58:13.305 DEBUG 37359 --- [    Test worker] o.s.b.f.annotation.InjectionMetadata     : Processing injected element of bean 'org.springframework.boot.autoconfigure.web.WebMvcAutoConfiguration$EnableWebMvcConfiguration': AutowiredFieldElement for private org.springframework.beans.factory.ListableBeanFactory org.springframework.boot.autoconfigure.web.WebMvcAutoConfiguration$EnableWebMvcConfiguration.beanFactory
2016-04-27 17:58:13.305 DEBUG 37359 --- [    Test worker] f.a.AutowiredAnnotationBeanPostProcessor : Autowiring by type from bean name 'org.springframework.boot.autoconfigure.web.WebMvcAutoConfiguration$EnableWebMvcConfiguration' to bean named 'org.springframework.beans.factory.support.DefaultListableBeanFactory@3872de98'
2016-04-27 17:58:13.305 DEBUG 37359 --- [    Test worker] o.s.b.f.s.DefaultListableBeanFactory     : Returning cached instance of singleton bean 'org.springframework.transaction.config.internalTransactionAdvisor'
2016-04-27 17:58:13.305 DEBUG 37359 --- [    Test worker] o.s.b.f.s.DefaultListableBeanFactory     : Returning cached instance of singleton bean 'org.springframework.transaction.config.internalTransactionAdvisor'
2016-04-27 17:58:13.307 DEBUG 37359 --- [    Test worker] o.s.b.f.s.DefaultListableBeanFactory     : Finished creating instance of bean 'org.springframework.boot.autoconfigure.web.WebMvcAutoConfiguration$EnableWebMvcConfiguration'
2016-04-27 17:58:13.307 DEBUG 37359 --- [    Test worker] o.s.b.f.s.DefaultListableBeanFactory     : Creating shared instance of singleton bean 'requestMappingHandlerAdapter'
2016-04-27 17:58:13.307 DEBUG 37359 --- [    Test worker] o.s.b.f.s.DefaultListableBeanFactory     : Creating instance of bean 'requestMappingHandlerAdapter'
2016-04-27 17:58:13.307 DEBUG 37359 --- [    Test worker] o.s.b.f.s.DefaultListableBeanFactory     : Returning cached instance of singleton bean 'org.springframework.transaction.config.internalTransactionAdvisor'
2016-04-27 17:58:13.307 DEBUG 37359 --- [    Test worker] o.s.b.f.s.DefaultListableBeanFactory     : Returning cached instance of singleton bean 'org.springframework.boot.autoconfigure.web.WebMvcAutoConfiguration$EnableWebMvcConfiguration'
2016-04-27 17:58:13.310 DEBUG 37359 --- [    Test worker] o.s.b.f.s.DefaultListableBeanFactory     : Returning cached instance of singleton bean 'sortResolver'
2016-04-27 17:58:13.310 DEBUG 37359 --- [    Test worker] o.s.b.f.s.DefaultListableBeanFactory     : Returning cached instance of singleton bean 'pageableResolver'
2016-04-27 17:58:13.311 DEBUG 37359 --- [    Test worker] o.s.b.f.s.DefaultListableBeanFactory     : Creating shared instance of singleton bean 'mvcConversionService'
2016-04-27 17:58:13.311 DEBUG 37359 --- [    Test worker] o.s.b.f.s.DefaultListableBeanFactory     : Creating instance of bean 'mvcConversionService'
2016-04-27 17:58:13.312 DEBUG 37359 --- [    Test worker] o.s.b.f.s.DefaultListableBeanFactory     : Returning cached instance of singleton bean 'org.springframework.transaction.config.internalTransactionAdvisor'
2016-04-27 17:58:13.312 DEBUG 37359 --- [    Test worker] o.s.b.f.s.DefaultListableBeanFactory     : Returning cached instance of singleton bean 'org.springframework.boot.autoconfigure.web.WebMvcAutoConfiguration$EnableWebMvcConfiguration'
2016-04-27 17:58:13.314 DEBUG 37359 --- [    Test worker] o.s.b.f.s.DefaultListableBeanFactory     : Returning cached instance of singleton bean 'jsonSchemaConverter'
2016-04-27 17:58:13.315 DEBUG 37359 --- [    Test worker] o.s.b.f.s.DefaultListableBeanFactory     : Returning cached instance of singleton bean 'cityRepository'
2016-04-27 17:58:13.316 DEBUG 37359 --- [    Test worker] o.s.b.f.s.DefaultListableBeanFactory     : Eagerly caching bean 'mvcConversionService' to allow for resolving potential circular references
2016-04-27 17:58:13.316 DEBUG 37359 --- [    Test worker] o.s.b.f.s.DefaultListableBeanFactory     : Returning cached instance of singleton bean 'org.springframework.transaction.config.internalTransactionAdvisor'
2016-04-27 17:58:13.316 DEBUG 37359 --- [    Test worker] o.s.b.f.s.DefaultListableBeanFactory     : Returning cached instance of singleton bean 'org.springframework.transaction.config.internalTransactionAdvisor'
2016-04-27 17:58:13.316 DEBUG 37359 --- [    Test worker] o.s.b.f.s.DefaultListableBeanFactory     : Finished creating instance of bean 'mvcConversionService'
2016-04-27 17:58:13.317 DEBUG 37359 --- [    Test worker] o.s.b.f.s.DefaultListableBeanFactory     : Creating shared instance of singleton bean 'pagedResourcesAssemblerArgumentResolver'
2016-04-27 17:58:13.317 DEBUG 37359 --- [    Test worker] o.s.b.f.s.DefaultListableBeanFactory     : Creating instance of bean 'pagedResourcesAssemblerArgumentResolver'
2016-04-27 17:58:13.317 DEBUG 37359 --- [    Test worker] o.s.b.f.s.DefaultListableBeanFactory     : Returning cached instance of singleton bean 'org.springframework.transaction.config.internalTransactionAdvisor'
2016-04-27 17:58:13.317 DEBUG 37359 --- [    Test worker] o.s.b.f.s.DefaultListableBeanFactory     : Returning cached instance of singleton bean 'org.springframework.boot.autoconfigure.data.rest.SpringBootRepositoryRestMvcConfiguration'
2016-04-27 17:58:13.317 DEBUG 37359 --- [    Test worker] o.s.b.f.s.DefaultListableBeanFactory     : Returning cached instance of singleton bean 'pageableResolver'
2016-04-27 17:58:13.317 DEBUG 37359 --- [    Test worker] o.s.b.f.s.DefaultListableBeanFactory     : Eagerly caching bean 'pagedResourcesAssemblerArgumentResolver' to allow for resolving potential circular references
2016-04-27 17:58:13.317 TRACE 37359 --- [    Test worker] o.s.beans.CachedIntrospectionResults     : Getting BeanInfo for class [org.springframework.data.web.PagedResourcesAssemblerArgumentResolver]
2016-04-27 17:58:13.318 TRACE 37359 --- [    Test worker] o.s.beans.CachedIntrospectionResults     : Caching PropertyDescriptors for class [org.springframework.data.web.PagedResourcesAssemblerArgumentResolver]
2016-04-27 17:58:13.318 TRACE 37359 --- [    Test worker] o.s.beans.CachedIntrospectionResults     : Found bean property 'class' of type [java.lang.Class]
2016-04-27 17:58:13.318 DEBUG 37359 --- [    Test worker] o.s.b.f.s.DefaultListableBeanFactory     : Returning cached instance of singleton bean 'org.springframework.transaction.config.internalTransactionAdvisor'
2016-04-27 17:58:13.318 DEBUG 37359 --- [    Test worker] o.s.b.f.s.DefaultListableBeanFactory     : Returning cached instance of singleton bean 'org.springframework.transaction.config.internalTransactionAdvisor'
2016-04-27 17:58:13.318 DEBUG 37359 --- [    Test worker] o.s.b.f.s.DefaultListableBeanFactory     : Finished creating instance of bean 'pagedResourcesAssemblerArgumentResolver'
2016-04-27 17:58:13.329 DEBUG 37359 --- [    Test worker] o.s.b.f.s.DefaultListableBeanFactory     : Creating shared instance of singleton bean 'mvcContentNegotiationManager'
2016-04-27 17:58:13.329 DEBUG 37359 --- [    Test worker] o.s.b.f.s.DefaultListableBeanFactory     : Creating instance of bean 'mvcContentNegotiationManager'
2016-04-27 17:58:13.330 DEBUG 37359 --- [    Test worker] o.s.b.f.s.DefaultListableBeanFactory     : Returning cached instance of singleton bean 'org.springframework.transaction.config.internalTransactionAdvisor'
2016-04-27 17:58:13.330 DEBUG 37359 --- [    Test worker] o.s.b.f.s.DefaultListableBeanFactory     : Returning cached instance of singleton bean 'org.springframework.boot.autoconfigure.web.WebMvcAutoConfiguration$EnableWebMvcConfiguration'
2016-04-27 17:58:13.332 DEBUG 37359 --- [    Test worker] o.s.b.f.s.DefaultListableBeanFactory     : Eagerly caching bean 'mvcContentNegotiationManager' to allow for resolving potential circular references
2016-04-27 17:58:13.332 TRACE 37359 --- [    Test worker] o.s.beans.CachedIntrospectionResults     : Getting BeanInfo for class [org.springframework.web.accept.ContentNegotiationManager]
2016-04-27 17:58:13.333 TRACE 37359 --- [    Test worker] o.s.beans.CachedIntrospectionResults     : Caching PropertyDescriptors for class [org.springframework.web.accept.ContentNegotiationManager]
2016-04-27 17:58:13.333 TRACE 37359 --- [    Test worker] o.s.beans.CachedIntrospectionResults     : Found bean property 'allFileExtensions' of type [java.util.List]
2016-04-27 17:58:13.333 TRACE 37359 --- [    Test worker] o.s.beans.CachedIntrospectionResults     : Found bean property 'class' of type [java.lang.Class]
2016-04-27 17:58:13.333 DEBUG 37359 --- [    Test worker] o.s.b.f.s.DefaultListableBeanFactory     : Returning cached instance of singleton bean 'org.springframework.transaction.config.internalTransactionAdvisor'
2016-04-27 17:58:13.333 DEBUG 37359 --- [    Test worker] o.s.b.f.s.DefaultListableBeanFactory     : Returning cached instance of singleton bean 'org.springframework.transaction.config.internalTransactionAdvisor'
2016-04-27 17:58:13.334 DEBUG 37359 --- [    Test worker] o.s.b.f.s.DefaultListableBeanFactory     : Finished creating instance of bean 'mvcContentNegotiationManager'
2016-04-27 17:58:13.334 DEBUG 37359 --- [    Test worker] o.s.b.f.s.DefaultListableBeanFactory     : Returning cached instance of singleton bean 'mvcConversionService'
2016-04-27 17:58:13.335 DEBUG 37359 --- [    Test worker] o.s.b.f.s.DefaultListableBeanFactory     : Creating shared instance of singleton bean 'mvcValidator'
2016-04-27 17:58:13.335 DEBUG 37359 --- [    Test worker] o.s.b.f.s.DefaultListableBeanFactory     : Creating instance of bean 'mvcValidator'
2016-04-27 17:58:13.335 DEBUG 37359 --- [    Test worker] o.s.b.f.s.DefaultListableBeanFactory     : Returning cached instance of singleton bean 'org.springframework.transaction.config.internalTransactionAdvisor'
2016-04-27 17:58:13.335 DEBUG 37359 --- [    Test worker] o.s.b.f.s.DefaultListableBeanFactory     : Returning cached instance of singleton bean 'org.springframework.boot.autoconfigure.web.WebMvcAutoConfiguration$EnableWebMvcConfiguration'
2016-04-27 17:58:13.336 DEBUG 37359 --- [    Test worker] o.s.b.f.s.DefaultListableBeanFactory     : Eagerly caching bean 'mvcValidator' to allow for resolving potential circular references
2016-04-27 17:58:13.336 TRACE 37359 --- [    Test worker] o.s.beans.CachedIntrospectionResults     : Getting BeanInfo for class [org.springframework.validation.beanvalidation.OptionalValidatorFactoryBean]
2016-04-27 17:58:13.338 TRACE 37359 --- [    Test worker] o.s.beans.CachedIntrospectionResults     : Caching PropertyDescriptors for class [org.springframework.validation.beanvalidation.OptionalValidatorFactoryBean]
2016-04-27 17:58:13.338 TRACE 37359 --- [    Test worker] o.s.beans.CachedIntrospectionResults     : Found bean property 'applicationContext' of type [org.springframework.context.ApplicationContext]
2016-04-27 17:58:13.338 TRACE 37359 --- [    Test worker] o.s.beans.CachedIntrospectionResults     : Found bean property 'class' of type [java.lang.Class]
2016-04-27 17:58:13.338 TRACE 37359 --- [    Test worker] o.s.beans.CachedIntrospectionResults     : Found bean property 'constraintValidatorFactory' of type [javax.validation.ConstraintValidatorFactory]
2016-04-27 17:58:13.338 TRACE 37359 --- [    Test worker] o.s.beans.CachedIntrospectionResults     : Found bean property 'mappingLocations' of type [[Lorg.springframework.core.io.Resource;]
2016-04-27 17:58:13.338 TRACE 37359 --- [    Test worker] o.s.beans.CachedIntrospectionResults     : Found bean property 'messageInterpolator' of type [javax.validation.MessageInterpolator]
2016-04-27 17:58:13.338 TRACE 37359 --- [    Test worker] o.s.beans.CachedIntrospectionResults     : Found bean property 'parameterNameDiscoverer' of type [org.springframework.core.ParameterNameDiscoverer]
2016-04-27 17:58:13.338 TRACE 37359 --- [    Test worker] o.s.beans.CachedIntrospectionResults     : Found bean property 'providerClass' of type [java.lang.Class]
2016-04-27 17:58:13.338 TRACE 37359 --- [    Test worker] o.s.beans.CachedIntrospectionResults     : Found bean property 'traversableResolver' of type [javax.validation.TraversableResolver]
2016-04-27 17:58:13.338 TRACE 37359 --- [    Test worker] o.s.beans.CachedIntrospectionResults     : Found bean property 'validationMessageSource' of type [org.springframework.context.MessageSource]
2016-04-27 17:58:13.338 TRACE 37359 --- [    Test worker] o.s.beans.CachedIntrospectionResults     : Found bean property 'validationProperties' of type [java.util.Properties]
2016-04-27 17:58:13.338 TRACE 37359 --- [    Test worker] o.s.beans.CachedIntrospectionResults     : Found bean property 'validationPropertyMap' of type [java.util.Map]
2016-04-27 17:58:13.338 TRACE 37359 --- [    Test worker] o.s.beans.CachedIntrospectionResults     : Found bean property 'validator' of type [javax.validation.Validator]
2016-04-27 17:58:13.339 DEBUG 37359 --- [    Test worker] o.s.b.f.s.DefaultListableBeanFactory     : Invoking afterPropertiesSet() on bean with name 'mvcValidator'
2016-04-27 17:58:13.341 DEBUG 37359 --- [    Test worker] o.s.b.f.s.DefaultListableBeanFactory     : Returning cached instance of singleton bean 'org.springframework.transaction.config.internalTransactionAdvisor'
2016-04-27 17:58:13.341 DEBUG 37359 --- [    Test worker] o.s.b.f.s.DefaultListableBeanFactory     : Returning cached instance of singleton bean 'org.springframework.transaction.config.internalTransactionAdvisor'
2016-04-27 17:58:13.341 DEBUG 37359 --- [    Test worker] o.s.b.f.s.DefaultListableBeanFactory     : Finished creating instance of bean 'mvcValidator'
2016-04-27 17:58:13.345 DEBUG 37359 --- [    Test worker] o.s.b.f.s.DefaultListableBeanFactory     : Eagerly caching bean 'requestMappingHandlerAdapter' to allow for resolving potential circular references
2016-04-27 17:58:13.345 TRACE 37359 --- [    Test worker] o.s.beans.CachedIntrospectionResults     : Getting BeanInfo for class [org.springframework.web.servlet.mvc.method.annotation.RequestMappingHandlerAdapter]
2016-04-27 17:58:13.348 TRACE 37359 --- [    Test worker] o.s.beans.CachedIntrospectionResults     : Caching PropertyDescriptors for class [org.springframework.web.servlet.mvc.method.annotation.RequestMappingHandlerAdapter]
2016-04-27 17:58:13.348 TRACE 37359 --- [    Test worker] o.s.beans.CachedIntrospectionResults     : Found bean property 'alwaysMustRevalidate' of type [boolean]
2016-04-27 17:58:13.348 TRACE 37359 --- [    Test worker] o.s.beans.CachedIntrospectionResults     : Found bean property 'applicationContext' of type [org.springframework.context.ApplicationContext]
2016-04-27 17:58:13.348 TRACE 37359 --- [    Test worker] o.s.beans.CachedIntrospectionResults     : Found bean property 'argumentResolvers' of type [java.util.List]
2016-04-27 17:58:13.348 TRACE 37359 --- [    Test worker] o.s.beans.CachedIntrospectionResults     : Found bean property 'asyncRequestTimeout' of type [long]
2016-04-27 17:58:13.348 TRACE 37359 --- [    Test worker] o.s.beans.CachedIntrospectionResults     : Found bean property 'beanFactory' of type [org.springframework.beans.factory.BeanFactory]
2016-04-27 17:58:13.348 TRACE 37359 --- [    Test worker] o.s.beans.CachedIntrospectionResults     : Found bean property 'cacheControl' of type [org.springframework.http.CacheControl]
2016-04-27 17:58:13.348 TRACE 37359 --- [    Test worker] o.s.beans.CachedIntrospectionResults     : Found bean property 'cacheSeconds' of type [int]
2016-04-27 17:58:13.348 TRACE 37359 --- [    Test worker] o.s.beans.CachedIntrospectionResults     : Found bean property 'cacheSecondsForSessionAttributeHandlers' of type [int]
2016-04-27 17:58:13.348 TRACE 37359 --- [    Test worker] o.s.beans.CachedIntrospectionResults     : Found bean property 'callableInterceptors' of type [java.util.List]
2016-04-27 17:58:13.348 TRACE 37359 --- [    Test worker] o.s.beans.CachedIntrospectionResults     : Found bean property 'class' of type [java.lang.Class]
2016-04-27 17:58:13.348 TRACE 37359 --- [    Test worker] o.s.beans.CachedIntrospectionResults     : Found bean property 'contentNegotiationManager' of type [org.springframework.web.accept.ContentNegotiationManager]
2016-04-27 17:58:13.348 TRACE 37359 --- [    Test worker] o.s.beans.CachedIntrospectionResults     : Found bean property 'customArgumentResolvers' of type [java.util.List]
2016-04-27 17:58:13.348 TRACE 37359 --- [    Test worker] o.s.beans.CachedIntrospectionResults     : Found bean property 'customReturnValueHandlers' of type [java.util.List]
2016-04-27 17:58:13.348 TRACE 37359 --- [    Test worker] o.s.beans.CachedIntrospectionResults     : Found bean property 'deferredResultInterceptors' of type [java.util.List]
2016-04-27 17:58:13.348 TRACE 37359 --- [    Test worker] o.s.beans.CachedIntrospectionResults     : Found bean property 'ignoreDefaultModelOnRedirect' of type [boolean]
2016-04-27 17:58:13.348 TRACE 37359 --- [    Test worker] o.s.beans.CachedIntrospectionResults     : Found bean property 'initBinderArgumentResolvers' of type [java.util.List]
2016-04-27 17:58:13.348 TRACE 37359 --- [    Test worker] o.s.beans.CachedIntrospectionResults     : Found bean property 'messageConverters' of type [java.util.List]
2016-04-27 17:58:13.348 TRACE 37359 --- [    Test worker] o.s.beans.CachedIntrospectionResults     : Found bean property 'modelAndViewResolvers' of type [java.util.List]
2016-04-27 17:58:13.348 TRACE 37359 --- [    Test worker] o.s.beans.CachedIntrospectionResults     : Found bean property 'order' of type [int]
2016-04-27 17:58:13.348 TRACE 37359 --- [    Test worker] o.s.beans.CachedIntrospectionResults     : Found bean property 'parameterNameDiscoverer' of type [org.springframework.core.ParameterNameDiscoverer]
2016-04-27 17:58:13.348 TRACE 37359 --- [    Test worker] o.s.beans.CachedIntrospectionResults     : Found bean property 'requestBodyAdvice' of type [java.util.List]
2016-04-27 17:58:13.349 TRACE 37359 --- [    Test worker] o.s.beans.CachedIntrospectionResults     : Found bean property 'requireSession' of type [boolean]
2016-04-27 17:58:13.349 TRACE 37359 --- [    Test worker] o.s.beans.CachedIntrospectionResults     : Found bean property 'responseBodyAdvice' of type [java.util.List]
2016-04-27 17:58:13.349 TRACE 37359 --- [    Test worker] o.s.beans.CachedIntrospectionResults     : Found bean property 'returnValueHandlers' of type [java.util.List]
2016-04-27 17:58:13.349 TRACE 37359 --- [    Test worker] o.s.beans.CachedIntrospectionResults     : Found bean property 'servletContext' of type [javax.servlet.ServletContext]
2016-04-27 17:58:13.349 TRACE 37359 --- [    Test worker] o.s.beans.CachedIntrospectionResults     : Found bean property 'sessionAttributeStore' of type [org.springframework.web.bind.support.SessionAttributeStore]
2016-04-27 17:58:13.349 TRACE 37359 --- [    Test worker] o.s.beans.CachedIntrospectionResults     : Found bean property 'supportedMethods' of type [[Ljava.lang.String;]
2016-04-27 17:58:13.349 TRACE 37359 --- [    Test worker] o.s.beans.CachedIntrospectionResults     : Found bean property 'synchronizeOnSession' of type [boolean]
2016-04-27 17:58:13.349 TRACE 37359 --- [    Test worker] o.s.beans.CachedIntrospectionResults     : Found bean property 'taskExecutor' of type [org.springframework.core.task.AsyncTaskExecutor]
2016-04-27 17:58:13.349 TRACE 37359 --- [    Test worker] o.s.beans.CachedIntrospectionResults     : Found bean property 'useCacheControlHeader' of type [boolean]
2016-04-27 17:58:13.349 TRACE 37359 --- [    Test worker] o.s.beans.CachedIntrospectionResults     : Found bean property 'useCacheControlNoStore' of type [boolean]
2016-04-27 17:58:13.349 TRACE 37359 --- [    Test worker] o.s.beans.CachedIntrospectionResults     : Found bean property 'useExpiresHeader' of type [boolean]
2016-04-27 17:58:13.349 TRACE 37359 --- [    Test worker] o.s.beans.CachedIntrospectionResults     : Found bean property 'webBindingInitializer' of type [org.springframework.web.bind.support.WebBindingInitializer]
2016-04-27 17:58:13.350 DEBUG 37359 --- [    Test worker] o.s.b.f.s.DefaultListableBeanFactory     : Invoking afterPropertiesSet() on bean with name 'requestMappingHandlerAdapter'
2016-04-27 17:58:13.350  INFO 37359 --- [    Test worker] s.w.s.m.m.a.RequestMappingHandlerAdapter : Looking for @ControllerAdvice: org.springframework.web.context.support.GenericWebApplicationContext@5a677df7: startup date [Wed Apr 27 17:58:10 EDT 2016]; root of context hierarchy
2016-04-27 17:58:13.370 DEBUG 37359 --- [    Test worker] o.s.b.f.s.DefaultListableBeanFactory     : Returning cached instance of singleton bean 'org.springframework.transaction.config.internalTransactionAdvisor'
2016-04-27 17:58:13.370 DEBUG 37359 --- [    Test worker] o.s.b.f.s.DefaultListableBeanFactory     : Returning cached instance of singleton bean 'org.springframework.transaction.config.internalTransactionAdvisor'
2016-04-27 17:58:13.370 DEBUG 37359 --- [    Test worker] o.s.b.f.s.DefaultListableBeanFactory     : Finished creating instance of bean 'requestMappingHandlerAdapter'
2016-04-27 17:58:13.370 DEBUG 37359 --- [    Test worker] o.s.b.f.s.DefaultListableBeanFactory     : Creating shared instance of singleton bean 'requestMappingHandlerMapping'
2016-04-27 17:58:13.370 DEBUG 37359 --- [    Test worker] o.s.b.f.s.DefaultListableBeanFactory     : Creating instance of bean 'requestMappingHandlerMapping'
2016-04-27 17:58:13.371 DEBUG 37359 --- [    Test worker] o.s.b.f.s.DefaultListableBeanFactory     : Returning cached instance of singleton bean 'org.springframework.transaction.config.internalTransactionAdvisor'
2016-04-27 17:58:13.371 DEBUG 37359 --- [    Test worker] o.s.b.f.s.DefaultListableBeanFactory     : Returning cached instance of singleton bean 'org.springframework.boot.autoconfigure.web.WebMvcAutoConfiguration$EnableWebMvcConfiguration'
2016-04-27 17:58:13.375 DEBUG 37359 --- [    Test worker] o.s.b.f.s.DefaultListableBeanFactory     : Creating shared instance of singleton bean 'openEntityManagerInViewInterceptor'
2016-04-27 17:58:13.375 DEBUG 37359 --- [    Test worker] o.s.b.f.s.DefaultListableBeanFactory     : Creating instance of bean 'openEntityManagerInViewInterceptor'
2016-04-27 17:58:13.376 DEBUG 37359 --- [    Test worker] o.s.b.f.s.DefaultListableBeanFactory     : Returning cached instance of singleton bean 'org.springframework.transaction.config.internalTransactionAdvisor'
2016-04-27 17:58:13.376 DEBUG 37359 --- [    Test worker] o.s.b.f.s.DefaultListableBeanFactory     : Returning cached instance of singleton bean 'org.springframework.boot.autoconfigure.orm.jpa.JpaBaseConfiguration$JpaWebConfiguration$JpaWebMvcConfiguration'
2016-04-27 17:58:13.378 DEBUG 37359 --- [    Test worker] o.s.b.f.s.DefaultListableBeanFactory     : Eagerly caching bean 'openEntityManagerInViewInterceptor' to allow for resolving potential circular references
2016-04-27 17:58:13.378 TRACE 37359 --- [    Test worker] o.s.beans.CachedIntrospectionResults     : Getting BeanInfo for class [org.springframework.orm.jpa.support.OpenEntityManagerInViewInterceptor]
2016-04-27 17:58:13.380 TRACE 37359 --- [    Test worker] o.s.beans.CachedIntrospectionResults     : Caching PropertyDescriptors for class [org.springframework.orm.jpa.support.OpenEntityManagerInViewInterceptor]
2016-04-27 17:58:13.380 TRACE 37359 --- [    Test worker] o.s.beans.CachedIntrospectionResults     : Found bean property 'beanFactory' of type [org.springframework.beans.factory.BeanFactory]
2016-04-27 17:58:13.380 TRACE 37359 --- [    Test worker] o.s.beans.CachedIntrospectionResults     : Found bean property 'class' of type [java.lang.Class]
2016-04-27 17:58:13.380 TRACE 37359 --- [    Test worker] o.s.beans.CachedIntrospectionResults     : Found bean property 'entityManagerFactory' of type [javax.persistence.EntityManagerFactory]
2016-04-27 17:58:13.380 TRACE 37359 --- [    Test worker] o.s.beans.CachedIntrospectionResults     : Found bean property 'jpaProperties' of type [java.util.Properties]
2016-04-27 17:58:13.380 TRACE 37359 --- [    Test worker] o.s.beans.CachedIntrospectionResults     : Found bean property 'jpaPropertyMap' of type [java.util.Map]
2016-04-27 17:58:13.380 TRACE 37359 --- [    Test worker] o.s.beans.CachedIntrospectionResults     : Found bean property 'persistenceUnitName' of type [java.lang.String]
2016-04-27 17:58:13.380 DEBUG 37359 --- [    Test worker] o.s.b.f.s.DefaultListableBeanFactory     : Returning cached instance of singleton bean 'entityManagerFactory'
2016-04-27 17:58:13.380 DEBUG 37359 --- [    Test worker] o.s.b.f.s.DefaultListableBeanFactory     : Returning cached instance of singleton bean 'org.springframework.transaction.config.internalTransactionAdvisor'
2016-04-27 17:58:13.380 DEBUG 37359 --- [    Test worker] o.s.b.f.s.DefaultListableBeanFactory     : Returning cached instance of singleton bean 'org.springframework.transaction.config.internalTransactionAdvisor'
2016-04-27 17:58:13.381 DEBUG 37359 --- [    Test worker] o.s.b.f.s.DefaultListableBeanFactory     : Finished creating instance of bean 'openEntityManagerInViewInterceptor'
2016-04-27 17:58:13.382 DEBUG 37359 --- [    Test worker] o.s.b.f.s.DefaultListableBeanFactory     : Returning cached instance of singleton bean 'mvcConversionService'
2016-04-27 17:58:13.382 DEBUG 37359 --- [    Test worker] o.s.b.f.s.DefaultListableBeanFactory     : Creating shared instance of singleton bean 'mvcResourceUrlProvider'
2016-04-27 17:58:13.382 DEBUG 37359 --- [    Test worker] o.s.b.f.s.DefaultListableBeanFactory     : Creating instance of bean 'mvcResourceUrlProvider'
2016-04-27 17:58:13.382 DEBUG 37359 --- [    Test worker] o.s.b.f.s.DefaultListableBeanFactory     : Returning cached instance of singleton bean 'org.springframework.transaction.config.internalTransactionAdvisor'
2016-04-27 17:58:13.382 DEBUG 37359 --- [    Test worker] o.s.b.f.s.DefaultListableBeanFactory     : Returning cached instance of singleton bean 'org.springframework.boot.autoconfigure.web.WebMvcAutoConfiguration$EnableWebMvcConfiguration'
2016-04-27 17:58:13.383 DEBUG 37359 --- [    Test worker] o.s.b.f.s.DefaultListableBeanFactory     : Eagerly caching bean 'mvcResourceUrlProvider' to allow for resolving potential circular references
2016-04-27 17:58:13.383 TRACE 37359 --- [    Test worker] o.s.beans.CachedIntrospectionResults     : Getting BeanInfo for class [org.springframework.web.servlet.resource.ResourceUrlProvider]
2016-04-27 17:58:13.384 TRACE 37359 --- [    Test worker] o.s.beans.CachedIntrospectionResults     : Caching PropertyDescriptors for class [org.springframework.web.servlet.resource.ResourceUrlProvider]
2016-04-27 17:58:13.384 TRACE 37359 --- [    Test worker] o.s.beans.CachedIntrospectionResults     : Found bean property 'autodetect' of type [boolean]
2016-04-27 17:58:13.384 TRACE 37359 --- [    Test worker] o.s.beans.CachedIntrospectionResults     : Found bean property 'class' of type [java.lang.Class]
2016-04-27 17:58:13.384 TRACE 37359 --- [    Test worker] o.s.beans.CachedIntrospectionResults     : Found bean property 'handlerMap' of type [java.util.Map]
2016-04-27 17:58:13.384 TRACE 37359 --- [    Test worker] o.s.beans.CachedIntrospectionResults     : Found bean property 'pathHelper' of type [org.springframework.web.util.UrlPathHelper]
2016-04-27 17:58:13.384 TRACE 37359 --- [    Test worker] o.s.beans.CachedIntrospectionResults     : Found bean property 'pathMatcher' of type [org.springframework.util.PathMatcher]
2016-04-27 17:58:13.384 TRACE 37359 --- [    Test worker] o.s.beans.CachedIntrospectionResults     : Found bean property 'urlPathHelper' of type [org.springframework.web.util.UrlPathHelper]
2016-04-27 17:58:13.384 DEBUG 37359 --- [    Test worker] o.s.b.f.s.DefaultListableBeanFactory     : Returning cached instance of singleton bean 'org.springframework.transaction.config.internalTransactionAdvisor'
2016-04-27 17:58:13.384 DEBUG 37359 --- [    Test worker] o.s.b.f.s.DefaultListableBeanFactory     : Returning cached instance of singleton bean 'org.springframework.transaction.config.internalTransactionAdvisor'
2016-04-27 17:58:13.384 DEBUG 37359 --- [    Test worker] o.s.b.f.s.DefaultListableBeanFactory     : Finished creating instance of bean 'mvcResourceUrlProvider'
2016-04-27 17:58:13.385 DEBUG 37359 --- [    Test worker] o.s.b.f.s.DefaultListableBeanFactory     : Returning cached instance of singleton bean 'mvcContentNegotiationManager'
2016-04-27 17:58:13.387 DEBUG 37359 --- [    Test worker] o.s.b.f.s.DefaultListableBeanFactory     : Eagerly caching bean 'requestMappingHandlerMapping' to allow for resolving potential circular references
2016-04-27 17:58:13.388 TRACE 37359 --- [    Test worker] o.s.beans.CachedIntrospectionResults     : Getting BeanInfo for class [org.springframework.web.servlet.mvc.method.annotation.RequestMappingHandlerMapping]
2016-04-27 17:58:13.390 TRACE 37359 --- [    Test worker] o.s.beans.CachedIntrospectionResults     : Caching PropertyDescriptors for class [org.springframework.web.servlet.mvc.method.annotation.RequestMappingHandlerMapping]
2016-04-27 17:58:13.390 TRACE 37359 --- [    Test worker] o.s.beans.CachedIntrospectionResults     : Found bean property 'alwaysUseFullPath' of type [boolean]
2016-04-27 17:58:13.391 TRACE 37359 --- [    Test worker] o.s.beans.CachedIntrospectionResults     : Found bean property 'applicationContext' of type [org.springframework.context.ApplicationContext]
2016-04-27 17:58:13.391 TRACE 37359 --- [    Test worker] o.s.beans.CachedIntrospectionResults     : Found bean property 'class' of type [java.lang.Class]
2016-04-27 17:58:13.391 TRACE 37359 --- [    Test worker] o.s.beans.CachedIntrospectionResults     : Found bean property 'contentNegotiationManager' of type [org.springframework.web.accept.ContentNegotiationManager]
2016-04-27 17:58:13.391 TRACE 37359 --- [    Test worker] o.s.beans.CachedIntrospectionResults     : Found bean property 'corsConfigurations' of type [java.util.Map]
2016-04-27 17:58:13.391 TRACE 37359 --- [    Test worker] o.s.beans.CachedIntrospectionResults     : Found bean property 'corsProcessor' of type [org.springframework.web.cors.CorsProcessor]
2016-04-27 17:58:13.391 TRACE 37359 --- [    Test worker] o.s.beans.CachedIntrospectionResults     : Found bean property 'defaultHandler' of type [java.lang.Object]
2016-04-27 17:58:13.391 TRACE 37359 --- [    Test worker] o.s.beans.CachedIntrospectionResults     : Found bean property 'detectHandlerMethodsInAncestorContexts' of type [boolean]
2016-04-27 17:58:13.391 TRACE 37359 --- [    Test worker] o.s.beans.CachedIntrospectionResults     : Found bean property 'embeddedValueResolver' of type [org.springframework.util.StringValueResolver]
2016-04-27 17:58:13.391 TRACE 37359 --- [    Test worker] o.s.beans.CachedIntrospectionResults     : Found bean property 'fileExtensions' of type [java.util.List]
2016-04-27 17:58:13.391 TRACE 37359 --- [    Test worker] o.s.beans.CachedIntrospectionResults     : Found bean property 'handlerMethodMappingNamingStrategy' of type [org.springframework.web.servlet.handler.HandlerMethodMappingNamingStrategy]
2016-04-27 17:58:13.391 TRACE 37359 --- [    Test worker] o.s.beans.CachedIntrospectionResults     : Found bean property 'handlerMethods' of type [java.util.Map]
2016-04-27 17:58:13.391 TRACE 37359 --- [    Test worker] o.s.beans.CachedIntrospectionResults     : Found bean property 'interceptors' of type [[Ljava.lang.Object;]
2016-04-27 17:58:13.391 TRACE 37359 --- [    Test worker] o.s.beans.CachedIntrospectionResults     : Found bean property 'namingStrategy' of type [org.springframework.web.servlet.handler.HandlerMethodMappingNamingStrategy]
2016-04-27 17:58:13.391 TRACE 37359 --- [    Test worker] o.s.beans.CachedIntrospectionResults     : Found bean property 'order' of type [int]
2016-04-27 17:58:13.391 TRACE 37359 --- [    Test worker] o.s.beans.CachedIntrospectionResults     : Found bean property 'pathMatcher' of type [org.springframework.util.PathMatcher]
2016-04-27 17:58:13.391 TRACE 37359 --- [    Test worker] o.s.beans.CachedIntrospectionResults     : Found bean property 'removeSemicolonContent' of type [boolean]
2016-04-27 17:58:13.391 TRACE 37359 --- [    Test worker] o.s.beans.CachedIntrospectionResults     : Found bean property 'servletContext' of type [javax.servlet.ServletContext]
2016-04-27 17:58:13.391 TRACE 37359 --- [    Test worker] o.s.beans.CachedIntrospectionResults     : Found bean property 'urlDecode' of type [boolean]
2016-04-27 17:58:13.392 TRACE 37359 --- [    Test worker] o.s.beans.CachedIntrospectionResults     : Found bean property 'urlPathHelper' of type [org.springframework.web.util.UrlPathHelper]
2016-04-27 17:58:13.392 TRACE 37359 --- [    Test worker] o.s.beans.CachedIntrospectionResults     : Found bean property 'useRegisteredSuffixPatternMatch' of type [boolean]
2016-04-27 17:58:13.392 TRACE 37359 --- [    Test worker] o.s.beans.CachedIntrospectionResults     : Found bean property 'useSuffixPatternMatch' of type [boolean]
2016-04-27 17:58:13.392 TRACE 37359 --- [    Test worker] o.s.beans.CachedIntrospectionResults     : Found bean property 'useTrailingSlashMatch' of type [boolean]
2016-04-27 17:58:13.393 DEBUG 37359 --- [    Test worker] o.s.b.f.s.DefaultListableBeanFactory     : Invoking afterPropertiesSet() on bean with name 'requestMappingHandlerMapping'
2016-04-27 17:58:13.393 DEBUG 37359 --- [    Test worker] s.w.s.m.m.a.RequestMappingHandlerMapping : Looking for request mappings in application context: org.springframework.web.context.support.GenericWebApplicationContext@5a677df7: startup date [Wed Apr 27 17:58:10 EDT 2016]; root of context hierarchy
2016-04-27 17:58:13.399 TRACE 37359 --- [    Test worker] o.s.c.e.PropertySourcesPropertyResolver  : getProperty("error.path:/error", String)
2016-04-27 17:58:13.399 DEBUG 37359 --- [    Test worker] o.s.c.e.PropertySourcesPropertyResolver  : Searching for key 'error.path:/error' in [environmentProperties]
2016-04-27 17:58:13.399 TRACE 37359 --- [    Test worker] o.s.c.e.PropertySourcesPropertyResolver  : getProperty("error.path:/error", String)
2016-04-27 17:58:13.399 DEBUG 37359 --- [    Test worker] o.s.c.e.PropertySourcesPropertyResolver  : Searching for key 'error.path:/error' in [systemProperties]
2016-04-27 17:58:13.399 DEBUG 37359 --- [    Test worker] o.s.c.e.PropertySourcesPropertyResolver  : Searching for key 'error.path:/error' in [systemEnvironment]
2016-04-27 17:58:13.399 DEBUG 37359 --- [    Test worker] o.s.c.e.PropertySourcesPropertyResolver  : Searching for key 'error.path:/error' in [random]
2016-04-27 17:58:13.399 DEBUG 37359 --- [    Test worker] o.s.c.e.PropertySourcesPropertyResolver  : Searching for key 'error.path:/error' in [integrationTest]
2016-04-27 17:58:13.399 DEBUG 37359 --- [    Test worker] o.s.c.e.PropertySourcesPropertyResolver  : Searching for key 'error.path:/error' in [applicationConfig: [classpath:/application.yml]]
2016-04-27 17:58:13.399 DEBUG 37359 --- [    Test worker] o.s.c.e.PropertySourcesPropertyResolver  : Could not find key 'error.path:/error' in any property source. Returning [null]
2016-04-27 17:58:13.399 DEBUG 37359 --- [    Test worker] o.s.c.e.PropertySourcesPropertyResolver  : Searching for key 'error.path:/error' in [localProperties]
2016-04-27 17:58:13.399 DEBUG 37359 --- [    Test worker] o.s.c.e.PropertySourcesPropertyResolver  : Could not find key 'error.path:/error' in any property source. Returning [null]
2016-04-27 17:58:13.400 TRACE 37359 --- [    Test worker] o.s.c.e.PropertySourcesPropertyResolver  : getProperty("error.path", String)
2016-04-27 17:58:13.400 DEBUG 37359 --- [    Test worker] o.s.c.e.PropertySourcesPropertyResolver  : Searching for key 'error.path' in [environmentProperties]
2016-04-27 17:58:13.400 TRACE 37359 --- [    Test worker] o.s.c.e.PropertySourcesPropertyResolver  : getProperty("error.path", String)
2016-04-27 17:58:13.400 DEBUG 37359 --- [    Test worker] o.s.c.e.PropertySourcesPropertyResolver  : Searching for key 'error.path' in [systemProperties]
2016-04-27 17:58:13.400 DEBUG 37359 --- [    Test worker] o.s.c.e.PropertySourcesPropertyResolver  : Searching for key 'error.path' in [systemEnvironment]
2016-04-27 17:58:13.400 DEBUG 37359 --- [    Test worker] o.s.c.e.PropertySourcesPropertyResolver  : Searching for key 'error.path' in [random]
2016-04-27 17:58:13.400 DEBUG 37359 --- [    Test worker] o.s.c.e.PropertySourcesPropertyResolver  : Searching for key 'error.path' in [integrationTest]
2016-04-27 17:58:13.400 DEBUG 37359 --- [    Test worker] o.s.c.e.PropertySourcesPropertyResolver  : Searching for key 'error.path' in [applicationConfig: [classpath:/application.yml]]
2016-04-27 17:58:13.400 DEBUG 37359 --- [    Test worker] o.s.c.e.PropertySourcesPropertyResolver  : Could not find key 'error.path' in any property source. Returning [null]
2016-04-27 17:58:13.400 DEBUG 37359 --- [    Test worker] o.s.c.e.PropertySourcesPropertyResolver  : Searching for key 'error.path' in [localProperties]
2016-04-27 17:58:13.400 DEBUG 37359 --- [    Test worker] o.s.c.e.PropertySourcesPropertyResolver  : Could not find key 'error.path' in any property source. Returning [null]
2016-04-27 17:58:13.400 TRACE 37359 --- [    Test worker] o.s.util.PropertyPlaceholderHelper       : Resolved placeholder 'error.path:/error'
2016-04-27 17:58:13.400 TRACE 37359 --- [    Test worker] o.s.c.e.PropertySourcesPropertyResolver  : getProperty("error.path:/error", String)
2016-04-27 17:58:13.400 DEBUG 37359 --- [    Test worker] o.s.c.e.PropertySourcesPropertyResolver  : Searching for key 'error.path:/error' in [environmentProperties]
2016-04-27 17:58:13.400 TRACE 37359 --- [    Test worker] o.s.c.e.PropertySourcesPropertyResolver  : getProperty("error.path:/error", String)
2016-04-27 17:58:13.400 DEBUG 37359 --- [    Test worker] o.s.c.e.PropertySourcesPropertyResolver  : Searching for key 'error.path:/error' in [systemProperties]
2016-04-27 17:58:13.400 DEBUG 37359 --- [    Test worker] o.s.c.e.PropertySourcesPropertyResolver  : Searching for key 'error.path:/error' in [systemEnvironment]
2016-04-27 17:58:13.400 DEBUG 37359 --- [    Test worker] o.s.c.e.PropertySourcesPropertyResolver  : Searching for key 'error.path:/error' in [random]
2016-04-27 17:58:13.400 DEBUG 37359 --- [    Test worker] o.s.c.e.PropertySourcesPropertyResolver  : Searching for key 'error.path:/error' in [integrationTest]
2016-04-27 17:58:13.400 DEBUG 37359 --- [    Test worker] o.s.c.e.PropertySourcesPropertyResolver  : Searching for key 'error.path:/error' in [applicationConfig: [classpath:/application.yml]]
2016-04-27 17:58:13.400 DEBUG 37359 --- [    Test worker] o.s.c.e.PropertySourcesPropertyResolver  : Could not find key 'error.path:/error' in any property source. Returning [null]
2016-04-27 17:58:13.400 DEBUG 37359 --- [    Test worker] o.s.c.e.PropertySourcesPropertyResolver  : Searching for key 'error.path:/error' in [localProperties]
2016-04-27 17:58:13.400 DEBUG 37359 --- [    Test worker] o.s.c.e.PropertySourcesPropertyResolver  : Could not find key 'error.path:/error' in any property source. Returning [null]
2016-04-27 17:58:13.401 TRACE 37359 --- [    Test worker] o.s.c.e.PropertySourcesPropertyResolver  : getProperty("error.path", String)
2016-04-27 17:58:13.401 DEBUG 37359 --- [    Test worker] o.s.c.e.PropertySourcesPropertyResolver  : Searching for key 'error.path' in [environmentProperties]
2016-04-27 17:58:13.401 TRACE 37359 --- [    Test worker] o.s.c.e.PropertySourcesPropertyResolver  : getProperty("error.path", String)
2016-04-27 17:58:13.401 DEBUG 37359 --- [    Test worker] o.s.c.e.PropertySourcesPropertyResolver  : Searching for key 'error.path' in [systemProperties]
2016-04-27 17:58:13.401 DEBUG 37359 --- [    Test worker] o.s.c.e.PropertySourcesPropertyResolver  : Searching for key 'error.path' in [systemEnvironment]
2016-04-27 17:58:13.401 DEBUG 37359 --- [    Test worker] o.s.c.e.PropertySourcesPropertyResolver  : Searching for key 'error.path' in [random]
2016-04-27 17:58:13.401 DEBUG 37359 --- [    Test worker] o.s.c.e.PropertySourcesPropertyResolver  : Searching for key 'error.path' in [integrationTest]
2016-04-27 17:58:13.401 DEBUG 37359 --- [    Test worker] o.s.c.e.PropertySourcesPropertyResolver  : Searching for key 'error.path' in [applicationConfig: [classpath:/application.yml]]
2016-04-27 17:58:13.401 DEBUG 37359 --- [    Test worker] o.s.c.e.PropertySourcesPropertyResolver  : Could not find key 'error.path' in any property source. Returning [null]
2016-04-27 17:58:13.401 DEBUG 37359 --- [    Test worker] o.s.c.e.PropertySourcesPropertyResolver  : Searching for key 'error.path' in [localProperties]
2016-04-27 17:58:13.401 DEBUG 37359 --- [    Test worker] o.s.c.e.PropertySourcesPropertyResolver  : Could not find key 'error.path' in any property source. Returning [null]
2016-04-27 17:58:13.401 TRACE 37359 --- [    Test worker] o.s.util.PropertyPlaceholderHelper       : Resolved placeholder 'error.path:/error'
2016-04-27 17:58:13.401  INFO 37359 --- [    Test worker] s.w.s.m.m.a.RequestMappingHandlerMapping : Mapped "{[/error]}" onto public org.springframework.http.ResponseEntity<java.util.Map<java.lang.String, java.lang.Object>> org.springframework.boot.autoconfigure.web.BasicErrorController.error(javax.servlet.http.HttpServletRequest)
2016-04-27 17:58:13.402 TRACE 37359 --- [    Test worker] s.w.s.m.m.a.RequestMappingHandlerMapping : Mapping name=BEC#error
2016-04-27 17:58:13.402  INFO 37359 --- [    Test worker] s.w.s.m.m.a.RequestMappingHandlerMapping : Mapped "{[/error],produces=[text/html]}" onto public org.springframework.web.servlet.ModelAndView org.springframework.boot.autoconfigure.web.BasicErrorController.errorHtml(javax.servlet.http.HttpServletRequest)
2016-04-27 17:58:13.402 TRACE 37359 --- [    Test worker] s.w.s.m.m.a.RequestMappingHandlerMapping : Mapping name=BEC#errorHtml
2016-04-27 17:58:13.403 DEBUG 37359 --- [    Test worker] o.s.b.f.s.DefaultListableBeanFactory     : Returning cached instance of singleton bean 'org.springframework.transaction.config.internalTransactionAdvisor'
2016-04-27 17:58:13.403 DEBUG 37359 --- [    Test worker] o.s.b.f.s.DefaultListableBeanFactory     : Returning cached instance of singleton bean 'org.springframework.transaction.config.internalTransactionAdvisor'
2016-04-27 17:58:13.404 DEBUG 37359 --- [    Test worker] o.s.b.f.s.DefaultListableBeanFactory     : Finished creating instance of bean 'requestMappingHandlerMapping'
2016-04-27 17:58:13.404 DEBUG 37359 --- [    Test worker] o.s.b.f.s.DefaultListableBeanFactory     : Returning cached instance of singleton bean 'mvcContentNegotiationManager'
2016-04-27 17:58:13.404 DEBUG 37359 --- [    Test worker] o.s.b.f.s.DefaultListableBeanFactory     : Creating shared instance of singleton bean 'viewControllerHandlerMapping'
2016-04-27 17:58:13.404 DEBUG 37359 --- [    Test worker] o.s.b.f.s.DefaultListableBeanFactory     : Creating instance of bean 'viewControllerHandlerMapping'
2016-04-27 17:58:13.404 DEBUG 37359 --- [    Test worker] o.s.b.f.s.DefaultListableBeanFactory     : Returning cached instance of singleton bean 'org.springframework.transaction.config.internalTransactionAdvisor'
2016-04-27 17:58:13.404 DEBUG 37359 --- [    Test worker] o.s.b.f.s.DefaultListableBeanFactory     : Returning cached instance of singleton bean 'org.springframework.boot.autoconfigure.web.WebMvcAutoConfiguration$EnableWebMvcConfiguration'
2016-04-27 17:58:13.406 DEBUG 37359 --- [    Test worker] o.s.b.f.s.DefaultListableBeanFactory     : Creating shared instance of singleton bean 'mvcPathMatcher'
2016-04-27 17:58:13.406 DEBUG 37359 --- [    Test worker] o.s.b.f.s.DefaultListableBeanFactory     : Creating instance of bean 'mvcPathMatcher'
2016-04-27 17:58:13.406 DEBUG 37359 --- [    Test worker] o.s.b.f.s.DefaultListableBeanFactory     : Returning cached instance of singleton bean 'org.springframework.transaction.config.internalTransactionAdvisor'
2016-04-27 17:58:13.406 DEBUG 37359 --- [    Test worker] o.s.b.f.s.DefaultListableBeanFactory     : Returning cached instance of singleton bean 'org.springframework.boot.autoconfigure.web.WebMvcAutoConfiguration$EnableWebMvcConfiguration'
2016-04-27 17:58:13.406 DEBUG 37359 --- [    Test worker] o.s.b.f.s.DefaultListableBeanFactory     : Eagerly caching bean 'mvcPathMatcher' to allow for resolving potential circular references
2016-04-27 17:58:13.406 TRACE 37359 --- [    Test worker] o.s.beans.CachedIntrospectionResults     : Getting BeanInfo for class [org.springframework.util.AntPathMatcher]
2016-04-27 17:58:13.407 TRACE 37359 --- [    Test worker] o.s.beans.CachedIntrospectionResults     : Caching PropertyDescriptors for class [org.springframework.util.AntPathMatcher]
2016-04-27 17:58:13.407 TRACE 37359 --- [    Test worker] o.s.beans.CachedIntrospectionResults     : Found bean property 'cachePatterns' of type [boolean]
2016-04-27 17:58:13.407 TRACE 37359 --- [    Test worker] o.s.beans.CachedIntrospectionResults     : Found bean property 'caseSensitive' of type [boolean]
2016-04-27 17:58:13.407 TRACE 37359 --- [    Test worker] o.s.beans.CachedIntrospectionResults     : Found bean property 'class' of type [java.lang.Class]
2016-04-27 17:58:13.407 TRACE 37359 --- [    Test worker] o.s.beans.CachedIntrospectionResults     : Found bean property 'pathSeparator' of type [java.lang.String]
2016-04-27 17:58:13.407 TRACE 37359 --- [    Test worker] o.s.beans.CachedIntrospectionResults     : Found bean property 'trimTokens' of type [boolean]
2016-04-27 17:58:13.408 DEBUG 37359 --- [    Test worker] o.s.b.f.s.DefaultListableBeanFactory     : Returning cached instance of singleton bean 'org.springframework.transaction.config.internalTransactionAdvisor'
2016-04-27 17:58:13.408 DEBUG 37359 --- [    Test worker] o.s.b.f.s.DefaultListableBeanFactory     : Returning cached instance of singleton bean 'org.springframework.transaction.config.internalTransactionAdvisor'
2016-04-27 17:58:13.408 DEBUG 37359 --- [    Test worker] o.s.b.f.s.DefaultListableBeanFactory     : Finished creating instance of bean 'mvcPathMatcher'
2016-04-27 17:58:13.408 DEBUG 37359 --- [    Test worker] o.s.b.f.s.DefaultListableBeanFactory     : Creating shared instance of singleton bean 'mvcUrlPathHelper'
2016-04-27 17:58:13.408 DEBUG 37359 --- [    Test worker] o.s.b.f.s.DefaultListableBeanFactory     : Creating instance of bean 'mvcUrlPathHelper'
2016-04-27 17:58:13.408 DEBUG 37359 --- [    Test worker] o.s.b.f.s.DefaultListableBeanFactory     : Returning cached instance of singleton bean 'org.springframework.transaction.config.internalTransactionAdvisor'
2016-04-27 17:58:13.408 DEBUG 37359 --- [    Test worker] o.s.b.f.s.DefaultListableBeanFactory     : Returning cached instance of singleton bean 'org.springframework.boot.autoconfigure.web.WebMvcAutoConfiguration$EnableWebMvcConfiguration'
2016-04-27 17:58:13.409 DEBUG 37359 --- [    Test worker] o.s.b.f.s.DefaultListableBeanFactory     : Eagerly caching bean 'mvcUrlPathHelper' to allow for resolving potential circular references
2016-04-27 17:58:13.409 TRACE 37359 --- [    Test worker] o.s.beans.CachedIntrospectionResults     : Getting BeanInfo for class [org.springframework.web.util.UrlPathHelper]
2016-04-27 17:58:13.410 TRACE 37359 --- [    Test worker] o.s.beans.CachedIntrospectionResults     : Caching PropertyDescriptors for class [org.springframework.web.util.UrlPathHelper]
2016-04-27 17:58:13.410 TRACE 37359 --- [    Test worker] o.s.beans.CachedIntrospectionResults     : Found bean property 'alwaysUseFullPath' of type [boolean]
2016-04-27 17:58:13.410 TRACE 37359 --- [    Test worker] o.s.beans.CachedIntrospectionResults     : Found bean property 'class' of type [java.lang.Class]
2016-04-27 17:58:13.410 TRACE 37359 --- [    Test worker] o.s.beans.CachedIntrospectionResults     : Found bean property 'defaultEncoding' of type [java.lang.String]
2016-04-27 17:58:13.410 TRACE 37359 --- [    Test worker] o.s.beans.CachedIntrospectionResults     : Found bean property 'removeSemicolonContent' of type [boolean]
2016-04-27 17:58:13.410 TRACE 37359 --- [    Test worker] o.s.beans.CachedIntrospectionResults     : Found bean property 'urlDecode' of type [boolean]
2016-04-27 17:58:13.410 DEBUG 37359 --- [    Test worker] o.s.b.f.s.DefaultListableBeanFactory     : Returning cached instance of singleton bean 'org.springframework.transaction.config.internalTransactionAdvisor'
2016-04-27 17:58:13.410 DEBUG 37359 --- [    Test worker] o.s.b.f.s.DefaultListableBeanFactory     : Returning cached instance of singleton bean 'org.springframework.transaction.config.internalTransactionAdvisor'
2016-04-27 17:58:13.410 DEBUG 37359 --- [    Test worker] o.s.b.f.s.DefaultListableBeanFactory     : Finished creating instance of bean 'mvcUrlPathHelper'
2016-04-27 17:58:13.411 DEBUG 37359 --- [    Test worker] o.s.b.f.s.DefaultListableBeanFactory     : Eagerly caching bean 'viewControllerHandlerMapping' to allow for resolving potential circular references
2016-04-27 17:58:13.411 TRACE 37359 --- [    Test worker] o.s.beans.CachedIntrospectionResults     : Getting BeanInfo for class [org.springframework.web.servlet.config.annotation.WebMvcConfigurationSupport$EmptyHandlerMapping]
2016-04-27 17:58:13.412 TRACE 37359 --- [    Test worker] o.s.beans.CachedIntrospectionResults     : Caching PropertyDescriptors for class [org.springframework.web.servlet.config.annotation.WebMvcConfigurationSupport$EmptyHandlerMapping]
2016-04-27 17:58:13.412 TRACE 37359 --- [    Test worker] o.s.beans.CachedIntrospectionResults     : Found bean property 'alwaysUseFullPath' of type [boolean]
2016-04-27 17:58:13.412 TRACE 37359 --- [    Test worker] o.s.beans.CachedIntrospectionResults     : Found bean property 'applicationContext' of type [org.springframework.context.ApplicationContext]
2016-04-27 17:58:13.412 TRACE 37359 --- [    Test worker] o.s.beans.CachedIntrospectionResults     : Found bean property 'class' of type [java.lang.Class]
2016-04-27 17:58:13.412 TRACE 37359 --- [    Test worker] o.s.beans.CachedIntrospectionResults     : Found bean property 'corsConfigurations' of type [java.util.Map]
2016-04-27 17:58:13.412 TRACE 37359 --- [    Test worker] o.s.beans.CachedIntrospectionResults     : Found bean property 'corsProcessor' of type [org.springframework.web.cors.CorsProcessor]
2016-04-27 17:58:13.412 TRACE 37359 --- [    Test worker] o.s.beans.CachedIntrospectionResults     : Found bean property 'defaultHandler' of type [java.lang.Object]
2016-04-27 17:58:13.412 TRACE 37359 --- [    Test worker] o.s.beans.CachedIntrospectionResults     : Found bean property 'interceptors' of type [[Ljava.lang.Object;]
2016-04-27 17:58:13.412 TRACE 37359 --- [    Test worker] o.s.beans.CachedIntrospectionResults     : Found bean property 'order' of type [int]
2016-04-27 17:58:13.412 TRACE 37359 --- [    Test worker] o.s.beans.CachedIntrospectionResults     : Found bean property 'pathMatcher' of type [org.springframework.util.PathMatcher]
2016-04-27 17:58:13.412 TRACE 37359 --- [    Test worker] o.s.beans.CachedIntrospectionResults     : Found bean property 'removeSemicolonContent' of type [boolean]
2016-04-27 17:58:13.412 TRACE 37359 --- [    Test worker] o.s.beans.CachedIntrospectionResults     : Found bean property 'servletContext' of type [javax.servlet.ServletContext]
2016-04-27 17:58:13.412 TRACE 37359 --- [    Test worker] o.s.beans.CachedIntrospectionResults     : Found bean property 'urlDecode' of type [boolean]
2016-04-27 17:58:13.412 TRACE 37359 --- [    Test worker] o.s.beans.CachedIntrospectionResults     : Found bean property 'urlPathHelper' of type [org.springframework.web.util.UrlPathHelper]
2016-04-27 17:58:13.413 DEBUG 37359 --- [    Test worker] o.s.b.f.s.DefaultListableBeanFactory     : Returning cached instance of singleton bean 'org.springframework.transaction.config.internalTransactionAdvisor'
2016-04-27 17:58:13.413 DEBUG 37359 --- [    Test worker] o.s.b.f.s.DefaultListableBeanFactory     : Returning cached instance of singleton bean 'org.springframework.transaction.config.internalTransactionAdvisor'
2016-04-27 17:58:13.414 DEBUG 37359 --- [    Test worker] o.s.b.f.s.DefaultListableBeanFactory     : Finished creating instance of bean 'viewControllerHandlerMapping'
2016-04-27 17:58:13.414 DEBUG 37359 --- [    Test worker] o.s.b.f.s.DefaultListableBeanFactory     : Creating shared instance of singleton bean 'beanNameHandlerMapping'
2016-04-27 17:58:13.414 DEBUG 37359 --- [    Test worker] o.s.b.f.s.DefaultListableBeanFactory     : Creating instance of bean 'beanNameHandlerMapping'
2016-04-27 17:58:13.414 DEBUG 37359 --- [    Test worker] o.s.b.f.s.DefaultListableBeanFactory     : Returning cached instance of singleton bean 'org.springframework.transaction.config.internalTransactionAdvisor'
2016-04-27 17:58:13.414 DEBUG 37359 --- [    Test worker] o.s.b.f.s.DefaultListableBeanFactory     : Returning cached instance of singleton bean 'org.springframework.boot.autoconfigure.web.WebMvcAutoConfiguration$EnableWebMvcConfiguration'
2016-04-27 17:58:13.415 DEBUG 37359 --- [    Test worker] o.s.b.f.s.DefaultListableBeanFactory     : Eagerly caching bean 'beanNameHandlerMapping' to allow for resolving potential circular references
2016-04-27 17:58:13.415 TRACE 37359 --- [    Test worker] o.s.beans.CachedIntrospectionResults     : Getting BeanInfo for class [org.springframework.web.servlet.handler.BeanNameUrlHandlerMapping]
2016-04-27 17:58:13.417 TRACE 37359 --- [    Test worker] o.s.beans.CachedIntrospectionResults     : Caching PropertyDescriptors for class [org.springframework.web.servlet.handler.BeanNameUrlHandlerMapping]
2016-04-27 17:58:13.417 TRACE 37359 --- [    Test worker] o.s.beans.CachedIntrospectionResults     : Found bean property 'alwaysUseFullPath' of type [boolean]
2016-04-27 17:58:13.417 TRACE 37359 --- [    Test worker] o.s.beans.CachedIntrospectionResults     : Found bean property 'applicationContext' of type [org.springframework.context.ApplicationContext]
2016-04-27 17:58:13.417 TRACE 37359 --- [    Test worker] o.s.beans.CachedIntrospectionResults     : Found bean property 'class' of type [java.lang.Class]
2016-04-27 17:58:13.417 TRACE 37359 --- [    Test worker] o.s.beans.CachedIntrospectionResults     : Found bean property 'corsConfigurations' of type [java.util.Map]
2016-04-27 17:58:13.417 TRACE 37359 --- [    Test worker] o.s.beans.CachedIntrospectionResults     : Found bean property 'corsProcessor' of type [org.springframework.web.cors.CorsProcessor]
2016-04-27 17:58:13.417 TRACE 37359 --- [    Test worker] o.s.beans.CachedIntrospectionResults     : Found bean property 'defaultHandler' of type [java.lang.Object]
2016-04-27 17:58:13.417 TRACE 37359 --- [    Test worker] o.s.beans.CachedIntrospectionResults     : Found bean property 'detectHandlersInAncestorContexts' of type [boolean]
2016-04-27 17:58:13.417 TRACE 37359 --- [    Test worker] o.s.beans.CachedIntrospectionResults     : Found bean property 'handlerMap' of type [java.util.Map]
2016-04-27 17:58:13.418 TRACE 37359 --- [    Test worker] o.s.beans.CachedIntrospectionResults     : Found bean property 'interceptors' of type [[Ljava.lang.Object;]
2016-04-27 17:58:13.418 TRACE 37359 --- [    Test worker] o.s.beans.CachedIntrospectionResults     : Found bean property 'lazyInitHandlers' of type [boolean]
2016-04-27 17:58:13.418 TRACE 37359 --- [    Test worker] o.s.beans.CachedIntrospectionResults     : Found bean property 'order' of type [int]
2016-04-27 17:58:13.418 TRACE 37359 --- [    Test worker] o.s.beans.CachedIntrospectionResults     : Found bean property 'pathMatcher' of type [org.springframework.util.PathMatcher]
2016-04-27 17:58:13.418 TRACE 37359 --- [    Test worker] o.s.beans.CachedIntrospectionResults     : Found bean property 'removeSemicolonContent' of type [boolean]
2016-04-27 17:58:13.418 TRACE 37359 --- [    Test worker] o.s.beans.CachedIntrospectionResults     : Found bean property 'rootHandler' of type [java.lang.Object]
2016-04-27 17:58:13.418 TRACE 37359 --- [    Test worker] o.s.beans.CachedIntrospectionResults     : Found bean property 'servletContext' of type [javax.servlet.ServletContext]
2016-04-27 17:58:13.418 TRACE 37359 --- [    Test worker] o.s.beans.CachedIntrospectionResults     : Found bean property 'urlDecode' of type [boolean]
2016-04-27 17:58:13.418 TRACE 37359 --- [    Test worker] o.s.beans.CachedIntrospectionResults     : Found bean property 'urlPathHelper' of type [org.springframework.web.util.UrlPathHelper]
2016-04-27 17:58:13.418 TRACE 37359 --- [    Test worker] o.s.beans.CachedIntrospectionResults     : Found bean property 'useTrailingSlashMatch' of type [boolean]
2016-04-27 17:58:13.419 DEBUG 37359 --- [    Test worker] o.s.w.s.h.BeanNameUrlHandlerMapping      : Looking for URL mappings in application context: org.springframework.web.context.support.GenericWebApplicationContext@5a677df7: startup date [Wed Apr 27 17:58:10 EDT 2016]; root of context hierarchy
2016-04-27 17:58:13.419 DEBUG 37359 --- [    Test worker] o.s.w.s.h.BeanNameUrlHandlerMapping      : Rejected bean name 'org.springframework.context.annotation.internalConfigurationAnnotationProcessor': no URL paths identified
2016-04-27 17:58:13.419 DEBUG 37359 --- [    Test worker] o.s.w.s.h.BeanNameUrlHandlerMapping      : Rejected bean name 'org.springframework.context.annotation.internalAutowiredAnnotationProcessor': no URL paths identified
2016-04-27 17:58:13.419 DEBUG 37359 --- [    Test worker] o.s.w.s.h.BeanNameUrlHandlerMapping      : Rejected bean name 'org.springframework.context.annotation.internalRequiredAnnotationProcessor': no URL paths identified
2016-04-27 17:58:13.419 DEBUG 37359 --- [    Test worker] o.s.w.s.h.BeanNameUrlHandlerMapping      : Rejected bean name 'org.springframework.context.annotation.internalCommonAnnotationProcessor': no URL paths identified
2016-04-27 17:58:13.419 DEBUG 37359 --- [    Test worker] o.s.w.s.h.BeanNameUrlHandlerMapping      : Rejected bean name 'org.springframework.context.annotation.internalPersistenceAnnotationProcessor': no URL paths identified
2016-04-27 17:58:13.419 DEBUG 37359 --- [    Test worker] o.s.w.s.h.BeanNameUrlHandlerMapping      : Rejected bean name 'org.springframework.context.event.internalEventListenerProcessor': no URL paths identified
2016-04-27 17:58:13.419 DEBUG 37359 --- [    Test worker] o.s.w.s.h.BeanNameUrlHandlerMapping      : Rejected bean name 'org.springframework.context.event.internalEventListenerFactory': no URL paths identified
2016-04-27 17:58:13.419 DEBUG 37359 --- [    Test worker] o.s.w.s.h.BeanNameUrlHandlerMapping      : Rejected bean name 'citiesApplication': no URL paths identified
2016-04-27 17:58:13.419 DEBUG 37359 --- [    Test worker] o.s.w.s.h.BeanNameUrlHandlerMapping      : Rejected bean name 'org.springframework.context.annotation.ConfigurationClassPostProcessor.importAwareProcessor': no URL paths identified
2016-04-27 17:58:13.419 DEBUG 37359 --- [    Test worker] o.s.w.s.h.BeanNameUrlHandlerMapping      : Rejected bean name 'org.springframework.context.annotation.ConfigurationClassPostProcessor.enhancedConfigurationProcessor': no URL paths identified
2016-04-27 17:58:13.419 DEBUG 37359 --- [    Test worker] o.s.w.s.h.BeanNameUrlHandlerMapping      : Rejected bean name 'repositoryEntityController': no URL paths identified
2016-04-27 17:58:13.419 DEBUG 37359 --- [    Test worker] o.s.w.s.h.BeanNameUrlHandlerMapping      : Rejected bean name 'repositoryController': no URL paths identified
2016-04-27 17:58:13.419 DEBUG 37359 --- [    Test worker] o.s.w.s.h.BeanNameUrlHandlerMapping      : Rejected bean name 'profileController': no URL paths identified
2016-04-27 17:58:13.419 DEBUG 37359 --- [    Test worker] o.s.w.s.h.BeanNameUrlHandlerMapping      : Rejected bean name 'repositoryPropertyReferenceController': no URL paths identified
2016-04-27 17:58:13.419 DEBUG 37359 --- [    Test worker] o.s.w.s.h.BeanNameUrlHandlerMapping      : Rejected bean name 'repositorySchemaController': no URL paths identified
2016-04-27 17:58:13.419 DEBUG 37359 --- [    Test worker] o.s.w.s.h.BeanNameUrlHandlerMapping      : Rejected bean name 'repositorySearchController': no URL paths identified
2016-04-27 17:58:13.419 DEBUG 37359 --- [    Test worker] o.s.w.s.h.BeanNameUrlHandlerMapping      : Rejected bean name 'alpsController': no URL paths identified
2016-04-27 17:58:13.419 DEBUG 37359 --- [    Test worker] o.s.w.s.h.BeanNameUrlHandlerMapping      : Rejected bean name 'org.springframework.boot.autoconfigure.AutoConfigurationPackages': no URL paths identified
2016-04-27 17:58:13.419 DEBUG 37359 --- [    Test worker] o.s.w.s.h.BeanNameUrlHandlerMapping      : Rejected bean name 'org.springframework.data.jpa.repository.config.JpaRepositoryConfigExtension#0': no URL paths identified
2016-04-27 17:58:13.419 DEBUG 37359 --- [    Test worker] o.s.w.s.h.BeanNameUrlHandlerMapping      : Rejected bean name 'org.springframework.data.repository.core.support.RepositoryInterfaceAwareBeanPostProcessor': no URL paths identified
2016-04-27 17:58:13.419 DEBUG 37359 --- [    Test worker] o.s.w.s.h.BeanNameUrlHandlerMapping      : Rejected bean name 'foo': no URL paths identified
2016-04-27 17:58:13.419 DEBUG 37359 --- [    Test worker] o.s.w.s.h.BeanNameUrlHandlerMapping      : Rejected bean name 'jpaMappingContext': no URL paths identified
2016-04-27 17:58:13.419 DEBUG 37359 --- [    Test worker] o.s.w.s.h.BeanNameUrlHandlerMapping      : Rejected bean name 'jpaContext': no URL paths identified
2016-04-27 17:58:13.419 DEBUG 37359 --- [    Test worker] o.s.w.s.h.BeanNameUrlHandlerMapping      : Rejected bean name 'cityRepository': no URL paths identified
2016-04-27 17:58:13.419 DEBUG 37359 --- [    Test worker] o.s.w.s.h.BeanNameUrlHandlerMapping      : Rejected bean name 'org.springframework.boot.autoconfigure.PropertyPlaceholderAutoConfiguration': no URL paths identified
2016-04-27 17:58:13.419 DEBUG 37359 --- [    Test worker] o.s.w.s.h.BeanNameUrlHandlerMapping      : Rejected bean name 'org.springframework.boot.autoconfigure.condition.BeanTypeRegistry': no URL paths identified
2016-04-27 17:58:13.419 DEBUG 37359 --- [    Test worker] o.s.w.s.h.BeanNameUrlHandlerMapping      : Rejected bean name 'propertySourcesPlaceholderConfigurer': no URL paths identified
2016-04-27 17:58:13.419 DEBUG 37359 --- [    Test worker] o.s.w.s.h.BeanNameUrlHandlerMapping      : Rejected bean name 'org.springframework.boot.autoconfigure.websocket.WebSocketAutoConfiguration$TomcatWebSocketConfiguration': no URL paths identified
2016-04-27 17:58:13.419 DEBUG 37359 --- [    Test worker] o.s.w.s.h.BeanNameUrlHandlerMapping      : Rejected bean name 'websocketContainerCustomizer': no URL paths identified
2016-04-27 17:58:13.419 DEBUG 37359 --- [    Test worker] o.s.w.s.h.BeanNameUrlHandlerMapping      : Rejected bean name 'org.springframework.boot.autoconfigure.websocket.WebSocketAutoConfiguration': no URL paths identified
2016-04-27 17:58:13.419 DEBUG 37359 --- [    Test worker] o.s.w.s.h.BeanNameUrlHandlerMapping      : Rejected bean name 'org.springframework.boot.autoconfigure.web.EmbeddedServletContainerAutoConfiguration$EmbeddedTomcat': no URL paths identified
2016-04-27 17:58:13.419 DEBUG 37359 --- [    Test worker] o.s.w.s.h.BeanNameUrlHandlerMapping      : Rejected bean name 'tomcatEmbeddedServletContainerFactory': no URL paths identified
2016-04-27 17:58:13.419 DEBUG 37359 --- [    Test worker] o.s.w.s.h.BeanNameUrlHandlerMapping      : Rejected bean name 'org.springframework.boot.autoconfigure.web.EmbeddedServletContainerAutoConfiguration': no URL paths identified
2016-04-27 17:58:13.419 DEBUG 37359 --- [    Test worker] o.s.w.s.h.BeanNameUrlHandlerMapping      : Rejected bean name 'embeddedServletContainerCustomizerBeanPostProcessor': no URL paths identified
2016-04-27 17:58:13.419 DEBUG 37359 --- [    Test worker] o.s.w.s.h.BeanNameUrlHandlerMapping      : Rejected bean name 'org.springframework.boot.autoconfigure.web.DispatcherServletAutoConfiguration$DispatcherServletConfiguration': no URL paths identified
2016-04-27 17:58:13.419 DEBUG 37359 --- [    Test worker] o.s.w.s.h.BeanNameUrlHandlerMapping      : Rejected bean name 'dispatcherServlet': no URL paths identified
2016-04-27 17:58:13.419 DEBUG 37359 --- [    Test worker] o.s.w.s.h.BeanNameUrlHandlerMapping      : Rejected bean name 'dispatcherServletRegistration': no URL paths identified
2016-04-27 17:58:13.419 DEBUG 37359 --- [    Test worker] o.s.w.s.h.BeanNameUrlHandlerMapping      : Rejected bean name 'org.springframework.boot.autoconfigure.web.DispatcherServletAutoConfiguration': no URL paths identified
2016-04-27 17:58:13.419 DEBUG 37359 --- [    Test worker] o.s.w.s.h.BeanNameUrlHandlerMapping      : Rejected bean name 'org.springframework.boot.autoconfigure.web.ErrorMvcAutoConfiguration$WhitelabelErrorViewConfiguration': no URL paths identified
2016-04-27 17:58:13.420 DEBUG 37359 --- [    Test worker] o.s.w.s.h.BeanNameUrlHandlerMapping      : Rejected bean name 'error': no URL paths identified
2016-04-27 17:58:13.420 DEBUG 37359 --- [    Test worker] o.s.w.s.h.BeanNameUrlHandlerMapping      : Rejected bean name 'beanNameViewResolver': no URL paths identified
2016-04-27 17:58:13.420 DEBUG 37359 --- [    Test worker] o.s.w.s.h.BeanNameUrlHandlerMapping      : Rejected bean name 'org.springframework.boot.autoconfigure.web.ErrorMvcAutoConfiguration': no URL paths identified
2016-04-27 17:58:13.420 DEBUG 37359 --- [    Test worker] o.s.w.s.h.BeanNameUrlHandlerMapping      : Rejected bean name 'errorAttributes': no URL paths identified
2016-04-27 17:58:13.420 DEBUG 37359 --- [    Test worker] o.s.w.s.h.BeanNameUrlHandlerMapping      : Rejected bean name 'basicErrorController': no URL paths identified
2016-04-27 17:58:13.420 DEBUG 37359 --- [    Test worker] o.s.w.s.h.BeanNameUrlHandlerMapping      : Rejected bean name 'org.springframework.boot.autoconfigure.web.WebMvcAutoConfiguration$EnableWebMvcConfiguration': no URL paths identified
2016-04-27 17:58:13.420 DEBUG 37359 --- [    Test worker] o.s.w.s.h.BeanNameUrlHandlerMapping      : Rejected bean name 'requestMappingHandlerAdapter': no URL paths identified
2016-04-27 17:58:13.420 DEBUG 37359 --- [    Test worker] o.s.w.s.h.BeanNameUrlHandlerMapping      : Rejected bean name 'requestMappingHandlerMapping': no URL paths identified
2016-04-27 17:58:13.420 DEBUG 37359 --- [    Test worker] o.s.w.s.h.BeanNameUrlHandlerMapping      : Rejected bean name 'mvcContentNegotiationManager': no URL paths identified
2016-04-27 17:58:13.420 DEBUG 37359 --- [    Test worker] o.s.w.s.h.BeanNameUrlHandlerMapping      : Rejected bean name 'viewControllerHandlerMapping': no URL paths identified
2016-04-27 17:58:13.420 DEBUG 37359 --- [    Test worker] o.s.w.s.h.BeanNameUrlHandlerMapping      : Rejected bean name 'beanNameHandlerMapping': no URL paths identified
2016-04-27 17:58:13.420 DEBUG 37359 --- [    Test worker] o.s.w.s.h.BeanNameUrlHandlerMapping      : Rejected bean name 'resourceHandlerMapping': no URL paths identified
2016-04-27 17:58:13.420 DEBUG 37359 --- [    Test worker] o.s.w.s.h.BeanNameUrlHandlerMapping      : Rejected bean name 'mvcResourceUrlProvider': no URL paths identified
2016-04-27 17:58:13.420 DEBUG 37359 --- [    Test worker] o.s.w.s.h.BeanNameUrlHandlerMapping      : Rejected bean name 'defaultServletHandlerMapping': no URL paths identified
2016-04-27 17:58:13.420 DEBUG 37359 --- [    Test worker] o.s.w.s.h.BeanNameUrlHandlerMapping      : Rejected bean name 'mvcConversionService': no URL paths identified
2016-04-27 17:58:13.420 DEBUG 37359 --- [    Test worker] o.s.w.s.h.BeanNameUrlHandlerMapping      : Rejected bean name 'mvcValidator': no URL paths identified
2016-04-27 17:58:13.420 DEBUG 37359 --- [    Test worker] o.s.w.s.h.BeanNameUrlHandlerMapping      : Rejected bean name 'mvcPathMatcher': no URL paths identified
2016-04-27 17:58:13.420 DEBUG 37359 --- [    Test worker] o.s.w.s.h.BeanNameUrlHandlerMapping      : Rejected bean name 'mvcUrlPathHelper': no URL paths identified
2016-04-27 17:58:13.420 DEBUG 37359 --- [    Test worker] o.s.w.s.h.BeanNameUrlHandlerMapping      : Rejected bean name 'mvcUriComponentsContributor': no URL paths identified
2016-04-27 17:58:13.420 DEBUG 37359 --- [    Test worker] o.s.w.s.h.BeanNameUrlHandlerMapping      : Rejected bean name 'httpRequestHandlerAdapter': no URL paths identified
2016-04-27 17:58:13.420 DEBUG 37359 --- [    Test worker] o.s.w.s.h.BeanNameUrlHandlerMapping      : Rejected bean name 'simpleControllerHandlerAdapter': no URL paths identified
2016-04-27 17:58:13.420 DEBUG 37359 --- [    Test worker] o.s.w.s.h.BeanNameUrlHandlerMapping      : Rejected bean name 'handlerExceptionResolver': no URL paths identified
2016-04-27 17:58:13.420 DEBUG 37359 --- [    Test worker] o.s.w.s.h.BeanNameUrlHandlerMapping      : Rejected bean name 'mvcViewResolver': no URL paths identified
2016-04-27 17:58:13.420 DEBUG 37359 --- [    Test worker] o.s.w.s.h.BeanNameUrlHandlerMapping      : Rejected bean name 'org.springframework.boot.autoconfigure.web.WebMvcAutoConfiguration$WebMvcAutoConfigurationAdapter$FaviconConfiguration': no URL paths identified
2016-04-27 17:58:13.420 DEBUG 37359 --- [    Test worker] o.s.w.s.h.BeanNameUrlHandlerMapping      : Rejected bean name 'faviconHandlerMapping': no URL paths identified
2016-04-27 17:58:13.420 DEBUG 37359 --- [    Test worker] o.s.w.s.h.BeanNameUrlHandlerMapping      : Rejected bean name 'faviconRequestHandler': no URL paths identified
2016-04-27 17:58:13.420 DEBUG 37359 --- [    Test worker] o.s.w.s.h.BeanNameUrlHandlerMapping      : Rejected bean name 'org.springframework.boot.autoconfigure.web.WebMvcAutoConfiguration$WebMvcAutoConfigurationAdapter': no URL paths identified
2016-04-27 17:58:13.420 DEBUG 37359 --- [    Test worker] o.s.w.s.h.BeanNameUrlHandlerMapping      : Rejected bean name 'defaultViewResolver': no URL paths identified
2016-04-27 17:58:13.420 DEBUG 37359 --- [    Test worker] o.s.w.s.h.BeanNameUrlHandlerMapping      : Rejected bean name 'requestContextListener': no URL paths identified
2016-04-27 17:58:13.420 DEBUG 37359 --- [    Test worker] o.s.w.s.h.BeanNameUrlHandlerMapping      : Rejected bean name 'viewResolver': no URL paths identified
2016-04-27 17:58:13.420 DEBUG 37359 --- [    Test worker] o.s.w.s.h.BeanNameUrlHandlerMapping      : Rejected bean name 'spring.mvc.CONFIGURATION_PROPERTIES': no URL paths identified
2016-04-27 17:58:13.420 DEBUG 37359 --- [    Test worker] o.s.w.s.h.BeanNameUrlHandlerMapping      : Rejected bean name 'spring.resources.CONFIGURATION_PROPERTIES': no URL paths identified
2016-04-27 17:58:13.420 DEBUG 37359 --- [    Test worker] o.s.w.s.h.BeanNameUrlHandlerMapping      : Rejected bean name 'org.springframework.boot.context.properties.ConfigurationPropertiesBindingPostProcessor': no URL paths identified
2016-04-27 17:58:13.420 DEBUG 37359 --- [    Test worker] o.s.w.s.h.BeanNameUrlHandlerMapping      : Rejected bean name 'org.springframework.boot.context.properties.ConfigurationPropertiesBindingPostProcessor.store': no URL paths identified
2016-04-27 17:58:13.420 DEBUG 37359 --- [    Test worker] o.s.w.s.h.BeanNameUrlHandlerMapping      : Rejected bean name 'org.springframework.boot.autoconfigure.web.WebMvcAutoConfiguration': no URL paths identified
2016-04-27 17:58:13.420 DEBUG 37359 --- [    Test worker] o.s.w.s.h.BeanNameUrlHandlerMapping      : Rejected bean name 'hiddenHttpMethodFilter': no URL paths identified
2016-04-27 17:58:13.420 DEBUG 37359 --- [    Test worker] o.s.w.s.h.BeanNameUrlHandlerMapping      : Rejected bean name 'httpPutFormContentFilter': no URL paths identified
2016-04-27 17:58:13.420 DEBUG 37359 --- [    Test worker] o.s.w.s.h.BeanNameUrlHandlerMapping      : Rejected bean name 'org.springframework.boot.autoconfigure.aop.AopAutoConfiguration$JdkDynamicAutoProxyConfiguration': no URL paths identified
2016-04-27 17:58:13.420 DEBUG 37359 --- [    Test worker] o.s.w.s.h.BeanNameUrlHandlerMapping      : Rejected bean name 'org.springframework.aop.config.internalAutoProxyCreator': no URL paths identified
2016-04-27 17:58:13.420 DEBUG 37359 --- [    Test worker] o.s.w.s.h.BeanNameUrlHandlerMapping      : Rejected bean name 'org.springframework.boot.autoconfigure.aop.AopAutoConfiguration': no URL paths identified
2016-04-27 17:58:13.420 DEBUG 37359 --- [    Test worker] o.s.w.s.h.BeanNameUrlHandlerMapping      : Rejected bean name 'org.springframework.boot.autoconfigure.transaction.jta.JtaAutoConfiguration': no URL paths identified
2016-04-27 17:58:13.420 DEBUG 37359 --- [    Test worker] o.s.w.s.h.BeanNameUrlHandlerMapping      : Rejected bean name 'spring.jta.CONFIGURATION_PROPERTIES': no URL paths identified
2016-04-27 17:58:13.420 DEBUG 37359 --- [    Test worker] o.s.w.s.h.BeanNameUrlHandlerMapping      : Rejected bean name 'org.springframework.boot.autoconfigure.jdbc.DataSourceAutoConfiguration$JdbcTemplateConfiguration': no URL paths identified
2016-04-27 17:58:13.420 DEBUG 37359 --- [    Test worker] o.s.w.s.h.BeanNameUrlHandlerMapping      : Rejected bean name 'jdbcTemplate': no URL paths identified
2016-04-27 17:58:13.420 DEBUG 37359 --- [    Test worker] o.s.w.s.h.BeanNameUrlHandlerMapping      : Rejected bean name 'namedParameterJdbcTemplate': no URL paths identified
2016-04-27 17:58:13.420 DEBUG 37359 --- [    Test worker] o.s.w.s.h.BeanNameUrlHandlerMapping      : Rejected bean name 'org.springframework.boot.autoconfigure.jdbc.DataSourceAutoConfiguration$NonEmbeddedConfiguration': no URL paths identified
2016-04-27 17:58:13.420 DEBUG 37359 --- [    Test worker] o.s.w.s.h.BeanNameUrlHandlerMapping      : Rejected bean name 'dataSource': no URL paths identified
2016-04-27 17:58:13.420 DEBUG 37359 --- [    Test worker] o.s.w.s.h.BeanNameUrlHandlerMapping      : Rejected bean name 'org.springframework.boot.autoconfigure.jdbc.DataSourceAutoConfiguration$DataSourceInitializerConfiguration': no URL paths identified
2016-04-27 17:58:13.420 DEBUG 37359 --- [    Test worker] o.s.w.s.h.BeanNameUrlHandlerMapping      : Rejected bean name 'dataSourceInitializer': no URL paths identified
2016-04-27 17:58:13.421 DEBUG 37359 --- [    Test worker] o.s.w.s.h.BeanNameUrlHandlerMapping      : Rejected bean name 'org.springframework.boot.autoconfigure.jdbc.metadata.DataSourcePoolMetadataProvidersConfiguration$TomcatDataSourcePoolMetadataProviderConfiguration': no URL paths identified
2016-04-27 17:58:13.421 DEBUG 37359 --- [    Test worker] o.s.w.s.h.BeanNameUrlHandlerMapping      : Rejected bean name 'tomcatPoolDataSourceMetadataProvider': no URL paths identified
2016-04-27 17:58:13.421 DEBUG 37359 --- [    Test worker] o.s.w.s.h.BeanNameUrlHandlerMapping      : Rejected bean name 'org.springframework.boot.autoconfigure.jdbc.metadata.DataSourcePoolMetadataProvidersConfiguration': no URL paths identified
2016-04-27 17:58:13.421 DEBUG 37359 --- [    Test worker] o.s.w.s.h.BeanNameUrlHandlerMapping      : Rejected bean name 'org.springframework.boot.autoconfigure.jdbc.DataSourceAutoConfiguration': no URL paths identified
2016-04-27 17:58:13.421 DEBUG 37359 --- [    Test worker] o.s.w.s.h.BeanNameUrlHandlerMapping      : Rejected bean name 'spring.datasource.CONFIGURATION_PROPERTIES': no URL paths identified
2016-04-27 17:58:13.421 DEBUG 37359 --- [    Test worker] o.s.w.s.h.BeanNameUrlHandlerMapping      : Rejected bean name 'dataSourceInitializerPostProcessor': no URL paths identified
2016-04-27 17:58:13.421 DEBUG 37359 --- [    Test worker] o.s.w.s.h.BeanNameUrlHandlerMapping      : Rejected bean name 'org.springframework.boot.autoconfigure.orm.jpa.JpaBaseConfiguration$JpaWebConfiguration$JpaWebMvcConfiguration': no URL paths identified
2016-04-27 17:58:13.421 DEBUG 37359 --- [    Test worker] o.s.w.s.h.BeanNameUrlHandlerMapping      : Rejected bean name 'openEntityManagerInViewInterceptor': no URL paths identified
2016-04-27 17:58:13.421 DEBUG 37359 --- [    Test worker] o.s.w.s.h.BeanNameUrlHandlerMapping      : Rejected bean name 'org.springframework.boot.autoconfigure.orm.jpa.JpaBaseConfiguration$JpaWebConfiguration': no URL paths identified
2016-04-27 17:58:13.421 DEBUG 37359 --- [    Test worker] o.s.w.s.h.BeanNameUrlHandlerMapping      : Rejected bean name 'org.springframework.boot.autoconfigure.orm.jpa.HibernateJpaAutoConfiguration': no URL paths identified
2016-04-27 17:58:13.421 DEBUG 37359 --- [    Test worker] o.s.w.s.h.BeanNameUrlHandlerMapping      : Rejected bean name 'transactionManager': no URL paths identified
2016-04-27 17:58:13.421 DEBUG 37359 --- [    Test worker] o.s.w.s.h.BeanNameUrlHandlerMapping      : Rejected bean name 'jpaVendorAdapter': no URL paths identified
2016-04-27 17:58:13.421 DEBUG 37359 --- [    Test worker] o.s.w.s.h.BeanNameUrlHandlerMapping      : Rejected bean name 'entityManagerFactoryBuilder': no URL paths identified
2016-04-27 17:58:13.421 DEBUG 37359 --- [    Test worker] o.s.w.s.h.BeanNameUrlHandlerMapping      : Rejected bean name 'entityManagerFactory': no URL paths identified
2016-04-27 17:58:13.421 DEBUG 37359 --- [    Test worker] o.s.w.s.h.BeanNameUrlHandlerMapping      : Rejected bean name 'spring.jpa.CONFIGURATION_PROPERTIES': no URL paths identified
2016-04-27 17:58:13.421 DEBUG 37359 --- [    Test worker] o.s.w.s.h.BeanNameUrlHandlerMapping      : Rejected bean name 'dataSourceInitializedPublisher': no URL paths identified
2016-04-27 17:58:13.421 DEBUG 37359 --- [    Test worker] o.s.w.s.h.BeanNameUrlHandlerMapping      : Rejected bean name 'org.springframework.boot.autoconfigure.context.ConfigurationPropertiesAutoConfiguration': no URL paths identified
2016-04-27 17:58:13.421 DEBUG 37359 --- [    Test worker] o.s.w.s.h.BeanNameUrlHandlerMapping      : Rejected bean name 'org.springframework.boot.autoconfigure.dao.PersistenceExceptionTranslationAutoConfiguration': no URL paths identified
2016-04-27 17:58:13.421 DEBUG 37359 --- [    Test worker] o.s.w.s.h.BeanNameUrlHandlerMapping      : Rejected bean name 'persistenceExceptionTranslationPostProcessor': no URL paths identified
2016-04-27 17:58:13.421 DEBUG 37359 --- [    Test worker] o.s.w.s.h.BeanNameUrlHandlerMapping      : Rejected bean name 'org.springframework.boot.autoconfigure.jackson.JacksonAutoConfiguration$JacksonObjectMapperBuilderConfiguration': no URL paths identified
2016-04-27 17:58:13.421 DEBUG 37359 --- [    Test worker] o.s.w.s.h.BeanNameUrlHandlerMapping      : Rejected bean name 'jacksonObjectMapperBuilder': no URL paths identified
2016-04-27 17:58:13.421 DEBUG 37359 --- [    Test worker] o.s.w.s.h.BeanNameUrlHandlerMapping      : Rejected bean name 'spring.jackson.CONFIGURATION_PROPERTIES': no URL paths identified
2016-04-27 17:58:13.421 DEBUG 37359 --- [    Test worker] o.s.w.s.h.BeanNameUrlHandlerMapping      : Rejected bean name 'org.springframework.boot.autoconfigure.jackson.JacksonAutoConfiguration$JacksonObjectMapperConfiguration': no URL paths identified
2016-04-27 17:58:13.421 DEBUG 37359 --- [    Test worker] o.s.w.s.h.BeanNameUrlHandlerMapping      : Rejected bean name 'jacksonObjectMapper': no URL paths identified
2016-04-27 17:58:13.421 DEBUG 37359 --- [    Test worker] o.s.w.s.h.BeanNameUrlHandlerMapping      : Rejected bean name 'org.springframework.boot.autoconfigure.jackson.JacksonAutoConfiguration': no URL paths identified
2016-04-27 17:58:13.421 DEBUG 37359 --- [    Test worker] o.s.w.s.h.BeanNameUrlHandlerMapping      : Rejected bean name 'org.springframework.boot.autoconfigure.web.HttpMessageConvertersAutoConfiguration$StringHttpMessageConverterConfiguration': no URL paths identified
2016-04-27 17:58:13.421 DEBUG 37359 --- [    Test worker] o.s.w.s.h.BeanNameUrlHandlerMapping      : Rejected bean name 'stringHttpMessageConverter': no URL paths identified
2016-04-27 17:58:13.421 DEBUG 37359 --- [    Test worker] o.s.w.s.h.BeanNameUrlHandlerMapping      : Rejected bean name 'spring.http.encoding.CONFIGURATION_PROPERTIES': no URL paths identified
2016-04-27 17:58:13.421 DEBUG 37359 --- [    Test worker] o.s.w.s.h.BeanNameUrlHandlerMapping      : Rejected bean name 'org.springframework.boot.autoconfigure.web.JacksonHttpMessageConvertersConfiguration$MappingJackson2HttpMessageConverterConfiguration': no URL paths identified
2016-04-27 17:58:13.421 DEBUG 37359 --- [    Test worker] o.s.w.s.h.BeanNameUrlHandlerMapping      : Rejected bean name 'mappingJackson2HttpMessageConverter': no URL paths identified
2016-04-27 17:58:13.421 DEBUG 37359 --- [    Test worker] o.s.w.s.h.BeanNameUrlHandlerMapping      : Rejected bean name 'org.springframework.boot.autoconfigure.web.JacksonHttpMessageConvertersConfiguration': no URL paths identified
2016-04-27 17:58:13.421 DEBUG 37359 --- [    Test worker] o.s.w.s.h.BeanNameUrlHandlerMapping      : Rejected bean name 'org.springframework.boot.autoconfigure.web.HttpMessageConvertersAutoConfiguration': no URL paths identified
2016-04-27 17:58:13.421 DEBUG 37359 --- [    Test worker] o.s.w.s.h.BeanNameUrlHandlerMapping      : Rejected bean name 'messageConverters': no URL paths identified
2016-04-27 17:58:13.421 DEBUG 37359 --- [    Test worker] o.s.w.s.h.BeanNameUrlHandlerMapping      : Rejected bean name 'org.springframework.hateoas.config.HateoasConfiguration': no URL paths identified
2016-04-27 17:58:13.421 DEBUG 37359 --- [    Test worker] o.s.w.s.h.BeanNameUrlHandlerMapping      : Rejected bean name 'linkRelationMessageSource': no URL paths identified
2016-04-27 17:58:13.421 DEBUG 37359 --- [    Test worker] o.s.w.s.h.BeanNameUrlHandlerMapping      : Rejected bean name 'org.springframework.data.web.config.SpringDataJacksonConfiguration': no URL paths identified
2016-04-27 17:58:13.421 DEBUG 37359 --- [    Test worker] o.s.w.s.h.BeanNameUrlHandlerMapping      : Rejected bean name 'jacksonGeoModule': no URL paths identified
2016-04-27 17:58:13.421 DEBUG 37359 --- [    Test worker] o.s.w.s.h.BeanNameUrlHandlerMapping      : Rejected bean name 'org.springframework.boot.autoconfigure.data.rest.SpringBootRepositoryRestMvcConfiguration': no URL paths identified
2016-04-27 17:58:13.421 DEBUG 37359 --- [    Test worker] o.s.w.s.h.BeanNameUrlHandlerMapping      : Rejected bean name 'config': no URL paths identified
2016-04-27 17:58:13.421 DEBUG 37359 --- [    Test worker] o.s.w.s.h.BeanNameUrlHandlerMapping      : Rejected bean name 'repositories': no URL paths identified
2016-04-27 17:58:13.421 DEBUG 37359 --- [    Test worker] o.s.w.s.h.BeanNameUrlHandlerMapping      : Rejected bean name 'repositoryRelProvider': no URL paths identified
2016-04-27 17:58:13.421 DEBUG 37359 --- [    Test worker] o.s.w.s.h.BeanNameUrlHandlerMapping      : Rejected bean name 'persistentEntities': no URL paths identified
2016-04-27 17:58:13.421 DEBUG 37359 --- [    Test worker] o.s.w.s.h.BeanNameUrlHandlerMapping      : Rejected bean name 'defaultConversionService': no URL paths identified
2016-04-27 17:58:13.421 DEBUG 37359 --- [    Test worker] o.s.w.s.h.BeanNameUrlHandlerMapping      : Rejected bean name 'validatingRepositoryEventListener': no URL paths identified
2016-04-27 17:58:13.421 DEBUG 37359 --- [    Test worker] o.s.w.s.h.BeanNameUrlHandlerMapping      : Rejected bean name 'jpaHelper': no URL paths identified
2016-04-27 17:58:13.421 DEBUG 37359 --- [    Test worker] o.s.w.s.h.BeanNameUrlHandlerMapping      : Rejected bean name 'metadataConfiguration': no URL paths identified
2016-04-27 17:58:13.421 DEBUG 37359 --- [    Test worker] o.s.w.s.h.BeanNameUrlHandlerMapping      : Rejected bean name 'baseUri': no URL paths identified
2016-04-27 17:58:13.421 DEBUG 37359 --- [    Test worker] o.s.w.s.h.BeanNameUrlHandlerMapping      : Rejected bean name 'annotatedEventHandlerInvoker': no URL paths identified
2016-04-27 17:58:13.422 DEBUG 37359 --- [    Test worker] o.s.w.s.h.BeanNameUrlHandlerMapping      : Rejected bean name 'domainObjectMerger': no URL paths identified
2016-04-27 17:58:13.422 DEBUG 37359 --- [    Test worker] o.s.w.s.h.BeanNameUrlHandlerMapping      : Rejected bean name 'serverHttpRequestMethodArgumentResolver': no URL paths identified
2016-04-27 17:58:13.422 DEBUG 37359 --- [    Test worker] o.s.w.s.h.BeanNameUrlHandlerMapping      : Rejected bean name 'repoRequestArgumentResolver': no URL paths identified
2016-04-27 17:58:13.422 DEBUG 37359 --- [    Test worker] o.s.w.s.h.BeanNameUrlHandlerMapping      : Rejected bean name 'resourceMetadataHandlerMethodArgumentResolver': no URL paths identified
2016-04-27 17:58:13.422 DEBUG 37359 --- [    Test worker] o.s.w.s.h.BeanNameUrlHandlerMapping      : Rejected bean name 'backendIdHandlerMethodArgumentResolver': no URL paths identified
2016-04-27 17:58:13.422 DEBUG 37359 --- [    Test worker] o.s.w.s.h.BeanNameUrlHandlerMapping      : Rejected bean name 'eTagArgumentResolver': no URL paths identified
2016-04-27 17:58:13.422 DEBUG 37359 --- [    Test worker] o.s.w.s.h.BeanNameUrlHandlerMapping      : Rejected bean name 'entityLinks': no URL paths identified
2016-04-27 17:58:13.422 DEBUG 37359 --- [    Test worker] o.s.w.s.h.BeanNameUrlHandlerMapping      : Rejected bean name 'persistentEntityArgumentResolver': no URL paths identified
2016-04-27 17:58:13.422 DEBUG 37359 --- [    Test worker] o.s.w.s.h.BeanNameUrlHandlerMapping      : Rejected bean name 'jsonSchemaConverter': no URL paths identified
2016-04-27 17:58:13.422 DEBUG 37359 --- [    Test worker] o.s.w.s.h.BeanNameUrlHandlerMapping      : Rejected bean name 'resourceDescriptionMessageSourceAccessor': no URL paths identified
2016-04-27 17:58:13.422 DEBUG 37359 --- [    Test worker] o.s.w.s.h.BeanNameUrlHandlerMapping      : Rejected bean name 'objectMapper': no URL paths identified
2016-04-27 17:58:13.422 DEBUG 37359 --- [    Test worker] o.s.w.s.h.BeanNameUrlHandlerMapping      : Rejected bean name 'jacksonHttpMessageConverter': no URL paths identified
2016-04-27 17:58:13.422 DEBUG 37359 --- [    Test worker] o.s.w.s.h.BeanNameUrlHandlerMapping      : Rejected bean name 'halJacksonHttpMessageConverter': no URL paths identified
2016-04-27 17:58:13.422 DEBUG 37359 --- [    Test worker] o.s.w.s.h.BeanNameUrlHandlerMapping      : Rejected bean name 'halObjectMapper': no URL paths identified
2016-04-27 17:58:13.422 DEBUG 37359 --- [    Test worker] o.s.w.s.h.BeanNameUrlHandlerMapping      : Rejected bean name 'uriListHttpMessageConverter': no URL paths identified
2016-04-27 17:58:13.422 DEBUG 37359 --- [    Test worker] o.s.w.s.h.BeanNameUrlHandlerMapping      : Rejected bean name 'repositoryExporterHandlerAdapter': no URL paths identified
2016-04-27 17:58:13.422 DEBUG 37359 --- [    Test worker] o.s.w.s.h.BeanNameUrlHandlerMapping      : Rejected bean name 'restHandlerMapping': no URL paths identified
2016-04-27 17:58:13.422 DEBUG 37359 --- [    Test worker] o.s.w.s.h.BeanNameUrlHandlerMapping      : Rejected bean name 'resourceMappings': no URL paths identified
2016-04-27 17:58:13.422 DEBUG 37359 --- [    Test worker] o.s.w.s.h.BeanNameUrlHandlerMapping      : Rejected bean name 'exceptionHandlerExceptionResolver': no URL paths identified
2016-04-27 17:58:13.422 DEBUG 37359 --- [    Test worker] o.s.w.s.h.BeanNameUrlHandlerMapping      : Rejected bean name 'repositoryRestExceptionHandler': no URL paths identified
2016-04-27 17:58:13.422 DEBUG 37359 --- [    Test worker] o.s.w.s.h.BeanNameUrlHandlerMapping      : Rejected bean name 'repositoryInvokerFactory': no URL paths identified
2016-04-27 17:58:13.422 DEBUG 37359 --- [    Test worker] o.s.w.s.h.BeanNameUrlHandlerMapping      : Rejected bean name 'defaultMessageConverters': no URL paths identified
2016-04-27 17:58:13.422 DEBUG 37359 --- [    Test worker] o.s.w.s.h.BeanNameUrlHandlerMapping      : Rejected bean name 'alpsJsonHttpMessageConverter': no URL paths identified
2016-04-27 17:58:13.422 DEBUG 37359 --- [    Test worker] o.s.w.s.h.BeanNameUrlHandlerMapping      : Rejected bean name 'pageableResolver': no URL paths identified
2016-04-27 17:58:13.422 DEBUG 37359 --- [    Test worker] o.s.w.s.h.BeanNameUrlHandlerMapping      : Rejected bean name 'sortResolver': no URL paths identified
2016-04-27 17:58:13.422 DEBUG 37359 --- [    Test worker] o.s.w.s.h.BeanNameUrlHandlerMapping      : Rejected bean name 'backendIdConverterRegistry': no URL paths identified
2016-04-27 17:58:13.422 DEBUG 37359 --- [    Test worker] o.s.w.s.h.BeanNameUrlHandlerMapping      : Rejected bean name 'auditableBeanWrapperFactory': no URL paths identified
2016-04-27 17:58:13.422 DEBUG 37359 --- [    Test worker] o.s.w.s.h.BeanNameUrlHandlerMapping      : Rejected bean name 'enumTranslator': no URL paths identified
2016-04-27 17:58:13.422 DEBUG 37359 --- [    Test worker] o.s.w.s.h.BeanNameUrlHandlerMapping      : Rejected bean name 'alpsConverter': no URL paths identified
2016-04-27 17:58:13.422 DEBUG 37359 --- [    Test worker] o.s.w.s.h.BeanNameUrlHandlerMapping      : Rejected bean name 'profileResourceProcessor': no URL paths identified
2016-04-27 17:58:13.422 DEBUG 37359 --- [    Test worker] o.s.w.s.h.BeanNameUrlHandlerMapping      : Rejected bean name 'pagedResourcesAssembler': no URL paths identified
2016-04-27 17:58:13.422 DEBUG 37359 --- [    Test worker] o.s.w.s.h.BeanNameUrlHandlerMapping      : Rejected bean name 'pagedResourcesAssemblerArgumentResolver': no URL paths identified
2016-04-27 17:58:13.422 DEBUG 37359 --- [    Test worker] o.s.w.s.h.BeanNameUrlHandlerMapping      : Rejected bean name 'entityLinksPluginRegistry': no URL paths identified
2016-04-27 17:58:13.422 DEBUG 37359 --- [    Test worker] o.s.w.s.h.BeanNameUrlHandlerMapping      : Rejected bean name 'controllerEntityLinks': no URL paths identified
2016-04-27 17:58:13.422 DEBUG 37359 --- [    Test worker] o.s.w.s.h.BeanNameUrlHandlerMapping      : Rejected bean name 'delegatingEntityLinks': no URL paths identified
2016-04-27 17:58:13.423 DEBUG 37359 --- [    Test worker] o.s.w.s.h.BeanNameUrlHandlerMapping      : Rejected bean name '_halObjectMapper': no URL paths identified
2016-04-27 17:58:13.423 DEBUG 37359 --- [    Test worker] o.s.w.s.h.BeanNameUrlHandlerMapping      : Rejected bean name 'org.springframework.hateoas.config.HypermediaSupportBeanDefinitionRegistrar$DefaultObjectMapperCustomizer#0': no URL paths identified
2016-04-27 17:58:13.423 DEBUG 37359 --- [    Test worker] o.s.w.s.h.BeanNameUrlHandlerMapping      : Rejected bean name 'org.springframework.hateoas.config.HypermediaSupportBeanDefinitionRegistrar$Jackson2ModuleRegisteringBeanPostProcessor#0': no URL paths identified
2016-04-27 17:58:13.423 DEBUG 37359 --- [    Test worker] o.s.w.s.h.BeanNameUrlHandlerMapping      : Rejected bean name '_linkDiscovererRegistry': no URL paths identified
2016-04-27 17:58:13.423 DEBUG 37359 --- [    Test worker] o.s.w.s.h.BeanNameUrlHandlerMapping      : Rejected bean name 'org.springframework.hateoas.LinkDiscoverers#0': no URL paths identified
2016-04-27 17:58:13.423 DEBUG 37359 --- [    Test worker] o.s.w.s.h.BeanNameUrlHandlerMapping      : Rejected bean name 'defaultRelProvider': no URL paths identified
2016-04-27 17:58:13.423 DEBUG 37359 --- [    Test worker] o.s.w.s.h.BeanNameUrlHandlerMapping      : Rejected bean name 'annotationRelProvider': no URL paths identified
2016-04-27 17:58:13.423 DEBUG 37359 --- [    Test worker] o.s.w.s.h.BeanNameUrlHandlerMapping      : Rejected bean name 'relProviderPluginRegistry': no URL paths identified
2016-04-27 17:58:13.423 DEBUG 37359 --- [    Test worker] o.s.w.s.h.BeanNameUrlHandlerMapping      : Rejected bean name '_relProvider': no URL paths identified
2016-04-27 17:58:13.423 DEBUG 37359 --- [    Test worker] o.s.w.s.h.BeanNameUrlHandlerMapping      : Rejected bean name 'org.springframework.boot.autoconfigure.data.rest.RepositoryRestMvcAutoConfiguration': no URL paths identified
2016-04-27 17:58:13.423 DEBUG 37359 --- [    Test worker] o.s.w.s.h.BeanNameUrlHandlerMapping      : Rejected bean name 'springBootRepositoryRestConfigurer': no URL paths identified
2016-04-27 17:58:13.423 DEBUG 37359 --- [    Test worker] o.s.w.s.h.BeanNameUrlHandlerMapping      : Rejected bean name 'org.springframework.boot.autoconfigure.hateoas.HypermediaAutoConfiguration': no URL paths identified
2016-04-27 17:58:13.423 DEBUG 37359 --- [    Test worker] o.s.w.s.h.BeanNameUrlHandlerMapping      : Rejected bean name 'spring.hateoas.CONFIGURATION_PROPERTIES': no URL paths identified
2016-04-27 17:58:13.423 DEBUG 37359 --- [    Test worker] o.s.w.s.h.BeanNameUrlHandlerMapping      : Rejected bean name 'org.springframework.transaction.annotation.ProxyTransactionManagementConfiguration': no URL paths identified
2016-04-27 17:58:13.423 DEBUG 37359 --- [    Test worker] o.s.w.s.h.BeanNameUrlHandlerMapping      : Rejected bean name 'org.springframework.transaction.config.internalTransactionAdvisor': no URL paths identified
2016-04-27 17:58:13.423 DEBUG 37359 --- [    Test worker] o.s.w.s.h.BeanNameUrlHandlerMapping      : Rejected bean name 'transactionAttributeSource': no URL paths identified
2016-04-27 17:58:13.423 DEBUG 37359 --- [    Test worker] o.s.w.s.h.BeanNameUrlHandlerMapping      : Rejected bean name 'transactionInterceptor': no URL paths identified
2016-04-27 17:58:13.423 DEBUG 37359 --- [    Test worker] o.s.w.s.h.BeanNameUrlHandlerMapping      : Rejected bean name 'org.springframework.transaction.config.internalTransactionalEventListenerFactory': no URL paths identified
2016-04-27 17:58:13.423 DEBUG 37359 --- [    Test worker] o.s.w.s.h.BeanNameUrlHandlerMapping      : Rejected bean name 'org.springframework.boot.autoconfigure.jdbc.DataSourceTransactionManagerAutoConfiguration$TransactionManagementConfiguration': no URL paths identified
2016-04-27 17:58:13.423 DEBUG 37359 --- [    Test worker] o.s.w.s.h.BeanNameUrlHandlerMapping      : Rejected bean name 'org.springframework.boot.autoconfigure.jdbc.DataSourceTransactionManagerAutoConfiguration': no URL paths identified
2016-04-27 17:58:13.423 DEBUG 37359 --- [    Test worker] o.s.w.s.h.BeanNameUrlHandlerMapping      : Rejected bean name 'org.springframework.boot.autoconfigure.security.SecurityFilterAutoConfiguration': no URL paths identified
2016-04-27 17:58:13.423 DEBUG 37359 --- [    Test worker] o.s.w.s.h.BeanNameUrlHandlerMapping      : Rejected bean name 'org.springframework.boot.autoconfigure.transaction.TransactionAutoConfiguration': no URL paths identified
2016-04-27 17:58:13.423 DEBUG 37359 --- [    Test worker] o.s.w.s.h.BeanNameUrlHandlerMapping      : Rejected bean name 'transactionTemplate': no URL paths identified
2016-04-27 17:58:13.423 DEBUG 37359 --- [    Test worker] o.s.w.s.h.BeanNameUrlHandlerMapping      : Rejected bean name 'org.springframework.boot.autoconfigure.web.HttpEncodingAutoConfiguration': no URL paths identified
2016-04-27 17:58:13.423 DEBUG 37359 --- [    Test worker] o.s.w.s.h.BeanNameUrlHandlerMapping      : Rejected bean name 'characterEncodingFilter': no URL paths identified
2016-04-27 17:58:13.423 DEBUG 37359 --- [    Test worker] o.s.w.s.h.BeanNameUrlHandlerMapping      : Rejected bean name 'org.springframework.boot.autoconfigure.web.MultipartAutoConfiguration': no URL paths identified
2016-04-27 17:58:13.423 DEBUG 37359 --- [    Test worker] o.s.w.s.h.BeanNameUrlHandlerMapping      : Rejected bean name 'multipartConfigElement': no URL paths identified
2016-04-27 17:58:13.423 DEBUG 37359 --- [    Test worker] o.s.w.s.h.BeanNameUrlHandlerMapping      : Rejected bean name 'multipartResolver': no URL paths identified
2016-04-27 17:58:13.423 DEBUG 37359 --- [    Test worker] o.s.w.s.h.BeanNameUrlHandlerMapping      : Rejected bean name 'multipart.CONFIGURATION_PROPERTIES': no URL paths identified
2016-04-27 17:58:13.423 DEBUG 37359 --- [    Test worker] o.s.w.s.h.BeanNameUrlHandlerMapping      : Rejected bean name 'org.springframework.boot.autoconfigure.web.ServerPropertiesAutoConfiguration': no URL paths identified
2016-04-27 17:58:13.423 DEBUG 37359 --- [    Test worker] o.s.w.s.h.BeanNameUrlHandlerMapping      : Rejected bean name 'serverProperties': no URL paths identified
2016-04-27 17:58:13.423 DEBUG 37359 --- [    Test worker] o.s.w.s.h.BeanNameUrlHandlerMapping      : Rejected bean name 'org.springframework.orm.jpa.SharedEntityManagerCreator#0': no URL paths identified
2016-04-27 17:58:13.423 DEBUG 37359 --- [    Test worker] o.s.w.s.h.BeanNameUrlHandlerMapping      : Rejected bean name 'autoConfigurationReport': no URL paths identified
2016-04-27 17:58:13.423 DEBUG 37359 --- [    Test worker] o.s.w.s.h.BeanNameUrlHandlerMapping      : Rejected bean name 'applicationEventMulticaster': no URL paths identified
2016-04-27 17:58:13.424 DEBUG 37359 --- [    Test worker] o.s.w.s.h.BeanNameUrlHandlerMapping      : Rejected bean name 'springApplicationArguments': no URL paths identified
2016-04-27 17:58:13.424 DEBUG 37359 --- [    Test worker] o.s.w.s.h.BeanNameUrlHandlerMapping      : Rejected bean name 'environment': no URL paths identified
2016-04-27 17:58:13.424 DEBUG 37359 --- [    Test worker] o.s.w.s.h.BeanNameUrlHandlerMapping      : Rejected bean name 'systemProperties': no URL paths identified
2016-04-27 17:58:13.424 DEBUG 37359 --- [    Test worker] o.s.w.s.h.BeanNameUrlHandlerMapping      : Rejected bean name 'systemEnvironment': no URL paths identified
2016-04-27 17:58:13.424 DEBUG 37359 --- [    Test worker] o.s.w.s.h.BeanNameUrlHandlerMapping      : Rejected bean name 'servletContext': no URL paths identified
2016-04-27 17:58:13.424 DEBUG 37359 --- [    Test worker] o.s.w.s.h.BeanNameUrlHandlerMapping      : Rejected bean name 'contextParameters': no URL paths identified
2016-04-27 17:58:13.424 DEBUG 37359 --- [    Test worker] o.s.w.s.h.BeanNameUrlHandlerMapping      : Rejected bean name 'contextAttributes': no URL paths identified
2016-04-27 17:58:13.424 DEBUG 37359 --- [    Test worker] o.s.w.s.h.BeanNameUrlHandlerMapping      : Rejected bean name 'org.springframework.context.annotation.ConfigurationClassPostProcessor.importRegistry': no URL paths identified
2016-04-27 17:58:13.424 DEBUG 37359 --- [    Test worker] o.s.w.s.h.BeanNameUrlHandlerMapping      : Rejected bean name 'messageSource': no URL paths identified
2016-04-27 17:58:13.424 DEBUG 37359 --- [    Test worker] o.s.b.f.s.DefaultListableBeanFactory     : Returning cached instance of singleton bean 'org.springframework.transaction.config.internalTransactionAdvisor'
2016-04-27 17:58:13.424 DEBUG 37359 --- [    Test worker] o.s.b.f.s.DefaultListableBeanFactory     : Returning cached instance of singleton bean 'org.springframework.transaction.config.internalTransactionAdvisor'
2016-04-27 17:58:13.424 DEBUG 37359 --- [    Test worker] o.s.b.f.s.DefaultListableBeanFactory     : Finished creating instance of bean 'beanNameHandlerMapping'
2016-04-27 17:58:13.424 DEBUG 37359 --- [    Test worker] o.s.b.f.s.DefaultListableBeanFactory     : Creating shared instance of singleton bean 'resourceHandlerMapping'
2016-04-27 17:58:13.424 DEBUG 37359 --- [    Test worker] o.s.b.f.s.DefaultListableBeanFactory     : Creating instance of bean 'resourceHandlerMapping'
2016-04-27 17:58:13.425 DEBUG 37359 --- [    Test worker] o.s.b.f.s.DefaultListableBeanFactory     : Returning cached instance of singleton bean 'org.springframework.transaction.config.internalTransactionAdvisor'
2016-04-27 17:58:13.425 DEBUG 37359 --- [    Test worker] o.s.b.f.s.DefaultListableBeanFactory     : Returning cached instance of singleton bean 'org.springframework.boot.autoconfigure.web.WebMvcAutoConfiguration$EnableWebMvcConfiguration'
2016-04-27 17:58:13.427 DEBUG 37359 --- [    Test worker] o.s.b.f.s.DefaultListableBeanFactory     : Returning cached instance of singleton bean 'mvcPathMatcher'
2016-04-27 17:58:13.427 DEBUG 37359 --- [    Test worker] o.s.b.f.s.DefaultListableBeanFactory     : Returning cached instance of singleton bean 'mvcUrlPathHelper'
2016-04-27 17:58:13.427 DEBUG 37359 --- [    Test worker] o.s.b.f.s.DefaultListableBeanFactory     : Returning cached instance of singleton bean 'mvcResourceUrlProvider'
2016-04-27 17:58:13.428 DEBUG 37359 --- [    Test worker] o.s.b.f.s.DefaultListableBeanFactory     : Eagerly caching bean 'resourceHandlerMapping' to allow for resolving potential circular references
2016-04-27 17:58:13.428 TRACE 37359 --- [    Test worker] o.s.beans.CachedIntrospectionResults     : Getting BeanInfo for class [org.springframework.web.servlet.handler.SimpleUrlHandlerMapping]
2016-04-27 17:58:13.429 TRACE 37359 --- [    Test worker] o.s.beans.CachedIntrospectionResults     : Caching PropertyDescriptors for class [org.springframework.web.servlet.handler.SimpleUrlHandlerMapping]
2016-04-27 17:58:13.429 TRACE 37359 --- [    Test worker] o.s.beans.CachedIntrospectionResults     : Found bean property 'alwaysUseFullPath' of type [boolean]
2016-04-27 17:58:13.429 TRACE 37359 --- [    Test worker] o.s.beans.CachedIntrospectionResults     : Found bean property 'applicationContext' of type [org.springframework.context.ApplicationContext]
2016-04-27 17:58:13.429 TRACE 37359 --- [    Test worker] o.s.beans.CachedIntrospectionResults     : Found bean property 'class' of type [java.lang.Class]
2016-04-27 17:58:13.429 TRACE 37359 --- [    Test worker] o.s.beans.CachedIntrospectionResults     : Found bean property 'corsConfigurations' of type [java.util.Map]
2016-04-27 17:58:13.429 TRACE 37359 --- [    Test worker] o.s.beans.CachedIntrospectionResults     : Found bean property 'corsProcessor' of type [org.springframework.web.cors.CorsProcessor]
2016-04-27 17:58:13.429 TRACE 37359 --- [    Test worker] o.s.beans.CachedIntrospectionResults     : Found bean property 'defaultHandler' of type [java.lang.Object]
2016-04-27 17:58:13.429 TRACE 37359 --- [    Test worker] o.s.beans.CachedIntrospectionResults     : Found bean property 'handlerMap' of type [java.util.Map]
2016-04-27 17:58:13.429 TRACE 37359 --- [    Test worker] o.s.beans.CachedIntrospectionResults     : Found bean property 'interceptors' of type [[Ljava.lang.Object;]
2016-04-27 17:58:13.429 TRACE 37359 --- [    Test worker] o.s.beans.CachedIntrospectionResults     : Found bean property 'lazyInitHandlers' of type [boolean]
2016-04-27 17:58:13.429 TRACE 37359 --- [    Test worker] o.s.beans.CachedIntrospectionResults     : Found bean property 'mappings' of type [java.util.Properties]
2016-04-27 17:58:13.429 TRACE 37359 --- [    Test worker] o.s.beans.CachedIntrospectionResults     : Found bean property 'order' of type [int]
2016-04-27 17:58:13.429 TRACE 37359 --- [    Test worker] o.s.beans.CachedIntrospectionResults     : Found bean property 'pathMatcher' of type [org.springframework.util.PathMatcher]
2016-04-27 17:58:13.429 TRACE 37359 --- [    Test worker] o.s.beans.CachedIntrospectionResults     : Found bean property 'removeSemicolonContent' of type [boolean]
2016-04-27 17:58:13.429 TRACE 37359 --- [    Test worker] o.s.beans.CachedIntrospectionResults     : Found bean property 'rootHandler' of type [java.lang.Object]
2016-04-27 17:58:13.429 TRACE 37359 --- [    Test worker] o.s.beans.CachedIntrospectionResults     : Found bean property 'servletContext' of type [javax.servlet.ServletContext]
2016-04-27 17:58:13.429 TRACE 37359 --- [    Test worker] o.s.beans.CachedIntrospectionResults     : Found bean property 'urlDecode' of type [boolean]
2016-04-27 17:58:13.429 TRACE 37359 --- [    Test worker] o.s.beans.CachedIntrospectionResults     : Found bean property 'urlMap' of type [java.util.Map]
2016-04-27 17:58:13.429 TRACE 37359 --- [    Test worker] o.s.beans.CachedIntrospectionResults     : Found bean property 'urlPathHelper' of type [org.springframework.web.util.UrlPathHelper]
2016-04-27 17:58:13.429 TRACE 37359 --- [    Test worker] o.s.beans.CachedIntrospectionResults     : Found bean property 'useTrailingSlashMatch' of type [boolean]
2016-04-27 17:58:13.430  INFO 37359 --- [    Test worker] o.s.w.s.handler.SimpleUrlHandlerMapping  : Mapped URL path [/webjars/**] onto handler of type [class org.springframework.web.servlet.resource.ResourceHttpRequestHandler]
2016-04-27 17:58:13.430  INFO 37359 --- [    Test worker] o.s.w.s.handler.SimpleUrlHandlerMapping  : Mapped URL path [/**] onto handler of type [class org.springframework.web.servlet.resource.ResourceHttpRequestHandler]
2016-04-27 17:58:13.431 DEBUG 37359 --- [    Test worker] o.s.b.f.s.DefaultListableBeanFactory     : Returning cached instance of singleton bean 'org.springframework.transaction.config.internalTransactionAdvisor'
2016-04-27 17:58:13.431 DEBUG 37359 --- [    Test worker] o.s.b.f.s.DefaultListableBeanFactory     : Returning cached instance of singleton bean 'org.springframework.transaction.config.internalTransactionAdvisor'
2016-04-27 17:58:13.431 DEBUG 37359 --- [    Test worker] o.s.b.f.s.DefaultListableBeanFactory     : Finished creating instance of bean 'resourceHandlerMapping'
2016-04-27 17:58:13.431 DEBUG 37359 --- [    Test worker] o.s.b.f.s.DefaultListableBeanFactory     : Returning cached instance of singleton bean 'mvcResourceUrlProvider'
2016-04-27 17:58:13.431 DEBUG 37359 --- [    Test worker] o.s.b.f.s.DefaultListableBeanFactory     : Creating shared instance of singleton bean 'defaultServletHandlerMapping'
2016-04-27 17:58:13.431 DEBUG 37359 --- [    Test worker] o.s.b.f.s.DefaultListableBeanFactory     : Creating instance of bean 'defaultServletHandlerMapping'
2016-04-27 17:58:13.432 DEBUG 37359 --- [    Test worker] o.s.b.f.s.DefaultListableBeanFactory     : Returning cached instance of singleton bean 'org.springframework.transaction.config.internalTransactionAdvisor'
2016-04-27 17:58:13.432 DEBUG 37359 --- [    Test worker] o.s.b.f.s.DefaultListableBeanFactory     : Returning cached instance of singleton bean 'org.springframework.boot.autoconfigure.web.WebMvcAutoConfiguration$EnableWebMvcConfiguration'
2016-04-27 17:58:13.432 DEBUG 37359 --- [    Test worker] o.s.b.f.s.DefaultListableBeanFactory     : Eagerly caching bean 'defaultServletHandlerMapping' to allow for resolving potential circular references
2016-04-27 17:58:13.433 DEBUG 37359 --- [    Test worker] o.s.b.f.s.DefaultListableBeanFactory     : Returning cached instance of singleton bean 'org.springframework.transaction.config.internalTransactionAdvisor'
2016-04-27 17:58:13.433 DEBUG 37359 --- [    Test worker] o.s.b.f.s.DefaultListableBeanFactory     : Returning cached instance of singleton bean 'org.springframework.transaction.config.internalTransactionAdvisor'
2016-04-27 17:58:13.433 DEBUG 37359 --- [    Test worker] o.s.b.f.s.DefaultListableBeanFactory     : Finished creating instance of bean 'defaultServletHandlerMapping'
2016-04-27 17:58:13.433 DEBUG 37359 --- [    Test worker] o.s.b.f.s.DefaultListableBeanFactory     : Returning cached instance of singleton bean 'mvcConversionService'
2016-04-27 17:58:13.433 DEBUG 37359 --- [    Test worker] o.s.b.f.s.DefaultListableBeanFactory     : Returning cached instance of singleton bean 'mvcValidator'
2016-04-27 17:58:13.433 DEBUG 37359 --- [    Test worker] o.s.b.f.s.DefaultListableBeanFactory     : Returning cached instance of singleton bean 'mvcPathMatcher'
2016-04-27 17:58:13.433 DEBUG 37359 --- [    Test worker] o.s.b.f.s.DefaultListableBeanFactory     : Returning cached instance of singleton bean 'mvcUrlPathHelper'
2016-04-27 17:58:13.433 DEBUG 37359 --- [    Test worker] o.s.b.f.s.DefaultListableBeanFactory     : Creating shared instance of singleton bean 'mvcUriComponentsContributor'
2016-04-27 17:58:13.433 DEBUG 37359 --- [    Test worker] o.s.b.f.s.DefaultListableBeanFactory     : Creating instance of bean 'mvcUriComponentsContributor'
2016-04-27 17:58:13.433 DEBUG 37359 --- [    Test worker] o.s.b.f.s.DefaultListableBeanFactory     : Returning cached instance of singleton bean 'org.springframework.transaction.config.internalTransactionAdvisor'
2016-04-27 17:58:13.433 DEBUG 37359 --- [    Test worker] o.s.b.f.s.DefaultListableBeanFactory     : Returning cached instance of singleton bean 'org.springframework.boot.autoconfigure.web.WebMvcAutoConfiguration$EnableWebMvcConfiguration'
2016-04-27 17:58:13.433 DEBUG 37359 --- [    Test worker] o.s.b.f.s.DefaultListableBeanFactory     : Returning cached instance of singleton bean 'requestMappingHandlerAdapter'
2016-04-27 17:58:13.433 DEBUG 37359 --- [    Test worker] o.s.b.f.s.DefaultListableBeanFactory     : Returning cached instance of singleton bean 'mvcConversionService'
2016-04-27 17:58:13.434 DEBUG 37359 --- [    Test worker] o.s.b.f.s.DefaultListableBeanFactory     : Eagerly caching bean 'mvcUriComponentsContributor' to allow for resolving potential circular references
2016-04-27 17:58:13.434 TRACE 37359 --- [    Test worker] o.s.beans.CachedIntrospectionResults     : Getting BeanInfo for class [org.springframework.web.method.support.CompositeUriComponentsContributor]
2016-04-27 17:58:13.435 TRACE 37359 --- [    Test worker] o.s.beans.CachedIntrospectionResults     : Caching PropertyDescriptors for class [org.springframework.web.method.support.CompositeUriComponentsContributor]
2016-04-27 17:58:13.435 TRACE 37359 --- [    Test worker] o.s.beans.CachedIntrospectionResults     : Found bean property 'class' of type [java.lang.Class]
2016-04-27 17:58:13.435 DEBUG 37359 --- [    Test worker] o.s.b.f.s.DefaultListableBeanFactory     : Returning cached instance of singleton bean 'org.springframework.transaction.config.internalTransactionAdvisor'
2016-04-27 17:58:13.435 DEBUG 37359 --- [    Test worker] o.s.b.f.s.DefaultListableBeanFactory     : Returning cached instance of singleton bean 'org.springframework.transaction.config.internalTransactionAdvisor'
2016-04-27 17:58:13.435 DEBUG 37359 --- [    Test worker] o.s.b.f.s.DefaultListableBeanFactory     : Finished creating instance of bean 'mvcUriComponentsContributor'
2016-04-27 17:58:13.435 DEBUG 37359 --- [    Test worker] o.s.b.f.s.DefaultListableBeanFactory     : Creating shared instance of singleton bean 'httpRequestHandlerAdapter'
2016-04-27 17:58:13.435 DEBUG 37359 --- [    Test worker] o.s.b.f.s.DefaultListableBeanFactory     : Creating instance of bean 'httpRequestHandlerAdapter'
2016-04-27 17:58:13.435 DEBUG 37359 --- [    Test worker] o.s.b.f.s.DefaultListableBeanFactory     : Returning cached instance of singleton bean 'org.springframework.transaction.config.internalTransactionAdvisor'
2016-04-27 17:58:13.435 DEBUG 37359 --- [    Test worker] o.s.b.f.s.DefaultListableBeanFactory     : Returning cached instance of singleton bean 'org.springframework.boot.autoconfigure.web.WebMvcAutoConfiguration$EnableWebMvcConfiguration'
2016-04-27 17:58:13.435 DEBUG 37359 --- [    Test worker] o.s.b.f.s.DefaultListableBeanFactory     : Eagerly caching bean 'httpRequestHandlerAdapter' to allow for resolving potential circular references
2016-04-27 17:58:13.435 TRACE 37359 --- [    Test worker] o.s.beans.CachedIntrospectionResults     : Getting BeanInfo for class [org.springframework.web.servlet.mvc.HttpRequestHandlerAdapter]
2016-04-27 17:58:13.436 TRACE 37359 --- [    Test worker] o.s.beans.CachedIntrospectionResults     : Caching PropertyDescriptors for class [org.springframework.web.servlet.mvc.HttpRequestHandlerAdapter]
2016-04-27 17:58:13.436 TRACE 37359 --- [    Test worker] o.s.beans.CachedIntrospectionResults     : Found bean property 'class' of type [java.lang.Class]
2016-04-27 17:58:13.437 DEBUG 37359 --- [    Test worker] o.s.b.f.s.DefaultListableBeanFactory     : Returning cached instance of singleton bean 'org.springframework.transaction.config.internalTransactionAdvisor'
2016-04-27 17:58:13.437 DEBUG 37359 --- [    Test worker] o.s.b.f.s.DefaultListableBeanFactory     : Returning cached instance of singleton bean 'org.springframework.transaction.config.internalTransactionAdvisor'
2016-04-27 17:58:13.437 DEBUG 37359 --- [    Test worker] o.s.b.f.s.DefaultListableBeanFactory     : Finished creating instance of bean 'httpRequestHandlerAdapter'
2016-04-27 17:58:13.437 DEBUG 37359 --- [    Test worker] o.s.b.f.s.DefaultListableBeanFactory     : Creating shared instance of singleton bean 'simpleControllerHandlerAdapter'
2016-04-27 17:58:13.437 DEBUG 37359 --- [    Test worker] o.s.b.f.s.DefaultListableBeanFactory     : Creating instance of bean 'simpleControllerHandlerAdapter'
2016-04-27 17:58:13.437 DEBUG 37359 --- [    Test worker] o.s.b.f.s.DefaultListableBeanFactory     : Returning cached instance of singleton bean 'org.springframework.transaction.config.internalTransactionAdvisor'
2016-04-27 17:58:13.437 DEBUG 37359 --- [    Test worker] o.s.b.f.s.DefaultListableBeanFactory     : Returning cached instance of singleton bean 'org.springframework.boot.autoconfigure.web.WebMvcAutoConfiguration$EnableWebMvcConfiguration'
2016-04-27 17:58:13.437 DEBUG 37359 --- [    Test worker] o.s.b.f.s.DefaultListableBeanFactory     : Eagerly caching bean 'simpleControllerHandlerAdapter' to allow for resolving potential circular references
2016-04-27 17:58:13.437 TRACE 37359 --- [    Test worker] o.s.beans.CachedIntrospectionResults     : Getting BeanInfo for class [org.springframework.web.servlet.mvc.SimpleControllerHandlerAdapter]
2016-04-27 17:58:13.438 TRACE 37359 --- [    Test worker] o.s.beans.CachedIntrospectionResults     : Caching PropertyDescriptors for class [org.springframework.web.servlet.mvc.SimpleControllerHandlerAdapter]
2016-04-27 17:58:13.438 TRACE 37359 --- [    Test worker] o.s.beans.CachedIntrospectionResults     : Found bean property 'class' of type [java.lang.Class]
2016-04-27 17:58:13.438 DEBUG 37359 --- [    Test worker] o.s.b.f.s.DefaultListableBeanFactory     : Returning cached instance of singleton bean 'org.springframework.transaction.config.internalTransactionAdvisor'
2016-04-27 17:58:13.438 DEBUG 37359 --- [    Test worker] o.s.b.f.s.DefaultListableBeanFactory     : Returning cached instance of singleton bean 'org.springframework.transaction.config.internalTransactionAdvisor'
2016-04-27 17:58:13.439 DEBUG 37359 --- [    Test worker] o.s.b.f.s.DefaultListableBeanFactory     : Finished creating instance of bean 'simpleControllerHandlerAdapter'
2016-04-27 17:58:13.439 DEBUG 37359 --- [    Test worker] o.s.b.f.s.DefaultListableBeanFactory     : Creating shared instance of singleton bean 'handlerExceptionResolver'
2016-04-27 17:58:13.439 DEBUG 37359 --- [    Test worker] o.s.b.f.s.DefaultListableBeanFactory     : Creating instance of bean 'handlerExceptionResolver'
2016-04-27 17:58:13.439 DEBUG 37359 --- [    Test worker] o.s.b.f.s.DefaultListableBeanFactory     : Returning cached instance of singleton bean 'org.springframework.transaction.config.internalTransactionAdvisor'
2016-04-27 17:58:13.439 DEBUG 37359 --- [    Test worker] o.s.b.f.s.DefaultListableBeanFactory     : Returning cached instance of singleton bean 'org.springframework.boot.autoconfigure.web.WebMvcAutoConfiguration$EnableWebMvcConfiguration'
2016-04-27 17:58:13.442 DEBUG 37359 --- [    Test worker] o.s.b.f.s.DefaultListableBeanFactory     : Returning cached instance of singleton bean 'mvcContentNegotiationManager'
2016-04-27 17:58:13.442 DEBUG 37359 --- [    Test worker] .m.m.a.ExceptionHandlerExceptionResolver : Looking for exception mappings: org.springframework.web.context.support.GenericWebApplicationContext@5a677df7: startup date [Wed Apr 27 17:58:10 EDT 2016]; root of context hierarchy
2016-04-27 17:58:13.444  INFO 37359 --- [    Test worker] .m.m.a.ExceptionHandlerExceptionResolver : Detected @ExceptionHandler methods in repositoryRestExceptionHandler
2016-04-27 17:58:13.446 DEBUG 37359 --- [    Test worker] o.s.b.f.s.DefaultListableBeanFactory     : Eagerly caching bean 'handlerExceptionResolver' to allow for resolving potential circular references
2016-04-27 17:58:13.446 TRACE 37359 --- [    Test worker] o.s.beans.CachedIntrospectionResults     : Getting BeanInfo for class [org.springframework.web.servlet.handler.HandlerExceptionResolverComposite]
2016-04-27 17:58:13.447 TRACE 37359 --- [    Test worker] o.s.beans.CachedIntrospectionResults     : Caching PropertyDescriptors for class [org.springframework.web.servlet.handler.HandlerExceptionResolverComposite]
2016-04-27 17:58:13.447 TRACE 37359 --- [    Test worker] o.s.beans.CachedIntrospectionResults     : Found bean property 'class' of type [java.lang.Class]
2016-04-27 17:58:13.447 TRACE 37359 --- [    Test worker] o.s.beans.CachedIntrospectionResults     : Found bean property 'exceptionResolvers' of type [java.util.List]
2016-04-27 17:58:13.447 TRACE 37359 --- [    Test worker] o.s.beans.CachedIntrospectionResults     : Found bean property 'order' of type [int]
2016-04-27 17:58:13.447 DEBUG 37359 --- [    Test worker] o.s.b.f.s.DefaultListableBeanFactory     : Returning cached instance of singleton bean 'org.springframework.transaction.config.internalTransactionAdvisor'
2016-04-27 17:58:13.447 DEBUG 37359 --- [    Test worker] o.s.b.f.s.DefaultListableBeanFactory     : Returning cached instance of singleton bean 'org.springframework.transaction.config.internalTransactionAdvisor'
2016-04-27 17:58:13.447 DEBUG 37359 --- [    Test worker] o.s.b.f.s.DefaultListableBeanFactory     : Finished creating instance of bean 'handlerExceptionResolver'
2016-04-27 17:58:13.447 DEBUG 37359 --- [    Test worker] o.s.b.f.s.DefaultListableBeanFactory     : Creating shared instance of singleton bean 'mvcViewResolver'
2016-04-27 17:58:13.447 DEBUG 37359 --- [    Test worker] o.s.b.f.s.DefaultListableBeanFactory     : Creating instance of bean 'mvcViewResolver'
2016-04-27 17:58:13.447 DEBUG 37359 --- [    Test worker] o.s.b.f.s.DefaultListableBeanFactory     : Returning cached instance of singleton bean 'org.springframework.transaction.config.internalTransactionAdvisor'
2016-04-27 17:58:13.448 DEBUG 37359 --- [    Test worker] o.s.b.f.s.DefaultListableBeanFactory     : Returning cached instance of singleton bean 'org.springframework.boot.autoconfigure.web.WebMvcAutoConfiguration$EnableWebMvcConfiguration'
2016-04-27 17:58:13.449 DEBUG 37359 --- [    Test worker] o.s.b.f.s.DefaultListableBeanFactory     : Returning cached instance of singleton bean 'mvcContentNegotiationManager'
2016-04-27 17:58:13.450 DEBUG 37359 --- [    Test worker] o.s.b.f.s.DefaultListableBeanFactory     : Eagerly caching bean 'mvcViewResolver' to allow for resolving potential circular references
2016-04-27 17:58:13.450 TRACE 37359 --- [    Test worker] o.s.beans.CachedIntrospectionResults     : Getting BeanInfo for class [org.springframework.web.servlet.view.ViewResolverComposite]
2016-04-27 17:58:13.451 TRACE 37359 --- [    Test worker] o.s.beans.CachedIntrospectionResults     : Caching PropertyDescriptors for class [org.springframework.web.servlet.view.ViewResolverComposite]
2016-04-27 17:58:13.451 TRACE 37359 --- [    Test worker] o.s.beans.CachedIntrospectionResults     : Found bean property 'applicationContext' of type [org.springframework.context.ApplicationContext]
2016-04-27 17:58:13.451 TRACE 37359 --- [    Test worker] o.s.beans.CachedIntrospectionResults     : Found bean property 'class' of type [java.lang.Class]
2016-04-27 17:58:13.451 TRACE 37359 --- [    Test worker] o.s.beans.CachedIntrospectionResults     : Found bean property 'order' of type [int]
2016-04-27 17:58:13.451 TRACE 37359 --- [    Test worker] o.s.beans.CachedIntrospectionResults     : Found bean property 'servletContext' of type [javax.servlet.ServletContext]
2016-04-27 17:58:13.451 TRACE 37359 --- [    Test worker] o.s.beans.CachedIntrospectionResults     : Found bean property 'viewResolvers' of type [java.util.List]
2016-04-27 17:58:13.451 DEBUG 37359 --- [    Test worker] o.s.b.f.s.DefaultListableBeanFactory     : Invoking afterPropertiesSet() on bean with name 'mvcViewResolver'
2016-04-27 17:58:13.451 DEBUG 37359 --- [    Test worker] o.s.b.f.s.DefaultListableBeanFactory     : Returning cached instance of singleton bean 'org.springframework.transaction.config.internalTransactionAdvisor'
2016-04-27 17:58:13.451 DEBUG 37359 --- [    Test worker] o.s.b.f.s.DefaultListableBeanFactory     : Returning cached instance of singleton bean 'org.springframework.transaction.config.internalTransactionAdvisor'
2016-04-27 17:58:13.452 DEBUG 37359 --- [    Test worker] o.s.b.f.s.DefaultListableBeanFactory     : Finished creating instance of bean 'mvcViewResolver'
2016-04-27 17:58:13.452 DEBUG 37359 --- [    Test worker] o.s.b.f.s.DefaultListableBeanFactory     : Creating shared instance of singleton bean 'org.springframework.boot.autoconfigure.web.WebMvcAutoConfiguration$WebMvcAutoConfigurationAdapter$FaviconConfiguration'
2016-04-27 17:58:13.452 DEBUG 37359 --- [    Test worker] o.s.b.f.s.DefaultListableBeanFactory     : Creating instance of bean 'org.springframework.boot.autoconfigure.web.WebMvcAutoConfiguration$WebMvcAutoConfigurationAdapter$FaviconConfiguration'
2016-04-27 17:58:13.452 DEBUG 37359 --- [    Test worker] o.s.b.f.s.DefaultListableBeanFactory     : Returning cached instance of singleton bean 'org.springframework.transaction.config.internalTransactionAdvisor'
2016-04-27 17:58:13.452 DEBUG 37359 --- [    Test worker] o.s.b.f.annotation.InjectionMetadata     : Registered injected element on class [org.springframework.boot.autoconfigure.web.WebMvcAutoConfiguration$WebMvcAutoConfigurationAdapter$FaviconConfiguration$$EnhancerBySpringCGLIB$$88446902]: AutowiredFieldElement for private org.springframework.boot.autoconfigure.web.ResourceProperties org.springframework.boot.autoconfigure.web.WebMvcAutoConfiguration$WebMvcAutoConfigurationAdapter$FaviconConfiguration.resourceProperties
2016-04-27 17:58:13.452 DEBUG 37359 --- [    Test worker] o.s.b.f.s.DefaultListableBeanFactory     : Eagerly caching bean 'org.springframework.boot.autoconfigure.web.WebMvcAutoConfiguration$WebMvcAutoConfigurationAdapter$FaviconConfiguration' to allow for resolving potential circular references
2016-04-27 17:58:13.452 TRACE 37359 --- [    Test worker] o.s.beans.CachedIntrospectionResults     : Getting BeanInfo for class [org.springframework.boot.autoconfigure.web.WebMvcAutoConfiguration$WebMvcAutoConfigurationAdapter$FaviconConfiguration$$EnhancerBySpringCGLIB$$88446902]
2016-04-27 17:58:13.454 TRACE 37359 --- [    Test worker] o.s.beans.CachedIntrospectionResults     : Caching PropertyDescriptors for class [org.springframework.boot.autoconfigure.web.WebMvcAutoConfiguration$WebMvcAutoConfigurationAdapter$FaviconConfiguration$$EnhancerBySpringCGLIB$$88446902]
2016-04-27 17:58:13.454 TRACE 37359 --- [    Test worker] o.s.beans.CachedIntrospectionResults     : Found bean property 'beanFactory' of type [org.springframework.beans.factory.BeanFactory]
2016-04-27 17:58:13.454 TRACE 37359 --- [    Test worker] o.s.beans.CachedIntrospectionResults     : Found bean property 'class' of type [java.lang.Class]
2016-04-27 17:58:13.454 DEBUG 37359 --- [    Test worker] o.s.b.f.annotation.InjectionMetadata     : Processing injected element of bean 'org.springframework.boot.autoconfigure.web.WebMvcAutoConfiguration$WebMvcAutoConfigurationAdapter$FaviconConfiguration': AutowiredFieldElement for private org.springframework.boot.autoconfigure.web.ResourceProperties org.springframework.boot.autoconfigure.web.WebMvcAutoConfiguration$WebMvcAutoConfigurationAdapter$FaviconConfiguration.resourceProperties
2016-04-27 17:58:13.455 DEBUG 37359 --- [    Test worker] o.s.b.f.s.DefaultListableBeanFactory     : Returning cached instance of singleton bean 'spring.resources.CONFIGURATION_PROPERTIES'
2016-04-27 17:58:13.455 DEBUG 37359 --- [    Test worker] f.a.AutowiredAnnotationBeanPostProcessor : Autowiring by type from bean name 'org.springframework.boot.autoconfigure.web.WebMvcAutoConfiguration$WebMvcAutoConfigurationAdapter$FaviconConfiguration' to bean named 'spring.resources.CONFIGURATION_PROPERTIES'
2016-04-27 17:58:13.455 DEBUG 37359 --- [    Test worker] o.s.b.f.s.DefaultListableBeanFactory     : Returning cached instance of singleton bean 'org.springframework.transaction.config.internalTransactionAdvisor'
2016-04-27 17:58:13.455 DEBUG 37359 --- [    Test worker] o.s.b.f.s.DefaultListableBeanFactory     : Returning cached instance of singleton bean 'org.springframework.transaction.config.internalTransactionAdvisor'
2016-04-27 17:58:13.455 DEBUG 37359 --- [    Test worker] o.s.b.f.s.DefaultListableBeanFactory     : Finished creating instance of bean 'org.springframework.boot.autoconfigure.web.WebMvcAutoConfiguration$WebMvcAutoConfigurationAdapter$FaviconConfiguration'
2016-04-27 17:58:13.455 DEBUG 37359 --- [    Test worker] o.s.b.f.s.DefaultListableBeanFactory     : Creating shared instance of singleton bean 'faviconHandlerMapping'
2016-04-27 17:58:13.455 DEBUG 37359 --- [    Test worker] o.s.b.f.s.DefaultListableBeanFactory     : Creating instance of bean 'faviconHandlerMapping'
2016-04-27 17:58:13.455 DEBUG 37359 --- [    Test worker] o.s.b.f.s.DefaultListableBeanFactory     : Returning cached instance of singleton bean 'org.springframework.transaction.config.internalTransactionAdvisor'
2016-04-27 17:58:13.455 DEBUG 37359 --- [    Test worker] o.s.b.f.s.DefaultListableBeanFactory     : Returning cached instance of singleton bean 'org.springframework.boot.autoconfigure.web.WebMvcAutoConfiguration$WebMvcAutoConfigurationAdapter$FaviconConfiguration'
2016-04-27 17:58:13.457 DEBUG 37359 --- [    Test worker] o.s.b.f.s.DefaultListableBeanFactory     : Creating shared instance of singleton bean 'faviconRequestHandler'
2016-04-27 17:58:13.457 DEBUG 37359 --- [    Test worker] o.s.b.f.s.DefaultListableBeanFactory     : Creating instance of bean 'faviconRequestHandler'
2016-04-27 17:58:13.457 DEBUG 37359 --- [    Test worker] o.s.b.f.s.DefaultListableBeanFactory     : Returning cached instance of singleton bean 'org.springframework.transaction.config.internalTransactionAdvisor'
2016-04-27 17:58:13.457 DEBUG 37359 --- [    Test worker] o.s.b.f.s.DefaultListableBeanFactory     : Returning cached instance of singleton bean 'org.springframework.boot.autoconfigure.web.WebMvcAutoConfiguration$WebMvcAutoConfigurationAdapter$FaviconConfiguration'
2016-04-27 17:58:13.458 DEBUG 37359 --- [    Test worker] o.s.b.f.s.DefaultListableBeanFactory     : Eagerly caching bean 'faviconRequestHandler' to allow for resolving potential circular references
2016-04-27 17:58:13.458 TRACE 37359 --- [    Test worker] o.s.beans.CachedIntrospectionResults     : Getting BeanInfo for class [org.springframework.web.servlet.resource.ResourceHttpRequestHandler]
2016-04-27 17:58:13.459 TRACE 37359 --- [    Test worker] o.s.beans.CachedIntrospectionResults     : Caching PropertyDescriptors for class [org.springframework.web.servlet.resource.ResourceHttpRequestHandler]
2016-04-27 17:58:13.459 TRACE 37359 --- [    Test worker] o.s.beans.CachedIntrospectionResults     : Found bean property 'alwaysMustRevalidate' of type [boolean]
2016-04-27 17:58:13.459 TRACE 37359 --- [    Test worker] o.s.beans.CachedIntrospectionResults     : Found bean property 'applicationContext' of type [org.springframework.context.ApplicationContext]
2016-04-27 17:58:13.459 TRACE 37359 --- [    Test worker] o.s.beans.CachedIntrospectionResults     : Found bean property 'cacheControl' of type [org.springframework.http.CacheControl]
2016-04-27 17:58:13.459 TRACE 37359 --- [    Test worker] o.s.beans.CachedIntrospectionResults     : Found bean property 'cacheSeconds' of type [int]
2016-04-27 17:58:13.459 TRACE 37359 --- [    Test worker] o.s.beans.CachedIntrospectionResults     : Found bean property 'class' of type [java.lang.Class]
2016-04-27 17:58:13.459 TRACE 37359 --- [    Test worker] o.s.beans.CachedIntrospectionResults     : Found bean property 'corsConfiguration' of type [org.springframework.web.cors.CorsConfiguration]
2016-04-27 17:58:13.459 TRACE 37359 --- [    Test worker] o.s.beans.CachedIntrospectionResults     : Found bean property 'locations' of type [java.util.List]
2016-04-27 17:58:13.459 TRACE 37359 --- [    Test worker] o.s.beans.CachedIntrospectionResults     : Found bean property 'requireSession' of type [boolean]
2016-04-27 17:58:13.459 TRACE 37359 --- [    Test worker] o.s.beans.CachedIntrospectionResults     : Found bean property 'resourceResolvers' of type [java.util.List]
2016-04-27 17:58:13.459 TRACE 37359 --- [    Test worker] o.s.beans.CachedIntrospectionResults     : Found bean property 'resourceTransformers' of type [java.util.List]
2016-04-27 17:58:13.459 TRACE 37359 --- [    Test worker] o.s.beans.CachedIntrospectionResults     : Found bean property 'servletContext' of type [javax.servlet.ServletContext]
2016-04-27 17:58:13.459 TRACE 37359 --- [    Test worker] o.s.beans.CachedIntrospectionResults     : Found bean property 'supportedMethods' of type [[Ljava.lang.String;]
2016-04-27 17:58:13.459 TRACE 37359 --- [    Test worker] o.s.beans.CachedIntrospectionResults     : Found bean property 'useCacheControlHeader' of type [boolean]
2016-04-27 17:58:13.460 TRACE 37359 --- [    Test worker] o.s.beans.CachedIntrospectionResults     : Found bean property 'useCacheControlNoStore' of type [boolean]
2016-04-27 17:58:13.460 TRACE 37359 --- [    Test worker] o.s.beans.CachedIntrospectionResults     : Found bean property 'useExpiresHeader' of type [boolean]
2016-04-27 17:58:13.460 DEBUG 37359 --- [    Test worker] o.s.b.f.s.DefaultListableBeanFactory     : Invoking afterPropertiesSet() on bean with name 'faviconRequestHandler'
2016-04-27 17:58:13.460 DEBUG 37359 --- [    Test worker] o.s.b.f.s.DefaultListableBeanFactory     : Returning cached instance of singleton bean 'org.springframework.transaction.config.internalTransactionAdvisor'
2016-04-27 17:58:13.460 DEBUG 37359 --- [    Test worker] o.s.b.f.s.DefaultListableBeanFactory     : Returning cached instance of singleton bean 'org.springframework.transaction.config.internalTransactionAdvisor'
2016-04-27 17:58:13.461 DEBUG 37359 --- [    Test worker] o.s.b.f.s.DefaultListableBeanFactory     : Finished creating instance of bean 'faviconRequestHandler'
2016-04-27 17:58:13.461 DEBUG 37359 --- [    Test worker] o.s.b.f.s.DefaultListableBeanFactory     : Eagerly caching bean 'faviconHandlerMapping' to allow for resolving potential circular references
2016-04-27 17:58:13.461  INFO 37359 --- [    Test worker] o.s.w.s.handler.SimpleUrlHandlerMapping  : Mapped URL path [/**/favicon.ico] onto handler of type [class org.springframework.web.servlet.resource.ResourceHttpRequestHandler]
2016-04-27 17:58:13.462 DEBUG 37359 --- [    Test worker] o.s.b.f.s.DefaultListableBeanFactory     : Returning cached instance of singleton bean 'org.springframework.transaction.config.internalTransactionAdvisor'
2016-04-27 17:58:13.462 DEBUG 37359 --- [    Test worker] o.s.b.f.s.DefaultListableBeanFactory     : Returning cached instance of singleton bean 'org.springframework.transaction.config.internalTransactionAdvisor'
2016-04-27 17:58:13.462 DEBUG 37359 --- [    Test worker] o.s.b.f.s.DefaultListableBeanFactory     : Finished creating instance of bean 'faviconHandlerMapping'
2016-04-27 17:58:13.462 DEBUG 37359 --- [    Test worker] o.s.b.f.s.DefaultListableBeanFactory     : Returning cached instance of singleton bean 'faviconRequestHandler'
2016-04-27 17:58:13.462 DEBUG 37359 --- [    Test worker] o.s.b.f.s.DefaultListableBeanFactory     : Returning cached instance of singleton bean 'org.springframework.boot.autoconfigure.web.WebMvcAutoConfiguration$WebMvcAutoConfigurationAdapter'
2016-04-27 17:58:13.462 DEBUG 37359 --- [    Test worker] o.s.b.f.s.DefaultListableBeanFactory     : Creating shared instance of singleton bean 'defaultViewResolver'
2016-04-27 17:58:13.462 DEBUG 37359 --- [    Test worker] o.s.b.f.s.DefaultListableBeanFactory     : Creating instance of bean 'defaultViewResolver'
2016-04-27 17:58:13.462 DEBUG 37359 --- [    Test worker] o.s.b.f.s.DefaultListableBeanFactory     : Returning cached instance of singleton bean 'org.springframework.transaction.config.internalTransactionAdvisor'
2016-04-27 17:58:13.462 DEBUG 37359 --- [    Test worker] o.s.b.f.s.DefaultListableBeanFactory     : Returning cached instance of singleton bean 'org.springframework.boot.autoconfigure.web.WebMvcAutoConfiguration$WebMvcAutoConfigurationAdapter'
2016-04-27 17:58:13.465 DEBUG 37359 --- [    Test worker] o.s.b.f.s.DefaultListableBeanFactory     : Eagerly caching bean 'defaultViewResolver' to allow for resolving potential circular references
2016-04-27 17:58:13.465 TRACE 37359 --- [    Test worker] o.s.beans.CachedIntrospectionResults     : Getting BeanInfo for class [org.springframework.web.servlet.view.InternalResourceViewResolver]
2016-04-27 17:58:13.467 TRACE 37359 --- [    Test worker] o.s.beans.CachedIntrospectionResults     : Caching PropertyDescriptors for class [org.springframework.web.servlet.view.InternalResourceViewResolver]
2016-04-27 17:58:13.467 TRACE 37359 --- [    Test worker] o.s.beans.CachedIntrospectionResults     : Found bean property 'alwaysInclude' of type [boolean]
2016-04-27 17:58:13.467 TRACE 37359 --- [    Test worker] o.s.beans.CachedIntrospectionResults     : Found bean property 'applicationContext' of type [org.springframework.context.ApplicationContext]
2016-04-27 17:58:13.467 TRACE 37359 --- [    Test worker] o.s.beans.CachedIntrospectionResults     : Found bean property 'attributes' of type [java.util.Properties]
2016-04-27 17:58:13.467 TRACE 37359 --- [    Test worker] o.s.beans.CachedIntrospectionResults     : Found bean property 'attributesMap' of type [java.util.Map]
2016-04-27 17:58:13.467 TRACE 37359 --- [    Test worker] o.s.beans.CachedIntrospectionResults     : Found bean property 'cache' of type [boolean]
2016-04-27 17:58:13.467 TRACE 37359 --- [    Test worker] o.s.beans.CachedIntrospectionResults     : Found bean property 'cacheLimit' of type [int]
2016-04-27 17:58:13.467 TRACE 37359 --- [    Test worker] o.s.beans.CachedIntrospectionResults     : Found bean property 'cacheUnresolved' of type [boolean]
2016-04-27 17:58:13.467 TRACE 37359 --- [    Test worker] o.s.beans.CachedIntrospectionResults     : Found bean property 'class' of type [java.lang.Class]
2016-04-27 17:58:13.468 TRACE 37359 --- [    Test worker] o.s.beans.CachedIntrospectionResults     : Found bean property 'contentType' of type [java.lang.String]
2016-04-27 17:58:13.468 TRACE 37359 --- [    Test worker] o.s.beans.CachedIntrospectionResults     : Found bean property 'exposeContextBeansAsAttributes' of type [boolean]
2016-04-27 17:58:13.468 TRACE 37359 --- [    Test worker] o.s.beans.CachedIntrospectionResults     : Found bean property 'exposePathVariables' of type [java.lang.Boolean]
2016-04-27 17:58:13.468 TRACE 37359 --- [    Test worker] o.s.beans.CachedIntrospectionResults     : Found bean property 'exposedContextBeanNames' of type [[Ljava.lang.String;]
2016-04-27 17:58:13.468 TRACE 37359 --- [    Test worker] o.s.beans.CachedIntrospectionResults     : Found bean property 'order' of type [int]
2016-04-27 17:58:13.468 TRACE 37359 --- [    Test worker] o.s.beans.CachedIntrospectionResults     : Found bean property 'prefix' of type [java.lang.String]
2016-04-27 17:58:13.468 TRACE 37359 --- [    Test worker] o.s.beans.CachedIntrospectionResults     : Found bean property 'redirectContextRelative' of type [boolean]
2016-04-27 17:58:13.468 TRACE 37359 --- [    Test worker] o.s.beans.CachedIntrospectionResults     : Found bean property 'redirectHttp10Compatible' of type [boolean]
2016-04-27 17:58:13.468 TRACE 37359 --- [    Test worker] o.s.beans.CachedIntrospectionResults     : Found bean property 'requestContextAttribute' of type [java.lang.String]
2016-04-27 17:58:13.468 TRACE 37359 --- [    Test worker] o.s.beans.CachedIntrospectionResults     : Found bean property 'servletContext' of type [javax.servlet.ServletContext]
2016-04-27 17:58:13.468 TRACE 37359 --- [    Test worker] o.s.beans.CachedIntrospectionResults     : Found bean property 'suffix' of type [java.lang.String]
2016-04-27 17:58:13.468 TRACE 37359 --- [    Test worker] o.s.beans.CachedIntrospectionResults     : Found bean property 'viewClass' of type [java.lang.Class]
2016-04-27 17:58:13.468 TRACE 37359 --- [    Test worker] o.s.beans.CachedIntrospectionResults     : Found bean property 'viewNames' of type [[Ljava.lang.String;]
2016-04-27 17:58:13.469 DEBUG 37359 --- [    Test worker] o.s.b.f.s.DefaultListableBeanFactory     : Returning cached instance of singleton bean 'org.springframework.transaction.config.internalTransactionAdvisor'
2016-04-27 17:58:13.469 DEBUG 37359 --- [    Test worker] o.s.b.f.s.DefaultListableBeanFactory     : Returning cached instance of singleton bean 'org.springframework.transaction.config.internalTransactionAdvisor'
2016-04-27 17:58:13.469 DEBUG 37359 --- [    Test worker] o.s.b.f.s.DefaultListableBeanFactory     : Finished creating instance of bean 'defaultViewResolver'
2016-04-27 17:58:13.469 DEBUG 37359 --- [    Test worker] o.s.b.f.s.DefaultListableBeanFactory     : Creating shared instance of singleton bean 'requestContextListener'
2016-04-27 17:58:13.469 DEBUG 37359 --- [    Test worker] o.s.b.f.s.DefaultListableBeanFactory     : Creating instance of bean 'requestContextListener'
2016-04-27 17:58:13.469 DEBUG 37359 --- [    Test worker] o.s.b.f.s.DefaultListableBeanFactory     : Returning cached instance of singleton bean 'org.springframework.transaction.config.internalTransactionAdvisor'
2016-04-27 17:58:13.469 DEBUG 37359 --- [    Test worker] o.s.b.f.s.DefaultListableBeanFactory     : Returning cached instance of singleton bean 'org.springframework.boot.autoconfigure.web.WebMvcAutoConfiguration$WebMvcAutoConfigurationAdapter'
2016-04-27 17:58:13.470 DEBUG 37359 --- [    Test worker] o.s.b.f.s.DefaultListableBeanFactory     : Eagerly caching bean 'requestContextListener' to allow for resolving potential circular references
2016-04-27 17:58:13.470 TRACE 37359 --- [    Test worker] o.s.beans.CachedIntrospectionResults     : Getting BeanInfo for class [org.springframework.web.context.request.RequestContextListener]
2016-04-27 17:58:13.470 TRACE 37359 --- [    Test worker] o.s.beans.CachedIntrospectionResults     : Caching PropertyDescriptors for class [org.springframework.web.context.request.RequestContextListener]
2016-04-27 17:58:13.471 TRACE 37359 --- [    Test worker] o.s.beans.CachedIntrospectionResults     : Found bean property 'class' of type [java.lang.Class]
2016-04-27 17:58:13.471 DEBUG 37359 --- [    Test worker] o.s.b.f.s.DefaultListableBeanFactory     : Returning cached instance of singleton bean 'org.springframework.transaction.config.internalTransactionAdvisor'
2016-04-27 17:58:13.471 DEBUG 37359 --- [    Test worker] o.s.b.f.s.DefaultListableBeanFactory     : Returning cached instance of singleton bean 'org.springframework.transaction.config.internalTransactionAdvisor'
2016-04-27 17:58:13.471 DEBUG 37359 --- [    Test worker] o.s.b.f.s.DefaultListableBeanFactory     : Finished creating instance of bean 'requestContextListener'
2016-04-27 17:58:13.471 DEBUG 37359 --- [    Test worker] o.s.b.f.s.DefaultListableBeanFactory     : Creating shared instance of singleton bean 'viewResolver'
2016-04-27 17:58:13.471 DEBUG 37359 --- [    Test worker] o.s.b.f.s.DefaultListableBeanFactory     : Creating instance of bean 'viewResolver'
2016-04-27 17:58:13.471 DEBUG 37359 --- [    Test worker] o.s.b.f.s.DefaultListableBeanFactory     : Returning cached instance of singleton bean 'org.springframework.transaction.config.internalTransactionAdvisor'
2016-04-27 17:58:13.471 DEBUG 37359 --- [    Test worker] o.s.b.f.s.DefaultListableBeanFactory     : Returning cached instance of singleton bean 'org.springframework.boot.autoconfigure.web.WebMvcAutoConfiguration$WebMvcAutoConfigurationAdapter'
2016-04-27 17:58:13.472 DEBUG 37359 --- [    Test worker] o.s.b.f.s.DefaultListableBeanFactory     : Autowiring by type from bean name 'viewResolver' via factory method to bean named 'org.springframework.beans.factory.support.DefaultListableBeanFactory@3872de98'
2016-04-27 17:58:13.473 DEBUG 37359 --- [    Test worker] o.s.b.f.s.DefaultListableBeanFactory     : Returning cached instance of singleton bean 'mvcContentNegotiationManager'
2016-04-27 17:58:13.474 DEBUG 37359 --- [    Test worker] o.s.b.f.s.DefaultListableBeanFactory     : Eagerly caching bean 'viewResolver' to allow for resolving potential circular references
2016-04-27 17:58:13.474 TRACE 37359 --- [    Test worker] o.s.beans.CachedIntrospectionResults     : Getting BeanInfo for class [org.springframework.web.servlet.view.ContentNegotiatingViewResolver]
2016-04-27 17:58:13.475 TRACE 37359 --- [    Test worker] o.s.beans.CachedIntrospectionResults     : Caching PropertyDescriptors for class [org.springframework.web.servlet.view.ContentNegotiatingViewResolver]
2016-04-27 17:58:13.475 TRACE 37359 --- [    Test worker] o.s.beans.CachedIntrospectionResults     : Found bean property 'applicationContext' of type [org.springframework.context.ApplicationContext]
2016-04-27 17:58:13.475 TRACE 37359 --- [    Test worker] o.s.beans.CachedIntrospectionResults     : Found bean property 'class' of type [java.lang.Class]
2016-04-27 17:58:13.475 TRACE 37359 --- [    Test worker] o.s.beans.CachedIntrospectionResults     : Found bean property 'contentNegotiationManager' of type [org.springframework.web.accept.ContentNegotiationManager]
2016-04-27 17:58:13.475 TRACE 37359 --- [    Test worker] o.s.beans.CachedIntrospectionResults     : Found bean property 'defaultViews' of type [java.util.List]
2016-04-27 17:58:13.475 TRACE 37359 --- [    Test worker] o.s.beans.CachedIntrospectionResults     : Found bean property 'order' of type [int]
2016-04-27 17:58:13.475 TRACE 37359 --- [    Test worker] o.s.beans.CachedIntrospectionResults     : Found bean property 'servletContext' of type [javax.servlet.ServletContext]
2016-04-27 17:58:13.475 TRACE 37359 --- [    Test worker] o.s.beans.CachedIntrospectionResults     : Found bean property 'useNotAcceptableStatusCode' of type [boolean]
2016-04-27 17:58:13.475 TRACE 37359 --- [    Test worker] o.s.beans.CachedIntrospectionResults     : Found bean property 'viewResolvers' of type [java.util.List]
2016-04-27 17:58:13.476 DEBUG 37359 --- [    Test worker] o.s.b.f.s.DefaultListableBeanFactory     : Returning cached instance of singleton bean 'beanNameViewResolver'
2016-04-27 17:58:13.476 DEBUG 37359 --- [    Test worker] o.s.b.f.s.DefaultListableBeanFactory     : Returning cached instance of singleton bean 'mvcViewResolver'
2016-04-27 17:58:13.476 DEBUG 37359 --- [    Test worker] o.s.b.f.s.DefaultListableBeanFactory     : Returning cached instance of singleton bean 'defaultViewResolver'
2016-04-27 17:58:13.476 DEBUG 37359 --- [    Test worker] o.s.b.f.s.DefaultListableBeanFactory     : Returning cached instance of singleton bean 'org.springframework.transaction.config.internalTransactionAdvisor'
2016-04-27 17:58:13.476 DEBUG 37359 --- [    Test worker] o.s.b.f.s.DefaultListableBeanFactory     : Returning cached instance of singleton bean 'org.springframework.transaction.config.internalTransactionAdvisor'
2016-04-27 17:58:13.476 DEBUG 37359 --- [    Test worker] o.s.b.f.s.DefaultListableBeanFactory     : Returning eagerly cached instance of singleton bean 'viewResolver' that is not fully initialized yet - a consequence of a circular reference
2016-04-27 17:58:13.476 DEBUG 37359 --- [    Test worker] o.s.b.f.s.DefaultListableBeanFactory     : Invoking afterPropertiesSet() on bean with name 'viewResolver'
2016-04-27 17:58:13.476 DEBUG 37359 --- [    Test worker] o.s.b.f.s.DefaultListableBeanFactory     : Finished creating instance of bean 'viewResolver'
2016-04-27 17:58:13.476 DEBUG 37359 --- [    Test worker] o.s.b.f.s.DefaultListableBeanFactory     : Returning cached instance of singleton bean 'spring.mvc.CONFIGURATION_PROPERTIES'
2016-04-27 17:58:13.476 DEBUG 37359 --- [    Test worker] o.s.b.f.s.DefaultListableBeanFactory     : Returning cached instance of singleton bean 'spring.resources.CONFIGURATION_PROPERTIES'
2016-04-27 17:58:13.476 DEBUG 37359 --- [    Test worker] o.s.b.f.s.DefaultListableBeanFactory     : Returning cached instance of singleton bean 'org.springframework.boot.context.properties.ConfigurationPropertiesBindingPostProcessor'
2016-04-27 17:58:13.476 DEBUG 37359 --- [    Test worker] o.s.b.f.s.DefaultListableBeanFactory     : Returning cached instance of singleton bean 'org.springframework.boot.context.properties.ConfigurationPropertiesBindingPostProcessor.store'
2016-04-27 17:58:13.476 DEBUG 37359 --- [    Test worker] o.s.b.f.s.DefaultListableBeanFactory     : Creating shared instance of singleton bean 'org.springframework.boot.autoconfigure.web.WebMvcAutoConfiguration'
2016-04-27 17:58:13.476 DEBUG 37359 --- [    Test worker] o.s.b.f.s.DefaultListableBeanFactory     : Creating instance of bean 'org.springframework.boot.autoconfigure.web.WebMvcAutoConfiguration'
2016-04-27 17:58:13.477 DEBUG 37359 --- [    Test worker] o.s.b.f.s.DefaultListableBeanFactory     : Returning cached instance of singleton bean 'org.springframework.transaction.config.internalTransactionAdvisor'
2016-04-27 17:58:13.477 DEBUG 37359 --- [    Test worker] o.s.b.f.s.DefaultListableBeanFactory     : Eagerly caching bean 'org.springframework.boot.autoconfigure.web.WebMvcAutoConfiguration' to allow for resolving potential circular references
2016-04-27 17:58:13.477 TRACE 37359 --- [    Test worker] o.s.beans.CachedIntrospectionResults     : Getting BeanInfo for class [org.springframework.boot.autoconfigure.web.WebMvcAutoConfiguration$$EnhancerBySpringCGLIB$$84266cce]
2016-04-27 17:58:13.478 TRACE 37359 --- [    Test worker] o.s.beans.CachedIntrospectionResults     : Caching PropertyDescriptors for class [org.springframework.boot.autoconfigure.web.WebMvcAutoConfiguration$$EnhancerBySpringCGLIB$$84266cce]
2016-04-27 17:58:13.478 TRACE 37359 --- [    Test worker] o.s.beans.CachedIntrospectionResults     : Found bean property 'beanFactory' of type [org.springframework.beans.factory.BeanFactory]
2016-04-27 17:58:13.478 TRACE 37359 --- [    Test worker] o.s.beans.CachedIntrospectionResults     : Found bean property 'class' of type [java.lang.Class]
2016-04-27 17:58:13.479 DEBUG 37359 --- [    Test worker] o.s.b.f.s.DefaultListableBeanFactory     : Returning cached instance of singleton bean 'org.springframework.transaction.config.internalTransactionAdvisor'
2016-04-27 17:58:13.479 DEBUG 37359 --- [    Test worker] o.s.b.f.s.DefaultListableBeanFactory     : Returning cached instance of singleton bean 'org.springframework.transaction.config.internalTransactionAdvisor'
2016-04-27 17:58:13.479 DEBUG 37359 --- [    Test worker] o.s.b.f.s.DefaultListableBeanFactory     : Finished creating instance of bean 'org.springframework.boot.autoconfigure.web.WebMvcAutoConfiguration'
2016-04-27 17:58:13.479 DEBUG 37359 --- [    Test worker] o.s.b.f.s.DefaultListableBeanFactory     : Creating shared instance of singleton bean 'hiddenHttpMethodFilter'
2016-04-27 17:58:13.479 DEBUG 37359 --- [    Test worker] o.s.b.f.s.DefaultListableBeanFactory     : Creating instance of bean 'hiddenHttpMethodFilter'
2016-04-27 17:58:13.479 DEBUG 37359 --- [    Test worker] o.s.b.f.s.DefaultListableBeanFactory     : Returning cached instance of singleton bean 'org.springframework.transaction.config.internalTransactionAdvisor'
2016-04-27 17:58:13.479 DEBUG 37359 --- [    Test worker] o.s.b.f.s.DefaultListableBeanFactory     : Returning cached instance of singleton bean 'org.springframework.boot.autoconfigure.web.WebMvcAutoConfiguration'
2016-04-27 17:58:13.482 DEBUG 37359 --- [    Test worker] o.s.w.c.s.StandardServletEnvironment     : Adding [servletConfigInitParams] PropertySource with lowest search precedence
2016-04-27 17:58:13.482 DEBUG 37359 --- [    Test worker] o.s.w.c.s.StandardServletEnvironment     : Adding [servletContextInitParams] PropertySource with lowest search precedence
2016-04-27 17:58:13.482 DEBUG 37359 --- [    Test worker] o.s.w.c.s.StandardServletEnvironment     : Adding [systemProperties] PropertySource with lowest search precedence
2016-04-27 17:58:13.482 DEBUG 37359 --- [    Test worker] o.s.w.c.s.StandardServletEnvironment     : Adding [systemEnvironment] PropertySource with lowest search precedence
2016-04-27 17:58:13.482 DEBUG 37359 --- [    Test worker] o.s.w.c.s.StandardServletEnvironment     : Initialized StandardServletEnvironment with PropertySources [servletConfigInitParams,servletContextInitParams,systemProperties,systemEnvironment]
2016-04-27 17:58:13.483 DEBUG 37359 --- [    Test worker] o.s.b.f.s.DefaultListableBeanFactory     : Eagerly caching bean 'hiddenHttpMethodFilter' to allow for resolving potential circular references
2016-04-27 17:58:13.483 TRACE 37359 --- [    Test worker] o.s.beans.CachedIntrospectionResults     : Getting BeanInfo for class [org.springframework.boot.context.web.OrderedHiddenHttpMethodFilter]
2016-04-27 17:58:13.485 TRACE 37359 --- [    Test worker] o.s.beans.CachedIntrospectionResults     : Caching PropertyDescriptors for class [org.springframework.boot.context.web.OrderedHiddenHttpMethodFilter]
2016-04-27 17:58:13.485 TRACE 37359 --- [    Test worker] o.s.beans.CachedIntrospectionResults     : Found bean property 'beanName' of type [java.lang.String]
2016-04-27 17:58:13.485 TRACE 37359 --- [    Test worker] o.s.beans.CachedIntrospectionResults     : Found bean property 'class' of type [java.lang.Class]
2016-04-27 17:58:13.485 TRACE 37359 --- [    Test worker] o.s.beans.CachedIntrospectionResults     : Found bean property 'environment' of type [org.springframework.core.env.Environment]
2016-04-27 17:58:13.485 TRACE 37359 --- [    Test worker] o.s.beans.CachedIntrospectionResults     : Found bean property 'filterConfig' of type [javax.servlet.FilterConfig]
2016-04-27 17:58:13.485 TRACE 37359 --- [    Test worker] o.s.beans.CachedIntrospectionResults     : Found bean property 'methodParam' of type [java.lang.String]
2016-04-27 17:58:13.486 TRACE 37359 --- [    Test worker] o.s.beans.CachedIntrospectionResults     : Found bean property 'order' of type [int]
2016-04-27 17:58:13.486 TRACE 37359 --- [    Test worker] o.s.beans.CachedIntrospectionResults     : Found bean property 'servletContext' of type [javax.servlet.ServletContext]
2016-04-27 17:58:13.486 DEBUG 37359 --- [    Test worker] o.s.b.f.s.DefaultListableBeanFactory     : Invoking afterPropertiesSet() on bean with name 'hiddenHttpMethodFilter'
2016-04-27 17:58:13.486 DEBUG 37359 --- [    Test worker] o.s.b.f.s.DefaultListableBeanFactory     : Returning cached instance of singleton bean 'org.springframework.transaction.config.internalTransactionAdvisor'
2016-04-27 17:58:13.486 DEBUG 37359 --- [    Test worker] o.s.b.f.s.DefaultListableBeanFactory     : Returning cached instance of singleton bean 'org.springframework.transaction.config.internalTransactionAdvisor'
2016-04-27 17:58:13.486 DEBUG 37359 --- [    Test worker] o.s.b.f.s.DefaultListableBeanFactory     : Finished creating instance of bean 'hiddenHttpMethodFilter'
2016-04-27 17:58:13.487 DEBUG 37359 --- [    Test worker] o.s.b.f.s.DefaultListableBeanFactory     : Creating shared instance of singleton bean 'httpPutFormContentFilter'
2016-04-27 17:58:13.487 DEBUG 37359 --- [    Test worker] o.s.b.f.s.DefaultListableBeanFactory     : Creating instance of bean 'httpPutFormContentFilter'
2016-04-27 17:58:13.487 DEBUG 37359 --- [    Test worker] o.s.b.f.s.DefaultListableBeanFactory     : Returning cached instance of singleton bean 'org.springframework.transaction.config.internalTransactionAdvisor'
2016-04-27 17:58:13.487 DEBUG 37359 --- [    Test worker] o.s.b.f.s.DefaultListableBeanFactory     : Returning cached instance of singleton bean 'org.springframework.boot.autoconfigure.web.WebMvcAutoConfiguration'
2016-04-27 17:58:13.487 DEBUG 37359 --- [    Test worker] o.s.w.c.s.StandardServletEnvironment     : Adding [servletConfigInitParams] PropertySource with lowest search precedence
2016-04-27 17:58:13.487 DEBUG 37359 --- [    Test worker] o.s.w.c.s.StandardServletEnvironment     : Adding [servletContextInitParams] PropertySource with lowest search precedence
2016-04-27 17:58:13.487 DEBUG 37359 --- [    Test worker] o.s.w.c.s.StandardServletEnvironment     : Adding [systemProperties] PropertySource with lowest search precedence
2016-04-27 17:58:13.487 DEBUG 37359 --- [    Test worker] o.s.w.c.s.StandardServletEnvironment     : Adding [systemEnvironment] PropertySource with lowest search precedence
2016-04-27 17:58:13.487 DEBUG 37359 --- [    Test worker] o.s.w.c.s.StandardServletEnvironment     : Initialized StandardServletEnvironment with PropertySources [servletConfigInitParams,servletContextInitParams,systemProperties,systemEnvironment]
2016-04-27 17:58:13.489 DEBUG 37359 --- [    Test worker] o.s.b.f.s.DefaultListableBeanFactory     : Eagerly caching bean 'httpPutFormContentFilter' to allow for resolving potential circular references
2016-04-27 17:58:13.489 TRACE 37359 --- [    Test worker] o.s.beans.CachedIntrospectionResults     : Getting BeanInfo for class [org.springframework.boot.context.web.OrderedHttpPutFormContentFilter]
2016-04-27 17:58:13.491 TRACE 37359 --- [    Test worker] o.s.beans.CachedIntrospectionResults     : Caching PropertyDescriptors for class [org.springframework.boot.context.web.OrderedHttpPutFormContentFilter]
2016-04-27 17:58:13.491 TRACE 37359 --- [    Test worker] o.s.beans.CachedIntrospectionResults     : Found bean property 'beanName' of type [java.lang.String]
2016-04-27 17:58:13.491 TRACE 37359 --- [    Test worker] o.s.beans.CachedIntrospectionResults     : Found bean property 'charset' of type [java.nio.charset.Charset]
2016-04-27 17:58:13.491 TRACE 37359 --- [    Test worker] o.s.beans.CachedIntrospectionResults     : Found bean property 'class' of type [java.lang.Class]
2016-04-27 17:58:13.491 TRACE 37359 --- [    Test worker] o.s.beans.CachedIntrospectionResults     : Found bean property 'environment' of type [org.springframework.core.env.Environment]
2016-04-27 17:58:13.491 TRACE 37359 --- [    Test worker] o.s.beans.CachedIntrospectionResults     : Found bean property 'filterConfig' of type [javax.servlet.FilterConfig]
2016-04-27 17:58:13.491 TRACE 37359 --- [    Test worker] o.s.beans.CachedIntrospectionResults     : Found bean property 'order' of type [int]
2016-04-27 17:58:13.491 TRACE 37359 --- [    Test worker] o.s.beans.CachedIntrospectionResults     : Found bean property 'servletContext' of type [javax.servlet.ServletContext]
2016-04-27 17:58:13.491 DEBUG 37359 --- [    Test worker] o.s.b.f.s.DefaultListableBeanFactory     : Invoking afterPropertiesSet() on bean with name 'httpPutFormContentFilter'
2016-04-27 17:58:13.491 DEBUG 37359 --- [    Test worker] o.s.b.f.s.DefaultListableBeanFactory     : Returning cached instance of singleton bean 'org.springframework.transaction.config.internalTransactionAdvisor'
2016-04-27 17:58:13.491 DEBUG 37359 --- [    Test worker] o.s.b.f.s.DefaultListableBeanFactory     : Returning cached instance of singleton bean 'org.springframework.transaction.config.internalTransactionAdvisor'
2016-04-27 17:58:13.492 DEBUG 37359 --- [    Test worker] o.s.b.f.s.DefaultListableBeanFactory     : Finished creating instance of bean 'httpPutFormContentFilter'
2016-04-27 17:58:13.492 DEBUG 37359 --- [    Test worker] o.s.b.f.s.DefaultListableBeanFactory     : Creating shared instance of singleton bean 'org.springframework.boot.autoconfigure.aop.AopAutoConfiguration$JdkDynamicAutoProxyConfiguration'
2016-04-27 17:58:13.492 DEBUG 37359 --- [    Test worker] o.s.b.f.s.DefaultListableBeanFactory     : Creating instance of bean 'org.springframework.boot.autoconfigure.aop.AopAutoConfiguration$JdkDynamicAutoProxyConfiguration'
2016-04-27 17:58:13.492 DEBUG 37359 --- [    Test worker] o.s.b.f.s.DefaultListableBeanFactory     : Returning cached instance of singleton bean 'org.springframework.transaction.config.internalTransactionAdvisor'
2016-04-27 17:58:13.492 DEBUG 37359 --- [    Test worker] o.s.b.f.s.DefaultListableBeanFactory     : Eagerly caching bean 'org.springframework.boot.autoconfigure.aop.AopAutoConfiguration$JdkDynamicAutoProxyConfiguration' to allow for resolving potential circular references
2016-04-27 17:58:13.492 TRACE 37359 --- [    Test worker] o.s.beans.CachedIntrospectionResults     : Getting BeanInfo for class [org.springframework.boot.autoconfigure.aop.AopAutoConfiguration$JdkDynamicAutoProxyConfiguration$$EnhancerBySpringCGLIB$$3fed8df]
2016-04-27 17:58:13.494 TRACE 37359 --- [    Test worker] o.s.beans.CachedIntrospectionResults     : Caching PropertyDescriptors for class [org.springframework.boot.autoconfigure.aop.AopAutoConfiguration$JdkDynamicAutoProxyConfiguration$$EnhancerBySpringCGLIB$$3fed8df]
2016-04-27 17:58:13.494 TRACE 37359 --- [    Test worker] o.s.beans.CachedIntrospectionResults     : Found bean property 'beanFactory' of type [org.springframework.beans.factory.BeanFactory]
2016-04-27 17:58:13.494 TRACE 37359 --- [    Test worker] o.s.beans.CachedIntrospectionResults     : Found bean property 'class' of type [java.lang.Class]
2016-04-27 17:58:13.494 DEBUG 37359 --- [    Test worker] o.s.b.f.s.DefaultListableBeanFactory     : Returning cached instance of singleton bean 'org.springframework.transaction.config.internalTransactionAdvisor'
2016-04-27 17:58:13.494 DEBUG 37359 --- [    Test worker] o.s.b.f.s.DefaultListableBeanFactory     : Returning cached instance of singleton bean 'org.springframework.transaction.config.internalTransactionAdvisor'
2016-04-27 17:58:13.494 DEBUG 37359 --- [    Test worker] o.s.b.f.s.DefaultListableBeanFactory     : Finished creating instance of bean 'org.springframework.boot.autoconfigure.aop.AopAutoConfiguration$JdkDynamicAutoProxyConfiguration'
2016-04-27 17:58:13.494 DEBUG 37359 --- [    Test worker] o.s.b.f.s.DefaultListableBeanFactory     : Returning cached instance of singleton bean 'org.springframework.aop.config.internalAutoProxyCreator'
2016-04-27 17:58:13.494 DEBUG 37359 --- [    Test worker] o.s.b.f.s.DefaultListableBeanFactory     : Creating shared instance of singleton bean 'org.springframework.boot.autoconfigure.aop.AopAutoConfiguration'
2016-04-27 17:58:13.494 DEBUG 37359 --- [    Test worker] o.s.b.f.s.DefaultListableBeanFactory     : Creating instance of bean 'org.springframework.boot.autoconfigure.aop.AopAutoConfiguration'
2016-04-27 17:58:13.494 DEBUG 37359 --- [    Test worker] o.s.b.f.s.DefaultListableBeanFactory     : Returning cached instance of singleton bean 'org.springframework.transaction.config.internalTransactionAdvisor'
2016-04-27 17:58:13.495 DEBUG 37359 --- [    Test worker] o.s.b.f.s.DefaultListableBeanFactory     : Eagerly caching bean 'org.springframework.boot.autoconfigure.aop.AopAutoConfiguration' to allow for resolving potential circular references
2016-04-27 17:58:13.495 TRACE 37359 --- [    Test worker] o.s.beans.CachedIntrospectionResults     : Getting BeanInfo for class [org.springframework.boot.autoconfigure.aop.AopAutoConfiguration$$EnhancerBySpringCGLIB$$d0e37a10]
2016-04-27 17:58:13.496 TRACE 37359 --- [    Test worker] o.s.beans.CachedIntrospectionResults     : Caching PropertyDescriptors for class [org.springframework.boot.autoconfigure.aop.AopAutoConfiguration$$EnhancerBySpringCGLIB$$d0e37a10]
2016-04-27 17:58:13.496 TRACE 37359 --- [    Test worker] o.s.beans.CachedIntrospectionResults     : Found bean property 'beanFactory' of type [org.springframework.beans.factory.BeanFactory]
2016-04-27 17:58:13.496 TRACE 37359 --- [    Test worker] o.s.beans.CachedIntrospectionResults     : Found bean property 'class' of type [java.lang.Class]
2016-04-27 17:58:13.497 DEBUG 37359 --- [    Test worker] o.s.b.f.s.DefaultListableBeanFactory     : Returning cached instance of singleton bean 'org.springframework.transaction.config.internalTransactionAdvisor'
2016-04-27 17:58:13.497 DEBUG 37359 --- [    Test worker] o.s.b.f.s.DefaultListableBeanFactory     : Returning cached instance of singleton bean 'org.springframework.transaction.config.internalTransactionAdvisor'
2016-04-27 17:58:13.497 DEBUG 37359 --- [    Test worker] o.s.b.f.s.DefaultListableBeanFactory     : Finished creating instance of bean 'org.springframework.boot.autoconfigure.aop.AopAutoConfiguration'
2016-04-27 17:58:13.497 DEBUG 37359 --- [    Test worker] o.s.b.f.s.DefaultListableBeanFactory     : Creating shared instance of singleton bean 'org.springframework.boot.autoconfigure.transaction.jta.JtaAutoConfiguration'
2016-04-27 17:58:13.497 DEBUG 37359 --- [    Test worker] o.s.b.f.s.DefaultListableBeanFactory     : Creating instance of bean 'org.springframework.boot.autoconfigure.transaction.jta.JtaAutoConfiguration'
2016-04-27 17:58:13.497 DEBUG 37359 --- [    Test worker] o.s.b.f.s.DefaultListableBeanFactory     : Returning cached instance of singleton bean 'org.springframework.transaction.config.internalTransactionAdvisor'
2016-04-27 17:58:13.497 DEBUG 37359 --- [    Test worker] o.s.b.f.s.DefaultListableBeanFactory     : Eagerly caching bean 'org.springframework.boot.autoconfigure.transaction.jta.JtaAutoConfiguration' to allow for resolving potential circular references
2016-04-27 17:58:13.497 TRACE 37359 --- [    Test worker] o.s.beans.CachedIntrospectionResults     : Getting BeanInfo for class [org.springframework.boot.autoconfigure.transaction.jta.JtaAutoConfiguration]
2016-04-27 17:58:13.498 TRACE 37359 --- [    Test worker] o.s.beans.CachedIntrospectionResults     : Caching PropertyDescriptors for class [org.springframework.boot.autoconfigure.transaction.jta.JtaAutoConfiguration]
2016-04-27 17:58:13.498 TRACE 37359 --- [    Test worker] o.s.beans.CachedIntrospectionResults     : Found bean property 'class' of type [java.lang.Class]
2016-04-27 17:58:13.498 DEBUG 37359 --- [    Test worker] o.s.b.f.s.DefaultListableBeanFactory     : Returning cached instance of singleton bean 'org.springframework.transaction.config.internalTransactionAdvisor'
2016-04-27 17:58:13.498 DEBUG 37359 --- [    Test worker] o.s.b.f.s.DefaultListableBeanFactory     : Returning cached instance of singleton bean 'org.springframework.transaction.config.internalTransactionAdvisor'
2016-04-27 17:58:13.498 DEBUG 37359 --- [    Test worker] o.s.b.f.s.DefaultListableBeanFactory     : Finished creating instance of bean 'org.springframework.boot.autoconfigure.transaction.jta.JtaAutoConfiguration'
2016-04-27 17:58:13.498 DEBUG 37359 --- [    Test worker] o.s.b.f.s.DefaultListableBeanFactory     : Creating shared instance of singleton bean 'spring.jta.CONFIGURATION_PROPERTIES'
2016-04-27 17:58:13.498 DEBUG 37359 --- [    Test worker] o.s.b.f.s.DefaultListableBeanFactory     : Creating instance of bean 'spring.jta.CONFIGURATION_PROPERTIES'
2016-04-27 17:58:13.498 DEBUG 37359 --- [    Test worker] o.s.b.f.s.DefaultListableBeanFactory     : Returning cached instance of singleton bean 'org.springframework.transaction.config.internalTransactionAdvisor'
2016-04-27 17:58:13.499 DEBUG 37359 --- [    Test worker] o.s.b.f.s.DefaultListableBeanFactory     : Eagerly caching bean 'spring.jta.CONFIGURATION_PROPERTIES' to allow for resolving potential circular references
2016-04-27 17:58:13.499 TRACE 37359 --- [    Test worker] o.s.beans.CachedIntrospectionResults     : Getting BeanInfo for class [org.springframework.boot.autoconfigure.transaction.jta.JtaProperties]
2016-04-27 17:58:13.499 TRACE 37359 --- [    Test worker] o.s.beans.CachedIntrospectionResults     : Caching PropertyDescriptors for class [org.springframework.boot.autoconfigure.transaction.jta.JtaProperties]
2016-04-27 17:58:13.499 TRACE 37359 --- [    Test worker] o.s.beans.CachedIntrospectionResults     : Found bean property 'class' of type [java.lang.Class]
2016-04-27 17:58:13.499 TRACE 37359 --- [    Test worker] o.s.beans.CachedIntrospectionResults     : Found bean property 'logDir' of type [java.lang.String]
2016-04-27 17:58:13.499 TRACE 37359 --- [    Test worker] o.s.beans.CachedIntrospectionResults     : Found bean property 'transactionManagerId' of type [java.lang.String]
2016-04-27 17:58:13.500 TRACE 37359 --- [    Test worker] o.s.b.b.PropertiesConfigurationFactory   : Property Sources: org.springframework.boot.context.properties.ConfigurationPropertiesBindingPostProcessor$FlatPropertySources@6794fe26
2016-04-27 17:58:13.500 DEBUG 37359 --- [    Test worker] o.s.core.env.MutablePropertySources      : Adding [systemProperties] PropertySource with lowest search precedence
2016-04-27 17:58:13.500 DEBUG 37359 --- [    Test worker] o.s.core.env.MutablePropertySources      : Adding [systemEnvironment] PropertySource with lowest search precedence
2016-04-27 17:58:13.500 DEBUG 37359 --- [    Test worker] o.s.core.env.MutablePropertySources      : Adding [random] PropertySource with lowest search precedence
2016-04-27 17:58:13.500 DEBUG 37359 --- [    Test worker] o.s.core.env.MutablePropertySources      : Adding [integrationTest] PropertySource with lowest search precedence
2016-04-27 17:58:13.500 DEBUG 37359 --- [    Test worker] o.s.core.env.MutablePropertySources      : Adding [applicationConfig: [classpath:/application.yml]] PropertySource with lowest search precedence
2016-04-27 17:58:13.500 DEBUG 37359 --- [    Test worker] o.s.core.env.MutablePropertySources      : Adding [localProperties] PropertySource with lowest search precedence
2016-04-27 17:58:13.502 DEBUG 37359 --- [    Test worker] o.s.b.f.s.DefaultListableBeanFactory     : Returning cached instance of singleton bean 'org.springframework.transaction.config.internalTransactionAdvisor'
2016-04-27 17:58:13.502 DEBUG 37359 --- [    Test worker] o.s.b.f.s.DefaultListableBeanFactory     : Returning cached instance of singleton bean 'org.springframework.transaction.config.internalTransactionAdvisor'
2016-04-27 17:58:13.502 DEBUG 37359 --- [    Test worker] o.s.b.f.s.DefaultListableBeanFactory     : Finished creating instance of bean 'spring.jta.CONFIGURATION_PROPERTIES'
2016-04-27 17:58:13.502 DEBUG 37359 --- [    Test worker] o.s.b.f.s.DefaultListableBeanFactory     : Creating shared instance of singleton bean 'org.springframework.boot.autoconfigure.jdbc.DataSourceAutoConfiguration$JdbcTemplateConfiguration'
2016-04-27 17:58:13.502 DEBUG 37359 --- [    Test worker] o.s.b.f.s.DefaultListableBeanFactory     : Creating instance of bean 'org.springframework.boot.autoconfigure.jdbc.DataSourceAutoConfiguration$JdbcTemplateConfiguration'
2016-04-27 17:58:13.502 DEBUG 37359 --- [    Test worker] o.s.b.f.s.DefaultListableBeanFactory     : Returning cached instance of singleton bean 'org.springframework.transaction.config.internalTransactionAdvisor'
2016-04-27 17:58:13.502 DEBUG 37359 --- [    Test worker] o.s.b.f.annotation.InjectionMetadata     : Registered injected element on class [org.springframework.boot.autoconfigure.jdbc.DataSourceAutoConfiguration$JdbcTemplateConfiguration$$EnhancerBySpringCGLIB$$505944cb]: AutowiredFieldElement for private javax.sql.DataSource org.springframework.boot.autoconfigure.jdbc.DataSourceAutoConfiguration$JdbcTemplateConfiguration.dataSource
2016-04-27 17:58:13.502 DEBUG 37359 --- [    Test worker] o.s.b.f.s.DefaultListableBeanFactory     : Eagerly caching bean 'org.springframework.boot.autoconfigure.jdbc.DataSourceAutoConfiguration$JdbcTemplateConfiguration' to allow for resolving potential circular references
2016-04-27 17:58:13.502 TRACE 37359 --- [    Test worker] o.s.beans.CachedIntrospectionResults     : Getting BeanInfo for class [org.springframework.boot.autoconfigure.jdbc.DataSourceAutoConfiguration$JdbcTemplateConfiguration$$EnhancerBySpringCGLIB$$505944cb]
2016-04-27 17:58:13.505 TRACE 37359 --- [    Test worker] o.s.beans.CachedIntrospectionResults     : Caching PropertyDescriptors for class [org.springframework.boot.autoconfigure.jdbc.DataSourceAutoConfiguration$JdbcTemplateConfiguration$$EnhancerBySpringCGLIB$$505944cb]
2016-04-27 17:58:13.505 TRACE 37359 --- [    Test worker] o.s.beans.CachedIntrospectionResults     : Found bean property 'beanFactory' of type [org.springframework.beans.factory.BeanFactory]
2016-04-27 17:58:13.505 TRACE 37359 --- [    Test worker] o.s.beans.CachedIntrospectionResults     : Found bean property 'class' of type [java.lang.Class]
2016-04-27 17:58:13.505 DEBUG 37359 --- [    Test worker] o.s.b.f.annotation.InjectionMetadata     : Processing injected element of bean 'org.springframework.boot.autoconfigure.jdbc.DataSourceAutoConfiguration$JdbcTemplateConfiguration': AutowiredFieldElement for private javax.sql.DataSource org.springframework.boot.autoconfigure.jdbc.DataSourceAutoConfiguration$JdbcTemplateConfiguration.dataSource
2016-04-27 17:58:13.506 DEBUG 37359 --- [    Test worker] o.s.b.f.s.DefaultListableBeanFactory     : Returning cached instance of singleton bean 'dataSource'
2016-04-27 17:58:13.506 DEBUG 37359 --- [    Test worker] f.a.AutowiredAnnotationBeanPostProcessor : Autowiring by type from bean name 'org.springframework.boot.autoconfigure.jdbc.DataSourceAutoConfiguration$JdbcTemplateConfiguration' to bean named 'dataSource'
2016-04-27 17:58:13.506 DEBUG 37359 --- [    Test worker] o.s.b.f.s.DefaultListableBeanFactory     : Returning cached instance of singleton bean 'org.springframework.transaction.config.internalTransactionAdvisor'
2016-04-27 17:58:13.506 DEBUG 37359 --- [    Test worker] o.s.b.f.s.DefaultListableBeanFactory     : Returning cached instance of singleton bean 'org.springframework.transaction.config.internalTransactionAdvisor'
2016-04-27 17:58:13.506 DEBUG 37359 --- [    Test worker] o.s.b.f.s.DefaultListableBeanFactory     : Finished creating instance of bean 'org.springframework.boot.autoconfigure.jdbc.DataSourceAutoConfiguration$JdbcTemplateConfiguration'
2016-04-27 17:58:13.506 DEBUG 37359 --- [    Test worker] o.s.b.f.s.DefaultListableBeanFactory     : Creating shared instance of singleton bean 'jdbcTemplate'
2016-04-27 17:58:13.506 DEBUG 37359 --- [    Test worker] o.s.b.f.s.DefaultListableBeanFactory     : Creating instance of bean 'jdbcTemplate'
2016-04-27 17:58:13.506 DEBUG 37359 --- [    Test worker] o.s.b.f.s.DefaultListableBeanFactory     : Returning cached instance of singleton bean 'org.springframework.transaction.config.internalTransactionAdvisor'
2016-04-27 17:58:13.507 DEBUG 37359 --- [    Test worker] o.s.b.f.s.DefaultListableBeanFactory     : Returning cached instance of singleton bean 'org.springframework.boot.autoconfigure.jdbc.DataSourceAutoConfiguration$JdbcTemplateConfiguration'
2016-04-27 17:58:13.510 DEBUG 37359 --- [    Test worker] o.s.b.f.s.DefaultListableBeanFactory     : Eagerly caching bean 'jdbcTemplate' to allow for resolving potential circular references
2016-04-27 17:58:13.510 TRACE 37359 --- [    Test worker] o.s.beans.CachedIntrospectionResults     : Getting BeanInfo for class [org.springframework.jdbc.core.JdbcTemplate]
2016-04-27 17:58:13.513 TRACE 37359 --- [    Test worker] o.s.beans.CachedIntrospectionResults     : Caching PropertyDescriptors for class [org.springframework.jdbc.core.JdbcTemplate]
2016-04-27 17:58:13.513 TRACE 37359 --- [    Test worker] o.s.beans.CachedIntrospectionResults     : Found bean property 'class' of type [java.lang.Class]
2016-04-27 17:58:13.513 TRACE 37359 --- [    Test worker] o.s.beans.CachedIntrospectionResults     : Found bean property 'dataSource' of type [javax.sql.DataSource]
2016-04-27 17:58:13.513 TRACE 37359 --- [    Test worker] o.s.beans.CachedIntrospectionResults     : Found bean property 'databaseProductName' of type [java.lang.String]
2016-04-27 17:58:13.513 TRACE 37359 --- [    Test worker] o.s.beans.CachedIntrospectionResults     : Found bean property 'exceptionTranslator' of type [org.springframework.jdbc.support.SQLExceptionTranslator]
2016-04-27 17:58:13.513 TRACE 37359 --- [    Test worker] o.s.beans.CachedIntrospectionResults     : Found bean property 'fetchSize' of type [int]
2016-04-27 17:58:13.513 TRACE 37359 --- [    Test worker] o.s.beans.CachedIntrospectionResults     : Found bean property 'ignoreWarnings' of type [boolean]
2016-04-27 17:58:13.513 TRACE 37359 --- [    Test worker] o.s.beans.CachedIntrospectionResults     : Found bean property 'lazyInit' of type [boolean]
2016-04-27 17:58:13.513 TRACE 37359 --- [    Test worker] o.s.beans.CachedIntrospectionResults     : Found bean property 'maxRows' of type [int]
2016-04-27 17:58:13.513 TRACE 37359 --- [    Test worker] o.s.beans.CachedIntrospectionResults     : Found bean property 'nativeJdbcExtractor' of type [org.springframework.jdbc.support.nativejdbc.NativeJdbcExtractor]
2016-04-27 17:58:13.513 TRACE 37359 --- [    Test worker] o.s.beans.CachedIntrospectionResults     : Found bean property 'queryTimeout' of type [int]
2016-04-27 17:58:13.513 TRACE 37359 --- [    Test worker] o.s.beans.CachedIntrospectionResults     : Found bean property 'resultsMapCaseInsensitive' of type [boolean]
2016-04-27 17:58:13.513 TRACE 37359 --- [    Test worker] o.s.beans.CachedIntrospectionResults     : Found bean property 'skipResultsProcessing' of type [boolean]
2016-04-27 17:58:13.513 TRACE 37359 --- [    Test worker] o.s.beans.CachedIntrospectionResults     : Found bean property 'skipUndeclaredResults' of type [boolean]
2016-04-27 17:58:13.513 DEBUG 37359 --- [    Test worker] o.s.b.f.s.DefaultListableBeanFactory     : Invoking afterPropertiesSet() on bean with name 'jdbcTemplate'
2016-04-27 17:58:13.513 DEBUG 37359 --- [    Test worker] o.s.b.f.s.DefaultListableBeanFactory     : Returning cached instance of singleton bean 'org.springframework.transaction.config.internalTransactionAdvisor'
2016-04-27 17:58:13.514 DEBUG 37359 --- [    Test worker] o.s.b.f.s.DefaultListableBeanFactory     : Returning cached instance of singleton bean 'org.springframework.transaction.config.internalTransactionAdvisor'
2016-04-27 17:58:13.515 DEBUG 37359 --- [    Test worker] o.s.b.f.s.DefaultListableBeanFactory     : Finished creating instance of bean 'jdbcTemplate'
2016-04-27 17:58:13.515 DEBUG 37359 --- [    Test worker] o.s.b.f.s.DefaultListableBeanFactory     : Creating shared instance of singleton bean 'namedParameterJdbcTemplate'
2016-04-27 17:58:13.515 DEBUG 37359 --- [    Test worker] o.s.b.f.s.DefaultListableBeanFactory     : Creating instance of bean 'namedParameterJdbcTemplate'
2016-04-27 17:58:13.515 DEBUG 37359 --- [    Test worker] o.s.b.f.s.DefaultListableBeanFactory     : Returning cached instance of singleton bean 'org.springframework.transaction.config.internalTransactionAdvisor'
2016-04-27 17:58:13.515 DEBUG 37359 --- [    Test worker] o.s.b.f.s.DefaultListableBeanFactory     : Returning cached instance of singleton bean 'org.springframework.boot.autoconfigure.jdbc.DataSourceAutoConfiguration$JdbcTemplateConfiguration'
2016-04-27 17:58:13.516 DEBUG 37359 --- [    Test worker] o.s.b.f.s.DefaultListableBeanFactory     : Eagerly caching bean 'namedParameterJdbcTemplate' to allow for resolving potential circular references
2016-04-27 17:58:13.516 TRACE 37359 --- [    Test worker] o.s.beans.CachedIntrospectionResults     : Getting BeanInfo for class [org.springframework.jdbc.core.namedparam.NamedParameterJdbcTemplate]
2016-04-27 17:58:13.518 TRACE 37359 --- [    Test worker] o.s.beans.CachedIntrospectionResults     : Caching PropertyDescriptors for class [org.springframework.jdbc.core.namedparam.NamedParameterJdbcTemplate]
2016-04-27 17:58:13.518 TRACE 37359 --- [    Test worker] o.s.beans.CachedIntrospectionResults     : Found bean property 'cacheLimit' of type [int]
2016-04-27 17:58:13.518 TRACE 37359 --- [    Test worker] o.s.beans.CachedIntrospectionResults     : Found bean property 'class' of type [java.lang.Class]
2016-04-27 17:58:13.518 TRACE 37359 --- [    Test worker] o.s.beans.CachedIntrospectionResults     : Found bean property 'jdbcOperations' of type [org.springframework.jdbc.core.JdbcOperations]
2016-04-27 17:58:13.518 DEBUG 37359 --- [    Test worker] o.s.b.f.s.DefaultListableBeanFactory     : Returning cached instance of singleton bean 'org.springframework.transaction.config.internalTransactionAdvisor'
2016-04-27 17:58:13.518 DEBUG 37359 --- [    Test worker] o.s.b.f.s.DefaultListableBeanFactory     : Returning cached instance of singleton bean 'org.springframework.transaction.config.internalTransactionAdvisor'
2016-04-27 17:58:13.519 DEBUG 37359 --- [    Test worker] o.s.b.f.s.DefaultListableBeanFactory     : Finished creating instance of bean 'namedParameterJdbcTemplate'
2016-04-27 17:58:13.519 DEBUG 37359 --- [    Test worker] o.s.b.f.s.DefaultListableBeanFactory     : Returning cached instance of singleton bean 'org.springframework.boot.autoconfigure.jdbc.DataSourceAutoConfiguration$NonEmbeddedConfiguration'
2016-04-27 17:58:13.519 DEBUG 37359 --- [    Test worker] o.s.b.f.s.DefaultListableBeanFactory     : Returning cached instance of singleton bean 'dataSource'
2016-04-27 17:58:13.519 DEBUG 37359 --- [    Test worker] o.s.b.f.s.DefaultListableBeanFactory     : Returning cached instance of singleton bean 'org.springframework.boot.autoconfigure.jdbc.DataSourceAutoConfiguration$DataSourceInitializerConfiguration'
2016-04-27 17:58:13.519 DEBUG 37359 --- [    Test worker] o.s.b.f.s.DefaultListableBeanFactory     : Returning cached instance of singleton bean 'dataSourceInitializer'
2016-04-27 17:58:13.519 DEBUG 37359 --- [    Test worker] o.s.b.f.s.DefaultListableBeanFactory     : Creating shared instance of singleton bean 'org.springframework.boot.autoconfigure.jdbc.metadata.DataSourcePoolMetadataProvidersConfiguration$TomcatDataSourcePoolMetadataProviderConfiguration'
2016-04-27 17:58:13.519 DEBUG 37359 --- [    Test worker] o.s.b.f.s.DefaultListableBeanFactory     : Creating instance of bean 'org.springframework.boot.autoconfigure.jdbc.metadata.DataSourcePoolMetadataProvidersConfiguration$TomcatDataSourcePoolMetadataProviderConfiguration'
2016-04-27 17:58:13.519 DEBUG 37359 --- [    Test worker] o.s.b.f.s.DefaultListableBeanFactory     : Returning cached instance of singleton bean 'org.springframework.transaction.config.internalTransactionAdvisor'
2016-04-27 17:58:13.519 DEBUG 37359 --- [    Test worker] o.s.b.f.s.DefaultListableBeanFactory     : Eagerly caching bean 'org.springframework.boot.autoconfigure.jdbc.metadata.DataSourcePoolMetadataProvidersConfiguration$TomcatDataSourcePoolMetadataProviderConfiguration' to allow for resolving potential circular references
2016-04-27 17:58:13.519 TRACE 37359 --- [    Test worker] o.s.beans.CachedIntrospectionResults     : Getting BeanInfo for class [org.springframework.boot.autoconfigure.jdbc.metadata.DataSourcePoolMetadataProvidersConfiguration$TomcatDataSourcePoolMetadataProviderConfiguration$$EnhancerBySpringCGLIB$$10296bfc]
2016-04-27 17:58:13.521 TRACE 37359 --- [    Test worker] o.s.beans.CachedIntrospectionResults     : Caching PropertyDescriptors for class [org.springframework.boot.autoconfigure.jdbc.metadata.DataSourcePoolMetadataProvidersConfiguration$TomcatDataSourcePoolMetadataProviderConfiguration$$EnhancerBySpringCGLIB$$10296bfc]
2016-04-27 17:58:13.521 TRACE 37359 --- [    Test worker] o.s.beans.CachedIntrospectionResults     : Found bean property 'beanFactory' of type [org.springframework.beans.factory.BeanFactory]
2016-04-27 17:58:13.521 TRACE 37359 --- [    Test worker] o.s.beans.CachedIntrospectionResults     : Found bean property 'class' of type [java.lang.Class]
2016-04-27 17:58:13.521 DEBUG 37359 --- [    Test worker] o.s.b.f.s.DefaultListableBeanFactory     : Returning cached instance of singleton bean 'org.springframework.transaction.config.internalTransactionAdvisor'
2016-04-27 17:58:13.521 DEBUG 37359 --- [    Test worker] o.s.b.f.s.DefaultListableBeanFactory     : Returning cached instance of singleton bean 'org.springframework.transaction.config.internalTransactionAdvisor'
2016-04-27 17:58:13.521 DEBUG 37359 --- [    Test worker] o.s.b.f.s.DefaultListableBeanFactory     : Finished creating instance of bean 'org.springframework.boot.autoconfigure.jdbc.metadata.DataSourcePoolMetadataProvidersConfiguration$TomcatDataSourcePoolMetadataProviderConfiguration'
2016-04-27 17:58:13.521 DEBUG 37359 --- [    Test worker] o.s.b.f.s.DefaultListableBeanFactory     : Creating shared instance of singleton bean 'tomcatPoolDataSourceMetadataProvider'
2016-04-27 17:58:13.521 DEBUG 37359 --- [    Test worker] o.s.b.f.s.DefaultListableBeanFactory     : Creating instance of bean 'tomcatPoolDataSourceMetadataProvider'
2016-04-27 17:58:13.522 DEBUG 37359 --- [    Test worker] o.s.b.f.s.DefaultListableBeanFactory     : Returning cached instance of singleton bean 'org.springframework.transaction.config.internalTransactionAdvisor'
2016-04-27 17:58:13.522 DEBUG 37359 --- [    Test worker] o.s.b.f.s.DefaultListableBeanFactory     : Returning cached instance of singleton bean 'org.springframework.boot.autoconfigure.jdbc.metadata.DataSourcePoolMetadataProvidersConfiguration$TomcatDataSourcePoolMetadataProviderConfiguration'
2016-04-27 17:58:13.523 DEBUG 37359 --- [    Test worker] o.s.b.f.s.DefaultListableBeanFactory     : Eagerly caching bean 'tomcatPoolDataSourceMetadataProvider' to allow for resolving potential circular references
2016-04-27 17:58:13.524 TRACE 37359 --- [    Test worker] o.s.beans.CachedIntrospectionResults     : Getting BeanInfo for class [org.springframework.boot.autoconfigure.jdbc.metadata.DataSourcePoolMetadataProvidersConfiguration$TomcatDataSourcePoolMetadataProviderConfiguration$1]
2016-04-27 17:58:13.524 TRACE 37359 --- [    Test worker] o.s.beans.CachedIntrospectionResults     : Caching PropertyDescriptors for class [org.springframework.boot.autoconfigure.jdbc.metadata.DataSourcePoolMetadataProvidersConfiguration$TomcatDataSourcePoolMetadataProviderConfiguration$1]
2016-04-27 17:58:13.524 TRACE 37359 --- [    Test worker] o.s.beans.CachedIntrospectionResults     : Found bean property 'class' of type [java.lang.Class]
2016-04-27 17:58:13.524 DEBUG 37359 --- [    Test worker] o.s.b.f.s.DefaultListableBeanFactory     : Returning cached instance of singleton bean 'org.springframework.transaction.config.internalTransactionAdvisor'
2016-04-27 17:58:13.525 DEBUG 37359 --- [    Test worker] o.s.b.f.s.DefaultListableBeanFactory     : Returning cached instance of singleton bean 'org.springframework.transaction.config.internalTransactionAdvisor'
2016-04-27 17:58:13.525 DEBUG 37359 --- [    Test worker] o.s.b.f.s.DefaultListableBeanFactory     : Finished creating instance of bean 'tomcatPoolDataSourceMetadataProvider'
2016-04-27 17:58:13.525 DEBUG 37359 --- [    Test worker] o.s.b.f.s.DefaultListableBeanFactory     : Creating shared instance of singleton bean 'org.springframework.boot.autoconfigure.jdbc.metadata.DataSourcePoolMetadataProvidersConfiguration'
2016-04-27 17:58:13.525 DEBUG 37359 --- [    Test worker] o.s.b.f.s.DefaultListableBeanFactory     : Creating instance of bean 'org.springframework.boot.autoconfigure.jdbc.metadata.DataSourcePoolMetadataProvidersConfiguration'
2016-04-27 17:58:13.525 DEBUG 37359 --- [    Test worker] o.s.b.f.s.DefaultListableBeanFactory     : Returning cached instance of singleton bean 'org.springframework.transaction.config.internalTransactionAdvisor'
2016-04-27 17:58:13.525 DEBUG 37359 --- [    Test worker] o.s.b.f.s.DefaultListableBeanFactory     : Eagerly caching bean 'org.springframework.boot.autoconfigure.jdbc.metadata.DataSourcePoolMetadataProvidersConfiguration' to allow for resolving potential circular references
2016-04-27 17:58:13.525 TRACE 37359 --- [    Test worker] o.s.beans.CachedIntrospectionResults     : Getting BeanInfo for class [org.springframework.boot.autoconfigure.jdbc.metadata.DataSourcePoolMetadataProvidersConfiguration$$EnhancerBySpringCGLIB$$9a5a9faf]
2016-04-27 17:58:13.527 TRACE 37359 --- [    Test worker] o.s.beans.CachedIntrospectionResults     : Caching PropertyDescriptors for class [org.springframework.boot.autoconfigure.jdbc.metadata.DataSourcePoolMetadataProvidersConfiguration$$EnhancerBySpringCGLIB$$9a5a9faf]
2016-04-27 17:58:13.527 TRACE 37359 --- [    Test worker] o.s.beans.CachedIntrospectionResults     : Found bean property 'beanFactory' of type [org.springframework.beans.factory.BeanFactory]
2016-04-27 17:58:13.527 TRACE 37359 --- [    Test worker] o.s.beans.CachedIntrospectionResults     : Found bean property 'class' of type [java.lang.Class]
2016-04-27 17:58:13.527 DEBUG 37359 --- [    Test worker] o.s.b.f.s.DefaultListableBeanFactory     : Returning cached instance of singleton bean 'org.springframework.transaction.config.internalTransactionAdvisor'
2016-04-27 17:58:13.527 DEBUG 37359 --- [    Test worker] o.s.b.f.s.DefaultListableBeanFactory     : Returning cached instance of singleton bean 'org.springframework.transaction.config.internalTransactionAdvisor'
2016-04-27 17:58:13.527 DEBUG 37359 --- [    Test worker] o.s.b.f.s.DefaultListableBeanFactory     : Finished creating instance of bean 'org.springframework.boot.autoconfigure.jdbc.metadata.DataSourcePoolMetadataProvidersConfiguration'
2016-04-27 17:58:13.527 DEBUG 37359 --- [    Test worker] o.s.b.f.s.DefaultListableBeanFactory     : Creating shared instance of singleton bean 'org.springframework.boot.autoconfigure.jdbc.DataSourceAutoConfiguration'
2016-04-27 17:58:13.527 DEBUG 37359 --- [    Test worker] o.s.b.f.s.DefaultListableBeanFactory     : Creating instance of bean 'org.springframework.boot.autoconfigure.jdbc.DataSourceAutoConfiguration'
2016-04-27 17:58:13.527 DEBUG 37359 --- [    Test worker] o.s.b.f.s.DefaultListableBeanFactory     : Returning cached instance of singleton bean 'org.springframework.transaction.config.internalTransactionAdvisor'
2016-04-27 17:58:13.528 DEBUG 37359 --- [    Test worker] o.s.b.f.s.DefaultListableBeanFactory     : Eagerly caching bean 'org.springframework.boot.autoconfigure.jdbc.DataSourceAutoConfiguration' to allow for resolving potential circular references
2016-04-27 17:58:13.528 TRACE 37359 --- [    Test worker] o.s.beans.CachedIntrospectionResults     : Getting BeanInfo for class [org.springframework.boot.autoconfigure.jdbc.DataSourceAutoConfiguration$$EnhancerBySpringCGLIB$$d11062ee]
2016-04-27 17:58:13.529 TRACE 37359 --- [    Test worker] o.s.beans.CachedIntrospectionResults     : Caching PropertyDescriptors for class [org.springframework.boot.autoconfigure.jdbc.DataSourceAutoConfiguration$$EnhancerBySpringCGLIB$$d11062ee]
2016-04-27 17:58:13.529 TRACE 37359 --- [    Test worker] o.s.beans.CachedIntrospectionResults     : Found bean property 'beanFactory' of type [org.springframework.beans.factory.BeanFactory]
2016-04-27 17:58:13.529 TRACE 37359 --- [    Test worker] o.s.beans.CachedIntrospectionResults     : Found bean property 'class' of type [java.lang.Class]
2016-04-27 17:58:13.529 DEBUG 37359 --- [    Test worker] o.s.b.f.s.DefaultListableBeanFactory     : Returning cached instance of singleton bean 'org.springframework.transaction.config.internalTransactionAdvisor'
2016-04-27 17:58:13.529 DEBUG 37359 --- [    Test worker] o.s.b.f.s.DefaultListableBeanFactory     : Returning cached instance of singleton bean 'org.springframework.transaction.config.internalTransactionAdvisor'
2016-04-27 17:58:13.530 DEBUG 37359 --- [    Test worker] o.s.b.f.s.DefaultListableBeanFactory     : Finished creating instance of bean 'org.springframework.boot.autoconfigure.jdbc.DataSourceAutoConfiguration'
2016-04-27 17:58:13.530 DEBUG 37359 --- [    Test worker] o.s.b.f.s.DefaultListableBeanFactory     : Returning cached instance of singleton bean 'spring.datasource.CONFIGURATION_PROPERTIES'
2016-04-27 17:58:13.530 DEBUG 37359 --- [    Test worker] o.s.b.f.s.DefaultListableBeanFactory     : Returning cached instance of singleton bean 'dataSourceInitializerPostProcessor'
2016-04-27 17:58:13.530 DEBUG 37359 --- [    Test worker] o.s.b.f.s.DefaultListableBeanFactory     : Returning cached instance of singleton bean 'org.springframework.boot.autoconfigure.orm.jpa.JpaBaseConfiguration$JpaWebConfiguration$JpaWebMvcConfiguration'
2016-04-27 17:58:13.530 DEBUG 37359 --- [    Test worker] o.s.b.f.s.DefaultListableBeanFactory     : Returning cached instance of singleton bean 'openEntityManagerInViewInterceptor'
2016-04-27 17:58:13.530 DEBUG 37359 --- [    Test worker] o.s.b.f.s.DefaultListableBeanFactory     : Creating shared instance of singleton bean 'org.springframework.boot.autoconfigure.orm.jpa.JpaBaseConfiguration$JpaWebConfiguration'
2016-04-27 17:58:13.530 DEBUG 37359 --- [    Test worker] o.s.b.f.s.DefaultListableBeanFactory     : Creating instance of bean 'org.springframework.boot.autoconfigure.orm.jpa.JpaBaseConfiguration$JpaWebConfiguration'
2016-04-27 17:58:13.530 DEBUG 37359 --- [    Test worker] o.s.b.f.s.DefaultListableBeanFactory     : Returning cached instance of singleton bean 'org.springframework.transaction.config.internalTransactionAdvisor'
2016-04-27 17:58:13.530 DEBUG 37359 --- [    Test worker] o.s.b.f.s.DefaultListableBeanFactory     : Eagerly caching bean 'org.springframework.boot.autoconfigure.orm.jpa.JpaBaseConfiguration$JpaWebConfiguration' to allow for resolving potential circular references
2016-04-27 17:58:13.530 TRACE 37359 --- [    Test worker] o.s.beans.CachedIntrospectionResults     : Getting BeanInfo for class [org.springframework.boot.autoconfigure.orm.jpa.JpaBaseConfiguration$JpaWebConfiguration$$EnhancerBySpringCGLIB$$72fc7b79]
2016-04-27 17:58:13.532 TRACE 37359 --- [    Test worker] o.s.beans.CachedIntrospectionResults     : Caching PropertyDescriptors for class [org.springframework.boot.autoconfigure.orm.jpa.JpaBaseConfiguration$JpaWebConfiguration$$EnhancerBySpringCGLIB$$72fc7b79]
2016-04-27 17:58:13.532 TRACE 37359 --- [    Test worker] o.s.beans.CachedIntrospectionResults     : Found bean property 'beanFactory' of type [org.springframework.beans.factory.BeanFactory]
2016-04-27 17:58:13.532 TRACE 37359 --- [    Test worker] o.s.beans.CachedIntrospectionResults     : Found bean property 'class' of type [java.lang.Class]
2016-04-27 17:58:13.532 DEBUG 37359 --- [    Test worker] o.s.b.f.s.DefaultListableBeanFactory     : Returning cached instance of singleton bean 'org.springframework.transaction.config.internalTransactionAdvisor'
2016-04-27 17:58:13.532 DEBUG 37359 --- [    Test worker] o.s.b.f.s.DefaultListableBeanFactory     : Returning cached instance of singleton bean 'org.springframework.transaction.config.internalTransactionAdvisor'
2016-04-27 17:58:13.532 DEBUG 37359 --- [    Test worker] o.s.b.f.s.DefaultListableBeanFactory     : Finished creating instance of bean 'org.springframework.boot.autoconfigure.orm.jpa.JpaBaseConfiguration$JpaWebConfiguration'
2016-04-27 17:58:13.532 DEBUG 37359 --- [    Test worker] o.s.b.f.s.DefaultListableBeanFactory     : Returning cached instance of singleton bean 'org.springframework.boot.autoconfigure.orm.jpa.HibernateJpaAutoConfiguration'
2016-04-27 17:58:13.532 DEBUG 37359 --- [    Test worker] o.s.b.f.s.DefaultListableBeanFactory     : Creating shared instance of singleton bean 'transactionManager'
2016-04-27 17:58:13.532 DEBUG 37359 --- [    Test worker] o.s.b.f.s.DefaultListableBeanFactory     : Creating instance of bean 'transactionManager'
2016-04-27 17:58:13.533 DEBUG 37359 --- [    Test worker] o.s.b.f.s.DefaultListableBeanFactory     : Returning cached instance of singleton bean 'org.springframework.transaction.config.internalTransactionAdvisor'
2016-04-27 17:58:13.533 DEBUG 37359 --- [    Test worker] o.s.b.f.s.DefaultListableBeanFactory     : Returning cached instance of singleton bean 'org.springframework.boot.autoconfigure.orm.jpa.HibernateJpaAutoConfiguration'
2016-04-27 17:58:13.536 DEBUG 37359 --- [    Test worker] o.s.b.f.s.DefaultListableBeanFactory     : Eagerly caching bean 'transactionManager' to allow for resolving potential circular references
2016-04-27 17:58:13.536 TRACE 37359 --- [    Test worker] o.s.beans.CachedIntrospectionResults     : Getting BeanInfo for class [org.springframework.orm.jpa.JpaTransactionManager]
2016-04-27 17:58:13.538 TRACE 37359 --- [    Test worker] o.s.beans.CachedIntrospectionResults     : Caching PropertyDescriptors for class [org.springframework.orm.jpa.JpaTransactionManager]
2016-04-27 17:58:13.538 TRACE 37359 --- [    Test worker] o.s.beans.CachedIntrospectionResults     : Found bean property 'beanFactory' of type [org.springframework.beans.factory.BeanFactory]
2016-04-27 17:58:13.538 TRACE 37359 --- [    Test worker] o.s.beans.CachedIntrospectionResults     : Found bean property 'class' of type [java.lang.Class]
2016-04-27 17:58:13.538 TRACE 37359 --- [    Test worker] o.s.beans.CachedIntrospectionResults     : Found bean property 'dataSource' of type [javax.sql.DataSource]
2016-04-27 17:58:13.538 TRACE 37359 --- [    Test worker] o.s.beans.CachedIntrospectionResults     : Found bean property 'defaultTimeout' of type [int]
2016-04-27 17:58:13.538 TRACE 37359 --- [    Test worker] o.s.beans.CachedIntrospectionResults     : Found bean property 'entityManagerFactory' of type [javax.persistence.EntityManagerFactory]
2016-04-27 17:58:13.538 TRACE 37359 --- [    Test worker] o.s.beans.CachedIntrospectionResults     : Found bean property 'failEarlyOnGlobalRollbackOnly' of type [boolean]
2016-04-27 17:58:13.538 TRACE 37359 --- [    Test worker] o.s.beans.CachedIntrospectionResults     : Found bean property 'globalRollbackOnParticipationFailure' of type [boolean]
2016-04-27 17:58:13.538 TRACE 37359 --- [    Test worker] o.s.beans.CachedIntrospectionResults     : Found bean property 'jpaDialect' of type [org.springframework.orm.jpa.JpaDialect]
2016-04-27 17:58:13.538 TRACE 37359 --- [    Test worker] o.s.beans.CachedIntrospectionResults     : Found bean property 'jpaProperties' of type [java.util.Properties]
2016-04-27 17:58:13.538 TRACE 37359 --- [    Test worker] o.s.beans.CachedIntrospectionResults     : Found bean property 'jpaPropertyMap' of type [java.util.Map]
2016-04-27 17:58:13.538 TRACE 37359 --- [    Test worker] o.s.beans.CachedIntrospectionResults     : Found bean property 'nestedTransactionAllowed' of type [boolean]
2016-04-27 17:58:13.538 TRACE 37359 --- [    Test worker] o.s.beans.CachedIntrospectionResults     : Found bean property 'persistenceUnitName' of type [java.lang.String]
2016-04-27 17:58:13.538 TRACE 37359 --- [    Test worker] o.s.beans.CachedIntrospectionResults     : Found bean property 'resourceFactory' of type [java.lang.Object]
2016-04-27 17:58:13.539 TRACE 37359 --- [    Test worker] o.s.beans.CachedIntrospectionResults     : Found bean property 'rollbackOnCommitFailure' of type [boolean]
2016-04-27 17:58:13.539 TRACE 37359 --- [    Test worker] o.s.beans.CachedIntrospectionResults     : Found bean property 'transactionSynchronization' of type [int]
2016-04-27 17:58:13.539 TRACE 37359 --- [    Test worker] o.s.beans.CachedIntrospectionResults     : Found bean property 'transactionSynchronizationName' of type [java.lang.String]
2016-04-27 17:58:13.539 TRACE 37359 --- [    Test worker] o.s.beans.CachedIntrospectionResults     : Found bean property 'validateExistingTransaction' of type [boolean]
2016-04-27 17:58:13.539 DEBUG 37359 --- [    Test worker] o.s.b.f.s.DefaultListableBeanFactory     : Returning cached instance of singleton bean 'entityManagerFactory'
2016-04-27 17:58:13.539 DEBUG 37359 --- [    Test worker] o.s.b.f.s.DefaultListableBeanFactory     : Invoking afterPropertiesSet() on bean with name 'transactionManager'
2016-04-27 17:58:13.540 DEBUG 37359 --- [    Test worker] o.s.b.f.s.DefaultListableBeanFactory     : Returning cached instance of singleton bean 'org.springframework.transaction.config.internalTransactionAdvisor'
2016-04-27 17:58:13.540 DEBUG 37359 --- [    Test worker] o.s.b.f.s.DefaultListableBeanFactory     : Returning cached instance of singleton bean 'org.springframework.transaction.config.internalTransactionAdvisor'
2016-04-27 17:58:13.540 DEBUG 37359 --- [    Test worker] o.s.b.f.s.DefaultListableBeanFactory     : Finished creating instance of bean 'transactionManager'
2016-04-27 17:58:13.540 DEBUG 37359 --- [    Test worker] o.s.b.f.s.DefaultListableBeanFactory     : Returning cached instance of singleton bean 'jpaVendorAdapter'
2016-04-27 17:58:13.540 DEBUG 37359 --- [    Test worker] o.s.b.f.s.DefaultListableBeanFactory     : Returning cached instance of singleton bean 'entityManagerFactoryBuilder'
2016-04-27 17:58:13.540 DEBUG 37359 --- [    Test worker] o.s.b.f.s.DefaultListableBeanFactory     : Returning cached instance of singleton bean 'entityManagerFactory'
2016-04-27 17:58:13.540 DEBUG 37359 --- [    Test worker] o.s.b.f.s.DefaultListableBeanFactory     : Returning cached instance of singleton bean 'spring.jpa.CONFIGURATION_PROPERTIES'
2016-04-27 17:58:13.540 DEBUG 37359 --- [    Test worker] o.s.b.f.s.DefaultListableBeanFactory     : Returning cached instance of singleton bean 'dataSourceInitializedPublisher'
2016-04-27 17:58:13.540 DEBUG 37359 --- [    Test worker] o.s.b.f.s.DefaultListableBeanFactory     : Creating shared instance of singleton bean 'org.springframework.boot.autoconfigure.context.ConfigurationPropertiesAutoConfiguration'
2016-04-27 17:58:13.540 DEBUG 37359 --- [    Test worker] o.s.b.f.s.DefaultListableBeanFactory     : Creating instance of bean 'org.springframework.boot.autoconfigure.context.ConfigurationPropertiesAutoConfiguration'
2016-04-27 17:58:13.540 DEBUG 37359 --- [    Test worker] o.s.b.f.s.DefaultListableBeanFactory     : Returning cached instance of singleton bean 'org.springframework.transaction.config.internalTransactionAdvisor'
2016-04-27 17:58:13.541 DEBUG 37359 --- [    Test worker] o.s.b.f.s.DefaultListableBeanFactory     : Eagerly caching bean 'org.springframework.boot.autoconfigure.context.ConfigurationPropertiesAutoConfiguration' to allow for resolving potential circular references
2016-04-27 17:58:13.541 TRACE 37359 --- [    Test worker] o.s.beans.CachedIntrospectionResults     : Getting BeanInfo for class [org.springframework.boot.autoconfigure.context.ConfigurationPropertiesAutoConfiguration$$EnhancerBySpringCGLIB$$a9fe51c]
2016-04-27 17:58:13.543 TRACE 37359 --- [    Test worker] o.s.beans.CachedIntrospectionResults     : Caching PropertyDescriptors for class [org.springframework.boot.autoconfigure.context.ConfigurationPropertiesAutoConfiguration$$EnhancerBySpringCGLIB$$a9fe51c]
2016-04-27 17:58:13.543 TRACE 37359 --- [    Test worker] o.s.beans.CachedIntrospectionResults     : Found bean property 'beanFactory' of type [org.springframework.beans.factory.BeanFactory]
2016-04-27 17:58:13.543 TRACE 37359 --- [    Test worker] o.s.beans.CachedIntrospectionResults     : Found bean property 'class' of type [java.lang.Class]
2016-04-27 17:58:13.543 DEBUG 37359 --- [    Test worker] o.s.b.f.s.DefaultListableBeanFactory     : Returning cached instance of singleton bean 'org.springframework.transaction.config.internalTransactionAdvisor'
2016-04-27 17:58:13.543 DEBUG 37359 --- [    Test worker] o.s.b.f.s.DefaultListableBeanFactory     : Returning cached instance of singleton bean 'org.springframework.transaction.config.internalTransactionAdvisor'
2016-04-27 17:58:13.543 DEBUG 37359 --- [    Test worker] o.s.b.f.s.DefaultListableBeanFactory     : Finished creating instance of bean 'org.springframework.boot.autoconfigure.context.ConfigurationPropertiesAutoConfiguration'
2016-04-27 17:58:13.544 DEBUG 37359 --- [    Test worker] o.s.b.f.s.DefaultListableBeanFactory     : Creating shared instance of singleton bean 'org.springframework.boot.autoconfigure.dao.PersistenceExceptionTranslationAutoConfiguration'
2016-04-27 17:58:13.544 DEBUG 37359 --- [    Test worker] o.s.b.f.s.DefaultListableBeanFactory     : Creating instance of bean 'org.springframework.boot.autoconfigure.dao.PersistenceExceptionTranslationAutoConfiguration'
2016-04-27 17:58:13.544 DEBUG 37359 --- [    Test worker] o.s.b.f.s.DefaultListableBeanFactory     : Returning cached instance of singleton bean 'org.springframework.transaction.config.internalTransactionAdvisor'
2016-04-27 17:58:13.544 DEBUG 37359 --- [    Test worker] o.s.b.f.s.DefaultListableBeanFactory     : Eagerly caching bean 'org.springframework.boot.autoconfigure.dao.PersistenceExceptionTranslationAutoConfiguration' to allow for resolving potential circular references
2016-04-27 17:58:13.544 TRACE 37359 --- [    Test worker] o.s.beans.CachedIntrospectionResults     : Getting BeanInfo for class [org.springframework.boot.autoconfigure.dao.PersistenceExceptionTranslationAutoConfiguration]
2016-04-27 17:58:13.545 TRACE 37359 --- [    Test worker] o.s.beans.CachedIntrospectionResults     : Caching PropertyDescriptors for class [org.springframework.boot.autoconfigure.dao.PersistenceExceptionTranslationAutoConfiguration]
2016-04-27 17:58:13.545 TRACE 37359 --- [    Test worker] o.s.beans.CachedIntrospectionResults     : Found bean property 'class' of type [java.lang.Class]
2016-04-27 17:58:13.545 DEBUG 37359 --- [    Test worker] o.s.b.f.s.DefaultListableBeanFactory     : Returning cached instance of singleton bean 'org.springframework.transaction.config.internalTransactionAdvisor'
2016-04-27 17:58:13.545 DEBUG 37359 --- [    Test worker] o.s.b.f.s.DefaultListableBeanFactory     : Returning cached instance of singleton bean 'org.springframework.transaction.config.internalTransactionAdvisor'
2016-04-27 17:58:13.546 DEBUG 37359 --- [    Test worker] o.s.b.f.s.DefaultListableBeanFactory     : Finished creating instance of bean 'org.springframework.boot.autoconfigure.dao.PersistenceExceptionTranslationAutoConfiguration'
2016-04-27 17:58:13.546 DEBUG 37359 --- [    Test worker] o.s.b.f.s.DefaultListableBeanFactory     : Returning cached instance of singleton bean 'persistenceExceptionTranslationPostProcessor'
2016-04-27 17:58:13.546 DEBUG 37359 --- [    Test worker] o.s.b.f.s.DefaultListableBeanFactory     : Returning cached instance of singleton bean 'org.springframework.boot.autoconfigure.jackson.JacksonAutoConfiguration$JacksonObjectMapperBuilderConfiguration'
2016-04-27 17:58:13.546 DEBUG 37359 --- [    Test worker] o.s.b.f.s.DefaultListableBeanFactory     : Returning cached instance of singleton bean 'jacksonObjectMapperBuilder'
2016-04-27 17:58:13.546 DEBUG 37359 --- [    Test worker] o.s.b.f.s.DefaultListableBeanFactory     : Returning cached instance of singleton bean 'spring.jackson.CONFIGURATION_PROPERTIES'
2016-04-27 17:58:13.546 DEBUG 37359 --- [    Test worker] o.s.b.f.s.DefaultListableBeanFactory     : Returning cached instance of singleton bean 'org.springframework.boot.autoconfigure.jackson.JacksonAutoConfiguration$JacksonObjectMapperConfiguration'
2016-04-27 17:58:13.546 DEBUG 37359 --- [    Test worker] o.s.b.f.s.DefaultListableBeanFactory     : Returning cached instance of singleton bean 'jacksonObjectMapper'
2016-04-27 17:58:13.546 DEBUG 37359 --- [    Test worker] o.s.b.f.s.DefaultListableBeanFactory     : Creating shared instance of singleton bean 'org.springframework.boot.autoconfigure.jackson.JacksonAutoConfiguration'
2016-04-27 17:58:13.546 DEBUG 37359 --- [    Test worker] o.s.b.f.s.DefaultListableBeanFactory     : Creating instance of bean 'org.springframework.boot.autoconfigure.jackson.JacksonAutoConfiguration'
2016-04-27 17:58:13.546 DEBUG 37359 --- [    Test worker] o.s.b.f.s.DefaultListableBeanFactory     : Returning cached instance of singleton bean 'org.springframework.transaction.config.internalTransactionAdvisor'
2016-04-27 17:58:13.546 DEBUG 37359 --- [    Test worker] o.s.b.f.s.DefaultListableBeanFactory     : Eagerly caching bean 'org.springframework.boot.autoconfigure.jackson.JacksonAutoConfiguration' to allow for resolving potential circular references
2016-04-27 17:58:13.546 TRACE 37359 --- [    Test worker] o.s.beans.CachedIntrospectionResults     : Getting BeanInfo for class [org.springframework.boot.autoconfigure.jackson.JacksonAutoConfiguration$$EnhancerBySpringCGLIB$$dfcfa4ae]
2016-04-27 17:58:13.548 TRACE 37359 --- [    Test worker] o.s.beans.CachedIntrospectionResults     : Caching PropertyDescriptors for class [org.springframework.boot.autoconfigure.jackson.JacksonAutoConfiguration$$EnhancerBySpringCGLIB$$dfcfa4ae]
2016-04-27 17:58:13.548 TRACE 37359 --- [    Test worker] o.s.beans.CachedIntrospectionResults     : Found bean property 'beanFactory' of type [org.springframework.beans.factory.BeanFactory]
2016-04-27 17:58:13.548 TRACE 37359 --- [    Test worker] o.s.beans.CachedIntrospectionResults     : Found bean property 'class' of type [java.lang.Class]
2016-04-27 17:58:13.548 DEBUG 37359 --- [    Test worker] o.s.b.f.s.DefaultListableBeanFactory     : Returning cached instance of singleton bean 'org.springframework.transaction.config.internalTransactionAdvisor'
2016-04-27 17:58:13.548 DEBUG 37359 --- [    Test worker] o.s.b.f.s.DefaultListableBeanFactory     : Returning cached instance of singleton bean 'org.springframework.transaction.config.internalTransactionAdvisor'
2016-04-27 17:58:13.548 DEBUG 37359 --- [    Test worker] o.s.b.f.s.DefaultListableBeanFactory     : Finished creating instance of bean 'org.springframework.boot.autoconfigure.jackson.JacksonAutoConfiguration'
2016-04-27 17:58:13.548 DEBUG 37359 --- [    Test worker] o.s.b.f.s.DefaultListableBeanFactory     : Returning cached instance of singleton bean 'org.springframework.boot.autoconfigure.web.HttpMessageConvertersAutoConfiguration$StringHttpMessageConverterConfiguration'
2016-04-27 17:58:13.549 DEBUG 37359 --- [    Test worker] o.s.b.f.s.DefaultListableBeanFactory     : Returning cached instance of singleton bean 'stringHttpMessageConverter'
2016-04-27 17:58:13.549 DEBUG 37359 --- [    Test worker] o.s.b.f.s.DefaultListableBeanFactory     : Returning cached instance of singleton bean 'spring.http.encoding.CONFIGURATION_PROPERTIES'
2016-04-27 17:58:13.549 DEBUG 37359 --- [    Test worker] o.s.b.f.s.DefaultListableBeanFactory     : Returning cached instance of singleton bean 'org.springframework.boot.autoconfigure.web.JacksonHttpMessageConvertersConfiguration$MappingJackson2HttpMessageConverterConfiguration'
2016-04-27 17:58:13.549 DEBUG 37359 --- [    Test worker] o.s.b.f.s.DefaultListableBeanFactory     : Returning cached instance of singleton bean 'mappingJackson2HttpMessageConverter'
2016-04-27 17:58:13.549 DEBUG 37359 --- [    Test worker] o.s.b.f.s.DefaultListableBeanFactory     : Creating shared instance of singleton bean 'org.springframework.boot.autoconfigure.web.JacksonHttpMessageConvertersConfiguration'
2016-04-27 17:58:13.549 DEBUG 37359 --- [    Test worker] o.s.b.f.s.DefaultListableBeanFactory     : Creating instance of bean 'org.springframework.boot.autoconfigure.web.JacksonHttpMessageConvertersConfiguration'
2016-04-27 17:58:13.549 DEBUG 37359 --- [    Test worker] o.s.b.f.s.DefaultListableBeanFactory     : Returning cached instance of singleton bean 'org.springframework.transaction.config.internalTransactionAdvisor'
2016-04-27 17:58:13.549 DEBUG 37359 --- [    Test worker] o.s.b.f.s.DefaultListableBeanFactory     : Eagerly caching bean 'org.springframework.boot.autoconfigure.web.JacksonHttpMessageConvertersConfiguration' to allow for resolving potential circular references
2016-04-27 17:58:13.549 TRACE 37359 --- [    Test worker] o.s.beans.CachedIntrospectionResults     : Getting BeanInfo for class [org.springframework.boot.autoconfigure.web.JacksonHttpMessageConvertersConfiguration$$EnhancerBySpringCGLIB$$37d76044]
2016-04-27 17:58:13.551 TRACE 37359 --- [    Test worker] o.s.beans.CachedIntrospectionResults     : Caching PropertyDescriptors for class [org.springframework.boot.autoconfigure.web.JacksonHttpMessageConvertersConfiguration$$EnhancerBySpringCGLIB$$37d76044]
2016-04-27 17:58:13.551 TRACE 37359 --- [    Test worker] o.s.beans.CachedIntrospectionResults     : Found bean property 'beanFactory' of type [org.springframework.beans.factory.BeanFactory]
2016-04-27 17:58:13.551 TRACE 37359 --- [    Test worker] o.s.beans.CachedIntrospectionResults     : Found bean property 'class' of type [java.lang.Class]
2016-04-27 17:58:13.551 DEBUG 37359 --- [    Test worker] o.s.b.f.s.DefaultListableBeanFactory     : Returning cached instance of singleton bean 'org.springframework.transaction.config.internalTransactionAdvisor'
2016-04-27 17:58:13.552 DEBUG 37359 --- [    Test worker] o.s.b.f.s.DefaultListableBeanFactory     : Returning cached instance of singleton bean 'org.springframework.transaction.config.internalTransactionAdvisor'
2016-04-27 17:58:13.552 DEBUG 37359 --- [    Test worker] o.s.b.f.s.DefaultListableBeanFactory     : Finished creating instance of bean 'org.springframework.boot.autoconfigure.web.JacksonHttpMessageConvertersConfiguration'
2016-04-27 17:58:13.552 DEBUG 37359 --- [    Test worker] o.s.b.f.s.DefaultListableBeanFactory     : Returning cached instance of singleton bean 'org.springframework.boot.autoconfigure.web.HttpMessageConvertersAutoConfiguration'
2016-04-27 17:58:13.552 DEBUG 37359 --- [    Test worker] o.s.b.f.s.DefaultListableBeanFactory     : Returning cached instance of singleton bean 'messageConverters'
2016-04-27 17:58:13.552 DEBUG 37359 --- [    Test worker] o.s.b.f.s.DefaultListableBeanFactory     : Creating shared instance of singleton bean 'org.springframework.hateoas.config.HateoasConfiguration'
2016-04-27 17:58:13.552 DEBUG 37359 --- [    Test worker] o.s.b.f.s.DefaultListableBeanFactory     : Creating instance of bean 'org.springframework.hateoas.config.HateoasConfiguration'
2016-04-27 17:58:13.552 DEBUG 37359 --- [    Test worker] o.s.b.f.s.DefaultListableBeanFactory     : Returning cached instance of singleton bean 'org.springframework.transaction.config.internalTransactionAdvisor'
2016-04-27 17:58:13.552 DEBUG 37359 --- [    Test worker] o.s.b.f.s.DefaultListableBeanFactory     : Eagerly caching bean 'org.springframework.hateoas.config.HateoasConfiguration' to allow for resolving potential circular references
2016-04-27 17:58:13.552 TRACE 37359 --- [    Test worker] o.s.beans.CachedIntrospectionResults     : Getting BeanInfo for class [org.springframework.hateoas.config.HateoasConfiguration$$EnhancerBySpringCGLIB$$34b43a80]
2016-04-27 17:58:13.554 TRACE 37359 --- [    Test worker] o.s.beans.CachedIntrospectionResults     : Caching PropertyDescriptors for class [org.springframework.hateoas.config.HateoasConfiguration$$EnhancerBySpringCGLIB$$34b43a80]
2016-04-27 17:58:13.554 TRACE 37359 --- [    Test worker] o.s.beans.CachedIntrospectionResults     : Found bean property 'beanFactory' of type [org.springframework.beans.factory.BeanFactory]
2016-04-27 17:58:13.554 TRACE 37359 --- [    Test worker] o.s.beans.CachedIntrospectionResults     : Found bean property 'class' of type [java.lang.Class]
2016-04-27 17:58:13.554 DEBUG 37359 --- [    Test worker] o.s.b.f.s.DefaultListableBeanFactory     : Returning cached instance of singleton bean 'org.springframework.transaction.config.internalTransactionAdvisor'
2016-04-27 17:58:13.554 DEBUG 37359 --- [    Test worker] o.s.b.f.s.DefaultListableBeanFactory     : Returning cached instance of singleton bean 'org.springframework.transaction.config.internalTransactionAdvisor'
2016-04-27 17:58:13.554 DEBUG 37359 --- [    Test worker] o.s.b.f.s.DefaultListableBeanFactory     : Finished creating instance of bean 'org.springframework.hateoas.config.HateoasConfiguration'
2016-04-27 17:58:13.555 DEBUG 37359 --- [    Test worker] o.s.b.f.s.DefaultListableBeanFactory     : Creating shared instance of singleton bean 'linkRelationMessageSource'
2016-04-27 17:58:13.555 DEBUG 37359 --- [    Test worker] o.s.b.f.s.DefaultListableBeanFactory     : Creating instance of bean 'linkRelationMessageSource'
2016-04-27 17:58:13.555 DEBUG 37359 --- [    Test worker] o.s.b.f.s.DefaultListableBeanFactory     : Returning cached instance of singleton bean 'org.springframework.transaction.config.internalTransactionAdvisor'
2016-04-27 17:58:13.555 DEBUG 37359 --- [    Test worker] o.s.b.f.s.DefaultListableBeanFactory     : Returning cached instance of singleton bean 'org.springframework.hateoas.config.HateoasConfiguration'
2016-04-27 17:58:13.556 DEBUG 37359 --- [    Test worker] o.s.b.f.s.DefaultListableBeanFactory     : Eagerly caching bean 'linkRelationMessageSource' to allow for resolving potential circular references
2016-04-27 17:58:13.556 DEBUG 37359 --- [    Test worker] o.s.b.f.s.DefaultListableBeanFactory     : Returning cached instance of singleton bean 'org.springframework.transaction.config.internalTransactionAdvisor'
2016-04-27 17:58:13.557 DEBUG 37359 --- [    Test worker] o.s.b.f.s.DefaultListableBeanFactory     : Returning cached instance of singleton bean 'org.springframework.transaction.config.internalTransactionAdvisor'
2016-04-27 17:58:13.557 DEBUG 37359 --- [    Test worker] o.s.b.f.s.DefaultListableBeanFactory     : Finished creating instance of bean 'linkRelationMessageSource'
2016-04-27 17:58:13.557 DEBUG 37359 --- [    Test worker] o.s.b.f.s.DefaultListableBeanFactory     : Returning cached instance of singleton bean 'org.springframework.data.web.config.SpringDataJacksonConfiguration'
2016-04-27 17:58:13.557 DEBUG 37359 --- [    Test worker] o.s.b.f.s.DefaultListableBeanFactory     : Returning cached instance of singleton bean 'jacksonGeoModule'
2016-04-27 17:58:13.557 DEBUG 37359 --- [    Test worker] o.s.b.f.s.DefaultListableBeanFactory     : Returning cached instance of singleton bean 'org.springframework.boot.autoconfigure.data.rest.SpringBootRepositoryRestMvcConfiguration'
2016-04-27 17:58:13.557 DEBUG 37359 --- [    Test worker] o.s.b.f.s.DefaultListableBeanFactory     : Returning cached instance of singleton bean 'config'
2016-04-27 17:58:13.557 DEBUG 37359 --- [    Test worker] o.s.b.f.s.DefaultListableBeanFactory     : Returning cached instance of singleton bean 'repositories'
2016-04-27 17:58:13.557 DEBUG 37359 --- [    Test worker] o.s.b.f.s.DefaultListableBeanFactory     : Creating shared instance of singleton bean 'repositoryRelProvider'
2016-04-27 17:58:13.557 DEBUG 37359 --- [    Test worker] o.s.b.f.s.DefaultListableBeanFactory     : Creating instance of bean 'repositoryRelProvider'
2016-04-27 17:58:13.557 DEBUG 37359 --- [    Test worker] o.s.b.f.s.DefaultListableBeanFactory     : Returning cached instance of singleton bean 'org.springframework.transaction.config.internalTransactionAdvisor'
2016-04-27 17:58:13.557 DEBUG 37359 --- [    Test worker] o.s.b.f.s.DefaultListableBeanFactory     : Returning cached instance of singleton bean 'org.springframework.boot.autoconfigure.data.rest.SpringBootRepositoryRestMvcConfiguration'
2016-04-27 17:58:13.558 DEBUG 37359 --- [    Test worker] o.s.b.f.s.DefaultListableBeanFactory     : Eagerly caching bean 'repositoryRelProvider' to allow for resolving potential circular references
2016-04-27 17:58:13.558 TRACE 37359 --- [    Test worker] o.s.beans.CachedIntrospectionResults     : Getting BeanInfo for class [org.springframework.data.rest.core.support.RepositoryRelProvider]
2016-04-27 17:58:13.559 TRACE 37359 --- [    Test worker] o.s.beans.CachedIntrospectionResults     : Caching PropertyDescriptors for class [org.springframework.data.rest.core.support.RepositoryRelProvider]
2016-04-27 17:58:13.559 TRACE 37359 --- [    Test worker] o.s.beans.CachedIntrospectionResults     : Found bean property 'class' of type [java.lang.Class]
2016-04-27 17:58:13.559 DEBUG 37359 --- [    Test worker] o.s.b.f.s.DefaultListableBeanFactory     : Returning cached instance of singleton bean 'org.springframework.transaction.config.internalTransactionAdvisor'
2016-04-27 17:58:13.559 DEBUG 37359 --- [    Test worker] o.s.b.f.s.DefaultListableBeanFactory     : Returning cached instance of singleton bean 'org.springframework.transaction.config.internalTransactionAdvisor'
2016-04-27 17:58:13.559 DEBUG 37359 --- [    Test worker] o.s.b.f.s.DefaultListableBeanFactory     : Finished creating instance of bean 'repositoryRelProvider'
2016-04-27 17:58:13.560 DEBUG 37359 --- [    Test worker] o.s.b.f.s.DefaultListableBeanFactory     : Returning cached instance of singleton bean 'persistentEntities'
2016-04-27 17:58:13.560 DEBUG 37359 --- [    Test worker] o.s.b.f.s.DefaultListableBeanFactory     : Returning cached instance of singleton bean 'defaultConversionService'
2016-04-27 17:58:13.560 DEBUG 37359 --- [    Test worker] o.s.b.f.s.DefaultListableBeanFactory     : Creating shared instance of singleton bean 'validatingRepositoryEventListener'
2016-04-27 17:58:13.560 DEBUG 37359 --- [    Test worker] o.s.b.f.s.DefaultListableBeanFactory     : Creating instance of bean 'validatingRepositoryEventListener'
2016-04-27 17:58:13.560 DEBUG 37359 --- [    Test worker] o.s.b.f.s.DefaultListableBeanFactory     : Returning cached instance of singleton bean 'org.springframework.transaction.config.internalTransactionAdvisor'
2016-04-27 17:58:13.560 DEBUG 37359 --- [    Test worker] o.s.b.f.s.DefaultListableBeanFactory     : Returning cached instance of singleton bean 'org.springframework.boot.autoconfigure.data.rest.SpringBootRepositoryRestMvcConfiguration'
2016-04-27 17:58:13.560 DEBUG 37359 --- [    Test worker] o.s.b.f.s.DefaultListableBeanFactory     : Eagerly caching bean 'validatingRepositoryEventListener' to allow for resolving potential circular references
2016-04-27 17:58:13.561 TRACE 37359 --- [    Test worker] o.s.beans.CachedIntrospectionResults     : Getting BeanInfo for class [org.springframework.data.rest.core.event.ValidatingRepositoryEventListener]
2016-04-27 17:58:13.562 TRACE 37359 --- [    Test worker] o.s.beans.CachedIntrospectionResults     : Caching PropertyDescriptors for class [org.springframework.data.rest.core.event.ValidatingRepositoryEventListener]
2016-04-27 17:58:13.562 TRACE 37359 --- [    Test worker] o.s.beans.CachedIntrospectionResults     : Found bean property 'class' of type [java.lang.Class]
2016-04-27 17:58:13.562 TRACE 37359 --- [    Test worker] o.s.beans.CachedIntrospectionResults     : Found bean property 'validators' of type [java.util.Map]
2016-04-27 17:58:13.562 DEBUG 37359 --- [    Test worker] o.s.b.f.s.DefaultListableBeanFactory     : Returning cached instance of singleton bean 'org.springframework.transaction.config.internalTransactionAdvisor'
2016-04-27 17:58:13.562 DEBUG 37359 --- [    Test worker] o.s.b.f.s.DefaultListableBeanFactory     : Returning cached instance of singleton bean 'org.springframework.transaction.config.internalTransactionAdvisor'
2016-04-27 17:58:13.562 DEBUG 37359 --- [    Test worker] o.s.b.f.s.DefaultListableBeanFactory     : Finished creating instance of bean 'validatingRepositoryEventListener'
2016-04-27 17:58:13.562 DEBUG 37359 --- [    Test worker] o.s.b.f.s.DefaultListableBeanFactory     : Creating shared instance of singleton bean 'jpaHelper'
2016-04-27 17:58:13.563 DEBUG 37359 --- [    Test worker] o.s.b.f.s.DefaultListableBeanFactory     : Creating instance of bean 'jpaHelper'
2016-04-27 17:58:13.563 DEBUG 37359 --- [    Test worker] o.s.b.f.s.DefaultListableBeanFactory     : Returning cached instance of singleton bean 'org.springframework.transaction.config.internalTransactionAdvisor'
2016-04-27 17:58:13.563 DEBUG 37359 --- [    Test worker] o.s.b.f.s.DefaultListableBeanFactory     : Returning cached instance of singleton bean 'org.springframework.boot.autoconfigure.data.rest.SpringBootRepositoryRestMvcConfiguration'
2016-04-27 17:58:13.563 DEBUG 37359 --- [    Test worker] o.s.b.f.s.DefaultListableBeanFactory     : Eagerly caching bean 'jpaHelper' to allow for resolving potential circular references
2016-04-27 17:58:13.563 TRACE 37359 --- [    Test worker] o.s.beans.CachedIntrospectionResults     : Getting BeanInfo for class [org.springframework.data.rest.webmvc.support.JpaHelper]
2016-04-27 17:58:13.564 TRACE 37359 --- [    Test worker] o.s.beans.CachedIntrospectionResults     : Caching PropertyDescriptors for class [org.springframework.data.rest.webmvc.support.JpaHelper]
2016-04-27 17:58:13.564 TRACE 37359 --- [    Test worker] o.s.beans.CachedIntrospectionResults     : Found bean property 'beanFactory' of type [org.springframework.beans.factory.BeanFactory]
2016-04-27 17:58:13.564 TRACE 37359 --- [    Test worker] o.s.beans.CachedIntrospectionResults     : Found bean property 'class' of type [java.lang.Class]
2016-04-27 17:58:13.564 TRACE 37359 --- [    Test worker] o.s.beans.CachedIntrospectionResults     : Found bean property 'interceptors' of type [java.util.List]
2016-04-27 17:58:13.564 DEBUG 37359 --- [    Test worker] o.s.b.f.s.DefaultListableBeanFactory     : Returning cached instance of singleton bean 'entityManagerFactory'
2016-04-27 17:58:13.564 DEBUG 37359 --- [    Test worker] o.s.b.f.s.DefaultListableBeanFactory     : Returning cached instance of singleton bean 'org.springframework.transaction.config.internalTransactionAdvisor'
2016-04-27 17:58:13.564 DEBUG 37359 --- [    Test worker] o.s.b.f.s.DefaultListableBeanFactory     : Returning cached instance of singleton bean 'org.springframework.transaction.config.internalTransactionAdvisor'
2016-04-27 17:58:13.565 DEBUG 37359 --- [    Test worker] o.s.b.f.s.DefaultListableBeanFactory     : Finished creating instance of bean 'jpaHelper'
2016-04-27 17:58:13.565 DEBUG 37359 --- [    Test worker] o.s.b.f.s.DefaultListableBeanFactory     : Returning cached instance of singleton bean 'metadataConfiguration'
2016-04-27 17:58:13.565 DEBUG 37359 --- [    Test worker] o.s.b.f.s.DefaultListableBeanFactory     : Creating shared instance of singleton bean 'baseUri'
2016-04-27 17:58:13.565 DEBUG 37359 --- [    Test worker] o.s.b.f.s.DefaultListableBeanFactory     : Creating instance of bean 'baseUri'
2016-04-27 17:58:13.565 DEBUG 37359 --- [    Test worker] o.s.b.f.s.DefaultListableBeanFactory     : Returning cached instance of singleton bean 'org.springframework.transaction.config.internalTransactionAdvisor'
2016-04-27 17:58:13.565 DEBUG 37359 --- [    Test worker] o.s.b.f.s.DefaultListableBeanFactory     : Returning cached instance of singleton bean 'org.springframework.boot.autoconfigure.data.rest.SpringBootRepositoryRestMvcConfiguration'
2016-04-27 17:58:13.566 DEBUG 37359 --- [    Test worker] o.s.b.f.s.DefaultListableBeanFactory     : Returning cached instance of singleton bean 'config'
2016-04-27 17:58:13.566 DEBUG 37359 --- [    Test worker] o.s.b.f.s.DefaultListableBeanFactory     : Eagerly caching bean 'baseUri' to allow for resolving potential circular references
2016-04-27 17:58:13.566 TRACE 37359 --- [    Test worker] o.s.beans.CachedIntrospectionResults     : Getting BeanInfo for class [org.springframework.data.rest.webmvc.BaseUri]
2016-04-27 17:58:13.567 TRACE 37359 --- [    Test worker] o.s.beans.CachedIntrospectionResults     : Caching PropertyDescriptors for class [org.springframework.data.rest.webmvc.BaseUri]
2016-04-27 17:58:13.567 TRACE 37359 --- [    Test worker] o.s.beans.CachedIntrospectionResults     : Found bean property 'class' of type [java.lang.Class]
2016-04-27 17:58:13.567 TRACE 37359 --- [    Test worker] o.s.beans.CachedIntrospectionResults     : Found bean property 'uri' of type [java.net.URI]
2016-04-27 17:58:13.567 TRACE 37359 --- [    Test worker] o.s.beans.CachedIntrospectionResults     : Found bean property 'uriComponentsBuilder' of type [org.springframework.web.util.UriComponentsBuilder]
2016-04-27 17:58:13.567 DEBUG 37359 --- [    Test worker] o.s.b.f.s.DefaultListableBeanFactory     : Returning cached instance of singleton bean 'org.springframework.transaction.config.internalTransactionAdvisor'
2016-04-27 17:58:13.567 DEBUG 37359 --- [    Test worker] o.s.b.f.s.DefaultListableBeanFactory     : Returning cached instance of singleton bean 'org.springframework.transaction.config.internalTransactionAdvisor'
2016-04-27 17:58:13.567 DEBUG 37359 --- [    Test worker] o.s.b.f.s.DefaultListableBeanFactory     : Finished creating instance of bean 'baseUri'
2016-04-27 17:58:13.567 DEBUG 37359 --- [    Test worker] o.s.b.f.s.DefaultListableBeanFactory     : Returning cached instance of singleton bean 'annotatedEventHandlerInvoker'
2016-04-27 17:58:13.567 DEBUG 37359 --- [    Test worker] o.s.b.f.s.DefaultListableBeanFactory     : Creating shared instance of singleton bean 'domainObjectMerger'
2016-04-27 17:58:13.567 DEBUG 37359 --- [    Test worker] o.s.b.f.s.DefaultListableBeanFactory     : Creating instance of bean 'domainObjectMerger'
2016-04-27 17:58:13.567 DEBUG 37359 --- [    Test worker] o.s.b.f.s.DefaultListableBeanFactory     : Returning cached instance of singleton bean 'org.springframework.transaction.config.internalTransactionAdvisor'
2016-04-27 17:58:13.568 DEBUG 37359 --- [    Test worker] o.s.b.f.s.DefaultListableBeanFactory     : Returning cached instance of singleton bean 'org.springframework.boot.autoconfigure.data.rest.SpringBootRepositoryRestMvcConfiguration'
2016-04-27 17:58:13.568 DEBUG 37359 --- [    Test worker] o.s.b.f.s.DefaultListableBeanFactory     : Returning cached instance of singleton bean 'repositories'
2016-04-27 17:58:13.568 DEBUG 37359 --- [    Test worker] o.s.b.f.s.DefaultListableBeanFactory     : Returning cached instance of singleton bean 'defaultConversionService'
2016-04-27 17:58:13.569 DEBUG 37359 --- [    Test worker] o.s.b.f.s.DefaultListableBeanFactory     : Eagerly caching bean 'domainObjectMerger' to allow for resolving potential circular references
2016-04-27 17:58:13.569 TRACE 37359 --- [    Test worker] o.s.beans.CachedIntrospectionResults     : Getting BeanInfo for class [org.springframework.data.rest.core.support.DomainObjectMerger]
2016-04-27 17:58:13.570 TRACE 37359 --- [    Test worker] o.s.beans.CachedIntrospectionResults     : Caching PropertyDescriptors for class [org.springframework.data.rest.core.support.DomainObjectMerger]
2016-04-27 17:58:13.570 TRACE 37359 --- [    Test worker] o.s.beans.CachedIntrospectionResults     : Found bean property 'class' of type [java.lang.Class]
2016-04-27 17:58:13.570 DEBUG 37359 --- [    Test worker] o.s.b.f.s.DefaultListableBeanFactory     : Returning cached instance of singleton bean 'org.springframework.transaction.config.internalTransactionAdvisor'
2016-04-27 17:58:13.570 DEBUG 37359 --- [    Test worker] o.s.b.f.s.DefaultListableBeanFactory     : Returning cached instance of singleton bean 'org.springframework.transaction.config.internalTransactionAdvisor'
2016-04-27 17:58:13.570 DEBUG 37359 --- [    Test worker] o.s.b.f.s.DefaultListableBeanFactory     : Finished creating instance of bean 'domainObjectMerger'
2016-04-27 17:58:13.570 DEBUG 37359 --- [    Test worker] o.s.b.f.s.DefaultListableBeanFactory     : Creating shared instance of singleton bean 'serverHttpRequestMethodArgumentResolver'
2016-04-27 17:58:13.570 DEBUG 37359 --- [    Test worker] o.s.b.f.s.DefaultListableBeanFactory     : Creating instance of bean 'serverHttpRequestMethodArgumentResolver'
2016-04-27 17:58:13.570 DEBUG 37359 --- [    Test worker] o.s.b.f.s.DefaultListableBeanFactory     : Returning cached instance of singleton bean 'org.springframework.transaction.config.internalTransactionAdvisor'
2016-04-27 17:58:13.570 DEBUG 37359 --- [    Test worker] o.s.b.f.s.DefaultListableBeanFactory     : Returning cached instance of singleton bean 'org.springframework.boot.autoconfigure.data.rest.SpringBootRepositoryRestMvcConfiguration'
2016-04-27 17:58:13.571 DEBUG 37359 --- [    Test worker] o.s.b.f.s.DefaultListableBeanFactory     : Eagerly caching bean 'serverHttpRequestMethodArgumentResolver' to allow for resolving potential circular references
2016-04-27 17:58:13.571 TRACE 37359 --- [    Test worker] o.s.beans.CachedIntrospectionResults     : Getting BeanInfo for class [org.springframework.data.rest.webmvc.ServerHttpRequestMethodArgumentResolver]
2016-04-27 17:58:13.572 TRACE 37359 --- [    Test worker] o.s.beans.CachedIntrospectionResults     : Caching PropertyDescriptors for class [org.springframework.data.rest.webmvc.ServerHttpRequestMethodArgumentResolver]
2016-04-27 17:58:13.572 TRACE 37359 --- [    Test worker] o.s.beans.CachedIntrospectionResults     : Found bean property 'class' of type [java.lang.Class]
2016-04-27 17:58:13.572 DEBUG 37359 --- [    Test worker] o.s.b.f.s.DefaultListableBeanFactory     : Returning cached instance of singleton bean 'org.springframework.transaction.config.internalTransactionAdvisor'
2016-04-27 17:58:13.572 DEBUG 37359 --- [    Test worker] o.s.b.f.s.DefaultListableBeanFactory     : Returning cached instance of singleton bean 'org.springframework.transaction.config.internalTransactionAdvisor'
2016-04-27 17:58:13.573 DEBUG 37359 --- [    Test worker] o.s.b.f.s.DefaultListableBeanFactory     : Finished creating instance of bean 'serverHttpRequestMethodArgumentResolver'
2016-04-27 17:58:13.573 DEBUG 37359 --- [    Test worker] o.s.b.f.s.DefaultListableBeanFactory     : Creating shared instance of singleton bean 'repoRequestArgumentResolver'
2016-04-27 17:58:13.573 DEBUG 37359 --- [    Test worker] o.s.b.f.s.DefaultListableBeanFactory     : Creating instance of bean 'repoRequestArgumentResolver'
2016-04-27 17:58:13.573 DEBUG 37359 --- [    Test worker] o.s.b.f.s.DefaultListableBeanFactory     : Returning cached instance of singleton bean 'org.springframework.transaction.config.internalTransactionAdvisor'
2016-04-27 17:58:13.573 DEBUG 37359 --- [    Test worker] o.s.b.f.s.DefaultListableBeanFactory     : Returning cached instance of singleton bean 'org.springframework.boot.autoconfigure.data.rest.SpringBootRepositoryRestMvcConfiguration'
2016-04-27 17:58:13.573 DEBUG 37359 --- [    Test worker] o.s.b.f.s.DefaultListableBeanFactory     : Returning cached instance of singleton bean 'repositories'
2016-04-27 17:58:13.573 DEBUG 37359 --- [    Test worker] o.s.b.f.s.DefaultListableBeanFactory     : Creating shared instance of singleton bean 'repositoryInvokerFactory'
2016-04-27 17:58:13.574 DEBUG 37359 --- [    Test worker] o.s.b.f.s.DefaultListableBeanFactory     : Creating instance of bean 'repositoryInvokerFactory'
2016-04-27 17:58:13.574 DEBUG 37359 --- [    Test worker] o.s.b.f.s.DefaultListableBeanFactory     : Returning cached instance of singleton bean 'org.springframework.transaction.config.internalTransactionAdvisor'
2016-04-27 17:58:13.574 DEBUG 37359 --- [    Test worker] o.s.b.f.s.DefaultListableBeanFactory     : Returning cached instance of singleton bean 'org.springframework.boot.autoconfigure.data.rest.SpringBootRepositoryRestMvcConfiguration'
2016-04-27 17:58:13.575 DEBUG 37359 --- [    Test worker] o.s.b.f.s.DefaultListableBeanFactory     : Returning cached instance of singleton bean 'repositories'
2016-04-27 17:58:13.575 DEBUG 37359 --- [    Test worker] o.s.b.f.s.DefaultListableBeanFactory     : Returning cached instance of singleton bean 'defaultConversionService'
2016-04-27 17:58:13.575 DEBUG 37359 --- [    Test worker] o.s.b.f.s.DefaultListableBeanFactory     : Eagerly caching bean 'repositoryInvokerFactory' to allow for resolving potential circular references
2016-04-27 17:58:13.575 TRACE 37359 --- [    Test worker] o.s.beans.CachedIntrospectionResults     : Getting BeanInfo for class [org.springframework.data.rest.core.support.UnwrappingRepositoryInvokerFactory]
2016-04-27 17:58:13.576 TRACE 37359 --- [    Test worker] o.s.beans.CachedIntrospectionResults     : Caching PropertyDescriptors for class [org.springframework.data.rest.core.support.UnwrappingRepositoryInvokerFactory]
2016-04-27 17:58:13.576 TRACE 37359 --- [    Test worker] o.s.beans.CachedIntrospectionResults     : Found bean property 'class' of type [java.lang.Class]
2016-04-27 17:58:13.577 DEBUG 37359 --- [    Test worker] o.s.b.f.s.DefaultListableBeanFactory     : Returning cached instance of singleton bean 'org.springframework.transaction.config.internalTransactionAdvisor'
2016-04-27 17:58:13.577 DEBUG 37359 --- [    Test worker] o.s.b.f.s.DefaultListableBeanFactory     : Returning cached instance of singleton bean 'org.springframework.transaction.config.internalTransactionAdvisor'
2016-04-27 17:58:13.577 DEBUG 37359 --- [    Test worker] o.s.b.f.s.DefaultListableBeanFactory     : Finished creating instance of bean 'repositoryInvokerFactory'
2016-04-27 17:58:13.577 DEBUG 37359 --- [    Test worker] o.s.b.f.s.DefaultListableBeanFactory     : Creating shared instance of singleton bean 'resourceMetadataHandlerMethodArgumentResolver'
2016-04-27 17:58:13.577 DEBUG 37359 --- [    Test worker] o.s.b.f.s.DefaultListableBeanFactory     : Creating instance of bean 'resourceMetadataHandlerMethodArgumentResolver'
2016-04-27 17:58:13.577 DEBUG 37359 --- [    Test worker] o.s.b.f.s.DefaultListableBeanFactory     : Returning cached instance of singleton bean 'org.springframework.transaction.config.internalTransactionAdvisor'
2016-04-27 17:58:13.577 DEBUG 37359 --- [    Test worker] o.s.b.f.s.DefaultListableBeanFactory     : Returning cached instance of singleton bean 'org.springframework.boot.autoconfigure.data.rest.SpringBootRepositoryRestMvcConfiguration'
2016-04-27 17:58:13.578 DEBUG 37359 --- [    Test worker] o.s.b.f.s.DefaultListableBeanFactory     : Returning cached instance of singleton bean 'repositories'
2016-04-27 17:58:13.578 DEBUG 37359 --- [    Test worker] o.s.b.f.s.DefaultListableBeanFactory     : Returning cached instance of singleton bean 'resourceMappings'
2016-04-27 17:58:13.578 DEBUG 37359 --- [    Test worker] o.s.b.f.s.DefaultListableBeanFactory     : Returning cached instance of singleton bean 'baseUri'
2016-04-27 17:58:13.578 DEBUG 37359 --- [    Test worker] o.s.b.f.s.DefaultListableBeanFactory     : Eagerly caching bean 'resourceMetadataHandlerMethodArgumentResolver' to allow for resolving potential circular references
2016-04-27 17:58:13.578 TRACE 37359 --- [    Test worker] o.s.beans.CachedIntrospectionResults     : Getting BeanInfo for class [org.springframework.data.rest.webmvc.config.ResourceMetadataHandlerMethodArgumentResolver]
2016-04-27 17:58:13.579 TRACE 37359 --- [    Test worker] o.s.beans.CachedIntrospectionResults     : Caching PropertyDescriptors for class [org.springframework.data.rest.webmvc.config.ResourceMetadataHandlerMethodArgumentResolver]
2016-04-27 17:58:13.579 TRACE 37359 --- [    Test worker] o.s.beans.CachedIntrospectionResults     : Found bean property 'class' of type [java.lang.Class]
2016-04-27 17:58:13.580 DEBUG 37359 --- [    Test worker] o.s.b.f.s.DefaultListableBeanFactory     : Returning cached instance of singleton bean 'org.springframework.transaction.config.internalTransactionAdvisor'
2016-04-27 17:58:13.580 DEBUG 37359 --- [    Test worker] o.s.b.f.s.DefaultListableBeanFactory     : Returning cached instance of singleton bean 'org.springframework.transaction.config.internalTransactionAdvisor'
2016-04-27 17:58:13.580 DEBUG 37359 --- [    Test worker] o.s.b.f.s.DefaultListableBeanFactory     : Finished creating instance of bean 'resourceMetadataHandlerMethodArgumentResolver'
2016-04-27 17:58:13.580 DEBUG 37359 --- [    Test worker] o.s.b.f.s.DefaultListableBeanFactory     : Eagerly caching bean 'repoRequestArgumentResolver' to allow for resolving potential circular references
2016-04-27 17:58:13.580 TRACE 37359 --- [    Test worker] o.s.beans.CachedIntrospectionResults     : Getting BeanInfo for class [org.springframework.data.rest.webmvc.config.RootResourceInformationHandlerMethodArgumentResolver]
2016-04-27 17:58:13.582 TRACE 37359 --- [    Test worker] o.s.beans.CachedIntrospectionResults     : Caching PropertyDescriptors for class [org.springframework.data.rest.webmvc.config.RootResourceInformationHandlerMethodArgumentResolver]
2016-04-27 17:58:13.582 TRACE 37359 --- [    Test worker] o.s.beans.CachedIntrospectionResults     : Found bean property 'class' of type [java.lang.Class]
2016-04-27 17:58:13.582 DEBUG 37359 --- [    Test worker] o.s.b.f.s.DefaultListableBeanFactory     : Returning cached instance of singleton bean 'org.springframework.transaction.config.internalTransactionAdvisor'
2016-04-27 17:58:13.582 DEBUG 37359 --- [    Test worker] o.s.b.f.s.DefaultListableBeanFactory     : Returning cached instance of singleton bean 'org.springframework.transaction.config.internalTransactionAdvisor'
2016-04-27 17:58:13.582 DEBUG 37359 --- [    Test worker] o.s.b.f.s.DefaultListableBeanFactory     : Finished creating instance of bean 'repoRequestArgumentResolver'
2016-04-27 17:58:13.582 DEBUG 37359 --- [    Test worker] o.s.b.f.s.DefaultListableBeanFactory     : Returning cached instance of singleton bean 'resourceMetadataHandlerMethodArgumentResolver'
2016-04-27 17:58:13.582 DEBUG 37359 --- [    Test worker] o.s.b.f.s.DefaultListableBeanFactory     : Creating shared instance of singleton bean 'backendIdHandlerMethodArgumentResolver'
2016-04-27 17:58:13.582 DEBUG 37359 --- [    Test worker] o.s.b.f.s.DefaultListableBeanFactory     : Creating instance of bean 'backendIdHandlerMethodArgumentResolver'
2016-04-27 17:58:13.582 DEBUG 37359 --- [    Test worker] o.s.b.f.s.DefaultListableBeanFactory     : Returning cached instance of singleton bean 'org.springframework.transaction.config.internalTransactionAdvisor'
2016-04-27 17:58:13.582 DEBUG 37359 --- [    Test worker] o.s.b.f.s.DefaultListableBeanFactory     : Returning cached instance of singleton bean 'org.springframework.boot.autoconfigure.data.rest.SpringBootRepositoryRestMvcConfiguration'
2016-04-27 17:58:13.583 DEBUG 37359 --- [    Test worker] o.s.b.f.s.DefaultListableBeanFactory     : Returning cached instance of singleton bean 'backendIdConverterRegistry'
2016-04-27 17:58:13.583 DEBUG 37359 --- [    Test worker] o.s.b.f.s.DefaultListableBeanFactory     : Returning cached instance of singleton bean 'resourceMetadataHandlerMethodArgumentResolver'
2016-04-27 17:58:13.583 DEBUG 37359 --- [    Test worker] o.s.b.f.s.DefaultListableBeanFactory     : Returning cached instance of singleton bean 'baseUri'
2016-04-27 17:58:13.583 DEBUG 37359 --- [    Test worker] o.s.b.f.s.DefaultListableBeanFactory     : Eagerly caching bean 'backendIdHandlerMethodArgumentResolver' to allow for resolving potential circular references
2016-04-27 17:58:13.583 TRACE 37359 --- [    Test worker] o.s.beans.CachedIntrospectionResults     : Getting BeanInfo for class [org.springframework.data.rest.webmvc.support.BackendIdHandlerMethodArgumentResolver]
2016-04-27 17:58:13.584 TRACE 37359 --- [    Test worker] o.s.beans.CachedIntrospectionResults     : Caching PropertyDescriptors for class [org.springframework.data.rest.webmvc.support.BackendIdHandlerMethodArgumentResolver]
2016-04-27 17:58:13.585 TRACE 37359 --- [    Test worker] o.s.beans.CachedIntrospectionResults     : Found bean property 'class' of type [java.lang.Class]
2016-04-27 17:58:13.585 DEBUG 37359 --- [    Test worker] o.s.b.f.s.DefaultListableBeanFactory     : Returning cached instance of singleton bean 'org.springframework.transaction.config.internalTransactionAdvisor'
2016-04-27 17:58:13.585 DEBUG 37359 --- [    Test worker] o.s.b.f.s.DefaultListableBeanFactory     : Returning cached instance of singleton bean 'org.springframework.transaction.config.internalTransactionAdvisor'
2016-04-27 17:58:13.585 DEBUG 37359 --- [    Test worker] o.s.b.f.s.DefaultListableBeanFactory     : Finished creating instance of bean 'backendIdHandlerMethodArgumentResolver'
2016-04-27 17:58:13.585 DEBUG 37359 --- [    Test worker] o.s.b.f.s.DefaultListableBeanFactory     : Creating shared instance of singleton bean 'eTagArgumentResolver'
2016-04-27 17:58:13.585 DEBUG 37359 --- [    Test worker] o.s.b.f.s.DefaultListableBeanFactory     : Creating instance of bean 'eTagArgumentResolver'
2016-04-27 17:58:13.585 DEBUG 37359 --- [    Test worker] o.s.b.f.s.DefaultListableBeanFactory     : Returning cached instance of singleton bean 'org.springframework.transaction.config.internalTransactionAdvisor'
2016-04-27 17:58:13.585 DEBUG 37359 --- [    Test worker] o.s.b.f.s.DefaultListableBeanFactory     : Returning cached instance of singleton bean 'org.springframework.boot.autoconfigure.data.rest.SpringBootRepositoryRestMvcConfiguration'
2016-04-27 17:58:13.586 DEBUG 37359 --- [    Test worker] o.s.b.f.s.DefaultListableBeanFactory     : Eagerly caching bean 'eTagArgumentResolver' to allow for resolving potential circular references
2016-04-27 17:58:13.586 TRACE 37359 --- [    Test worker] o.s.beans.CachedIntrospectionResults     : Getting BeanInfo for class [org.springframework.data.rest.webmvc.support.ETagArgumentResolver]
2016-04-27 17:58:13.587 TRACE 37359 --- [    Test worker] o.s.beans.CachedIntrospectionResults     : Caching PropertyDescriptors for class [org.springframework.data.rest.webmvc.support.ETagArgumentResolver]
2016-04-27 17:58:13.587 TRACE 37359 --- [    Test worker] o.s.beans.CachedIntrospectionResults     : Found bean property 'class' of type [java.lang.Class]
2016-04-27 17:58:13.587 DEBUG 37359 --- [    Test worker] o.s.b.f.s.DefaultListableBeanFactory     : Returning cached instance of singleton bean 'org.springframework.transaction.config.internalTransactionAdvisor'
2016-04-27 17:58:13.587 DEBUG 37359 --- [    Test worker] o.s.b.f.s.DefaultListableBeanFactory     : Returning cached instance of singleton bean 'org.springframework.transaction.config.internalTransactionAdvisor'
2016-04-27 17:58:13.588 DEBUG 37359 --- [    Test worker] o.s.b.f.s.DefaultListableBeanFactory     : Finished creating instance of bean 'eTagArgumentResolver'
2016-04-27 17:58:13.588 DEBUG 37359 --- [    Test worker] o.s.b.f.s.DefaultListableBeanFactory     : Returning cached instance of singleton bean 'entityLinks'
2016-04-27 17:58:13.588 DEBUG 37359 --- [    Test worker] o.s.b.f.s.DefaultListableBeanFactory     : Creating shared instance of singleton bean 'persistentEntityArgumentResolver'
2016-04-27 17:58:13.588 DEBUG 37359 --- [    Test worker] o.s.b.f.s.DefaultListableBeanFactory     : Creating instance of bean 'persistentEntityArgumentResolver'
2016-04-27 17:58:13.588 DEBUG 37359 --- [    Test worker] o.s.b.f.s.DefaultListableBeanFactory     : Returning cached instance of singleton bean 'org.springframework.transaction.config.internalTransactionAdvisor'
2016-04-27 17:58:13.588 DEBUG 37359 --- [    Test worker] o.s.b.f.s.DefaultListableBeanFactory     : Returning cached instance of singleton bean 'org.springframework.boot.autoconfigure.data.rest.SpringBootRepositoryRestMvcConfiguration'
2016-04-27 17:58:13.589 DEBUG 37359 --- [    Test worker] o.s.b.f.s.DefaultListableBeanFactory     : Creating shared instance of singleton bean 'defaultMessageConverters'
2016-04-27 17:58:13.589 DEBUG 37359 --- [    Test worker] o.s.b.f.s.DefaultListableBeanFactory     : Creating instance of bean 'defaultMessageConverters'
2016-04-27 17:58:13.589 DEBUG 37359 --- [    Test worker] o.s.b.f.s.DefaultListableBeanFactory     : Returning cached instance of singleton bean 'org.springframework.transaction.config.internalTransactionAdvisor'
2016-04-27 17:58:13.589 DEBUG 37359 --- [    Test worker] o.s.b.f.s.DefaultListableBeanFactory     : Returning cached instance of singleton bean 'org.springframework.boot.autoconfigure.data.rest.SpringBootRepositoryRestMvcConfiguration'
2016-04-27 17:58:13.589 DEBUG 37359 --- [    Test worker] o.s.b.f.s.DefaultListableBeanFactory     : Returning cached instance of singleton bean 'config'
2016-04-27 17:58:13.590 DEBUG 37359 --- [    Test worker] o.s.b.f.s.DefaultListableBeanFactory     : Returning cached instance of singleton bean 'alpsJsonHttpMessageConverter'
2016-04-27 17:58:13.590 DEBUG 37359 --- [    Test worker] o.s.b.f.s.DefaultListableBeanFactory     : Returning cached instance of singleton bean 'config'
2016-04-27 17:58:13.590 DEBUG 37359 --- [    Test worker] o.s.b.f.s.DefaultListableBeanFactory     : Returning cached instance of singleton bean 'halJacksonHttpMessageConverter'
2016-04-27 17:58:13.590 DEBUG 37359 --- [    Test worker] o.s.b.f.s.DefaultListableBeanFactory     : Returning cached instance of singleton bean 'jacksonHttpMessageConverter'
2016-04-27 17:58:13.592 DEBUG 37359 --- [    Test worker] o.s.b.f.s.DefaultListableBeanFactory     : Returning cached instance of singleton bean 'config'
2016-04-27 17:58:13.593 DEBUG 37359 --- [    Test worker] o.s.b.f.s.DefaultListableBeanFactory     : Returning cached instance of singleton bean 'uriListHttpMessageConverter'
2016-04-27 17:58:13.594 DEBUG 37359 --- [    Test worker] o.s.b.f.s.DefaultListableBeanFactory     : Eagerly caching bean 'defaultMessageConverters' to allow for resolving potential circular references
2016-04-27 17:58:13.594 TRACE 37359 --- [    Test worker] o.s.beans.CachedIntrospectionResults     : Getting BeanInfo for class [java.util.ArrayList]
2016-04-27 17:58:13.597 TRACE 37359 --- [    Test worker] o.s.beans.CachedIntrospectionResults     : Caching PropertyDescriptors for class [java.util.ArrayList]
2016-04-27 17:58:13.597 TRACE 37359 --- [    Test worker] o.s.beans.CachedIntrospectionResults     : Found bean property 'class' of type [java.lang.Class]
2016-04-27 17:58:13.598 TRACE 37359 --- [    Test worker] o.s.beans.CachedIntrospectionResults     : Found bean property 'empty' of type [boolean]
2016-04-27 17:58:13.598 DEBUG 37359 --- [    Test worker] o.s.b.f.s.DefaultListableBeanFactory     : Returning cached instance of singleton bean 'org.springframework.transaction.config.internalTransactionAdvisor'
2016-04-27 17:58:13.598 DEBUG 37359 --- [    Test worker] o.s.b.f.s.DefaultListableBeanFactory     : Returning cached instance of singleton bean 'org.springframework.transaction.config.internalTransactionAdvisor'
2016-04-27 17:58:13.599 DEBUG 37359 --- [    Test worker] o.s.b.f.s.DefaultListableBeanFactory     : Finished creating instance of bean 'defaultMessageConverters'
2016-04-27 17:58:13.599 DEBUG 37359 --- [    Test worker] o.s.b.f.s.DefaultListableBeanFactory     : Returning cached instance of singleton bean 'repoRequestArgumentResolver'
2016-04-27 17:58:13.599 DEBUG 37359 --- [    Test worker] o.s.b.f.s.DefaultListableBeanFactory     : Returning cached instance of singleton bean 'backendIdHandlerMethodArgumentResolver'
2016-04-27 17:58:13.599 DEBUG 37359 --- [    Test worker] o.s.b.f.s.DefaultListableBeanFactory     : Returning cached instance of singleton bean 'persistentEntities'
2016-04-27 17:58:13.600 DEBUG 37359 --- [    Test worker] o.s.b.f.s.DefaultListableBeanFactory     : Returning cached instance of singleton bean 'resourceMappings'
2016-04-27 17:58:13.600 DEBUG 37359 --- [    Test worker] o.s.b.f.s.DefaultListableBeanFactory     : Eagerly caching bean 'persistentEntityArgumentResolver' to allow for resolving potential circular references
2016-04-27 17:58:13.600 TRACE 37359 --- [    Test worker] o.s.beans.CachedIntrospectionResults     : Getting BeanInfo for class [org.springframework.data.rest.webmvc.config.PersistentEntityResourceHandlerMethodArgumentResolver]
2016-04-27 17:58:13.601 TRACE 37359 --- [    Test worker] o.s.beans.CachedIntrospectionResults     : Caching PropertyDescriptors for class [org.springframework.data.rest.webmvc.config.PersistentEntityResourceHandlerMethodArgumentResolver]
2016-04-27 17:58:13.601 TRACE 37359 --- [    Test worker] o.s.beans.CachedIntrospectionResults     : Found bean property 'class' of type [java.lang.Class]
2016-04-27 17:58:13.602 DEBUG 37359 --- [    Test worker] o.s.b.f.s.DefaultListableBeanFactory     : Returning cached instance of singleton bean 'org.springframework.transaction.config.internalTransactionAdvisor'
2016-04-27 17:58:13.602 DEBUG 37359 --- [    Test worker] o.s.b.f.s.DefaultListableBeanFactory     : Returning cached instance of singleton bean 'org.springframework.transaction.config.internalTransactionAdvisor'
2016-04-27 17:58:13.602 DEBUG 37359 --- [    Test worker] o.s.b.f.s.DefaultListableBeanFactory     : Finished creating instance of bean 'persistentEntityArgumentResolver'
2016-04-27 17:58:13.602 DEBUG 37359 --- [    Test worker] o.s.b.f.s.DefaultListableBeanFactory     : Returning cached instance of singleton bean 'jsonSchemaConverter'
2016-04-27 17:58:13.602 DEBUG 37359 --- [    Test worker] o.s.b.f.s.DefaultListableBeanFactory     : Returning cached instance of singleton bean 'resourceDescriptionMessageSourceAccessor'
2016-04-27 17:58:13.602 DEBUG 37359 --- [    Test worker] o.s.b.f.s.DefaultListableBeanFactory     : Returning cached instance of singleton bean 'objectMapper'
2016-04-27 17:58:13.602 DEBUG 37359 --- [    Test worker] o.s.b.f.s.DefaultListableBeanFactory     : Returning cached instance of singleton bean 'jacksonHttpMessageConverter'
2016-04-27 17:58:13.602 DEBUG 37359 --- [    Test worker] o.s.b.f.s.DefaultListableBeanFactory     : Returning cached instance of singleton bean 'halJacksonHttpMessageConverter'
2016-04-27 17:58:13.602 DEBUG 37359 --- [    Test worker] o.s.b.f.s.DefaultListableBeanFactory     : Returning cached instance of singleton bean 'halObjectMapper'
2016-04-27 17:58:13.602 DEBUG 37359 --- [    Test worker] o.s.b.f.s.DefaultListableBeanFactory     : Returning cached instance of singleton bean 'uriListHttpMessageConverter'
2016-04-27 17:58:13.602 DEBUG 37359 --- [    Test worker] o.s.b.f.s.DefaultListableBeanFactory     : Creating shared instance of singleton bean 'repositoryExporterHandlerAdapter'
2016-04-27 17:58:13.602 DEBUG 37359 --- [    Test worker] o.s.b.f.s.DefaultListableBeanFactory     : Creating instance of bean 'repositoryExporterHandlerAdapter'
2016-04-27 17:58:13.602 DEBUG 37359 --- [    Test worker] o.s.b.f.s.DefaultListableBeanFactory     : Returning cached instance of singleton bean 'org.springframework.transaction.config.internalTransactionAdvisor'
2016-04-27 17:58:13.602 DEBUG 37359 --- [    Test worker] o.s.b.f.s.DefaultListableBeanFactory     : Returning cached instance of singleton bean 'org.springframework.boot.autoconfigure.data.rest.SpringBootRepositoryRestMvcConfiguration'
2016-04-27 17:58:13.603 DEBUG 37359 --- [    Test worker] o.s.b.f.s.DefaultListableBeanFactory     : Creating shared instance of singleton bean 'profileResourceProcessor'
2016-04-27 17:58:13.603 DEBUG 37359 --- [    Test worker] o.s.b.f.s.DefaultListableBeanFactory     : Creating instance of bean 'profileResourceProcessor'
2016-04-27 17:58:13.603 DEBUG 37359 --- [    Test worker] o.s.b.f.s.DefaultListableBeanFactory     : Returning cached instance of singleton bean 'org.springframework.transaction.config.internalTransactionAdvisor'
2016-04-27 17:58:13.603 DEBUG 37359 --- [    Test worker] o.s.b.f.s.DefaultListableBeanFactory     : Returning cached instance of singleton bean 'org.springframework.boot.autoconfigure.data.rest.SpringBootRepositoryRestMvcConfiguration'
2016-04-27 17:58:13.603 DEBUG 37359 --- [    Test worker] o.s.b.f.s.DefaultListableBeanFactory     : Returning cached instance of singleton bean 'config'
2016-04-27 17:58:13.603 DEBUG 37359 --- [    Test worker] o.s.b.f.s.DefaultListableBeanFactory     : Autowiring by type from bean name 'profileResourceProcessor' via factory method to bean named 'config'
2016-04-27 17:58:13.604 DEBUG 37359 --- [    Test worker] o.s.b.f.s.DefaultListableBeanFactory     : Eagerly caching bean 'profileResourceProcessor' to allow for resolving potential circular references
2016-04-27 17:58:13.604 TRACE 37359 --- [    Test worker] o.s.beans.CachedIntrospectionResults     : Getting BeanInfo for class [org.springframework.data.rest.webmvc.ProfileResourceProcessor]
2016-04-27 17:58:13.605 TRACE 37359 --- [    Test worker] o.s.beans.CachedIntrospectionResults     : Caching PropertyDescriptors for class [org.springframework.data.rest.webmvc.ProfileResourceProcessor]
2016-04-27 17:58:13.605 TRACE 37359 --- [    Test worker] o.s.beans.CachedIntrospectionResults     : Found bean property 'class' of type [java.lang.Class]
2016-04-27 17:58:13.605 DEBUG 37359 --- [    Test worker] o.s.b.f.s.DefaultListableBeanFactory     : Returning cached instance of singleton bean 'org.springframework.transaction.config.internalTransactionAdvisor'
2016-04-27 17:58:13.605 DEBUG 37359 --- [    Test worker] o.s.b.f.s.DefaultListableBeanFactory     : Returning cached instance of singleton bean 'org.springframework.transaction.config.internalTransactionAdvisor'
2016-04-27 17:58:13.605 DEBUG 37359 --- [    Test worker] o.s.b.f.s.DefaultListableBeanFactory     : Finished creating instance of bean 'profileResourceProcessor'
2016-04-27 17:58:13.605 DEBUG 37359 --- [    Test worker] o.s.b.f.s.DefaultListableBeanFactory     : Returning cached instance of singleton bean 'defaultConversionService'
2016-04-27 17:58:13.606 DEBUG 37359 --- [    Test worker] o.s.b.f.s.DefaultListableBeanFactory     : Returning cached instance of singleton bean 'persistentEntities'
2016-04-27 17:58:13.606 DEBUG 37359 --- [    Test worker] o.s.b.f.s.DefaultListableBeanFactory     : Returning cached instance of singleton bean 'entityLinks'
2016-04-27 17:58:13.606 DEBUG 37359 --- [    Test worker] o.s.b.f.s.DefaultListableBeanFactory     : Returning cached instance of singleton bean 'config'
2016-04-27 17:58:13.606 DEBUG 37359 --- [    Test worker] o.s.b.f.s.DefaultListableBeanFactory     : Returning cached instance of singleton bean 'resourceMappings'
2016-04-27 17:58:13.606 DEBUG 37359 --- [    Test worker] o.s.b.f.s.DefaultListableBeanFactory     : Returning cached instance of singleton bean 'pageableResolver'
2016-04-27 17:58:13.607 DEBUG 37359 --- [    Test worker] o.s.b.f.s.DefaultListableBeanFactory     : Returning cached instance of singleton bean 'sortResolver'
2016-04-27 17:58:13.607 DEBUG 37359 --- [    Test worker] o.s.b.f.s.DefaultListableBeanFactory     : Returning cached instance of singleton bean 'serverHttpRequestMethodArgumentResolver'
2016-04-27 17:58:13.607 DEBUG 37359 --- [    Test worker] o.s.b.f.s.DefaultListableBeanFactory     : Returning cached instance of singleton bean 'repoRequestArgumentResolver'
2016-04-27 17:58:13.607 DEBUG 37359 --- [    Test worker] o.s.b.f.s.DefaultListableBeanFactory     : Returning cached instance of singleton bean 'persistentEntityArgumentResolver'
2016-04-27 17:58:13.607 DEBUG 37359 --- [    Test worker] o.s.b.f.s.DefaultListableBeanFactory     : Returning cached instance of singleton bean 'resourceMetadataHandlerMethodArgumentResolver'
2016-04-27 17:58:13.607 DEBUG 37359 --- [    Test worker] o.s.b.f.s.DefaultListableBeanFactory     : Returning cached instance of singleton bean 'backendIdHandlerMethodArgumentResolver'
2016-04-27 17:58:13.607 DEBUG 37359 --- [    Test worker] o.s.b.f.s.DefaultListableBeanFactory     : Returning cached instance of singleton bean 'eTagArgumentResolver'
2016-04-27 17:58:13.611 DEBUG 37359 --- [    Test worker] o.s.b.f.s.DefaultListableBeanFactory     : Returning cached instance of singleton bean 'defaultMessageConverters'
2016-04-27 17:58:13.611 DEBUG 37359 --- [    Test worker] o.s.b.f.s.DefaultListableBeanFactory     : Returning cached instance of singleton bean 'config'
2016-04-27 17:58:13.611 DEBUG 37359 --- [    Test worker] o.s.b.f.s.DefaultListableBeanFactory     : Returning cached instance of singleton bean 'alpsJsonHttpMessageConverter'
2016-04-27 17:58:13.612 DEBUG 37359 --- [    Test worker] o.s.b.f.s.DefaultListableBeanFactory     : Eagerly caching bean 'repositoryExporterHandlerAdapter' to allow for resolving potential circular references
2016-04-27 17:58:13.612 TRACE 37359 --- [    Test worker] o.s.beans.CachedIntrospectionResults     : Getting BeanInfo for class [org.springframework.data.rest.webmvc.RepositoryRestHandlerAdapter]
2016-04-27 17:58:13.614 TRACE 37359 --- [    Test worker] o.s.beans.CachedIntrospectionResults     : Caching PropertyDescriptors for class [org.springframework.data.rest.webmvc.RepositoryRestHandlerAdapter]
2016-04-27 17:58:13.614 TRACE 37359 --- [    Test worker] o.s.beans.CachedIntrospectionResults     : Found bean property 'alwaysMustRevalidate' of type [boolean]
2016-04-27 17:58:13.615 TRACE 37359 --- [    Test worker] o.s.beans.CachedIntrospectionResults     : Found bean property 'applicationContext' of type [org.springframework.context.ApplicationContext]
2016-04-27 17:58:13.615 TRACE 37359 --- [    Test worker] o.s.beans.CachedIntrospectionResults     : Found bean property 'argumentResolvers' of type [java.util.List]
2016-04-27 17:58:13.615 TRACE 37359 --- [    Test worker] o.s.beans.CachedIntrospectionResults     : Found bean property 'asyncRequestTimeout' of type [long]
2016-04-27 17:58:13.615 TRACE 37359 --- [    Test worker] o.s.beans.CachedIntrospectionResults     : Found bean property 'beanFactory' of type [org.springframework.beans.factory.BeanFactory]
2016-04-27 17:58:13.615 TRACE 37359 --- [    Test worker] o.s.beans.CachedIntrospectionResults     : Found bean property 'cacheControl' of type [org.springframework.http.CacheControl]
2016-04-27 17:58:13.615 TRACE 37359 --- [    Test worker] o.s.beans.CachedIntrospectionResults     : Found bean property 'cacheSeconds' of type [int]
2016-04-27 17:58:13.615 TRACE 37359 --- [    Test worker] o.s.beans.CachedIntrospectionResults     : Found bean property 'cacheSecondsForSessionAttributeHandlers' of type [int]
2016-04-27 17:58:13.615 TRACE 37359 --- [    Test worker] o.s.beans.CachedIntrospectionResults     : Found bean property 'callableInterceptors' of type [java.util.List]
2016-04-27 17:58:13.615 TRACE 37359 --- [    Test worker] o.s.beans.CachedIntrospectionResults     : Found bean property 'class' of type [java.lang.Class]
2016-04-27 17:58:13.615 TRACE 37359 --- [    Test worker] o.s.beans.CachedIntrospectionResults     : Found bean property 'contentNegotiationManager' of type [org.springframework.web.accept.ContentNegotiationManager]
2016-04-27 17:58:13.615 TRACE 37359 --- [    Test worker] o.s.beans.CachedIntrospectionResults     : Found bean property 'customArgumentResolvers' of type [java.util.List]
2016-04-27 17:58:13.615 TRACE 37359 --- [    Test worker] o.s.beans.CachedIntrospectionResults     : Found bean property 'customReturnValueHandlers' of type [java.util.List]
2016-04-27 17:58:13.615 TRACE 37359 --- [    Test worker] o.s.beans.CachedIntrospectionResults     : Found bean property 'deferredResultInterceptors' of type [java.util.List]
2016-04-27 17:58:13.615 TRACE 37359 --- [    Test worker] o.s.beans.CachedIntrospectionResults     : Found bean property 'ignoreDefaultModelOnRedirect' of type [boolean]
2016-04-27 17:58:13.615 TRACE 37359 --- [    Test worker] o.s.beans.CachedIntrospectionResults     : Found bean property 'initBinderArgumentResolvers' of type [java.util.List]
2016-04-27 17:58:13.615 TRACE 37359 --- [    Test worker] o.s.beans.CachedIntrospectionResults     : Found bean property 'messageConverters' of type [java.util.List]
2016-04-27 17:58:13.615 TRACE 37359 --- [    Test worker] o.s.beans.CachedIntrospectionResults     : Found bean property 'modelAndViewResolvers' of type [java.util.List]
2016-04-27 17:58:13.615 TRACE 37359 --- [    Test worker] o.s.beans.CachedIntrospectionResults     : Found bean property 'order' of type [int]
2016-04-27 17:58:13.615 TRACE 37359 --- [    Test worker] o.s.beans.CachedIntrospectionResults     : Found bean property 'parameterNameDiscoverer' of type [org.springframework.core.ParameterNameDiscoverer]
2016-04-27 17:58:13.615 TRACE 37359 --- [    Test worker] o.s.beans.CachedIntrospectionResults     : Found bean property 'requestBodyAdvice' of type [java.util.List]
2016-04-27 17:58:13.615 TRACE 37359 --- [    Test worker] o.s.beans.CachedIntrospectionResults     : Found bean property 'requireSession' of type [boolean]
2016-04-27 17:58:13.616 TRACE 37359 --- [    Test worker] o.s.beans.CachedIntrospectionResults     : Found bean property 'responseBodyAdvice' of type [java.util.List]
2016-04-27 17:58:13.616 TRACE 37359 --- [    Test worker] o.s.beans.CachedIntrospectionResults     : Found bean property 'returnValueHandlers' of type [java.util.List]
2016-04-27 17:58:13.616 TRACE 37359 --- [    Test worker] o.s.beans.CachedIntrospectionResults     : Found bean property 'servletContext' of type [javax.servlet.ServletContext]
2016-04-27 17:58:13.616 TRACE 37359 --- [    Test worker] o.s.beans.CachedIntrospectionResults     : Found bean property 'sessionAttributeStore' of type [org.springframework.web.bind.support.SessionAttributeStore]
2016-04-27 17:58:13.616 TRACE 37359 --- [    Test worker] o.s.beans.CachedIntrospectionResults     : Found bean property 'supportedMethods' of type [[Ljava.lang.String;]
2016-04-27 17:58:13.616 TRACE 37359 --- [    Test worker] o.s.beans.CachedIntrospectionResults     : Found bean property 'synchronizeOnSession' of type [boolean]
2016-04-27 17:58:13.616 TRACE 37359 --- [    Test worker] o.s.beans.CachedIntrospectionResults     : Found bean property 'taskExecutor' of type [org.springframework.core.task.AsyncTaskExecutor]
2016-04-27 17:58:13.616 TRACE 37359 --- [    Test worker] o.s.beans.CachedIntrospectionResults     : Found bean property 'useCacheControlHeader' of type [boolean]
2016-04-27 17:58:13.616 TRACE 37359 --- [    Test worker] o.s.beans.CachedIntrospectionResults     : Found bean property 'useCacheControlNoStore' of type [boolean]
2016-04-27 17:58:13.616 TRACE 37359 --- [    Test worker] o.s.beans.CachedIntrospectionResults     : Found bean property 'useExpiresHeader' of type [boolean]
2016-04-27 17:58:13.616 TRACE 37359 --- [    Test worker] o.s.beans.CachedIntrospectionResults     : Found bean property 'webBindingInitializer' of type [org.springframework.web.bind.support.WebBindingInitializer]
2016-04-27 17:58:13.617 DEBUG 37359 --- [    Test worker] o.s.b.f.s.DefaultListableBeanFactory     : Invoking afterPropertiesSet() on bean with name 'repositoryExporterHandlerAdapter'
2016-04-27 17:58:13.617  INFO 37359 --- [    Test worker] o.s.d.r.w.RepositoryRestHandlerAdapter   : Looking for @ControllerAdvice: org.springframework.web.context.support.GenericWebApplicationContext@5a677df7: startup date [Wed Apr 27 17:58:10 EDT 2016]; root of context hierarchy
2016-04-27 17:58:13.621 DEBUG 37359 --- [    Test worker] o.s.b.f.s.DefaultListableBeanFactory     : Returning cached instance of singleton bean 'org.springframework.transaction.config.internalTransactionAdvisor'
2016-04-27 17:58:13.621 DEBUG 37359 --- [    Test worker] o.s.b.f.s.DefaultListableBeanFactory     : Returning cached instance of singleton bean 'org.springframework.transaction.config.internalTransactionAdvisor'
2016-04-27 17:58:13.622 DEBUG 37359 --- [    Test worker] o.s.b.f.s.DefaultListableBeanFactory     : Finished creating instance of bean 'repositoryExporterHandlerAdapter'
2016-04-27 17:58:13.622 DEBUG 37359 --- [    Test worker] o.s.b.f.s.DefaultListableBeanFactory     : Creating shared instance of singleton bean 'restHandlerMapping'
2016-04-27 17:58:13.622 DEBUG 37359 --- [    Test worker] o.s.b.f.s.DefaultListableBeanFactory     : Creating instance of bean 'restHandlerMapping'
2016-04-27 17:58:13.622 DEBUG 37359 --- [    Test worker] o.s.b.f.s.DefaultListableBeanFactory     : Returning cached instance of singleton bean 'org.springframework.transaction.config.internalTransactionAdvisor'
2016-04-27 17:58:13.622 DEBUG 37359 --- [    Test worker] o.s.b.f.s.DefaultListableBeanFactory     : Returning cached instance of singleton bean 'org.springframework.boot.autoconfigure.data.rest.SpringBootRepositoryRestMvcConfiguration'
2016-04-27 17:58:13.623 DEBUG 37359 --- [    Test worker] o.s.b.f.s.DefaultListableBeanFactory     : Returning cached instance of singleton bean 'resourceMappings'
2016-04-27 17:58:13.623 DEBUG 37359 --- [    Test worker] o.s.b.f.s.DefaultListableBeanFactory     : Returning cached instance of singleton bean 'config'
2016-04-27 17:58:13.623 DEBUG 37359 --- [    Test worker] o.s.b.f.s.DefaultListableBeanFactory     : Returning cached instance of singleton bean 'jpaHelper'
2016-04-27 17:58:13.624 DEBUG 37359 --- [    Test worker] o.s.d.r.w.RepositoryRestHandlerMapping   : Looking for request mappings in application context: org.springframework.web.context.support.GenericWebApplicationContext@5a677df7: startup date [Wed Apr 27 17:58:10 EDT 2016]; root of context hierarchy
2016-04-27 17:58:13.627  INFO 37359 --- [    Test worker] o.s.d.r.w.RepositoryRestHandlerMapping   : Mapped "{[/{repository}],methods=[OPTIONS],produces=[application/hal+json || application/json || application/*+json;charset=UTF-8]}" onto public org.springframework.http.ResponseEntity<?> org.springframework.data.rest.webmvc.RepositoryEntityController.optionsForCollectionResource(org.springframework.data.rest.webmvc.RootResourceInformation)
2016-04-27 17:58:13.627 TRACE 37359 --- [    Test worker] o.s.d.r.w.RepositoryRestHandlerMapping   : Mapping name=REC#optionsForCollectionResource
2016-04-27 17:58:13.627  INFO 37359 --- [    Test worker] o.s.d.r.w.RepositoryRestHandlerMapping   : Mapped "{[/{repository}],methods=[HEAD],produces=[application/hal+json || application/json || application/*+json;charset=UTF-8]}" onto public org.springframework.http.ResponseEntity<?> org.springframework.data.rest.webmvc.RepositoryEntityController.headCollectionResource(org.springframework.data.rest.webmvc.RootResourceInformation,org.springframework.data.rest.webmvc.support.DefaultedPageable) throws org.springframework.web.HttpRequestMethodNotSupportedException
2016-04-27 17:58:13.627 TRACE 37359 --- [    Test worker] o.s.d.r.w.RepositoryRestHandlerMapping   : Mapping name=REC#headCollectionResource
2016-04-27 17:58:13.627  INFO 37359 --- [    Test worker] o.s.d.r.w.RepositoryRestHandlerMapping   : Mapped "{[/{repository}],methods=[GET],produces=[application/hal+json || application/json || application/*+json;charset=UTF-8]}" onto public org.springframework.hateoas.Resources<?> org.springframework.data.rest.webmvc.RepositoryEntityController.getCollectionResource(org.springframework.data.rest.webmvc.RootResourceInformation,org.springframework.data.rest.webmvc.support.DefaultedPageable,org.springframework.data.domain.Sort,org.springframework.data.rest.webmvc.PersistentEntityResourceAssembler) throws org.springframework.data.rest.webmvc.ResourceNotFoundException,org.springframework.web.HttpRequestMethodNotSupportedException
2016-04-27 17:58:13.627 TRACE 37359 --- [    Test worker] o.s.d.r.w.RepositoryRestHandlerMapping   : Mapping name=REC#getCollectionResource
2016-04-27 17:58:13.627  INFO 37359 --- [    Test worker] o.s.d.r.w.RepositoryRestHandlerMapping   : Mapped "{[/{repository}],methods=[GET],produces=[application/x-spring-data-compact+json || text/uri-list]}" onto public org.springframework.hateoas.Resources<?> org.springframework.data.rest.webmvc.RepositoryEntityController.getCollectionResourceCompact(org.springframework.data.rest.webmvc.RootResourceInformation,org.springframework.data.rest.webmvc.support.DefaultedPageable,org.springframework.data.domain.Sort,org.springframework.data.rest.webmvc.PersistentEntityResourceAssembler) throws org.springframework.data.rest.webmvc.ResourceNotFoundException,org.springframework.web.HttpRequestMethodNotSupportedException
2016-04-27 17:58:13.627 TRACE 37359 --- [    Test worker] o.s.d.r.w.RepositoryRestHandlerMapping   : Mapping name=REC#getCollectionResourceCompact
2016-04-27 17:58:13.628  INFO 37359 --- [    Test worker] o.s.d.r.w.RepositoryRestHandlerMapping   : Mapped "{[/{repository}],methods=[POST],produces=[application/hal+json || application/json || application/*+json;charset=UTF-8]}" onto public org.springframework.http.ResponseEntity<org.springframework.hateoas.ResourceSupport> org.springframework.data.rest.webmvc.RepositoryEntityController.postCollectionResource(org.springframework.data.rest.webmvc.RootResourceInformation,org.springframework.data.rest.webmvc.PersistentEntityResource,org.springframework.data.rest.webmvc.PersistentEntityResourceAssembler,java.lang.String) throws org.springframework.web.HttpRequestMethodNotSupportedException
2016-04-27 17:58:13.628 TRACE 37359 --- [    Test worker] o.s.d.r.w.RepositoryRestHandlerMapping   : Mapping name=REC#postCollectionResource
2016-04-27 17:58:13.628  INFO 37359 --- [    Test worker] o.s.d.r.w.RepositoryRestHandlerMapping   : Mapped "{[/{repository}/{id}],methods=[OPTIONS],produces=[application/hal+json || application/json || application/*+json;charset=UTF-8]}" onto public org.springframework.http.ResponseEntity<?> org.springframework.data.rest.webmvc.RepositoryEntityController.optionsForItemResource(org.springframework.data.rest.webmvc.RootResourceInformation)
2016-04-27 17:58:13.628 TRACE 37359 --- [    Test worker] o.s.d.r.w.RepositoryRestHandlerMapping   : Mapping name=REC#optionsForItemResource
2016-04-27 17:58:13.628  INFO 37359 --- [    Test worker] o.s.d.r.w.RepositoryRestHandlerMapping   : Mapped "{[/{repository}/{id}],methods=[HEAD],produces=[application/hal+json || application/json || application/*+json;charset=UTF-8]}" onto public org.springframework.http.ResponseEntity<?> org.springframework.data.rest.webmvc.RepositoryEntityController.headForItemResource(org.springframework.data.rest.webmvc.RootResourceInformation,java.io.Serializable,org.springframework.data.rest.webmvc.PersistentEntityResourceAssembler) throws org.springframework.web.HttpRequestMethodNotSupportedException
2016-04-27 17:58:13.628 TRACE 37359 --- [    Test worker] o.s.d.r.w.RepositoryRestHandlerMapping   : Mapping name=REC#headForItemResource
2016-04-27 17:58:13.628  INFO 37359 --- [    Test worker] o.s.d.r.w.RepositoryRestHandlerMapping   : Mapped "{[/{repository}/{id}],methods=[GET],produces=[application/hal+json || application/json || application/*+json;charset=UTF-8]}" onto public org.springframework.http.ResponseEntity<org.springframework.hateoas.Resource<?>> org.springframework.data.rest.webmvc.RepositoryEntityController.getItemResource(org.springframework.data.rest.webmvc.RootResourceInformation,java.io.Serializable,org.springframework.data.rest.webmvc.PersistentEntityResourceAssembler,org.springframework.util.MultiValueMap<java.lang.String, java.lang.String>) throws org.springframework.web.HttpRequestMethodNotSupportedException
2016-04-27 17:58:13.628 TRACE 37359 --- [    Test worker] o.s.d.r.w.RepositoryRestHandlerMapping   : Mapping name=REC#getItemResource
2016-04-27 17:58:13.628  INFO 37359 --- [    Test worker] o.s.d.r.w.RepositoryRestHandlerMapping   : Mapped "{[/{repository}/{id}],methods=[PUT],produces=[application/hal+json || application/json || application/*+json;charset=UTF-8]}" onto public org.springframework.http.ResponseEntity<? extends org.springframework.hateoas.ResourceSupport> org.springframework.data.rest.webmvc.RepositoryEntityController.putItemResource(org.springframework.data.rest.webmvc.RootResourceInformation,org.springframework.data.rest.webmvc.PersistentEntityResource,java.io.Serializable,org.springframework.data.rest.webmvc.PersistentEntityResourceAssembler,org.springframework.data.rest.webmvc.support.ETag,java.lang.String) throws org.springframework.web.HttpRequestMethodNotSupportedException
2016-04-27 17:58:13.628 TRACE 37359 --- [    Test worker] o.s.d.r.w.RepositoryRestHandlerMapping   : Mapping name=REC#putItemResource
2016-04-27 17:58:13.629  INFO 37359 --- [    Test worker] o.s.d.r.w.RepositoryRestHandlerMapping   : Mapped "{[/{repository}/{id}],methods=[PATCH],produces=[application/hal+json || application/json || application/*+json;charset=UTF-8]}" onto public org.springframework.http.ResponseEntity<org.springframework.hateoas.ResourceSupport> org.springframework.data.rest.webmvc.RepositoryEntityController.patchItemResource(org.springframework.data.rest.webmvc.RootResourceInformation,org.springframework.data.rest.webmvc.PersistentEntityResource,java.io.Serializable,org.springframework.data.rest.webmvc.PersistentEntityResourceAssembler,org.springframework.data.rest.webmvc.support.ETag,java.lang.String) throws org.springframework.web.HttpRequestMethodNotSupportedException,org.springframework.data.rest.webmvc.ResourceNotFoundException
2016-04-27 17:58:13.629 TRACE 37359 --- [    Test worker] o.s.d.r.w.RepositoryRestHandlerMapping   : Mapping name=REC#patchItemResource
2016-04-27 17:58:13.629  INFO 37359 --- [    Test worker] o.s.d.r.w.RepositoryRestHandlerMapping   : Mapped "{[/{repository}/{id}],methods=[DELETE],produces=[application/hal+json || application/json || application/*+json;charset=UTF-8]}" onto public org.springframework.http.ResponseEntity<?> org.springframework.data.rest.webmvc.RepositoryEntityController.deleteItemResource(org.springframework.data.rest.webmvc.RootResourceInformation,java.io.Serializable,org.springframework.data.rest.webmvc.support.ETag) throws org.springframework.data.rest.webmvc.ResourceNotFoundException,org.springframework.web.HttpRequestMethodNotSupportedException
2016-04-27 17:58:13.629 TRACE 37359 --- [    Test worker] o.s.d.r.w.RepositoryRestHandlerMapping   : Mapping name=REC#deleteItemResource
2016-04-27 17:58:13.631  INFO 37359 --- [    Test worker] o.s.d.r.w.RepositoryRestHandlerMapping   : Mapped "{[/ || ],methods=[OPTIONS],produces=[application/hal+json || application/json || application/*+json;charset=UTF-8]}" onto public org.springframework.http.HttpEntity<?> org.springframework.data.rest.webmvc.RepositoryController.optionsForRepositories()
2016-04-27 17:58:13.631 TRACE 37359 --- [    Test worker] o.s.d.r.w.RepositoryRestHandlerMapping   : Mapping name=RC#optionsForRepositories
2016-04-27 17:58:13.631  INFO 37359 --- [    Test worker] o.s.d.r.w.RepositoryRestHandlerMapping   : Mapped "{[/ || ],methods=[HEAD],produces=[application/hal+json || application/json || application/*+json;charset=UTF-8]}" onto public org.springframework.http.ResponseEntity<?> org.springframework.data.rest.webmvc.RepositoryController.headForRepositories()
2016-04-27 17:58:13.631 TRACE 37359 --- [    Test worker] o.s.d.r.w.RepositoryRestHandlerMapping   : Mapping name=RC#headForRepositories
2016-04-27 17:58:13.631  INFO 37359 --- [    Test worker] o.s.d.r.w.RepositoryRestHandlerMapping   : Mapped "{[/ || ],methods=[GET],produces=[application/hal+json || application/json || application/*+json;charset=UTF-8]}" onto public org.springframework.http.HttpEntity<org.springframework.data.rest.webmvc.RepositoryLinksResource> org.springframework.data.rest.webmvc.RepositoryController.listRepositories()
2016-04-27 17:58:13.631 TRACE 37359 --- [    Test worker] o.s.d.r.w.RepositoryRestHandlerMapping   : Mapping name=RC#listRepositories
2016-04-27 17:58:13.634  INFO 37359 --- [    Test worker] o.s.d.r.w.RepositoryRestHandlerMapping   : Mapped "{[/{repository}/{id}/{property}],methods=[GET],produces=[application/hal+json || application/json || application/*+json;charset=UTF-8]}" onto public org.springframework.http.ResponseEntity<org.springframework.hateoas.ResourceSupport> org.springframework.data.rest.webmvc.RepositoryPropertyReferenceController.followPropertyReference(org.springframework.data.rest.webmvc.RootResourceInformation,java.io.Serializable,java.lang.String,org.springframework.data.rest.webmvc.PersistentEntityResourceAssembler) throws java.lang.Exception
2016-04-27 17:58:13.634 TRACE 37359 --- [    Test worker] o.s.d.r.w.RepositoryRestHandlerMapping   : Mapping name=RPRC#followPropertyReference
2016-04-27 17:58:13.634  INFO 37359 --- [    Test worker] o.s.d.r.w.RepositoryRestHandlerMapping   : Mapped "{[/{repository}/{id}/{property}/{propertyId}],methods=[GET],produces=[application/hal+json || application/json || application/*+json;charset=UTF-8]}" onto public org.springframework.http.ResponseEntity<org.springframework.hateoas.ResourceSupport> org.springframework.data.rest.webmvc.RepositoryPropertyReferenceController.followPropertyReference(org.springframework.data.rest.webmvc.RootResourceInformation,java.io.Serializable,java.lang.String,java.lang.String,org.springframework.data.rest.webmvc.PersistentEntityResourceAssembler) throws java.lang.Exception
2016-04-27 17:58:13.634 TRACE 37359 --- [    Test worker] o.s.d.r.w.RepositoryRestHandlerMapping   : Mapping name=RPRC#followPropertyReference
2016-04-27 17:58:13.634 TRACE 37359 --- [    Test worker] o.s.d.r.w.RepositoryRestHandlerMapping   : Mapping name clash for handlerMethods=[public org.springframework.http.ResponseEntity<org.springframework.hateoas.ResourceSupport> org.springframework.data.rest.webmvc.RepositoryPropertyReferenceController.followPropertyReference(org.springframework.data.rest.webmvc.RootResourceInformation,java.io.Serializable,java.lang.String,org.springframework.data.rest.webmvc.PersistentEntityResourceAssembler) throws java.lang.Exception, public org.springframework.http.ResponseEntity<org.springframework.hateoas.ResourceSupport> org.springframework.data.rest.webmvc.RepositoryPropertyReferenceController.followPropertyReference(org.springframework.data.rest.webmvc.RootResourceInformation,java.io.Serializable,java.lang.String,java.lang.String,org.springframework.data.rest.webmvc.PersistentEntityResourceAssembler) throws java.lang.Exception]. Consider assigning explicit names.
2016-04-27 17:58:13.634  INFO 37359 --- [    Test worker] o.s.d.r.w.RepositoryRestHandlerMapping   : Mapped "{[/{repository}/{id}/{property}],methods=[DELETE],produces=[application/hal+json || application/json || application/*+json;charset=UTF-8]}" onto public org.springframework.http.ResponseEntity<? extends org.springframework.hateoas.ResourceSupport> org.springframework.data.rest.webmvc.RepositoryPropertyReferenceController.deletePropertyReference(org.springframework.data.rest.webmvc.RootResourceInformation,java.io.Serializable,java.lang.String) throws java.lang.Exception
2016-04-27 17:58:13.634 TRACE 37359 --- [    Test worker] o.s.d.r.w.RepositoryRestHandlerMapping   : Mapping name=RPRC#deletePropertyReference
2016-04-27 17:58:13.635  INFO 37359 --- [    Test worker] o.s.d.r.w.RepositoryRestHandlerMapping   : Mapped "{[/{repository}/{id}/{property}],methods=[GET],produces=[application/x-spring-data-compact+json || text/uri-list]}" onto public org.springframework.http.ResponseEntity<org.springframework.hateoas.ResourceSupport> org.springframework.data.rest.webmvc.RepositoryPropertyReferenceController.followPropertyReferenceCompact(org.springframework.data.rest.webmvc.RootResourceInformation,java.io.Serializable,java.lang.String,org.springframework.data.rest.webmvc.PersistentEntityResourceAssembler) throws java.lang.Exception
2016-04-27 17:58:13.635 TRACE 37359 --- [    Test worker] o.s.d.r.w.RepositoryRestHandlerMapping   : Mapping name=RPRC#followPropertyReferenceCompact
2016-04-27 17:58:13.635  INFO 37359 --- [    Test worker] o.s.d.r.w.RepositoryRestHandlerMapping   : Mapped "{[/{repository}/{id}/{property}],methods=[PATCH || PUT || POST],consumes=[application/json || application/x-spring-data-compact+json || text/uri-list],produces=[application/hal+json || application/json || application/*+json;charset=UTF-8]}" onto public org.springframework.http.ResponseEntity<? extends org.springframework.hateoas.ResourceSupport> org.springframework.data.rest.webmvc.RepositoryPropertyReferenceController.createPropertyReference(org.springframework.data.rest.webmvc.RootResourceInformation,org.springframework.http.HttpMethod,org.springframework.hateoas.Resources<java.lang.Object>,java.io.Serializable,java.lang.String) throws java.lang.Exception
2016-04-27 17:58:13.635 TRACE 37359 --- [    Test worker] o.s.d.r.w.RepositoryRestHandlerMapping   : Mapping name=RPRC#createPropertyReference
2016-04-27 17:58:13.635  INFO 37359 --- [    Test worker] o.s.d.r.w.RepositoryRestHandlerMapping   : Mapped "{[/{repository}/{id}/{property}/{propertyId}],methods=[DELETE],produces=[application/hal+json || application/json || application/*+json;charset=UTF-8]}" onto public org.springframework.http.ResponseEntity<org.springframework.hateoas.ResourceSupport> org.springframework.data.rest.webmvc.RepositoryPropertyReferenceController.deletePropertyReferenceId(org.springframework.data.rest.webmvc.RootResourceInformation,java.io.Serializable,java.lang.String,java.lang.String) throws java.lang.Exception
2016-04-27 17:58:13.635 TRACE 37359 --- [    Test worker] o.s.d.r.w.RepositoryRestHandlerMapping   : Mapping name=RPRC#deletePropertyReferenceId
2016-04-27 17:58:13.637  INFO 37359 --- [    Test worker] o.s.d.r.w.RepositoryRestHandlerMapping   : Mapped "{[/{repository}/search],methods=[HEAD],produces=[application/hal+json || application/json || application/*+json;charset=UTF-8]}" onto public org.springframework.http.HttpEntity<?> org.springframework.data.rest.webmvc.RepositorySearchController.headForSearches(org.springframework.data.rest.webmvc.RootResourceInformation)
2016-04-27 17:58:13.637 TRACE 37359 --- [    Test worker] o.s.d.r.w.RepositoryRestHandlerMapping   : Mapping name=RSC#headForSearches
2016-04-27 17:58:13.637  INFO 37359 --- [    Test worker] o.s.d.r.w.RepositoryRestHandlerMapping   : Mapped "{[/{repository}/search],methods=[GET],produces=[application/hal+json || application/json || application/*+json;charset=UTF-8]}" onto public org.springframework.data.rest.webmvc.RepositorySearchesResource org.springframework.data.rest.webmvc.RepositorySearchController.listSearches(org.springframework.data.rest.webmvc.RootResourceInformation)
2016-04-27 17:58:13.637 TRACE 37359 --- [    Test worker] o.s.d.r.w.RepositoryRestHandlerMapping   : Mapping name=RSC#listSearches
2016-04-27 17:58:13.637  INFO 37359 --- [    Test worker] o.s.d.r.w.RepositoryRestHandlerMapping   : Mapped "{[/{repository}/search],methods=[OPTIONS],produces=[application/hal+json || application/json || application/*+json;charset=UTF-8]}" onto public org.springframework.http.HttpEntity<?> org.springframework.data.rest.webmvc.RepositorySearchController.optionsForSearches(org.springframework.data.rest.webmvc.RootResourceInformation)
2016-04-27 17:58:13.637 TRACE 37359 --- [    Test worker] o.s.d.r.w.RepositoryRestHandlerMapping   : Mapping name=RSC#optionsForSearches
2016-04-27 17:58:13.637  INFO 37359 --- [    Test worker] o.s.d.r.w.RepositoryRestHandlerMapping   : Mapped "{[/{repository}/search/{search}],methods=[GET],produces=[application/hal+json || application/json || application/*+json;charset=UTF-8]}" onto public org.springframework.http.ResponseEntity<java.lang.Object> org.springframework.data.rest.webmvc.RepositorySearchController.executeSearch(org.springframework.data.rest.webmvc.RootResourceInformation,org.springframework.util.MultiValueMap<java.lang.String, java.lang.Object>,java.lang.String,org.springframework.data.rest.webmvc.support.DefaultedPageable,org.springframework.data.domain.Sort,org.springframework.data.rest.webmvc.PersistentEntityResourceAssembler)
2016-04-27 17:58:13.637 TRACE 37359 --- [    Test worker] o.s.d.r.w.RepositoryRestHandlerMapping   : Mapping name=RSC#executeSearch
2016-04-27 17:58:13.637  INFO 37359 --- [    Test worker] o.s.d.r.w.RepositoryRestHandlerMapping   : Mapped "{[/{repository}/search/{search}],methods=[GET],produces=[application/x-spring-data-compact+json]}" onto public org.springframework.hateoas.ResourceSupport org.springframework.data.rest.webmvc.RepositorySearchController.executeSearchCompact(org.springframework.data.rest.webmvc.RootResourceInformation,org.springframework.util.MultiValueMap<java.lang.String, java.lang.Object>,java.lang.String,java.lang.String,org.springframework.data.rest.webmvc.support.DefaultedPageable,org.springframework.data.domain.Sort,org.springframework.data.rest.webmvc.PersistentEntityResourceAssembler)
2016-04-27 17:58:13.638 TRACE 37359 --- [    Test worker] o.s.d.r.w.RepositoryRestHandlerMapping   : Mapping name=RSC#executeSearchCompact
2016-04-27 17:58:13.638  INFO 37359 --- [    Test worker] o.s.d.r.w.RepositoryRestHandlerMapping   : Mapped "{[/{repository}/search/{search}],methods=[OPTIONS],produces=[application/hal+json || application/json || application/*+json;charset=UTF-8]}" onto public org.springframework.http.ResponseEntity<java.lang.Object> org.springframework.data.rest.webmvc.RepositorySearchController.optionsForSearch(org.springframework.data.rest.webmvc.RootResourceInformation,java.lang.String)
2016-04-27 17:58:13.638 TRACE 37359 --- [    Test worker] o.s.d.r.w.RepositoryRestHandlerMapping   : Mapping name=RSC#optionsForSearch
2016-04-27 17:58:13.638  INFO 37359 --- [    Test worker] o.s.d.r.w.RepositoryRestHandlerMapping   : Mapped "{[/{repository}/search/{search}],methods=[HEAD],produces=[application/hal+json || application/json || application/*+json;charset=UTF-8]}" onto public org.springframework.http.ResponseEntity<java.lang.Object> org.springframework.data.rest.webmvc.RepositorySearchController.headForSearch(org.springframework.data.rest.webmvc.RootResourceInformation,java.lang.String)
2016-04-27 17:58:13.638 TRACE 37359 --- [    Test worker] o.s.d.r.w.RepositoryRestHandlerMapping   : Mapping name=RSC#headForSearch
2016-04-27 17:58:13.639 DEBUG 37359 --- [    Test worker] o.s.b.f.s.DefaultListableBeanFactory     : Returning cached instance of singleton bean 'config'
2016-04-27 17:58:13.640 DEBUG 37359 --- [    Test worker] o.s.d.r.w.BasePathAwareHandlerMapping    : Looking for request mappings in application context: org.springframework.web.context.support.GenericWebApplicationContext@5a677df7: startup date [Wed Apr 27 17:58:10 EDT 2016]; root of context hierarchy
2016-04-27 17:58:13.640  INFO 37359 --- [    Test worker] o.s.d.r.w.BasePathAwareHandlerMapping    : Mapped "{[/profile],methods=[OPTIONS]}" onto public org.springframework.http.HttpEntity<?> org.springframework.data.rest.webmvc.ProfileController.profileOptions()
2016-04-27 17:58:13.640 TRACE 37359 --- [    Test worker] o.s.d.r.w.BasePathAwareHandlerMapping    : Mapping name=PC#profileOptions
2016-04-27 17:58:13.640  INFO 37359 --- [    Test worker] o.s.d.r.w.BasePathAwareHandlerMapping    : Mapped "{[/profile],methods=[GET]}" onto org.springframework.http.HttpEntity<org.springframework.hateoas.ResourceSupport> org.springframework.data.rest.webmvc.ProfileController.listAllFormsOfMetadata()
2016-04-27 17:58:13.640 TRACE 37359 --- [    Test worker] o.s.d.r.w.BasePathAwareHandlerMapping    : Mapping name=PC#listAllFormsOfMetadata
2016-04-27 17:58:13.641  INFO 37359 --- [    Test worker] o.s.d.r.w.BasePathAwareHandlerMapping    : Mapped "{[/profile/{repository}],methods=[GET],produces=[application/schema+json]}" onto public org.springframework.http.HttpEntity<org.springframework.data.rest.webmvc.json.JsonSchema> org.springframework.data.rest.webmvc.RepositorySchemaController.schema(org.springframework.data.rest.webmvc.RootResourceInformation)
2016-04-27 17:58:13.641 TRACE 37359 --- [    Test worker] o.s.d.r.w.BasePathAwareHandlerMapping    : Mapping name=RSC#schema
2016-04-27 17:58:13.641  INFO 37359 --- [    Test worker] o.s.d.r.w.BasePathAwareHandlerMapping    : Mapped "{[/profile/{repository}],methods=[GET],produces=[application/alps+json || */*]}" onto org.springframework.http.HttpEntity<org.springframework.data.rest.webmvc.RootResourceInformation> org.springframework.data.rest.webmvc.alps.AlpsController.descriptor(org.springframework.data.rest.webmvc.RootResourceInformation)
2016-04-27 17:58:13.641 TRACE 37359 --- [    Test worker] o.s.d.r.w.BasePathAwareHandlerMapping    : Mapping name=AC#descriptor
2016-04-27 17:58:13.641  INFO 37359 --- [    Test worker] o.s.d.r.w.BasePathAwareHandlerMapping    : Mapped "{[/profile/{repository}],methods=[OPTIONS],produces=[application/alps+json]}" onto org.springframework.http.HttpEntity<?> org.springframework.data.rest.webmvc.alps.AlpsController.alpsOptions()
2016-04-27 17:58:13.641 TRACE 37359 --- [    Test worker] o.s.d.r.w.BasePathAwareHandlerMapping    : Mapping name=AC#alpsOptions
2016-04-27 17:58:13.642 DEBUG 37359 --- [    Test worker] o.s.b.f.s.DefaultListableBeanFactory     : Eagerly caching bean 'restHandlerMapping' to allow for resolving potential circular references
2016-04-27 17:58:13.642 TRACE 37359 --- [    Test worker] o.s.beans.CachedIntrospectionResults     : Getting BeanInfo for class [org.springframework.data.rest.webmvc.support.DelegatingHandlerMapping]
2016-04-27 17:58:13.643 TRACE 37359 --- [    Test worker] o.s.beans.CachedIntrospectionResults     : Caching PropertyDescriptors for class [org.springframework.data.rest.webmvc.support.DelegatingHandlerMapping]
2016-04-27 17:58:13.643 TRACE 37359 --- [    Test worker] o.s.beans.CachedIntrospectionResults     : Found bean property 'class' of type [java.lang.Class]
2016-04-27 17:58:13.643 TRACE 37359 --- [    Test worker] o.s.beans.CachedIntrospectionResults     : Found bean property 'order' of type [int]
2016-04-27 17:58:13.643 DEBUG 37359 --- [    Test worker] o.s.b.f.s.DefaultListableBeanFactory     : Returning cached instance of singleton bean 'org.springframework.transaction.config.internalTransactionAdvisor'
2016-04-27 17:58:13.643 DEBUG 37359 --- [    Test worker] o.s.b.f.s.DefaultListableBeanFactory     : Returning cached instance of singleton bean 'org.springframework.transaction.config.internalTransactionAdvisor'
2016-04-27 17:58:13.643 DEBUG 37359 --- [    Test worker] o.s.b.f.s.DefaultListableBeanFactory     : Finished creating instance of bean 'restHandlerMapping'
2016-04-27 17:58:13.643 DEBUG 37359 --- [    Test worker] o.s.b.f.s.DefaultListableBeanFactory     : Returning cached instance of singleton bean 'resourceMappings'
2016-04-27 17:58:13.643 DEBUG 37359 --- [    Test worker] o.s.b.f.s.DefaultListableBeanFactory     : Creating shared instance of singleton bean 'exceptionHandlerExceptionResolver'
2016-04-27 17:58:13.643 DEBUG 37359 --- [    Test worker] o.s.b.f.s.DefaultListableBeanFactory     : Creating instance of bean 'exceptionHandlerExceptionResolver'
2016-04-27 17:58:13.643 DEBUG 37359 --- [    Test worker] o.s.b.f.s.DefaultListableBeanFactory     : Returning cached instance of singleton bean 'org.springframework.transaction.config.internalTransactionAdvisor'
2016-04-27 17:58:13.644 DEBUG 37359 --- [    Test worker] o.s.b.f.s.DefaultListableBeanFactory     : Returning cached instance of singleton bean 'org.springframework.boot.autoconfigure.data.rest.SpringBootRepositoryRestMvcConfiguration'
2016-04-27 17:58:13.646 DEBUG 37359 --- [    Test worker] o.s.b.f.s.DefaultListableBeanFactory     : Returning cached instance of singleton bean 'persistentEntities'
2016-04-27 17:58:13.646 DEBUG 37359 --- [    Test worker] o.s.b.f.s.DefaultListableBeanFactory     : Returning cached instance of singleton bean 'entityLinks'
2016-04-27 17:58:13.646 DEBUG 37359 --- [    Test worker] o.s.b.f.s.DefaultListableBeanFactory     : Returning cached instance of singleton bean 'config'
2016-04-27 17:58:13.646 DEBUG 37359 --- [    Test worker] o.s.b.f.s.DefaultListableBeanFactory     : Returning cached instance of singleton bean 'resourceMappings'
2016-04-27 17:58:13.646 DEBUG 37359 --- [    Test worker] o.s.b.f.s.DefaultListableBeanFactory     : Returning cached instance of singleton bean 'pageableResolver'
2016-04-27 17:58:13.647 DEBUG 37359 --- [    Test worker] o.s.b.f.s.DefaultListableBeanFactory     : Returning cached instance of singleton bean 'sortResolver'
2016-04-27 17:58:13.647 DEBUG 37359 --- [    Test worker] o.s.b.f.s.DefaultListableBeanFactory     : Returning cached instance of singleton bean 'serverHttpRequestMethodArgumentResolver'
2016-04-27 17:58:13.647 DEBUG 37359 --- [    Test worker] o.s.b.f.s.DefaultListableBeanFactory     : Returning cached instance of singleton bean 'repoRequestArgumentResolver'
2016-04-27 17:58:13.647 DEBUG 37359 --- [    Test worker] o.s.b.f.s.DefaultListableBeanFactory     : Returning cached instance of singleton bean 'persistentEntityArgumentResolver'
2016-04-27 17:58:13.647 DEBUG 37359 --- [    Test worker] o.s.b.f.s.DefaultListableBeanFactory     : Returning cached instance of singleton bean 'resourceMetadataHandlerMethodArgumentResolver'
2016-04-27 17:58:13.647 DEBUG 37359 --- [    Test worker] o.s.b.f.s.DefaultListableBeanFactory     : Returning cached instance of singleton bean 'backendIdHandlerMethodArgumentResolver'
2016-04-27 17:58:13.647 DEBUG 37359 --- [    Test worker] o.s.b.f.s.DefaultListableBeanFactory     : Returning cached instance of singleton bean 'eTagArgumentResolver'
2016-04-27 17:58:13.647 DEBUG 37359 --- [    Test worker] o.s.b.f.s.DefaultListableBeanFactory     : Returning cached instance of singleton bean 'defaultMessageConverters'
2016-04-27 17:58:13.648 DEBUG 37359 --- [    Test worker] o.s.b.f.s.DefaultListableBeanFactory     : Eagerly caching bean 'exceptionHandlerExceptionResolver' to allow for resolving potential circular references
2016-04-27 17:58:13.648 TRACE 37359 --- [    Test worker] o.s.beans.CachedIntrospectionResults     : Getting BeanInfo for class [org.springframework.web.servlet.mvc.method.annotation.ExceptionHandlerExceptionResolver]
2016-04-27 17:58:13.650 TRACE 37359 --- [    Test worker] o.s.beans.CachedIntrospectionResults     : Caching PropertyDescriptors for class [org.springframework.web.servlet.mvc.method.annotation.ExceptionHandlerExceptionResolver]
2016-04-27 17:58:13.650 TRACE 37359 --- [    Test worker] o.s.beans.CachedIntrospectionResults     : Found bean property 'applicationContext' of type [org.springframework.context.ApplicationContext]
2016-04-27 17:58:13.650 TRACE 37359 --- [    Test worker] o.s.beans.CachedIntrospectionResults     : Found bean property 'argumentResolvers' of type [org.springframework.web.method.support.HandlerMethodArgumentResolverComposite]
2016-04-27 17:58:13.650 TRACE 37359 --- [    Test worker] o.s.beans.CachedIntrospectionResults     : Found bean property 'class' of type [java.lang.Class]
2016-04-27 17:58:13.650 TRACE 37359 --- [    Test worker] o.s.beans.CachedIntrospectionResults     : Found bean property 'contentNegotiationManager' of type [org.springframework.web.accept.ContentNegotiationManager]
2016-04-27 17:58:13.650 TRACE 37359 --- [    Test worker] o.s.beans.CachedIntrospectionResults     : Found bean property 'customArgumentResolvers' of type [java.util.List]
2016-04-27 17:58:13.650 TRACE 37359 --- [    Test worker] o.s.beans.CachedIntrospectionResults     : Found bean property 'customReturnValueHandlers' of type [java.util.List]
2016-04-27 17:58:13.651 TRACE 37359 --- [    Test worker] o.s.beans.CachedIntrospectionResults     : Found bean property 'exceptionHandlerAdviceCache' of type [java.util.Map]
2016-04-27 17:58:13.651 TRACE 37359 --- [    Test worker] o.s.beans.CachedIntrospectionResults     : Found bean property 'mappedHandlerClasses' of type [[Ljava.lang.Class;]
2016-04-27 17:58:13.651 TRACE 37359 --- [    Test worker] o.s.beans.CachedIntrospectionResults     : Found bean property 'mappedHandlers' of type [java.util.Set]
2016-04-27 17:58:13.651 TRACE 37359 --- [    Test worker] o.s.beans.CachedIntrospectionResults     : Found bean property 'messageConverters' of type [java.util.List]
2016-04-27 17:58:13.651 TRACE 37359 --- [    Test worker] o.s.beans.CachedIntrospectionResults     : Found bean property 'order' of type [int]
2016-04-27 17:58:13.651 TRACE 37359 --- [    Test worker] o.s.beans.CachedIntrospectionResults     : Found bean property 'preventResponseCaching' of type [boolean]
2016-04-27 17:58:13.651 TRACE 37359 --- [    Test worker] o.s.beans.CachedIntrospectionResults     : Found bean property 'responseBodyAdvice' of type [java.util.List]
2016-04-27 17:58:13.651 TRACE 37359 --- [    Test worker] o.s.beans.CachedIntrospectionResults     : Found bean property 'returnValueHandlers' of type [org.springframework.web.method.support.HandlerMethodReturnValueHandlerComposite]
2016-04-27 17:58:13.651 TRACE 37359 --- [    Test worker] o.s.beans.CachedIntrospectionResults     : Found bean property 'warnLogCategory' of type [java.lang.String]
2016-04-27 17:58:13.651 DEBUG 37359 --- [    Test worker] o.s.b.f.s.DefaultListableBeanFactory     : Invoking afterPropertiesSet() on bean with name 'exceptionHandlerExceptionResolver'
2016-04-27 17:58:13.651 DEBUG 37359 --- [    Test worker] .m.m.a.ExceptionHandlerExceptionResolver : Looking for exception mappings: org.springframework.web.context.support.GenericWebApplicationContext@5a677df7: startup date [Wed Apr 27 17:58:10 EDT 2016]; root of context hierarchy
2016-04-27 17:58:13.653  INFO 37359 --- [    Test worker] .m.m.a.ExceptionHandlerExceptionResolver : Detected @ExceptionHandler methods in repositoryRestExceptionHandler
2016-04-27 17:58:13.653 DEBUG 37359 --- [    Test worker] o.s.b.f.s.DefaultListableBeanFactory     : Returning cached instance of singleton bean 'org.springframework.transaction.config.internalTransactionAdvisor'
2016-04-27 17:58:13.653 DEBUG 37359 --- [    Test worker] o.s.b.f.s.DefaultListableBeanFactory     : Returning cached instance of singleton bean 'org.springframework.transaction.config.internalTransactionAdvisor'
2016-04-27 17:58:13.653 DEBUG 37359 --- [    Test worker] o.s.b.f.s.DefaultListableBeanFactory     : Finished creating instance of bean 'exceptionHandlerExceptionResolver'
2016-04-27 17:58:13.653 DEBUG 37359 --- [    Test worker] o.s.b.f.s.DefaultListableBeanFactory     : Creating shared instance of singleton bean 'repositoryRestExceptionHandler'
2016-04-27 17:58:13.653 DEBUG 37359 --- [    Test worker] o.s.b.f.s.DefaultListableBeanFactory     : Creating instance of bean 'repositoryRestExceptionHandler'
2016-04-27 17:58:13.654 DEBUG 37359 --- [    Test worker] o.s.b.f.s.DefaultListableBeanFactory     : Returning cached instance of singleton bean 'org.springframework.transaction.config.internalTransactionAdvisor'
2016-04-27 17:58:13.654 DEBUG 37359 --- [    Test worker] o.s.b.f.s.DefaultListableBeanFactory     : Returning cached instance of singleton bean 'org.springframework.boot.autoconfigure.data.rest.SpringBootRepositoryRestMvcConfiguration'
2016-04-27 17:58:13.654 DEBUG 37359 --- [    Test worker] o.s.b.f.s.DefaultListableBeanFactory     : Eagerly caching bean 'repositoryRestExceptionHandler' to allow for resolving potential circular references
2016-04-27 17:58:13.654 TRACE 37359 --- [    Test worker] o.s.beans.CachedIntrospectionResults     : Getting BeanInfo for class [org.springframework.data.rest.webmvc.RepositoryRestExceptionHandler]
2016-04-27 17:58:13.666 TRACE 37359 --- [    Test worker] o.s.beans.CachedIntrospectionResults     : Caching PropertyDescriptors for class [org.springframework.data.rest.webmvc.RepositoryRestExceptionHandler]
2016-04-27 17:58:13.666 TRACE 37359 --- [    Test worker] o.s.beans.CachedIntrospectionResults     : Found bean property 'class' of type [java.lang.Class]
2016-04-27 17:58:13.667 DEBUG 37359 --- [    Test worker] o.s.b.f.s.DefaultListableBeanFactory     : Returning cached instance of singleton bean 'org.springframework.transaction.config.internalTransactionAdvisor'
2016-04-27 17:58:13.667 DEBUG 37359 --- [    Test worker] o.s.b.f.s.DefaultListableBeanFactory     : Returning cached instance of singleton bean 'org.springframework.transaction.config.internalTransactionAdvisor'
2016-04-27 17:58:13.667 DEBUG 37359 --- [    Test worker] o.s.b.f.s.DefaultListableBeanFactory     : Finished creating instance of bean 'repositoryRestExceptionHandler'
2016-04-27 17:58:13.667 DEBUG 37359 --- [    Test worker] o.s.b.f.s.DefaultListableBeanFactory     : Returning cached instance of singleton bean 'repositoryInvokerFactory'
2016-04-27 17:58:13.667 DEBUG 37359 --- [    Test worker] o.s.b.f.s.DefaultListableBeanFactory     : Returning cached instance of singleton bean 'defaultMessageConverters'
2016-04-27 17:58:13.667 DEBUG 37359 --- [    Test worker] o.s.b.f.s.DefaultListableBeanFactory     : Returning cached instance of singleton bean 'alpsJsonHttpMessageConverter'
2016-04-27 17:58:13.667 DEBUG 37359 --- [    Test worker] o.s.b.f.s.DefaultListableBeanFactory     : Returning cached instance of singleton bean 'pageableResolver'
2016-04-27 17:58:13.667 DEBUG 37359 --- [    Test worker] o.s.b.f.s.DefaultListableBeanFactory     : Returning cached instance of singleton bean 'sortResolver'
2016-04-27 17:58:13.667 DEBUG 37359 --- [    Test worker] o.s.b.f.s.DefaultListableBeanFactory     : Returning cached instance of singleton bean 'backendIdConverterRegistry'
2016-04-27 17:58:13.667 DEBUG 37359 --- [    Test worker] o.s.b.f.s.DefaultListableBeanFactory     : Returning cached instance of singleton bean 'auditableBeanWrapperFactory'
2016-04-27 17:58:13.667 DEBUG 37359 --- [    Test worker] o.s.b.f.s.DefaultListableBeanFactory     : Returning cached instance of singleton bean 'enumTranslator'
2016-04-27 17:58:13.667 DEBUG 37359 --- [    Test worker] o.s.b.f.s.DefaultListableBeanFactory     : Returning cached instance of singleton bean 'alpsConverter'
2016-04-27 17:58:13.667 DEBUG 37359 --- [    Test worker] o.s.b.f.s.DefaultListableBeanFactory     : Returning cached instance of singleton bean 'profileResourceProcessor'
2016-04-27 17:58:13.667 DEBUG 37359 --- [    Test worker] o.s.b.f.s.DefaultListableBeanFactory     : Returning cached instance of singleton bean 'pagedResourcesAssembler'
2016-04-27 17:58:13.667 DEBUG 37359 --- [    Test worker] o.s.b.f.s.DefaultListableBeanFactory     : Returning cached instance of singleton bean 'pagedResourcesAssemblerArgumentResolver'
2016-04-27 17:58:13.667 DEBUG 37359 --- [    Test worker] o.s.b.f.s.DefaultListableBeanFactory     : Creating shared instance of singleton bean 'entityLinksPluginRegistry'
2016-04-27 17:58:13.667 DEBUG 37359 --- [    Test worker] o.s.b.f.s.DefaultListableBeanFactory     : Creating instance of bean 'entityLinksPluginRegistry'
2016-04-27 17:58:13.667 DEBUG 37359 --- [    Test worker] o.s.b.f.s.DefaultListableBeanFactory     : Returning cached instance of singleton bean 'org.springframework.transaction.config.internalTransactionAdvisor'
2016-04-27 17:58:13.667 DEBUG 37359 --- [    Test worker] o.s.b.f.s.DefaultListableBeanFactory     : Eagerly caching bean 'entityLinksPluginRegistry' to allow for resolving potential circular references
2016-04-27 17:58:13.667 DEBUG 37359 --- [    Test worker] o.s.b.f.s.DefaultListableBeanFactory     : Invoking afterPropertiesSet() on bean with name 'entityLinksPluginRegistry'
2016-04-27 17:58:13.667 DEBUG 37359 --- [    Test worker] o.s.b.f.s.DefaultListableBeanFactory     : Returning cached instance of singleton bean 'org.springframework.transaction.config.internalTransactionAdvisor'
2016-04-27 17:58:13.667 DEBUG 37359 --- [    Test worker] o.s.b.f.s.DefaultListableBeanFactory     : Returning cached instance of singleton bean 'org.springframework.transaction.config.internalTransactionAdvisor'
2016-04-27 17:58:13.667 DEBUG 37359 --- [    Test worker] o.s.b.f.s.DefaultListableBeanFactory     : Finished creating instance of bean 'entityLinksPluginRegistry'
2016-04-27 17:58:13.667 DEBUG 37359 --- [    Test worker] o.s.b.f.s.DefaultListableBeanFactory     : Returning cached instance of singleton bean 'controllerEntityLinks'
2016-04-27 17:58:13.668 DEBUG 37359 --- [    Test worker] o.s.b.f.s.DefaultListableBeanFactory     : Returning cached instance of singleton bean 'delegatingEntityLinks'
2016-04-27 17:58:13.668 DEBUG 37359 --- [    Test worker] o.s.b.f.s.DefaultListableBeanFactory     : Returning cached instance of singleton bean '_halObjectMapper'
2016-04-27 17:58:13.668 DEBUG 37359 --- [    Test worker] o.s.b.f.s.DefaultListableBeanFactory     : Returning cached instance of singleton bean 'org.springframework.hateoas.config.HypermediaSupportBeanDefinitionRegistrar$DefaultObjectMapperCustomizer#0'
2016-04-27 17:58:13.668 DEBUG 37359 --- [    Test worker] o.s.b.f.s.DefaultListableBeanFactory     : Returning cached instance of singleton bean 'org.springframework.hateoas.config.HypermediaSupportBeanDefinitionRegistrar$Jackson2ModuleRegisteringBeanPostProcessor#0'
2016-04-27 17:58:13.668 DEBUG 37359 --- [    Test worker] o.s.b.f.s.DefaultListableBeanFactory     : Creating shared instance of singleton bean '_linkDiscovererRegistry'
2016-04-27 17:58:13.668 DEBUG 37359 --- [    Test worker] o.s.b.f.s.DefaultListableBeanFactory     : Creating instance of bean '_linkDiscovererRegistry'
2016-04-27 17:58:13.668 DEBUG 37359 --- [    Test worker] o.s.b.f.s.DefaultListableBeanFactory     : Returning cached instance of singleton bean 'org.springframework.transaction.config.internalTransactionAdvisor'
2016-04-27 17:58:13.668 DEBUG 37359 --- [    Test worker] o.s.b.f.s.DefaultListableBeanFactory     : Eagerly caching bean '_linkDiscovererRegistry' to allow for resolving potential circular references
2016-04-27 17:58:13.668 DEBUG 37359 --- [    Test worker] o.s.b.f.s.DefaultListableBeanFactory     : Invoking afterPropertiesSet() on bean with name '_linkDiscovererRegistry'
2016-04-27 17:58:13.668 DEBUG 37359 --- [    Test worker] o.s.b.f.s.DefaultListableBeanFactory     : Returning cached instance of singleton bean 'org.springframework.transaction.config.internalTransactionAdvisor'
2016-04-27 17:58:13.668 DEBUG 37359 --- [    Test worker] o.s.b.f.s.DefaultListableBeanFactory     : Returning cached instance of singleton bean 'org.springframework.transaction.config.internalTransactionAdvisor'
2016-04-27 17:58:13.668 DEBUG 37359 --- [    Test worker] o.s.b.f.s.DefaultListableBeanFactory     : Finished creating instance of bean '_linkDiscovererRegistry'
2016-04-27 17:58:13.668 DEBUG 37359 --- [    Test worker] o.s.b.f.s.DefaultListableBeanFactory     : Creating shared instance of singleton bean 'org.springframework.hateoas.LinkDiscoverers#0'
2016-04-27 17:58:13.668 DEBUG 37359 --- [    Test worker] o.s.b.f.s.DefaultListableBeanFactory     : Creating instance of bean 'org.springframework.hateoas.LinkDiscoverers#0'
2016-04-27 17:58:13.668 DEBUG 37359 --- [    Test worker] o.s.b.f.s.DefaultListableBeanFactory     : Returning cached instance of singleton bean 'org.springframework.transaction.config.internalTransactionAdvisor'
2016-04-27 17:58:13.668 DEBUG 37359 --- [    Test worker] o.s.b.f.s.DefaultListableBeanFactory     : Returning cached instance of singleton bean '_linkDiscovererRegistry'
2016-04-27 17:58:13.668 DEBUG 37359 --- [    Test worker] o.s.aop.framework.JdkDynamicAopProxy     : Creating JDK dynamic proxy: target source is org.springframework.plugin.core.support.AbstractTypeAwareSupport$BeansOfTypeTargetSource@3aade5ca
2016-04-27 17:58:13.668 DEBUG 37359 --- [    Test worker] o.s.b.f.s.DefaultListableBeanFactory     : Returning cached instance of singleton bean 'org.springframework.transaction.config.internalTransactionAdvisor'
2016-04-27 17:58:13.669 DEBUG 37359 --- [    Test worker] o.s.b.f.s.DefaultListableBeanFactory     : Returning cached instance of singleton bean 'org.springframework.transaction.config.internalTransactionAdvisor'
2016-04-27 17:58:13.669 DEBUG 37359 --- [    Test worker] o.s.b.f.s.DefaultListableBeanFactory     : Eagerly caching bean 'org.springframework.hateoas.LinkDiscoverers#0' to allow for resolving potential circular references
2016-04-27 17:58:13.669 TRACE 37359 --- [    Test worker] o.s.beans.CachedIntrospectionResults     : Getting BeanInfo for class [org.springframework.hateoas.LinkDiscoverers]
2016-04-27 17:58:13.670 TRACE 37359 --- [    Test worker] o.s.beans.CachedIntrospectionResults     : Caching PropertyDescriptors for class [org.springframework.hateoas.LinkDiscoverers]
2016-04-27 17:58:13.670 TRACE 37359 --- [    Test worker] o.s.beans.CachedIntrospectionResults     : Found bean property 'class' of type [java.lang.Class]
2016-04-27 17:58:13.670 DEBUG 37359 --- [    Test worker] o.s.b.f.s.DefaultListableBeanFactory     : Returning cached instance of singleton bean 'org.springframework.transaction.config.internalTransactionAdvisor'
2016-04-27 17:58:13.670 DEBUG 37359 --- [    Test worker] o.s.b.f.s.DefaultListableBeanFactory     : Returning cached instance of singleton bean 'org.springframework.transaction.config.internalTransactionAdvisor'
2016-04-27 17:58:13.670 DEBUG 37359 --- [    Test worker] o.s.b.f.s.DefaultListableBeanFactory     : Finished creating instance of bean 'org.springframework.hateoas.LinkDiscoverers#0'
2016-04-27 17:58:13.670 DEBUG 37359 --- [    Test worker] o.s.b.f.s.DefaultListableBeanFactory     : Returning cached instance of singleton bean 'defaultRelProvider'
2016-04-27 17:58:13.670 DEBUG 37359 --- [    Test worker] o.s.b.f.s.DefaultListableBeanFactory     : Returning cached instance of singleton bean 'annotationRelProvider'
2016-04-27 17:58:13.670 DEBUG 37359 --- [    Test worker] o.s.b.f.s.DefaultListableBeanFactory     : Creating shared instance of singleton bean 'relProviderPluginRegistry'
2016-04-27 17:58:13.670 DEBUG 37359 --- [    Test worker] o.s.b.f.s.DefaultListableBeanFactory     : Creating instance of bean 'relProviderPluginRegistry'
2016-04-27 17:58:13.670 DEBUG 37359 --- [    Test worker] o.s.b.f.s.DefaultListableBeanFactory     : Returning cached instance of singleton bean 'org.springframework.transaction.config.internalTransactionAdvisor'
2016-04-27 17:58:13.670 DEBUG 37359 --- [    Test worker] o.s.b.f.s.DefaultListableBeanFactory     : Eagerly caching bean 'relProviderPluginRegistry' to allow for resolving potential circular references
2016-04-27 17:58:13.670 DEBUG 37359 --- [    Test worker] o.s.b.f.s.DefaultListableBeanFactory     : Invoking afterPropertiesSet() on bean with name 'relProviderPluginRegistry'
2016-04-27 17:58:13.670 DEBUG 37359 --- [    Test worker] o.s.b.f.s.DefaultListableBeanFactory     : Returning cached instance of singleton bean 'org.springframework.transaction.config.internalTransactionAdvisor'
2016-04-27 17:58:13.670 DEBUG 37359 --- [    Test worker] o.s.b.f.s.DefaultListableBeanFactory     : Returning cached instance of singleton bean 'org.springframework.transaction.config.internalTransactionAdvisor'
2016-04-27 17:58:13.670 DEBUG 37359 --- [    Test worker] o.s.b.f.s.DefaultListableBeanFactory     : Finished creating instance of bean 'relProviderPluginRegistry'
2016-04-27 17:58:13.670 DEBUG 37359 --- [    Test worker] o.s.b.f.s.DefaultListableBeanFactory     : Returning cached instance of singleton bean '_relProvider'
2016-04-27 17:58:13.670 DEBUG 37359 --- [    Test worker] o.s.b.f.s.DefaultListableBeanFactory     : Returning cached instance of singleton bean 'org.springframework.boot.autoconfigure.data.rest.RepositoryRestMvcAutoConfiguration'
2016-04-27 17:58:13.670 DEBUG 37359 --- [    Test worker] o.s.b.f.s.DefaultListableBeanFactory     : Returning cached instance of singleton bean 'springBootRepositoryRestConfigurer'
2016-04-27 17:58:13.671 DEBUG 37359 --- [    Test worker] o.s.b.f.s.DefaultListableBeanFactory     : Creating shared instance of singleton bean 'org.springframework.boot.autoconfigure.hateoas.HypermediaAutoConfiguration'
2016-04-27 17:58:13.671 DEBUG 37359 --- [    Test worker] o.s.b.f.s.DefaultListableBeanFactory     : Creating instance of bean 'org.springframework.boot.autoconfigure.hateoas.HypermediaAutoConfiguration'
2016-04-27 17:58:13.671 DEBUG 37359 --- [    Test worker] o.s.b.f.s.DefaultListableBeanFactory     : Returning cached instance of singleton bean 'org.springframework.transaction.config.internalTransactionAdvisor'
2016-04-27 17:58:13.671 DEBUG 37359 --- [    Test worker] o.s.b.f.s.DefaultListableBeanFactory     : Eagerly caching bean 'org.springframework.boot.autoconfigure.hateoas.HypermediaAutoConfiguration' to allow for resolving potential circular references
2016-04-27 17:58:13.671 TRACE 37359 --- [    Test worker] o.s.beans.CachedIntrospectionResults     : Getting BeanInfo for class [org.springframework.boot.autoconfigure.hateoas.HypermediaAutoConfiguration$$EnhancerBySpringCGLIB$$9ba6a39f]
2016-04-27 17:58:13.672 TRACE 37359 --- [    Test worker] o.s.beans.CachedIntrospectionResults     : Caching PropertyDescriptors for class [org.springframework.boot.autoconfigure.hateoas.HypermediaAutoConfiguration$$EnhancerBySpringCGLIB$$9ba6a39f]
2016-04-27 17:58:13.672 TRACE 37359 --- [    Test worker] o.s.beans.CachedIntrospectionResults     : Found bean property 'beanFactory' of type [org.springframework.beans.factory.BeanFactory]
2016-04-27 17:58:13.672 TRACE 37359 --- [    Test worker] o.s.beans.CachedIntrospectionResults     : Found bean property 'class' of type [java.lang.Class]
2016-04-27 17:58:13.672 DEBUG 37359 --- [    Test worker] o.s.b.f.s.DefaultListableBeanFactory     : Returning cached instance of singleton bean 'org.springframework.transaction.config.internalTransactionAdvisor'
2016-04-27 17:58:13.672 DEBUG 37359 --- [    Test worker] o.s.b.f.s.DefaultListableBeanFactory     : Returning cached instance of singleton bean 'org.springframework.transaction.config.internalTransactionAdvisor'
2016-04-27 17:58:13.673 DEBUG 37359 --- [    Test worker] o.s.b.f.s.DefaultListableBeanFactory     : Finished creating instance of bean 'org.springframework.boot.autoconfigure.hateoas.HypermediaAutoConfiguration'
2016-04-27 17:58:13.673 DEBUG 37359 --- [    Test worker] o.s.b.f.s.DefaultListableBeanFactory     : Creating shared instance of singleton bean 'spring.hateoas.CONFIGURATION_PROPERTIES'
2016-04-27 17:58:13.673 DEBUG 37359 --- [    Test worker] o.s.b.f.s.DefaultListableBeanFactory     : Creating instance of bean 'spring.hateoas.CONFIGURATION_PROPERTIES'
2016-04-27 17:58:13.673 DEBUG 37359 --- [    Test worker] o.s.b.f.s.DefaultListableBeanFactory     : Returning cached instance of singleton bean 'org.springframework.transaction.config.internalTransactionAdvisor'
2016-04-27 17:58:13.673 DEBUG 37359 --- [    Test worker] o.s.b.f.s.DefaultListableBeanFactory     : Eagerly caching bean 'spring.hateoas.CONFIGURATION_PROPERTIES' to allow for resolving potential circular references
2016-04-27 17:58:13.673 TRACE 37359 --- [    Test worker] o.s.beans.CachedIntrospectionResults     : Getting BeanInfo for class [org.springframework.boot.autoconfigure.hateoas.HateoasProperties]
2016-04-27 17:58:13.674 TRACE 37359 --- [    Test worker] o.s.beans.CachedIntrospectionResults     : Caching PropertyDescriptors for class [org.springframework.boot.autoconfigure.hateoas.HateoasProperties]
2016-04-27 17:58:13.674 TRACE 37359 --- [    Test worker] o.s.beans.CachedIntrospectionResults     : Found bean property 'applyToPrimaryObjectMapper' of type [boolean]
2016-04-27 17:58:13.674 TRACE 37359 --- [    Test worker] o.s.beans.CachedIntrospectionResults     : Found bean property 'class' of type [java.lang.Class]
2016-04-27 17:58:13.674 TRACE 37359 --- [    Test worker] o.s.b.b.PropertiesConfigurationFactory   : Property Sources: org.springframework.boot.context.properties.ConfigurationPropertiesBindingPostProcessor$FlatPropertySources@6794fe26
2016-04-27 17:58:13.674 DEBUG 37359 --- [    Test worker] o.s.core.env.MutablePropertySources      : Adding [systemProperties] PropertySource with lowest search precedence
2016-04-27 17:58:13.674 DEBUG 37359 --- [    Test worker] o.s.core.env.MutablePropertySources      : Adding [systemEnvironment] PropertySource with lowest search precedence
2016-04-27 17:58:13.674 DEBUG 37359 --- [    Test worker] o.s.core.env.MutablePropertySources      : Adding [random] PropertySource with lowest search precedence
2016-04-27 17:58:13.674 DEBUG 37359 --- [    Test worker] o.s.core.env.MutablePropertySources      : Adding [integrationTest] PropertySource with lowest search precedence
2016-04-27 17:58:13.674 DEBUG 37359 --- [    Test worker] o.s.core.env.MutablePropertySources      : Adding [applicationConfig: [classpath:/application.yml]] PropertySource with lowest search precedence
2016-04-27 17:58:13.674 DEBUG 37359 --- [    Test worker] o.s.core.env.MutablePropertySources      : Adding [localProperties] PropertySource with lowest search precedence
2016-04-27 17:58:13.675 DEBUG 37359 --- [    Test worker] o.s.b.f.s.DefaultListableBeanFactory     : Returning cached instance of singleton bean 'org.springframework.transaction.config.internalTransactionAdvisor'
2016-04-27 17:58:13.675 DEBUG 37359 --- [    Test worker] o.s.b.f.s.DefaultListableBeanFactory     : Returning cached instance of singleton bean 'org.springframework.transaction.config.internalTransactionAdvisor'
2016-04-27 17:58:13.676 DEBUG 37359 --- [    Test worker] o.s.b.f.s.DefaultListableBeanFactory     : Finished creating instance of bean 'spring.hateoas.CONFIGURATION_PROPERTIES'
2016-04-27 17:58:13.676 DEBUG 37359 --- [    Test worker] o.s.b.f.s.DefaultListableBeanFactory     : Returning cached instance of singleton bean 'org.springframework.transaction.annotation.ProxyTransactionManagementConfiguration'
2016-04-27 17:58:13.676 DEBUG 37359 --- [    Test worker] o.s.b.f.s.DefaultListableBeanFactory     : Returning cached instance of singleton bean 'org.springframework.transaction.config.internalTransactionAdvisor'
2016-04-27 17:58:13.676 DEBUG 37359 --- [    Test worker] o.s.b.f.s.DefaultListableBeanFactory     : Returning cached instance of singleton bean 'transactionAttributeSource'
2016-04-27 17:58:13.676 DEBUG 37359 --- [    Test worker] o.s.b.f.s.DefaultListableBeanFactory     : Returning cached instance of singleton bean 'transactionInterceptor'
2016-04-27 17:58:13.676 DEBUG 37359 --- [    Test worker] o.s.b.f.s.DefaultListableBeanFactory     : Creating shared instance of singleton bean 'org.springframework.transaction.config.internalTransactionalEventListenerFactory'
2016-04-27 17:58:13.676 DEBUG 37359 --- [    Test worker] o.s.b.f.s.DefaultListableBeanFactory     : Creating instance of bean 'org.springframework.transaction.config.internalTransactionalEventListenerFactory'
2016-04-27 17:58:13.676 DEBUG 37359 --- [    Test worker] o.s.b.f.s.DefaultListableBeanFactory     : Returning cached instance of singleton bean 'org.springframework.transaction.config.internalTransactionAdvisor'
2016-04-27 17:58:13.676 DEBUG 37359 --- [    Test worker] o.s.b.f.s.DefaultListableBeanFactory     : Returning cached instance of singleton bean 'org.springframework.transaction.annotation.ProxyTransactionManagementConfiguration'
2016-04-27 17:58:13.677 DEBUG 37359 --- [    Test worker] o.s.b.f.s.DefaultListableBeanFactory     : Eagerly caching bean 'org.springframework.transaction.config.internalTransactionalEventListenerFactory' to allow for resolving potential circular references
2016-04-27 17:58:13.677 TRACE 37359 --- [    Test worker] o.s.beans.CachedIntrospectionResults     : Getting BeanInfo for class [org.springframework.transaction.event.TransactionalEventListenerFactory]
2016-04-27 17:58:13.677 TRACE 37359 --- [    Test worker] o.s.beans.CachedIntrospectionResults     : Caching PropertyDescriptors for class [org.springframework.transaction.event.TransactionalEventListenerFactory]
2016-04-27 17:58:13.677 TRACE 37359 --- [    Test worker] o.s.beans.CachedIntrospectionResults     : Found bean property 'class' of type [java.lang.Class]
2016-04-27 17:58:13.677 TRACE 37359 --- [    Test worker] o.s.beans.CachedIntrospectionResults     : Found bean property 'order' of type [int]
2016-04-27 17:58:13.678 DEBUG 37359 --- [    Test worker] o.s.b.f.s.DefaultListableBeanFactory     : Returning cached instance of singleton bean 'org.springframework.transaction.config.internalTransactionAdvisor'
2016-04-27 17:58:13.678 DEBUG 37359 --- [    Test worker] o.s.b.f.s.DefaultListableBeanFactory     : Returning cached instance of singleton bean 'org.springframework.transaction.config.internalTransactionAdvisor'
2016-04-27 17:58:13.678 DEBUG 37359 --- [    Test worker] o.s.b.f.s.DefaultListableBeanFactory     : Finished creating instance of bean 'org.springframework.transaction.config.internalTransactionalEventListenerFactory'
2016-04-27 17:58:13.678 DEBUG 37359 --- [    Test worker] o.s.b.f.s.DefaultListableBeanFactory     : Creating shared instance of singleton bean 'org.springframework.boot.autoconfigure.jdbc.DataSourceTransactionManagerAutoConfiguration$TransactionManagementConfiguration'
2016-04-27 17:58:13.678 DEBUG 37359 --- [    Test worker] o.s.b.f.s.DefaultListableBeanFactory     : Creating instance of bean 'org.springframework.boot.autoconfigure.jdbc.DataSourceTransactionManagerAutoConfiguration$TransactionManagementConfiguration'
2016-04-27 17:58:13.678 DEBUG 37359 --- [    Test worker] o.s.b.f.s.DefaultListableBeanFactory     : Returning cached instance of singleton bean 'org.springframework.transaction.config.internalTransactionAdvisor'
2016-04-27 17:58:13.678 DEBUG 37359 --- [    Test worker] o.s.b.f.s.DefaultListableBeanFactory     : Eagerly caching bean 'org.springframework.boot.autoconfigure.jdbc.DataSourceTransactionManagerAutoConfiguration$TransactionManagementConfiguration' to allow for resolving potential circular references
2016-04-27 17:58:13.678 TRACE 37359 --- [    Test worker] o.s.beans.CachedIntrospectionResults     : Getting BeanInfo for class [org.springframework.boot.autoconfigure.jdbc.DataSourceTransactionManagerAutoConfiguration$TransactionManagementConfiguration$$EnhancerBySpringCGLIB$$e2aab260]
2016-04-27 17:58:13.679 TRACE 37359 --- [    Test worker] o.s.beans.CachedIntrospectionResults     : Caching PropertyDescriptors for class [org.springframework.boot.autoconfigure.jdbc.DataSourceTransactionManagerAutoConfiguration$TransactionManagementConfiguration$$EnhancerBySpringCGLIB$$e2aab260]
2016-04-27 17:58:13.680 TRACE 37359 --- [    Test worker] o.s.beans.CachedIntrospectionResults     : Found bean property 'beanFactory' of type [org.springframework.beans.factory.BeanFactory]
2016-04-27 17:58:13.680 TRACE 37359 --- [    Test worker] o.s.beans.CachedIntrospectionResults     : Found bean property 'class' of type [java.lang.Class]
2016-04-27 17:58:13.680 DEBUG 37359 --- [    Test worker] o.s.b.f.s.DefaultListableBeanFactory     : Returning cached instance of singleton bean 'org.springframework.transaction.config.internalTransactionAdvisor'
2016-04-27 17:58:13.680 DEBUG 37359 --- [    Test worker] o.s.b.f.s.DefaultListableBeanFactory     : Returning cached instance of singleton bean 'org.springframework.transaction.config.internalTransactionAdvisor'
2016-04-27 17:58:13.680 DEBUG 37359 --- [    Test worker] o.s.b.f.s.DefaultListableBeanFactory     : Finished creating instance of bean 'org.springframework.boot.autoconfigure.jdbc.DataSourceTransactionManagerAutoConfiguration$TransactionManagementConfiguration'
2016-04-27 17:58:13.680 DEBUG 37359 --- [    Test worker] o.s.b.f.s.DefaultListableBeanFactory     : Creating shared instance of singleton bean 'org.springframework.boot.autoconfigure.jdbc.DataSourceTransactionManagerAutoConfiguration'
2016-04-27 17:58:13.680 DEBUG 37359 --- [    Test worker] o.s.b.f.s.DefaultListableBeanFactory     : Creating instance of bean 'org.springframework.boot.autoconfigure.jdbc.DataSourceTransactionManagerAutoConfiguration'
2016-04-27 17:58:13.680 DEBUG 37359 --- [    Test worker] o.s.b.f.s.DefaultListableBeanFactory     : Returning cached instance of singleton bean 'org.springframework.transaction.config.internalTransactionAdvisor'
2016-04-27 17:58:13.680 DEBUG 37359 --- [    Test worker] o.s.b.f.annotation.InjectionMetadata     : Registered injected element on class [org.springframework.boot.autoconfigure.jdbc.DataSourceTransactionManagerAutoConfiguration$$EnhancerBySpringCGLIB$$1b60e5bf]: AutowiredFieldElement for private javax.sql.DataSource org.springframework.boot.autoconfigure.jdbc.DataSourceTransactionManagerAutoConfiguration.dataSource
2016-04-27 17:58:13.680 DEBUG 37359 --- [    Test worker] o.s.b.f.s.DefaultListableBeanFactory     : Eagerly caching bean 'org.springframework.boot.autoconfigure.jdbc.DataSourceTransactionManagerAutoConfiguration' to allow for resolving potential circular references
2016-04-27 17:58:13.681 TRACE 37359 --- [    Test worker] o.s.beans.CachedIntrospectionResults     : Getting BeanInfo for class [org.springframework.boot.autoconfigure.jdbc.DataSourceTransactionManagerAutoConfiguration$$EnhancerBySpringCGLIB$$1b60e5bf]
2016-04-27 17:58:13.682 TRACE 37359 --- [    Test worker] o.s.beans.CachedIntrospectionResults     : Caching PropertyDescriptors for class [org.springframework.boot.autoconfigure.jdbc.DataSourceTransactionManagerAutoConfiguration$$EnhancerBySpringCGLIB$$1b60e5bf]
2016-04-27 17:58:13.682 TRACE 37359 --- [    Test worker] o.s.beans.CachedIntrospectionResults     : Found bean property 'beanFactory' of type [org.springframework.beans.factory.BeanFactory]
2016-04-27 17:58:13.682 TRACE 37359 --- [    Test worker] o.s.beans.CachedIntrospectionResults     : Found bean property 'class' of type [java.lang.Class]
2016-04-27 17:58:13.682 TRACE 37359 --- [    Test worker] o.s.beans.CachedIntrospectionResults     : Found bean property 'order' of type [int]
2016-04-27 17:58:13.682 DEBUG 37359 --- [    Test worker] o.s.b.f.annotation.InjectionMetadata     : Processing injected element of bean 'org.springframework.boot.autoconfigure.jdbc.DataSourceTransactionManagerAutoConfiguration': AutowiredFieldElement for private javax.sql.DataSource org.springframework.boot.autoconfigure.jdbc.DataSourceTransactionManagerAutoConfiguration.dataSource
2016-04-27 17:58:13.682 DEBUG 37359 --- [    Test worker] o.s.b.f.s.DefaultListableBeanFactory     : Returning cached instance of singleton bean 'dataSource'
2016-04-27 17:58:13.682 DEBUG 37359 --- [    Test worker] f.a.AutowiredAnnotationBeanPostProcessor : Autowiring by type from bean name 'org.springframework.boot.autoconfigure.jdbc.DataSourceTransactionManagerAutoConfiguration' to bean named 'dataSource'
2016-04-27 17:58:13.682 DEBUG 37359 --- [    Test worker] o.s.b.f.s.DefaultListableBeanFactory     : Returning cached instance of singleton bean 'org.springframework.transaction.config.internalTransactionAdvisor'
2016-04-27 17:58:13.682 DEBUG 37359 --- [    Test worker] o.s.b.f.s.DefaultListableBeanFactory     : Returning cached instance of singleton bean 'org.springframework.transaction.config.internalTransactionAdvisor'
2016-04-27 17:58:13.683 DEBUG 37359 --- [    Test worker] o.s.b.f.s.DefaultListableBeanFactory     : Finished creating instance of bean 'org.springframework.boot.autoconfigure.jdbc.DataSourceTransactionManagerAutoConfiguration'
2016-04-27 17:58:13.683 DEBUG 37359 --- [    Test worker] o.s.b.f.s.DefaultListableBeanFactory     : Creating shared instance of singleton bean 'org.springframework.boot.autoconfigure.security.SecurityFilterAutoConfiguration'
2016-04-27 17:58:13.683 DEBUG 37359 --- [    Test worker] o.s.b.f.s.DefaultListableBeanFactory     : Creating instance of bean 'org.springframework.boot.autoconfigure.security.SecurityFilterAutoConfiguration'
2016-04-27 17:58:13.683 DEBUG 37359 --- [    Test worker] o.s.b.f.s.DefaultListableBeanFactory     : Returning cached instance of singleton bean 'org.springframework.transaction.config.internalTransactionAdvisor'
2016-04-27 17:58:13.683 DEBUG 37359 --- [    Test worker] o.s.b.f.s.DefaultListableBeanFactory     : Eagerly caching bean 'org.springframework.boot.autoconfigure.security.SecurityFilterAutoConfiguration' to allow for resolving potential circular references
2016-04-27 17:58:13.683 TRACE 37359 --- [    Test worker] o.s.beans.CachedIntrospectionResults     : Getting BeanInfo for class [org.springframework.boot.autoconfigure.security.SecurityFilterAutoConfiguration$$EnhancerBySpringCGLIB$$b89d30a0]
2016-04-27 17:58:13.684 TRACE 37359 --- [    Test worker] o.s.beans.CachedIntrospectionResults     : Caching PropertyDescriptors for class [org.springframework.boot.autoconfigure.security.SecurityFilterAutoConfiguration$$EnhancerBySpringCGLIB$$b89d30a0]
2016-04-27 17:58:13.684 TRACE 37359 --- [    Test worker] o.s.beans.CachedIntrospectionResults     : Found bean property 'beanFactory' of type [org.springframework.beans.factory.BeanFactory]
2016-04-27 17:58:13.684 TRACE 37359 --- [    Test worker] o.s.beans.CachedIntrospectionResults     : Found bean property 'class' of type [java.lang.Class]
2016-04-27 17:58:13.685 DEBUG 37359 --- [    Test worker] o.s.b.f.s.DefaultListableBeanFactory     : Returning cached instance of singleton bean 'org.springframework.transaction.config.internalTransactionAdvisor'
2016-04-27 17:58:13.685 DEBUG 37359 --- [    Test worker] o.s.b.f.s.DefaultListableBeanFactory     : Returning cached instance of singleton bean 'org.springframework.transaction.config.internalTransactionAdvisor'
2016-04-27 17:58:13.685 DEBUG 37359 --- [    Test worker] o.s.b.f.s.DefaultListableBeanFactory     : Finished creating instance of bean 'org.springframework.boot.autoconfigure.security.SecurityFilterAutoConfiguration'
2016-04-27 17:58:13.685 DEBUG 37359 --- [    Test worker] o.s.b.f.s.DefaultListableBeanFactory     : Creating shared instance of singleton bean 'org.springframework.boot.autoconfigure.transaction.TransactionAutoConfiguration'
2016-04-27 17:58:13.685 DEBUG 37359 --- [    Test worker] o.s.b.f.s.DefaultListableBeanFactory     : Creating instance of bean 'org.springframework.boot.autoconfigure.transaction.TransactionAutoConfiguration'
2016-04-27 17:58:13.685 DEBUG 37359 --- [    Test worker] o.s.b.f.s.DefaultListableBeanFactory     : Returning cached instance of singleton bean 'org.springframework.transaction.config.internalTransactionAdvisor'
2016-04-27 17:58:13.685 DEBUG 37359 --- [    Test worker] o.s.b.f.annotation.InjectionMetadata     : Registered injected element on class [org.springframework.boot.autoconfigure.transaction.TransactionAutoConfiguration$$EnhancerBySpringCGLIB$$d1a70d58]: AutowiredFieldElement for private org.springframework.transaction.PlatformTransactionManager org.springframework.boot.autoconfigure.transaction.TransactionAutoConfiguration.transactionManager
2016-04-27 17:58:13.685 DEBUG 37359 --- [    Test worker] o.s.b.f.s.DefaultListableBeanFactory     : Eagerly caching bean 'org.springframework.boot.autoconfigure.transaction.TransactionAutoConfiguration' to allow for resolving potential circular references
2016-04-27 17:58:13.685 TRACE 37359 --- [    Test worker] o.s.beans.CachedIntrospectionResults     : Getting BeanInfo for class [org.springframework.boot.autoconfigure.transaction.TransactionAutoConfiguration$$EnhancerBySpringCGLIB$$d1a70d58]
2016-04-27 17:58:13.686 TRACE 37359 --- [    Test worker] o.s.beans.CachedIntrospectionResults     : Caching PropertyDescriptors for class [org.springframework.boot.autoconfigure.transaction.TransactionAutoConfiguration$$EnhancerBySpringCGLIB$$d1a70d58]
2016-04-27 17:58:13.686 TRACE 37359 --- [    Test worker] o.s.beans.CachedIntrospectionResults     : Found bean property 'beanFactory' of type [org.springframework.beans.factory.BeanFactory]
2016-04-27 17:58:13.686 TRACE 37359 --- [    Test worker] o.s.beans.CachedIntrospectionResults     : Found bean property 'class' of type [java.lang.Class]
2016-04-27 17:58:13.687 DEBUG 37359 --- [    Test worker] o.s.b.f.annotation.InjectionMetadata     : Processing injected element of bean 'org.springframework.boot.autoconfigure.transaction.TransactionAutoConfiguration': AutowiredFieldElement for private org.springframework.transaction.PlatformTransactionManager org.springframework.boot.autoconfigure.transaction.TransactionAutoConfiguration.transactionManager
2016-04-27 17:58:13.687 DEBUG 37359 --- [    Test worker] o.s.b.f.s.DefaultListableBeanFactory     : Returning cached instance of singleton bean 'transactionManager'
2016-04-27 17:58:13.687 DEBUG 37359 --- [    Test worker] f.a.AutowiredAnnotationBeanPostProcessor : Autowiring by type from bean name 'org.springframework.boot.autoconfigure.transaction.TransactionAutoConfiguration' to bean named 'transactionManager'
2016-04-27 17:58:13.687 DEBUG 37359 --- [    Test worker] o.s.b.f.s.DefaultListableBeanFactory     : Returning cached instance of singleton bean 'org.springframework.transaction.config.internalTransactionAdvisor'
2016-04-27 17:58:13.687 DEBUG 37359 --- [    Test worker] o.s.b.f.s.DefaultListableBeanFactory     : Returning cached instance of singleton bean 'org.springframework.transaction.config.internalTransactionAdvisor'
2016-04-27 17:58:13.688 DEBUG 37359 --- [    Test worker] o.s.b.f.s.DefaultListableBeanFactory     : Finished creating instance of bean 'org.springframework.boot.autoconfigure.transaction.TransactionAutoConfiguration'
2016-04-27 17:58:13.688 DEBUG 37359 --- [    Test worker] o.s.b.f.s.DefaultListableBeanFactory     : Creating shared instance of singleton bean 'transactionTemplate'
2016-04-27 17:58:13.688 DEBUG 37359 --- [    Test worker] o.s.b.f.s.DefaultListableBeanFactory     : Creating instance of bean 'transactionTemplate'
2016-04-27 17:58:13.688 DEBUG 37359 --- [    Test worker] o.s.b.f.s.DefaultListableBeanFactory     : Returning cached instance of singleton bean 'org.springframework.transaction.config.internalTransactionAdvisor'
2016-04-27 17:58:13.688 DEBUG 37359 --- [    Test worker] o.s.b.f.s.DefaultListableBeanFactory     : Returning cached instance of singleton bean 'org.springframework.boot.autoconfigure.transaction.TransactionAutoConfiguration'
2016-04-27 17:58:13.689 DEBUG 37359 --- [    Test worker] o.s.b.f.s.DefaultListableBeanFactory     : Eagerly caching bean 'transactionTemplate' to allow for resolving potential circular references
2016-04-27 17:58:13.689 TRACE 37359 --- [    Test worker] o.s.beans.CachedIntrospectionResults     : Getting BeanInfo for class [org.springframework.transaction.support.TransactionTemplate]
2016-04-27 17:58:13.691 TRACE 37359 --- [    Test worker] o.s.beans.CachedIntrospectionResults     : Caching PropertyDescriptors for class [org.springframework.transaction.support.TransactionTemplate]
2016-04-27 17:58:13.691 TRACE 37359 --- [    Test worker] o.s.beans.CachedIntrospectionResults     : Found bean property 'class' of type [java.lang.Class]
2016-04-27 17:58:13.691 TRACE 37359 --- [    Test worker] o.s.beans.CachedIntrospectionResults     : Found bean property 'isolationLevel' of type [int]
2016-04-27 17:58:13.691 TRACE 37359 --- [    Test worker] o.s.beans.CachedIntrospectionResults     : Found bean property 'isolationLevelName' of type [java.lang.String]
2016-04-27 17:58:13.691 TRACE 37359 --- [    Test worker] o.s.beans.CachedIntrospectionResults     : Found bean property 'name' of type [java.lang.String]
2016-04-27 17:58:13.691 TRACE 37359 --- [    Test worker] o.s.beans.CachedIntrospectionResults     : Found bean property 'propagationBehavior' of type [int]
2016-04-27 17:58:13.691 TRACE 37359 --- [    Test worker] o.s.beans.CachedIntrospectionResults     : Found bean property 'propagationBehaviorName' of type [java.lang.String]
2016-04-27 17:58:13.691 TRACE 37359 --- [    Test worker] o.s.beans.CachedIntrospectionResults     : Found bean property 'readOnly' of type [boolean]
2016-04-27 17:58:13.691 TRACE 37359 --- [    Test worker] o.s.beans.CachedIntrospectionResults     : Found bean property 'timeout' of type [int]
2016-04-27 17:58:13.691 TRACE 37359 --- [    Test worker] o.s.beans.CachedIntrospectionResults     : Found bean property 'transactionManager' of type [org.springframework.transaction.PlatformTransactionManager]
2016-04-27 17:58:13.691 DEBUG 37359 --- [    Test worker] o.s.b.f.s.DefaultListableBeanFactory     : Invoking afterPropertiesSet() on bean with name 'transactionTemplate'
2016-04-27 17:58:13.691 DEBUG 37359 --- [    Test worker] o.s.b.f.s.DefaultListableBeanFactory     : Returning cached instance of singleton bean 'org.springframework.transaction.config.internalTransactionAdvisor'
2016-04-27 17:58:13.691 DEBUG 37359 --- [    Test worker] o.s.b.f.s.DefaultListableBeanFactory     : Returning cached instance of singleton bean 'org.springframework.transaction.config.internalTransactionAdvisor'
2016-04-27 17:58:13.691 DEBUG 37359 --- [    Test worker] o.s.b.f.s.DefaultListableBeanFactory     : Finished creating instance of bean 'transactionTemplate'
2016-04-27 17:58:13.691 DEBUG 37359 --- [    Test worker] o.s.b.f.s.DefaultListableBeanFactory     : Creating shared instance of singleton bean 'org.springframework.boot.autoconfigure.web.HttpEncodingAutoConfiguration'
2016-04-27 17:58:13.691 DEBUG 37359 --- [    Test worker] o.s.b.f.s.DefaultListableBeanFactory     : Creating instance of bean 'org.springframework.boot.autoconfigure.web.HttpEncodingAutoConfiguration'
2016-04-27 17:58:13.691 DEBUG 37359 --- [    Test worker] o.s.b.f.s.DefaultListableBeanFactory     : Returning cached instance of singleton bean 'org.springframework.transaction.config.internalTransactionAdvisor'
2016-04-27 17:58:13.692 DEBUG 37359 --- [    Test worker] o.s.b.f.annotation.InjectionMetadata     : Registered injected element on class [org.springframework.boot.autoconfigure.web.HttpEncodingAutoConfiguration$$EnhancerBySpringCGLIB$$d90e98d9]: AutowiredFieldElement for private org.springframework.boot.autoconfigure.web.HttpEncodingProperties org.springframework.boot.autoconfigure.web.HttpEncodingAutoConfiguration.httpEncodingProperties
2016-04-27 17:58:13.692 DEBUG 37359 --- [    Test worker] o.s.b.f.s.DefaultListableBeanFactory     : Eagerly caching bean 'org.springframework.boot.autoconfigure.web.HttpEncodingAutoConfiguration' to allow for resolving potential circular references
2016-04-27 17:58:13.692 TRACE 37359 --- [    Test worker] o.s.beans.CachedIntrospectionResults     : Getting BeanInfo for class [org.springframework.boot.autoconfigure.web.HttpEncodingAutoConfiguration$$EnhancerBySpringCGLIB$$d90e98d9]
2016-04-27 17:58:13.693 TRACE 37359 --- [    Test worker] o.s.beans.CachedIntrospectionResults     : Caching PropertyDescriptors for class [org.springframework.boot.autoconfigure.web.HttpEncodingAutoConfiguration$$EnhancerBySpringCGLIB$$d90e98d9]
2016-04-27 17:58:13.693 TRACE 37359 --- [    Test worker] o.s.beans.CachedIntrospectionResults     : Found bean property 'beanFactory' of type [org.springframework.beans.factory.BeanFactory]
2016-04-27 17:58:13.693 TRACE 37359 --- [    Test worker] o.s.beans.CachedIntrospectionResults     : Found bean property 'class' of type [java.lang.Class]
2016-04-27 17:58:13.693 DEBUG 37359 --- [    Test worker] o.s.b.f.annotation.InjectionMetadata     : Processing injected element of bean 'org.springframework.boot.autoconfigure.web.HttpEncodingAutoConfiguration': AutowiredFieldElement for private org.springframework.boot.autoconfigure.web.HttpEncodingProperties org.springframework.boot.autoconfigure.web.HttpEncodingAutoConfiguration.httpEncodingProperties
2016-04-27 17:58:13.693 DEBUG 37359 --- [    Test worker] o.s.b.f.s.DefaultListableBeanFactory     : Returning cached instance of singleton bean 'spring.http.encoding.CONFIGURATION_PROPERTIES'
2016-04-27 17:58:13.693 DEBUG 37359 --- [    Test worker] f.a.AutowiredAnnotationBeanPostProcessor : Autowiring by type from bean name 'org.springframework.boot.autoconfigure.web.HttpEncodingAutoConfiguration' to bean named 'spring.http.encoding.CONFIGURATION_PROPERTIES'
2016-04-27 17:58:13.694 DEBUG 37359 --- [    Test worker] o.s.b.f.s.DefaultListableBeanFactory     : Returning cached instance of singleton bean 'org.springframework.transaction.config.internalTransactionAdvisor'
2016-04-27 17:58:13.694 DEBUG 37359 --- [    Test worker] o.s.b.f.s.DefaultListableBeanFactory     : Returning cached instance of singleton bean 'org.springframework.transaction.config.internalTransactionAdvisor'
2016-04-27 17:58:13.694 DEBUG 37359 --- [    Test worker] o.s.b.f.s.DefaultListableBeanFactory     : Finished creating instance of bean 'org.springframework.boot.autoconfigure.web.HttpEncodingAutoConfiguration'
2016-04-27 17:58:13.694 DEBUG 37359 --- [    Test worker] o.s.b.f.s.DefaultListableBeanFactory     : Creating shared instance of singleton bean 'characterEncodingFilter'
2016-04-27 17:58:13.694 DEBUG 37359 --- [    Test worker] o.s.b.f.s.DefaultListableBeanFactory     : Creating instance of bean 'characterEncodingFilter'
2016-04-27 17:58:13.694 DEBUG 37359 --- [    Test worker] o.s.b.f.s.DefaultListableBeanFactory     : Returning cached instance of singleton bean 'org.springframework.transaction.config.internalTransactionAdvisor'
2016-04-27 17:58:13.694 DEBUG 37359 --- [    Test worker] o.s.b.f.s.DefaultListableBeanFactory     : Returning cached instance of singleton bean 'org.springframework.boot.autoconfigure.web.HttpEncodingAutoConfiguration'
2016-04-27 17:58:13.696 DEBUG 37359 --- [    Test worker] o.s.w.c.s.StandardServletEnvironment     : Adding [servletConfigInitParams] PropertySource with lowest search precedence
2016-04-27 17:58:13.696 DEBUG 37359 --- [    Test worker] o.s.w.c.s.StandardServletEnvironment     : Adding [servletContextInitParams] PropertySource with lowest search precedence
2016-04-27 17:58:13.696 DEBUG 37359 --- [    Test worker] o.s.w.c.s.StandardServletEnvironment     : Adding [systemProperties] PropertySource with lowest search precedence
2016-04-27 17:58:13.696 DEBUG 37359 --- [    Test worker] o.s.w.c.s.StandardServletEnvironment     : Adding [systemEnvironment] PropertySource with lowest search precedence
2016-04-27 17:58:13.696 DEBUG 37359 --- [    Test worker] o.s.w.c.s.StandardServletEnvironment     : Initialized StandardServletEnvironment with PropertySources [servletConfigInitParams,servletContextInitParams,systemProperties,systemEnvironment]
2016-04-27 17:58:13.696 DEBUG 37359 --- [    Test worker] o.s.b.f.s.DefaultListableBeanFactory     : Eagerly caching bean 'characterEncodingFilter' to allow for resolving potential circular references
2016-04-27 17:58:13.696 TRACE 37359 --- [    Test worker] o.s.beans.CachedIntrospectionResults     : Getting BeanInfo for class [org.springframework.boot.context.web.OrderedCharacterEncodingFilter]
2016-04-27 17:58:13.697 TRACE 37359 --- [    Test worker] o.s.beans.CachedIntrospectionResults     : Caching PropertyDescriptors for class [org.springframework.boot.context.web.OrderedCharacterEncodingFilter]
2016-04-27 17:58:13.697 TRACE 37359 --- [    Test worker] o.s.beans.CachedIntrospectionResults     : Found bean property 'beanName' of type [java.lang.String]
2016-04-27 17:58:13.697 TRACE 37359 --- [    Test worker] o.s.beans.CachedIntrospectionResults     : Found bean property 'class' of type [java.lang.Class]
2016-04-27 17:58:13.697 TRACE 37359 --- [    Test worker] o.s.beans.CachedIntrospectionResults     : Found bean property 'encoding' of type [java.lang.String]
2016-04-27 17:58:13.697 TRACE 37359 --- [    Test worker] o.s.beans.CachedIntrospectionResults     : Found bean property 'environment' of type [org.springframework.core.env.Environment]
2016-04-27 17:58:13.697 TRACE 37359 --- [    Test worker] o.s.beans.CachedIntrospectionResults     : Found bean property 'filterConfig' of type [javax.servlet.FilterConfig]
2016-04-27 17:58:13.697 TRACE 37359 --- [    Test worker] o.s.beans.CachedIntrospectionResults     : Found bean property 'forceEncoding' of type [boolean]
2016-04-27 17:58:13.697 TRACE 37359 --- [    Test worker] o.s.beans.CachedIntrospectionResults     : Found bean property 'order' of type [int]
2016-04-27 17:58:13.697 TRACE 37359 --- [    Test worker] o.s.beans.CachedIntrospectionResults     : Found bean property 'servletContext' of type [javax.servlet.ServletContext]
2016-04-27 17:58:13.698 DEBUG 37359 --- [    Test worker] o.s.b.f.s.DefaultListableBeanFactory     : Invoking afterPropertiesSet() on bean with name 'characterEncodingFilter'
2016-04-27 17:58:13.698 DEBUG 37359 --- [    Test worker] o.s.b.f.s.DefaultListableBeanFactory     : Returning cached instance of singleton bean 'org.springframework.transaction.config.internalTransactionAdvisor'
2016-04-27 17:58:13.698 DEBUG 37359 --- [    Test worker] o.s.b.f.s.DefaultListableBeanFactory     : Returning cached instance of singleton bean 'org.springframework.transaction.config.internalTransactionAdvisor'
2016-04-27 17:58:13.698 DEBUG 37359 --- [    Test worker] o.s.b.f.s.DefaultListableBeanFactory     : Finished creating instance of bean 'characterEncodingFilter'
2016-04-27 17:58:13.698 DEBUG 37359 --- [    Test worker] o.s.b.f.s.DefaultListableBeanFactory     : Returning cached instance of singleton bean 'org.springframework.boot.autoconfigure.web.MultipartAutoConfiguration'
2016-04-27 17:58:13.698 DEBUG 37359 --- [    Test worker] o.s.b.f.s.DefaultListableBeanFactory     : Returning cached instance of singleton bean 'multipartConfigElement'
2016-04-27 17:58:13.698 DEBUG 37359 --- [    Test worker] o.s.b.f.s.DefaultListableBeanFactory     : Creating shared instance of singleton bean 'multipartResolver'
2016-04-27 17:58:13.698 DEBUG 37359 --- [    Test worker] o.s.b.f.s.DefaultListableBeanFactory     : Creating instance of bean 'multipartResolver'
2016-04-27 17:58:13.698 DEBUG 37359 --- [    Test worker] o.s.b.f.s.DefaultListableBeanFactory     : Returning cached instance of singleton bean 'org.springframework.transaction.config.internalTransactionAdvisor'
2016-04-27 17:58:13.698 DEBUG 37359 --- [    Test worker] o.s.b.f.s.DefaultListableBeanFactory     : Returning cached instance of singleton bean 'org.springframework.boot.autoconfigure.web.MultipartAutoConfiguration'
2016-04-27 17:58:13.699 DEBUG 37359 --- [    Test worker] o.s.b.f.s.DefaultListableBeanFactory     : Eagerly caching bean 'multipartResolver' to allow for resolving potential circular references
2016-04-27 17:58:13.699 TRACE 37359 --- [    Test worker] o.s.beans.CachedIntrospectionResults     : Getting BeanInfo for class [org.springframework.web.multipart.support.StandardServletMultipartResolver]
2016-04-27 17:58:13.699 TRACE 37359 --- [    Test worker] o.s.beans.CachedIntrospectionResults     : Caching PropertyDescriptors for class [org.springframework.web.multipart.support.StandardServletMultipartResolver]
2016-04-27 17:58:13.699 TRACE 37359 --- [    Test worker] o.s.beans.CachedIntrospectionResults     : Found bean property 'class' of type [java.lang.Class]
2016-04-27 17:58:13.699 TRACE 37359 --- [    Test worker] o.s.beans.CachedIntrospectionResults     : Found bean property 'resolveLazily' of type [boolean]
2016-04-27 17:58:13.699 DEBUG 37359 --- [    Test worker] o.s.b.f.s.DefaultListableBeanFactory     : Returning cached instance of singleton bean 'org.springframework.transaction.config.internalTransactionAdvisor'
2016-04-27 17:58:13.699 DEBUG 37359 --- [    Test worker] o.s.b.f.s.DefaultListableBeanFactory     : Returning cached instance of singleton bean 'org.springframework.transaction.config.internalTransactionAdvisor'
2016-04-27 17:58:13.700 DEBUG 37359 --- [    Test worker] o.s.b.f.s.DefaultListableBeanFactory     : Finished creating instance of bean 'multipartResolver'
2016-04-27 17:58:13.700 DEBUG 37359 --- [    Test worker] o.s.b.f.s.DefaultListableBeanFactory     : Returning cached instance of singleton bean 'multipart.CONFIGURATION_PROPERTIES'
2016-04-27 17:58:13.700 DEBUG 37359 --- [    Test worker] o.s.b.f.s.DefaultListableBeanFactory     : Returning cached instance of singleton bean 'org.springframework.boot.autoconfigure.web.ServerPropertiesAutoConfiguration'
2016-04-27 17:58:13.700 DEBUG 37359 --- [    Test worker] o.s.b.f.s.DefaultListableBeanFactory     : Returning cached instance of singleton bean 'serverProperties'
2016-04-27 17:58:13.700 DEBUG 37359 --- [    Test worker] o.s.b.f.s.DefaultListableBeanFactory     : Returning cached instance of singleton bean 'org.springframework.orm.jpa.SharedEntityManagerCreator#0'
2016-04-27 17:58:13.700 DEBUG 37359 --- [    Test worker] o.s.b.f.s.DefaultListableBeanFactory     : Returning cached instance of singleton bean 'org.springframework.context.event.internalEventListenerFactory'
2016-04-27 17:58:13.700 DEBUG 37359 --- [    Test worker] o.s.b.f.s.DefaultListableBeanFactory     : Returning cached instance of singleton bean 'org.springframework.transaction.config.internalTransactionalEventListenerFactory'
2016-04-27 17:58:13.701 TRACE 37359 --- [    Test worker] o.s.c.e.EventListenerMethodProcessor     : No @EventListener annotations found on bean class: class org.springframework.context.annotation.ConfigurationClassPostProcessor
2016-04-27 17:58:13.701 TRACE 37359 --- [    Test worker] o.s.c.e.EventListenerMethodProcessor     : No @EventListener annotations found on bean class: class org.springframework.beans.factory.annotation.AutowiredAnnotationBeanPostProcessor
2016-04-27 17:58:13.701 TRACE 37359 --- [    Test worker] o.s.c.e.EventListenerMethodProcessor     : No @EventListener annotations found on bean class: class org.springframework.beans.factory.annotation.RequiredAnnotationBeanPostProcessor
2016-04-27 17:58:13.701 TRACE 37359 --- [    Test worker] o.s.c.e.EventListenerMethodProcessor     : No @EventListener annotations found on bean class: class org.springframework.context.annotation.CommonAnnotationBeanPostProcessor
2016-04-27 17:58:13.702 TRACE 37359 --- [    Test worker] o.s.c.e.EventListenerMethodProcessor     : No @EventListener annotations found on bean class: class org.springframework.orm.jpa.support.PersistenceAnnotationBeanPostProcessor
2016-04-27 17:58:13.702 TRACE 37359 --- [    Test worker] o.s.c.e.EventListenerMethodProcessor     : No @EventListener annotations found on bean class: class org.springframework.context.event.EventListenerMethodProcessor
2016-04-27 17:58:13.702 TRACE 37359 --- [    Test worker] o.s.c.e.EventListenerMethodProcessor     : No @EventListener annotations found on bean class: class org.springframework.context.event.DefaultEventListenerFactory
2016-04-27 17:58:13.702 TRACE 37359 --- [    Test worker] o.s.c.e.EventListenerMethodProcessor     : No @EventListener annotations found on bean class: class demo.CitiesApplication$$EnhancerBySpringCGLIB$$4f9f8d2f
2016-04-27 17:58:13.702 TRACE 37359 --- [    Test worker] o.s.c.e.EventListenerMethodProcessor     : No @EventListener annotations found on bean class: class org.springframework.context.annotation.ConfigurationClassPostProcessor$ImportAwareBeanPostProcessor
2016-04-27 17:58:13.702 TRACE 37359 --- [    Test worker] o.s.c.e.EventListenerMethodProcessor     : No @EventListener annotations found on bean class: class org.springframework.context.annotation.ConfigurationClassPostProcessor$EnhancedConfigurationBeanPostProcessor
2016-04-27 17:58:13.702 TRACE 37359 --- [    Test worker] o.s.c.e.EventListenerMethodProcessor     : No @EventListener annotations found on bean class: class org.springframework.data.rest.webmvc.RepositoryEntityController
2016-04-27 17:58:13.702 TRACE 37359 --- [    Test worker] o.s.c.e.EventListenerMethodProcessor     : No @EventListener annotations found on bean class: class org.springframework.data.rest.webmvc.RepositoryController
2016-04-27 17:58:13.702 TRACE 37359 --- [    Test worker] o.s.c.e.EventListenerMethodProcessor     : No @EventListener annotations found on bean class: class org.springframework.data.rest.webmvc.ProfileController
2016-04-27 17:58:13.702 TRACE 37359 --- [    Test worker] o.s.c.e.EventListenerMethodProcessor     : No @EventListener annotations found on bean class: class org.springframework.data.rest.webmvc.RepositoryPropertyReferenceController
2016-04-27 17:58:13.702 TRACE 37359 --- [    Test worker] o.s.c.e.EventListenerMethodProcessor     : No @EventListener annotations found on bean class: class org.springframework.data.rest.webmvc.RepositorySchemaController
2016-04-27 17:58:13.703 TRACE 37359 --- [    Test worker] o.s.c.e.EventListenerMethodProcessor     : No @EventListener annotations found on bean class: class org.springframework.data.rest.webmvc.RepositorySearchController
2016-04-27 17:58:13.703 TRACE 37359 --- [    Test worker] o.s.c.e.EventListenerMethodProcessor     : No @EventListener annotations found on bean class: class org.springframework.data.rest.webmvc.alps.AlpsController
2016-04-27 17:58:13.703 TRACE 37359 --- [    Test worker] o.s.c.e.EventListenerMethodProcessor     : No @EventListener annotations found on bean class: class org.springframework.boot.autoconfigure.AutoConfigurationPackages$BasePackages
2016-04-27 17:58:13.703 TRACE 37359 --- [    Test worker] o.s.c.e.EventListenerMethodProcessor     : No @EventListener annotations found on bean class: class org.springframework.data.jpa.repository.config.JpaRepositoryConfigExtension
2016-04-27 17:58:13.703 TRACE 37359 --- [    Test worker] o.s.c.e.EventListenerMethodProcessor     : No @EventListener annotations found on bean class: class org.springframework.data.repository.core.support.RepositoryInterfaceAwareBeanPostProcessor
2016-04-27 17:58:13.703 TRACE 37359 --- [    Test worker] o.s.c.e.EventListenerMethodProcessor     : No @EventListener annotations found on bean class: class org.springframework.data.jpa.repository.support.EntityManagerBeanDefinitionRegistrarPostProcessor
2016-04-27 17:58:13.704 TRACE 37359 --- [    Test worker] o.s.c.e.EventListenerMethodProcessor     : No @EventListener annotations found on bean class: class org.springframework.data.jpa.mapping.JpaMetamodelMappingContext
2016-04-27 17:58:13.704 TRACE 37359 --- [    Test worker] o.s.c.e.EventListenerMethodProcessor     : No @EventListener annotations found on bean class: class org.springframework.data.jpa.repository.support.DefaultJpaContext
2016-04-27 17:58:13.704 TRACE 37359 --- [    Test worker] o.s.c.e.EventListenerMethodProcessor     : No @EventListener annotations found on bean class: interface demo.repositories.CityRepository
2016-04-27 17:58:13.704 TRACE 37359 --- [    Test worker] o.s.c.e.EventListenerMethodProcessor     : No @EventListener annotations found on bean class: class org.springframework.boot.autoconfigure.PropertyPlaceholderAutoConfiguration$$EnhancerBySpringCGLIB$$9246ccc8
2016-04-27 17:58:13.704 TRACE 37359 --- [    Test worker] o.s.c.e.EventListenerMethodProcessor     : No @EventListener annotations found on bean class: class org.springframework.boot.autoconfigure.condition.BeanTypeRegistry$OptimizedBeanTypeRegistry
2016-04-27 17:58:13.704 TRACE 37359 --- [    Test worker] o.s.c.e.EventListenerMethodProcessor     : No @EventListener annotations found on bean class: class org.springframework.context.support.PropertySourcesPlaceholderConfigurer
2016-04-27 17:58:13.704 TRACE 37359 --- [    Test worker] o.s.c.e.EventListenerMethodProcessor     : No @EventListener annotations found on bean class: class org.springframework.boot.autoconfigure.websocket.WebSocketAutoConfiguration$TomcatWebSocketConfiguration$$EnhancerBySpringCGLIB$$e6075a97
2016-04-27 17:58:13.705 TRACE 37359 --- [    Test worker] o.s.c.e.EventListenerMethodProcessor     : No @EventListener annotations found on bean class: class org.springframework.boot.autoconfigure.websocket.TomcatWebSocketContainerCustomizer
2016-04-27 17:58:13.705 TRACE 37359 --- [    Test worker] o.s.c.e.EventListenerMethodProcessor     : No @EventListener annotations found on bean class: class org.springframework.boot.autoconfigure.websocket.WebSocketAutoConfiguration$$EnhancerBySpringCGLIB$$686294e6
2016-04-27 17:58:13.705 TRACE 37359 --- [    Test worker] o.s.c.e.EventListenerMethodProcessor     : No @EventListener annotations found on bean class: class org.springframework.boot.autoconfigure.web.EmbeddedServletContainerAutoConfiguration$EmbeddedTomcat$$EnhancerBySpringCGLIB$$d7d6bb2a
2016-04-27 17:58:13.706 TRACE 37359 --- [    Test worker] o.s.c.e.EventListenerMethodProcessor     : No @EventListener annotations found on bean class: class org.springframework.boot.context.embedded.tomcat.TomcatEmbeddedServletContainerFactory
2016-04-27 17:58:13.706 TRACE 37359 --- [    Test worker] o.s.c.e.EventListenerMethodProcessor     : No @EventListener annotations found on bean class: class org.springframework.boot.autoconfigure.web.EmbeddedServletContainerAutoConfiguration$$EnhancerBySpringCGLIB$$a56573ce
2016-04-27 17:58:13.706 TRACE 37359 --- [    Test worker] o.s.c.e.EventListenerMethodProcessor     : No @EventListener annotations found on bean class: class org.springframework.boot.context.embedded.EmbeddedServletContainerCustomizerBeanPostProcessor
2016-04-27 17:58:13.706 TRACE 37359 --- [    Test worker] o.s.c.e.EventListenerMethodProcessor     : No @EventListener annotations found on bean class: class org.springframework.boot.autoconfigure.web.DispatcherServletAutoConfiguration$DispatcherServletConfiguration$$EnhancerBySpringCGLIB$$7517d8a0
2016-04-27 17:58:13.708 TRACE 37359 --- [    Test worker] o.s.c.e.EventListenerMethodProcessor     : No @EventListener annotations found on bean class: class org.springframework.web.servlet.DispatcherServlet
2016-04-27 17:58:13.708 TRACE 37359 --- [    Test worker] o.s.c.e.EventListenerMethodProcessor     : No @EventListener annotations found on bean class: class org.springframework.boot.context.embedded.ServletRegistrationBean
2016-04-27 17:58:13.708 TRACE 37359 --- [    Test worker] o.s.c.e.EventListenerMethodProcessor     : No @EventListener annotations found on bean class: class org.springframework.boot.autoconfigure.web.DispatcherServletAutoConfiguration$$EnhancerBySpringCGLIB$$47f83362
2016-04-27 17:58:13.708 TRACE 37359 --- [    Test worker] o.s.c.e.EventListenerMethodProcessor     : No @EventListener annotations found on bean class: class org.springframework.boot.autoconfigure.web.ErrorMvcAutoConfiguration$WhitelabelErrorViewConfiguration$$EnhancerBySpringCGLIB$$ba1b873c
2016-04-27 17:58:13.708 TRACE 37359 --- [    Test worker] o.s.c.e.EventListenerMethodProcessor     : No @EventListener annotations found on bean class: class org.springframework.boot.autoconfigure.web.ErrorMvcAutoConfiguration$SpelView
2016-04-27 17:58:13.708 TRACE 37359 --- [    Test worker] o.s.c.e.EventListenerMethodProcessor     : No @EventListener annotations found on bean class: class org.springframework.web.servlet.view.BeanNameViewResolver
2016-04-27 17:58:13.708 TRACE 37359 --- [    Test worker] o.s.c.e.EventListenerMethodProcessor     : No @EventListener annotations found on bean class: class org.springframework.boot.autoconfigure.web.ErrorMvcAutoConfiguration$$EnhancerBySpringCGLIB$$f7be8702
2016-04-27 17:58:13.708 TRACE 37359 --- [    Test worker] o.s.c.e.EventListenerMethodProcessor     : No @EventListener annotations found on bean class: class org.springframework.boot.autoconfigure.web.DefaultErrorAttributes
2016-04-27 17:58:13.708 TRACE 37359 --- [    Test worker] o.s.c.e.EventListenerMethodProcessor     : No @EventListener annotations found on bean class: class org.springframework.boot.autoconfigure.web.BasicErrorController
2016-04-27 17:58:13.709 TRACE 37359 --- [    Test worker] o.s.c.e.EventListenerMethodProcessor     : No @EventListener annotations found on bean class: class org.springframework.boot.autoconfigure.web.WebMvcAutoConfiguration$EnableWebMvcConfiguration$$EnhancerBySpringCGLIB$$6723c077
2016-04-27 17:58:13.710 TRACE 37359 --- [    Test worker] o.s.c.e.EventListenerMethodProcessor     : No @EventListener annotations found on bean class: class org.springframework.web.servlet.mvc.method.annotation.RequestMappingHandlerAdapter
2016-04-27 17:58:13.712 TRACE 37359 --- [    Test worker] o.s.c.e.EventListenerMethodProcessor     : No @EventListener annotations found on bean class: class org.springframework.web.servlet.mvc.method.annotation.RequestMappingHandlerMapping
2016-04-27 17:58:13.712 TRACE 37359 --- [    Test worker] o.s.c.e.EventListenerMethodProcessor     : No @EventListener annotations found on bean class: class org.springframework.web.accept.ContentNegotiationManager
2016-04-27 17:58:13.712 TRACE 37359 --- [    Test worker] o.s.c.e.EventListenerMethodProcessor     : No @EventListener annotations found on bean class: class org.springframework.web.servlet.config.annotation.WebMvcConfigurationSupport$EmptyHandlerMapping
2016-04-27 17:58:13.713 TRACE 37359 --- [    Test worker] o.s.c.e.EventListenerMethodProcessor     : No @EventListener annotations found on bean class: class org.springframework.web.servlet.handler.BeanNameUrlHandlerMapping
2016-04-27 17:58:13.714 TRACE 37359 --- [    Test worker] o.s.c.e.EventListenerMethodProcessor     : No @EventListener annotations found on bean class: class org.springframework.web.servlet.handler.SimpleUrlHandlerMapping
2016-04-27 17:58:13.714 TRACE 37359 --- [    Test worker] o.s.c.e.EventListenerMethodProcessor     : No @EventListener annotations found on bean class: class org.springframework.web.servlet.resource.ResourceUrlProvider
2016-04-27 17:58:13.714 TRACE 37359 --- [    Test worker] o.s.c.e.EventListenerMethodProcessor     : No @EventListener annotations found on bean class: class org.springframework.format.support.DefaultFormattingConversionService
2016-04-27 17:58:13.714 TRACE 37359 --- [    Test worker] o.s.c.e.EventListenerMethodProcessor     : No @EventListener annotations found on bean class: class org.springframework.validation.beanvalidation.OptionalValidatorFactoryBean
2016-04-27 17:58:13.714 TRACE 37359 --- [    Test worker] o.s.c.e.EventListenerMethodProcessor     : No @EventListener annotations found on bean class: class org.springframework.util.AntPathMatcher
2016-04-27 17:58:13.714 TRACE 37359 --- [    Test worker] o.s.c.e.EventListenerMethodProcessor     : No @EventListener annotations found on bean class: class org.springframework.web.util.UrlPathHelper
2016-04-27 17:58:13.714 TRACE 37359 --- [    Test worker] o.s.c.e.EventListenerMethodProcessor     : No @EventListener annotations found on bean class: class org.springframework.web.method.support.CompositeUriComponentsContributor
2016-04-27 17:58:13.714 TRACE 37359 --- [    Test worker] o.s.c.e.EventListenerMethodProcessor     : No @EventListener annotations found on bean class: class org.springframework.web.servlet.mvc.HttpRequestHandlerAdapter
2016-04-27 17:58:13.714 TRACE 37359 --- [    Test worker] o.s.c.e.EventListenerMethodProcessor     : No @EventListener annotations found on bean class: class org.springframework.web.servlet.mvc.SimpleControllerHandlerAdapter
2016-04-27 17:58:13.714 TRACE 37359 --- [    Test worker] o.s.c.e.EventListenerMethodProcessor     : No @EventListener annotations found on bean class: class org.springframework.web.servlet.handler.HandlerExceptionResolverComposite
2016-04-27 17:58:13.714 TRACE 37359 --- [    Test worker] o.s.c.e.EventListenerMethodProcessor     : No @EventListener annotations found on bean class: class org.springframework.web.servlet.view.ViewResolverComposite
2016-04-27 17:58:13.714 TRACE 37359 --- [    Test worker] o.s.c.e.EventListenerMethodProcessor     : No @EventListener annotations found on bean class: class org.springframework.boot.autoconfigure.web.WebMvcAutoConfiguration$WebMvcAutoConfigurationAdapter$FaviconConfiguration$$EnhancerBySpringCGLIB$$88446902
2016-04-27 17:58:13.715 TRACE 37359 --- [    Test worker] o.s.c.e.EventListenerMethodProcessor     : No @EventListener annotations found on bean class: class org.springframework.web.servlet.resource.ResourceHttpRequestHandler
2016-04-27 17:58:13.715 TRACE 37359 --- [    Test worker] o.s.c.e.EventListenerMethodProcessor     : No @EventListener annotations found on bean class: class org.springframework.boot.autoconfigure.web.WebMvcAutoConfiguration$WebMvcAutoConfigurationAdapter$$EnhancerBySpringCGLIB$$d86bc38a
2016-04-27 17:58:13.716 TRACE 37359 --- [    Test worker] o.s.c.e.EventListenerMethodProcessor     : No @EventListener annotations found on bean class: class org.springframework.web.servlet.view.InternalResourceViewResolver
2016-04-27 17:58:13.716 TRACE 37359 --- [    Test worker] o.s.c.e.EventListenerMethodProcessor     : No @EventListener annotations found on bean class: class org.springframework.web.context.request.RequestContextListener
2016-04-27 17:58:13.716 TRACE 37359 --- [    Test worker] o.s.c.e.EventListenerMethodProcessor     : No @EventListener annotations found on bean class: class org.springframework.web.servlet.view.ContentNegotiatingViewResolver
2016-04-27 17:58:13.716 TRACE 37359 --- [    Test worker] o.s.c.e.EventListenerMethodProcessor     : No @EventListener annotations found on bean class: class org.springframework.boot.autoconfigure.web.WebMvcProperties
2016-04-27 17:58:13.716 TRACE 37359 --- [    Test worker] o.s.c.e.EventListenerMethodProcessor     : No @EventListener annotations found on bean class: class org.springframework.boot.autoconfigure.web.ResourceProperties
2016-04-27 17:58:13.716 TRACE 37359 --- [    Test worker] o.s.c.e.EventListenerMethodProcessor     : No @EventListener annotations found on bean class: class org.springframework.boot.context.properties.ConfigurationPropertiesBindingPostProcessor
2016-04-27 17:58:13.717 TRACE 37359 --- [    Test worker] o.s.c.e.EventListenerMethodProcessor     : No @EventListener annotations found on bean class: class org.springframework.boot.context.properties.ConfigurationBeanFactoryMetaData
2016-04-27 17:58:13.717 TRACE 37359 --- [    Test worker] o.s.c.e.EventListenerMethodProcessor     : No @EventListener annotations found on bean class: class org.springframework.boot.autoconfigure.web.WebMvcAutoConfiguration$$EnhancerBySpringCGLIB$$84266cce
2016-04-27 17:58:13.717 TRACE 37359 --- [    Test worker] o.s.c.e.EventListenerMethodProcessor     : No @EventListener annotations found on bean class: class org.springframework.boot.context.web.OrderedHiddenHttpMethodFilter
2016-04-27 17:58:13.717 TRACE 37359 --- [    Test worker] o.s.c.e.EventListenerMethodProcessor     : No @EventListener annotations found on bean class: class org.springframework.boot.context.web.OrderedHttpPutFormContentFilter
2016-04-27 17:58:13.717 TRACE 37359 --- [    Test worker] o.s.c.e.EventListenerMethodProcessor     : No @EventListener annotations found on bean class: class org.springframework.boot.autoconfigure.aop.AopAutoConfiguration$JdkDynamicAutoProxyConfiguration$$EnhancerBySpringCGLIB$$3fed8df
2016-04-27 17:58:13.718 TRACE 37359 --- [    Test worker] o.s.c.e.EventListenerMethodProcessor     : No @EventListener annotations found on bean class: class org.springframework.aop.aspectj.annotation.AnnotationAwareAspectJAutoProxyCreator
2016-04-27 17:58:13.718 TRACE 37359 --- [    Test worker] o.s.c.e.EventListenerMethodProcessor     : No @EventListener annotations found on bean class: class org.springframework.boot.autoconfigure.aop.AopAutoConfiguration$$EnhancerBySpringCGLIB$$d0e37a10
2016-04-27 17:58:13.718 TRACE 37359 --- [    Test worker] o.s.c.e.EventListenerMethodProcessor     : No @EventListener annotations found on bean class: class org.springframework.boot.autoconfigure.transaction.jta.JtaAutoConfiguration
2016-04-27 17:58:13.718 TRACE 37359 --- [    Test worker] o.s.c.e.EventListenerMethodProcessor     : No @EventListener annotations found on bean class: class org.springframework.boot.autoconfigure.transaction.jta.JtaProperties
2016-04-27 17:58:13.718 TRACE 37359 --- [    Test worker] o.s.c.e.EventListenerMethodProcessor     : No @EventListener annotations found on bean class: class org.springframework.boot.autoconfigure.jdbc.DataSourceAutoConfiguration$JdbcTemplateConfiguration$$EnhancerBySpringCGLIB$$505944cb
2016-04-27 17:58:13.719 TRACE 37359 --- [    Test worker] o.s.c.e.EventListenerMethodProcessor     : No @EventListener annotations found on bean class: class org.springframework.jdbc.core.JdbcTemplate
2016-04-27 17:58:13.719 TRACE 37359 --- [    Test worker] o.s.c.e.EventListenerMethodProcessor     : No @EventListener annotations found on bean class: class org.springframework.jdbc.core.namedparam.NamedParameterJdbcTemplate
2016-04-27 17:58:13.719 TRACE 37359 --- [    Test worker] o.s.c.e.EventListenerMethodProcessor     : No @EventListener annotations found on bean class: class org.springframework.boot.autoconfigure.jdbc.DataSourceAutoConfiguration$NonEmbeddedConfiguration
2016-04-27 17:58:13.719 TRACE 37359 --- [    Test worker] o.s.c.e.EventListenerMethodProcessor     : No @EventListener annotations found on bean class: class org.apache.tomcat.jdbc.pool.DataSource
2016-04-27 17:58:13.719 TRACE 37359 --- [    Test worker] o.s.c.e.EventListenerMethodProcessor     : No @EventListener annotations found on bean class: class org.springframework.boot.autoconfigure.jdbc.DataSourceAutoConfiguration$DataSourceInitializerConfiguration$$EnhancerBySpringCGLIB$$9c11bcd5
2016-04-27 17:58:13.719 TRACE 37359 --- [    Test worker] o.s.c.e.EventListenerMethodProcessor     : No @EventListener annotations found on bean class: class org.springframework.boot.autoconfigure.jdbc.DataSourceInitializer
2016-04-27 17:58:13.719 TRACE 37359 --- [    Test worker] o.s.c.e.EventListenerMethodProcessor     : No @EventListener annotations found on bean class: class org.springframework.boot.autoconfigure.jdbc.metadata.DataSourcePoolMetadataProvidersConfiguration$TomcatDataSourcePoolMetadataProviderConfiguration$$EnhancerBySpringCGLIB$$10296bfc
2016-04-27 17:58:13.719 TRACE 37359 --- [    Test worker] o.s.c.e.EventListenerMethodProcessor     : No @EventListener annotations found on bean class: class org.springframework.boot.autoconfigure.jdbc.metadata.DataSourcePoolMetadataProvidersConfiguration$TomcatDataSourcePoolMetadataProviderConfiguration$1
2016-04-27 17:58:13.720 TRACE 37359 --- [    Test worker] o.s.c.e.EventListenerMethodProcessor     : No @EventListener annotations found on bean class: class org.springframework.boot.autoconfigure.jdbc.metadata.DataSourcePoolMetadataProvidersConfiguration$$EnhancerBySpringCGLIB$$9a5a9faf
2016-04-27 17:58:13.720 TRACE 37359 --- [    Test worker] o.s.c.e.EventListenerMethodProcessor     : No @EventListener annotations found on bean class: class org.springframework.boot.autoconfigure.jdbc.DataSourceAutoConfiguration$$EnhancerBySpringCGLIB$$d11062ee
2016-04-27 17:58:13.720 TRACE 37359 --- [    Test worker] o.s.c.e.EventListenerMethodProcessor     : No @EventListener annotations found on bean class: class org.springframework.boot.autoconfigure.jdbc.DataSourceProperties
2016-04-27 17:58:13.720 TRACE 37359 --- [    Test worker] o.s.c.e.EventListenerMethodProcessor     : No @EventListener annotations found on bean class: class org.springframework.boot.autoconfigure.jdbc.DataSourceInitializerPostProcessor
2016-04-27 17:58:13.720 TRACE 37359 --- [    Test worker] o.s.c.e.EventListenerMethodProcessor     : No @EventListener annotations found on bean class: class org.springframework.boot.autoconfigure.orm.jpa.JpaBaseConfiguration$JpaWebConfiguration$JpaWebMvcConfiguration$$EnhancerBySpringCGLIB$$eb8a7986
2016-04-27 17:58:13.720 TRACE 37359 --- [    Test worker] o.s.c.e.EventListenerMethodProcessor     : No @EventListener annotations found on bean class: class org.springframework.orm.jpa.support.OpenEntityManagerInViewInterceptor
2016-04-27 17:58:13.720 TRACE 37359 --- [    Test worker] o.s.c.e.EventListenerMethodProcessor     : No @EventListener annotations found on bean class: class org.springframework.boot.autoconfigure.orm.jpa.JpaBaseConfiguration$JpaWebConfiguration$$EnhancerBySpringCGLIB$$72fc7b79
2016-04-27 17:58:13.720 TRACE 37359 --- [    Test worker] o.s.c.e.EventListenerMethodProcessor     : No @EventListener annotations found on bean class: class org.springframework.boot.autoconfigure.orm.jpa.HibernateJpaAutoConfiguration$$EnhancerBySpringCGLIB$$2c5a0bae
2016-04-27 17:58:13.721 TRACE 37359 --- [    Test worker] o.s.c.e.EventListenerMethodProcessor     : No @EventListener annotations found on bean class: class org.springframework.orm.jpa.JpaTransactionManager
2016-04-27 17:58:13.721 TRACE 37359 --- [    Test worker] o.s.c.e.EventListenerMethodProcessor     : No @EventListener annotations found on bean class: class org.springframework.orm.jpa.vendor.HibernateJpaVendorAdapter
2016-04-27 17:58:13.721 TRACE 37359 --- [    Test worker] o.s.c.e.EventListenerMethodProcessor     : No @EventListener annotations found on bean class: class org.springframework.boot.autoconfigure.orm.jpa.EntityManagerFactoryBuilder
2016-04-27 17:58:13.721 TRACE 37359 --- [    Test worker] o.s.c.e.EventListenerMethodProcessor     : No @EventListener annotations found on bean class: class com.sun.proxy.$Proxy75
2016-04-27 17:58:13.721 TRACE 37359 --- [    Test worker] o.s.c.e.EventListenerMethodProcessor     : No @EventListener annotations found on bean class: class org.springframework.boot.autoconfigure.orm.jpa.JpaProperties
2016-04-27 17:58:13.721 TRACE 37359 --- [    Test worker] o.s.c.e.EventListenerMethodProcessor     : No @EventListener annotations found on bean class: class org.springframework.boot.autoconfigure.orm.jpa.DataSourceInitializedPublisher
2016-04-27 17:58:13.721 TRACE 37359 --- [    Test worker] o.s.c.e.EventListenerMethodProcessor     : No @EventListener annotations found on bean class: class org.springframework.boot.autoconfigure.context.ConfigurationPropertiesAutoConfiguration$$EnhancerBySpringCGLIB$$a9fe51c
2016-04-27 17:58:13.721 TRACE 37359 --- [    Test worker] o.s.c.e.EventListenerMethodProcessor     : No @EventListener annotations found on bean class: class org.springframework.boot.autoconfigure.dao.PersistenceExceptionTranslationAutoConfiguration
2016-04-27 17:58:13.721 TRACE 37359 --- [    Test worker] o.s.c.e.EventListenerMethodProcessor     : No @EventListener annotations found on bean class: class org.springframework.dao.annotation.PersistenceExceptionTranslationPostProcessor
2016-04-27 17:58:13.721 TRACE 37359 --- [    Test worker] o.s.c.e.EventListenerMethodProcessor     : No @EventListener annotations found on bean class: class org.springframework.boot.autoconfigure.jackson.JacksonAutoConfiguration$JacksonObjectMapperBuilderConfiguration$$EnhancerBySpringCGLIB$$f78efff8
2016-04-27 17:58:13.722 TRACE 37359 --- [    Test worker] o.s.c.e.EventListenerMethodProcessor     : No @EventListener annotations found on bean class: class org.springframework.http.converter.json.Jackson2ObjectMapperBuilder
2016-04-27 17:58:13.722 TRACE 37359 --- [    Test worker] o.s.c.e.EventListenerMethodProcessor     : No @EventListener annotations found on bean class: class org.springframework.boot.autoconfigure.jackson.JacksonProperties
2016-04-27 17:58:13.722 TRACE 37359 --- [    Test worker] o.s.c.e.EventListenerMethodProcessor     : No @EventListener annotations found on bean class: class org.springframework.boot.autoconfigure.jackson.JacksonAutoConfiguration$JacksonObjectMapperConfiguration$$EnhancerBySpringCGLIB$$babc8cff
2016-04-27 17:58:13.724 TRACE 37359 --- [    Test worker] o.s.c.e.EventListenerMethodProcessor     : No @EventListener annotations found on bean class: class com.fasterxml.jackson.databind.ObjectMapper
2016-04-27 17:58:13.724 TRACE 37359 --- [    Test worker] o.s.c.e.EventListenerMethodProcessor     : No @EventListener annotations found on bean class: class org.springframework.boot.autoconfigure.jackson.JacksonAutoConfiguration$$EnhancerBySpringCGLIB$$dfcfa4ae
2016-04-27 17:58:13.724 TRACE 37359 --- [    Test worker] o.s.c.e.EventListenerMethodProcessor     : No @EventListener annotations found on bean class: class org.springframework.boot.autoconfigure.web.HttpMessageConvertersAutoConfiguration$StringHttpMessageConverterConfiguration$$EnhancerBySpringCGLIB$$b7eab48e
2016-04-27 17:58:13.724 TRACE 37359 --- [    Test worker] o.s.c.e.EventListenerMethodProcessor     : No @EventListener annotations found on bean class: class org.springframework.http.converter.StringHttpMessageConverter
2016-04-27 17:58:13.724 TRACE 37359 --- [    Test worker] o.s.c.e.EventListenerMethodProcessor     : No @EventListener annotations found on bean class: class org.springframework.boot.autoconfigure.web.HttpEncodingProperties
2016-04-27 17:58:13.724 TRACE 37359 --- [    Test worker] o.s.c.e.EventListenerMethodProcessor     : No @EventListener annotations found on bean class: class org.springframework.boot.autoconfigure.web.JacksonHttpMessageConvertersConfiguration$MappingJackson2HttpMessageConverterConfiguration$$EnhancerBySpringCGLIB$$e77b9e8e
2016-04-27 17:58:13.725 TRACE 37359 --- [    Test worker] o.s.c.e.EventListenerMethodProcessor     : No @EventListener annotations found on bean class: class org.springframework.http.converter.json.MappingJackson2HttpMessageConverter
2016-04-27 17:58:13.725 TRACE 37359 --- [    Test worker] o.s.c.e.EventListenerMethodProcessor     : No @EventListener annotations found on bean class: class org.springframework.boot.autoconfigure.web.JacksonHttpMessageConvertersConfiguration$$EnhancerBySpringCGLIB$$37d76044
2016-04-27 17:58:13.725 TRACE 37359 --- [    Test worker] o.s.c.e.EventListenerMethodProcessor     : No @EventListener annotations found on bean class: class org.springframework.boot.autoconfigure.web.HttpMessageConvertersAutoConfiguration$$EnhancerBySpringCGLIB$$9ce17dee
2016-04-27 17:58:13.725 TRACE 37359 --- [    Test worker] o.s.c.e.EventListenerMethodProcessor     : No @EventListener annotations found on bean class: class org.springframework.boot.autoconfigure.web.HttpMessageConverters
2016-04-27 17:58:13.725 TRACE 37359 --- [    Test worker] o.s.c.e.EventListenerMethodProcessor     : No @EventListener annotations found on bean class: class org.springframework.hateoas.config.HateoasConfiguration$$EnhancerBySpringCGLIB$$34b43a80
2016-04-27 17:58:13.725 TRACE 37359 --- [    Test worker] o.s.c.e.EventListenerMethodProcessor     : No @EventListener annotations found on bean class: class org.springframework.context.support.MessageSourceAccessor
2016-04-27 17:58:13.725 TRACE 37359 --- [    Test worker] o.s.c.e.EventListenerMethodProcessor     : No @EventListener annotations found on bean class: class org.springframework.data.web.config.SpringDataJacksonConfiguration$$EnhancerBySpringCGLIB$$6ec234e2
2016-04-27 17:58:13.725 TRACE 37359 --- [    Test worker] o.s.c.e.EventListenerMethodProcessor     : No @EventListener annotations found on bean class: class org.springframework.data.geo.GeoModule
2016-04-27 17:58:13.726 TRACE 37359 --- [    Test worker] o.s.c.e.EventListenerMethodProcessor     : No @EventListener annotations found on bean class: class org.springframework.boot.autoconfigure.data.rest.SpringBootRepositoryRestMvcConfiguration$$EnhancerBySpringCGLIB$$ca06d0ae
2016-04-27 17:58:13.727 TRACE 37359 --- [    Test worker] o.s.c.e.EventListenerMethodProcessor     : No @EventListener annotations found on bean class: class org.springframework.data.rest.core.config.RepositoryRestConfiguration
2016-04-27 17:58:13.727 TRACE 37359 --- [    Test worker] o.s.c.e.EventListenerMethodProcessor     : No @EventListener annotations found on bean class: class org.springframework.data.repository.support.Repositories
2016-04-27 17:58:13.727 TRACE 37359 --- [    Test worker] o.s.c.e.EventListenerMethodProcessor     : No @EventListener annotations found on bean class: class org.springframework.data.rest.core.support.RepositoryRelProvider
2016-04-27 17:58:13.727 TRACE 37359 --- [    Test worker] o.s.c.e.EventListenerMethodProcessor     : No @EventListener annotations found on bean class: class org.springframework.data.mapping.context.PersistentEntities
2016-04-27 17:58:13.727 TRACE 37359 --- [    Test worker] o.s.c.e.EventListenerMethodProcessor     : No @EventListener annotations found on bean class: class org.springframework.data.rest.core.event.ValidatingRepositoryEventListener
2016-04-27 17:58:13.727 TRACE 37359 --- [    Test worker] o.s.c.e.EventListenerMethodProcessor     : No @EventListener annotations found on bean class: class org.springframework.data.rest.webmvc.support.JpaHelper
2016-04-27 17:58:13.727 TRACE 37359 --- [    Test worker] o.s.c.e.EventListenerMethodProcessor     : No @EventListener annotations found on bean class: class org.springframework.data.rest.core.config.MetadataConfiguration
2016-04-27 17:58:13.727 TRACE 37359 --- [    Test worker] o.s.c.e.EventListenerMethodProcessor     : No @EventListener annotations found on bean class: class org.springframework.data.rest.webmvc.BaseUri
2016-04-27 17:58:13.727 TRACE 37359 --- [    Test worker] o.s.c.e.EventListenerMethodProcessor     : No @EventListener annotations found on bean class: class org.springframework.data.rest.core.event.AnnotatedEventHandlerInvoker
2016-04-27 17:58:13.727 TRACE 37359 --- [    Test worker] o.s.c.e.EventListenerMethodProcessor     : No @EventListener annotations found on bean class: class org.springframework.data.rest.core.support.DomainObjectMerger
2016-04-27 17:58:13.727 TRACE 37359 --- [    Test worker] o.s.c.e.EventListenerMethodProcessor     : No @EventListener annotations found on bean class: class org.springframework.data.rest.webmvc.ServerHttpRequestMethodArgumentResolver
2016-04-27 17:58:13.727 TRACE 37359 --- [    Test worker] o.s.c.e.EventListenerMethodProcessor     : No @EventListener annotations found on bean class: class org.springframework.data.rest.webmvc.config.RootResourceInformationHandlerMethodArgumentResolver
2016-04-27 17:58:13.727 TRACE 37359 --- [    Test worker] o.s.c.e.EventListenerMethodProcessor     : No @EventListener annotations found on bean class: class org.springframework.data.rest.webmvc.config.ResourceMetadataHandlerMethodArgumentResolver
2016-04-27 17:58:13.727 TRACE 37359 --- [    Test worker] o.s.c.e.EventListenerMethodProcessor     : No @EventListener annotations found on bean class: class org.springframework.data.rest.webmvc.support.BackendIdHandlerMethodArgumentResolver
2016-04-27 17:58:13.727 TRACE 37359 --- [    Test worker] o.s.c.e.EventListenerMethodProcessor     : No @EventListener annotations found on bean class: class org.springframework.data.rest.webmvc.support.ETagArgumentResolver
2016-04-27 17:58:13.727 TRACE 37359 --- [    Test worker] o.s.c.e.EventListenerMethodProcessor     : No @EventListener annotations found on bean class: class org.springframework.data.rest.webmvc.support.RepositoryEntityLinks
2016-04-27 17:58:13.727 TRACE 37359 --- [    Test worker] o.s.c.e.EventListenerMethodProcessor     : No @EventListener annotations found on bean class: class org.springframework.data.rest.webmvc.config.PersistentEntityResourceHandlerMethodArgumentResolver
2016-04-27 17:58:13.727 TRACE 37359 --- [    Test worker] o.s.c.e.EventListenerMethodProcessor     : No @EventListener annotations found on bean class: class org.springframework.data.rest.webmvc.json.PersistentEntityToJsonSchemaConverter
2016-04-27 17:58:13.728 TRACE 37359 --- [    Test worker] o.s.c.e.EventListenerMethodProcessor     : No @EventListener annotations found on bean class: class org.springframework.data.rest.webmvc.config.RepositoryRestMvcConfiguration$ResourceSupportHttpMessageConverter
2016-04-27 17:58:13.728 TRACE 37359 --- [    Test worker] o.s.c.e.EventListenerMethodProcessor     : No @EventListener annotations found on bean class: class org.springframework.data.rest.webmvc.convert.UriListHttpMessageConverter
2016-04-27 17:58:13.729 TRACE 37359 --- [    Test worker] o.s.c.e.EventListenerMethodProcessor     : No @EventListener annotations found on bean class: class org.springframework.data.rest.webmvc.RepositoryRestHandlerAdapter
2016-04-27 17:58:13.729 TRACE 37359 --- [    Test worker] o.s.c.e.EventListenerMethodProcessor     : No @EventListener annotations found on bean class: class org.springframework.data.rest.webmvc.support.DelegatingHandlerMapping
2016-04-27 17:58:13.729 TRACE 37359 --- [    Test worker] o.s.c.e.EventListenerMethodProcessor     : No @EventListener annotations found on bean class: class org.springframework.data.rest.core.mapping.RepositoryResourceMappings
2016-04-27 17:58:13.729 TRACE 37359 --- [    Test worker] o.s.c.e.EventListenerMethodProcessor     : No @EventListener annotations found on bean class: class org.springframework.web.servlet.mvc.method.annotation.ExceptionHandlerExceptionResolver
2016-04-27 17:58:13.729 TRACE 37359 --- [    Test worker] o.s.c.e.EventListenerMethodProcessor     : No @EventListener annotations found on bean class: class org.springframework.data.rest.webmvc.RepositoryRestExceptionHandler
2016-04-27 17:58:13.730 TRACE 37359 --- [    Test worker] o.s.c.e.EventListenerMethodProcessor     : No @EventListener annotations found on bean class: class org.springframework.data.rest.core.support.UnwrappingRepositoryInvokerFactory
2016-04-27 17:58:13.730 TRACE 37359 --- [    Test worker] o.s.c.e.EventListenerMethodProcessor     : No @EventListener annotations found on bean class: class java.util.ArrayList
2016-04-27 17:58:13.730 TRACE 37359 --- [    Test worker] o.s.c.e.EventListenerMethodProcessor     : No @EventListener annotations found on bean class: class org.springframework.data.rest.webmvc.alps.AlpsJsonHttpMessageConverter
2016-04-27 17:58:13.730 TRACE 37359 --- [    Test worker] o.s.c.e.EventListenerMethodProcessor     : No @EventListener annotations found on bean class: class org.springframework.data.web.HateoasPageableHandlerMethodArgumentResolver
2016-04-27 17:58:13.730 TRACE 37359 --- [    Test worker] o.s.c.e.EventListenerMethodProcessor     : No @EventListener annotations found on bean class: class org.springframework.data.web.HateoasSortHandlerMethodArgumentResolver
2016-04-27 17:58:13.731 TRACE 37359 --- [    Test worker] o.s.c.e.EventListenerMethodProcessor     : No @EventListener annotations found on bean class: class org.springframework.plugin.core.OrderAwarePluginRegistry
2016-04-27 17:58:13.731 TRACE 37359 --- [    Test worker] o.s.c.e.EventListenerMethodProcessor     : No @EventListener annotations found on bean class: class org.springframework.data.auditing.MappingAuditableBeanWrapperFactory
2016-04-27 17:58:13.731 TRACE 37359 --- [    Test worker] o.s.c.e.EventListenerMethodProcessor     : No @EventListener annotations found on bean class: class org.springframework.data.rest.webmvc.json.EnumTranslator
2016-04-27 17:58:13.731 TRACE 37359 --- [    Test worker] o.s.c.e.EventListenerMethodProcessor     : No @EventListener annotations found on bean class: class org.springframework.data.rest.webmvc.alps.RootResourceInformationToAlpsDescriptorConverter
2016-04-27 17:58:13.731 TRACE 37359 --- [    Test worker] o.s.c.e.EventListenerMethodProcessor     : No @EventListener annotations found on bean class: class org.springframework.data.rest.webmvc.ProfileResourceProcessor
2016-04-27 17:58:13.731 TRACE 37359 --- [    Test worker] o.s.c.e.EventListenerMethodProcessor     : No @EventListener annotations found on bean class: class org.springframework.data.web.PagedResourcesAssembler
2016-04-27 17:58:13.731 TRACE 37359 --- [    Test worker] o.s.c.e.EventListenerMethodProcessor     : No @EventListener annotations found on bean class: class org.springframework.data.web.PagedResourcesAssemblerArgumentResolver
2016-04-27 17:58:13.731 TRACE 37359 --- [    Test worker] o.s.c.e.EventListenerMethodProcessor     : No @EventListener annotations found on bean class: class org.springframework.hateoas.core.ControllerEntityLinks
2016-04-27 17:58:13.731 TRACE 37359 --- [    Test worker] o.s.c.e.EventListenerMethodProcessor     : No @EventListener annotations found on bean class: class org.springframework.hateoas.core.DelegatingEntityLinks
2016-04-27 17:58:13.731 TRACE 37359 --- [    Test worker] o.s.c.e.EventListenerMethodProcessor     : No @EventListener annotations found on bean class: class org.springframework.hateoas.config.HypermediaSupportBeanDefinitionRegistrar$DefaultObjectMapperCustomizer
2016-04-27 17:58:13.731 TRACE 37359 --- [    Test worker] o.s.c.e.EventListenerMethodProcessor     : No @EventListener annotations found on bean class: class org.springframework.hateoas.config.HypermediaSupportBeanDefinitionRegistrar$Jackson2ModuleRegisteringBeanPostProcessor
2016-04-27 17:58:13.731 TRACE 37359 --- [    Test worker] o.s.c.e.EventListenerMethodProcessor     : No @EventListener annotations found on bean class: class org.springframework.hateoas.LinkDiscoverers
2016-04-27 17:58:13.731 TRACE 37359 --- [    Test worker] o.s.c.e.EventListenerMethodProcessor     : No @EventListener annotations found on bean class: class org.springframework.hateoas.core.EvoInflectorRelProvider
2016-04-27 17:58:13.731 TRACE 37359 --- [    Test worker] o.s.c.e.EventListenerMethodProcessor     : No @EventListener annotations found on bean class: class org.springframework.hateoas.core.AnnotationRelProvider
2016-04-27 17:58:13.731 TRACE 37359 --- [    Test worker] o.s.c.e.EventListenerMethodProcessor     : No @EventListener annotations found on bean class: class org.springframework.hateoas.core.DelegatingRelProvider
2016-04-27 17:58:13.731 TRACE 37359 --- [    Test worker] o.s.c.e.EventListenerMethodProcessor     : No @EventListener annotations found on bean class: class org.springframework.boot.autoconfigure.data.rest.RepositoryRestMvcAutoConfiguration$$EnhancerBySpringCGLIB$$c4ccc640
2016-04-27 17:58:13.731 TRACE 37359 --- [    Test worker] o.s.c.e.EventListenerMethodProcessor     : No @EventListener annotations found on bean class: class org.springframework.boot.autoconfigure.data.rest.SpringBootRepositoryRestConfigurer
2016-04-27 17:58:13.731 TRACE 37359 --- [    Test worker] o.s.c.e.EventListenerMethodProcessor     : No @EventListener annotations found on bean class: class org.springframework.boot.autoconfigure.hateoas.HypermediaAutoConfiguration$$EnhancerBySpringCGLIB$$9ba6a39f
2016-04-27 17:58:13.731 TRACE 37359 --- [    Test worker] o.s.c.e.EventListenerMethodProcessor     : No @EventListener annotations found on bean class: class org.springframework.boot.autoconfigure.hateoas.HateoasProperties
2016-04-27 17:58:13.732 TRACE 37359 --- [    Test worker] o.s.c.e.EventListenerMethodProcessor     : No @EventListener annotations found on bean class: class org.springframework.transaction.annotation.ProxyTransactionManagementConfiguration$$EnhancerBySpringCGLIB$$414dab8e
2016-04-27 17:58:13.732 TRACE 37359 --- [    Test worker] o.s.c.e.EventListenerMethodProcessor     : No @EventListener annotations found on bean class: class org.springframework.transaction.interceptor.BeanFactoryTransactionAttributeSourceAdvisor
2016-04-27 17:58:13.732 TRACE 37359 --- [    Test worker] o.s.c.e.EventListenerMethodProcessor     : No @EventListener annotations found on bean class: class org.springframework.transaction.annotation.AnnotationTransactionAttributeSource
2016-04-27 17:58:13.732 TRACE 37359 --- [    Test worker] o.s.c.e.EventListenerMethodProcessor     : No @EventListener annotations found on bean class: class org.springframework.transaction.interceptor.TransactionInterceptor
2016-04-27 17:58:13.732 TRACE 37359 --- [    Test worker] o.s.c.e.EventListenerMethodProcessor     : No @EventListener annotations found on bean class: class org.springframework.transaction.event.TransactionalEventListenerFactory
2016-04-27 17:58:13.732 TRACE 37359 --- [    Test worker] o.s.c.e.EventListenerMethodProcessor     : No @EventListener annotations found on bean class: class org.springframework.boot.autoconfigure.jdbc.DataSourceTransactionManagerAutoConfiguration$TransactionManagementConfiguration$$EnhancerBySpringCGLIB$$e2aab260
2016-04-27 17:58:13.732 TRACE 37359 --- [    Test worker] o.s.c.e.EventListenerMethodProcessor     : No @EventListener annotations found on bean class: class org.springframework.boot.autoconfigure.jdbc.DataSourceTransactionManagerAutoConfiguration$$EnhancerBySpringCGLIB$$1b60e5bf
2016-04-27 17:58:13.732 TRACE 37359 --- [    Test worker] o.s.c.e.EventListenerMethodProcessor     : No @EventListener annotations found on bean class: class org.springframework.boot.autoconfigure.security.SecurityFilterAutoConfiguration$$EnhancerBySpringCGLIB$$b89d30a0
2016-04-27 17:58:13.732 TRACE 37359 --- [    Test worker] o.s.c.e.EventListenerMethodProcessor     : No @EventListener annotations found on bean class: class org.springframework.boot.autoconfigure.transaction.TransactionAutoConfiguration$$EnhancerBySpringCGLIB$$d1a70d58
2016-04-27 17:58:13.733 TRACE 37359 --- [    Test worker] o.s.c.e.EventListenerMethodProcessor     : No @EventListener annotations found on bean class: class org.springframework.transaction.support.TransactionTemplate
2016-04-27 17:58:13.733 TRACE 37359 --- [    Test worker] o.s.c.e.EventListenerMethodProcessor     : No @EventListener annotations found on bean class: class org.springframework.boot.autoconfigure.web.HttpEncodingAutoConfiguration$$EnhancerBySpringCGLIB$$d90e98d9
2016-04-27 17:58:13.733 TRACE 37359 --- [    Test worker] o.s.c.e.EventListenerMethodProcessor     : No @EventListener annotations found on bean class: class org.springframework.boot.context.web.OrderedCharacterEncodingFilter
2016-04-27 17:58:13.733 TRACE 37359 --- [    Test worker] o.s.c.e.EventListenerMethodProcessor     : No @EventListener annotations found on bean class: class org.springframework.boot.autoconfigure.web.MultipartAutoConfiguration$$EnhancerBySpringCGLIB$$4bbe6e14
2016-04-27 17:58:13.733 TRACE 37359 --- [    Test worker] o.s.c.e.EventListenerMethodProcessor     : No @EventListener annotations found on bean class: class javax.servlet.MultipartConfigElement
2016-04-27 17:58:13.733 TRACE 37359 --- [    Test worker] o.s.c.e.EventListenerMethodProcessor     : No @EventListener annotations found on bean class: class org.springframework.web.multipart.support.StandardServletMultipartResolver
2016-04-27 17:58:13.733 TRACE 37359 --- [    Test worker] o.s.c.e.EventListenerMethodProcessor     : No @EventListener annotations found on bean class: class org.springframework.boot.autoconfigure.web.MultipartProperties
2016-04-27 17:58:13.733 TRACE 37359 --- [    Test worker] o.s.c.e.EventListenerMethodProcessor     : No @EventListener annotations found on bean class: class org.springframework.boot.autoconfigure.web.ServerPropertiesAutoConfiguration$$EnhancerBySpringCGLIB$$f6dfed5e
2016-04-27 17:58:13.733 TRACE 37359 --- [    Test worker] o.s.c.e.EventListenerMethodProcessor     : No @EventListener annotations found on bean class: class org.springframework.boot.autoconfigure.web.ServerProperties
2016-04-27 17:58:13.734 TRACE 37359 --- [    Test worker] o.s.c.e.EventListenerMethodProcessor     : No @EventListener annotations found on bean class: class com.sun.proxy.$Proxy82
2016-04-27 17:58:13.734 TRACE 37359 --- [    Test worker] o.s.c.e.EventListenerMethodProcessor     : No @EventListener annotations found on bean class: class org.springframework.boot.autoconfigure.condition.ConditionEvaluationReport
2016-04-27 17:58:13.734 TRACE 37359 --- [    Test worker] o.s.c.e.EventListenerMethodProcessor     : No @EventListener annotations found on bean class: class org.springframework.context.event.SimpleApplicationEventMulticaster
2016-04-27 17:58:13.734 TRACE 37359 --- [    Test worker] o.s.c.e.EventListenerMethodProcessor     : No @EventListener annotations found on bean class: class org.springframework.boot.DefaultApplicationArguments
2016-04-27 17:58:13.734 TRACE 37359 --- [    Test worker] o.s.c.e.EventListenerMethodProcessor     : No @EventListener annotations found on bean class: class org.springframework.core.env.StandardEnvironment
2016-04-27 17:58:13.735 TRACE 37359 --- [    Test worker] o.s.c.e.EventListenerMethodProcessor     : No @EventListener annotations found on bean class: class java.util.Properties
2016-04-27 17:58:13.735 TRACE 37359 --- [    Test worker] o.s.c.e.EventListenerMethodProcessor     : No @EventListener annotations found on bean class: class java.util.Collections$UnmodifiableMap
2016-04-27 17:58:13.736 TRACE 37359 --- [    Test worker] o.s.c.e.EventListenerMethodProcessor     : No @EventListener annotations found on bean class: class org.springframework.boot.test.SpringBootMockServletContext
2016-04-27 17:58:13.737 TRACE 37359 --- [    Test worker] o.s.c.e.EventListenerMethodProcessor     : No @EventListener annotations found on bean class: class org.springframework.context.annotation.ConfigurationClassParser$ImportStack
2016-04-27 17:58:13.737 TRACE 37359 --- [    Test worker] o.s.c.e.EventListenerMethodProcessor     : No @EventListener annotations found on bean class: class org.springframework.context.support.DelegatingMessageSource
2016-04-27 17:58:13.738 DEBUG 37359 --- [    Test worker] o.s.w.c.s.GenericWebApplicationContext   : Unable to locate LifecycleProcessor with name 'lifecycleProcessor': using default [org.springframework.context.support.DefaultLifecycleProcessor@70397ca3]
2016-04-27 17:58:13.738 DEBUG 37359 --- [    Test worker] o.s.b.f.s.DefaultListableBeanFactory     : Returning cached instance of singleton bean 'lifecycleProcessor'
2016-04-27 17:58:13.739 TRACE 37359 --- [    Test worker] o.s.w.c.s.GenericWebApplicationContext   : Publishing event in org.springframework.web.context.support.GenericWebApplicationContext@5a677df7: org.springframework.context.event.ContextRefreshedEvent[source=org.springframework.web.context.support.GenericWebApplicationContext@5a677df7: startup date [Wed Apr 27 17:58:10 EDT 2016]; root of context hierarchy]
2016-04-27 17:58:13.739 DEBUG 37359 --- [    Test worker] o.s.b.f.s.DefaultListableBeanFactory     : Returning cached instance of singleton bean 'mvcResourceUrlProvider'
2016-04-27 17:58:13.739 DEBUG 37359 --- [    Test worker] o.s.b.f.s.DefaultListableBeanFactory     : Returning cached instance of singleton bean 'entityLinksPluginRegistry'
2016-04-27 17:58:13.739 DEBUG 37359 --- [    Test worker] o.s.b.f.s.DefaultListableBeanFactory     : Returning cached instance of singleton bean '_linkDiscovererRegistry'
2016-04-27 17:58:13.739 DEBUG 37359 --- [    Test worker] o.s.b.f.s.DefaultListableBeanFactory     : Returning cached instance of singleton bean 'relProviderPluginRegistry'
2016-04-27 17:58:13.742 DEBUG 37359 --- [    Test worker] utoConfigurationReportLoggingInitializer : 


=========================
AUTO-CONFIGURATION REPORT
=========================


Positive matches:
-----------------

   AopAutoConfiguration
      - @ConditionalOnClass classes found: org.springframework.context.annotation.EnableAspectJAutoProxy,org.aspectj.lang.annotation.Aspect,org.aspectj.lang.reflect.Advice (OnClassCondition)
      - matched (OnPropertyCondition)

   AopAutoConfiguration.JdkDynamicAutoProxyConfiguration
      - matched (OnPropertyCondition)

   DataSourceAutoConfiguration
      - @ConditionalOnClass classes found: javax.sql.DataSource,org.springframework.jdbc.datasource.embedded.EmbeddedDatabaseType (OnClassCondition)

   DataSourceAutoConfiguration.DataSourceInitializerConfiguration
      - @ConditionalOnMissingBean (types: org.springframework.boot.autoconfigure.jdbc.DataSourceInitializer; SearchStrategy: all) found no beans (OnBeanCondition)

   DataSourceAutoConfiguration.JdbcTemplateConfiguration
      - existing auto database detected (DataSourceAutoConfiguration.DataSourceAvailableCondition)

   DataSourceAutoConfiguration.JdbcTemplateConfiguration#jdbcTemplate
      - @ConditionalOnMissingBean (types: org.springframework.jdbc.core.JdbcOperations; SearchStrategy: all) found no beans (OnBeanCondition)

   DataSourceAutoConfiguration.JdbcTemplateConfiguration#namedParameterJdbcTemplate
      - @ConditionalOnMissingBean (types: org.springframework.jdbc.core.namedparam.NamedParameterJdbcOperations; SearchStrategy: all) found no beans (OnBeanCondition)

   DataSourceAutoConfiguration.NonEmbeddedConfiguration
      - supported DataSource class found (DataSourceAutoConfiguration.NonEmbeddedDataSourceCondition)
      - @ConditionalOnMissingBean (types: javax.sql.DataSource,javax.sql.XADataSource; SearchStrategy: all) found no beans (OnBeanCondition)

   DataSourcePoolMetadataProvidersConfiguration.TomcatDataSourcePoolMetadataProviderConfiguration
      - @ConditionalOnClass classes found: org.apache.tomcat.jdbc.pool.DataSource (OnClassCondition)

   DataSourceTransactionManagerAutoConfiguration
      - @ConditionalOnClass classes found: org.springframework.jdbc.core.JdbcTemplate,org.springframework.transaction.PlatformTransactionManager (OnClassCondition)

   DataSourceTransactionManagerAutoConfiguration.TransactionManagementConfiguration
      - @ConditionalOnMissingBean (types: org.springframework.transaction.annotation.AbstractTransactionManagementConfiguration; SearchStrategy: all) found no beans (OnBeanCondition)

   DispatcherServletAutoConfiguration
      - @ConditionalOnClass classes found: org.springframework.web.servlet.DispatcherServlet (OnClassCondition)
      - found web application 'session' scope (OnWebApplicationCondition)

   DispatcherServletAutoConfiguration.DispatcherServletConfiguration
      - @ConditionalOnClass classes found: javax.servlet.ServletRegistration (OnClassCondition)
      - no ServletRegistrationBean found (DispatcherServletAutoConfiguration.DefaultDispatcherServletCondition)

   EmbeddedServletContainerAutoConfiguration
      - found web application 'session' scope (OnWebApplicationCondition)

   EmbeddedServletContainerAutoConfiguration.EmbeddedTomcat
      - @ConditionalOnClass classes found: javax.servlet.Servlet,org.apache.catalina.startup.Tomcat (OnClassCondition)
      - @ConditionalOnMissingBean (types: org.springframework.boot.context.embedded.EmbeddedServletContainerFactory; SearchStrategy: current) found no beans (OnBeanCondition)

   ErrorMvcAutoConfiguration
      - @ConditionalOnClass classes found: javax.servlet.Servlet,org.springframework.web.servlet.DispatcherServlet (OnClassCondition)
      - found web application 'session' scope (OnWebApplicationCondition)

   ErrorMvcAutoConfiguration#basicErrorController
      - @ConditionalOnMissingBean (types: org.springframework.boot.autoconfigure.web.ErrorController; SearchStrategy: current) found no beans (OnBeanCondition)

   ErrorMvcAutoConfiguration#errorAttributes
      - @ConditionalOnMissingBean (types: org.springframework.boot.autoconfigure.web.ErrorAttributes; SearchStrategy: current) found no beans (OnBeanCondition)

   ErrorMvcAutoConfiguration.WhitelabelErrorViewConfiguration
      - No error template view detected (ErrorMvcAutoConfiguration.ErrorTemplateMissingCondition)
      - matched (OnPropertyCondition)

   ErrorMvcAutoConfiguration.WhitelabelErrorViewConfiguration#beanNameViewResolver
      - @ConditionalOnMissingBean (types: org.springframework.web.servlet.view.BeanNameViewResolver; SearchStrategy: all) found no beans (OnBeanCondition)

   ErrorMvcAutoConfiguration.WhitelabelErrorViewConfiguration#defaultErrorView
      - @ConditionalOnMissingBean (names: error; SearchStrategy: all) found no beans (OnBeanCondition)

   GenericCacheConfiguration
      - Automatic cache type (CacheCondition)

   HibernateJpaAutoConfiguration
      - @ConditionalOnClass classes found: org.springframework.orm.jpa.LocalContainerEntityManagerFactoryBean,org.springframework.transaction.annotation.EnableTransactionManagement,javax.persistence.EntityManager (OnClassCondition)
      - found HibernateEntityManager class (HibernateJpaAutoConfiguration.HibernateEntityManagerCondition)

   HttpEncodingAutoConfiguration
      - @ConditionalOnClass classes found: org.springframework.web.filter.CharacterEncodingFilter (OnClassCondition)
      - matched (OnPropertyCondition)

   HttpEncodingAutoConfiguration#characterEncodingFilter
      - @ConditionalOnMissingBean (types: org.springframework.web.filter.CharacterEncodingFilter; SearchStrategy: all) found no beans (OnBeanCondition)

   HttpMessageConvertersAutoConfiguration
      - @ConditionalOnClass classes found: org.springframework.http.converter.HttpMessageConverter (OnClassCondition)

   HttpMessageConvertersAutoConfiguration#messageConverters
      - @ConditionalOnMissingBean (types: org.springframework.boot.autoconfigure.web.HttpMessageConverters; SearchStrategy: all) found no beans (OnBeanCondition)

   HttpMessageConvertersAutoConfiguration.StringHttpMessageConverterConfiguration
      - @ConditionalOnClass classes found: org.springframework.http.converter.StringHttpMessageConverter (OnClassCondition)

   HttpMessageConvertersAutoConfiguration.StringHttpMessageConverterConfiguration#stringHttpMessageConverter
      - @ConditionalOnMissingBean (types: org.springframework.http.converter.StringHttpMessageConverter; SearchStrategy: all) found no beans (OnBeanCondition)

   HypermediaAutoConfiguration
      - @ConditionalOnClass classes found: org.springframework.hateoas.Resource,org.springframework.web.bind.annotation.RequestMapping,org.springframework.plugin.core.Plugin (OnClassCondition)
      - found web application 'session' scope (OnWebApplicationCondition)

   JacksonAutoConfiguration
      - @ConditionalOnClass classes found: com.fasterxml.jackson.databind.ObjectMapper (OnClassCondition)

   JacksonAutoConfiguration.JacksonObjectMapperBuilderConfiguration
      - @ConditionalOnClass classes found: com.fasterxml.jackson.databind.ObjectMapper,org.springframework.http.converter.json.Jackson2ObjectMapperBuilder (OnClassCondition)

   JacksonAutoConfiguration.JacksonObjectMapperBuilderConfiguration#jacksonObjectMapperBuilder
      - @ConditionalOnMissingBean (types: org.springframework.http.converter.json.Jackson2ObjectMapperBuilder; SearchStrategy: all) found no beans (OnBeanCondition)

   JacksonAutoConfiguration.JacksonObjectMapperConfiguration
      - @ConditionalOnClass classes found: com.fasterxml.jackson.databind.ObjectMapper,org.springframework.http.converter.json.Jackson2ObjectMapperBuilder (OnClassCondition)

   JacksonAutoConfiguration.JacksonObjectMapperConfiguration#jacksonObjectMapper
      - @ConditionalOnMissingBean (types: com.fasterxml.jackson.databind.ObjectMapper; SearchStrategy: all) found no beans (OnBeanCondition)

   JacksonHttpMessageConvertersConfiguration.MappingJackson2HttpMessageConverterConfiguration
      - @ConditionalOnClass classes found: com.fasterxml.jackson.databind.ObjectMapper (OnClassCondition)
      - matched (OnPropertyCondition)
      - @ConditionalOnBean (types: com.fasterxml.jackson.databind.ObjectMapper; SearchStrategy: all) found the following [jacksonObjectMapper] (OnBeanCondition)

   JacksonHttpMessageConvertersConfiguration.MappingJackson2HttpMessageConverterConfiguration#mappingJackson2HttpMessageConverter
      - @ConditionalOnMissingBean (types: org.springframework.http.converter.json.MappingJackson2HttpMessageConverter; SearchStrategy: all) found no beans (OnBeanCondition)

   JpaBaseConfiguration#entityManagerFactory
      - @ConditionalOnMissingBean (types: org.springframework.orm.jpa.LocalContainerEntityManagerFactoryBean,javax.persistence.EntityManagerFactory; SearchStrategy: all) found no beans (OnBeanCondition)

   JpaBaseConfiguration#entityManagerFactoryBuilder
      - @ConditionalOnMissingBean (types: org.springframework.boot.autoconfigure.orm.jpa.EntityManagerFactoryBuilder; SearchStrategy: all) found no beans (OnBeanCondition)

   JpaBaseConfiguration#jpaVendorAdapter
      - @ConditionalOnMissingBean (types: org.springframework.orm.jpa.JpaVendorAdapter; SearchStrategy: all) found no beans (OnBeanCondition)

   JpaBaseConfiguration#transactionManager
      - @ConditionalOnMissingBean (types: org.springframework.transaction.PlatformTransactionManager; SearchStrategy: all) found no beans (OnBeanCondition)

   JpaBaseConfiguration.JpaWebConfiguration
      - @ConditionalOnClass classes found: org.springframework.web.servlet.config.annotation.WebMvcConfigurerAdapter (OnClassCondition)
      - found web application 'session' scope (OnWebApplicationCondition)
      - matched (OnPropertyCondition)
      - @ConditionalOnMissingBean (types: org.springframework.orm.jpa.support.OpenEntityManagerInViewInterceptor,org.springframework.orm.jpa.support.OpenEntityManagerInViewFilter; SearchStrategy: all) found no beans (OnBeanCondition)

   JtaAutoConfiguration
      - @ConditionalOnClass classes found: javax.transaction.Transaction (OnClassCondition)
      - matched (OnPropertyCondition)

   MultipartAutoConfiguration
      - @ConditionalOnClass classes found: javax.servlet.Servlet,org.springframework.web.multipart.support.StandardServletMultipartResolver,javax.servlet.MultipartConfigElement (OnClassCondition)
      - matched (OnPropertyCondition)

   MultipartAutoConfiguration#multipartConfigElement
      - @ConditionalOnMissingBean (types: javax.servlet.MultipartConfigElement; SearchStrategy: all) found no beans (OnBeanCondition)

   MultipartAutoConfiguration#multipartResolver
      - @ConditionalOnMissingBean (types: org.springframework.web.multipart.MultipartResolver; SearchStrategy: all) found no beans (OnBeanCondition)

   NoOpCacheConfiguration
      - Automatic cache type (CacheCondition)

   PersistenceExceptionTranslationAutoConfiguration
      - @ConditionalOnClass classes found: org.springframework.dao.annotation.PersistenceExceptionTranslationPostProcessor (OnClassCondition)

   PersistenceExceptionTranslationAutoConfiguration#persistenceExceptionTranslationPostProcessor
      - @ConditionalOnMissingBean (types: org.springframework.dao.annotation.PersistenceExceptionTranslationPostProcessor; SearchStrategy: all) found no beans (OnBeanCondition)
      - matched (OnPropertyCondition)

   PropertyPlaceholderAutoConfiguration#propertySourcesPlaceholderConfigurer
      - @ConditionalOnMissingBean (types: org.springframework.context.support.PropertySourcesPlaceholderConfigurer; SearchStrategy: current) found no beans (OnBeanCondition)

   RedisCacheConfiguration
      - Automatic cache type (CacheCondition)

   RepositoryRestMvcAutoConfiguration
      - @ConditionalOnClass classes found: org.springframework.data.rest.webmvc.config.RepositoryRestMvcConfiguration (OnClassCondition)
      - found web application 'session' scope (OnWebApplicationCondition)
      - @ConditionalOnMissingBean (types: org.springframework.data.rest.webmvc.config.RepositoryRestMvcConfiguration; SearchStrategy: all) found no beans (OnBeanCondition)

   SecurityFilterAutoConfiguration
      - found web application 'session' scope (OnWebApplicationCondition)

   ServerPropertiesAutoConfiguration
      - found web application 'session' scope (OnWebApplicationCondition)

   ServerPropertiesAutoConfiguration#serverProperties
      - @ConditionalOnMissingBean (types: org.springframework.boot.autoconfigure.web.ServerProperties; SearchStrategy: current) found no beans (OnBeanCondition)

   SimpleCacheConfiguration
      - Automatic cache type (CacheCondition)

   TransactionAutoConfiguration
      - @ConditionalOnClass classes found: org.springframework.transaction.support.TransactionTemplate,org.springframework.transaction.PlatformTransactionManager (OnClassCondition)
      - @ConditionalOnSingleCandidate (types: org.springframework.transaction.PlatformTransactionManager; SearchStrategy: all) found a primary candidate amongst the following [transactionManager] (OnBeanCondition)

   TransactionAutoConfiguration#transactionTemplate
      - @ConditionalOnMissingBean (types: org.springframework.transaction.support.TransactionTemplate; SearchStrategy: all) found no beans (OnBeanCondition)

   WebMvcAutoConfiguration
      - @ConditionalOnClass classes found: javax.servlet.Servlet,org.springframework.web.servlet.DispatcherServlet,org.springframework.web.servlet.config.annotation.WebMvcConfigurerAdapter (OnClassCondition)
      - found web application 'session' scope (OnWebApplicationCondition)
      - @ConditionalOnMissingBean (types: org.springframework.web.servlet.config.annotation.WebMvcConfigurationSupport; SearchStrategy: all) found no beans (OnBeanCondition)

   WebMvcAutoConfiguration#hiddenHttpMethodFilter
      - @ConditionalOnMissingBean (types: org.springframework.web.filter.HiddenHttpMethodFilter; SearchStrategy: all) found no beans (OnBeanCondition)

   WebMvcAutoConfiguration#httpPutFormContentFilter
      - @ConditionalOnMissingBean (types: org.springframework.web.filter.HttpPutFormContentFilter; SearchStrategy: all) found no beans (OnBeanCondition)

   WebMvcAutoConfiguration.WebMvcAutoConfigurationAdapter#beanNameViewResolver
      - @ConditionalOnBean (types: org.springframework.web.servlet.View; SearchStrategy: all) found the following [error] (OnBeanCondition)

   WebMvcAutoConfiguration.WebMvcAutoConfigurationAdapter#defaultViewResolver
      - @ConditionalOnMissingBean (types: org.springframework.web.servlet.view.InternalResourceViewResolver; SearchStrategy: all) found no beans (OnBeanCondition)

   WebMvcAutoConfiguration.WebMvcAutoConfigurationAdapter#requestContextListener
      - @ConditionalOnMissingBean (types: org.springframework.web.context.request.RequestContextListener; SearchStrategy: all) found no beans (OnBeanCondition)

   WebMvcAutoConfiguration.WebMvcAutoConfigurationAdapter#viewResolver
      - @ConditionalOnBean (types: org.springframework.web.servlet.ViewResolver; SearchStrategy: all) found the following [defaultViewResolver, beanNameViewResolver, mvcViewResolver] @ConditionalOnMissingBean (names: viewResolver; types: org.springframework.web.servlet.view.ContentNegotiatingViewResolver; SearchStrategy: all) found no beans (OnBeanCondition)

   WebMvcAutoConfiguration.WebMvcAutoConfigurationAdapter.FaviconConfiguration
      - matched (OnPropertyCondition)

   WebSocketAutoConfiguration
      - @ConditionalOnClass classes found: javax.servlet.Servlet,javax.websocket.server.ServerContainer (OnClassCondition)
      - found web application 'session' scope (OnWebApplicationCondition)

   WebSocketAutoConfiguration.TomcatWebSocketConfiguration
      - @ConditionalOnClass classes found: org.apache.catalina.startup.Tomcat,org.apache.tomcat.websocket.server.WsSci (OnClassCondition)

   WebSocketAutoConfiguration.TomcatWebSocketConfiguration#websocketContainerCustomizer
      - @ConditionalOnMissingBean (names: websocketContainerCustomizer; SearchStrategy: all) found no beans (OnBeanCondition)


Negative matches:
-----------------

   ActiveMQAutoConfiguration
      - required @ConditionalOnClass classes not found: javax.jms.ConnectionFactory,org.apache.activemq.ActiveMQConnectionFactory (OnClassCondition)

   AopAutoConfiguration.CglibAutoProxyConfiguration
      - @ConditionalOnProperty missing required properties spring.aop.proxy-target-class  (OnPropertyCondition)

   ArtemisAutoConfiguration
      - required @ConditionalOnClass classes not found: javax.jms.ConnectionFactory,org.apache.activemq.artemis.jms.client.ActiveMQConnectionFactory (OnClassCondition)

   AtomikosJtaConfiguration
      - required @ConditionalOnClass classes not found: com.atomikos.icatch.jta.UserTransactionManager (OnClassCondition)

   BatchAutoConfiguration
      - required @ConditionalOnClass classes not found: org.springframework.batch.core.launch.JobLauncher (OnClassCondition)

   BitronixJtaConfiguration
      - required @ConditionalOnClass classes not found: bitronix.tm.jndi.BitronixContext (OnClassCondition)

   CacheAutoConfiguration
      - @ConditionalOnClass classes found: org.springframework.cache.CacheManager (OnClassCondition)
      - @ConditionalOnBean (types: org.springframework.cache.interceptor.CacheAspectSupport; SearchStrategy: all) found no beans (OnBeanCondition)

   CloudAutoConfiguration
      - required @ConditionalOnClass classes not found: org.springframework.cloud.config.java.CloudScanConfiguration (OnClassCondition)

   DataSourceAutoConfiguration.EmbeddedConfiguration
      - existing non-embedded database detected (DataSourceAutoConfiguration.EmbeddedDataSourceCondition)

   DataSourceAutoConfiguration.TomcatDataSourceJmxConfiguration
      - @ConditionalOnClass classes found: org.apache.tomcat.jdbc.pool.DataSourceProxy (OnClassCondition)
      - existing auto database detected (DataSourceAutoConfiguration.DataSourceAvailableCondition)
      - @ConditionalOnProperty missing required properties spring.datasource.jmx-enabled  (OnPropertyCondition)

   DataSourcePoolMetadataProvidersConfiguration.CommonsDbcpPoolDataSourceMetadataProviderConfiguration
      - required @ConditionalOnClass classes not found: org.apache.commons.dbcp.BasicDataSource (OnClassCondition)

   DataSourcePoolMetadataProvidersConfiguration.HikariPoolDataSourceMetadataProviderConfiguration
      - required @ConditionalOnClass classes not found: com.zaxxer.hikari.HikariDataSource (OnClassCondition)

   DataSourceTransactionManagerAutoConfiguration#transactionManager
      - @ConditionalOnMissingBean (types: org.springframework.transaction.PlatformTransactionManager; SearchStrategy: all) found the following [transactionManager] (OnBeanCondition)

   DeviceDelegatingViewResolverAutoConfiguration
      - required @ConditionalOnClass classes not found: org.springframework.mobile.device.view.LiteDeviceDelegatingViewResolver (OnClassCondition)

   DeviceResolverAutoConfiguration
      - required @ConditionalOnClass classes not found: org.springframework.mobile.device.DeviceResolverHandlerInterceptor,org.springframework.mobile.device.DeviceHandlerMethodArgumentResolver (OnClassCondition)

   DispatcherServletAutoConfiguration.DispatcherServletConfiguration#multipartResolver
      - @ConditionalOnBean (types: org.springframework.web.multipart.MultipartResolver; SearchStrategy: all) found no beans (OnBeanCondition)

   EhCacheCacheConfiguration
      - required @ConditionalOnClass classes not found: net.sf.ehcache.Cache,org.springframework.cache.ehcache.EhCacheCacheManager (OnClassCondition)

   ElasticsearchAutoConfiguration
      - required @ConditionalOnClass classes not found: org.elasticsearch.client.Client,org.springframework.data.elasticsearch.client.TransportClientFactoryBean,org.springframework.data.elasticsearch.client.NodeClientFactoryBean (OnClassCondition)

   ElasticsearchDataAutoConfiguration
      - required @ConditionalOnClass classes not found: org.elasticsearch.client.Client,org.springframework.data.elasticsearch.core.ElasticsearchTemplate (OnClassCondition)

   ElasticsearchRepositoriesAutoConfiguration
      - required @ConditionalOnClass classes not found: org.elasticsearch.client.Client,org.springframework.data.elasticsearch.repository.ElasticsearchRepository (OnClassCondition)

   EmbeddedMongoAutoConfiguration
      - required @ConditionalOnClass classes not found: com.mongodb.Mongo,de.flapdoodle.embed.mongo.MongodStarter (OnClassCondition)

   EmbeddedServletContainerAutoConfiguration.EmbeddedJetty
      - required @ConditionalOnClass classes not found: org.eclipse.jetty.server.Server,org.eclipse.jetty.util.Loader (OnClassCondition)

   EmbeddedServletContainerAutoConfiguration.EmbeddedUndertow
      - required @ConditionalOnClass classes not found: io.undertow.Undertow,org.xnio.SslClientAuthMode (OnClassCondition)

   FacebookAutoConfiguration
      - required @ConditionalOnClass classes not found: org.springframework.social.config.annotation.SocialConfigurerAdapter,org.springframework.social.facebook.connect.FacebookConnectionFactory (OnClassCondition)

   FallbackWebSecurityAutoConfiguration
      - required @ConditionalOnClass classes not found: org.springframework.security.config.annotation.web.configuration.EnableWebSecurity (OnClassCondition)

   FlywayAutoConfiguration
      - required @ConditionalOnClass classes not found: org.flywaydb.core.Flyway (OnClassCondition)

   FreeMarkerAutoConfiguration
      - required @ConditionalOnClass classes not found: freemarker.template.Configuration,org.springframework.ui.freemarker.FreeMarkerConfigurationFactory (OnClassCondition)

   GroovyTemplateAutoConfiguration
      - required @ConditionalOnClass classes not found: groovy.text.markup.MarkupTemplateEngine (OnClassCondition)

   GsonAutoConfiguration
      - required @ConditionalOnClass classes not found: com.google.gson.Gson (OnClassCondition)

   GsonHttpMessageConvertersConfiguration
      - required @ConditionalOnClass classes not found: com.google.gson.Gson (OnClassCondition)

   GuavaCacheConfiguration
      - required @ConditionalOnClass classes not found: org.springframework.cache.guava.GuavaCacheManager (OnClassCondition)

   H2ConsoleAutoConfiguration
      - required @ConditionalOnClass classes not found: org.h2.server.web.WebServlet (OnClassCondition)

   HazelcastAutoConfiguration
      - required @ConditionalOnClass classes not found: com.hazelcast.core.HazelcastInstance (OnClassCondition)

   HazelcastCacheConfiguration
      - required @ConditionalOnClass classes not found: com.hazelcast.core.HazelcastInstance,com.hazelcast.spring.cache.HazelcastCacheManager (OnClassCondition)

   HornetQAutoConfiguration
      - required @ConditionalOnClass classes not found: javax.jms.ConnectionFactory,org.hornetq.api.jms.HornetQJMSClient (OnClassCondition)

   HypermediaAutoConfiguration.EntityLinksConfiguration
      - @ConditionalOnMissingBean (types: org.springframework.hateoas.EntityLinks; SearchStrategy: all) found the following [delegatingEntityLinks, entityLinks, controllerEntityLinks] (OnBeanCondition)

   HypermediaAutoConfiguration.HypermediaConfiguration
      - @ConditionalOnMissingBean (types: org.springframework.hateoas.LinkDiscoverers; SearchStrategy: all) found the following [org.springframework.hateoas.LinkDiscoverers#0] (OnBeanCondition)

   HypermediaAutoConfiguration.HypermediaConfiguration.HalObjectMapperConfiguration
      - @ConditionalOnClass classes found: org.springframework.http.converter.json.Jackson2ObjectMapperBuilder,com.fasterxml.jackson.databind.ObjectMapper (OnClassCondition)
      - Ancestor 'org.springframework.boot.autoconfigure.hateoas.HypermediaAutoConfiguration$HypermediaConfiguration' did not match (ConditionEvaluationReport.AncestorsMatchedCondition)

   InfinispanCacheConfiguration
      - required @ConditionalOnClass classes not found: org.infinispan.spring.provider.SpringEmbeddedCacheManager (OnClassCondition)

   IntegrationAutoConfiguration
      - required @ConditionalOnClass classes not found: org.springframework.integration.config.EnableIntegration (OnClassCondition)

   JCacheCacheConfiguration
      - required @ConditionalOnClass classes not found: javax.cache.Caching,org.springframework.cache.jcache.JCacheCacheManager (OnClassCondition)

   JacksonAutoConfiguration.JodaDateTimeJacksonConfiguration
      - required @ConditionalOnClass classes not found: org.joda.time.DateTime,com.fasterxml.jackson.datatype.joda.ser.DateTimeSerializer,com.fasterxml.jackson.datatype.joda.cfg.JacksonJodaDateFormat (OnClassCondition)

   JacksonHttpMessageConvertersConfiguration.MappingJackson2XmlHttpMessageConverterConfiguration
      - required @ConditionalOnClass classes not found: com.fasterxml.jackson.dataformat.xml.XmlMapper (OnClassCondition)

   JerseyAutoConfiguration
      - required @ConditionalOnClass classes not found: org.glassfish.jersey.server.spring.SpringComponentProvider (OnClassCondition)

   JmsAutoConfiguration
      - required @ConditionalOnClass classes not found: org.springframework.jms.core.JmsTemplate (OnClassCondition)

   JmxAutoConfiguration
      - @ConditionalOnClass classes found: org.springframework.jmx.export.MBeanExporter (OnClassCondition)
      - @ConditionalOnProperty expected 'true' for properties spring.jmx.enabled (OnPropertyCondition)

   JndiConnectionFactoryAutoConfiguration
      - required @ConditionalOnClass classes not found: org.springframework.jms.core.JmsTemplate (OnClassCondition)

   JndiDataSourceAutoConfiguration
      - @ConditionalOnClass classes found: javax.sql.DataSource,org.springframework.jdbc.datasource.embedded.EmbeddedDatabaseType (OnClassCondition)
      - @ConditionalOnProperty missing required properties spring.datasource.jndi-name  (OnPropertyCondition)

   JndiJtaConfiguration
      - @ConditionalOnClass classes found: org.springframework.transaction.jta.JtaTransactionManager (OnClassCondition)
      - JNDI environment is not available (OnJndiCondition)

   JooqAutoConfiguration
      - required @ConditionalOnClass classes not found: org.jooq.DSLContext (OnClassCondition)

   JpaRepositoriesAutoConfiguration
      - @ConditionalOnClass classes found: org.springframework.data.jpa.repository.JpaRepository (OnClassCondition)
      - matched (OnPropertyCondition)
      - @ConditionalOnMissingBean (types: org.springframework.data.jpa.repository.support.JpaRepositoryFactoryBean,org.springframework.data.jpa.repository.config.JpaRepositoryConfigExtension; SearchStrategy: all) found the following [&cityRepository, org.springframework.data.jpa.repository.config.JpaRepositoryConfigExtension#0] (OnBeanCondition)

   LinkedInAutoConfiguration
      - required @ConditionalOnClass classes not found: org.springframework.social.config.annotation.SocialConfigurerAdapter,org.springframework.social.linkedin.connect.LinkedInConnectionFactory (OnClassCondition)

   LiquibaseAutoConfiguration
      - required @ConditionalOnClass classes not found: liquibase.integration.spring.SpringLiquibase (OnClassCondition)

   MailSenderAutoConfiguration
      - required @ConditionalOnClass classes not found: javax.mail.internet.MimeMessage (OnClassCondition)

   MailSenderValidatorAutoConfiguration
      - @ConditionalOnProperty missing required properties spring.mail.test-connection  (OnPropertyCondition)

   MessageSourceAutoConfiguration
      - No bundle found for spring.messages.basename: messages (MessageSourceAutoConfiguration.ResourceBundleCondition)

   MongoAutoConfiguration
      - required @ConditionalOnClass classes not found: com.mongodb.MongoClient (OnClassCondition)

   MongoDataAutoConfiguration
      - required @ConditionalOnClass classes not found: com.mongodb.Mongo,org.springframework.data.mongodb.core.MongoTemplate (OnClassCondition)

   MongoRepositoriesAutoConfiguration
      - required @ConditionalOnClass classes not found: com.mongodb.Mongo,org.springframework.data.mongodb.repository.MongoRepository (OnClassCondition)

   MustacheAutoConfiguration
      - required @ConditionalOnClass classes not found: com.samskivert.mustache.Mustache (OnClassCondition)

   OAuth2AutoConfiguration
      - required @ConditionalOnClass classes not found: org.springframework.security.oauth2.common.OAuth2AccessToken (OnClassCondition)

   RabbitAutoConfiguration
      - required @ConditionalOnClass classes not found: org.springframework.amqp.rabbit.core.RabbitTemplate,com.rabbitmq.client.Channel (OnClassCondition)

   ReactorAutoConfiguration
      - required @ConditionalOnClass classes not found: reactor.spring.context.config.EnableReactor,reactor.Environment (OnClassCondition)

   RedisAutoConfiguration
      - required @ConditionalOnClass classes not found: org.springframework.data.redis.connection.jedis.JedisConnection,org.springframework.data.redis.core.RedisOperations,redis.clients.jedis.Jedis (OnClassCondition)

   SecurityAutoConfiguration
      - required @ConditionalOnClass classes not found: org.springframework.security.authentication.AuthenticationManager,org.springframework.security.config.annotation.authentication.configurers.GlobalAuthenticationConfigurerAdapter (OnClassCondition)

   SecurityFilterAutoConfiguration#securityFilterChainRegistration
      - @ConditionalOnBean (names: springSecurityFilterChain; SearchStrategy: all) found no beans (OnBeanCondition)

   SendGridAutoConfiguration
      - required @ConditionalOnClass classes not found: com.sendgrid.SendGrid (OnClassCondition)

   SessionAutoConfiguration
      - required @ConditionalOnClass classes not found: org.springframework.session.Session (OnClassCondition)

   SitePreferenceAutoConfiguration
      - required @ConditionalOnClass classes not found: org.springframework.mobile.device.site.SitePreferenceHandlerInterceptor,org.springframework.mobile.device.site.SitePreferenceHandlerMethodArgumentResolver (OnClassCondition)

   SocialWebAutoConfiguration
      - required @ConditionalOnClass classes not found: org.springframework.social.connect.web.ConnectController,org.springframework.social.config.annotation.SocialConfigurerAdapter (OnClassCondition)

   SolrAutoConfiguration
      - required @ConditionalOnClass classes not found: org.apache.solr.client.solrj.impl.HttpSolrServer,org.apache.solr.client.solrj.impl.CloudSolrServer (OnClassCondition)

   SolrRepositoriesAutoConfiguration
      - required @ConditionalOnClass classes not found: org.apache.solr.client.solrj.SolrServer,org.springframework.data.solr.repository.SolrRepository (OnClassCondition)

   SpringApplicationAdminJmxAutoConfiguration
      - @ConditionalOnProperty missing required properties spring.application.admin.enabled  (OnPropertyCondition)

   SpringDataWebAutoConfiguration
      - @ConditionalOnClass classes found: org.springframework.data.web.PageableHandlerMethodArgumentResolver,org.springframework.web.servlet.config.annotation.WebMvcConfigurerAdapter (OnClassCondition)
      - found web application 'session' scope (OnWebApplicationCondition)
      - @ConditionalOnMissingBean (types: org.springframework.data.web.PageableHandlerMethodArgumentResolver; SearchStrategy: all) found the following [pageableResolver] (OnBeanCondition)

   ThymeleafAutoConfiguration
      - required @ConditionalOnClass classes not found: org.thymeleaf.spring4.SpringTemplateEngine (OnClassCondition)

   TwitterAutoConfiguration
      - required @ConditionalOnClass classes not found: org.springframework.social.config.annotation.SocialConfigurerAdapter,org.springframework.social.twitter.connect.TwitterConnectionFactory (OnClassCondition)

   VelocityAutoConfiguration
      - required @ConditionalOnClass classes not found: org.apache.velocity.app.VelocityEngine,org.springframework.ui.velocity.VelocityEngineFactory (OnClassCondition)

   WebMvcAutoConfiguration.WebMvcAutoConfigurationAdapter#dateFormatter
      - @ConditionalOnProperty missing required properties spring.mvc.date-format  (OnPropertyCondition)

   WebMvcAutoConfiguration.WebMvcAutoConfigurationAdapter#localeResolver
      - @ConditionalOnMissingBean (types: org.springframework.web.servlet.LocaleResolver; SearchStrategy: all) found no beans (OnBeanCondition)
      - @ConditionalOnProperty missing required properties spring.mvc.locale  (OnPropertyCondition)

   WebSocketAutoConfiguration.JettyWebSocketConfiguration
      - required @ConditionalOnClass classes not found: org.eclipse.jetty.websocket.jsr356.server.deploy.WebSocketServerContainerInitializer (OnClassCondition)

   WebSocketAutoConfiguration.UndertowWebSocketConfiguration
      - required @ConditionalOnClass classes not found: io.undertow.websockets.jsr.Bootstrap (OnClassCondition)

   XADataSourceAutoConfiguration
      - @ConditionalOnClass classes found: javax.sql.DataSource,javax.transaction.TransactionManager,org.springframework.jdbc.datasource.embedded.EmbeddedDatabaseType (OnClassCondition)
      - @ConditionalOnBean (types: org.springframework.boot.jta.XADataSourceWrapper; SearchStrategy: all) found no beans (OnBeanCondition)


Exclusions:
-----------

    None


Unconditional classes:
----------------------

   org.springframework.boot.autoconfigure.PropertyPlaceholderAutoConfiguration

   org.springframework.boot.autoconfigure.context.ConfigurationPropertiesAutoConfiguration



2016-04-27 17:58:13.743 DEBUG 37359 --- [    Test worker] o.s.w.s.resource.ResourceUrlProvider     : Looking for resource handler mappings
2016-04-27 17:58:13.743 DEBUG 37359 --- [    Test worker] o.s.b.f.s.DefaultListableBeanFactory     : Returning cached instance of singleton bean 'resourceHandlerMapping'
2016-04-27 17:58:13.743 DEBUG 37359 --- [    Test worker] o.s.b.f.s.DefaultListableBeanFactory     : Returning cached instance of singleton bean 'faviconHandlerMapping'
2016-04-27 17:58:13.743 DEBUG 37359 --- [    Test worker] o.s.w.s.resource.ResourceUrlProvider     : Found resource handler mapping: URL pattern="/**/favicon.ico", locations=[class path resource [META-INF/resources/], class path resource [resources/], class path resource [static/], class path resource [public/], class path resource []], resolvers=[org.springframework.web.servlet.resource.PathResourceResolver@43ba16d1]
2016-04-27 17:58:13.743 DEBUG 37359 --- [    Test worker] o.s.w.s.resource.ResourceUrlProvider     : Found resource handler mapping: URL pattern="/webjars/**", locations=[class path resource [META-INF/resources/webjars/]], resolvers=[org.springframework.web.servlet.resource.PathResourceResolver@8dcc0dd]
2016-04-27 17:58:13.743 DEBUG 37359 --- [    Test worker] o.s.w.s.resource.ResourceUrlProvider     : Found resource handler mapping: URL pattern="/**", locations=[ServletContext resource [/], class path resource [META-INF/resources/], class path resource [resources/], class path resource [static/], class path resource [public/]], resolvers=[org.springframework.web.servlet.resource.PathResourceResolver@39b90b61]
2016-04-27 17:58:13.745 TRACE 37359 --- [    Test worker] o.s.c.e.PropertySourcesPropertyResolver  : getProperty("spring.liveBeansView.mbeanDomain", String)
2016-04-27 17:58:13.745 DEBUG 37359 --- [    Test worker] o.s.c.e.PropertySourcesPropertyResolver  : Searching for key 'spring.liveBeansView.mbeanDomain' in [systemProperties]
2016-04-27 17:58:13.745 DEBUG 37359 --- [    Test worker] o.s.c.e.PropertySourcesPropertyResolver  : Searching for key 'spring.liveBeansView.mbeanDomain' in [systemEnvironment]
2016-04-27 17:58:13.745 DEBUG 37359 --- [    Test worker] o.s.c.e.PropertySourcesPropertyResolver  : Searching for key 'spring.liveBeansView.mbeanDomain' in [random]
2016-04-27 17:58:13.745 DEBUG 37359 --- [    Test worker] o.s.c.e.PropertySourcesPropertyResolver  : Searching for key 'spring.liveBeansView.mbeanDomain' in [integrationTest]
2016-04-27 17:58:13.745 DEBUG 37359 --- [    Test worker] o.s.c.e.PropertySourcesPropertyResolver  : Searching for key 'spring.liveBeansView.mbeanDomain' in [applicationConfig: [classpath:/application.yml]]
2016-04-27 17:58:13.745 DEBUG 37359 --- [    Test worker] o.s.c.e.PropertySourcesPropertyResolver  : Could not find key 'spring.liveBeansView.mbeanDomain' in any property source. Returning [null]
2016-04-27 17:58:13.748  INFO 37359 --- [    Test worker] demo.CitiesApplicationTests              : Started CitiesApplicationTests in 3.627 seconds (JVM running for 4.406)
2016-04-27 17:58:13.748 DEBUG 37359 --- [    Test worker] c.DefaultCacheAwareContextLoaderDelegate : Storing ApplicationContext in cache under key [[WebMergedContextConfiguration@256cbab2 testClass = CitiesApplicationTests, locations = '{}', classes = '{class demo.CitiesApplication}', contextInitializerClasses = '[]', activeProfiles = '{}', propertySourceLocations = '{}', propertySourceProperties = '{}', resourceBasePath = 'src/main/webapp', contextLoader = 'org.springframework.boot.test.SpringApplicationContextLoader', parent = [null]]]
2016-04-27 17:58:13.748 DEBUG 37359 --- [    Test worker] org.springframework.test.context.cache   : Spring test ApplicationContext cache statistics: [DefaultContextCache@1258299e size = 1, parentContextCount = 0, hitCount = 0, missCount = 1]
2016-04-27 17:58:13.749 DEBUG 37359 --- [    Test worker] o.s.t.c.w.ServletTestExecutionListener   : Setting up MockHttpServletRequest, MockHttpServletResponse, ServletWebRequest, and RequestContextHolder for test context [DefaultTestContext@53424535 testClass = CitiesApplicationTests, testInstance = demo.CitiesApplicationTests@4aa7638a, testMethod = [null], testException = [null], mergedContextConfiguration = [WebMergedContextConfiguration@256cbab2 testClass = CitiesApplicationTests, locations = '{}', classes = '{class demo.CitiesApplication}', contextInitializerClasses = '[]', activeProfiles = '{}', propertySourceLocations = '{}', propertySourceProperties = '{}', resourceBasePath = 'src/main/webapp', contextLoader = 'org.springframework.boot.test.SpringApplicationContextLoader', parent = [null]]].
2016-04-27 17:58:13.755 DEBUG 37359 --- [    Test worker] DependencyInjectionTestExecutionListener : Performing dependency injection for test context [[DefaultTestContext@53424535 testClass = CitiesApplicationTests, testInstance = demo.CitiesApplicationTests@4aa7638a, testMethod = [null], testException = [null], mergedContextConfiguration = [WebMergedContextConfiguration@256cbab2 testClass = CitiesApplicationTests, locations = '{}', classes = '{class demo.CitiesApplication}', contextInitializerClasses = '[]', activeProfiles = '{}', propertySourceLocations = '{}', propertySourceProperties = '{}', resourceBasePath = 'src/main/webapp', contextLoader = 'org.springframework.boot.test.SpringApplicationContextLoader', parent = [null]]]].
2016-04-27 17:58:13.755 DEBUG 37359 --- [    Test worker] c.DefaultCacheAwareContextLoaderDelegate : Retrieved ApplicationContext from cache with key [[WebMergedContextConfiguration@256cbab2 testClass = CitiesApplicationTests, locations = '{}', classes = '{class demo.CitiesApplication}', contextInitializerClasses = '[]', activeProfiles = '{}', propertySourceLocations = '{}', propertySourceProperties = '{}', resourceBasePath = 'src/main/webapp', contextLoader = 'org.springframework.boot.test.SpringApplicationContextLoader', parent = [null]]]
2016-04-27 17:58:13.755 DEBUG 37359 --- [    Test worker] org.springframework.test.context.cache   : Spring test ApplicationContext cache statistics: [DefaultContextCache@1258299e size = 1, parentContextCount = 0, hitCount = 1, missCount = 1]
2016-04-27 17:58:13.755 TRACE 37359 --- [    Test worker] o.s.beans.CachedIntrospectionResults     : Getting BeanInfo for class [demo.CitiesApplicationTests]
2016-04-27 17:58:13.756 TRACE 37359 --- [    Test worker] o.s.beans.CachedIntrospectionResults     : Caching PropertyDescriptors for class [demo.CitiesApplicationTests]
2016-04-27 17:58:13.756 TRACE 37359 --- [    Test worker] o.s.beans.CachedIntrospectionResults     : Found bean property 'class' of type [java.lang.Class]
2016-04-27 17:58:13.756 DEBUG 37359 --- [    Test worker] o.s.b.f.annotation.InjectionMetadata     : Processing injected element of bean 'demo.CitiesApplicationTests': AutowiredFieldElement for private org.springframework.web.context.WebApplicationContext demo.CitiesApplicationTests.context
2016-04-27 17:58:13.756 DEBUG 37359 --- [    Test worker] f.a.AutowiredAnnotationBeanPostProcessor : Autowiring by type from bean name 'demo.CitiesApplicationTests' to bean named 'org.springframework.web.context.support.GenericWebApplicationContext@5a677df7'
2016-04-27 17:58:13.757 DEBUG 37359 --- [    Test worker] o.s.b.f.s.DefaultListableBeanFactory     : Returning cached instance of singleton bean 'org.springframework.transaction.config.internalTransactionAdvisor'
2016-04-27 17:58:13.757 DEBUG 37359 --- [    Test worker] o.s.b.f.s.DefaultListableBeanFactory     : Returning cached instance of singleton bean 'org.springframework.transaction.config.internalTransactionAdvisor'
2016-04-27 17:58:13.759 TRACE 37359 --- [    Test worker] o.s.test.context.TestContextManager      : beforeTestMethod(): instance [demo.CitiesApplicationTests@4aa7638a], method [public void demo.CitiesApplicationTests.index() throws java.lang.Exception]
2016-04-27 17:58:13.760 DEBUG 37359 --- [    Test worker] tractDirtiesContextTestExecutionListener : Before test method: context [DefaultTestContext@53424535 testClass = CitiesApplicationTests, testInstance = demo.CitiesApplicationTests@4aa7638a, testMethod = index@CitiesApplicationTests, testException = [null], mergedContextConfiguration = [WebMergedContextConfiguration@256cbab2 testClass = CitiesApplicationTests, locations = '{}', classes = '{class demo.CitiesApplication}', contextInitializerClasses = '[]', activeProfiles = '{}', propertySourceLocations = '{}', propertySourceProperties = '{}', resourceBasePath = 'src/main/webapp', contextLoader = 'org.springframework.boot.test.SpringApplicationContextLoader', parent = [null]]], class annotated with @DirtiesContext [false] with mode [null], method annotated with @DirtiesContext [false] with mode [null].
2016-04-27 17:58:13.781 DEBUG 37359 --- [    Test worker] o.s.t.web.servlet.TestDispatcherServlet  : Initializing servlet ''
2016-04-27 17:58:13.782 DEBUG 37359 --- [    Test worker] o.s.w.c.s.StandardServletEnvironment     : Adding [servletConfigInitParams] PropertySource with lowest search precedence
2016-04-27 17:58:13.783 DEBUG 37359 --- [    Test worker] o.s.w.c.s.StandardServletEnvironment     : Adding [servletContextInitParams] PropertySource with lowest search precedence
2016-04-27 17:58:13.783 DEBUG 37359 --- [    Test worker] o.s.w.c.s.StandardServletEnvironment     : Adding [systemProperties] PropertySource with lowest search precedence
2016-04-27 17:58:13.783 DEBUG 37359 --- [    Test worker] o.s.w.c.s.StandardServletEnvironment     : Adding [systemEnvironment] PropertySource with lowest search precedence
2016-04-27 17:58:13.783 DEBUG 37359 --- [    Test worker] o.s.w.c.s.StandardServletEnvironment     : Initialized StandardServletEnvironment with PropertySources [servletConfigInitParams,servletContextInitParams,systemProperties,systemEnvironment]
2016-04-27 17:58:13.783  INFO 37359 --- [    Test worker] o.s.b.test.SpringBootMockServletContext  : Initializing Spring FrameworkServlet ''
2016-04-27 17:58:13.783  INFO 37359 --- [    Test worker] o.s.t.web.servlet.TestDispatcherServlet  : FrameworkServlet '': initialization started
2016-04-27 17:58:13.783 DEBUG 37359 --- [    Test worker] o.s.b.f.s.DefaultListableBeanFactory     : Returning cached instance of singleton bean 'multipartResolver'
2016-04-27 17:58:13.783 DEBUG 37359 --- [    Test worker] o.s.t.web.servlet.TestDispatcherServlet  : Using MultipartResolver [org.springframework.web.multipart.support.StandardServletMultipartResolver@583a5602]
2016-04-27 17:58:13.783 TRACE 37359 --- [    Test worker] o.s.b.f.s.DefaultListableBeanFactory     : No bean named 'localeResolver' found in org.springframework.beans.factory.support.DefaultListableBeanFactory@3872de98: defining beans [org.springframework.context.annotation.internalConfigurationAnnotationProcessor,org.springframework.context.annotation.internalAutowiredAnnotationProcessor,org.springframework.context.annotation.internalRequiredAnnotationProcessor,org.springframework.context.annotation.internalCommonAnnotationProcessor,org.springframework.context.annotation.internalPersistenceAnnotationProcessor,org.springframework.context.event.internalEventListenerProcessor,org.springframework.context.event.internalEventListenerFactory,citiesApplication,org.springframework.context.annotation.ConfigurationClassPostProcessor.importAwareProcessor,org.springframework.context.annotation.ConfigurationClassPostProcessor.enhancedConfigurationProcessor,repositoryEntityController,repositoryController,profileController,repositoryPropertyReferenceController,repositorySchemaController,repositorySearchController,alpsController,org.springframework.boot.autoconfigure.AutoConfigurationPackages,org.springframework.data.jpa.repository.config.JpaRepositoryConfigExtension#0,org.springframework.data.repository.core.support.RepositoryInterfaceAwareBeanPostProcessor,foo,jpaMappingContext,jpaContext,cityRepository,org.springframework.boot.autoconfigure.PropertyPlaceholderAutoConfiguration,org.springframework.boot.autoconfigure.condition.BeanTypeRegistry,propertySourcesPlaceholderConfigurer,org.springframework.boot.autoconfigure.websocket.WebSocketAutoConfiguration$TomcatWebSocketConfiguration,websocketContainerCustomizer,org.springframework.boot.autoconfigure.websocket.WebSocketAutoConfiguration,org.springframework.boot.autoconfigure.web.EmbeddedServletContainerAutoConfiguration$EmbeddedTomcat,tomcatEmbeddedServletContainerFactory,org.springframework.boot.autoconfigure.web.EmbeddedServletContainerAutoConfiguration,embeddedServletContainerCustomizerBeanPostProcessor,org.springframework.boot.autoconfigure.web.DispatcherServletAutoConfiguration$DispatcherServletConfiguration,dispatcherServlet,dispatcherServletRegistration,org.springframework.boot.autoconfigure.web.DispatcherServletAutoConfiguration,org.springframework.boot.autoconfigure.web.ErrorMvcAutoConfiguration$WhitelabelErrorViewConfiguration,error,beanNameViewResolver,org.springframework.boot.autoconfigure.web.ErrorMvcAutoConfiguration,errorAttributes,basicErrorController,org.springframework.boot.autoconfigure.web.WebMvcAutoConfiguration$EnableWebMvcConfiguration,requestMappingHandlerAdapter,requestMappingHandlerMapping,mvcContentNegotiationManager,viewControllerHandlerMapping,beanNameHandlerMapping,resourceHandlerMapping,mvcResourceUrlProvider,defaultServletHandlerMapping,mvcConversionService,mvcValidator,mvcPathMatcher,mvcUrlPathHelper,mvcUriComponentsContributor,httpRequestHandlerAdapter,simpleControllerHandlerAdapter,handlerExceptionResolver,mvcViewResolver,org.springframework.boot.autoconfigure.web.WebMvcAutoConfiguration$WebMvcAutoConfigurationAdapter$FaviconConfiguration,faviconHandlerMapping,faviconRequestHandler,org.springframework.boot.autoconfigure.web.WebMvcAutoConfiguration$WebMvcAutoConfigurationAdapter,defaultViewResolver,requestContextListener,viewResolver,spring.mvc.CONFIGURATION_PROPERTIES,spring.resources.CONFIGURATION_PROPERTIES,org.springframework.boot.context.properties.ConfigurationPropertiesBindingPostProcessor,org.springframework.boot.context.properties.ConfigurationPropertiesBindingPostProcessor.store,org.springframework.boot.autoconfigure.web.WebMvcAutoConfiguration,hiddenHttpMethodFilter,httpPutFormContentFilter,org.springframework.boot.autoconfigure.aop.AopAutoConfiguration$JdkDynamicAutoProxyConfiguration,org.springframework.aop.config.internalAutoProxyCreator,org.springframework.boot.autoconfigure.aop.AopAutoConfiguration,org.springframework.boot.autoconfigure.transaction.jta.JtaAutoConfiguration,spring.jta.CONFIGURATION_PROPERTIES,org.springframework.boot.autoconfigure.jdbc.DataSourceAutoConfiguration$JdbcTemplateConfiguration,jdbcTemplate,namedParameterJdbcTemplate,org.springframework.boot.autoconfigure.jdbc.DataSourceAutoConfiguration$NonEmbeddedConfiguration,dataSource,org.springframework.boot.autoconfigure.jdbc.DataSourceAutoConfiguration$DataSourceInitializerConfiguration,dataSourceInitializer,org.springframework.boot.autoconfigure.jdbc.metadata.DataSourcePoolMetadataProvidersConfiguration$TomcatDataSourcePoolMetadataProviderConfiguration,tomcatPoolDataSourceMetadataProvider,org.springframework.boot.autoconfigure.jdbc.metadata.DataSourcePoolMetadataProvidersConfiguration,org.springframework.boot.autoconfigure.jdbc.DataSourceAutoConfiguration,spring.datasource.CONFIGURATION_PROPERTIES,dataSourceInitializerPostProcessor,org.springframework.boot.autoconfigure.orm.jpa.JpaBaseConfiguration$JpaWebConfiguration$JpaWebMvcConfiguration,openEntityManagerInViewInterceptor,org.springframework.boot.autoconfigure.orm.jpa.JpaBaseConfiguration$JpaWebConfiguration,org.springframework.boot.autoconfigure.orm.jpa.HibernateJpaAutoConfiguration,transactionManager,jpaVendorAdapter,entityManagerFactoryBuilder,entityManagerFactory,spring.jpa.CONFIGURATION_PROPERTIES,dataSourceInitializedPublisher,org.springframework.boot.autoconfigure.context.ConfigurationPropertiesAutoConfiguration,org.springframework.boot.autoconfigure.dao.PersistenceExceptionTranslationAutoConfiguration,persistenceExceptionTranslationPostProcessor,org.springframework.boot.autoconfigure.jackson.JacksonAutoConfiguration$JacksonObjectMapperBuilderConfiguration,jacksonObjectMapperBuilder,spring.jackson.CONFIGURATION_PROPERTIES,org.springframework.boot.autoconfigure.jackson.JacksonAutoConfiguration$JacksonObjectMapperConfiguration,jacksonObjectMapper,org.springframework.boot.autoconfigure.jackson.JacksonAutoConfiguration,org.springframework.boot.autoconfigure.web.HttpMessageConvertersAutoConfiguration$StringHttpMessageConverterConfiguration,stringHttpMessageConverter,spring.http.encoding.CONFIGURATION_PROPERTIES,org.springframework.boot.autoconfigure.web.JacksonHttpMessageConvertersConfiguration$MappingJackson2HttpMessageConverterConfiguration,mappingJackson2HttpMessageConverter,org.springframework.boot.autoconfigure.web.JacksonHttpMessageConvertersConfiguration,org.springframework.boot.autoconfigure.web.HttpMessageConvertersAutoConfiguration,messageConverters,org.springframework.hateoas.config.HateoasConfiguration,linkRelationMessageSource,org.springframework.data.web.config.SpringDataJacksonConfiguration,jacksonGeoModule,org.springframework.boot.autoconfigure.data.rest.SpringBootRepositoryRestMvcConfiguration,config,repositories,repositoryRelProvider,persistentEntities,defaultConversionService,validatingRepositoryEventListener,jpaHelper,metadataConfiguration,baseUri,annotatedEventHandlerInvoker,domainObjectMerger,serverHttpRequestMethodArgumentResolver,repoRequestArgumentResolver,resourceMetadataHandlerMethodArgumentResolver,backendIdHandlerMethodArgumentResolver,eTagArgumentResolver,entityLinks,persistentEntityArgumentResolver,jsonSchemaConverter,resourceDescriptionMessageSourceAccessor,objectMapper,jacksonHttpMessageConverter,halJacksonHttpMessageConverter,halObjectMapper,uriListHttpMessageConverter,repositoryExporterHandlerAdapter,restHandlerMapping,resourceMappings,exceptionHandlerExceptionResolver,repositoryRestExceptionHandler,repositoryInvokerFactory,defaultMessageConverters,alpsJsonHttpMessageConverter,pageableResolver,sortResolver,backendIdConverterRegistry,auditableBeanWrapperFactory,enumTranslator,alpsConverter,profileResourceProcessor,pagedResourcesAssembler,pagedResourcesAssemblerArgumentResolver,entityLinksPluginRegistry,controllerEntityLinks,delegatingEntityLinks,_halObjectMapper,org.springframework.hateoas.config.HypermediaSupportBeanDefinitionRegistrar$DefaultObjectMapperCustomizer#0,org.springframework.hateoas.config.HypermediaSupportBeanDefinitionRegistrar$Jackson2ModuleRegisteringBeanPostProcessor#0,_linkDiscovererRegistry,org.springframework.hateoas.LinkDiscoverers#0,defaultRelProvider,annotationRelProvider,relProviderPluginRegistry,_relProvider,org.springframework.boot.autoconfigure.data.rest.RepositoryRestMvcAutoConfiguration,springBootRepositoryRestConfigurer,org.springframework.boot.autoconfigure.hateoas.HypermediaAutoConfiguration,spring.hateoas.CONFIGURATION_PROPERTIES,org.springframework.transaction.annotation.ProxyTransactionManagementConfiguration,org.springframework.transaction.config.internalTransactionAdvisor,transactionAttributeSource,transactionInterceptor,org.springframework.transaction.config.internalTransactionalEventListenerFactory,org.springframework.boot.autoconfigure.jdbc.DataSourceTransactionManagerAutoConfiguration$TransactionManagementConfiguration,org.springframework.boot.autoconfigure.jdbc.DataSourceTransactionManagerAutoConfiguration,org.springframework.boot.autoconfigure.security.SecurityFilterAutoConfiguration,org.springframework.boot.autoconfigure.transaction.TransactionAutoConfiguration,transactionTemplate,org.springframework.boot.autoconfigure.web.HttpEncodingAutoConfiguration,characterEncodingFilter,org.springframework.boot.autoconfigure.web.MultipartAutoConfiguration,multipartConfigElement,multipartResolver,multipart.CONFIGURATION_PROPERTIES,org.springframework.boot.autoconfigure.web.ServerPropertiesAutoConfiguration,serverProperties,org.springframework.orm.jpa.SharedEntityManagerCreator#0]; root of factory hierarchy
2016-04-27 17:58:13.784 DEBUG 37359 --- [    Test worker] o.s.b.f.s.DefaultListableBeanFactory     : Creating instance of bean 'org.springframework.web.servlet.i18n.AcceptHeaderLocaleResolver'
2016-04-27 17:58:13.784 DEBUG 37359 --- [    Test worker] o.s.b.f.s.DefaultListableBeanFactory     : Returning cached instance of singleton bean 'org.springframework.transaction.config.internalTransactionAdvisor'
2016-04-27 17:58:13.784 TRACE 37359 --- [    Test worker] o.s.beans.CachedIntrospectionResults     : Getting BeanInfo for class [org.springframework.web.servlet.i18n.AcceptHeaderLocaleResolver]
2016-04-27 17:58:13.785 TRACE 37359 --- [    Test worker] o.s.beans.CachedIntrospectionResults     : Caching PropertyDescriptors for class [org.springframework.web.servlet.i18n.AcceptHeaderLocaleResolver]
2016-04-27 17:58:13.785 TRACE 37359 --- [    Test worker] o.s.beans.CachedIntrospectionResults     : Found bean property 'class' of type [java.lang.Class]
2016-04-27 17:58:13.785 DEBUG 37359 --- [    Test worker] o.s.b.f.s.DefaultListableBeanFactory     : Returning cached instance of singleton bean 'org.springframework.transaction.config.internalTransactionAdvisor'
2016-04-27 17:58:13.785 DEBUG 37359 --- [    Test worker] o.s.b.f.s.DefaultListableBeanFactory     : Returning cached instance of singleton bean 'org.springframework.transaction.config.internalTransactionAdvisor'
2016-04-27 17:58:13.785 DEBUG 37359 --- [    Test worker] o.s.b.f.s.DefaultListableBeanFactory     : Finished creating instance of bean 'org.springframework.web.servlet.i18n.AcceptHeaderLocaleResolver'
2016-04-27 17:58:13.785 DEBUG 37359 --- [    Test worker] o.s.t.web.servlet.TestDispatcherServlet  : Unable to locate LocaleResolver with name 'localeResolver': using default [org.springframework.web.servlet.i18n.AcceptHeaderLocaleResolver@5f59deb9]
2016-04-27 17:58:13.785 TRACE 37359 --- [    Test worker] o.s.b.f.s.DefaultListableBeanFactory     : No bean named 'themeResolver' found in org.springframework.beans.factory.support.DefaultListableBeanFactory@3872de98: defining beans [org.springframework.context.annotation.internalConfigurationAnnotationProcessor,org.springframework.context.annotation.internalAutowiredAnnotationProcessor,org.springframework.context.annotation.internalRequiredAnnotationProcessor,org.springframework.context.annotation.internalCommonAnnotationProcessor,org.springframework.context.annotation.internalPersistenceAnnotationProcessor,org.springframework.context.event.internalEventListenerProcessor,org.springframework.context.event.internalEventListenerFactory,citiesApplication,org.springframework.context.annotation.ConfigurationClassPostProcessor.importAwareProcessor,org.springframework.context.annotation.ConfigurationClassPostProcessor.enhancedConfigurationProcessor,repositoryEntityController,repositoryController,profileController,repositoryPropertyReferenceController,repositorySchemaController,repositorySearchController,alpsController,org.springframework.boot.autoconfigure.AutoConfigurationPackages,org.springframework.data.jpa.repository.config.JpaRepositoryConfigExtension#0,org.springframework.data.repository.core.support.RepositoryInterfaceAwareBeanPostProcessor,foo,jpaMappingContext,jpaContext,cityRepository,org.springframework.boot.autoconfigure.PropertyPlaceholderAutoConfiguration,org.springframework.boot.autoconfigure.condition.BeanTypeRegistry,propertySourcesPlaceholderConfigurer,org.springframework.boot.autoconfigure.websocket.WebSocketAutoConfiguration$TomcatWebSocketConfiguration,websocketContainerCustomizer,org.springframework.boot.autoconfigure.websocket.WebSocketAutoConfiguration,org.springframework.boot.autoconfigure.web.EmbeddedServletContainerAutoConfiguration$EmbeddedTomcat,tomcatEmbeddedServletContainerFactory,org.springframework.boot.autoconfigure.web.EmbeddedServletContainerAutoConfiguration,embeddedServletContainerCustomizerBeanPostProcessor,org.springframework.boot.autoconfigure.web.DispatcherServletAutoConfiguration$DispatcherServletConfiguration,dispatcherServlet,dispatcherServletRegistration,org.springframework.boot.autoconfigure.web.DispatcherServletAutoConfiguration,org.springframework.boot.autoconfigure.web.ErrorMvcAutoConfiguration$WhitelabelErrorViewConfiguration,error,beanNameViewResolver,org.springframework.boot.autoconfigure.web.ErrorMvcAutoConfiguration,errorAttributes,basicErrorController,org.springframework.boot.autoconfigure.web.WebMvcAutoConfiguration$EnableWebMvcConfiguration,requestMappingHandlerAdapter,requestMappingHandlerMapping,mvcContentNegotiationManager,viewControllerHandlerMapping,beanNameHandlerMapping,resourceHandlerMapping,mvcResourceUrlProvider,defaultServletHandlerMapping,mvcConversionService,mvcValidator,mvcPathMatcher,mvcUrlPathHelper,mvcUriComponentsContributor,httpRequestHandlerAdapter,simpleControllerHandlerAdapter,handlerExceptionResolver,mvcViewResolver,org.springframework.boot.autoconfigure.web.WebMvcAutoConfiguration$WebMvcAutoConfigurationAdapter$FaviconConfiguration,faviconHandlerMapping,faviconRequestHandler,org.springframework.boot.autoconfigure.web.WebMvcAutoConfiguration$WebMvcAutoConfigurationAdapter,defaultViewResolver,requestContextListener,viewResolver,spring.mvc.CONFIGURATION_PROPERTIES,spring.resources.CONFIGURATION_PROPERTIES,org.springframework.boot.context.properties.ConfigurationPropertiesBindingPostProcessor,org.springframework.boot.context.properties.ConfigurationPropertiesBindingPostProcessor.store,org.springframework.boot.autoconfigure.web.WebMvcAutoConfiguration,hiddenHttpMethodFilter,httpPutFormContentFilter,org.springframework.boot.autoconfigure.aop.AopAutoConfiguration$JdkDynamicAutoProxyConfiguration,org.springframework.aop.config.internalAutoProxyCreator,org.springframework.boot.autoconfigure.aop.AopAutoConfiguration,org.springframework.boot.autoconfigure.transaction.jta.JtaAutoConfiguration,spring.jta.CONFIGURATION_PROPERTIES,org.springframework.boot.autoconfigure.jdbc.DataSourceAutoConfiguration$JdbcTemplateConfiguration,jdbcTemplate,namedParameterJdbcTemplate,org.springframework.boot.autoconfigure.jdbc.DataSourceAutoConfiguration$NonEmbeddedConfiguration,dataSource,org.springframework.boot.autoconfigure.jdbc.DataSourceAutoConfiguration$DataSourceInitializerConfiguration,dataSourceInitializer,org.springframework.boot.autoconfigure.jdbc.metadata.DataSourcePoolMetadataProvidersConfiguration$TomcatDataSourcePoolMetadataProviderConfiguration,tomcatPoolDataSourceMetadataProvider,org.springframework.boot.autoconfigure.jdbc.metadata.DataSourcePoolMetadataProvidersConfiguration,org.springframework.boot.autoconfigure.jdbc.DataSourceAutoConfiguration,spring.datasource.CONFIGURATION_PROPERTIES,dataSourceInitializerPostProcessor,org.springframework.boot.autoconfigure.orm.jpa.JpaBaseConfiguration$JpaWebConfiguration$JpaWebMvcConfiguration,openEntityManagerInViewInterceptor,org.springframework.boot.autoconfigure.orm.jpa.JpaBaseConfiguration$JpaWebConfiguration,org.springframework.boot.autoconfigure.orm.jpa.HibernateJpaAutoConfiguration,transactionManager,jpaVendorAdapter,entityManagerFactoryBuilder,entityManagerFactory,spring.jpa.CONFIGURATION_PROPERTIES,dataSourceInitializedPublisher,org.springframework.boot.autoconfigure.context.ConfigurationPropertiesAutoConfiguration,org.springframework.boot.autoconfigure.dao.PersistenceExceptionTranslationAutoConfiguration,persistenceExceptionTranslationPostProcessor,org.springframework.boot.autoconfigure.jackson.JacksonAutoConfiguration$JacksonObjectMapperBuilderConfiguration,jacksonObjectMapperBuilder,spring.jackson.CONFIGURATION_PROPERTIES,org.springframework.boot.autoconfigure.jackson.JacksonAutoConfiguration$JacksonObjectMapperConfiguration,jacksonObjectMapper,org.springframework.boot.autoconfigure.jackson.JacksonAutoConfiguration,org.springframework.boot.autoconfigure.web.HttpMessageConvertersAutoConfiguration$StringHttpMessageConverterConfiguration,stringHttpMessageConverter,spring.http.encoding.CONFIGURATION_PROPERTIES,org.springframework.boot.autoconfigure.web.JacksonHttpMessageConvertersConfiguration$MappingJackson2HttpMessageConverterConfiguration,mappingJackson2HttpMessageConverter,org.springframework.boot.autoconfigure.web.JacksonHttpMessageConvertersConfiguration,org.springframework.boot.autoconfigure.web.HttpMessageConvertersAutoConfiguration,messageConverters,org.springframework.hateoas.config.HateoasConfiguration,linkRelationMessageSource,org.springframework.data.web.config.SpringDataJacksonConfiguration,jacksonGeoModule,org.springframework.boot.autoconfigure.data.rest.SpringBootRepositoryRestMvcConfiguration,config,repositories,repositoryRelProvider,persistentEntities,defaultConversionService,validatingRepositoryEventListener,jpaHelper,metadataConfiguration,baseUri,annotatedEventHandlerInvoker,domainObjectMerger,serverHttpRequestMethodArgumentResolver,repoRequestArgumentResolver,resourceMetadataHandlerMethodArgumentResolver,backendIdHandlerMethodArgumentResolver,eTagArgumentResolver,entityLinks,persistentEntityArgumentResolver,jsonSchemaConverter,resourceDescriptionMessageSourceAccessor,objectMapper,jacksonHttpMessageConverter,halJacksonHttpMessageConverter,halObjectMapper,uriListHttpMessageConverter,repositoryExporterHandlerAdapter,restHandlerMapping,resourceMappings,exceptionHandlerExceptionResolver,repositoryRestExceptionHandler,repositoryInvokerFactory,defaultMessageConverters,alpsJsonHttpMessageConverter,pageableResolver,sortResolver,backendIdConverterRegistry,auditableBeanWrapperFactory,enumTranslator,alpsConverter,profileResourceProcessor,pagedResourcesAssembler,pagedResourcesAssemblerArgumentResolver,entityLinksPluginRegistry,controllerEntityLinks,delegatingEntityLinks,_halObjectMapper,org.springframework.hateoas.config.HypermediaSupportBeanDefinitionRegistrar$DefaultObjectMapperCustomizer#0,org.springframework.hateoas.config.HypermediaSupportBeanDefinitionRegistrar$Jackson2ModuleRegisteringBeanPostProcessor#0,_linkDiscovererRegistry,org.springframework.hateoas.LinkDiscoverers#0,defaultRelProvider,annotationRelProvider,relProviderPluginRegistry,_relProvider,org.springframework.boot.autoconfigure.data.rest.RepositoryRestMvcAutoConfiguration,springBootRepositoryRestConfigurer,org.springframework.boot.autoconfigure.hateoas.HypermediaAutoConfiguration,spring.hateoas.CONFIGURATION_PROPERTIES,org.springframework.transaction.annotation.ProxyTransactionManagementConfiguration,org.springframework.transaction.config.internalTransactionAdvisor,transactionAttributeSource,transactionInterceptor,org.springframework.transaction.config.internalTransactionalEventListenerFactory,org.springframework.boot.autoconfigure.jdbc.DataSourceTransactionManagerAutoConfiguration$TransactionManagementConfiguration,org.springframework.boot.autoconfigure.jdbc.DataSourceTransactionManagerAutoConfiguration,org.springframework.boot.autoconfigure.security.SecurityFilterAutoConfiguration,org.springframework.boot.autoconfigure.transaction.TransactionAutoConfiguration,transactionTemplate,org.springframework.boot.autoconfigure.web.HttpEncodingAutoConfiguration,characterEncodingFilter,org.springframework.boot.autoconfigure.web.MultipartAutoConfiguration,multipartConfigElement,multipartResolver,multipart.CONFIGURATION_PROPERTIES,org.springframework.boot.autoconfigure.web.ServerPropertiesAutoConfiguration,serverProperties,org.springframework.orm.jpa.SharedEntityManagerCreator#0]; root of factory hierarchy
2016-04-27 17:58:13.786 DEBUG 37359 --- [    Test worker] o.s.b.f.s.DefaultListableBeanFactory     : Creating instance of bean 'org.springframework.web.servlet.theme.FixedThemeResolver'
2016-04-27 17:58:13.786 DEBUG 37359 --- [    Test worker] o.s.b.f.s.DefaultListableBeanFactory     : Returning cached instance of singleton bean 'org.springframework.transaction.config.internalTransactionAdvisor'
2016-04-27 17:58:13.786 TRACE 37359 --- [    Test worker] o.s.beans.CachedIntrospectionResults     : Getting BeanInfo for class [org.springframework.web.servlet.theme.FixedThemeResolver]
2016-04-27 17:58:13.788 TRACE 37359 --- [    Test worker] o.s.beans.CachedIntrospectionResults     : Caching PropertyDescriptors for class [org.springframework.web.servlet.theme.FixedThemeResolver]
2016-04-27 17:58:13.788 TRACE 37359 --- [    Test worker] o.s.beans.CachedIntrospectionResults     : Found bean property 'class' of type [java.lang.Class]
2016-04-27 17:58:13.788 TRACE 37359 --- [    Test worker] o.s.beans.CachedIntrospectionResults     : Found bean property 'defaultThemeName' of type [java.lang.String]
2016-04-27 17:58:13.788 DEBUG 37359 --- [    Test worker] o.s.b.f.s.DefaultListableBeanFactory     : Returning cached instance of singleton bean 'org.springframework.transaction.config.internalTransactionAdvisor'
2016-04-27 17:58:13.788 DEBUG 37359 --- [    Test worker] o.s.b.f.s.DefaultListableBeanFactory     : Returning cached instance of singleton bean 'org.springframework.transaction.config.internalTransactionAdvisor'
2016-04-27 17:58:13.788 DEBUG 37359 --- [    Test worker] o.s.b.f.s.DefaultListableBeanFactory     : Finished creating instance of bean 'org.springframework.web.servlet.theme.FixedThemeResolver'
2016-04-27 17:58:13.788 DEBUG 37359 --- [    Test worker] o.s.t.web.servlet.TestDispatcherServlet  : Unable to locate ThemeResolver with name 'themeResolver': using default [org.springframework.web.servlet.theme.FixedThemeResolver@5814845d]
2016-04-27 17:58:13.788 DEBUG 37359 --- [    Test worker] o.s.b.f.s.DefaultListableBeanFactory     : Returning cached instance of singleton bean 'requestMappingHandlerMapping'
2016-04-27 17:58:13.789 DEBUG 37359 --- [    Test worker] o.s.b.f.s.DefaultListableBeanFactory     : Returning cached instance of singleton bean 'viewControllerHandlerMapping'
2016-04-27 17:58:13.789 DEBUG 37359 --- [    Test worker] o.s.b.f.s.DefaultListableBeanFactory     : Returning cached instance of singleton bean 'beanNameHandlerMapping'
2016-04-27 17:58:13.789 DEBUG 37359 --- [    Test worker] o.s.b.f.s.DefaultListableBeanFactory     : Returning cached instance of singleton bean 'resourceHandlerMapping'
2016-04-27 17:58:13.789 DEBUG 37359 --- [    Test worker] o.s.b.f.s.DefaultListableBeanFactory     : Returning cached instance of singleton bean 'defaultServletHandlerMapping'
2016-04-27 17:58:13.789 DEBUG 37359 --- [    Test worker] o.s.b.f.s.DefaultListableBeanFactory     : Returning cached instance of singleton bean 'faviconHandlerMapping'
2016-04-27 17:58:13.789 DEBUG 37359 --- [    Test worker] o.s.b.f.s.DefaultListableBeanFactory     : Returning cached instance of singleton bean 'restHandlerMapping'
2016-04-27 17:58:13.789 DEBUG 37359 --- [    Test worker] o.s.b.f.s.DefaultListableBeanFactory     : Returning cached instance of singleton bean 'requestMappingHandlerAdapter'
2016-04-27 17:58:13.789 DEBUG 37359 --- [    Test worker] o.s.b.f.s.DefaultListableBeanFactory     : Returning cached instance of singleton bean 'httpRequestHandlerAdapter'
2016-04-27 17:58:13.789 DEBUG 37359 --- [    Test worker] o.s.b.f.s.DefaultListableBeanFactory     : Returning cached instance of singleton bean 'simpleControllerHandlerAdapter'
2016-04-27 17:58:13.789 DEBUG 37359 --- [    Test worker] o.s.b.f.s.DefaultListableBeanFactory     : Returning cached instance of singleton bean 'repositoryExporterHandlerAdapter'
2016-04-27 17:58:13.789 DEBUG 37359 --- [    Test worker] o.s.b.f.s.DefaultListableBeanFactory     : Returning cached instance of singleton bean 'errorAttributes'
2016-04-27 17:58:13.790 DEBUG 37359 --- [    Test worker] o.s.b.f.s.DefaultListableBeanFactory     : Returning cached instance of singleton bean 'handlerExceptionResolver'
2016-04-27 17:58:13.790 DEBUG 37359 --- [    Test worker] o.s.b.f.s.DefaultListableBeanFactory     : Returning cached instance of singleton bean 'exceptionHandlerExceptionResolver'
2016-04-27 17:58:13.790 TRACE 37359 --- [    Test worker] o.s.b.f.s.DefaultListableBeanFactory     : No bean named 'viewNameTranslator' found in org.springframework.beans.factory.support.DefaultListableBeanFactory@3872de98: defining beans [org.springframework.context.annotation.internalConfigurationAnnotationProcessor,org.springframework.context.annotation.internalAutowiredAnnotationProcessor,org.springframework.context.annotation.internalRequiredAnnotationProcessor,org.springframework.context.annotation.internalCommonAnnotationProcessor,org.springframework.context.annotation.internalPersistenceAnnotationProcessor,org.springframework.context.event.internalEventListenerProcessor,org.springframework.context.event.internalEventListenerFactory,citiesApplication,org.springframework.context.annotation.ConfigurationClassPostProcessor.importAwareProcessor,org.springframework.context.annotation.ConfigurationClassPostProcessor.enhancedConfigurationProcessor,repositoryEntityController,repositoryController,profileController,repositoryPropertyReferenceController,repositorySchemaController,repositorySearchController,alpsController,org.springframework.boot.autoconfigure.AutoConfigurationPackages,org.springframework.data.jpa.repository.config.JpaRepositoryConfigExtension#0,org.springframework.data.repository.core.support.RepositoryInterfaceAwareBeanPostProcessor,foo,jpaMappingContext,jpaContext,cityRepository,org.springframework.boot.autoconfigure.PropertyPlaceholderAutoConfiguration,org.springframework.boot.autoconfigure.condition.BeanTypeRegistry,propertySourcesPlaceholderConfigurer,org.springframework.boot.autoconfigure.websocket.WebSocketAutoConfiguration$TomcatWebSocketConfiguration,websocketContainerCustomizer,org.springframework.boot.autoconfigure.websocket.WebSocketAutoConfiguration,org.springframework.boot.autoconfigure.web.EmbeddedServletContainerAutoConfiguration$EmbeddedTomcat,tomcatEmbeddedServletContainerFactory,org.springframework.boot.autoconfigure.web.EmbeddedServletContainerAutoConfiguration,embeddedServletContainerCustomizerBeanPostProcessor,org.springframework.boot.autoconfigure.web.DispatcherServletAutoConfiguration$DispatcherServletConfiguration,dispatcherServlet,dispatcherServletRegistration,org.springframework.boot.autoconfigure.web.DispatcherServletAutoConfiguration,org.springframework.boot.autoconfigure.web.ErrorMvcAutoConfiguration$WhitelabelErrorViewConfiguration,error,beanNameViewResolver,org.springframework.boot.autoconfigure.web.ErrorMvcAutoConfiguration,errorAttributes,basicErrorController,org.springframework.boot.autoconfigure.web.WebMvcAutoConfiguration$EnableWebMvcConfiguration,requestMappingHandlerAdapter,requestMappingHandlerMapping,mvcContentNegotiationManager,viewControllerHandlerMapping,beanNameHandlerMapping,resourceHandlerMapping,mvcResourceUrlProvider,defaultServletHandlerMapping,mvcConversionService,mvcValidator,mvcPathMatcher,mvcUrlPathHelper,mvcUriComponentsContributor,httpRequestHandlerAdapter,simpleControllerHandlerAdapter,handlerExceptionResolver,mvcViewResolver,org.springframework.boot.autoconfigure.web.WebMvcAutoConfiguration$WebMvcAutoConfigurationAdapter$FaviconConfiguration,faviconHandlerMapping,faviconRequestHandler,org.springframework.boot.autoconfigure.web.WebMvcAutoConfiguration$WebMvcAutoConfigurationAdapter,defaultViewResolver,requestContextListener,viewResolver,spring.mvc.CONFIGURATION_PROPERTIES,spring.resources.CONFIGURATION_PROPERTIES,org.springframework.boot.context.properties.ConfigurationPropertiesBindingPostProcessor,org.springframework.boot.context.properties.ConfigurationPropertiesBindingPostProcessor.store,org.springframework.boot.autoconfigure.web.WebMvcAutoConfiguration,hiddenHttpMethodFilter,httpPutFormContentFilter,org.springframework.boot.autoconfigure.aop.AopAutoConfiguration$JdkDynamicAutoProxyConfiguration,org.springframework.aop.config.internalAutoProxyCreator,org.springframework.boot.autoconfigure.aop.AopAutoConfiguration,org.springframework.boot.autoconfigure.transaction.jta.JtaAutoConfiguration,spring.jta.CONFIGURATION_PROPERTIES,org.springframework.boot.autoconfigure.jdbc.DataSourceAutoConfiguration$JdbcTemplateConfiguration,jdbcTemplate,namedParameterJdbcTemplate,org.springframework.boot.autoconfigure.jdbc.DataSourceAutoConfiguration$NonEmbeddedConfiguration,dataSource,org.springframework.boot.autoconfigure.jdbc.DataSourceAutoConfiguration$DataSourceInitializerConfiguration,dataSourceInitializer,org.springframework.boot.autoconfigure.jdbc.metadata.DataSourcePoolMetadataProvidersConfiguration$TomcatDataSourcePoolMetadataProviderConfiguration,tomcatPoolDataSourceMetadataProvider,org.springframework.boot.autoconfigure.jdbc.metadata.DataSourcePoolMetadataProvidersConfiguration,org.springframework.boot.autoconfigure.jdbc.DataSourceAutoConfiguration,spring.datasource.CONFIGURATION_PROPERTIES,dataSourceInitializerPostProcessor,org.springframework.boot.autoconfigure.orm.jpa.JpaBaseConfiguration$JpaWebConfiguration$JpaWebMvcConfiguration,openEntityManagerInViewInterceptor,org.springframework.boot.autoconfigure.orm.jpa.JpaBaseConfiguration$JpaWebConfiguration,org.springframework.boot.autoconfigure.orm.jpa.HibernateJpaAutoConfiguration,transactionManager,jpaVendorAdapter,entityManagerFactoryBuilder,entityManagerFactory,spring.jpa.CONFIGURATION_PROPERTIES,dataSourceInitializedPublisher,org.springframework.boot.autoconfigure.context.ConfigurationPropertiesAutoConfiguration,org.springframework.boot.autoconfigure.dao.PersistenceExceptionTranslationAutoConfiguration,persistenceExceptionTranslationPostProcessor,org.springframework.boot.autoconfigure.jackson.JacksonAutoConfiguration$JacksonObjectMapperBuilderConfiguration,jacksonObjectMapperBuilder,spring.jackson.CONFIGURATION_PROPERTIES,org.springframework.boot.autoconfigure.jackson.JacksonAutoConfiguration$JacksonObjectMapperConfiguration,jacksonObjectMapper,org.springframework.boot.autoconfigure.jackson.JacksonAutoConfiguration,org.springframework.boot.autoconfigure.web.HttpMessageConvertersAutoConfiguration$StringHttpMessageConverterConfiguration,stringHttpMessageConverter,spring.http.encoding.CONFIGURATION_PROPERTIES,org.springframework.boot.autoconfigure.web.JacksonHttpMessageConvertersConfiguration$MappingJackson2HttpMessageConverterConfiguration,mappingJackson2HttpMessageConverter,org.springframework.boot.autoconfigure.web.JacksonHttpMessageConvertersConfiguration,org.springframework.boot.autoconfigure.web.HttpMessageConvertersAutoConfiguration,messageConverters,org.springframework.hateoas.config.HateoasConfiguration,linkRelationMessageSource,org.springframework.data.web.config.SpringDataJacksonConfiguration,jacksonGeoModule,org.springframework.boot.autoconfigure.data.rest.SpringBootRepositoryRestMvcConfiguration,config,repositories,repositoryRelProvider,persistentEntities,defaultConversionService,validatingRepositoryEventListener,jpaHelper,metadataConfiguration,baseUri,annotatedEventHandlerInvoker,domainObjectMerger,serverHttpRequestMethodArgumentResolver,repoRequestArgumentResolver,resourceMetadataHandlerMethodArgumentResolver,backendIdHandlerMethodArgumentResolver,eTagArgumentResolver,entityLinks,persistentEntityArgumentResolver,jsonSchemaConverter,resourceDescriptionMessageSourceAccessor,objectMapper,jacksonHttpMessageConverter,halJacksonHttpMessageConverter,halObjectMapper,uriListHttpMessageConverter,repositoryExporterHandlerAdapter,restHandlerMapping,resourceMappings,exceptionHandlerExceptionResolver,repositoryRestExceptionHandler,repositoryInvokerFactory,defaultMessageConverters,alpsJsonHttpMessageConverter,pageableResolver,sortResolver,backendIdConverterRegistry,auditableBeanWrapperFactory,enumTranslator,alpsConverter,profileResourceProcessor,pagedResourcesAssembler,pagedResourcesAssemblerArgumentResolver,entityLinksPluginRegistry,controllerEntityLinks,delegatingEntityLinks,_halObjectMapper,org.springframework.hateoas.config.HypermediaSupportBeanDefinitionRegistrar$DefaultObjectMapperCustomizer#0,org.springframework.hateoas.config.HypermediaSupportBeanDefinitionRegistrar$Jackson2ModuleRegisteringBeanPostProcessor#0,_linkDiscovererRegistry,org.springframework.hateoas.LinkDiscoverers#0,defaultRelProvider,annotationRelProvider,relProviderPluginRegistry,_relProvider,org.springframework.boot.autoconfigure.data.rest.RepositoryRestMvcAutoConfiguration,springBootRepositoryRestConfigurer,org.springframework.boot.autoconfigure.hateoas.HypermediaAutoConfiguration,spring.hateoas.CONFIGURATION_PROPERTIES,org.springframework.transaction.annotation.ProxyTransactionManagementConfiguration,org.springframework.transaction.config.internalTransactionAdvisor,transactionAttributeSource,transactionInterceptor,org.springframework.transaction.config.internalTransactionalEventListenerFactory,org.springframework.boot.autoconfigure.jdbc.DataSourceTransactionManagerAutoConfiguration$TransactionManagementConfiguration,org.springframework.boot.autoconfigure.jdbc.DataSourceTransactionManagerAutoConfiguration,org.springframework.boot.autoconfigure.security.SecurityFilterAutoConfiguration,org.springframework.boot.autoconfigure.transaction.TransactionAutoConfiguration,transactionTemplate,org.springframework.boot.autoconfigure.web.HttpEncodingAutoConfiguration,characterEncodingFilter,org.springframework.boot.autoconfigure.web.MultipartAutoConfiguration,multipartConfigElement,multipartResolver,multipart.CONFIGURATION_PROPERTIES,org.springframework.boot.autoconfigure.web.ServerPropertiesAutoConfiguration,serverProperties,org.springframework.orm.jpa.SharedEntityManagerCreator#0]; root of factory hierarchy
2016-04-27 17:58:13.790 DEBUG 37359 --- [    Test worker] o.s.b.f.s.DefaultListableBeanFactory     : Creating instance of bean 'org.springframework.web.servlet.view.DefaultRequestToViewNameTranslator'
2016-04-27 17:58:13.790 DEBUG 37359 --- [    Test worker] o.s.b.f.s.DefaultListableBeanFactory     : Returning cached instance of singleton bean 'org.springframework.transaction.config.internalTransactionAdvisor'
2016-04-27 17:58:13.790 TRACE 37359 --- [    Test worker] o.s.beans.CachedIntrospectionResults     : Getting BeanInfo for class [org.springframework.web.servlet.view.DefaultRequestToViewNameTranslator]
2016-04-27 17:58:13.791 TRACE 37359 --- [    Test worker] o.s.beans.CachedIntrospectionResults     : Caching PropertyDescriptors for class [org.springframework.web.servlet.view.DefaultRequestToViewNameTranslator]
2016-04-27 17:58:13.791 TRACE 37359 --- [    Test worker] o.s.beans.CachedIntrospectionResults     : Found bean property 'alwaysUseFullPath' of type [boolean]
2016-04-27 17:58:13.791 TRACE 37359 --- [    Test worker] o.s.beans.CachedIntrospectionResults     : Found bean property 'class' of type [java.lang.Class]
2016-04-27 17:58:13.792 TRACE 37359 --- [    Test worker] o.s.beans.CachedIntrospectionResults     : Found bean property 'prefix' of type [java.lang.String]
2016-04-27 17:58:13.792 TRACE 37359 --- [    Test worker] o.s.beans.CachedIntrospectionResults     : Found bean property 'removeSemicolonContent' of type [boolean]
2016-04-27 17:58:13.792 TRACE 37359 --- [    Test worker] o.s.beans.CachedIntrospectionResults     : Found bean property 'separator' of type [java.lang.String]
2016-04-27 17:58:13.792 TRACE 37359 --- [    Test worker] o.s.beans.CachedIntrospectionResults     : Found bean property 'stripExtension' of type [boolean]
2016-04-27 17:58:13.792 TRACE 37359 --- [    Test worker] o.s.beans.CachedIntrospectionResults     : Found bean property 'stripLeadingSlash' of type [boolean]
2016-04-27 17:58:13.792 TRACE 37359 --- [    Test worker] o.s.beans.CachedIntrospectionResults     : Found bean property 'stripTrailingSlash' of type [boolean]
2016-04-27 17:58:13.792 TRACE 37359 --- [    Test worker] o.s.beans.CachedIntrospectionResults     : Found bean property 'suffix' of type [java.lang.String]
2016-04-27 17:58:13.792 TRACE 37359 --- [    Test worker] o.s.beans.CachedIntrospectionResults     : Found bean property 'urlDecode' of type [boolean]
2016-04-27 17:58:13.792 TRACE 37359 --- [    Test worker] o.s.beans.CachedIntrospectionResults     : Found bean property 'urlPathHelper' of type [org.springframework.web.util.UrlPathHelper]
2016-04-27 17:58:13.792 DEBUG 37359 --- [    Test worker] o.s.b.f.s.DefaultListableBeanFactory     : Returning cached instance of singleton bean 'org.springframework.transaction.config.internalTransactionAdvisor'
2016-04-27 17:58:13.792 DEBUG 37359 --- [    Test worker] o.s.b.f.s.DefaultListableBeanFactory     : Returning cached instance of singleton bean 'org.springframework.transaction.config.internalTransactionAdvisor'
2016-04-27 17:58:13.792 DEBUG 37359 --- [    Test worker] o.s.b.f.s.DefaultListableBeanFactory     : Finished creating instance of bean 'org.springframework.web.servlet.view.DefaultRequestToViewNameTranslator'
2016-04-27 17:58:13.792 DEBUG 37359 --- [    Test worker] o.s.t.web.servlet.TestDispatcherServlet  : Unable to locate RequestToViewNameTranslator with name 'viewNameTranslator': using default [org.springframework.web.servlet.view.DefaultRequestToViewNameTranslator@655a416f]
2016-04-27 17:58:13.792 DEBUG 37359 --- [    Test worker] o.s.b.f.s.DefaultListableBeanFactory     : Returning cached instance of singleton bean 'beanNameViewResolver'
2016-04-27 17:58:13.792 DEBUG 37359 --- [    Test worker] o.s.b.f.s.DefaultListableBeanFactory     : Returning cached instance of singleton bean 'mvcViewResolver'
2016-04-27 17:58:13.792 DEBUG 37359 --- [    Test worker] o.s.b.f.s.DefaultListableBeanFactory     : Returning cached instance of singleton bean 'defaultViewResolver'
2016-04-27 17:58:13.792 DEBUG 37359 --- [    Test worker] o.s.b.f.s.DefaultListableBeanFactory     : Returning cached instance of singleton bean 'viewResolver'
2016-04-27 17:58:13.793 TRACE 37359 --- [    Test worker] o.s.b.f.s.DefaultListableBeanFactory     : No bean named 'flashMapManager' found in org.springframework.beans.factory.support.DefaultListableBeanFactory@3872de98: defining beans [org.springframework.context.annotation.internalConfigurationAnnotationProcessor,org.springframework.context.annotation.internalAutowiredAnnotationProcessor,org.springframework.context.annotation.internalRequiredAnnotationProcessor,org.springframework.context.annotation.internalCommonAnnotationProcessor,org.springframework.context.annotation.internalPersistenceAnnotationProcessor,org.springframework.context.event.internalEventListenerProcessor,org.springframework.context.event.internalEventListenerFactory,citiesApplication,org.springframework.context.annotation.ConfigurationClassPostProcessor.importAwareProcessor,org.springframework.context.annotation.ConfigurationClassPostProcessor.enhancedConfigurationProcessor,repositoryEntityController,repositoryController,profileController,repositoryPropertyReferenceController,repositorySchemaController,repositorySearchController,alpsController,org.springframework.boot.autoconfigure.AutoConfigurationPackages,org.springframework.data.jpa.repository.config.JpaRepositoryConfigExtension#0,org.springframework.data.repository.core.support.RepositoryInterfaceAwareBeanPostProcessor,foo,jpaMappingContext,jpaContext,cityRepository,org.springframework.boot.autoconfigure.PropertyPlaceholderAutoConfiguration,org.springframework.boot.autoconfigure.condition.BeanTypeRegistry,propertySourcesPlaceholderConfigurer,org.springframework.boot.autoconfigure.websocket.WebSocketAutoConfiguration$TomcatWebSocketConfiguration,websocketContainerCustomizer,org.springframework.boot.autoconfigure.websocket.WebSocketAutoConfiguration,org.springframework.boot.autoconfigure.web.EmbeddedServletContainerAutoConfiguration$EmbeddedTomcat,tomcatEmbeddedServletContainerFactory,org.springframework.boot.autoconfigure.web.EmbeddedServletContainerAutoConfiguration,embeddedServletContainerCustomizerBeanPostProcessor,org.springframework.boot.autoconfigure.web.DispatcherServletAutoConfiguration$DispatcherServletConfiguration,dispatcherServlet,dispatcherServletRegistration,org.springframework.boot.autoconfigure.web.DispatcherServletAutoConfiguration,org.springframework.boot.autoconfigure.web.ErrorMvcAutoConfiguration$WhitelabelErrorViewConfiguration,error,beanNameViewResolver,org.springframework.boot.autoconfigure.web.ErrorMvcAutoConfiguration,errorAttributes,basicErrorController,org.springframework.boot.autoconfigure.web.WebMvcAutoConfiguration$EnableWebMvcConfiguration,requestMappingHandlerAdapter,requestMappingHandlerMapping,mvcContentNegotiationManager,viewControllerHandlerMapping,beanNameHandlerMapping,resourceHandlerMapping,mvcResourceUrlProvider,defaultServletHandlerMapping,mvcConversionService,mvcValidator,mvcPathMatcher,mvcUrlPathHelper,mvcUriComponentsContributor,httpRequestHandlerAdapter,simpleControllerHandlerAdapter,handlerExceptionResolver,mvcViewResolver,org.springframework.boot.autoconfigure.web.WebMvcAutoConfiguration$WebMvcAutoConfigurationAdapter$FaviconConfiguration,faviconHandlerMapping,faviconRequestHandler,org.springframework.boot.autoconfigure.web.WebMvcAutoConfiguration$WebMvcAutoConfigurationAdapter,defaultViewResolver,requestContextListener,viewResolver,spring.mvc.CONFIGURATION_PROPERTIES,spring.resources.CONFIGURATION_PROPERTIES,org.springframework.boot.context.properties.ConfigurationPropertiesBindingPostProcessor,org.springframework.boot.context.properties.ConfigurationPropertiesBindingPostProcessor.store,org.springframework.boot.autoconfigure.web.WebMvcAutoConfiguration,hiddenHttpMethodFilter,httpPutFormContentFilter,org.springframework.boot.autoconfigure.aop.AopAutoConfiguration$JdkDynamicAutoProxyConfiguration,org.springframework.aop.config.internalAutoProxyCreator,org.springframework.boot.autoconfigure.aop.AopAutoConfiguration,org.springframework.boot.autoconfigure.transaction.jta.JtaAutoConfiguration,spring.jta.CONFIGURATION_PROPERTIES,org.springframework.boot.autoconfigure.jdbc.DataSourceAutoConfiguration$JdbcTemplateConfiguration,jdbcTemplate,namedParameterJdbcTemplate,org.springframework.boot.autoconfigure.jdbc.DataSourceAutoConfiguration$NonEmbeddedConfiguration,dataSource,org.springframework.boot.autoconfigure.jdbc.DataSourceAutoConfiguration$DataSourceInitializerConfiguration,dataSourceInitializer,org.springframework.boot.autoconfigure.jdbc.metadata.DataSourcePoolMetadataProvidersConfiguration$TomcatDataSourcePoolMetadataProviderConfiguration,tomcatPoolDataSourceMetadataProvider,org.springframework.boot.autoconfigure.jdbc.metadata.DataSourcePoolMetadataProvidersConfiguration,org.springframework.boot.autoconfigure.jdbc.DataSourceAutoConfiguration,spring.datasource.CONFIGURATION_PROPERTIES,dataSourceInitializerPostProcessor,org.springframework.boot.autoconfigure.orm.jpa.JpaBaseConfiguration$JpaWebConfiguration$JpaWebMvcConfiguration,openEntityManagerInViewInterceptor,org.springframework.boot.autoconfigure.orm.jpa.JpaBaseConfiguration$JpaWebConfiguration,org.springframework.boot.autoconfigure.orm.jpa.HibernateJpaAutoConfiguration,transactionManager,jpaVendorAdapter,entityManagerFactoryBuilder,entityManagerFactory,spring.jpa.CONFIGURATION_PROPERTIES,dataSourceInitializedPublisher,org.springframework.boot.autoconfigure.context.ConfigurationPropertiesAutoConfiguration,org.springframework.boot.autoconfigure.dao.PersistenceExceptionTranslationAutoConfiguration,persistenceExceptionTranslationPostProcessor,org.springframework.boot.autoconfigure.jackson.JacksonAutoConfiguration$JacksonObjectMapperBuilderConfiguration,jacksonObjectMapperBuilder,spring.jackson.CONFIGURATION_PROPERTIES,org.springframework.boot.autoconfigure.jackson.JacksonAutoConfiguration$JacksonObjectMapperConfiguration,jacksonObjectMapper,org.springframework.boot.autoconfigure.jackson.JacksonAutoConfiguration,org.springframework.boot.autoconfigure.web.HttpMessageConvertersAutoConfiguration$StringHttpMessageConverterConfiguration,stringHttpMessageConverter,spring.http.encoding.CONFIGURATION_PROPERTIES,org.springframework.boot.autoconfigure.web.JacksonHttpMessageConvertersConfiguration$MappingJackson2HttpMessageConverterConfiguration,mappingJackson2HttpMessageConverter,org.springframework.boot.autoconfigure.web.JacksonHttpMessageConvertersConfiguration,org.springframework.boot.autoconfigure.web.HttpMessageConvertersAutoConfiguration,messageConverters,org.springframework.hateoas.config.HateoasConfiguration,linkRelationMessageSource,org.springframework.data.web.config.SpringDataJacksonConfiguration,jacksonGeoModule,org.springframework.boot.autoconfigure.data.rest.SpringBootRepositoryRestMvcConfiguration,config,repositories,repositoryRelProvider,persistentEntities,defaultConversionService,validatingRepositoryEventListener,jpaHelper,metadataConfiguration,baseUri,annotatedEventHandlerInvoker,domainObjectMerger,serverHttpRequestMethodArgumentResolver,repoRequestArgumentResolver,resourceMetadataHandlerMethodArgumentResolver,backendIdHandlerMethodArgumentResolver,eTagArgumentResolver,entityLinks,persistentEntityArgumentResolver,jsonSchemaConverter,resourceDescriptionMessageSourceAccessor,objectMapper,jacksonHttpMessageConverter,halJacksonHttpMessageConverter,halObjectMapper,uriListHttpMessageConverter,repositoryExporterHandlerAdapter,restHandlerMapping,resourceMappings,exceptionHandlerExceptionResolver,repositoryRestExceptionHandler,repositoryInvokerFactory,defaultMessageConverters,alpsJsonHttpMessageConverter,pageableResolver,sortResolver,backendIdConverterRegistry,auditableBeanWrapperFactory,enumTranslator,alpsConverter,profileResourceProcessor,pagedResourcesAssembler,pagedResourcesAssemblerArgumentResolver,entityLinksPluginRegistry,controllerEntityLinks,delegatingEntityLinks,_halObjectMapper,org.springframework.hateoas.config.HypermediaSupportBeanDefinitionRegistrar$DefaultObjectMapperCustomizer#0,org.springframework.hateoas.config.HypermediaSupportBeanDefinitionRegistrar$Jackson2ModuleRegisteringBeanPostProcessor#0,_linkDiscovererRegistry,org.springframework.hateoas.LinkDiscoverers#0,defaultRelProvider,annotationRelProvider,relProviderPluginRegistry,_relProvider,org.springframework.boot.autoconfigure.data.rest.RepositoryRestMvcAutoConfiguration,springBootRepositoryRestConfigurer,org.springframework.boot.autoconfigure.hateoas.HypermediaAutoConfiguration,spring.hateoas.CONFIGURATION_PROPERTIES,org.springframework.transaction.annotation.ProxyTransactionManagementConfiguration,org.springframework.transaction.config.internalTransactionAdvisor,transactionAttributeSource,transactionInterceptor,org.springframework.transaction.config.internalTransactionalEventListenerFactory,org.springframework.boot.autoconfigure.jdbc.DataSourceTransactionManagerAutoConfiguration$TransactionManagementConfiguration,org.springframework.boot.autoconfigure.jdbc.DataSourceTransactionManagerAutoConfiguration,org.springframework.boot.autoconfigure.security.SecurityFilterAutoConfiguration,org.springframework.boot.autoconfigure.transaction.TransactionAutoConfiguration,transactionTemplate,org.springframework.boot.autoconfigure.web.HttpEncodingAutoConfiguration,characterEncodingFilter,org.springframework.boot.autoconfigure.web.MultipartAutoConfiguration,multipartConfigElement,multipartResolver,multipart.CONFIGURATION_PROPERTIES,org.springframework.boot.autoconfigure.web.ServerPropertiesAutoConfiguration,serverProperties,org.springframework.orm.jpa.SharedEntityManagerCreator#0]; root of factory hierarchy
2016-04-27 17:58:13.793 DEBUG 37359 --- [    Test worker] o.s.b.f.s.DefaultListableBeanFactory     : Creating instance of bean 'org.springframework.web.servlet.support.SessionFlashMapManager'
2016-04-27 17:58:13.793 DEBUG 37359 --- [    Test worker] o.s.b.f.s.DefaultListableBeanFactory     : Returning cached instance of singleton bean 'org.springframework.transaction.config.internalTransactionAdvisor'
2016-04-27 17:58:13.794 TRACE 37359 --- [    Test worker] o.s.beans.CachedIntrospectionResults     : Getting BeanInfo for class [org.springframework.web.servlet.support.SessionFlashMapManager]
2016-04-27 17:58:13.796 TRACE 37359 --- [    Test worker] o.s.beans.CachedIntrospectionResults     : Caching PropertyDescriptors for class [org.springframework.web.servlet.support.SessionFlashMapManager]
2016-04-27 17:58:13.796 TRACE 37359 --- [    Test worker] o.s.beans.CachedIntrospectionResults     : Found bean property 'class' of type [java.lang.Class]
2016-04-27 17:58:13.796 TRACE 37359 --- [    Test worker] o.s.beans.CachedIntrospectionResults     : Found bean property 'flashMapTimeout' of type [int]
2016-04-27 17:58:13.796 TRACE 37359 --- [    Test worker] o.s.beans.CachedIntrospectionResults     : Found bean property 'urlPathHelper' of type [org.springframework.web.util.UrlPathHelper]
2016-04-27 17:58:13.796 DEBUG 37359 --- [    Test worker] o.s.b.f.s.DefaultListableBeanFactory     : Returning cached instance of singleton bean 'org.springframework.transaction.config.internalTransactionAdvisor'
2016-04-27 17:58:13.796 DEBUG 37359 --- [    Test worker] o.s.b.f.s.DefaultListableBeanFactory     : Returning cached instance of singleton bean 'org.springframework.transaction.config.internalTransactionAdvisor'
2016-04-27 17:58:13.796 DEBUG 37359 --- [    Test worker] o.s.b.f.s.DefaultListableBeanFactory     : Finished creating instance of bean 'org.springframework.web.servlet.support.SessionFlashMapManager'
2016-04-27 17:58:13.796 DEBUG 37359 --- [    Test worker] o.s.t.web.servlet.TestDispatcherServlet  : Unable to locate FlashMapManager with name 'flashMapManager': using default [org.springframework.web.servlet.support.SessionFlashMapManager@71ee7397]
2016-04-27 17:58:13.796 DEBUG 37359 --- [    Test worker] o.s.t.web.servlet.TestDispatcherServlet  : Published WebApplicationContext of servlet '' as ServletContext attribute with name [org.springframework.web.servlet.FrameworkServlet.CONTEXT.]
2016-04-27 17:58:13.796  INFO 37359 --- [    Test worker] o.s.t.web.servlet.TestDispatcherServlet  : FrameworkServlet '': initialization completed in 13 ms
2016-04-27 17:58:13.796 DEBUG 37359 --- [    Test worker] o.s.t.web.servlet.TestDispatcherServlet  : Servlet '' configured successfully
2016-04-27 17:58:13.797 TRACE 37359 --- [    Test worker] o.s.b.f.s.DefaultListableBeanFactory     : No bean named 'flashMapManager' found in org.springframework.beans.factory.support.DefaultListableBeanFactory@3872de98: defining beans [org.springframework.context.annotation.internalConfigurationAnnotationProcessor,org.springframework.context.annotation.internalAutowiredAnnotationProcessor,org.springframework.context.annotation.internalRequiredAnnotationProcessor,org.springframework.context.annotation.internalCommonAnnotationProcessor,org.springframework.context.annotation.internalPersistenceAnnotationProcessor,org.springframework.context.event.internalEventListenerProcessor,org.springframework.context.event.internalEventListenerFactory,citiesApplication,org.springframework.context.annotation.ConfigurationClassPostProcessor.importAwareProcessor,org.springframework.context.annotation.ConfigurationClassPostProcessor.enhancedConfigurationProcessor,repositoryEntityController,repositoryController,profileController,repositoryPropertyReferenceController,repositorySchemaController,repositorySearchController,alpsController,org.springframework.boot.autoconfigure.AutoConfigurationPackages,org.springframework.data.jpa.repository.config.JpaRepositoryConfigExtension#0,org.springframework.data.repository.core.support.RepositoryInterfaceAwareBeanPostProcessor,foo,jpaMappingContext,jpaContext,cityRepository,org.springframework.boot.autoconfigure.PropertyPlaceholderAutoConfiguration,org.springframework.boot.autoconfigure.condition.BeanTypeRegistry,propertySourcesPlaceholderConfigurer,org.springframework.boot.autoconfigure.websocket.WebSocketAutoConfiguration$TomcatWebSocketConfiguration,websocketContainerCustomizer,org.springframework.boot.autoconfigure.websocket.WebSocketAutoConfiguration,org.springframework.boot.autoconfigure.web.EmbeddedServletContainerAutoConfiguration$EmbeddedTomcat,tomcatEmbeddedServletContainerFactory,org.springframework.boot.autoconfigure.web.EmbeddedServletContainerAutoConfiguration,embeddedServletContainerCustomizerBeanPostProcessor,org.springframework.boot.autoconfigure.web.DispatcherServletAutoConfiguration$DispatcherServletConfiguration,dispatcherServlet,dispatcherServletRegistration,org.springframework.boot.autoconfigure.web.DispatcherServletAutoConfiguration,org.springframework.boot.autoconfigure.web.ErrorMvcAutoConfiguration$WhitelabelErrorViewConfiguration,error,beanNameViewResolver,org.springframework.boot.autoconfigure.web.ErrorMvcAutoConfiguration,errorAttributes,basicErrorController,org.springframework.boot.autoconfigure.web.WebMvcAutoConfiguration$EnableWebMvcConfiguration,requestMappingHandlerAdapter,requestMappingHandlerMapping,mvcContentNegotiationManager,viewControllerHandlerMapping,beanNameHandlerMapping,resourceHandlerMapping,mvcResourceUrlProvider,defaultServletHandlerMapping,mvcConversionService,mvcValidator,mvcPathMatcher,mvcUrlPathHelper,mvcUriComponentsContributor,httpRequestHandlerAdapter,simpleControllerHandlerAdapter,handlerExceptionResolver,mvcViewResolver,org.springframework.boot.autoconfigure.web.WebMvcAutoConfiguration$WebMvcAutoConfigurationAdapter$FaviconConfiguration,faviconHandlerMapping,faviconRequestHandler,org.springframework.boot.autoconfigure.web.WebMvcAutoConfiguration$WebMvcAutoConfigurationAdapter,defaultViewResolver,requestContextListener,viewResolver,spring.mvc.CONFIGURATION_PROPERTIES,spring.resources.CONFIGURATION_PROPERTIES,org.springframework.boot.context.properties.ConfigurationPropertiesBindingPostProcessor,org.springframework.boot.context.properties.ConfigurationPropertiesBindingPostProcessor.store,org.springframework.boot.autoconfigure.web.WebMvcAutoConfiguration,hiddenHttpMethodFilter,httpPutFormContentFilter,org.springframework.boot.autoconfigure.aop.AopAutoConfiguration$JdkDynamicAutoProxyConfiguration,org.springframework.aop.config.internalAutoProxyCreator,org.springframework.boot.autoconfigure.aop.AopAutoConfiguration,org.springframework.boot.autoconfigure.transaction.jta.JtaAutoConfiguration,spring.jta.CONFIGURATION_PROPERTIES,org.springframework.boot.autoconfigure.jdbc.DataSourceAutoConfiguration$JdbcTemplateConfiguration,jdbcTemplate,namedParameterJdbcTemplate,org.springframework.boot.autoconfigure.jdbc.DataSourceAutoConfiguration$NonEmbeddedConfiguration,dataSource,org.springframework.boot.autoconfigure.jdbc.DataSourceAutoConfiguration$DataSourceInitializerConfiguration,dataSourceInitializer,org.springframework.boot.autoconfigure.jdbc.metadata.DataSourcePoolMetadataProvidersConfiguration$TomcatDataSourcePoolMetadataProviderConfiguration,tomcatPoolDataSourceMetadataProvider,org.springframework.boot.autoconfigure.jdbc.metadata.DataSourcePoolMetadataProvidersConfiguration,org.springframework.boot.autoconfigure.jdbc.DataSourceAutoConfiguration,spring.datasource.CONFIGURATION_PROPERTIES,dataSourceInitializerPostProcessor,org.springframework.boot.autoconfigure.orm.jpa.JpaBaseConfiguration$JpaWebConfiguration$JpaWebMvcConfiguration,openEntityManagerInViewInterceptor,org.springframework.boot.autoconfigure.orm.jpa.JpaBaseConfiguration$JpaWebConfiguration,org.springframework.boot.autoconfigure.orm.jpa.HibernateJpaAutoConfiguration,transactionManager,jpaVendorAdapter,entityManagerFactoryBuilder,entityManagerFactory,spring.jpa.CONFIGURATION_PROPERTIES,dataSourceInitializedPublisher,org.springframework.boot.autoconfigure.context.ConfigurationPropertiesAutoConfiguration,org.springframework.boot.autoconfigure.dao.PersistenceExceptionTranslationAutoConfiguration,persistenceExceptionTranslationPostProcessor,org.springframework.boot.autoconfigure.jackson.JacksonAutoConfiguration$JacksonObjectMapperBuilderConfiguration,jacksonObjectMapperBuilder,spring.jackson.CONFIGURATION_PROPERTIES,org.springframework.boot.autoconfigure.jackson.JacksonAutoConfiguration$JacksonObjectMapperConfiguration,jacksonObjectMapper,org.springframework.boot.autoconfigure.jackson.JacksonAutoConfiguration,org.springframework.boot.autoconfigure.web.HttpMessageConvertersAutoConfiguration$StringHttpMessageConverterConfiguration,stringHttpMessageConverter,spring.http.encoding.CONFIGURATION_PROPERTIES,org.springframework.boot.autoconfigure.web.JacksonHttpMessageConvertersConfiguration$MappingJackson2HttpMessageConverterConfiguration,mappingJackson2HttpMessageConverter,org.springframework.boot.autoconfigure.web.JacksonHttpMessageConvertersConfiguration,org.springframework.boot.autoconfigure.web.HttpMessageConvertersAutoConfiguration,messageConverters,org.springframework.hateoas.config.HateoasConfiguration,linkRelationMessageSource,org.springframework.data.web.config.SpringDataJacksonConfiguration,jacksonGeoModule,org.springframework.boot.autoconfigure.data.rest.SpringBootRepositoryRestMvcConfiguration,config,repositories,repositoryRelProvider,persistentEntities,defaultConversionService,validatingRepositoryEventListener,jpaHelper,metadataConfiguration,baseUri,annotatedEventHandlerInvoker,domainObjectMerger,serverHttpRequestMethodArgumentResolver,repoRequestArgumentResolver,resourceMetadataHandlerMethodArgumentResolver,backendIdHandlerMethodArgumentResolver,eTagArgumentResolver,entityLinks,persistentEntityArgumentResolver,jsonSchemaConverter,resourceDescriptionMessageSourceAccessor,objectMapper,jacksonHttpMessageConverter,halJacksonHttpMessageConverter,halObjectMapper,uriListHttpMessageConverter,repositoryExporterHandlerAdapter,restHandlerMapping,resourceMappings,exceptionHandlerExceptionResolver,repositoryRestExceptionHandler,repositoryInvokerFactory,defaultMessageConverters,alpsJsonHttpMessageConverter,pageableResolver,sortResolver,backendIdConverterRegistry,auditableBeanWrapperFactory,enumTranslator,alpsConverter,profileResourceProcessor,pagedResourcesAssembler,pagedResourcesAssemblerArgumentResolver,entityLinksPluginRegistry,controllerEntityLinks,delegatingEntityLinks,_halObjectMapper,org.springframework.hateoas.config.HypermediaSupportBeanDefinitionRegistrar$DefaultObjectMapperCustomizer#0,org.springframework.hateoas.config.HypermediaSupportBeanDefinitionRegistrar$Jackson2ModuleRegisteringBeanPostProcessor#0,_linkDiscovererRegistry,org.springframework.hateoas.LinkDiscoverers#0,defaultRelProvider,annotationRelProvider,relProviderPluginRegistry,_relProvider,org.springframework.boot.autoconfigure.data.rest.RepositoryRestMvcAutoConfiguration,springBootRepositoryRestConfigurer,org.springframework.boot.autoconfigure.hateoas.HypermediaAutoConfiguration,spring.hateoas.CONFIGURATION_PROPERTIES,org.springframework.transaction.annotation.ProxyTransactionManagementConfiguration,org.springframework.transaction.config.internalTransactionAdvisor,transactionAttributeSource,transactionInterceptor,org.springframework.transaction.config.internalTransactionalEventListenerFactory,org.springframework.boot.autoconfigure.jdbc.DataSourceTransactionManagerAutoConfiguration$TransactionManagementConfiguration,org.springframework.boot.autoconfigure.jdbc.DataSourceTransactionManagerAutoConfiguration,org.springframework.boot.autoconfigure.security.SecurityFilterAutoConfiguration,org.springframework.boot.autoconfigure.transaction.TransactionAutoConfiguration,transactionTemplate,org.springframework.boot.autoconfigure.web.HttpEncodingAutoConfiguration,characterEncodingFilter,org.springframework.boot.autoconfigure.web.MultipartAutoConfiguration,multipartConfigElement,multipartResolver,multipart.CONFIGURATION_PROPERTIES,org.springframework.boot.autoconfigure.web.ServerPropertiesAutoConfiguration,serverProperties,org.springframework.orm.jpa.SharedEntityManagerCreator#0]; root of factory hierarchy
2016-04-27 17:58:13.802 TRACE 37359 --- [    Test worker] o.s.t.web.servlet.TestDispatcherServlet  : Bound request context to thread: org.springframework.mock.web.MockHttpServletRequest@4ae575d7
2016-04-27 17:58:13.802 DEBUG 37359 --- [    Test worker] o.s.t.web.servlet.TestDispatcherServlet  : DispatcherServlet with name '' processing GET request for [/]
2016-04-27 17:58:13.803 TRACE 37359 --- [    Test worker] o.s.t.web.servlet.TestDispatcherServlet  : Testing handler map [org.springframework.web.servlet.handler.SimpleUrlHandlerMapping@44515ff3] in DispatcherServlet with name ''
2016-04-27 17:58:13.804 TRACE 37359 --- [    Test worker] o.s.w.s.handler.SimpleUrlHandlerMapping  : No handler mapping found for [/]
2016-04-27 17:58:13.804 TRACE 37359 --- [    Test worker] o.s.t.web.servlet.TestDispatcherServlet  : Testing handler map [org.springframework.web.servlet.mvc.method.annotation.RequestMappingHandlerMapping@4a57ca4c] in DispatcherServlet with name ''
2016-04-27 17:58:13.804 DEBUG 37359 --- [    Test worker] s.w.s.m.m.a.RequestMappingHandlerMapping : Looking up handler method for path /
2016-04-27 17:58:13.805 DEBUG 37359 --- [    Test worker] s.w.s.m.m.a.RequestMappingHandlerMapping : Did not find handler method for [/]
2016-04-27 17:58:13.805 TRACE 37359 --- [    Test worker] o.s.t.web.servlet.TestDispatcherServlet  : Testing handler map [org.springframework.web.servlet.handler.BeanNameUrlHandlerMapping@36f902e2] in DispatcherServlet with name ''
2016-04-27 17:58:13.805 TRACE 37359 --- [    Test worker] o.s.w.s.h.BeanNameUrlHandlerMapping      : No handler mapping found for [/]
2016-04-27 17:58:13.805 TRACE 37359 --- [    Test worker] o.s.t.web.servlet.TestDispatcherServlet  : Testing handler map [org.springframework.data.rest.webmvc.support.DelegatingHandlerMapping@4288bbdb] in DispatcherServlet with name ''
2016-04-27 17:58:13.805 DEBUG 37359 --- [    Test worker] o.s.d.r.w.BasePathAwareHandlerMapping    : Looking up handler method for path /
2016-04-27 17:58:13.806 DEBUG 37359 --- [    Test worker] o.s.d.r.w.BasePathAwareHandlerMapping    : Did not find handler method for [/]
2016-04-27 17:58:13.806 DEBUG 37359 --- [    Test worker] o.s.d.r.w.RepositoryRestHandlerMapping   : Looking up handler method for path /
2016-04-27 17:58:13.807 TRACE 37359 --- [    Test worker] o.s.d.r.w.RepositoryRestHandlerMapping   : Found 1 matching mapping(s) for [/] : [{[/],methods=[GET],produces=[application/hal+json || application/*+json;charset=UTF-8]}]
2016-04-27 17:58:13.807 DEBUG 37359 --- [    Test worker] o.s.d.r.w.RepositoryRestHandlerMapping   : Returning handler method [public org.springframework.http.HttpEntity<org.springframework.data.rest.webmvc.RepositoryLinksResource> org.springframework.data.rest.webmvc.RepositoryController.listRepositories()]
2016-04-27 17:58:13.807 DEBUG 37359 --- [    Test worker] o.s.b.f.s.DefaultListableBeanFactory     : Returning cached instance of singleton bean 'repositoryController'
2016-04-27 17:58:13.808 TRACE 37359 --- [    Test worker] o.s.t.web.servlet.TestDispatcherServlet  : Testing handler adapter [org.springframework.data.rest.webmvc.RepositoryRestHandlerAdapter@72b3b1de]
2016-04-27 17:58:13.808 DEBUG 37359 --- [    Test worker] o.s.t.web.servlet.TestDispatcherServlet  : Last-Modified value for [/] is: -1
2016-04-27 17:58:13.808 DEBUG 37359 --- [    Test worker] o.j.s.OpenEntityManagerInViewInterceptor : Opening JPA EntityManager in OpenEntityManagerInViewInterceptor
2016-04-27 17:58:13.809 TRACE 37359 --- [    Test worker] .s.t.s.TransactionSynchronizationManager : Bound value [org.springframework.orm.jpa.EntityManagerHolder@57ac77e7] for key [org.springframework.orm.jpa.LocalContainerEntityManagerFactoryBean@5e93babe] to thread [Test worker]
2016-04-27 17:58:13.814 TRACE 37359 --- [    Test worker] .w.s.m.m.a.ServletInvocableHandlerMethod : Invoking [RepositoryController.listRepositories] method with arguments []
2016-04-27 17:58:13.814 DEBUG 37359 --- [    Test worker] o.s.b.f.s.DefaultListableBeanFactory     : Returning cached instance of singleton bean 'entityLinks'
2016-04-27 17:58:13.814 DEBUG 37359 --- [    Test worker] o.s.b.f.s.DefaultListableBeanFactory     : Returning cached instance of singleton bean 'controllerEntityLinks'
2016-04-27 17:58:13.820 TRACE 37359 --- [    Test worker] .w.s.m.m.a.ServletInvocableHandlerMethod : Method [listRepositories] returned [<200 OK,links: [<http://localhost:8080/cities{?page,size,sort}>;rel="cities"],{}>]
2016-04-27 17:58:13.856 DEBUG 37359 --- [    Test worker] .s.ReloadableResourceBundleMessageSource : No properties file found for [classpath:rest-messages] - neither plain properties nor XML
2016-04-27 17:58:13.856 DEBUG 37359 --- [    Test worker] .s.ReloadableResourceBundleMessageSource : No properties file found for [classpath:rest-messages_en_US] - neither plain properties nor XML
2016-04-27 17:58:13.856 DEBUG 37359 --- [    Test worker] .s.ReloadableResourceBundleMessageSource : No properties file found for [classpath:rest-messages_en] - neither plain properties nor XML
2016-04-27 17:58:13.864 DEBUG 37359 --- [    Test worker] o.s.w.s.m.m.a.HttpEntityMethodProcessor  : Written [links: [<http://localhost:8080/cities{?page,size,sort}>;rel="cities", <http://localhost:8080/profile>;rel="profile"]] as "application/hal+json" using [org.springframework.data.rest.webmvc.config.RepositoryRestMvcConfiguration$ResourceSupportHttpMessageConverter@622dd02c]
2016-04-27 17:58:13.865 DEBUG 37359 --- [    Test worker] o.s.t.web.servlet.TestDispatcherServlet  : Null ModelAndView returned to DispatcherServlet with name '': assuming HandlerAdapter completed request handling
2016-04-27 17:58:13.865 TRACE 37359 --- [    Test worker] .s.t.s.TransactionSynchronizationManager : Removed value [org.springframework.orm.jpa.EntityManagerHolder@57ac77e7] for key [org.springframework.orm.jpa.LocalContainerEntityManagerFactoryBean@5e93babe] from thread [Test worker]
2016-04-27 17:58:13.865 DEBUG 37359 --- [    Test worker] o.j.s.OpenEntityManagerInViewInterceptor : Closing JPA EntityManager in OpenEntityManagerInViewInterceptor
2016-04-27 17:58:13.865 DEBUG 37359 --- [    Test worker] o.s.orm.jpa.EntityManagerFactoryUtils    : Closing JPA EntityManager
2016-04-27 17:58:13.865 TRACE 37359 --- [    Test worker] o.s.t.web.servlet.TestDispatcherServlet  : Cleared thread-bound request context: org.springframework.mock.web.MockHttpServletRequest@4ae575d7
2016-04-27 17:58:13.865 DEBUG 37359 --- [    Test worker] o.s.t.web.servlet.TestDispatcherServlet  : Successfully completed request
2016-04-27 17:58:13.865 TRACE 37359 --- [    Test worker] o.s.w.c.s.GenericWebApplicationContext   : Publishing event in org.springframework.web.context.support.GenericWebApplicationContext@5a677df7: ServletRequestHandledEvent: url=[/]; client=[127.0.0.1]; method=[GET]; servlet=[]; session=[null]; user=[null]; time=[64ms]; status=[OK]
2016-04-27 17:58:13.880 TRACE 37359 --- [    Test worker] o.s.test.context.TestContextManager      : afterTestMethod(): instance [demo.CitiesApplicationTests@4aa7638a], method [public void demo.CitiesApplicationTests.index() throws java.lang.Exception], exception [null]
2016-04-27 17:58:13.880 DEBUG 37359 --- [    Test worker] tractDirtiesContextTestExecutionListener : After test method: context [DefaultTestContext@53424535 testClass = CitiesApplicationTests, testInstance = demo.CitiesApplicationTests@4aa7638a, testMethod = index@CitiesApplicationTests, testException = [null], mergedContextConfiguration = [WebMergedContextConfiguration@256cbab2 testClass = CitiesApplicationTests, locations = '{}', classes = '{class demo.CitiesApplication}', contextInitializerClasses = '[]', activeProfiles = '{}', propertySourceLocations = '{}', propertySourceProperties = '{}', resourceBasePath = 'src/main/webapp', contextLoader = 'org.springframework.boot.test.SpringApplicationContextLoader', parent = [null]]], class annotated with @DirtiesContext [false] with mode [null], method annotated with @DirtiesContext [false] with mode [null].
2016-04-27 17:58:13.880 DEBUG 37359 --- [    Test worker] o.s.t.c.w.ServletTestExecutionListener   : Resetting RequestContextHolder for test context [DefaultTestContext@53424535 testClass = CitiesApplicationTests, testInstance = demo.CitiesApplicationTests@4aa7638a, testMethod = index@CitiesApplicationTests, testException = [null], mergedContextConfiguration = [WebMergedContextConfiguration@256cbab2 testClass = CitiesApplicationTests, locations = '{}', classes = '{class demo.CitiesApplication}', contextInitializerClasses = '[]', activeProfiles = '{}', propertySourceLocations = '{}', propertySourceProperties = '{}', resourceBasePath = 'src/main/webapp', contextLoader = 'org.springframework.boot.test.SpringApplicationContextLoader', parent = [null]]].
2016-04-27 17:58:13.881 TRACE 37359 --- [    Test worker] o.s.test.context.TestContextManager      : afterTestClass(): class [demo.CitiesApplicationTests]
2016-04-27 17:58:13.881 DEBUG 37359 --- [    Test worker] tractDirtiesContextTestExecutionListener : After test class: context [DefaultTestContext@53424535 testClass = CitiesApplicationTests, testInstance = [null], testMethod = [null], testException = [null], mergedContextConfiguration = [WebMergedContextConfiguration@256cbab2 testClass = CitiesApplicationTests, locations = '{}', classes = '{class demo.CitiesApplication}', contextInitializerClasses = '[]', activeProfiles = '{}', propertySourceLocations = '{}', propertySourceProperties = '{}', resourceBasePath = 'src/main/webapp', contextLoader = 'org.springframework.boot.test.SpringApplicationContextLoader', parent = [null]]], class annotated with @DirtiesContext [false] with mode [null].
]]></system-out>
  <system-err><![CDATA[]]></system-err>
</testsuite>
